2016-07-28T00:12:58+0000 26.4
2016-07-28T00:28:12+0000 26.3
2016-07-28T00:43:26+0000 26.0
2016-07-28T00:58:41+0000 25.8
2016-07-28T01:13:55+0000 25.5
2016-07-28T01:29:09+0000 25.3
2016-07-28T01:44:23+0000 25.3
2016-07-28T01:59:38+0000 25.1
2016-07-28T02:14:52+0000 25.1
2016-07-28T02:30:06+0000 24.9
2016-07-28T02:45:21+0000 24.9
2016-07-28T03:00:35+0000 24.8
2016-07-28T03:15:49+0000 24.6
2016-07-28T03:31:04+0000 24.5
2016-07-28T03:46:18+0000 24.5
2016-07-28T04:01:33+0000 24.4
2016-07-28T04:16:47+0000 24.2
2016-07-28T04:32:01+0000 24.0
2016-07-28T04:47:16+0000 24.0
2016-07-28T05:02:30+0000 23.9
2016-07-28T05:17:45+0000 23.8
2016-07-28T05:32:59+0000 23.8
2016-07-28T05:48:13+0000 23.7
2016-07-28T06:03:28+0000 23.8
2016-07-28T06:18:42+0000 23.7
2016-07-28T06:33:57+0000 23.8
2016-07-28T06:49:11+0000 23.8
2016-07-28T07:04:26+0000 24.4
2016-07-28T07:19:40+0000 24.7
2016-07-28T07:34:54+0000 25.5
2016-07-28T07:50:09+0000 26.1
2016-07-28T08:05:23+0000 26.6
2016-07-28T08:20:37+0000 27.1
2016-07-28T08:35:52+0000 27.4
2016-07-28T08:51:06+0000 28.1
2016-07-28T09:06:20+0000 28.9
2016-07-28T09:21:34+0000 29.5
2016-07-28T09:36:48+0000 30.7
2016-07-28T09:52:03+0000 31.5
2016-07-28T10:07:17+0000 31.6
2016-07-28T10:22:31+0000 32.0
2016-07-28T10:37:45+0000 32.0
2016-07-28T10:52:59+0000 32.0
2016-07-28T11:08:13+0000 32.2
2016-07-28T11:23:27+0000 32.1
2016-07-28T11:38:41+0000 32.0
2016-07-28T11:53:55+0000 32.0
2016-07-28T12:09:09+0000 31.9
2016-07-28T12:24:22+0000 32.3
2016-07-28T12:39:36+0000 32.4
2016-07-28T12:54:50+0000 32.4
2016-07-28T13:10:04+0000 32.3
2016-07-28T13:25:18+0000 32.4
2016-07-28T13:40:32+0000 32.5
2016-07-28T13:55:46+0000 32.7
2016-07-28T14:11:00+0000 33.1
2016-07-28T14:26:14+0000 33.7
2016-07-28T14:41:28+0000 34.1
2016-07-28T14:56:42+0000 34.3
2016-07-28T15:11:56+0000 34.4
2016-07-28T15:27:10+0000 34.3
2016-07-28T15:42:24+0000 34.4
2016-07-28T15:57:37+0000 34.4
2016-07-28T16:12:51+0000 34.3
2016-07-28T16:28:05+0000 34.0
2016-07-28T16:43:19+0000 33.8
2016-07-28T16:58:33+0000 33.8
2016-07-28T17:13:47+0000 33.9
2016-07-28T17:29:01+0000 33.6
2016-07-28T17:44:15+0000 33.3
2016-07-28T17:59:29+0000 33.0
2016-07-28T18:14:43+0000 32.7
2016-07-28T18:29:57+0000 32.3
2016-07-28T18:45:11+0000 32.1
2016-07-28T19:00:25+0000 31.4
2016-07-28T19:15:39+0000 30.9
2016-07-28T19:30:53+0000 30.6
2016-07-28T19:46:07+0000 30.3
2016-07-28T20:01:21+0000 30.0
2016-07-28T20:16:35+0000 29.7
2016-07-28T20:31:49+0000 29.4
2016-07-28T20:47:04+0000 29.2
2016-07-28T21:02:18+0000 28.9
2016-07-28T21:17:32+0000 28.9
2016-07-28T21:32:46+0000 28.5
2016-07-28T21:48:01+0000 28.2
2016-07-28T22:03:15+0000 28.1
2016-07-28T22:18:29+0000 27.7
2016-07-28T22:33:44+0000 27.7
2016-07-28T22:48:58+0000 27.5
2016-07-28T23:04:12+0000 27.2
2016-07-28T23:19:27+0000 27.1
2016-07-28T23:34:41+0000 27.0
2016-07-28T23:49:55+0000 26.6
