2016-10-07T00:14:43+0000 13.3
2016-10-07T00:29:59+0000 13.3
2016-10-07T00:45:14+0000 13.3
2016-10-07T01:00:30+0000 13.3
2016-10-07T01:15:45+0000 13.3
2016-10-07T01:31:01+0000 13.2
2016-10-07T01:46:16+0000 13.1
2016-10-07T02:01:32+0000 13.1
2016-10-07T02:16:48+0000 13.3
2016-10-07T02:32:03+0000 13.2
2016-10-07T02:47:19+0000 13.2
2016-10-07T03:02:35+0000 13.2
2016-10-07T03:17:50+0000 13.2
2016-10-07T03:33:06+0000 13.0
2016-10-07T03:48:22+0000 13.1
2016-10-07T04:03:37+0000 13.2
2016-10-07T04:18:53+0000 13.2
2016-10-07T04:34:08+0000 13.1
2016-10-07T04:49:24+0000 13.1
2016-10-07T05:04:40+0000 13.1
2016-10-07T05:19:55+0000 13.1
2016-10-07T05:35:11+0000 13.1
2016-10-07T05:50:27+0000 13.1
2016-10-07T06:05:42+0000 13.1
2016-10-07T06:20:58+0000 13.1
2016-10-07T06:36:14+0000 13.0
2016-10-07T06:51:29+0000 13.1
2016-10-07T07:06:45+0000 13.0
2016-10-07T07:22:01+0000 13.2
2016-10-07T07:37:16+0000 13.5
2016-10-07T07:52:32+0000 13.8
2016-10-07T08:07:47+0000 14.0
2016-10-07T08:23:03+0000 14.0
2016-10-07T08:38:19+0000 14.6
2016-10-07T08:53:34+0000 14.8
2016-10-07T09:08:50+0000 15.3
2016-10-07T09:24:05+0000 15.7
2016-10-07T09:39:21+0000 16.2
2016-10-07T09:54:36+0000 16.3
2016-10-07T10:09:52+0000 16.8
2016-10-07T10:25:07+0000 17.1
2016-10-07T10:40:23+0000 17.4
2016-10-07T10:55:38+0000 17.5
2016-10-07T11:10:54+0000 17.6
2016-10-07T11:26:09+0000 18.3
2016-10-07T11:41:25+0000 18.6
2016-10-07T11:56:40+0000 18.7
2016-10-07T12:11:55+0000 18.6
2016-10-07T12:27:11+0000 19.0
2016-10-07T12:42:26+0000 18.9
2016-10-07T12:57:41+0000 18.7
2016-10-07T13:12:57+0000 18.5
2016-10-07T13:28:12+0000 18.3
2016-10-07T13:43:28+0000 18.2
2016-10-07T13:58:43+0000 18.2
2016-10-07T14:13:58+0000 18.1
2016-10-07T14:29:14+0000 18.1
2016-10-07T14:44:29+0000 18.1
2016-10-07T14:59:45+0000 18.1
2016-10-07T15:15:00+0000 18.1
2016-10-07T15:30:15+0000 18.1
2016-10-07T15:45:31+0000 18.0
2016-10-07T16:00:46+0000 17.9
2016-10-07T16:16:02+0000 17.7
2016-10-07T16:31:17+0000 17.6
2016-10-07T16:46:32+0000 17.6
2016-10-07T17:01:48+0000 17.4
2016-10-07T17:17:03+0000 17.3
2016-10-07T17:32:18+0000 17.1
2016-10-07T17:47:33+0000 16.9
2016-10-07T18:02:49+0000 16.7
2016-10-07T18:18:04+0000 16.5
2016-10-07T18:33:20+0000 16.4
2016-10-07T18:48:35+0000 16.3
2016-10-07T19:03:51+0000 16.2
2016-10-07T19:19:06+0000 16.1
2016-10-07T19:34:22+0000 16.0
2016-10-07T19:49:37+0000 15.9
2016-10-07T20:04:53+0000 15.8
2016-10-07T20:20:08+0000 15.8
2016-10-07T20:35:24+0000 15.7
2016-10-07T20:50:39+0000 15.5
2016-10-07T21:05:55+0000 15.5
2016-10-07T21:21:10+0000 15.3
2016-10-07T21:36:26+0000 15.3
2016-10-07T21:51:41+0000 15.2
2016-10-07T22:06:57+0000 15.0
2016-10-07T22:22:12+0000 14.9
2016-10-07T22:37:28+0000 15.0
2016-10-07T22:52:43+0000 14.8
2016-10-07T23:07:59+0000 14.8
2016-10-07T23:23:14+0000 14.7
2016-10-07T23:38:30+0000 14.5
2016-10-07T23:53:45+0000 14.5
