2016-01-23T00:05:33+0000 5.1
2016-01-23T00:20:49+0000 5.3
2016-01-23T00:36:05+0000 5.1
2016-01-23T00:51:21+0000 5.3
2016-01-23T01:06:37+0000 5.5
2016-01-23T01:21:53+0000 5.4
2016-01-23T01:37:09+0000 5.3
2016-01-23T01:52:25+0000 5.3
2016-01-23T02:07:41+0000 5.4
2016-01-23T02:22:57+0000 5.4
2016-01-23T02:38:13+0000 5.5
2016-01-23T02:53:29+0000 5.6
2016-01-23T03:08:45+0000 5.6
2016-01-23T03:24:01+0000 5.7
2016-01-23T03:39:17+0000 5.7
2016-01-23T03:54:33+0000 5.4
2016-01-23T04:09:50+0000 5.6
2016-01-23T04:25:06+0000 5.6
2016-01-23T04:40:22+0000 5.5
2016-01-23T04:55:38+0000 5.6
2016-01-23T05:10:54+0000 5.6
2016-01-23T05:26:10+0000 5.8
2016-01-23T05:41:26+0000 5.7
2016-01-23T05:56:42+0000 5.8
2016-01-23T06:11:58+0000 5.9
2016-01-23T06:27:14+0000 6.0
2016-01-23T06:42:30+0000 6.2
2016-01-23T06:57:46+0000 6.0
2016-01-23T07:13:02+0000 6.4
2016-01-23T07:28:18+0000 6.4
2016-01-23T07:43:34+0000 6.3
2016-01-23T07:58:50+0000 6.4
2016-01-23T08:14:06+0000 6.4
2016-01-23T08:29:22+0000 6.5
2016-01-23T08:44:38+0000 6.5
2016-01-23T08:59:54+0000 6.5
2016-01-23T09:15:10+0000 7.1
2016-01-23T09:30:26+0000 6.8
2016-01-23T09:45:42+0000 7.0
2016-01-23T10:00:58+0000 7.1
2016-01-23T10:16:14+0000 7.3
2016-01-23T10:31:30+0000 7.6
2016-01-23T10:46:46+0000 7.8
2016-01-23T11:02:02+0000 8.8
2016-01-23T11:17:18+0000 8.3
2016-01-23T11:32:34+0000 8.4
2016-01-23T11:47:50+0000 8.4
2016-01-23T12:03:06+0000 8.4
2016-01-23T12:18:21+0000 8.5
2016-01-23T12:33:37+0000 8.6
2016-01-23T12:48:53+0000 8.8
2016-01-23T13:04:09+0000 8.8
2016-01-23T13:19:25+0000 9.1
2016-01-23T13:34:41+0000 9.3
2016-01-23T13:49:57+0000 9.8
2016-01-23T14:05:13+0000 10.1
2016-01-23T14:20:28+0000 10.1
2016-01-23T14:35:44+0000 10.0
2016-01-23T14:51:00+0000 9.9
2016-01-23T15:06:16+0000 10.0
2016-01-23T15:21:32+0000 10.1
2016-01-23T15:36:48+0000 9.9
2016-01-23T15:52:03+0000 10.0
2016-01-23T16:07:19+0000 10.1
2016-01-23T16:22:35+0000 10.1
2016-01-23T16:37:51+0000 10.1
2016-01-23T16:53:07+0000 9.8
2016-01-23T17:08:23+0000 9.7
2016-01-23T17:23:38+0000 9.7
2016-01-23T17:38:54+0000 9.5
2016-01-23T17:54:10+0000 9.5
2016-01-23T18:09:26+0000 9.3
2016-01-23T18:24:42+0000 9.4
2016-01-23T18:39:57+0000 9.5
2016-01-23T18:55:13+0000 9.4
2016-01-23T19:10:29+0000 9.4
2016-01-23T19:25:45+0000 9.2
2016-01-23T19:41:01+0000 9.0
2016-01-23T19:56:17+0000 8.8
2016-01-23T20:11:32+0000 8.6
2016-01-23T20:26:48+0000 8.4
2016-01-23T20:42:04+0000 8.2
2016-01-23T20:57:20+0000 8.1
2016-01-23T21:12:36+0000 8.0
2016-01-23T21:27:52+0000 8.1
2016-01-23T21:43:08+0000 7.8
2016-01-23T21:58:23+0000 7.7
2016-01-23T22:13:39+0000 7.5
2016-01-23T22:28:55+0000 7.5
2016-01-23T22:44:11+0000 7.4
2016-01-23T22:59:27+0000 7.3
2016-01-23T23:14:42+0000 7.2
2016-01-23T23:29:58+0000 7.1
2016-01-23T23:45:14+0000 6.8
