2016-09-09T00:14:45+0000 24.7
2016-09-09T00:29:59+0000 24.5
2016-09-09T00:45:14+0000 24.3
2016-09-09T01:00:29+0000 24.0
2016-09-09T01:15:44+0000 23.8
2016-09-09T01:30:58+0000 23.6
2016-09-09T01:46:13+0000 23.4
2016-09-09T02:01:28+0000 23.2
2016-09-09T02:16:43+0000 23.0
2016-09-09T02:31:58+0000 22.8
2016-09-09T02:47:13+0000 22.6
2016-09-09T03:02:27+0000 22.5
2016-09-09T03:17:42+0000 22.3
2016-09-09T03:32:57+0000 22.2
2016-09-09T03:48:12+0000 22.1
2016-09-09T04:03:27+0000 21.9
2016-09-09T04:18:42+0000 21.7
2016-09-09T04:33:57+0000 21.5
2016-09-09T04:49:12+0000 21.5
2016-09-09T05:04:27+0000 21.3
2016-09-09T05:19:42+0000 21.2
2016-09-09T05:34:57+0000 21.1
2016-09-09T05:50:12+0000 20.9
2016-09-09T06:05:27+0000 20.7
2016-09-09T06:20:42+0000 20.7
2016-09-09T06:35:57+0000 20.6
2016-09-09T06:51:12+0000 20.8
2016-09-09T07:06:27+0000 20.9
2016-09-09T07:21:42+0000 21.2
2016-09-09T07:36:57+0000 21.6
2016-09-09T07:52:12+0000 22.0
2016-09-09T08:07:27+0000 22.5
2016-09-09T08:22:42+0000 23.3
2016-09-09T08:37:57+0000 23.9
2016-09-09T08:53:12+0000 24.6
2016-09-09T09:08:27+0000 25.3
2016-09-09T09:23:42+0000 26.1
2016-09-09T09:38:57+0000 26.8
2016-09-09T09:54:12+0000 27.6
2016-09-09T10:09:26+0000 28.3
2016-09-09T10:24:41+0000 29.1
2016-09-09T10:39:56+0000 29.7
2016-09-09T10:55:10+0000 30.6
2016-09-09T11:10:25+0000 31.3
2016-09-09T11:25:39+0000 31.9
2016-09-09T11:40:54+0000 32.4
2016-09-09T11:56:08+0000 33.2
2016-09-09T12:11:22+0000 33.8
2016-09-09T12:26:37+0000 34.3
2016-09-09T12:41:51+0000 34.7
2016-09-09T12:57:05+0000 35.1
2016-09-09T13:12:19+0000 35.5
2016-09-09T13:27:33+0000 35.7
2016-09-09T13:42:47+0000 36.0
2016-09-09T13:58:01+0000 36.2
2016-09-09T14:13:15+0000 36.3
2016-09-09T14:28:29+0000 36.5
2016-09-09T14:43:43+0000 36.3
2016-09-09T14:58:57+0000 36.5
2016-09-09T15:14:11+0000 36.3
2016-09-09T15:29:25+0000 36.3
2016-09-09T15:44:39+0000 36.2
2016-09-09T15:59:53+0000 36.0
2016-09-09T16:15:06+0000 35.8
2016-09-09T16:30:20+0000 35.7
2016-09-09T16:45:34+0000 35.4
2016-09-09T17:00:48+0000 35.2
2016-09-09T17:16:02+0000 35.0
2016-09-09T17:31:16+0000 34.7
2016-09-09T17:46:30+0000 34.4
2016-09-09T18:01:44+0000 34.0
2016-09-09T18:16:58+0000 33.6
2016-09-09T18:32:12+0000 33.1
2016-09-09T18:47:26+0000 32.7
2016-09-09T19:02:41+0000 32.1
2016-09-09T19:17:55+0000 31.4
2016-09-09T19:33:09+0000 31.0
2016-09-09T19:48:23+0000 30.5
2016-09-09T20:03:38+0000 30.2
2016-09-09T20:18:52+0000 29.6
2016-09-09T20:34:06+0000 29.3
2016-09-09T20:49:21+0000 29.0
2016-09-09T21:04:35+0000 28.6
2016-09-09T21:19:50+0000 28.3
2016-09-09T21:35:04+0000 28.0
2016-09-09T21:50:19+0000 27.7
2016-09-09T22:05:33+0000 27.4
2016-09-09T22:20:48+0000 27.0
2016-09-09T22:36:03+0000 26.8
2016-09-09T22:51:17+0000 26.6
2016-09-09T23:06:32+0000 26.2
2016-09-09T23:21:46+0000 26.0
2016-09-09T23:37:01+0000 25.7
2016-09-09T23:52:16+0000 25.5
