2016-08-13T00:02:58+0000 21.1
2016-08-13T00:18:13+0000 21.0
2016-08-13T00:33:28+0000 20.8
2016-08-13T00:48:42+0000 20.6
2016-08-13T01:03:57+0000 20.4
2016-08-13T01:19:12+0000 20.3
2016-08-13T01:34:27+0000 20.2
2016-08-13T01:49:42+0000 20.0
2016-08-13T02:04:57+0000 19.8
2016-08-13T02:20:11+0000 19.7
2016-08-13T02:35:26+0000 19.5
2016-08-13T02:50:41+0000 19.3
2016-08-13T03:05:56+0000 19.2
2016-08-13T03:21:11+0000 19.1
2016-08-13T03:36:25+0000 19.0
2016-08-13T03:51:40+0000 19.0
2016-08-13T04:06:55+0000 18.8
2016-08-13T04:22:10+0000 18.7
2016-08-13T04:37:25+0000 18.5
2016-08-13T04:52:40+0000 18.4
2016-08-13T05:07:55+0000 18.2
2016-08-13T05:23:10+0000 18.1
2016-08-13T05:38:25+0000 18.0
2016-08-13T05:53:40+0000 17.9
2016-08-13T06:08:55+0000 17.9
2016-08-13T06:24:10+0000 17.8
2016-08-13T06:39:25+0000 18.1
2016-08-13T06:54:40+0000 18.3
2016-08-13T07:09:55+0000 18.8
2016-08-13T07:25:10+0000 19.4
2016-08-13T07:40:25+0000 19.9
2016-08-13T07:55:40+0000 20.7
2016-08-13T08:10:55+0000 21.5
2016-08-13T08:26:10+0000 22.3
2016-08-13T08:41:25+0000 23.2
2016-08-13T08:56:39+0000 24.4
2016-08-13T09:11:54+0000 25.3
2016-08-13T09:27:09+0000 26.3
2016-08-13T09:42:23+0000 27.0
2016-08-13T09:57:38+0000 27.6
2016-08-13T10:12:53+0000 28.5
2016-08-13T10:28:07+0000 29.2
2016-08-13T10:43:21+0000 29.8
2016-08-13T10:58:36+0000 30.6
2016-08-13T11:13:50+0000 31.7
2016-08-13T11:29:04+0000 32.1
2016-08-13T11:44:18+0000 32.6
2016-08-13T11:59:33+0000 33.2
2016-08-13T12:14:47+0000 33.7
2016-08-13T12:30:01+0000 33.6
2016-08-13T12:45:15+0000 34.0
2016-08-13T13:00:29+0000 34.7
2016-08-13T13:15:43+0000 34.8
2016-08-13T13:30:56+0000 34.9
2016-08-13T13:46:10+0000 35.2
2016-08-13T14:01:24+0000 35.6
2016-08-13T14:16:38+0000 35.7
2016-08-13T14:31:51+0000 35.8
2016-08-13T14:47:05+0000 36.0
2016-08-13T15:02:19+0000 35.7
2016-08-13T15:17:32+0000 35.9
2016-08-13T15:32:46+0000 35.9
2016-08-13T15:48:00+0000 35.7
2016-08-13T16:03:13+0000 35.5
2016-08-13T16:18:27+0000 35.3
2016-08-13T16:33:41+0000 35.0
2016-08-13T16:48:54+0000 35.0
2016-08-13T17:04:08+0000 34.7
2016-08-13T17:19:22+0000 34.4
2016-08-13T17:34:36+0000 34.1
2016-08-13T17:49:49+0000 34.0
2016-08-13T18:05:03+0000 33.8
2016-08-13T18:20:17+0000 33.6
2016-08-13T18:35:31+0000 33.3
2016-08-13T18:50:45+0000 33.0
2016-08-13T19:05:59+0000 32.5
2016-08-13T19:21:12+0000 32.1
2016-08-13T19:36:26+0000 31.6
2016-08-13T19:51:40+0000 31.0
2016-08-13T20:06:54+0000 30.5
2016-08-13T20:22:08+0000 30.1
2016-08-13T20:37:22+0000 29.6
2016-08-13T20:52:37+0000 29.2
2016-08-13T21:07:51+0000 28.7
2016-08-13T21:23:05+0000 28.4
2016-08-13T21:38:19+0000 28.0
2016-08-13T21:53:33+0000 27.6
2016-08-13T22:08:47+0000 27.3
2016-08-13T22:24:01+0000 27.0
2016-08-13T22:39:16+0000 26.6
2016-08-13T22:54:30+0000 26.5
2016-08-13T23:09:44+0000 26.0
2016-08-13T23:24:59+0000 25.8
2016-08-13T23:40:13+0000 25.5
2016-08-13T23:55:27+0000 25.2
