2016-06-07T00:00:39+0000 27.6
2016-06-07T00:15:53+0000 27.3
2016-06-07T00:31:07+0000 26.9
2016-06-07T00:46:21+0000 26.6
2016-06-07T01:01:36+0000 26.3
2016-06-07T01:16:50+0000 26.0
2016-06-07T01:32:04+0000 25.7
2016-06-07T01:47:18+0000 25.4
2016-06-07T02:02:33+0000 25.2
2016-06-07T02:17:47+0000 25.0
2016-06-07T02:33:01+0000 24.7
2016-06-07T02:48:16+0000 24.5
2016-06-07T03:03:30+0000 24.4
2016-06-07T03:18:45+0000 24.2
2016-06-07T03:33:59+0000 23.8
2016-06-07T03:49:14+0000 23.7
2016-06-07T04:04:28+0000 23.4
2016-06-07T04:19:43+0000 23.2
2016-06-07T04:34:57+0000 23.1
2016-06-07T04:50:11+0000 22.9
2016-06-07T05:05:26+0000 22.7
2016-06-07T05:20:41+0000 22.7
2016-06-07T05:35:55+0000 22.6
2016-06-07T05:51:10+0000 22.5
2016-06-07T06:06:24+0000 22.5
2016-06-07T06:21:39+0000 22.6
2016-06-07T06:36:54+0000 22.7
2016-06-07T06:52:08+0000 22.9
2016-06-07T07:07:23+0000 23.5
2016-06-07T07:22:37+0000 24.2
2016-06-07T07:37:52+0000 24.8
2016-06-07T07:53:06+0000 25.6
2016-06-07T08:08:21+0000 26.4
2016-06-07T08:23:35+0000 27.3
2016-06-07T08:38:50+0000 28.4
2016-06-07T08:54:04+0000 29.2
2016-06-07T09:09:18+0000 30.2
2016-06-07T09:24:32+0000 31.1
2016-06-07T09:39:47+0000 32.2
2016-06-07T09:55:01+0000 33.3
2016-06-07T10:10:15+0000 34.2
2016-06-07T10:25:29+0000 35.1
2016-06-07T10:40:42+0000 35.9
2016-06-07T10:55:56+0000 36.8
2016-06-07T11:11:10+0000 37.6
2016-06-07T11:26:23+0000 38.2
2016-06-07T11:41:37+0000 38.9
2016-06-07T11:56:50+0000 39.6
2016-06-07T12:12:03+0000 40.2
2016-06-07T12:27:17+0000 40.8
2016-06-07T12:42:30+0000 41.2
2016-06-07T12:57:43+0000 40.9
2016-06-07T13:12:56+0000 41.2
2016-06-07T13:28:09+0000 41.5
2016-06-07T13:43:22+0000 41.9
2016-06-07T13:58:35+0000 42.0
2016-06-07T14:13:48+0000 42.1
2016-06-07T14:29:01+0000 42.4
2016-06-07T14:44:14+0000 41.9
2016-06-07T14:59:27+0000 41.6
2016-06-07T15:14:40+0000 41.5
2016-06-07T15:29:53+0000 41.2
2016-06-07T15:45:06+0000 40.9
2016-06-07T16:00:19+0000 40.4
2016-06-07T16:15:32+0000 39.8
2016-06-07T16:30:45+0000 39.4
2016-06-07T16:45:58+0000 39.0
2016-06-07T17:01:11+0000 38.7
2016-06-07T17:16:24+0000 38.4
2016-06-07T17:31:37+0000 38.1
2016-06-07T17:46:50+0000 37.9
2016-06-07T18:02:04+0000 36.9
2016-06-07T18:17:17+0000 36.1
2016-06-07T18:32:30+0000 35.3
2016-06-07T18:47:44+0000 33.9
2016-06-07T19:02:57+0000 32.9
2016-06-07T19:18:11+0000 32.2
2016-06-07T19:33:24+0000 31.7
2016-06-07T19:48:38+0000 31.1
2016-06-07T20:03:52+0000 30.6
2016-06-07T20:19:06+0000 30.3
2016-06-07T20:34:20+0000 29.8
2016-06-07T20:49:34+0000 29.5
2016-06-07T21:04:48+0000 29.1
2016-06-07T21:20:01+0000 29.0
2016-06-07T21:35:15+0000 28.5
2016-06-07T21:50:29+0000 28.3
2016-06-07T22:05:44+0000 28.0
2016-06-07T22:20:58+0000 27.7
2016-06-07T22:36:12+0000 27.4
2016-06-07T22:51:26+0000 27.1
2016-06-07T23:06:40+0000 26.8
2016-06-07T23:21:54+0000 26.6
2016-06-07T23:37:08+0000 26.3
2016-06-07T23:52:22+0000 26.1
