2016-09-08T00:06:39+0000 22.3
2016-09-08T00:21:54+0000 22.1
2016-09-08T00:37:09+0000 22.0
2016-09-08T00:52:24+0000 21.7
2016-09-08T01:07:39+0000 21.5
2016-09-08T01:22:54+0000 21.3
2016-09-08T01:38:09+0000 21.1
2016-09-08T01:53:23+0000 20.9
2016-09-08T02:08:38+0000 20.7
2016-09-08T02:23:53+0000 20.7
2016-09-08T02:39:08+0000 20.5
2016-09-08T02:54:23+0000 20.3
2016-09-08T03:09:38+0000 20.1
2016-09-08T03:24:53+0000 20.0
2016-09-08T03:40:08+0000 19.8
2016-09-08T03:55:23+0000 19.6
2016-09-08T04:10:38+0000 19.5
2016-09-08T04:25:53+0000 19.3
2016-09-08T04:41:08+0000 19.1
2016-09-08T04:56:23+0000 19.0
2016-09-08T05:11:38+0000 18.9
2016-09-08T05:26:54+0000 18.8
2016-09-08T05:42:09+0000 18.7
2016-09-08T05:57:24+0000 18.5
2016-09-08T06:12:39+0000 18.5
2016-09-08T06:27:54+0000 18.4
2016-09-08T06:43:09+0000 18.4
2016-09-08T06:58:24+0000 18.6
2016-09-08T07:13:39+0000 19.1
2016-09-08T07:28:54+0000 19.6
2016-09-08T07:44:10+0000 20.1
2016-09-08T07:59:25+0000 20.7
2016-09-08T08:14:40+0000 21.6
2016-09-08T08:29:55+0000 22.2
2016-09-08T08:45:10+0000 23.0
2016-09-08T09:00:25+0000 23.8
2016-09-08T09:15:40+0000 24.8
2016-09-08T09:30:54+0000 25.9
2016-09-08T09:46:09+0000 26.6
2016-09-08T10:01:24+0000 27.6
2016-09-08T10:16:38+0000 28.4
2016-09-08T10:31:53+0000 29.4
2016-09-08T10:47:08+0000 30.3
2016-09-08T11:02:22+0000 31.1
2016-09-08T11:17:37+0000 31.6
2016-09-08T11:32:51+0000 32.0
2016-09-08T11:48:06+0000 32.2
2016-09-08T12:03:20+0000 32.4
2016-09-08T12:18:34+0000 33.3
2016-09-08T12:33:48+0000 33.6
2016-09-08T12:49:03+0000 34.1
2016-09-08T13:04:17+0000 34.1
2016-09-08T13:19:31+0000 34.6
2016-09-08T13:34:45+0000 34.6
2016-09-08T13:49:59+0000 34.9
2016-09-08T14:05:13+0000 35.1
2016-09-08T14:20:27+0000 35.3
2016-09-08T14:35:41+0000 35.2
2016-09-08T14:50:56+0000 35.4
2016-09-08T15:06:09+0000 35.2
2016-09-08T15:21:23+0000 35.0
2016-09-08T15:36:37+0000 34.9
2016-09-08T15:51:51+0000 34.8
2016-09-08T16:07:05+0000 34.8
2016-09-08T16:22:19+0000 34.4
2016-09-08T16:37:33+0000 34.4
2016-09-08T16:52:47+0000 34.2
2016-09-08T17:08:02+0000 34.0
2016-09-08T17:23:16+0000 33.9
2016-09-08T17:38:30+0000 33.7
2016-09-08T17:53:44+0000 33.4
2016-09-08T18:08:58+0000 33.0
2016-09-08T18:24:12+0000 32.6
2016-09-08T18:39:26+0000 32.2
2016-09-08T18:54:40+0000 31.8
2016-09-08T19:09:55+0000 31.3
2016-09-08T19:25:09+0000 30.8
2016-09-08T19:40:23+0000 30.3
2016-09-08T19:55:37+0000 29.8
2016-09-08T20:10:52+0000 29.5
2016-09-08T20:26:06+0000 29.0
2016-09-08T20:41:20+0000 28.7
2016-09-08T20:56:35+0000 28.5
2016-09-08T21:11:49+0000 28.0
2016-09-08T21:27:04+0000 27.7
2016-09-08T21:42:18+0000 27.4
2016-09-08T21:57:33+0000 27.0
2016-09-08T22:12:47+0000 26.8
2016-09-08T22:28:02+0000 26.5
2016-09-08T22:43:17+0000 26.3
2016-09-08T22:58:31+0000 26.0
2016-09-08T23:13:46+0000 25.7
2016-09-08T23:29:01+0000 25.4
2016-09-08T23:44:15+0000 25.2
2016-09-08T23:59:30+0000 25.0
