2016-04-08T00:15:06+0000 10.7
2016-04-08T00:30:21+0000 10.6
2016-04-08T00:45:37+0000 10.5
2016-04-08T01:00:52+0000 10.2
2016-04-08T01:16:07+0000 10.2
2016-04-08T01:31:23+0000 10.1
2016-04-08T01:46:38+0000 9.8
2016-04-08T02:01:53+0000 9.8
2016-04-08T02:17:09+0000 9.6
2016-04-08T02:32:24+0000 9.5
2016-04-08T02:47:39+0000 9.5
2016-04-08T03:02:55+0000 9.4
2016-04-08T03:18:10+0000 9.1
2016-04-08T03:33:25+0000 9.0
2016-04-08T03:48:41+0000 8.9
2016-04-08T04:03:56+0000 8.7
2016-04-08T04:19:12+0000 8.8
2016-04-08T04:34:27+0000 8.6
2016-04-08T04:49:42+0000 8.4
2016-04-08T05:04:58+0000 8.3
2016-04-08T05:20:14+0000 8.1
2016-04-08T05:35:29+0000 8.0
2016-04-08T05:50:45+0000 8.0
2016-04-08T06:06:00+0000 7.9
2016-04-08T06:21:16+0000 7.7
2016-04-08T06:36:31+0000 7.9
2016-04-08T06:51:47+0000 8.6
2016-04-08T07:07:02+0000 9.4
2016-04-08T07:22:18+0000 9.8
2016-04-08T07:37:33+0000 10.1
2016-04-08T07:52:49+0000 10.4
2016-04-08T08:08:04+0000 11.0
2016-04-08T08:23:20+0000 11.7
2016-04-08T08:38:35+0000 12.6
2016-04-08T08:53:50+0000 13.3
2016-04-08T09:09:06+0000 14.2
2016-04-08T09:24:21+0000 15.0
2016-04-08T09:39:36+0000 15.8
2016-04-08T09:54:52+0000 16.5
2016-04-08T10:10:07+0000 17.5
2016-04-08T10:25:22+0000 18.4
2016-04-08T10:40:37+0000 19.2
2016-04-08T10:55:52+0000 20.0
2016-04-08T11:11:07+0000 20.6
2016-04-08T11:26:22+0000 20.9
2016-04-08T11:41:37+0000 21.6
2016-04-08T11:56:52+0000 21.4
2016-04-08T12:12:07+0000 21.4
2016-04-08T12:27:22+0000 21.3
2016-04-08T12:42:37+0000 21.7
2016-04-08T12:57:52+0000 22.0
2016-04-08T13:13:07+0000 22.2
2016-04-08T13:28:22+0000 22.5
2016-04-08T13:43:37+0000 22.7
2016-04-08T13:58:51+0000 22.7
2016-04-08T14:14:06+0000 23.1
2016-04-08T14:29:21+0000 23.4
2016-04-08T14:44:36+0000 23.6
2016-04-08T14:59:51+0000 23.2
2016-04-08T15:15:06+0000 23.3
2016-04-08T15:30:20+0000 23.5
2016-04-08T15:45:35+0000 23.3
2016-04-08T16:00:50+0000 23.2
2016-04-08T16:16:05+0000 23.0
2016-04-08T16:31:19+0000 22.7
2016-04-08T16:46:34+0000 22.3
2016-04-08T17:01:49+0000 21.6
2016-04-08T17:17:04+0000 21.5
2016-04-08T17:32:19+0000 21.2
2016-04-08T17:47:33+0000 20.8
2016-04-08T18:02:48+0000 20.4
2016-04-08T18:18:03+0000 20.1
2016-04-08T18:33:18+0000 19.7
2016-04-08T18:48:32+0000 19.5
2016-04-08T19:03:47+0000 19.1
2016-04-08T19:19:02+0000 18.7
2016-04-08T19:34:17+0000 18.4
2016-04-08T19:49:32+0000 18.1
2016-04-08T20:04:48+0000 17.7
2016-04-08T20:20:03+0000 17.4
2016-04-08T20:35:18+0000 17.0
2016-04-08T20:50:33+0000 16.6
2016-04-08T21:05:48+0000 16.2
2016-04-08T21:21:04+0000 15.9
2016-04-08T21:36:19+0000 15.6
2016-04-08T21:51:34+0000 15.5
2016-04-08T22:06:49+0000 15.1
2016-04-08T22:22:04+0000 15.1
2016-04-08T22:37:19+0000 14.6
2016-04-08T22:52:35+0000 14.3
2016-04-08T23:07:50+0000 14.0
2016-04-08T23:23:05+0000 13.8
2016-04-08T23:38:20+0000 13.5
2016-04-08T23:53:36+0000 13.3
