2016-10-14T00:06:19+0000 11.5
2016-10-14T00:21:34+0000 11.5
2016-10-14T00:36:50+0000 11.5
2016-10-14T00:52:05+0000 11.4
2016-10-14T01:07:21+0000 11.4
2016-10-14T01:22:37+0000 11.3
2016-10-14T01:37:53+0000 11.4
2016-10-14T01:53:08+0000 11.4
2016-10-14T02:08:24+0000 11.3
2016-10-14T02:23:40+0000 11.3
2016-10-14T02:38:55+0000 11.1
2016-10-14T02:54:11+0000 11.0
2016-10-14T03:09:27+0000 10.9
2016-10-14T03:24:42+0000 10.8
2016-10-14T03:39:58+0000 10.7
2016-10-14T03:55:14+0000 10.8
2016-10-14T04:10:30+0000 10.7
2016-10-14T04:25:45+0000 10.6
2016-10-14T04:41:01+0000 10.7
2016-10-14T04:56:17+0000 10.6
2016-10-14T05:11:33+0000 10.6
2016-10-14T05:26:48+0000 10.6
2016-10-14T05:42:04+0000 10.6
2016-10-14T05:57:20+0000 10.4
2016-10-14T06:12:36+0000 10.4
2016-10-14T06:27:51+0000 10.4
2016-10-14T06:43:07+0000 10.4
2016-10-14T06:58:23+0000 10.3
2016-10-14T07:13:39+0000 10.4
2016-10-14T07:28:55+0000 10.5
2016-10-14T07:44:11+0000 10.7
2016-10-14T07:59:26+0000 10.8
2016-10-14T08:14:42+0000 11.1
2016-10-14T08:29:58+0000 11.4
2016-10-14T08:45:14+0000 11.7
2016-10-14T09:00:29+0000 11.9
2016-10-14T09:15:45+0000 12.2
2016-10-14T09:31:01+0000 12.4
2016-10-14T09:46:16+0000 12.7
2016-10-14T10:01:32+0000 13.0
2016-10-14T10:16:48+0000 13.4
2016-10-14T10:32:03+0000 13.6
2016-10-14T10:47:19+0000 13.9
2016-10-14T11:02:35+0000 14.0
2016-10-14T11:17:50+0000 14.0
2016-10-14T11:33:06+0000 14.1
2016-10-14T11:48:21+0000 14.2
2016-10-14T12:03:37+0000 14.3
2016-10-14T12:18:52+0000 14.5
2016-10-14T12:34:08+0000 14.7
2016-10-14T12:49:23+0000 15.0
2016-10-14T13:04:39+0000 15.1
2016-10-14T13:19:55+0000 15.3
2016-10-14T13:35:10+0000 15.3
2016-10-14T13:50:26+0000 15.5
2016-10-14T14:05:41+0000 15.6
2016-10-14T14:20:57+0000 15.6
2016-10-14T14:36:12+0000 15.7
2016-10-14T14:51:28+0000 15.8
2016-10-14T15:06:43+0000 16.0
2016-10-14T15:21:59+0000 15.9
2016-10-14T15:37:14+0000 15.9
2016-10-14T15:52:30+0000 15.8
2016-10-14T16:07:45+0000 15.8
2016-10-14T16:23:01+0000 15.8
2016-10-14T16:38:16+0000 15.7
2016-10-14T16:53:32+0000 15.6
2016-10-14T17:08:47+0000 15.5
2016-10-14T17:24:03+0000 15.3
2016-10-14T17:39:18+0000 15.2
2016-10-14T17:54:34+0000 15.2
2016-10-14T18:09:49+0000 15.1
2016-10-14T18:25:05+0000 15.0
2016-10-14T18:40:20+0000 14.7
2016-10-14T18:55:36+0000 14.7
2016-10-14T19:10:51+0000 14.7
2016-10-14T19:26:07+0000 14.6
2016-10-14T19:41:22+0000 14.5
2016-10-14T19:56:38+0000 14.5
2016-10-14T20:11:54+0000 14.3
2016-10-14T20:27:09+0000 14.1
2016-10-14T20:42:25+0000 14.0
2016-10-14T20:57:40+0000 13.9
2016-10-14T21:12:56+0000 13.8
2016-10-14T21:28:11+0000 13.7
2016-10-14T21:43:27+0000 13.7
2016-10-14T21:58:43+0000 13.5
2016-10-14T22:13:58+0000 13.4
2016-10-14T22:29:14+0000 13.3
2016-10-14T22:44:30+0000 13.2
2016-10-14T22:59:45+0000 13.0
2016-10-14T23:15:01+0000 13.0
2016-10-14T23:30:17+0000 12.9
2016-10-14T23:45:32+0000 12.7
