2016-02-12T00:08:05+0000 7.2
2016-02-12T00:23:21+0000 7.0
2016-02-12T00:38:37+0000 6.9
2016-02-12T00:53:53+0000 6.7
2016-02-12T01:09:09+0000 6.7
2016-02-12T01:24:25+0000 6.5
2016-02-12T01:39:41+0000 6.5
2016-02-12T01:54:56+0000 6.3
2016-02-12T02:10:12+0000 6.4
2016-02-12T02:25:28+0000 6.1
2016-02-12T02:40:44+0000 6.0
2016-02-12T02:56:00+0000 6.0
2016-02-12T03:11:16+0000 6.0
2016-02-12T03:26:32+0000 5.9
2016-02-12T03:41:48+0000 5.9
2016-02-12T03:57:04+0000 5.8
2016-02-12T04:12:20+0000 5.8
2016-02-12T04:27:35+0000 5.7
2016-02-12T04:42:51+0000 5.7
2016-02-12T04:58:07+0000 5.7
2016-02-12T05:13:23+0000 5.8
2016-02-12T05:28:39+0000 5.7
2016-02-12T05:43:55+0000 5.8
2016-02-12T05:59:11+0000 5.8
2016-02-12T06:14:27+0000 5.9
2016-02-12T06:29:43+0000 5.8
2016-02-12T06:44:58+0000 5.9
2016-02-12T07:00:14+0000 5.9
2016-02-12T07:15:30+0000 6.1
2016-02-12T07:30:46+0000 6.0
2016-02-12T07:46:02+0000 6.1
2016-02-12T08:01:18+0000 6.1
2016-02-12T08:16:34+0000 5.9
2016-02-12T08:31:50+0000 5.9
2016-02-12T08:47:06+0000 5.9
2016-02-12T09:02:22+0000 6.6
2016-02-12T09:17:38+0000 6.9
2016-02-12T09:32:53+0000 7.2
2016-02-12T09:48:09+0000 7.8
2016-02-12T10:03:25+0000 8.3
2016-02-12T10:18:41+0000 8.9
2016-02-12T10:33:57+0000 9.4
2016-02-12T10:49:13+0000 9.6
2016-02-12T11:04:29+0000 10.0
2016-02-12T11:19:44+0000 10.4
2016-02-12T11:35:00+0000 10.8
2016-02-12T11:50:16+0000 11.3
2016-02-12T12:05:32+0000 11.7
2016-02-12T12:20:47+0000 12.1
2016-02-12T12:36:03+0000 12.3
2016-02-12T12:51:19+0000 12.6
2016-02-12T13:06:34+0000 12.7
2016-02-12T13:21:50+0000 12.8
2016-02-12T13:37:06+0000 12.8
2016-02-12T13:52:21+0000 12.8
2016-02-12T14:07:37+0000 12.9
2016-02-12T14:22:52+0000 12.7
2016-02-12T14:38:08+0000 12.6
2016-02-12T14:53:23+0000 12.5
2016-02-12T15:08:39+0000 12.6
2016-02-12T15:23:55+0000 12.6
2016-02-12T15:39:10+0000 12.5
2016-02-12T15:54:26+0000 12.3
2016-02-12T16:09:41+0000 12.0
2016-02-12T16:24:57+0000 11.9
2016-02-12T16:40:12+0000 11.7
2016-02-12T16:55:28+0000 11.6
2016-02-12T17:10:43+0000 11.4
2016-02-12T17:25:59+0000 11.2
2016-02-12T17:41:14+0000 11.1
2016-02-12T17:56:30+0000 10.8
2016-02-12T18:11:46+0000 10.7
2016-02-12T18:27:01+0000 10.7
2016-02-12T18:42:17+0000 10.7
2016-02-12T18:57:32+0000 10.5
2016-02-12T19:12:48+0000 10.5
2016-02-12T19:28:04+0000 10.5
2016-02-12T19:43:19+0000 10.4
2016-02-12T19:58:35+0000 10.2
2016-02-12T20:13:51+0000 10.2
2016-02-12T20:29:06+0000 10.1
2016-02-12T20:44:22+0000 9.9
2016-02-12T20:59:38+0000 9.9
2016-02-12T21:14:54+0000 9.9
2016-02-12T21:30:09+0000 9.8
2016-02-12T21:45:25+0000 9.7
2016-02-12T22:00:41+0000 9.6
2016-02-12T22:15:56+0000 9.5
2016-02-12T22:31:12+0000 9.5
2016-02-12T22:46:28+0000 9.3
2016-02-12T23:01:44+0000 9.3
2016-02-12T23:17:00+0000 9.2
2016-02-12T23:32:15+0000 9.2
2016-02-12T23:47:31+0000 9.2
