2016-02-14T00:12:45+0000 9.4
2016-02-14T00:28:01+0000 9.5
2016-02-14T00:43:17+0000 9.4
2016-02-14T00:58:32+0000 9.3
2016-02-14T01:13:48+0000 9.3
2016-02-14T01:29:04+0000 9.5
2016-02-14T01:44:20+0000 9.3
2016-02-14T01:59:35+0000 9.3
2016-02-14T02:14:51+0000 9.2
2016-02-14T02:30:07+0000 9.3
2016-02-14T02:45:23+0000 9.1
2016-02-14T03:00:39+0000 9.2
2016-02-14T03:15:55+0000 9.1
2016-02-14T03:31:10+0000 9.1
2016-02-14T03:46:26+0000 9.2
2016-02-14T04:01:42+0000 9.1
2016-02-14T04:16:58+0000 9.1
2016-02-14T04:32:13+0000 9.0
2016-02-14T04:47:29+0000 9.0
2016-02-14T05:02:45+0000 9.1
2016-02-14T05:18:01+0000 8.9
2016-02-14T05:33:16+0000 8.8
2016-02-14T05:48:32+0000 8.9
2016-02-14T06:03:48+0000 9.0
2016-02-14T06:19:04+0000 9.0
2016-02-14T06:34:19+0000 9.0
2016-02-14T06:49:35+0000 9.1
2016-02-14T07:04:51+0000 8.8
2016-02-14T07:20:06+0000 8.8
2016-02-14T07:35:22+0000 8.8
2016-02-14T07:50:38+0000 8.6
2016-02-14T08:05:54+0000 8.5
2016-02-14T08:21:09+0000 8.6
2016-02-14T08:36:25+0000 8.7
2016-02-14T08:51:41+0000 8.9
2016-02-14T09:06:57+0000 8.8
2016-02-14T09:22:13+0000 9.0
2016-02-14T09:37:28+0000 9.0
2016-02-14T09:52:44+0000 9.2
2016-02-14T10:08:00+0000 9.3
2016-02-14T10:23:16+0000 9.5
2016-02-14T10:38:31+0000 9.7
2016-02-14T10:53:47+0000 9.8
2016-02-14T11:09:03+0000 10.1
2016-02-14T11:24:19+0000 9.7
2016-02-14T11:39:34+0000 10.0
2016-02-14T11:54:50+0000 9.9
2016-02-14T12:10:06+0000 10.0
2016-02-14T12:25:22+0000 10.1
2016-02-14T12:40:37+0000 10.0
2016-02-14T12:55:53+0000 10.3
2016-02-14T13:11:09+0000 10.5
2016-02-14T13:26:25+0000 10.6
2016-02-14T13:41:40+0000 10.3
2016-02-14T13:56:56+0000 10.6
2016-02-14T14:12:12+0000 10.8
2016-02-14T14:27:28+0000 10.6
2016-02-14T14:42:43+0000 10.5
2016-02-14T14:57:59+0000 10.6
2016-02-14T15:13:15+0000 10.4
2016-02-14T15:28:30+0000 10.3
2016-02-14T15:43:46+0000 10.3
2016-02-14T15:59:02+0000 10.6
2016-02-14T16:14:18+0000 10.6
2016-02-14T16:29:33+0000 10.2
2016-02-14T16:44:49+0000 10.6
2016-02-14T17:00:05+0000 10.6
2016-02-14T17:15:20+0000 10.5
2016-02-14T17:30:36+0000 10.6
2016-02-14T17:45:52+0000 10.6
2016-02-14T18:01:07+0000 10.6
2016-02-14T18:16:23+0000 10.6
2016-02-14T18:31:39+0000 10.6
2016-02-14T18:46:55+0000 10.7
2016-02-14T19:02:10+0000 10.5
2016-02-14T19:17:26+0000 10.6
2016-02-14T19:32:42+0000 10.4
2016-02-14T19:47:58+0000 10.3
2016-02-14T20:03:13+0000 10.4
2016-02-14T20:18:29+0000 10.2
2016-02-14T20:33:45+0000 10.3
2016-02-14T20:49:00+0000 10.2
2016-02-14T21:04:16+0000 10.3
2016-02-14T21:19:32+0000 10.0
2016-02-14T21:34:47+0000 10.0
2016-02-14T21:50:03+0000 9.7
2016-02-14T22:05:19+0000 9.5
2016-02-14T22:20:35+0000 9.5
2016-02-14T22:35:51+0000 9.5
2016-02-14T22:51:06+0000 9.4
2016-02-14T23:06:22+0000 9.4
2016-02-14T23:21:38+0000 9.3
2016-02-14T23:36:54+0000 9.2
2016-02-14T23:52:09+0000 9.5
