2016-02-02T00:14:54+0000 12.5
2016-02-02T00:30:09+0000 12.5
2016-02-02T00:45:25+0000 12.5
2016-02-02T01:00:40+0000 12.6
2016-02-02T01:15:56+0000 12.5
2016-02-02T01:31:12+0000 12.5
2016-02-02T01:46:27+0000 12.6
2016-02-02T02:01:43+0000 12.6
2016-02-02T02:16:58+0000 12.4
2016-02-02T02:32:14+0000 12.5
2016-02-02T02:47:30+0000 12.6
2016-02-02T03:02:45+0000 12.8
2016-02-02T03:18:01+0000 12.6
2016-02-02T03:33:17+0000 12.6
2016-02-02T03:48:33+0000 12.6
2016-02-02T04:03:48+0000 12.5
2016-02-02T04:19:04+0000 12.6
2016-02-02T04:34:20+0000 12.5
2016-02-02T04:49:35+0000 12.6
2016-02-02T05:04:51+0000 12.6
2016-02-02T05:20:06+0000 12.5
2016-02-02T05:35:22+0000 12.6
2016-02-02T05:50:38+0000 12.6
2016-02-02T06:05:53+0000 12.6
2016-02-02T06:21:09+0000 12.5
2016-02-02T06:36:25+0000 12.5
2016-02-02T06:51:40+0000 12.5
2016-02-02T07:06:56+0000 12.6
2016-02-02T07:22:11+0000 12.4
2016-02-02T07:37:27+0000 12.5
2016-02-02T07:52:43+0000 12.5
2016-02-02T08:07:59+0000 12.5
2016-02-02T08:23:14+0000 12.5
2016-02-02T08:38:30+0000 12.5
2016-02-02T08:53:46+0000 12.5
2016-02-02T09:09:01+0000 12.6
2016-02-02T09:24:17+0000 12.5
2016-02-02T09:39:33+0000 12.7
2016-02-02T09:54:48+0000 12.7
2016-02-02T10:10:04+0000 12.7
2016-02-02T10:25:20+0000 12.8
2016-02-02T10:40:35+0000 12.9
2016-02-02T10:55:51+0000 12.9
2016-02-02T11:11:07+0000 13.0
2016-02-02T11:26:22+0000 13.2
2016-02-02T11:41:38+0000 13.3
2016-02-02T11:56:53+0000 13.4
2016-02-02T12:12:09+0000 13.6
2016-02-02T12:27:25+0000 13.8
2016-02-02T12:42:40+0000 13.7
2016-02-02T12:57:56+0000 14.0
2016-02-02T13:13:11+0000 14.0
2016-02-02T13:28:27+0000 13.9
2016-02-02T13:43:43+0000 14.4
2016-02-02T13:58:58+0000 14.9
2016-02-02T14:14:14+0000 14.8
2016-02-02T14:29:29+0000 14.5
2016-02-02T14:44:45+0000 14.5
2016-02-02T15:00:01+0000 14.3
2016-02-02T15:15:16+0000 14.3
2016-02-02T15:30:32+0000 14.4
2016-02-02T15:45:48+0000 14.2
2016-02-02T16:01:03+0000 14.0
2016-02-02T16:16:19+0000 13.7
2016-02-02T16:31:34+0000 13.7
2016-02-02T16:46:50+0000 13.7
2016-02-02T17:02:06+0000 13.5
2016-02-02T17:17:21+0000 13.5
2016-02-02T17:32:37+0000 13.5
2016-02-02T17:47:53+0000 13.3
2016-02-02T18:03:08+0000 13.0
2016-02-02T18:18:24+0000 13.1
2016-02-02T18:33:39+0000 12.9
2016-02-02T18:48:55+0000 13.0
2016-02-02T19:04:11+0000 12.8
2016-02-02T19:19:26+0000 12.7
2016-02-02T19:34:42+0000 12.7
2016-02-02T19:49:58+0000 12.4
2016-02-02T20:05:14+0000 12.5
2016-02-02T20:20:29+0000 12.4
2016-02-02T20:35:45+0000 12.6
2016-02-02T20:51:01+0000 12.4
2016-02-02T21:06:16+0000 12.4
2016-02-02T21:21:32+0000 12.4
2016-02-02T21:36:48+0000 12.2
2016-02-02T21:52:03+0000 12.4
2016-02-02T22:07:19+0000 12.5
2016-02-02T22:22:35+0000 12.3
2016-02-02T22:37:51+0000 11.8
2016-02-02T22:53:06+0000 11.8
2016-02-02T23:08:22+0000 11.7
2016-02-02T23:23:38+0000 11.5
2016-02-02T23:38:53+0000 11.5
2016-02-02T23:54:09+0000 11.3
