2015-12-25T00:06:04+0000 13.3
2015-12-25T00:21:20+0000 13.4
2015-12-25T00:36:35+0000 13.5
2015-12-25T00:51:51+0000 13.5
2015-12-25T01:07:06+0000 13.4
2015-12-25T01:22:22+0000 13.5
2015-12-25T01:37:37+0000 13.5
2015-12-25T01:52:53+0000 13.7
2015-12-25T02:08:08+0000 13.6
2015-12-25T02:23:24+0000 13.6
2015-12-25T02:38:39+0000 13.4
2015-12-25T02:53:55+0000 13.5
2015-12-25T03:09:11+0000 13.4
2015-12-25T03:24:26+0000 13.4
2015-12-25T03:39:42+0000 13.4
2015-12-25T03:54:57+0000 13.6
2015-12-25T04:10:13+0000 13.6
2015-12-25T04:25:28+0000 13.6
2015-12-25T04:40:44+0000 13.6
2015-12-25T04:55:59+0000 13.6
2015-12-25T05:11:15+0000 13.6
2015-12-25T05:26:30+0000 13.6
2015-12-25T05:41:46+0000 13.6
2015-12-25T05:57:01+0000 13.5
2015-12-25T06:12:17+0000 13.5
2015-12-25T06:27:32+0000 13.4
2015-12-25T06:42:48+0000 13.6
2015-12-25T06:58:03+0000 13.5
2015-12-25T07:13:19+0000 13.5
2015-12-25T07:28:34+0000 13.5
2015-12-25T07:43:50+0000 13.4
2015-12-25T07:59:05+0000 13.5
2015-12-25T08:14:21+0000 13.5
2015-12-25T08:29:36+0000 13.6
2015-12-25T08:44:52+0000 13.6
2015-12-25T09:00:07+0000 13.8
2015-12-25T09:15:23+0000 13.9
2015-12-25T09:30:39+0000 13.7
2015-12-25T09:45:54+0000 13.9
2015-12-25T10:01:10+0000 14.0
2015-12-25T10:16:25+0000 14.0
2015-12-25T10:31:41+0000 14.3
2015-12-25T10:46:56+0000 14.6
2015-12-25T11:02:12+0000 15.0
2015-12-25T11:17:27+0000 15.3
2015-12-25T11:32:43+0000 15.7
2015-12-25T11:47:58+0000 15.8
2015-12-25T12:03:14+0000 16.2
2015-12-25T12:18:29+0000 16.4
2015-12-25T12:33:44+0000 16.7
2015-12-25T12:49:00+0000 17.0
2015-12-25T13:04:15+0000 17.2
2015-12-25T13:19:31+0000 17.3
2015-12-25T13:34:46+0000 17.1
2015-12-25T13:50:01+0000 17.2
2015-12-25T14:05:17+0000 17.2
2015-12-25T14:20:32+0000 17.4
2015-12-25T14:35:48+0000 17.4
2015-12-25T14:51:03+0000 17.4
2015-12-25T15:06:18+0000 17.4
2015-12-25T15:21:33+0000 17.3
2015-12-25T15:36:49+0000 17.3
2015-12-25T15:52:04+0000 17.3
2015-12-25T16:07:19+0000 17.3
2015-12-25T16:22:34+0000 17.1
2015-12-25T16:37:50+0000 17.1
2015-12-25T16:53:05+0000 16.8
2015-12-25T17:08:20+0000 16.6
2015-12-25T17:23:36+0000 16.4
2015-12-25T17:38:51+0000 16.3
2015-12-25T17:54:06+0000 16.1
2015-12-25T18:09:22+0000 16.1
2015-12-25T18:24:37+0000 15.8
2015-12-25T18:39:52+0000 15.9
2015-12-25T18:55:08+0000 15.6
2015-12-25T19:10:23+0000 15.6
2015-12-25T19:25:39+0000 15.7
2015-12-25T19:40:54+0000 15.6
2015-12-25T19:56:09+0000 15.4
2015-12-25T20:11:25+0000 15.2
2015-12-25T20:26:40+0000 15.3
2015-12-25T20:41:55+0000 15.1
2015-12-25T20:57:11+0000 15.1
2015-12-25T21:12:26+0000 15.0
2015-12-25T21:27:42+0000 15.0
2015-12-25T21:42:57+0000 14.9
2015-12-25T21:58:12+0000 14.8
2015-12-25T22:13:28+0000 14.7
2015-12-25T22:28:43+0000 14.6
2015-12-25T22:43:59+0000 14.5
2015-12-25T22:59:14+0000 14.3
2015-12-25T23:14:30+0000 14.1
2015-12-25T23:29:45+0000 14.0
2015-12-25T23:45:00+0000 13.8
