2016-08-24T00:12:41+0000 25.7
2016-08-24T00:27:55+0000 25.5
2016-08-24T00:43:10+0000 25.2
2016-08-24T00:58:25+0000 24.9
2016-08-24T01:13:39+0000 24.7
2016-08-24T01:28:54+0000 24.4
2016-08-24T01:44:08+0000 24.2
2016-08-24T01:59:23+0000 23.9
2016-08-24T02:14:38+0000 23.7
2016-08-24T02:29:52+0000 23.4
2016-08-24T02:45:07+0000 23.2
2016-08-24T03:00:22+0000 23.0
2016-08-24T03:15:37+0000 22.9
2016-08-24T03:30:51+0000 22.7
2016-08-24T03:46:06+0000 22.4
2016-08-24T04:01:21+0000 22.3
2016-08-24T04:16:36+0000 22.1
2016-08-24T04:31:51+0000 22.0
2016-08-24T04:47:06+0000 21.8
2016-08-24T05:02:21+0000 21.6
2016-08-24T05:17:36+0000 21.4
2016-08-24T05:32:50+0000 21.3
2016-08-24T05:48:05+0000 21.2
2016-08-24T06:03:20+0000 21.0
2016-08-24T06:18:35+0000 21.0
2016-08-24T06:33:50+0000 21.0
2016-08-24T06:49:05+0000 21.2
2016-08-24T07:04:20+0000 21.6
2016-08-24T07:19:35+0000 22.1
2016-08-24T07:34:50+0000 22.7
2016-08-24T07:50:05+0000 23.5
2016-08-24T08:05:20+0000 24.2
2016-08-24T08:20:35+0000 25.0
2016-08-24T08:35:49+0000 25.7
2016-08-24T08:51:04+0000 26.6
2016-08-24T09:06:19+0000 27.6
2016-08-24T09:21:33+0000 28.5
2016-08-24T09:36:48+0000 29.3
2016-08-24T09:52:02+0000 30.0
2016-08-24T10:07:17+0000 30.9
2016-08-24T10:22:31+0000 31.5
2016-08-24T10:37:46+0000 32.5
2016-08-24T10:53:00+0000 33.3
2016-08-24T11:08:14+0000 34.1
2016-08-24T11:23:28+0000 34.8
2016-08-24T11:38:42+0000 35.2
2016-08-24T11:53:56+0000 35.9
2016-08-24T12:09:10+0000 36.5
2016-08-24T12:24:24+0000 36.9
2016-08-24T12:39:38+0000 37.3
2016-08-24T12:54:51+0000 37.7
2016-08-24T13:10:05+0000 38.1
2016-08-24T13:25:19+0000 38.3
2016-08-24T13:40:32+0000 38.6
2016-08-24T13:55:46+0000 38.8
2016-08-24T14:10:59+0000 38.9
2016-08-24T14:26:13+0000 39.0
2016-08-24T14:41:26+0000 38.9
2016-08-24T14:56:40+0000 38.9
2016-08-24T15:11:53+0000 38.7
2016-08-24T15:27:07+0000 38.5
2016-08-24T15:42:21+0000 38.6
2016-08-24T15:57:34+0000 38.3
2016-08-24T16:12:48+0000 38.1
2016-08-24T16:28:01+0000 38.1
2016-08-24T16:43:15+0000 37.8
2016-08-24T16:58:28+0000 37.5
2016-08-24T17:13:42+0000 37.2
2016-08-24T17:28:55+0000 37.0
2016-08-24T17:44:09+0000 36.8
2016-08-24T17:59:22+0000 36.6
2016-08-24T18:14:36+0000 36.2
2016-08-24T18:29:50+0000 36.2
2016-08-24T18:45:03+0000 35.7
2016-08-24T19:00:17+0000 35.4
2016-08-24T19:15:31+0000 34.8
2016-08-24T19:30:45+0000 34.0
2016-08-24T19:45:58+0000 33.6
2016-08-24T20:01:12+0000 33.0
2016-08-24T20:16:26+0000 32.6
2016-08-24T20:31:40+0000 32.3
2016-08-24T20:46:54+0000 31.9
2016-08-24T21:02:08+0000 31.5
2016-08-24T21:17:22+0000 31.1
2016-08-24T21:32:36+0000 30.9
2016-08-24T21:47:50+0000 30.4
2016-08-24T22:03:04+0000 30.1
2016-08-24T22:18:19+0000 29.9
2016-08-24T22:33:33+0000 29.6
2016-08-24T22:48:47+0000 29.3
2016-08-24T23:04:01+0000 29.1
2016-08-24T23:19:15+0000 28.7
2016-08-24T23:34:30+0000 28.5
2016-08-24T23:49:44+0000 28.3
