2016-03-03T00:08:17+0000 7.2
2016-03-03T00:23:33+0000 7.2
2016-03-03T00:38:48+0000 7.2
2016-03-03T00:54:04+0000 7.2
2016-03-03T01:09:20+0000 6.9
2016-03-03T01:24:36+0000 7.2
2016-03-03T01:39:51+0000 7.1
2016-03-03T01:55:07+0000 6.9
2016-03-03T02:10:23+0000 7.1
2016-03-03T02:25:39+0000 6.9
2016-03-03T02:40:54+0000 7.2
2016-03-03T02:56:10+0000 7.0
2016-03-03T03:11:26+0000 7.0
2016-03-03T03:26:42+0000 7.0
2016-03-03T03:41:57+0000 6.9
2016-03-03T03:57:13+0000 6.9
2016-03-03T04:12:29+0000 6.9
2016-03-03T04:27:45+0000 6.6
2016-03-03T04:43:00+0000 7.0
2016-03-03T04:58:16+0000 6.7
2016-03-03T05:13:32+0000 6.6
2016-03-03T05:28:48+0000 6.5
2016-03-03T05:44:03+0000 6.4
2016-03-03T05:59:19+0000 6.4
2016-03-03T06:14:35+0000 6.4
2016-03-03T06:29:51+0000 6.3
2016-03-03T06:45:06+0000 6.4
2016-03-03T07:00:22+0000 6.5
2016-03-03T07:15:38+0000 6.4
2016-03-03T07:30:54+0000 6.4
2016-03-03T07:46:09+0000 6.2
2016-03-03T08:01:25+0000 6.5
2016-03-03T08:16:41+0000 7.0
2016-03-03T08:31:57+0000 7.5
2016-03-03T08:47:12+0000 7.5
2016-03-03T09:02:28+0000 7.9
2016-03-03T09:17:44+0000 8.2
2016-03-03T09:32:59+0000 8.1
2016-03-03T09:48:15+0000 8.3
2016-03-03T10:03:31+0000 8.1
2016-03-03T10:18:47+0000 8.6
2016-03-03T10:34:02+0000 8.7
2016-03-03T10:49:18+0000 9.0
2016-03-03T11:04:34+0000 9.1
2016-03-03T11:19:49+0000 8.5
2016-03-03T11:35:05+0000 8.2
2016-03-03T11:50:21+0000 8.7
2016-03-03T12:05:36+0000 8.5
2016-03-03T12:20:52+0000 8.9
2016-03-03T12:36:08+0000 9.1
2016-03-03T12:51:23+0000 9.3
2016-03-03T13:06:39+0000 9.3
2016-03-03T13:21:54+0000 9.4
2016-03-03T13:37:10+0000 9.1
2016-03-03T13:52:26+0000 9.1
2016-03-03T14:07:41+0000 9.4
2016-03-03T14:22:57+0000 9.7
2016-03-03T14:38:12+0000 9.6
2016-03-03T14:53:28+0000 9.5
2016-03-03T15:08:43+0000 9.8
2016-03-03T15:23:59+0000 8.8
2016-03-03T15:39:15+0000 8.9
2016-03-03T15:54:31+0000 9.4
2016-03-03T16:09:46+0000 9.5
2016-03-03T16:25:02+0000 9.6
2016-03-03T16:40:18+0000 9.4
2016-03-03T16:55:33+0000 9.5
2016-03-03T17:10:49+0000 9.0
2016-03-03T17:26:05+0000 9.1
2016-03-03T17:41:20+0000 8.8
2016-03-03T17:56:36+0000 8.7
2016-03-03T18:11:52+0000 9.0
2016-03-03T18:27:07+0000 9.0
2016-03-03T18:42:23+0000 9.0
2016-03-03T18:57:39+0000 9.1
2016-03-03T19:12:54+0000 9.1
2016-03-03T19:28:10+0000 8.9
2016-03-03T19:43:26+0000 8.9
2016-03-03T19:58:41+0000 8.6
2016-03-03T20:13:57+0000 8.5
2016-03-03T20:29:13+0000 8.4
2016-03-03T20:44:29+0000 8.4
2016-03-03T20:59:44+0000 8.5
2016-03-03T21:15:00+0000 8.6
2016-03-03T21:30:16+0000 8.4
2016-03-03T21:45:32+0000 8.4
2016-03-03T22:00:47+0000 8.4
2016-03-03T22:16:03+0000 8.2
2016-03-03T22:31:19+0000 8.4
2016-03-03T22:46:34+0000 8.5
2016-03-03T23:01:50+0000 8.4
2016-03-03T23:17:06+0000 8.2
2016-03-03T23:32:22+0000 8.3
2016-03-03T23:47:37+0000 8.1
