2016-08-09T00:00:15+0000 24.9
2016-08-09T00:15:30+0000 24.6
2016-08-09T00:30:44+0000 24.5
2016-08-09T00:45:59+0000 24.2
2016-08-09T01:01:14+0000 24.1
2016-08-09T01:16:28+0000 23.9
2016-08-09T01:31:43+0000 23.6
2016-08-09T01:46:57+0000 23.5
2016-08-09T02:02:12+0000 23.5
2016-08-09T02:17:27+0000 23.3
2016-08-09T02:32:41+0000 23.2
2016-08-09T02:47:56+0000 22.9
2016-08-09T03:03:11+0000 22.9
2016-08-09T03:18:25+0000 22.8
2016-08-09T03:33:40+0000 22.7
2016-08-09T03:48:55+0000 22.5
2016-08-09T04:04:10+0000 22.5
2016-08-09T04:19:24+0000 22.5
2016-08-09T04:34:39+0000 22.3
2016-08-09T04:49:54+0000 22.3
2016-08-09T05:05:08+0000 22.3
2016-08-09T05:20:23+0000 22.1
2016-08-09T05:35:38+0000 22.1
2016-08-09T05:50:53+0000 22.0
2016-08-09T06:06:08+0000 21.9
2016-08-09T06:21:22+0000 21.8
2016-08-09T06:36:37+0000 21.7
2016-08-09T06:51:52+0000 21.7
2016-08-09T07:07:07+0000 21.6
2016-08-09T07:22:22+0000 21.5
2016-08-09T07:37:36+0000 21.4
2016-08-09T07:52:51+0000 21.4
2016-08-09T08:08:06+0000 21.4
2016-08-09T08:23:21+0000 21.3
2016-08-09T08:38:36+0000 21.4
2016-08-09T08:53:51+0000 21.3
2016-08-09T09:09:06+0000 21.3
2016-08-09T09:24:20+0000 21.6
2016-08-09T09:39:35+0000 21.9
2016-08-09T09:54:50+0000 22.1
2016-08-09T10:10:05+0000 22.6
2016-08-09T10:25:20+0000 23.6
2016-08-09T10:40:34+0000 25.0
2016-08-09T10:55:49+0000 25.9
2016-08-09T11:11:04+0000 27.0
2016-08-09T11:26:18+0000 27.7
2016-08-09T11:41:33+0000 28.7
2016-08-09T11:56:47+0000 29.2
2016-08-09T12:12:01+0000 30.1
2016-08-09T12:27:16+0000 30.6
2016-08-09T12:42:30+0000 31.1
2016-08-09T12:57:44+0000 31.6
2016-08-09T13:12:58+0000 31.5
2016-08-09T13:28:13+0000 31.3
2016-08-09T13:43:27+0000 30.9
2016-08-09T13:58:41+0000 30.8
2016-08-09T14:13:55+0000 31.3
2016-08-09T14:29:09+0000 31.8
2016-08-09T14:44:24+0000 32.0
2016-08-09T14:59:38+0000 31.9
2016-08-09T15:14:52+0000 31.8
2016-08-09T15:30:06+0000 31.2
2016-08-09T15:45:20+0000 30.7
2016-08-09T16:00:34+0000 30.4
2016-08-09T16:15:49+0000 30.1
2016-08-09T16:31:03+0000 29.8
2016-08-09T16:46:17+0000 29.5
2016-08-09T17:01:31+0000 29.3
2016-08-09T17:16:46+0000 28.9
2016-08-09T17:32:00+0000 28.6
2016-08-09T17:47:14+0000 28.3
2016-08-09T18:02:29+0000 28.0
2016-08-09T18:17:43+0000 27.7
2016-08-09T18:32:57+0000 27.4
2016-08-09T18:48:12+0000 27.2
2016-08-09T19:03:26+0000 26.8
2016-08-09T19:18:41+0000 26.6
2016-08-09T19:33:55+0000 26.4
2016-08-09T19:49:10+0000 26.0
2016-08-09T20:04:24+0000 25.7
2016-08-09T20:19:39+0000 25.5
2016-08-09T20:34:53+0000 25.1
2016-08-09T20:50:08+0000 25.0
2016-08-09T21:05:23+0000 24.8
2016-08-09T21:20:37+0000 24.6
2016-08-09T21:35:52+0000 24.3
2016-08-09T21:51:06+0000 24.3
2016-08-09T22:06:21+0000 24.1
2016-08-09T22:21:35+0000 23.9
2016-08-09T22:36:50+0000 23.8
2016-08-09T22:52:05+0000 23.5
2016-08-09T23:07:19+0000 23.3
2016-08-09T23:22:34+0000 23.2
2016-08-09T23:37:49+0000 23.0
2016-08-09T23:53:03+0000 22.8
