2016-07-12T00:00:58+0000 25.8
2016-07-12T00:16:12+0000 25.5
2016-07-12T00:31:26+0000 25.3
2016-07-12T00:46:41+0000 25.1
2016-07-12T01:01:55+0000 25.1
2016-07-12T01:17:10+0000 25.0
2016-07-12T01:32:24+0000 24.8
2016-07-12T01:47:39+0000 24.8
2016-07-12T02:02:53+0000 24.6
2016-07-12T02:18:08+0000 24.6
2016-07-12T02:33:22+0000 24.5
2016-07-12T02:48:36+0000 24.3
2016-07-12T03:03:51+0000 24.4
2016-07-12T03:19:05+0000 24.2
2016-07-12T03:34:20+0000 24.1
2016-07-12T03:49:35+0000 23.9
2016-07-12T04:04:49+0000 24.0
2016-07-12T04:20:04+0000 23.9
2016-07-12T04:35:18+0000 23.8
2016-07-12T04:50:33+0000 23.7
2016-07-12T05:05:47+0000 23.7
2016-07-12T05:21:02+0000 23.6
2016-07-12T05:36:16+0000 23.6
2016-07-12T05:51:31+0000 23.5
2016-07-12T06:06:45+0000 23.4
2016-07-12T06:22:00+0000 23.5
2016-07-12T06:37:14+0000 23.6
2016-07-12T06:52:29+0000 23.6
2016-07-12T07:07:43+0000 23.8
2016-07-12T07:22:58+0000 23.9
2016-07-12T07:38:12+0000 24.2
2016-07-12T07:53:27+0000 24.3
2016-07-12T08:08:41+0000 24.4
2016-07-12T08:23:56+0000 24.9
2016-07-12T08:39:10+0000 25.0
2016-07-12T08:54:25+0000 25.2
2016-07-12T09:09:39+0000 25.2
2016-07-12T09:24:54+0000 25.4
2016-07-12T09:40:08+0000 25.2
2016-07-12T09:55:22+0000 25.3
2016-07-12T10:10:37+0000 25.4
2016-07-12T10:25:51+0000 25.8
2016-07-12T10:41:06+0000 26.5
2016-07-12T10:56:20+0000 27.3
2016-07-12T11:11:35+0000 27.7
2016-07-12T11:26:49+0000 28.0
2016-07-12T11:42:03+0000 28.5
2016-07-12T11:57:17+0000 28.7
2016-07-12T12:12:32+0000 29.0
2016-07-12T12:27:46+0000 29.1
2016-07-12T12:43:00+0000 29.4
2016-07-12T12:58:14+0000 29.5
2016-07-12T13:13:29+0000 29.5
2016-07-12T13:28:43+0000 29.6
2016-07-12T13:43:57+0000 29.9
2016-07-12T13:59:11+0000 30.2
2016-07-12T14:14:25+0000 30.6
2016-07-12T14:29:40+0000 30.8
2016-07-12T14:44:54+0000 30.8
2016-07-12T15:00:08+0000 30.6
2016-07-12T15:15:22+0000 30.4
2016-07-12T15:30:36+0000 30.1
2016-07-12T15:45:50+0000 30.0
2016-07-12T16:01:04+0000 29.8
2016-07-12T16:16:18+0000 29.6
2016-07-12T16:31:33+0000 29.3
2016-07-12T16:46:47+0000 29.3
2016-07-12T17:02:01+0000 29.1
2016-07-12T17:17:15+0000 29.1
2016-07-12T17:32:30+0000 29.2
2016-07-12T17:47:44+0000 29.3
2016-07-12T18:02:58+0000 29.3
2016-07-12T18:18:12+0000 29.2
2016-07-12T18:33:26+0000 29.1
2016-07-12T18:48:41+0000 28.8
2016-07-12T19:03:55+0000 28.5
2016-07-12T19:19:09+0000 28.2
2016-07-12T19:34:24+0000 27.8
2016-07-12T19:49:38+0000 27.3
2016-07-12T20:04:53+0000 26.9
2016-07-12T20:20:07+0000 26.4
2016-07-12T20:35:21+0000 26.0
2016-07-12T20:50:36+0000 25.7
2016-07-12T21:05:51+0000 25.3
2016-07-12T21:21:05+0000 25.4
2016-07-12T21:36:20+0000 25.1
2016-07-12T21:51:34+0000 24.8
2016-07-12T22:06:49+0000 24.6
2016-07-12T22:22:03+0000 24.4
2016-07-12T22:37:18+0000 24.3
2016-07-12T22:52:33+0000 24.2
2016-07-12T23:07:47+0000 23.8
2016-07-12T23:23:02+0000 23.6
2016-07-12T23:38:17+0000 23.6
2016-07-12T23:53:31+0000 23.3
