2016-08-21T00:03:30+0000 18.4
2016-08-21T00:18:45+0000 18.2
2016-08-21T00:34:00+0000 17.9
2016-08-21T00:49:15+0000 17.9
2016-08-21T01:04:30+0000 17.7
2016-08-21T01:19:45+0000 17.6
2016-08-21T01:35:00+0000 17.6
2016-08-21T01:50:15+0000 17.5
2016-08-21T02:05:30+0000 17.6
2016-08-21T02:20:45+0000 17.6
2016-08-21T02:36:00+0000 17.6
2016-08-21T02:51:15+0000 17.5
2016-08-21T03:06:30+0000 17.6
2016-08-21T03:21:45+0000 17.6
2016-08-21T03:37:00+0000 17.7
2016-08-21T03:52:15+0000 17.6
2016-08-21T04:07:31+0000 17.5
2016-08-21T04:22:46+0000 17.5
2016-08-21T04:38:01+0000 17.4
2016-08-21T04:53:16+0000 17.3
2016-08-21T05:08:31+0000 17.2
2016-08-21T05:23:46+0000 17.2
2016-08-21T05:39:01+0000 17.0
2016-08-21T05:54:16+0000 16.9
2016-08-21T06:09:31+0000 17.0
2016-08-21T06:24:46+0000 17.0
2016-08-21T06:40:02+0000 17.1
2016-08-21T06:55:17+0000 17.4
2016-08-21T07:10:32+0000 17.9
2016-08-21T07:25:47+0000 18.4
2016-08-21T07:41:02+0000 18.9
2016-08-21T07:56:17+0000 19.4
2016-08-21T08:11:32+0000 19.8
2016-08-21T08:26:47+0000 20.4
2016-08-21T08:42:02+0000 21.0
2016-08-21T08:57:17+0000 21.4
2016-08-21T09:12:32+0000 21.8
2016-08-21T09:27:46+0000 22.6
2016-08-21T09:43:01+0000 23.3
2016-08-21T09:58:16+0000 23.5
2016-08-21T10:13:31+0000 23.7
2016-08-21T10:28:46+0000 24.6
2016-08-21T10:44:00+0000 25.1
2016-08-21T10:59:15+0000 25.0
2016-08-21T11:14:30+0000 25.1
2016-08-21T11:29:44+0000 25.5
2016-08-21T11:44:59+0000 26.3
2016-08-21T12:00:14+0000 26.5
2016-08-21T12:15:28+0000 26.8
2016-08-21T12:30:43+0000 26.6
2016-08-21T12:45:57+0000 26.4
2016-08-21T13:01:12+0000 26.5
2016-08-21T13:16:26+0000 26.8
2016-08-21T13:31:41+0000 27.1
2016-08-21T13:46:55+0000 27.0
2016-08-21T14:02:10+0000 27.1
2016-08-21T14:17:24+0000 26.9
2016-08-21T14:32:39+0000 26.9
2016-08-21T14:47:53+0000 26.7
2016-08-21T15:03:08+0000 26.3
2016-08-21T15:18:22+0000 25.9
2016-08-21T15:33:37+0000 25.7
2016-08-21T15:48:51+0000 25.7
2016-08-21T16:04:06+0000 25.7
2016-08-21T16:19:20+0000 25.7
2016-08-21T16:34:35+0000 25.8
2016-08-21T16:49:49+0000 25.9
2016-08-21T17:05:04+0000 26.0
2016-08-21T17:20:19+0000 25.7
2016-08-21T17:35:33+0000 25.3
2016-08-21T17:50:48+0000 25.0
2016-08-21T18:06:02+0000 24.5
2016-08-21T18:21:17+0000 24.3
2016-08-21T18:36:31+0000 24.1
2016-08-21T18:51:46+0000 23.7
2016-08-21T19:07:01+0000 23.5
2016-08-21T19:22:16+0000 23.2
2016-08-21T19:37:30+0000 23.1
2016-08-21T19:52:45+0000 22.8
2016-08-21T20:08:00+0000 22.6
2016-08-21T20:23:14+0000 22.5
2016-08-21T20:38:29+0000 22.4
2016-08-21T20:53:44+0000 22.1
2016-08-21T21:08:58+0000 21.9
2016-08-21T21:24:13+0000 21.7
2016-08-21T21:39:28+0000 21.6
2016-08-21T21:54:43+0000 21.3
2016-08-21T22:09:58+0000 21.1
2016-08-21T22:25:12+0000 20.8
2016-08-21T22:40:27+0000 20.7
2016-08-21T22:55:42+0000 20.5
2016-08-21T23:10:57+0000 20.2
2016-08-21T23:26:12+0000 20.1
2016-08-21T23:41:27+0000 19.9
2016-08-21T23:56:42+0000 19.8
