2016-08-04T00:05:47+0000 24.3
2016-08-04T00:21:02+0000 24.1
2016-08-04T00:36:16+0000 23.9
2016-08-04T00:51:31+0000 23.6
2016-08-04T01:06:46+0000 23.5
2016-08-04T01:22:00+0000 23.3
2016-08-04T01:37:15+0000 23.1
2016-08-04T01:52:29+0000 22.9
2016-08-04T02:07:44+0000 22.8
2016-08-04T02:22:58+0000 22.7
2016-08-04T02:38:13+0000 22.5
2016-08-04T02:53:28+0000 22.4
2016-08-04T03:08:42+0000 22.2
2016-08-04T03:23:57+0000 22.1
2016-08-04T03:39:11+0000 21.9
2016-08-04T03:54:26+0000 21.7
2016-08-04T04:09:41+0000 21.5
2016-08-04T04:24:55+0000 21.4
2016-08-04T04:40:10+0000 21.3
2016-08-04T04:55:25+0000 21.1
2016-08-04T05:10:39+0000 21.0
2016-08-04T05:25:54+0000 20.8
2016-08-04T05:41:09+0000 20.8
2016-08-04T05:56:24+0000 20.9
2016-08-04T06:11:38+0000 21.1
2016-08-04T06:26:53+0000 21.2
2016-08-04T06:42:08+0000 21.3
2016-08-04T06:57:23+0000 21.4
2016-08-04T07:12:37+0000 21.5
2016-08-04T07:27:52+0000 21.8
2016-08-04T07:43:07+0000 21.9
2016-08-04T07:58:22+0000 22.2
2016-08-04T08:13:36+0000 22.4
2016-08-04T08:28:51+0000 22.6
2016-08-04T08:44:06+0000 23.1
2016-08-04T08:59:21+0000 23.5
2016-08-04T09:14:35+0000 24.0
2016-08-04T09:29:50+0000 24.6
2016-08-04T09:45:05+0000 25.4
2016-08-04T10:00:20+0000 25.9
2016-08-04T10:15:34+0000 26.5
2016-08-04T10:30:49+0000 27.3
2016-08-04T10:46:03+0000 27.7
2016-08-04T11:01:18+0000 28.5
2016-08-04T11:16:32+0000 28.9
2016-08-04T11:31:47+0000 29.3
2016-08-04T11:47:01+0000 29.5
2016-08-04T12:02:15+0000 29.6
2016-08-04T12:17:30+0000 29.7
2016-08-04T12:32:44+0000 30.2
2016-08-04T12:47:59+0000 31.0
2016-08-04T13:03:13+0000 31.4
2016-08-04T13:18:27+0000 31.4
2016-08-04T13:33:41+0000 31.2
2016-08-04T13:48:55+0000 31.1
2016-08-04T14:04:10+0000 30.6
2016-08-04T14:19:24+0000 30.2
2016-08-04T14:34:38+0000 29.9
2016-08-04T14:49:53+0000 29.8
2016-08-04T15:05:07+0000 29.6
2016-08-04T15:20:21+0000 29.4
2016-08-04T15:35:36+0000 29.0
2016-08-04T15:50:50+0000 28.5
2016-08-04T16:06:04+0000 27.9
2016-08-04T16:21:19+0000 27.6
2016-08-04T16:36:33+0000 27.2
2016-08-04T16:51:48+0000 26.9
2016-08-04T17:07:02+0000 26.5
2016-08-04T17:22:17+0000 26.3
2016-08-04T17:37:31+0000 25.9
2016-08-04T17:52:46+0000 25.5
2016-08-04T18:08:00+0000 25.3
2016-08-04T18:23:15+0000 24.9
2016-08-04T18:38:29+0000 24.6
2016-08-04T18:53:44+0000 24.5
2016-08-04T19:08:59+0000 24.3
2016-08-04T19:24:13+0000 24.2
2016-08-04T19:39:28+0000 23.8
2016-08-04T19:54:43+0000 23.8
2016-08-04T20:09:57+0000 23.7
2016-08-04T20:25:12+0000 23.4
2016-08-04T20:40:27+0000 23.2
2016-08-04T20:55:41+0000 23.2
2016-08-04T21:10:56+0000 23.0
2016-08-04T21:26:11+0000 22.9
2016-08-04T21:41:26+0000 22.8
2016-08-04T21:56:40+0000 22.7
2016-08-04T22:11:55+0000 22.6
2016-08-04T22:27:10+0000 22.4
2016-08-04T22:42:25+0000 22.3
2016-08-04T22:57:39+0000 22.1
2016-08-04T23:12:54+0000 22.1
2016-08-04T23:28:09+0000 22.0
2016-08-04T23:43:24+0000 21.8
2016-08-04T23:58:39+0000 21.8
