2016-01-18T00:14:38+0000 2.6
2016-01-18T00:29:54+0000 2.4
2016-01-18T00:45:10+0000 2.4
2016-01-18T01:00:26+0000 2.2
2016-01-18T01:15:42+0000 2.1
2016-01-18T01:30:58+0000 2.1
2016-01-18T01:46:14+0000 2.1
2016-01-18T02:01:30+0000 2.2
2016-01-18T02:16:46+0000 2.1
2016-01-18T02:32:02+0000 1.8
2016-01-18T02:47:18+0000 1.8
2016-01-18T03:02:34+0000 1.7
2016-01-18T03:17:50+0000 1.6
2016-01-18T03:33:06+0000 1.5
2016-01-18T03:48:22+0000 1.5
2016-01-18T04:03:38+0000 1.3
2016-01-18T04:18:54+0000 1.3
2016-01-18T04:34:10+0000 1.2
2016-01-18T04:49:27+0000 1.1
2016-01-18T05:04:43+0000 1.0
2016-01-18T05:19:59+0000 1.0
2016-01-18T05:35:15+0000 0.8
2016-01-18T05:50:31+0000 0.8
2016-01-18T06:05:47+0000 0.7
2016-01-18T06:21:03+0000 0.6
2016-01-18T06:36:19+0000 0.6
2016-01-18T06:51:36+0000 0.8
2016-01-18T07:06:52+0000 0.5
2016-01-18T07:22:08+0000 0.6
2016-01-18T07:37:24+0000 0.9
2016-01-18T07:52:40+0000 0.9
2016-01-18T08:07:56+0000 1.0
2016-01-18T08:23:12+0000 0.6
2016-01-18T08:38:29+0000 0.8
2016-01-18T08:53:45+0000 0.9
2016-01-18T09:09:01+0000 0.9
2016-01-18T09:24:17+0000 1.3
2016-01-18T09:39:33+0000 1.8
2016-01-18T09:54:49+0000 2.0
2016-01-18T10:10:06+0000 2.2
2016-01-18T10:25:22+0000 2.6
2016-01-18T10:40:38+0000 3.2
2016-01-18T10:55:54+0000 3.6
2016-01-18T11:11:10+0000 3.7
2016-01-18T11:26:27+0000 4.2
2016-01-18T11:41:43+0000 4.4
2016-01-18T11:56:59+0000 4.8
2016-01-18T12:12:15+0000 4.9
2016-01-18T12:27:31+0000 5.2
2016-01-18T12:42:47+0000 5.4
2016-01-18T12:58:03+0000 5.6
2016-01-18T13:13:19+0000 5.8
2016-01-18T13:28:35+0000 5.9
2016-01-18T13:43:51+0000 6.0
2016-01-18T13:59:07+0000 6.0
2016-01-18T14:14:23+0000 5.9
2016-01-18T14:29:39+0000 5.7
2016-01-18T14:44:55+0000 5.6
2016-01-18T15:00:11+0000 5.4
2016-01-18T15:15:27+0000 5.2
2016-01-18T15:30:43+0000 5.0
2016-01-18T15:45:59+0000 5.0
2016-01-18T16:01:15+0000 4.8
2016-01-18T16:16:31+0000 4.8
2016-01-18T16:31:47+0000 4.7
2016-01-18T16:47:03+0000 4.5
2016-01-18T17:02:19+0000 4.1
2016-01-18T17:17:35+0000 4.0
2016-01-18T17:32:51+0000 3.8
2016-01-18T17:48:07+0000 3.7
2016-01-18T18:03:23+0000 3.5
2016-01-18T18:18:39+0000 3.4
2016-01-18T18:33:55+0000 3.3
2016-01-18T18:49:11+0000 3.2
2016-01-18T19:04:27+0000 3.1
2016-01-18T19:19:43+0000 3.4
2016-01-18T19:34:59+0000 3.0
2016-01-18T19:50:16+0000 3.0
2016-01-18T20:05:32+0000 3.1
2016-01-18T20:20:48+0000 2.9
2016-01-18T20:36:05+0000 2.6
2016-01-18T20:51:21+0000 2.6
2016-01-18T21:06:37+0000 2.4
2016-01-18T21:21:53+0000 2.3
2016-01-18T21:37:09+0000 2.3
2016-01-18T21:52:25+0000 2.2
2016-01-18T22:07:41+0000 2.1
2016-01-18T22:22:57+0000 2.2
2016-01-18T22:38:13+0000 2.1
2016-01-18T22:53:30+0000 1.9
2016-01-18T23:08:46+0000 1.8
2016-01-18T23:24:02+0000 1.8
2016-01-18T23:39:18+0000 1.6
2016-01-18T23:54:34+0000 1.4
