2016-09-16T00:08:26+0000 22.0
2016-09-16T00:23:40+0000 21.9
2016-09-16T00:38:55+0000 21.9
2016-09-16T00:54:10+0000 21.8
2016-09-16T01:09:25+0000 21.8
2016-09-16T01:24:40+0000 21.6
2016-09-16T01:39:55+0000 21.6
2016-09-16T01:55:10+0000 21.6
2016-09-16T02:10:25+0000 21.4
2016-09-16T02:25:40+0000 21.4
2016-09-16T02:40:55+0000 21.3
2016-09-16T02:56:10+0000 21.2
2016-09-16T03:11:25+0000 21.1
2016-09-16T03:26:40+0000 21.1
2016-09-16T03:41:55+0000 21.0
2016-09-16T03:57:10+0000 21.0
2016-09-16T04:12:25+0000 20.8
2016-09-16T04:27:40+0000 20.7
2016-09-16T04:42:55+0000 20.5
2016-09-16T04:58:10+0000 20.4
2016-09-16T05:13:25+0000 20.3
2016-09-16T05:28:40+0000 20.2
2016-09-16T05:43:55+0000 20.0
2016-09-16T05:59:10+0000 20.0
2016-09-16T06:14:25+0000 20.0
2016-09-16T06:29:40+0000 19.9
2016-09-16T06:44:55+0000 20.0
2016-09-16T07:00:10+0000 19.9
2016-09-16T07:15:25+0000 19.8
2016-09-16T07:30:40+0000 19.8
2016-09-16T07:45:55+0000 20.0
2016-09-16T08:01:10+0000 20.1
2016-09-16T08:16:25+0000 20.1
2016-09-16T08:31:40+0000 20.2
2016-09-16T08:46:55+0000 20.4
2016-09-16T09:02:10+0000 20.7
2016-09-16T09:17:25+0000 21.1
2016-09-16T09:32:40+0000 21.5
2016-09-16T09:47:55+0000 21.8
2016-09-16T10:03:10+0000 22.1
2016-09-16T10:18:25+0000 22.1
2016-09-16T10:33:40+0000 22.1
2016-09-16T10:48:55+0000 22.1
2016-09-16T11:04:10+0000 22.2
2016-09-16T11:19:25+0000 22.1
2016-09-16T11:34:40+0000 22.5
2016-09-16T11:49:55+0000 22.8
2016-09-16T12:05:10+0000 23.3
2016-09-16T12:20:24+0000 23.6
2016-09-16T12:35:39+0000 23.7
2016-09-16T12:50:54+0000 23.9
2016-09-16T13:06:09+0000 23.9
2016-09-16T13:21:24+0000 23.9
2016-09-16T13:36:39+0000 23.8
2016-09-16T13:51:53+0000 23.9
2016-09-16T14:07:08+0000 24.0
2016-09-16T14:22:23+0000 24.0
2016-09-16T14:37:38+0000 24.2
2016-09-16T14:52:53+0000 24.3
2016-09-16T15:08:08+0000 24.3
2016-09-16T15:23:22+0000 24.4
2016-09-16T15:38:37+0000 24.5
2016-09-16T15:53:52+0000 24.5
2016-09-16T16:09:07+0000 24.5
2016-09-16T16:24:22+0000 24.4
2016-09-16T16:39:37+0000 24.3
2016-09-16T16:54:51+0000 24.2
2016-09-16T17:10:06+0000 24.1
2016-09-16T17:25:21+0000 23.8
2016-09-16T17:40:36+0000 23.8
2016-09-16T17:55:51+0000 23.6
2016-09-16T18:11:06+0000 23.4
2016-09-16T18:26:20+0000 23.2
2016-09-16T18:41:35+0000 23.0
2016-09-16T18:56:50+0000 22.8
2016-09-16T19:12:05+0000 22.5
2016-09-16T19:27:20+0000 22.1
2016-09-16T19:42:35+0000 22.0
2016-09-16T19:57:50+0000 21.6
2016-09-16T20:13:05+0000 21.5
2016-09-16T20:28:20+0000 21.3
2016-09-16T20:43:35+0000 21.3
2016-09-16T20:58:50+0000 21.3
2016-09-16T21:14:05+0000 21.1
2016-09-16T21:29:20+0000 21.0
2016-09-16T21:44:35+0000 20.8
2016-09-16T21:59:50+0000 20.7
2016-09-16T22:15:05+0000 20.5
2016-09-16T22:30:20+0000 20.3
2016-09-16T22:45:35+0000 20.1
2016-09-16T23:00:50+0000 20.0
2016-09-16T23:16:05+0000 19.8
2016-09-16T23:31:20+0000 19.7
2016-09-16T23:46:35+0000 19.6
