2016-08-06T00:06:58+0000 21.1
2016-08-06T00:22:13+0000 20.9
2016-08-06T00:37:28+0000 20.7
2016-08-06T00:52:42+0000 20.6
2016-08-06T01:07:57+0000 20.3
2016-08-06T01:23:12+0000 20.2
2016-08-06T01:38:27+0000 20.0
2016-08-06T01:53:42+0000 20.0
2016-08-06T02:08:57+0000 19.8
2016-08-06T02:24:12+0000 19.7
2016-08-06T02:39:27+0000 19.4
2016-08-06T02:54:42+0000 19.4
2016-08-06T03:09:57+0000 19.2
2016-08-06T03:25:12+0000 19.1
2016-08-06T03:40:27+0000 18.9
2016-08-06T03:55:42+0000 19.0
2016-08-06T04:10:57+0000 18.9
2016-08-06T04:26:12+0000 18.8
2016-08-06T04:41:27+0000 18.9
2016-08-06T04:56:42+0000 18.7
2016-08-06T05:11:57+0000 18.7
2016-08-06T05:27:12+0000 18.5
2016-08-06T05:42:27+0000 18.7
2016-08-06T05:57:42+0000 18.7
2016-08-06T06:12:57+0000 18.6
2016-08-06T06:28:12+0000 18.7
2016-08-06T06:43:28+0000 18.9
2016-08-06T06:58:43+0000 19.1
2016-08-06T07:13:58+0000 19.2
2016-08-06T07:29:13+0000 19.7
2016-08-06T07:44:28+0000 20.1
2016-08-06T07:59:43+0000 20.8
2016-08-06T08:14:58+0000 21.3
2016-08-06T08:30:13+0000 22.2
2016-08-06T08:45:28+0000 22.8
2016-08-06T09:00:43+0000 23.2
2016-08-06T09:15:57+0000 23.8
2016-08-06T09:31:12+0000 24.7
2016-08-06T09:46:27+0000 25.5
2016-08-06T10:01:42+0000 26.1
2016-08-06T10:16:57+0000 26.8
2016-08-06T10:32:11+0000 27.6
2016-08-06T10:47:26+0000 28.3
2016-08-06T11:02:41+0000 28.7
2016-08-06T11:17:55+0000 29.3
2016-08-06T11:33:10+0000 29.6
2016-08-06T11:48:24+0000 29.9
2016-08-06T12:03:39+0000 30.2
2016-08-06T12:18:53+0000 30.3
2016-08-06T12:34:08+0000 31.2
2016-08-06T12:49:22+0000 31.4
2016-08-06T13:04:36+0000 30.9
2016-08-06T13:19:50+0000 30.2
2016-08-06T13:35:05+0000 29.5
2016-08-06T13:50:19+0000 29.0
2016-08-06T14:05:34+0000 28.9
2016-08-06T14:20:48+0000 28.9
2016-08-06T14:36:02+0000 28.9
2016-08-06T14:51:17+0000 28.7
2016-08-06T15:06:31+0000 28.5
2016-08-06T15:21:46+0000 28.6
2016-08-06T15:37:00+0000 28.7
2016-08-06T15:52:15+0000 28.6
2016-08-06T16:07:29+0000 28.4
2016-08-06T16:22:43+0000 28.2
2016-08-06T16:37:58+0000 28.0
2016-08-06T16:53:12+0000 28.0
2016-08-06T17:08:27+0000 28.2
2016-08-06T17:23:41+0000 28.4
2016-08-06T17:38:56+0000 28.6
2016-08-06T17:54:10+0000 28.5
2016-08-06T18:09:25+0000 28.5
2016-08-06T18:24:39+0000 28.5
2016-08-06T18:39:53+0000 28.3
2016-08-06T18:55:08+0000 28.1
2016-08-06T19:10:22+0000 27.9
2016-08-06T19:25:37+0000 27.6
2016-08-06T19:40:51+0000 27.2
2016-08-06T19:56:06+0000 26.6
2016-08-06T20:11:20+0000 26.3
2016-08-06T20:26:35+0000 25.9
2016-08-06T20:41:49+0000 25.5
2016-08-06T20:57:04+0000 25.2
2016-08-06T21:12:18+0000 24.9
2016-08-06T21:27:33+0000 24.5
2016-08-06T21:42:48+0000 24.2
2016-08-06T21:58:02+0000 23.9
2016-08-06T22:13:17+0000 23.7
2016-08-06T22:28:32+0000 23.3
2016-08-06T22:43:46+0000 23.2
2016-08-06T22:59:01+0000 22.9
2016-08-06T23:14:16+0000 22.7
2016-08-06T23:29:31+0000 22.4
2016-08-06T23:44:45+0000 22.1
