2016-06-21T00:05:47+0000 22.6
2016-06-21T00:21:01+0000 22.3
2016-06-21T00:36:16+0000 22.2
2016-06-21T00:51:31+0000 21.8
2016-06-21T01:06:46+0000 21.8
2016-06-21T01:22:00+0000 21.6
2016-06-21T01:37:15+0000 21.5
2016-06-21T01:52:30+0000 21.4
2016-06-21T02:07:45+0000 21.2
2016-06-21T02:22:59+0000 21.1
2016-06-21T02:38:14+0000 21.0
2016-06-21T02:53:29+0000 20.9
2016-06-21T03:08:44+0000 20.7
2016-06-21T03:23:58+0000 20.7
2016-06-21T03:39:13+0000 20.6
2016-06-21T03:54:28+0000 20.5
2016-06-21T04:09:43+0000 20.4
2016-06-21T04:24:58+0000 20.5
2016-06-21T04:40:12+0000 20.4
2016-06-21T04:55:27+0000 20.3
2016-06-21T05:10:42+0000 20.3
2016-06-21T05:25:57+0000 20.2
2016-06-21T05:41:12+0000 20.2
2016-06-21T05:56:27+0000 20.2
2016-06-21T06:11:42+0000 20.3
2016-06-21T06:26:57+0000 20.3
2016-06-21T06:42:11+0000 20.4
2016-06-21T06:57:26+0000 20.5
2016-06-21T07:12:41+0000 20.7
2016-06-21T07:27:56+0000 20.9
2016-06-21T07:43:11+0000 21.3
2016-06-21T07:58:26+0000 21.5
2016-06-21T08:13:41+0000 21.6
2016-06-21T08:28:55+0000 21.9
2016-06-21T08:44:10+0000 22.2
2016-06-21T08:59:25+0000 22.8
2016-06-21T09:14:39+0000 23.1
2016-06-21T09:29:54+0000 23.5
2016-06-21T09:45:09+0000 23.9
2016-06-21T10:00:24+0000 24.5
2016-06-21T10:15:38+0000 25.2
2016-06-21T10:30:53+0000 25.7
2016-06-21T10:46:07+0000 26.1
2016-06-21T11:01:22+0000 26.7
2016-06-21T11:16:37+0000 26.5
2016-06-21T11:31:51+0000 27.0
2016-06-21T11:47:06+0000 27.5
2016-06-21T12:02:20+0000 27.6
2016-06-21T12:17:35+0000 27.5
2016-06-21T12:32:49+0000 27.4
2016-06-21T12:48:03+0000 27.4
2016-06-21T13:03:18+0000 27.2
2016-06-21T13:18:32+0000 27.1
2016-06-21T13:33:47+0000 27.2
2016-06-21T13:49:01+0000 27.2
2016-06-21T14:04:16+0000 27.3
2016-06-21T14:19:30+0000 27.3
2016-06-21T14:34:45+0000 27.2
2016-06-21T14:49:59+0000 27.4
2016-06-21T15:05:13+0000 27.7
2016-06-21T15:20:28+0000 27.8
2016-06-21T15:35:42+0000 27.9
2016-06-21T15:50:56+0000 28.0
2016-06-21T16:06:11+0000 28.2
2016-06-21T16:21:25+0000 28.3
2016-06-21T16:36:39+0000 28.1
2016-06-21T16:51:53+0000 28.4
2016-06-21T17:07:08+0000 28.6
2016-06-21T17:22:22+0000 28.8
2016-06-21T17:37:36+0000 28.8
2016-06-21T17:52:50+0000 28.7
2016-06-21T18:08:04+0000 28.6
2016-06-21T18:23:19+0000 28.3
2016-06-21T18:38:33+0000 28.0
2016-06-21T18:53:47+0000 27.6
2016-06-21T19:09:01+0000 27.3
2016-06-21T19:24:16+0000 26.9
2016-06-21T19:39:30+0000 26.6
2016-06-21T19:54:44+0000 26.5
2016-06-21T20:09:59+0000 26.3
2016-06-21T20:25:13+0000 26.0
2016-06-21T20:40:27+0000 25.8
2016-06-21T20:55:42+0000 25.6
2016-06-21T21:10:56+0000 25.3
2016-06-21T21:26:11+0000 25.2
2016-06-21T21:41:25+0000 24.9
2016-06-21T21:56:40+0000 24.8
2016-06-21T22:11:54+0000 24.5
2016-06-21T22:27:09+0000 24.3
2016-06-21T22:42:23+0000 24.3
2016-06-21T22:57:38+0000 24.1
2016-06-21T23:12:53+0000 24.0
2016-06-21T23:28:07+0000 24.0
2016-06-21T23:43:22+0000 23.7
2016-06-21T23:58:37+0000 23.5
