2016-07-14T00:01:57+0000 19.4
2016-07-14T00:17:12+0000 19.4
2016-07-14T00:32:27+0000 19.2
2016-07-14T00:47:42+0000 19.1
2016-07-14T01:02:57+0000 19.1
2016-07-14T01:18:12+0000 19.1
2016-07-14T01:33:27+0000 18.9
2016-07-14T01:48:42+0000 18.8
2016-07-14T02:03:57+0000 18.7
2016-07-14T02:19:12+0000 18.7
2016-07-14T02:34:27+0000 18.5
2016-07-14T02:49:42+0000 18.5
2016-07-14T03:04:57+0000 18.4
2016-07-14T03:20:12+0000 18.4
2016-07-14T03:35:27+0000 18.3
2016-07-14T03:50:42+0000 18.2
2016-07-14T04:05:57+0000 18.1
2016-07-14T04:21:12+0000 18.0
2016-07-14T04:36:27+0000 17.9
2016-07-14T04:51:42+0000 17.9
2016-07-14T05:06:57+0000 17.8
2016-07-14T05:22:12+0000 17.8
2016-07-14T05:37:27+0000 17.7
2016-07-14T05:52:42+0000 17.8
2016-07-14T06:07:58+0000 17.9
2016-07-14T06:23:13+0000 17.9
2016-07-14T06:38:28+0000 17.9
2016-07-14T06:53:43+0000 18.1
2016-07-14T07:08:58+0000 18.6
2016-07-14T07:24:13+0000 18.9
2016-07-14T07:39:28+0000 19.0
2016-07-14T07:54:43+0000 19.0
2016-07-14T08:09:58+0000 19.2
2016-07-14T08:25:13+0000 19.4
2016-07-14T08:40:28+0000 19.7
2016-07-14T08:55:43+0000 20.2
2016-07-14T09:10:59+0000 20.9
2016-07-14T09:26:14+0000 21.9
2016-07-14T09:41:28+0000 22.3
2016-07-14T09:56:43+0000 23.2
2016-07-14T10:11:58+0000 23.5
2016-07-14T10:27:13+0000 24.8
2016-07-14T10:42:28+0000 24.9
2016-07-14T10:57:43+0000 25.3
2016-07-14T11:12:57+0000 25.9
2016-07-14T11:28:12+0000 26.5
2016-07-14T11:43:27+0000 27.4
2016-07-14T11:58:42+0000 28.4
2016-07-14T12:13:56+0000 28.4
2016-07-14T12:29:11+0000 28.9
2016-07-14T12:44:25+0000 29.8
2016-07-14T12:59:40+0000 30.1
2016-07-14T13:14:54+0000 29.9
2016-07-14T13:30:09+0000 30.6
2016-07-14T13:45:23+0000 30.4
2016-07-14T14:00:37+0000 29.5
2016-07-14T14:15:52+0000 29.7
2016-07-14T14:31:06+0000 29.9
2016-07-14T14:46:20+0000 29.7
2016-07-14T15:01:35+0000 30.2
2016-07-14T15:16:49+0000 30.4
2016-07-14T15:32:03+0000 30.4
2016-07-14T15:47:18+0000 29.9
2016-07-14T16:02:32+0000 28.3
2016-07-14T16:17:46+0000 27.2
2016-07-14T16:33:01+0000 26.6
2016-07-14T16:48:15+0000 26.4
2016-07-14T17:03:30+0000 26.5
2016-07-14T17:18:44+0000 26.4
2016-07-14T17:33:59+0000 26.2
2016-07-14T17:49:13+0000 26.3
2016-07-14T18:04:28+0000 26.2
2016-07-14T18:19:42+0000 26.1
2016-07-14T18:34:57+0000 25.8
2016-07-14T18:50:12+0000 25.2
2016-07-14T19:05:26+0000 25.0
2016-07-14T19:20:41+0000 24.8
2016-07-14T19:35:55+0000 24.5
2016-07-14T19:51:10+0000 24.3
2016-07-14T20:06:25+0000 23.8
2016-07-14T20:21:40+0000 23.5
2016-07-14T20:36:54+0000 23.2
2016-07-14T20:52:09+0000 22.8
2016-07-14T21:07:24+0000 22.5
2016-07-14T21:22:39+0000 22.1
2016-07-14T21:37:53+0000 21.9
2016-07-14T21:53:08+0000 21.6
2016-07-14T22:08:23+0000 21.4
2016-07-14T22:23:38+0000 21.3
2016-07-14T22:38:53+0000 21.1
2016-07-14T22:54:08+0000 20.9
2016-07-14T23:09:23+0000 20.6
2016-07-14T23:24:38+0000 20.3
2016-07-14T23:39:53+0000 20.2
2016-07-14T23:55:08+0000 20.0
