2016-09-23T00:09:43+0000 18.0
2016-09-23T00:24:58+0000 17.9
2016-09-23T00:40:14+0000 17.7
2016-09-23T00:55:29+0000 17.6
2016-09-23T01:10:44+0000 17.4
2016-09-23T01:25:59+0000 17.3
2016-09-23T01:41:14+0000 17.1
2016-09-23T01:56:29+0000 16.9
2016-09-23T02:11:45+0000 16.9
2016-09-23T02:27:00+0000 16.6
2016-09-23T02:42:15+0000 16.5
2016-09-23T02:57:30+0000 16.3
2016-09-23T03:12:46+0000 16.2
2016-09-23T03:28:01+0000 16.1
2016-09-23T03:43:16+0000 15.9
2016-09-23T03:58:31+0000 15.8
2016-09-23T04:13:47+0000 15.6
2016-09-23T04:29:02+0000 15.5
2016-09-23T04:44:17+0000 15.3
2016-09-23T04:59:32+0000 15.3
2016-09-23T05:14:48+0000 15.1
2016-09-23T05:30:03+0000 14.9
2016-09-23T05:45:18+0000 14.9
2016-09-23T06:00:34+0000 14.9
2016-09-23T06:15:49+0000 14.9
2016-09-23T06:31:04+0000 15.0
2016-09-23T06:46:20+0000 14.9
2016-09-23T07:01:35+0000 15.1
2016-09-23T07:16:50+0000 15.3
2016-09-23T07:32:06+0000 15.7
2016-09-23T07:47:21+0000 16.1
2016-09-23T08:02:36+0000 16.4
2016-09-23T08:17:51+0000 16.8
2016-09-23T08:33:07+0000 17.2
2016-09-23T08:48:22+0000 17.7
2016-09-23T09:03:37+0000 18.0
2016-09-23T09:18:52+0000 18.5
2016-09-23T09:34:08+0000 19.3
2016-09-23T09:49:23+0000 20.2
2016-09-23T10:04:38+0000 21.1
2016-09-23T10:19:53+0000 21.6
2016-09-23T10:35:08+0000 22.3
2016-09-23T10:50:23+0000 22.9
2016-09-23T11:05:38+0000 23.5
2016-09-23T11:20:53+0000 24.1
2016-09-23T11:36:08+0000 24.7
2016-09-23T11:51:23+0000 25.2
2016-09-23T12:06:38+0000 25.6
2016-09-23T12:21:53+0000 26.1
2016-09-23T12:37:07+0000 26.4
2016-09-23T12:52:22+0000 26.5
2016-09-23T13:07:37+0000 26.8
2016-09-23T13:22:51+0000 27.0
2016-09-23T13:38:06+0000 27.0
2016-09-23T13:53:21+0000 27.0
2016-09-23T14:08:35+0000 27.5
2016-09-23T14:23:50+0000 27.9
2016-09-23T14:39:05+0000 27.9
2016-09-23T14:54:19+0000 28.0
2016-09-23T15:09:34+0000 28.1
2016-09-23T15:24:48+0000 28.1
2016-09-23T15:40:03+0000 27.9
2016-09-23T15:55:18+0000 27.8
2016-09-23T16:10:32+0000 27.8
2016-09-23T16:25:47+0000 27.7
2016-09-23T16:41:01+0000 27.6
2016-09-23T16:56:16+0000 27.3
2016-09-23T17:11:31+0000 27.0
2016-09-23T17:26:45+0000 26.8
2016-09-23T17:42:00+0000 26.5
2016-09-23T17:57:15+0000 26.0
2016-09-23T18:12:29+0000 25.4
2016-09-23T18:27:44+0000 25.0
2016-09-23T18:42:59+0000 24.5
2016-09-23T18:58:14+0000 23.9
2016-09-23T19:13:29+0000 23.3
2016-09-23T19:28:43+0000 23.1
2016-09-23T19:43:58+0000 22.6
2016-09-23T19:59:13+0000 22.4
2016-09-23T20:14:28+0000 21.8
2016-09-23T20:29:43+0000 21.6
2016-09-23T20:44:58+0000 21.3
2016-09-23T21:00:13+0000 21.1
2016-09-23T21:15:28+0000 20.8
2016-09-23T21:30:43+0000 20.5
2016-09-23T21:45:58+0000 20.1
2016-09-23T22:01:13+0000 19.9
2016-09-23T22:16:28+0000 19.7
2016-09-23T22:31:43+0000 19.4
2016-09-23T22:46:58+0000 19.1
2016-09-23T23:02:13+0000 18.9
2016-09-23T23:17:29+0000 18.7
2016-09-23T23:32:44+0000 18.4
2016-09-23T23:47:59+0000 18.3
