2015-12-04T00:00:57+0000 19.4
2015-12-04T00:16:12+0000 19.2
2015-12-04T00:31:26+0000 18.9
2015-12-04T00:46:41+0000 18.7
2015-12-04T01:01:56+0000 18.7
2015-12-04T01:17:11+0000 18.7
2015-12-04T01:32:26+0000 18.5
2015-12-04T01:47:41+0000 18.4
2015-12-04T02:02:55+0000 18.3
2015-12-04T02:18:10+0000 18.2
2015-12-04T02:33:25+0000 18.1
2015-12-04T02:48:40+0000 18.1
2015-12-04T03:03:55+0000 18.1
2015-12-04T03:19:09+0000 18.0
2015-12-04T03:34:24+0000 17.9
2015-12-04T03:49:39+0000 17.8
2015-12-04T04:04:54+0000 17.8
2015-12-04T04:20:09+0000 17.7
2015-12-04T04:35:24+0000 17.7
2015-12-04T04:50:39+0000 17.7
2015-12-04T05:05:53+0000 17.7
2015-12-04T05:21:08+0000 17.6
2015-12-04T05:36:23+0000 17.6
2015-12-04T05:51:38+0000 17.5
2015-12-04T06:06:53+0000 17.5
2015-12-04T06:22:08+0000 17.4
2015-12-04T06:37:23+0000 17.4
2015-12-04T06:52:38+0000 17.4
2015-12-04T07:07:52+0000 17.4
2015-12-04T07:23:07+0000 17.4
2015-12-04T07:38:22+0000 17.3
2015-12-04T07:53:37+0000 17.3
2015-12-04T08:08:52+0000 17.3
2015-12-04T08:24:07+0000 17.2
2015-12-04T08:39:22+0000 17.3
2015-12-04T08:54:37+0000 17.3
2015-12-04T09:09:51+0000 17.3
2015-12-04T09:25:06+0000 17.3
2015-12-04T09:40:21+0000 17.4
2015-12-04T09:55:36+0000 17.4
2015-12-04T10:10:51+0000 17.5
2015-12-04T10:26:06+0000 17.4
2015-12-04T10:41:21+0000 17.5
2015-12-04T10:56:35+0000 17.6
2015-12-04T11:11:50+0000 17.6
2015-12-04T11:27:05+0000 17.6
2015-12-04T11:42:20+0000 17.5
2015-12-04T11:57:35+0000 17.6
2015-12-04T12:12:50+0000 17.6
2015-12-04T12:28:05+0000 17.7
2015-12-04T12:43:19+0000 17.6
2015-12-04T12:58:34+0000 17.5
2015-12-04T13:13:49+0000 17.6
2015-12-04T13:29:04+0000 17.6
2015-12-04T13:44:19+0000 17.6
2015-12-04T13:59:33+0000 17.6
2015-12-04T14:14:48+0000 17.6
2015-12-04T14:30:03+0000 17.6
2015-12-04T14:45:18+0000 17.6
2015-12-04T15:00:33+0000 17.6
2015-12-04T15:15:48+0000 17.6
2015-12-04T15:31:02+0000 17.5
2015-12-04T15:46:17+0000 17.6
2015-12-04T16:01:32+0000 17.5
2015-12-04T16:16:47+0000 17.6
2015-12-04T16:32:02+0000 17.6
2015-12-04T16:47:16+0000 17.5
2015-12-04T17:02:31+0000 17.6
2015-12-04T17:17:46+0000 17.6
2015-12-04T17:33:01+0000 17.5
2015-12-04T17:48:16+0000 17.5
2015-12-04T18:03:31+0000 17.4
2015-12-04T18:18:46+0000 17.6
2015-12-04T18:34:01+0000 17.4
2015-12-04T18:49:16+0000 17.6
2015-12-04T19:04:31+0000 17.6
2015-12-04T19:19:46+0000 17.6
2015-12-04T19:35:01+0000 17.5
2015-12-04T19:50:15+0000 17.5
2015-12-04T20:05:30+0000 17.5
2015-12-04T20:20:45+0000 17.7
2015-12-04T20:36:00+0000 17.6
2015-12-04T20:51:15+0000 17.6
2015-12-04T21:06:30+0000 17.5
2015-12-04T21:21:45+0000 17.6
2015-12-04T21:37:00+0000 17.5
2015-12-04T21:52:15+0000 17.6
2015-12-04T22:07:30+0000 17.6
2015-12-04T22:22:44+0000 17.5
2015-12-04T22:37:59+0000 17.6
2015-12-04T22:53:14+0000 17.6
2015-12-04T23:08:29+0000 17.6
2015-12-04T23:23:44+0000 17.6
2015-12-04T23:38:59+0000 17.5
2015-12-04T23:54:14+0000 17.6
