2016-07-25T00:06:53+0000 27.8
2016-07-25T00:22:07+0000 27.7
2016-07-25T00:37:21+0000 27.5
2016-07-25T00:52:35+0000 27.4
2016-07-25T01:07:50+0000 27.2
2016-07-25T01:23:04+0000 27.1
2016-07-25T01:38:18+0000 27.0
2016-07-25T01:53:32+0000 26.8
2016-07-25T02:08:47+0000 26.7
2016-07-25T02:24:01+0000 26.6
2016-07-25T02:39:15+0000 26.4
2016-07-25T02:54:29+0000 26.2
2016-07-25T03:09:44+0000 26.1
2016-07-25T03:24:58+0000 25.9
2016-07-25T03:40:12+0000 25.8
2016-07-25T03:55:27+0000 25.7
2016-07-25T04:10:41+0000 25.4
2016-07-25T04:25:55+0000 25.3
2016-07-25T04:41:09+0000 25.2
2016-07-25T04:56:24+0000 25.1
2016-07-25T05:11:38+0000 25.0
2016-07-25T05:26:53+0000 25.0
2016-07-25T05:42:07+0000 24.9
2016-07-25T05:57:21+0000 25.0
2016-07-25T06:12:36+0000 25.0
2016-07-25T06:27:50+0000 25.0
2016-07-25T06:43:05+0000 25.2
2016-07-25T06:58:19+0000 25.2
2016-07-25T07:13:33+0000 25.5
2016-07-25T07:28:48+0000 25.8
2016-07-25T07:44:02+0000 26.4
2016-07-25T07:59:16+0000 26.7
2016-07-25T08:14:31+0000 27.3
2016-07-25T08:29:45+0000 27.9
2016-07-25T08:44:59+0000 28.7
2016-07-25T09:00:13+0000 29.0
2016-07-25T09:15:28+0000 29.1
2016-07-25T09:30:42+0000 29.3
2016-07-25T09:45:56+0000 29.7
2016-07-25T10:01:10+0000 30.0
2016-07-25T10:16:24+0000 30.6
2016-07-25T10:31:38+0000 31.5
2016-07-25T10:46:53+0000 32.5
2016-07-25T11:02:07+0000 32.9
2016-07-25T11:17:21+0000 33.8
2016-07-25T11:32:34+0000 34.2
2016-07-25T11:47:48+0000 35.2
2016-07-25T12:03:02+0000 35.8
2016-07-25T12:18:16+0000 36.3
2016-07-25T12:33:29+0000 36.6
2016-07-25T12:48:43+0000 37.0
2016-07-25T13:03:57+0000 37.6
2016-07-25T13:19:10+0000 38.0
2016-07-25T13:34:24+0000 38.6
2016-07-25T13:49:37+0000 38.7
2016-07-25T14:04:51+0000 39.2
2016-07-25T14:20:04+0000 39.1
2016-07-25T14:35:17+0000 38.5
2016-07-25T14:50:31+0000 38.3
2016-07-25T15:05:44+0000 38.0
2016-07-25T15:20:57+0000 37.5
2016-07-25T15:36:11+0000 37.1
2016-07-25T15:51:24+0000 36.9
2016-07-25T16:06:38+0000 36.9
2016-07-25T16:21:51+0000 36.8
2016-07-25T16:37:05+0000 36.6
2016-07-25T16:52:18+0000 36.7
2016-07-25T17:07:31+0000 36.5
2016-07-25T17:22:45+0000 36.3
2016-07-25T17:37:59+0000 36.1
2016-07-25T17:53:12+0000 35.8
2016-07-25T18:08:26+0000 35.6
2016-07-25T18:23:39+0000 35.3
2016-07-25T18:38:53+0000 35.0
2016-07-25T18:54:07+0000 34.7
2016-07-25T19:09:21+0000 34.2
2016-07-25T19:24:34+0000 33.8
2016-07-25T19:39:48+0000 33.2
2016-07-25T19:55:02+0000 32.5
2016-07-25T20:10:16+0000 32.1
2016-07-25T20:25:30+0000 31.8
2016-07-25T20:40:44+0000 31.3
2016-07-25T20:55:58+0000 31.0
2016-07-25T21:11:12+0000 30.8
2016-07-25T21:26:26+0000 30.2
2016-07-25T21:41:40+0000 29.9
2016-07-25T21:56:54+0000 29.7
2016-07-25T22:12:08+0000 29.4
2016-07-25T22:27:22+0000 29.2
2016-07-25T22:42:36+0000 29.0
2016-07-25T22:57:51+0000 28.7
2016-07-25T23:13:05+0000 28.6
2016-07-25T23:28:19+0000 28.4
2016-07-25T23:43:33+0000 28.1
2016-07-25T23:58:48+0000 27.9
