2016-10-04T00:01:11+0000 14.5
2016-10-04T00:16:26+0000 14.4
2016-10-04T00:31:42+0000 14.4
2016-10-04T00:46:58+0000 14.1
2016-10-04T01:02:13+0000 14.2
2016-10-04T01:17:29+0000 14.0
2016-10-04T01:32:44+0000 13.9
2016-10-04T01:48:00+0000 13.9
2016-10-04T02:03:15+0000 13.7
2016-10-04T02:18:31+0000 13.7
2016-10-04T02:33:47+0000 13.7
2016-10-04T02:49:02+0000 13.7
2016-10-04T03:04:18+0000 13.7
2016-10-04T03:19:33+0000 13.7
2016-10-04T03:34:49+0000 13.7
2016-10-04T03:50:05+0000 13.6
2016-10-04T04:05:20+0000 13.7
2016-10-04T04:20:36+0000 13.7
2016-10-04T04:35:51+0000 13.7
2016-10-04T04:51:07+0000 13.7
2016-10-04T05:06:22+0000 13.6
2016-10-04T05:21:38+0000 13.7
2016-10-04T05:36:54+0000 13.7
2016-10-04T05:52:09+0000 13.6
2016-10-04T06:07:25+0000 13.6
2016-10-04T06:22:40+0000 13.6
2016-10-04T06:37:56+0000 13.8
2016-10-04T06:53:12+0000 13.6
2016-10-04T07:08:27+0000 13.6
2016-10-04T07:23:43+0000 13.5
2016-10-04T07:38:58+0000 13.6
2016-10-04T07:54:14+0000 13.6
2016-10-04T08:09:30+0000 13.7
2016-10-04T08:24:45+0000 13.8
2016-10-04T08:40:01+0000 14.0
2016-10-04T08:55:16+0000 14.2
2016-10-04T09:10:32+0000 14.5
2016-10-04T09:25:47+0000 14.6
2016-10-04T09:41:03+0000 14.8
2016-10-04T09:56:18+0000 15.0
2016-10-04T10:11:34+0000 15.2
2016-10-04T10:26:49+0000 15.5
2016-10-04T10:42:05+0000 15.8
2016-10-04T10:57:20+0000 16.0
2016-10-04T11:12:36+0000 16.3
2016-10-04T11:27:51+0000 17.1
2016-10-04T11:43:07+0000 17.5
2016-10-04T11:58:22+0000 18.0
2016-10-04T12:13:38+0000 18.6
2016-10-04T12:28:53+0000 19.2
2016-10-04T12:44:08+0000 19.4
2016-10-04T12:59:23+0000 19.3
2016-10-04T13:14:39+0000 19.4
2016-10-04T13:29:54+0000 19.5
2016-10-04T13:45:09+0000 19.5
2016-10-04T14:00:25+0000 19.8
2016-10-04T14:15:40+0000 20.2
2016-10-04T14:30:55+0000 20.5
2016-10-04T14:46:10+0000 20.5
2016-10-04T15:01:26+0000 20.4
2016-10-04T15:16:41+0000 20.2
2016-10-04T15:31:56+0000 20.0
2016-10-04T15:47:11+0000 19.7
2016-10-04T16:02:26+0000 19.3
2016-10-04T16:17:42+0000 19.1
2016-10-04T16:32:57+0000 18.8
2016-10-04T16:48:12+0000 18.5
2016-10-04T17:03:27+0000 18.3
2016-10-04T17:18:43+0000 18.2
2016-10-04T17:33:58+0000 17.9
2016-10-04T17:49:13+0000 17.8
2016-10-04T18:04:29+0000 17.6
2016-10-04T18:19:44+0000 17.5
2016-10-04T18:34:59+0000 17.4
2016-10-04T18:50:15+0000 17.3
2016-10-04T19:05:30+0000 17.1
2016-10-04T19:20:45+0000 17.0
2016-10-04T19:36:01+0000 16.9
2016-10-04T19:51:16+0000 16.7
2016-10-04T20:06:32+0000 16.4
2016-10-04T20:21:47+0000 16.3
2016-10-04T20:37:02+0000 16.2
2016-10-04T20:52:18+0000 16.0
2016-10-04T21:07:33+0000 15.9
2016-10-04T21:22:48+0000 15.8
2016-10-04T21:38:04+0000 15.7
2016-10-04T21:53:19+0000 15.7
2016-10-04T22:08:35+0000 15.7
2016-10-04T22:23:50+0000 15.6
2016-10-04T22:39:06+0000 15.6
2016-10-04T22:54:21+0000 15.5
2016-10-04T23:09:37+0000 15.3
2016-10-04T23:24:52+0000 15.2
2016-10-04T23:40:08+0000 15.2
2016-10-04T23:55:23+0000 15.0
