2016-01-25T00:10:40+0000 10.1
2016-01-25T00:25:56+0000 9.9
2016-01-25T00:41:12+0000 10.0
2016-01-25T00:56:27+0000 9.9
2016-01-25T01:11:43+0000 10.0
2016-01-25T01:26:59+0000 9.9
2016-01-25T01:42:15+0000 9.9
2016-01-25T01:57:31+0000 9.9
2016-01-25T02:12:47+0000 10.0
2016-01-25T02:28:02+0000 9.9
2016-01-25T02:43:18+0000 10.0
2016-01-25T02:58:34+0000 10.1
2016-01-25T03:13:50+0000 10.1
2016-01-25T03:29:06+0000 10.0
2016-01-25T03:44:22+0000 9.9
2016-01-25T03:59:37+0000 9.9
2016-01-25T04:14:53+0000 9.9
2016-01-25T04:30:09+0000 9.8
2016-01-25T04:45:24+0000 9.7
2016-01-25T05:00:40+0000 9.8
2016-01-25T05:15:56+0000 9.7
2016-01-25T05:31:12+0000 9.9
2016-01-25T05:46:28+0000 9.7
2016-01-25T06:01:43+0000 9.8
2016-01-25T06:16:59+0000 9.8
2016-01-25T06:32:15+0000 9.9
2016-01-25T06:47:31+0000 9.9
2016-01-25T07:02:47+0000 9.9
2016-01-25T07:18:02+0000 10.0
2016-01-25T07:33:18+0000 9.9
2016-01-25T07:48:34+0000 10.2
2016-01-25T08:03:50+0000 10.0
2016-01-25T08:19:05+0000 10.2
2016-01-25T08:34:21+0000 9.8
2016-01-25T08:49:37+0000 9.9
2016-01-25T09:04:53+0000 10.3
2016-01-25T09:20:10+0000 9.8
2016-01-25T09:35:25+0000 10.2
2016-01-25T09:50:41+0000 9.9
2016-01-25T10:05:57+0000 10.4
2016-01-25T10:21:13+0000 10.8
2016-01-25T10:36:29+0000 10.8
2016-01-25T10:51:44+0000 11.4
2016-01-25T11:07:00+0000 11.9
2016-01-25T11:22:16+0000 12.3
2016-01-25T11:37:31+0000 12.7
2016-01-25T11:52:47+0000 13.1
2016-01-25T12:08:03+0000 13.6
2016-01-25T12:23:18+0000 13.9
2016-01-25T12:38:34+0000 14.3
2016-01-25T12:53:50+0000 14.7
2016-01-25T13:09:05+0000 14.9
2016-01-25T13:24:21+0000 15.0
2016-01-25T13:39:36+0000 15.0
2016-01-25T13:54:52+0000 15.2
2016-01-25T14:10:07+0000 15.2
2016-01-25T14:25:23+0000 15.3
2016-01-25T14:40:38+0000 15.3
2016-01-25T14:55:54+0000 15.4
2016-01-25T15:11:09+0000 15.4
2016-01-25T15:26:25+0000 15.5
2016-01-25T15:41:40+0000 15.5
2016-01-25T15:56:56+0000 15.5
2016-01-25T16:12:11+0000 15.3
2016-01-25T16:27:27+0000 15.3
2016-01-25T16:42:42+0000 15.2
2016-01-25T16:57:58+0000 15.0
2016-01-25T17:13:13+0000 14.6
2016-01-25T17:28:29+0000 14.4
2016-01-25T17:43:44+0000 14.1
2016-01-25T17:59:00+0000 13.8
2016-01-25T18:14:15+0000 13.6
2016-01-25T18:29:31+0000 13.3
2016-01-25T18:44:47+0000 13.1
2016-01-25T19:00:02+0000 12.9
2016-01-25T19:15:18+0000 12.7
2016-01-25T19:30:33+0000 12.5
2016-01-25T19:45:49+0000 12.2
2016-01-25T20:01:05+0000 12.0
2016-01-25T20:16:20+0000 11.8
2016-01-25T20:31:36+0000 11.5
2016-01-25T20:46:52+0000 11.3
2016-01-25T21:02:07+0000 11.1
2016-01-25T21:17:23+0000 10.9
2016-01-25T21:32:39+0000 10.7
2016-01-25T21:47:55+0000 10.5
2016-01-25T22:03:10+0000 10.3
2016-01-25T22:18:26+0000 10.1
2016-01-25T22:33:42+0000 10.0
2016-01-25T22:48:57+0000 9.8
2016-01-25T23:04:13+0000 9.6
2016-01-25T23:19:29+0000 9.5
2016-01-25T23:34:45+0000 9.2
2016-01-25T23:50:00+0000 9.0
