2015-12-03T00:03:19+0000 18.4
2015-12-03T00:18:34+0000 18.4
2015-12-03T00:33:48+0000 18.3
2015-12-03T00:49:03+0000 18.2
2015-12-03T01:04:18+0000 18.3
2015-12-03T01:19:33+0000 18.2
2015-12-03T01:34:48+0000 18.1
2015-12-03T01:50:03+0000 18.1
2015-12-03T02:05:18+0000 18.0
2015-12-03T02:20:33+0000 18.0
2015-12-03T02:35:48+0000 17.9
2015-12-03T02:51:03+0000 17.9
2015-12-03T03:06:18+0000 17.9
2015-12-03T03:21:33+0000 17.9
2015-12-03T03:36:48+0000 17.9
2015-12-03T03:52:03+0000 17.8
2015-12-03T04:07:18+0000 17.8
2015-12-03T04:22:32+0000 17.9
2015-12-03T04:37:47+0000 17.7
2015-12-03T04:53:02+0000 17.7
2015-12-03T05:08:17+0000 17.6
2015-12-03T05:23:32+0000 17.7
2015-12-03T05:38:47+0000 17.7
2015-12-03T05:54:02+0000 17.6
2015-12-03T06:09:17+0000 17.5
2015-12-03T06:24:32+0000 17.6
2015-12-03T06:39:47+0000 17.5
2015-12-03T06:55:02+0000 17.6
2015-12-03T07:10:17+0000 17.5
2015-12-03T07:25:32+0000 17.5
2015-12-03T07:40:47+0000 17.5
2015-12-03T07:45:20+0000 18.0
2015-12-03T08:00:21+0000 17.6
2015-12-03T08:15:36+0000 17.5
2015-12-03T08:30:51+0000 17.4
2015-12-03T08:46:06+0000 17.4
2015-12-03T09:01:21+0000 17.4
2015-12-03T09:16:36+0000 17.4
2015-12-03T09:31:51+0000 17.5
2015-12-03T09:47:06+0000 17.4
2015-12-03T10:02:21+0000 17.4
2015-12-03T10:17:36+0000 17.5
2015-12-03T10:32:51+0000 17.5
2015-12-03T10:48:06+0000 17.5
2015-12-03T11:03:21+0000 17.5
2015-12-03T11:18:36+0000 17.5
2015-12-03T11:33:50+0000 17.5
2015-12-03T11:49:05+0000 17.5
2015-12-03T12:04:20+0000 17.5
2015-12-03T12:19:35+0000 17.5
2015-12-03T12:34:50+0000 17.5
2015-12-03T12:50:05+0000 17.6
2015-12-03T13:05:20+0000 17.5
2015-12-03T13:20:35+0000 17.5
2015-12-03T13:35:50+0000 17.5
2015-12-03T13:51:05+0000 17.5
2015-12-03T14:06:20+0000 17.4
2015-12-03T14:21:35+0000 19.1
2015-12-03T14:36:50+0000 19.2
2015-12-03T14:52:05+0000 19.1
2015-12-03T15:07:20+0000 19.1
2015-12-03T15:22:35+0000 19.1
2015-12-03T15:37:49+0000 19.1
2015-12-03T15:53:04+0000 19.1
2015-12-03T16:08:19+0000 19.1
2015-12-03T16:23:34+0000 19.1
2015-12-03T16:38:49+0000 19.1
2015-12-03T16:54:04+0000 19.0
2015-12-03T17:09:19+0000 19.0
2015-12-03T17:24:34+0000 19.0
2015-12-03T17:39:48+0000 19.1
2015-12-03T17:55:03+0000 19.1
2015-12-03T18:10:18+0000 19.1
2015-12-03T18:25:33+0000 19.5
2015-12-03T18:40:48+0000 22.2
2015-12-03T18:56:02+0000 23.8
2015-12-03T19:11:17+0000 21.2
2015-12-03T19:26:32+0000 20.2
2015-12-03T19:41:47+0000 19.8
2015-12-03T19:57:01+0000 19.5
2015-12-03T20:12:16+0000 19.0
2015-12-03T20:27:31+0000 18.7
2015-12-03T20:42:46+0000 19.0
2015-12-03T20:58:00+0000 21.4
2015-12-03T21:13:15+0000 23.2
2015-12-03T21:28:30+0000 24.4
2015-12-03T21:43:45+0000 24.7
2015-12-03T21:59:00+0000 25.2
2015-12-03T22:14:14+0000 25.2
2015-12-03T22:29:29+0000 25.6
2015-12-03T22:44:43+0000 25.5
2015-12-03T22:59:58+0000 21.3
2015-12-03T23:15:13+0000 20.6
2015-12-03T23:30:27+0000 20.0
2015-12-03T23:45:42+0000 19.7
