2016-05-03T00:05:32+0000 18.5
2016-05-03T00:20:47+0000 18.2
2016-05-03T00:36:02+0000 18.0
2016-05-03T00:51:16+0000 17.6
2016-05-03T01:06:31+0000 17.4
2016-05-03T01:21:46+0000 17.2
2016-05-03T01:37:01+0000 16.8
2016-05-03T01:52:15+0000 16.6
2016-05-03T02:07:30+0000 16.3
2016-05-03T02:22:45+0000 16.2
2016-05-03T02:38:00+0000 15.9
2016-05-03T02:53:15+0000 15.6
2016-05-03T03:08:29+0000 15.5
2016-05-03T03:23:44+0000 15.3
2016-05-03T03:38:59+0000 15.1
2016-05-03T03:54:14+0000 15.0
2016-05-03T04:09:29+0000 15.0
2016-05-03T04:24:44+0000 14.9
2016-05-03T04:39:59+0000 14.6
2016-05-03T04:55:13+0000 14.6
2016-05-03T05:10:28+0000 14.4
2016-05-03T05:25:43+0000 14.3
2016-05-03T05:40:58+0000 14.2
2016-05-03T05:56:13+0000 14.1
2016-05-03T06:11:28+0000 14.1
2016-05-03T06:26:43+0000 14.6
2016-05-03T06:41:58+0000 14.7
2016-05-03T06:57:13+0000 15.0
2016-05-03T07:12:28+0000 15.5
2016-05-03T07:27:43+0000 15.7
2016-05-03T07:42:58+0000 16.4
2016-05-03T07:58:12+0000 16.8
2016-05-03T08:13:27+0000 17.0
2016-05-03T08:28:42+0000 17.3
2016-05-03T08:43:57+0000 17.4
2016-05-03T08:59:12+0000 17.6
2016-05-03T09:14:27+0000 17.7
2016-05-03T09:29:41+0000 17.9
2016-05-03T09:44:56+0000 18.1
2016-05-03T10:00:11+0000 18.3
2016-05-03T10:15:26+0000 17.8
2016-05-03T10:30:41+0000 17.5
2016-05-03T10:45:55+0000 17.2
2016-05-03T11:01:10+0000 17.0
2016-05-03T11:16:25+0000 16.8
2016-05-03T11:31:40+0000 17.1
2016-05-03T11:46:54+0000 17.0
2016-05-03T12:02:09+0000 16.6
2016-05-03T12:17:24+0000 16.5
2016-05-03T12:32:39+0000 16.5
2016-05-03T12:47:54+0000 16.5
2016-05-03T13:03:09+0000 16.8
2016-05-03T13:18:24+0000 16.9
2016-05-03T13:33:39+0000 16.7
2016-05-03T13:48:53+0000 16.4
2016-05-03T14:04:08+0000 16.1
2016-05-03T14:19:23+0000 16.2
2016-05-03T14:34:38+0000 16.4
2016-05-03T14:49:53+0000 16.6
2016-05-03T15:05:08+0000 17.1
2016-05-03T15:20:23+0000 17.6
2016-05-03T15:35:38+0000 17.9
2016-05-03T15:50:53+0000 18.0
2016-05-03T16:06:07+0000 18.2
2016-05-03T16:21:22+0000 18.1
2016-05-03T16:36:37+0000 18.2
2016-05-03T16:51:51+0000 17.7
2016-05-03T17:07:06+0000 17.4
2016-05-03T17:22:21+0000 17.6
2016-05-03T17:37:36+0000 17.1
2016-05-03T17:52:50+0000 17.0
2016-05-03T18:08:05+0000 17.1
2016-05-03T18:23:20+0000 17.1
2016-05-03T18:38:35+0000 16.8
2016-05-03T18:53:50+0000 16.6
2016-05-03T19:09:05+0000 16.4
2016-05-03T19:24:19+0000 16.1
2016-05-03T19:39:34+0000 15.9
2016-05-03T19:54:49+0000 15.8
2016-05-03T20:10:04+0000 15.7
2016-05-03T20:25:19+0000 15.5
2016-05-03T20:40:34+0000 15.1
2016-05-03T20:55:49+0000 14.9
2016-05-03T21:11:03+0000 14.9
2016-05-03T21:26:18+0000 14.4
2016-05-03T21:41:33+0000 14.4
2016-05-03T21:56:48+0000 14.4
2016-05-03T22:12:03+0000 14.2
2016-05-03T22:27:18+0000 14.0
2016-05-03T22:42:33+0000 13.9
2016-05-03T22:57:48+0000 13.8
2016-05-03T23:13:03+0000 13.7
2016-05-03T23:28:18+0000 13.5
2016-05-03T23:43:33+0000 13.3
2016-05-03T23:58:48+0000 13.2
