2016-05-01T00:04:07+0000 16.4
2016-05-01T00:19:22+0000 16.3
2016-05-01T00:34:37+0000 16.3
2016-05-01T00:49:51+0000 16.0
2016-05-01T01:05:06+0000 15.9
2016-05-01T01:20:21+0000 15.7
2016-05-01T01:35:36+0000 15.7
2016-05-01T01:50:51+0000 15.5
2016-05-01T02:06:06+0000 15.4
2016-05-01T02:21:21+0000 15.2
2016-05-01T02:36:36+0000 15.2
2016-05-01T02:51:51+0000 15.1
2016-05-01T03:07:06+0000 15.0
2016-05-01T03:22:21+0000 14.9
2016-05-01T03:37:36+0000 14.8
2016-05-01T03:52:51+0000 14.7
2016-05-01T04:08:06+0000 14.7
2016-05-01T04:23:21+0000 14.5
2016-05-01T04:38:36+0000 14.3
2016-05-01T04:53:50+0000 14.1
2016-05-01T05:09:06+0000 14.1
2016-05-01T05:24:20+0000 13.9
2016-05-01T05:39:35+0000 13.9
2016-05-01T05:54:51+0000 13.8
2016-05-01T06:10:06+0000 13.8
2016-05-01T06:25:21+0000 13.8
2016-05-01T06:40:36+0000 13.8
2016-05-01T06:55:51+0000 13.8
2016-05-01T07:11:06+0000 13.8
2016-05-01T07:26:21+0000 13.7
2016-05-01T07:41:36+0000 14.1
2016-05-01T07:56:51+0000 14.5
2016-05-01T08:12:06+0000 14.6
2016-05-01T08:27:21+0000 15.0
2016-05-01T08:42:35+0000 15.2
2016-05-01T08:57:50+0000 15.4
2016-05-01T09:13:05+0000 15.3
2016-05-01T09:28:20+0000 15.5
2016-05-01T09:43:35+0000 15.6
2016-05-01T09:58:50+0000 15.7
2016-05-01T10:14:05+0000 15.9
2016-05-01T10:29:20+0000 16.0
2016-05-01T10:44:35+0000 16.2
2016-05-01T10:59:50+0000 16.6
2016-05-01T11:15:05+0000 17.0
2016-05-01T11:30:20+0000 17.3
2016-05-01T11:45:34+0000 17.6
2016-05-01T12:00:49+0000 17.8
2016-05-01T12:16:04+0000 17.9
2016-05-01T12:31:19+0000 17.9
2016-05-01T12:46:34+0000 17.9
2016-05-01T13:01:49+0000 18.0
2016-05-01T13:17:03+0000 18.3
2016-05-01T13:32:18+0000 18.4
2016-05-01T13:47:33+0000 18.6
2016-05-01T14:02:48+0000 18.7
2016-05-01T14:18:03+0000 18.9
2016-05-01T14:33:17+0000 19.0
2016-05-01T14:48:32+0000 19.2
2016-05-01T15:03:47+0000 19.7
2016-05-01T15:19:02+0000 19.8
2016-05-01T15:34:16+0000 20.1
2016-05-01T15:49:31+0000 20.4
2016-05-01T16:04:46+0000 19.9
2016-05-01T16:20:01+0000 19.7
2016-05-01T16:35:15+0000 19.5
2016-05-01T16:50:30+0000 19.6
2016-05-01T17:05:45+0000 19.6
2016-05-01T17:21:00+0000 19.4
2016-05-01T17:36:14+0000 19.4
2016-05-01T17:51:29+0000 19.3
2016-05-01T18:06:44+0000 19.4
2016-05-01T18:21:58+0000 19.2
2016-05-01T18:37:13+0000 19.2
2016-05-01T18:52:28+0000 19.1
2016-05-01T19:07:43+0000 19.0
2016-05-01T19:22:58+0000 18.9
2016-05-01T19:38:12+0000 18.7
2016-05-01T19:53:27+0000 18.5
2016-05-01T20:08:42+0000 18.3
2016-05-01T20:23:57+0000 18.2
2016-05-01T20:39:12+0000 17.9
2016-05-01T20:54:26+0000 17.7
2016-05-01T21:09:41+0000 17.4
2016-05-01T21:24:56+0000 17.2
2016-05-01T21:40:11+0000 17.1
2016-05-01T21:55:26+0000 16.8
2016-05-01T22:10:41+0000 16.6
2016-05-01T22:25:56+0000 16.4
2016-05-01T22:41:10+0000 16.3
2016-05-01T22:56:25+0000 15.8
2016-05-01T23:11:40+0000 16.0
2016-05-01T23:26:55+0000 15.6
2016-05-01T23:42:10+0000 15.6
2016-05-01T23:57:25+0000 15.2
