2016-02-21T00:07:12+0000 9.9
2016-02-21T00:22:28+0000 10.0
2016-02-21T00:37:44+0000 10.0
2016-02-21T00:53:00+0000 10.0
2016-02-21T01:08:16+0000 10.1
2016-02-21T01:23:32+0000 10.2
2016-02-21T01:38:47+0000 10.2
2016-02-21T01:54:03+0000 10.3
2016-02-21T02:09:19+0000 10.4
2016-02-21T02:24:35+0000 10.4
2016-02-21T02:39:51+0000 10.4
2016-02-21T02:55:06+0000 10.5
2016-02-21T03:10:22+0000 10.5
2016-02-21T03:25:38+0000 10.5
2016-02-21T03:40:54+0000 10.5
2016-02-21T03:56:10+0000 10.5
2016-02-21T04:11:25+0000 10.6
2016-02-21T04:26:41+0000 10.5
2016-02-21T04:41:57+0000 10.5
2016-02-21T04:57:13+0000 10.6
2016-02-21T05:12:28+0000 10.6
2016-02-21T05:27:44+0000 10.8
2016-02-21T05:43:00+0000 10.7
2016-02-21T05:58:16+0000 10.7
2016-02-21T06:13:32+0000 10.8
2016-02-21T06:28:47+0000 10.7
2016-02-21T06:44:03+0000 10.8
2016-02-21T06:59:19+0000 10.8
2016-02-21T07:14:35+0000 10.7
2016-02-21T07:29:51+0000 10.7
2016-02-21T07:45:06+0000 10.8
2016-02-21T08:00:22+0000 10.8
2016-02-21T08:15:38+0000 10.8
2016-02-21T08:30:54+0000 11.0
2016-02-21T08:46:09+0000 11.1
2016-02-21T09:01:25+0000 11.2
2016-02-21T09:16:41+0000 11.3
2016-02-21T09:31:57+0000 11.5
2016-02-21T09:47:13+0000 11.6
2016-02-21T10:02:28+0000 11.7
2016-02-21T10:17:44+0000 11.9
2016-02-21T10:33:00+0000 12.1
2016-02-21T10:48:16+0000 12.4
2016-02-21T11:03:31+0000 12.7
2016-02-21T11:18:47+0000 12.9
2016-02-21T11:34:03+0000 13.1
2016-02-21T11:49:19+0000 13.6
2016-02-21T12:04:34+0000 13.9
2016-02-21T12:19:50+0000 13.9
2016-02-21T12:35:06+0000 14.1
2016-02-21T12:50:22+0000 13.9
2016-02-21T13:05:37+0000 14.1
2016-02-21T13:20:53+0000 14.2
2016-02-21T13:36:09+0000 13.9
2016-02-21T13:51:24+0000 14.0
2016-02-21T14:06:40+0000 13.8
2016-02-21T14:21:56+0000 14.1
2016-02-21T14:37:11+0000 14.2
2016-02-21T14:52:27+0000 14.0
2016-02-21T15:07:43+0000 14.1
2016-02-21T15:22:58+0000 14.0
2016-02-21T15:38:14+0000 13.9
2016-02-21T15:53:30+0000 13.7
2016-02-21T16:08:45+0000 13.6
2016-02-21T16:24:01+0000 13.8
2016-02-21T16:39:17+0000 13.6
2016-02-21T16:54:32+0000 13.6
2016-02-21T17:09:48+0000 13.9
2016-02-21T17:25:03+0000 13.7
2016-02-21T17:40:19+0000 13.9
2016-02-21T17:55:35+0000 13.7
2016-02-21T18:10:51+0000 14.0
2016-02-21T18:26:06+0000 13.7
2016-02-21T18:41:22+0000 13.8
2016-02-21T18:56:37+0000 13.8
2016-02-21T19:11:53+0000 13.7
2016-02-21T19:27:09+0000 13.6
2016-02-21T19:42:24+0000 13.5
2016-02-21T19:57:40+0000 13.5
2016-02-21T20:12:56+0000 13.5
2016-02-21T20:28:11+0000 13.6
2016-02-21T20:43:27+0000 13.5
2016-02-21T20:58:43+0000 13.7
2016-02-21T21:13:58+0000 13.4
2016-02-21T21:29:14+0000 13.4
2016-02-21T21:44:30+0000 13.3
2016-02-21T21:59:45+0000 13.3
2016-02-21T22:15:01+0000 13.5
2016-02-21T22:30:16+0000 13.2
2016-02-21T22:45:32+0000 13.2
2016-02-21T23:00:48+0000 13.1
2016-02-21T23:16:03+0000 13.0
2016-02-21T23:31:19+0000 13.1
2016-02-21T23:46:35+0000 12.8
