2015-12-17T00:14:13+0000 12.8
2015-12-17T00:29:28+0000 12.9
2015-12-17T00:44:44+0000 13.1
2015-12-17T01:00:00+0000 13.1
2015-12-17T01:15:15+0000 13.0
2015-12-17T01:30:31+0000 13.0
2015-12-17T01:45:46+0000 13.0
2015-12-17T02:01:02+0000 13.2
2015-12-17T02:16:18+0000 13.1
2015-12-17T02:31:33+0000 13.0
2015-12-17T02:46:49+0000 13.0
2015-12-17T03:02:04+0000 13.0
2015-12-17T03:17:20+0000 13.1
2015-12-17T03:32:35+0000 13.4
2015-12-17T03:47:51+0000 13.6
2015-12-17T04:03:07+0000 13.4
2015-12-17T04:18:22+0000 13.3
2015-12-17T04:33:38+0000 13.2
2015-12-17T04:48:53+0000 13.4
2015-12-17T05:04:09+0000 13.2
2015-12-17T05:19:24+0000 13.1
2015-12-17T05:34:40+0000 13.1
2015-12-17T05:49:55+0000 13.1
2015-12-17T06:05:11+0000 13.0
2015-12-17T06:20:27+0000 13.1
2015-12-17T06:35:42+0000 13.2
2015-12-17T06:50:58+0000 13.1
2015-12-17T07:06:13+0000 13.2
2015-12-17T07:21:29+0000 13.1
2015-12-17T07:36:44+0000 13.2
2015-12-17T07:52:00+0000 13.3
2015-12-17T08:07:15+0000 13.2
2015-12-17T08:22:31+0000 13.1
2015-12-17T08:37:46+0000 13.1
2015-12-17T08:53:02+0000 13.1
2015-12-17T09:08:17+0000 13.1
2015-12-17T09:23:33+0000 13.3
2015-12-17T09:38:48+0000 13.2
2015-12-17T09:54:04+0000 13.2
2015-12-17T10:09:19+0000 13.4
2015-12-17T10:24:35+0000 13.5
2015-12-17T10:39:51+0000 13.5
2015-12-17T10:55:06+0000 13.6
2015-12-17T11:10:22+0000 13.7
2015-12-17T11:25:37+0000 13.8
2015-12-17T11:40:53+0000 13.9
2015-12-17T11:56:08+0000 14.1
2015-12-17T12:11:24+0000 14.4
2015-12-17T12:26:40+0000 14.7
2015-12-17T12:41:55+0000 14.7
2015-12-17T12:57:10+0000 15.0
2015-12-17T13:12:26+0000 15.2
2015-12-17T13:27:41+0000 15.3
2015-12-17T13:42:57+0000 15.6
2015-12-17T13:58:12+0000 15.7
2015-12-17T14:13:28+0000 15.7
2015-12-17T14:28:43+0000 15.9
2015-12-17T14:43:58+0000 15.9
2015-12-17T14:59:14+0000 16.0
2015-12-17T15:14:29+0000 16.0
2015-12-17T15:29:45+0000 16.1
2015-12-17T15:45:00+0000 16.1
2015-12-17T16:00:15+0000 16.0
2015-12-17T16:15:31+0000 15.9
2015-12-17T16:30:46+0000 15.9
2015-12-17T16:46:01+0000 15.8
2015-12-17T17:01:17+0000 15.5
2015-12-17T17:16:32+0000 15.4
2015-12-17T17:31:47+0000 15.3
2015-12-17T17:47:03+0000 15.1
2015-12-17T18:02:18+0000 15.0
2015-12-17T18:17:34+0000 14.7
2015-12-17T18:32:49+0000 14.6
2015-12-17T18:48:05+0000 14.4
2015-12-17T19:03:20+0000 14.1
2015-12-17T19:18:36+0000 13.9
2015-12-17T19:33:51+0000 13.8
2015-12-17T19:49:07+0000 13.7
2015-12-17T20:04:22+0000 13.5
2015-12-17T20:19:38+0000 13.4
2015-12-17T20:34:53+0000 13.4
2015-12-17T20:50:09+0000 13.3
2015-12-17T21:05:24+0000 13.2
2015-12-17T21:20:40+0000 13.1
2015-12-17T21:35:55+0000 13.1
2015-12-17T21:51:11+0000 13.1
2015-12-17T22:06:27+0000 13.0
2015-12-17T22:21:42+0000 13.0
2015-12-17T22:36:58+0000 12.9
2015-12-17T22:52:13+0000 12.8
2015-12-17T23:07:29+0000 12.7
2015-12-17T23:22:44+0000 12.6
2015-12-17T23:38:00+0000 12.4
2015-12-17T23:53:15+0000 12.5
