2016-04-02T00:06:42+0000 12.2
2016-04-02T00:21:58+0000 12.2
2016-04-02T00:37:13+0000 12.0
2016-04-02T00:52:29+0000 12.0
2016-04-02T01:07:44+0000 11.8
2016-04-02T01:23:00+0000 11.6
2016-04-02T01:38:15+0000 11.7
2016-04-02T01:53:31+0000 11.5
2016-04-02T02:08:46+0000 11.3
2016-04-02T02:24:02+0000 11.3
2016-04-02T02:39:17+0000 11.2
2016-04-02T02:54:33+0000 11.1
2016-04-02T03:09:48+0000 11.0
2016-04-02T03:25:04+0000 11.0
2016-04-02T03:40:19+0000 10.9
2016-04-02T03:55:35+0000 10.8
2016-04-02T04:10:50+0000 10.7
2016-04-02T04:26:06+0000 10.6
2016-04-02T04:41:22+0000 10.5
2016-04-02T04:56:37+0000 10.3
2016-04-02T05:11:53+0000 10.4
2016-04-02T05:27:08+0000 10.5
2016-04-02T05:42:24+0000 10.4
2016-04-02T05:57:39+0000 10.5
2016-04-02T06:12:55+0000 10.5
2016-04-02T06:28:10+0000 10.5
2016-04-02T06:43:25+0000 10.6
2016-04-02T06:58:41+0000 10.7
2016-04-02T07:13:57+0000 10.9
2016-04-02T07:29:12+0000 11.1
2016-04-02T07:44:28+0000 11.5
2016-04-02T07:59:43+0000 11.9
2016-04-02T08:14:59+0000 12.1
2016-04-02T08:30:15+0000 12.5
2016-04-02T08:45:30+0000 12.8
2016-04-02T09:00:46+0000 12.9
2016-04-02T09:16:01+0000 13.1
2016-04-02T09:31:17+0000 13.5
2016-04-02T09:46:33+0000 13.9
2016-04-02T10:01:48+0000 14.5
2016-04-02T10:17:04+0000 15.1
2016-04-02T10:32:19+0000 15.7
2016-04-02T10:47:34+0000 16.4
2016-04-02T11:02:50+0000 16.6
2016-04-02T11:18:05+0000 16.8
2016-04-02T11:33:20+0000 17.0
2016-04-02T11:48:36+0000 17.5
2016-04-02T12:03:51+0000 17.6
2016-04-02T12:19:06+0000 17.7
2016-04-02T12:34:22+0000 18.0
2016-04-02T12:49:37+0000 18.7
2016-04-02T13:04:52+0000 19.4
2016-04-02T13:20:07+0000 20.1
2016-04-02T13:35:23+0000 20.3
2016-04-02T13:50:38+0000 20.6
2016-04-02T14:05:53+0000 21.2
2016-04-02T14:21:08+0000 20.8
2016-04-02T14:36:23+0000 20.8
2016-04-02T14:51:39+0000 21.1
2016-04-02T15:06:54+0000 20.8
2016-04-02T15:22:09+0000 20.5
2016-04-02T15:37:24+0000 20.7
2016-04-02T15:52:39+0000 20.8
2016-04-02T16:07:54+0000 20.6
2016-04-02T16:23:09+0000 20.4
2016-04-02T16:38:24+0000 20.4
2016-04-02T16:53:39+0000 20.2
2016-04-02T17:08:54+0000 20.0
2016-04-02T17:24:09+0000 19.8
2016-04-02T17:39:25+0000 19.6
2016-04-02T17:54:40+0000 19.6
2016-04-02T18:09:55+0000 19.4
2016-04-02T18:25:10+0000 19.3
2016-04-02T18:40:25+0000 19.0
2016-04-02T18:55:41+0000 18.6
2016-04-02T19:10:56+0000 18.4
2016-04-02T19:26:11+0000 18.1
2016-04-02T19:41:26+0000 17.9
2016-04-02T19:56:42+0000 17.7
2016-04-02T20:11:57+0000 17.6
2016-04-02T20:27:12+0000 17.2
2016-04-02T20:42:28+0000 17.0
2016-04-02T20:57:43+0000 16.7
2016-04-02T21:12:58+0000 16.6
2016-04-02T21:28:14+0000 16.3
2016-04-02T21:43:29+0000 16.2
2016-04-02T21:58:44+0000 15.9
2016-04-02T22:14:00+0000 15.8
2016-04-02T22:29:15+0000 15.8
2016-04-02T22:44:30+0000 15.6
2016-04-02T22:59:46+0000 15.5
2016-04-02T23:15:01+0000 15.3
2016-04-02T23:30:16+0000 15.3
2016-04-02T23:45:32+0000 15.2
