2016-04-26T00:05:16+0000 9.3
2016-04-26T00:20:32+0000 9.2
2016-04-26T00:35:47+0000 9.2
2016-04-26T00:51:02+0000 9.2
2016-04-26T01:06:17+0000 9.2
2016-04-26T01:21:33+0000 9.1
2016-04-26T01:36:48+0000 9.0
2016-04-26T01:52:03+0000 8.8
2016-04-26T02:07:19+0000 8.6
2016-04-26T02:22:34+0000 8.9
2016-04-26T02:37:49+0000 9.0
2016-04-26T02:53:05+0000 8.6
2016-04-26T03:08:20+0000 8.8
2016-04-26T03:23:35+0000 8.7
2016-04-26T03:38:51+0000 8.8
2016-04-26T03:54:06+0000 8.6
2016-04-26T04:09:21+0000 8.8
2016-04-26T04:24:37+0000 8.6
2016-04-26T04:39:52+0000 8.7
2016-04-26T04:55:07+0000 8.4
2016-04-26T05:10:22+0000 8.5
2016-04-26T05:25:38+0000 8.7
2016-04-26T05:40:53+0000 8.6
2016-04-26T05:56:08+0000 8.5
2016-04-26T06:11:24+0000 8.3
2016-04-26T06:26:39+0000 8.2
2016-04-26T06:41:54+0000 8.3
2016-04-26T06:57:09+0000 8.1
2016-04-26T07:12:25+0000 8.3
2016-04-26T07:27:40+0000 8.1
2016-04-26T07:42:55+0000 8.0
2016-04-26T07:58:11+0000 8.0
2016-04-26T08:13:26+0000 8.0
2016-04-26T08:28:41+0000 7.9
2016-04-26T08:43:57+0000 7.8
2016-04-26T08:59:12+0000 7.9
2016-04-26T09:14:28+0000 7.8
2016-04-26T09:29:43+0000 7.6
2016-04-26T09:44:59+0000 7.6
2016-04-26T10:00:14+0000 7.4
2016-04-26T10:15:30+0000 7.5
2016-04-26T10:30:45+0000 7.4
2016-04-26T10:46:01+0000 7.6
2016-04-26T11:01:16+0000 7.6
2016-04-26T11:16:31+0000 8.1
2016-04-26T11:31:47+0000 8.4
2016-04-26T11:47:02+0000 8.6
2016-04-26T12:02:17+0000 8.9
2016-04-26T12:17:33+0000 9.2
2016-04-26T12:32:48+0000 9.5
2016-04-26T12:48:03+0000 9.9
2016-04-26T13:03:18+0000 10.3
2016-04-26T13:18:34+0000 10.6
2016-04-26T13:33:49+0000 11.1
2016-04-26T13:49:04+0000 11.9
2016-04-26T14:04:19+0000 12.3
2016-04-26T14:19:34+0000 12.8
2016-04-26T14:34:49+0000 13.1
2016-04-26T14:50:05+0000 13.6
2016-04-26T15:05:20+0000 13.6
2016-04-26T15:20:35+0000 14.0
2016-04-26T15:35:50+0000 13.6
2016-04-26T15:51:05+0000 13.5
2016-04-26T16:06:20+0000 13.6
2016-04-26T16:21:35+0000 13.7
2016-04-26T16:36:50+0000 13.6
2016-04-26T16:52:05+0000 13.5
2016-04-26T17:07:21+0000 13.4
2016-04-26T17:22:36+0000 13.3
2016-04-26T17:37:51+0000 12.9
2016-04-26T17:53:06+0000 12.7
2016-04-26T18:08:21+0000 12.4
2016-04-26T18:23:36+0000 12.2
2016-04-26T18:38:51+0000 11.8
2016-04-26T18:54:06+0000 11.3
2016-04-26T19:09:22+0000 11.0
2016-04-26T19:24:37+0000 10.9
2016-04-26T19:39:52+0000 10.7
2016-04-26T19:55:07+0000 10.8
2016-04-26T20:10:22+0000 10.7
2016-04-26T20:25:37+0000 10.7
2016-04-26T20:40:53+0000 10.6
2016-04-26T20:56:08+0000 10.5
2016-04-26T21:11:23+0000 10.3
2016-04-26T21:26:38+0000 9.8
2016-04-26T21:41:54+0000 10.0
2016-04-26T21:57:09+0000 9.8
2016-04-26T22:12:24+0000 9.7
2016-04-26T22:27:39+0000 9.5
2016-04-26T22:42:54+0000 9.2
2016-04-26T22:58:09+0000 9.2
2016-04-26T23:13:25+0000 9.4
2016-04-26T23:28:40+0000 9.3
2016-04-26T23:43:56+0000 9.0
2016-04-26T23:59:11+0000 8.7
