2016-07-26T00:14:02+0000 27.7
2016-07-26T00:29:16+0000 27.5
2016-07-26T00:44:30+0000 27.2
2016-07-26T00:59:45+0000 27.1
2016-07-26T01:14:59+0000 26.8
2016-07-26T01:30:14+0000 26.6
2016-07-26T01:45:28+0000 26.4
2016-07-26T02:00:42+0000 26.3
2016-07-26T02:15:57+0000 26.0
2016-07-26T02:31:11+0000 25.8
2016-07-26T02:46:26+0000 25.7
2016-07-26T03:01:40+0000 25.5
2016-07-26T03:16:55+0000 25.3
2016-07-26T03:32:09+0000 25.1
2016-07-26T03:47:24+0000 25.1
2016-07-26T04:02:38+0000 24.9
2016-07-26T04:17:53+0000 24.8
2016-07-26T04:33:07+0000 24.6
2016-07-26T04:48:22+0000 24.5
2016-07-26T05:03:36+0000 24.4
2016-07-26T05:18:51+0000 24.2
2016-07-26T05:34:06+0000 24.1
2016-07-26T05:49:20+0000 23.9
2016-07-26T06:04:35+0000 23.9
2016-07-26T06:19:49+0000 23.8
2016-07-26T06:35:04+0000 24.0
2016-07-26T06:50:18+0000 24.2
2016-07-26T07:05:33+0000 24.6
2016-07-26T07:20:48+0000 25.0
2016-07-26T07:36:02+0000 25.4
2016-07-26T07:51:17+0000 26.1
2016-07-26T08:06:31+0000 26.9
2016-07-26T08:21:45+0000 27.6
2016-07-26T08:37:00+0000 28.5
2016-07-26T08:52:14+0000 29.2
2016-07-26T09:07:29+0000 30.1
2016-07-26T09:22:43+0000 30.9
2016-07-26T09:37:57+0000 31.8
2016-07-26T09:53:11+0000 32.7
2016-07-26T10:08:26+0000 33.5
2016-07-26T10:23:40+0000 34.6
2016-07-26T10:38:54+0000 35.2
2016-07-26T10:54:08+0000 36.3
2016-07-26T11:09:21+0000 37.1
2016-07-26T11:24:35+0000 38.0
2016-07-26T11:39:49+0000 38.7
2016-07-26T11:55:02+0000 39.5
2016-07-26T12:10:16+0000 40.1
2016-07-26T12:25:29+0000 40.3
2016-07-26T12:40:43+0000 40.0
2016-07-26T12:55:56+0000 40.5
2016-07-26T13:11:09+0000 40.7
2016-07-26T13:26:22+0000 41.3
2016-07-26T13:41:36+0000 41.6
2016-07-26T13:56:49+0000 42.1
2016-07-26T14:12:02+0000 42.4
2016-07-26T14:27:15+0000 42.5
2016-07-26T14:42:28+0000 42.6
2016-07-26T14:57:41+0000 42.4
2016-07-26T15:12:54+0000 42.0
2016-07-26T15:28:07+0000 41.7
2016-07-26T15:43:20+0000 41.5
2016-07-26T15:58:33+0000 41.1
2016-07-26T16:13:46+0000 40.6
2016-07-26T16:28:59+0000 40.4
2016-07-26T16:44:12+0000 40.2
2016-07-26T16:59:26+0000 39.8
2016-07-26T17:14:39+0000 39.5
2016-07-26T17:29:52+0000 38.9
2016-07-26T17:45:05+0000 38.4
2016-07-26T18:00:19+0000 38.1
2016-07-26T18:15:32+0000 38.0
2016-07-26T18:30:45+0000 37.5
2016-07-26T18:45:59+0000 37.0
2016-07-26T19:01:12+0000 36.5
2016-07-26T19:16:26+0000 35.9
2016-07-26T19:31:39+0000 35.5
2016-07-26T19:46:53+0000 35.0
2016-07-26T20:02:07+0000 34.6
2016-07-26T20:17:20+0000 34.1
2016-07-26T20:32:34+0000 33.4
2016-07-26T20:47:48+0000 33.0
2016-07-26T21:03:02+0000 32.5
2016-07-26T21:18:16+0000 32.1
2016-07-26T21:33:29+0000 31.9
2016-07-26T21:48:43+0000 31.4
2016-07-26T22:03:57+0000 31.1
2016-07-26T22:19:11+0000 30.8
2016-07-26T22:34:25+0000 30.6
2016-07-26T22:49:40+0000 30.2
2016-07-26T23:04:54+0000 30.0
2016-07-26T23:20:08+0000 29.7
2016-07-26T23:35:22+0000 29.5
2016-07-26T23:50:36+0000 29.2
