2016-03-07T00:02:11+0000 7.3
2016-03-07T00:17:27+0000 7.4
2016-03-07T00:32:43+0000 7.5
2016-03-07T00:47:59+0000 7.3
2016-03-07T01:03:14+0000 7.4
2016-03-07T01:18:30+0000 7.3
2016-03-07T01:33:46+0000 7.4
2016-03-07T01:49:02+0000 7.4
2016-03-07T02:04:18+0000 7.4
2016-03-07T02:19:34+0000 7.4
2016-03-07T02:34:49+0000 7.2
2016-03-07T02:50:05+0000 7.3
2016-03-07T03:05:21+0000 7.2
2016-03-07T03:20:37+0000 7.1
2016-03-07T03:35:53+0000 7.1
2016-03-07T03:51:08+0000 7.2
2016-03-07T04:06:24+0000 7.2
2016-03-07T04:21:40+0000 7.1
2016-03-07T04:36:56+0000 6.9
2016-03-07T04:52:12+0000 6.8
2016-03-07T05:07:28+0000 6.7
2016-03-07T05:22:44+0000 6.6
2016-03-07T05:37:59+0000 6.5
2016-03-07T05:53:15+0000 6.4
2016-03-07T06:08:31+0000 6.4
2016-03-07T06:23:47+0000 6.2
2016-03-07T06:39:03+0000 6.2
2016-03-07T06:54:18+0000 6.3
2016-03-07T07:09:34+0000 6.3
2016-03-07T07:24:50+0000 6.4
2016-03-07T07:40:06+0000 6.6
2016-03-07T07:55:22+0000 6.5
2016-03-07T08:10:37+0000 6.8
2016-03-07T08:25:53+0000 7.3
2016-03-07T08:41:09+0000 7.6
2016-03-07T08:56:25+0000 7.4
2016-03-07T09:11:41+0000 7.6
2016-03-07T09:26:57+0000 8.4
2016-03-07T09:42:13+0000 9.0
2016-03-07T09:57:28+0000 9.9
2016-03-07T10:12:44+0000 10.3
2016-03-07T10:27:59+0000 10.9
2016-03-07T10:43:15+0000 11.7
2016-03-07T10:58:31+0000 12.6
2016-03-07T11:13:46+0000 13.0
2016-03-07T11:29:02+0000 12.7
2016-03-07T11:44:17+0000 12.4
2016-03-07T11:59:33+0000 12.1
2016-03-07T12:14:48+0000 11.8
2016-03-07T12:30:04+0000 11.6
2016-03-07T12:45:19+0000 11.9
2016-03-07T13:00:35+0000 12.1
2016-03-07T13:15:51+0000 12.1
2016-03-07T13:31:06+0000 12.4
2016-03-07T13:46:22+0000 12.7
2016-03-07T14:01:37+0000 12.7
2016-03-07T14:16:53+0000 12.8
2016-03-07T14:32:08+0000 12.9
2016-03-07T14:47:24+0000 12.8
2016-03-07T15:02:40+0000 12.4
2016-03-07T15:17:55+0000 11.7
2016-03-07T15:33:11+0000 10.5
2016-03-07T15:48:26+0000 10.7
2016-03-07T16:03:42+0000 10.0
2016-03-07T16:18:58+0000 10.1
2016-03-07T16:34:14+0000 10.0
2016-03-07T16:49:29+0000 10.1
2016-03-07T17:04:45+0000 10.2
2016-03-07T17:20:01+0000 10.2
2016-03-07T17:35:16+0000 10.1
2016-03-07T17:50:32+0000 10.0
2016-03-07T18:05:47+0000 9.9
2016-03-07T18:21:03+0000 9.8
2016-03-07T18:36:19+0000 9.8
2016-03-07T18:51:34+0000 9.5
2016-03-07T19:06:50+0000 9.4
2016-03-07T19:22:06+0000 9.2
2016-03-07T19:37:21+0000 9.4
2016-03-07T19:52:37+0000 9.1
2016-03-07T20:07:53+0000 9.0
2016-03-07T20:23:08+0000 9.0
2016-03-07T20:38:24+0000 8.9
2016-03-07T20:53:40+0000 8.8
2016-03-07T21:08:55+0000 8.7
2016-03-07T21:24:11+0000 8.8
2016-03-07T21:39:27+0000 8.8
2016-03-07T21:54:42+0000 8.8
2016-03-07T22:09:58+0000 8.7
2016-03-07T22:25:14+0000 8.6
2016-03-07T22:40:30+0000 8.6
2016-03-07T22:55:45+0000 8.6
2016-03-07T23:11:01+0000 8.4
2016-03-07T23:26:17+0000 8.3
2016-03-07T23:41:33+0000 8.4
2016-03-07T23:56:48+0000 8.3
