2015-12-20T00:12:19+0000 10.8
2015-12-20T00:27:35+0000 10.7
2015-12-20T00:42:51+0000 10.6
2015-12-20T00:58:06+0000 10.6
2015-12-20T01:13:22+0000 10.4
2015-12-20T01:28:38+0000 10.2
2015-12-20T01:43:53+0000 10.1
2015-12-20T01:59:09+0000 10.0
2015-12-20T02:14:25+0000 10.0
2015-12-20T02:29:40+0000 9.8
2015-12-20T02:44:56+0000 9.7
2015-12-20T03:00:12+0000 9.6
2015-12-20T03:15:28+0000 9.4
2015-12-20T03:30:43+0000 9.4
2015-12-20T03:45:59+0000 9.2
2015-12-20T04:01:15+0000 9.1
2015-12-20T04:16:30+0000 9.1
2015-12-20T04:31:46+0000 8.9
2015-12-20T04:47:02+0000 8.9
2015-12-20T05:02:18+0000 8.8
2015-12-20T05:17:33+0000 8.8
2015-12-20T05:32:49+0000 8.8
2015-12-20T05:48:05+0000 8.6
2015-12-20T06:03:20+0000 8.6
2015-12-20T06:18:36+0000 8.5
2015-12-20T06:33:51+0000 8.4
2015-12-20T06:49:07+0000 8.4
2015-12-20T07:04:23+0000 8.2
2015-12-20T07:19:38+0000 8.3
2015-12-20T07:34:54+0000 8.1
2015-12-20T07:50:10+0000 8.1
2015-12-20T08:05:25+0000 8.1
2015-12-20T08:20:41+0000 8.1
2015-12-20T08:35:57+0000 8.0
2015-12-20T08:51:12+0000 8.1
2015-12-20T09:06:28+0000 8.3
2015-12-20T09:21:44+0000 8.5
2015-12-20T09:36:59+0000 8.8
2015-12-20T09:52:15+0000 9.5
2015-12-20T10:07:31+0000 10.1
2015-12-20T10:22:47+0000 10.6
2015-12-20T10:38:03+0000 11.0
2015-12-20T10:53:18+0000 11.4
2015-12-20T11:08:34+0000 11.7
2015-12-20T11:23:49+0000 12.1
2015-12-20T11:39:05+0000 12.5
2015-12-20T11:54:20+0000 12.8
2015-12-20T12:09:36+0000 13.2
2015-12-20T12:24:51+0000 13.5
2015-12-20T12:40:07+0000 13.7
2015-12-20T12:55:22+0000 13.9
2015-12-20T13:10:38+0000 14.2
2015-12-20T13:25:53+0000 14.5
2015-12-20T13:41:09+0000 14.7
2015-12-20T13:56:24+0000 14.9
2015-12-20T14:11:40+0000 15.0
2015-12-20T14:26:55+0000 14.9
2015-12-20T14:42:11+0000 15.0
2015-12-20T14:57:26+0000 14.9
2015-12-20T15:12:42+0000 15.0
2015-12-20T15:27:57+0000 14.8
2015-12-20T15:43:13+0000 14.7
2015-12-20T15:58:28+0000 14.6
2015-12-20T16:13:43+0000 14.5
2015-12-20T16:28:59+0000 14.4
2015-12-20T16:44:14+0000 14.2
2015-12-20T16:59:30+0000 13.9
2015-12-20T17:14:45+0000 13.6
2015-12-20T17:30:01+0000 13.6
2015-12-20T17:45:16+0000 13.5
2015-12-20T18:00:32+0000 13.4
2015-12-20T18:15:47+0000 13.2
2015-12-20T18:31:02+0000 13.1
2015-12-20T18:46:18+0000 13.0
2015-12-20T19:01:33+0000 12.9
2015-12-20T19:16:49+0000 12.8
2015-12-20T19:32:05+0000 12.7
2015-12-20T19:47:20+0000 12.5
2015-12-20T20:02:36+0000 12.4
2015-12-20T20:17:51+0000 12.3
2015-12-20T20:33:06+0000 12.2
2015-12-20T20:48:22+0000 12.2
2015-12-20T21:03:37+0000 12.1
2015-12-20T21:18:53+0000 12.1
2015-12-20T21:34:09+0000 11.8
2015-12-20T21:49:24+0000 11.9
2015-12-20T22:04:40+0000 11.7
2015-12-20T22:19:55+0000 11.7
2015-12-20T22:35:11+0000 11.6
2015-12-20T22:50:26+0000 11.5
2015-12-20T23:05:42+0000 11.4
2015-12-20T23:20:58+0000 11.4
2015-12-20T23:36:13+0000 11.4
2015-12-20T23:51:29+0000 11.3
