2016-02-03T00:09:25+0000 11.2
2016-02-03T00:24:41+0000 11.0
2016-02-03T00:39:56+0000 10.7
2016-02-03T00:55:12+0000 10.8
2016-02-03T01:10:28+0000 10.7
2016-02-03T01:25:43+0000 10.3
2016-02-03T01:40:59+0000 10.2
2016-02-03T01:56:15+0000 10.1
2016-02-03T02:11:31+0000 10.2
2016-02-03T02:26:47+0000 10.1
2016-02-03T02:42:02+0000 9.7
2016-02-03T02:57:18+0000 9.8
2016-02-03T03:12:34+0000 10.0
2016-02-03T03:27:50+0000 9.9
2016-02-03T03:43:06+0000 9.8
2016-02-03T03:58:21+0000 9.8
2016-02-03T04:13:37+0000 9.8
2016-02-03T04:28:53+0000 9.7
2016-02-03T04:44:08+0000 9.7
2016-02-03T04:59:24+0000 9.7
2016-02-03T05:14:40+0000 9.7
2016-02-03T05:29:55+0000 9.7
2016-02-03T05:45:11+0000 9.7
2016-02-03T06:00:26+0000 9.8
2016-02-03T06:15:42+0000 9.7
2016-02-03T06:30:58+0000 9.7
2016-02-03T06:46:13+0000 9.6
2016-02-03T07:01:29+0000 9.6
2016-02-03T07:16:45+0000 9.6
2016-02-03T07:32:00+0000 9.5
2016-02-03T07:47:16+0000 9.5
2016-02-03T08:02:32+0000 9.5
2016-02-03T08:17:48+0000 9.5
2016-02-03T08:33:03+0000 9.4
2016-02-03T08:48:19+0000 9.1
2016-02-03T09:03:35+0000 9.3
2016-02-03T09:18:51+0000 9.2
2016-02-03T09:34:06+0000 9.3
2016-02-03T09:49:22+0000 9.2
2016-02-03T10:04:38+0000 9.1
2016-02-03T10:19:54+0000 9.1
2016-02-03T10:35:09+0000 9.3
2016-02-03T10:50:25+0000 9.4
2016-02-03T11:05:41+0000 9.3
2016-02-03T11:20:57+0000 9.3
2016-02-03T11:36:13+0000 9.5
2016-02-03T11:51:28+0000 9.7
2016-02-03T12:06:44+0000 9.7
2016-02-03T12:22:00+0000 9.6
2016-02-03T12:37:16+0000 9.7
2016-02-03T12:52:32+0000 9.8
2016-02-03T13:07:47+0000 10.1
2016-02-03T13:23:03+0000 10.2
2016-02-03T13:38:19+0000 10.5
2016-02-03T13:53:34+0000 10.3
2016-02-03T14:08:50+0000 9.9
2016-02-03T14:24:06+0000 9.7
2016-02-03T14:39:22+0000 9.2
2016-02-03T14:54:37+0000 9.5
2016-02-03T15:09:53+0000 9.9
2016-02-03T15:25:09+0000 9.4
2016-02-03T15:40:25+0000 9.6
2016-02-03T15:55:40+0000 9.5
2016-02-03T16:10:56+0000 9.1
2016-02-03T16:26:12+0000 9.5
2016-02-03T16:41:28+0000 9.1
2016-02-03T16:56:44+0000 9.1
2016-02-03T17:11:59+0000 9.0
2016-02-03T17:27:15+0000 8.8
2016-02-03T17:42:31+0000 8.9
2016-02-03T17:57:47+0000 8.6
2016-02-03T18:13:02+0000 8.7
2016-02-03T18:28:18+0000 8.4
2016-02-03T18:43:34+0000 8.1
2016-02-03T18:58:50+0000 8.1
2016-02-03T19:14:06+0000 8.0
2016-02-03T19:29:21+0000 7.5
2016-02-03T19:44:37+0000 7.6
2016-02-03T19:59:53+0000 7.5
2016-02-03T20:15:09+0000 7.4
2016-02-03T20:30:25+0000 7.1
2016-02-03T20:45:41+0000 7.1
2016-02-03T21:00:57+0000 7.4
2016-02-03T21:16:12+0000 7.0
2016-02-03T21:31:28+0000 7.1
2016-02-03T21:46:44+0000 6.9
2016-02-03T22:02:00+0000 7.2
2016-02-03T22:17:16+0000 7.3
2016-02-03T22:32:32+0000 6.9
2016-02-03T22:47:48+0000 7.0
2016-02-03T23:03:04+0000 7.0
2016-02-03T23:18:20+0000 7.1
2016-02-03T23:33:36+0000 7.0
2016-02-03T23:48:52+0000 6.9
