2016-04-07T00:06:00+0000 15.3
2016-04-07T00:21:15+0000 15.2
2016-04-07T00:36:30+0000 15.3
2016-04-07T00:51:45+0000 15.2
2016-04-07T01:07:00+0000 15.3
2016-04-07T01:22:15+0000 15.1
2016-04-07T01:37:30+0000 15.0
2016-04-07T01:52:45+0000 14.9
2016-04-07T02:08:00+0000 14.9
2016-04-07T02:23:16+0000 14.8
2016-04-07T02:38:31+0000 14.9
2016-04-07T02:53:46+0000 14.9
2016-04-07T03:09:01+0000 14.8
2016-04-07T03:24:16+0000 14.7
2016-04-07T03:39:32+0000 14.8
2016-04-07T03:54:47+0000 14.7
2016-04-07T04:10:02+0000 14.7
2016-04-07T04:25:17+0000 14.6
2016-04-07T04:40:33+0000 14.4
2016-04-07T04:55:48+0000 14.2
2016-04-07T05:11:03+0000 14.0
2016-04-07T05:26:18+0000 14.0
2016-04-07T05:41:33+0000 13.9
2016-04-07T05:56:49+0000 13.9
2016-04-07T06:12:04+0000 13.8
2016-04-07T06:27:19+0000 13.7
2016-04-07T06:42:34+0000 13.6
2016-04-07T06:57:50+0000 13.5
2016-04-07T07:13:05+0000 13.4
2016-04-07T07:28:20+0000 13.4
2016-04-07T07:43:35+0000 13.3
2016-04-07T07:58:51+0000 13.4
2016-04-07T08:14:06+0000 13.2
2016-04-07T08:29:21+0000 13.4
2016-04-07T08:44:36+0000 13.3
2016-04-07T08:59:52+0000 13.3
2016-04-07T09:15:07+0000 13.3
2016-04-07T09:30:22+0000 13.3
2016-04-07T09:45:37+0000 13.2
2016-04-07T10:00:53+0000 13.1
2016-04-07T10:16:08+0000 13.0
2016-04-07T10:31:23+0000 13.1
2016-04-07T10:46:39+0000 12.9
2016-04-07T11:01:54+0000 13.0
2016-04-07T11:17:09+0000 13.0
2016-04-07T11:32:24+0000 13.0
2016-04-07T11:47:39+0000 13.3
2016-04-07T12:02:55+0000 13.5
2016-04-07T12:18:10+0000 13.7
2016-04-07T12:33:25+0000 14.0
2016-04-07T12:48:41+0000 14.2
2016-04-07T13:03:56+0000 14.3
2016-04-07T13:19:11+0000 14.4
2016-04-07T13:34:26+0000 14.5
2016-04-07T13:49:42+0000 14.6
2016-04-07T14:04:57+0000 14.8
2016-04-07T14:20:12+0000 15.3
2016-04-07T14:35:27+0000 15.6
2016-04-07T14:50:42+0000 15.7
2016-04-07T15:05:58+0000 15.7
2016-04-07T15:21:13+0000 16.0
2016-04-07T15:36:28+0000 16.1
2016-04-07T15:51:43+0000 16.2
2016-04-07T16:06:58+0000 16.4
2016-04-07T16:22:13+0000 16.4
2016-04-07T16:37:28+0000 16.7
2016-04-07T16:52:43+0000 16.8
2016-04-07T17:07:58+0000 16.7
2016-04-07T17:23:13+0000 16.6
2016-04-07T17:38:29+0000 16.2
2016-04-07T17:53:44+0000 16.0
2016-04-07T18:08:59+0000 16.0
2016-04-07T18:24:14+0000 15.8
2016-04-07T18:39:29+0000 15.5
2016-04-07T18:54:44+0000 15.2
2016-04-07T19:10:00+0000 15.0
2016-04-07T19:25:15+0000 14.6
2016-04-07T19:40:30+0000 14.3
2016-04-07T19:55:45+0000 14.2
2016-04-07T20:11:01+0000 13.9
2016-04-07T20:26:16+0000 13.6
2016-04-07T20:41:31+0000 13.3
2016-04-07T20:56:46+0000 13.1
2016-04-07T21:12:02+0000 13.0
2016-04-07T21:27:17+0000 12.8
2016-04-07T21:42:32+0000 12.6
2016-04-07T21:57:48+0000 12.5
2016-04-07T22:13:03+0000 12.3
2016-04-07T22:28:18+0000 12.0
2016-04-07T22:43:34+0000 11.8
2016-04-07T22:58:49+0000 11.7
2016-04-07T23:14:05+0000 11.6
2016-04-07T23:29:20+0000 11.2
2016-04-07T23:44:35+0000 11.0
2016-04-07T23:59:50+0000 10.9
