2016-10-01T00:03:46+0000 19.2
2016-10-01T00:19:01+0000 19.2
2016-10-01T00:34:16+0000 19.2
2016-10-01T00:49:32+0000 19.1
2016-10-01T01:04:47+0000 18.9
2016-10-01T01:20:02+0000 18.9
2016-10-01T01:35:17+0000 18.8
2016-10-01T01:50:33+0000 18.9
2016-10-01T02:05:48+0000 18.7
2016-10-01T02:21:03+0000 18.7
2016-10-01T02:36:19+0000 18.6
2016-10-01T02:51:34+0000 18.6
2016-10-01T03:06:49+0000 18.7
2016-10-01T03:22:05+0000 18.5
2016-10-01T03:37:20+0000 18.5
2016-10-01T03:52:35+0000 18.5
2016-10-01T04:07:51+0000 18.5
2016-10-01T04:23:06+0000 18.3
2016-10-01T04:38:21+0000 18.3
2016-10-01T04:53:37+0000 18.2
2016-10-01T05:08:52+0000 18.3
2016-10-01T05:24:07+0000 18.1
2016-10-01T05:39:23+0000 18.2
2016-10-01T05:54:38+0000 18.1
2016-10-01T06:09:53+0000 17.9
2016-10-01T06:25:09+0000 17.9
2016-10-01T06:40:24+0000 17.9
2016-10-01T06:55:39+0000 17.9
2016-10-01T07:10:55+0000 17.9
2016-10-01T07:26:10+0000 17.9
2016-10-01T07:41:26+0000 17.9
2016-10-01T07:56:41+0000 18.0
2016-10-01T08:11:56+0000 18.1
2016-10-01T08:27:12+0000 18.3
2016-10-01T08:42:27+0000 18.3
2016-10-01T08:57:42+0000 18.5
2016-10-01T09:12:58+0000 18.7
2016-10-01T09:28:13+0000 19.2
2016-10-01T09:43:28+0000 19.4
2016-10-01T09:58:44+0000 20.1
2016-10-01T10:13:59+0000 20.6
2016-10-01T10:29:14+0000 21.0
2016-10-01T10:44:30+0000 21.2
2016-10-01T10:59:45+0000 21.6
2016-10-01T11:15:00+0000 22.1
2016-10-01T11:30:16+0000 22.3
2016-10-01T11:45:31+0000 22.6
2016-10-01T12:00:46+0000 23.0
2016-10-01T12:16:01+0000 23.3
2016-10-01T12:31:16+0000 23.3
2016-10-01T12:46:32+0000 23.2
2016-10-01T13:01:47+0000 23.1
2016-10-01T13:17:02+0000 23.0
2016-10-01T13:32:17+0000 22.9
2016-10-01T13:47:32+0000 22.9
2016-10-01T14:02:47+0000 22.9
2016-10-01T14:18:03+0000 22.9
2016-10-01T14:33:18+0000 23.0
2016-10-01T14:48:33+0000 23.0
2016-10-01T15:03:48+0000 22.9
2016-10-01T15:19:03+0000 22.9
2016-10-01T15:34:18+0000 22.7
2016-10-01T15:49:33+0000 22.4
2016-10-01T16:04:48+0000 22.3
2016-10-01T16:20:04+0000 22.3
2016-10-01T16:35:19+0000 22.3
2016-10-01T16:50:34+0000 22.1
2016-10-01T17:05:49+0000 21.8
2016-10-01T17:21:04+0000 21.3
2016-10-01T17:36:20+0000 21.2
2016-10-01T17:51:35+0000 20.6
2016-10-01T18:06:50+0000 20.5
2016-10-01T18:22:05+0000 20.5
2016-10-01T18:37:21+0000 20.3
2016-10-01T18:52:36+0000 20.1
2016-10-01T19:07:51+0000 20.0
2016-10-01T19:23:06+0000 19.8
2016-10-01T19:38:22+0000 19.7
2016-10-01T19:53:37+0000 19.4
2016-10-01T20:08:52+0000 19.3
2016-10-01T20:24:08+0000 19.1
2016-10-01T20:39:23+0000 19.0
2016-10-01T20:54:38+0000 18.8
2016-10-01T21:09:54+0000 18.6
2016-10-01T21:25:09+0000 18.5
2016-10-01T21:40:24+0000 18.3
2016-10-01T21:55:40+0000 18.0
2016-10-01T22:10:55+0000 17.9
2016-10-01T22:26:10+0000 17.7
2016-10-01T22:41:26+0000 17.5
2016-10-01T22:56:41+0000 17.4
2016-10-01T23:11:57+0000 17.3
2016-10-01T23:27:12+0000 17.1
2016-10-01T23:42:28+0000 16.9
2016-10-01T23:57:43+0000 16.8
