2016-08-05T00:13:53+0000 21.6
2016-08-05T00:29:08+0000 21.6
2016-08-05T00:44:23+0000 21.5
2016-08-05T00:59:38+0000 21.4
2016-08-05T01:14:53+0000 21.2
2016-08-05T01:30:08+0000 21.2
2016-08-05T01:45:23+0000 21.1
2016-08-05T02:00:37+0000 20.9
2016-08-05T02:15:52+0000 21.0
2016-08-05T02:31:07+0000 20.8
2016-08-05T02:46:22+0000 20.7
2016-08-05T03:01:37+0000 20.8
2016-08-05T03:16:52+0000 20.7
2016-08-05T03:32:07+0000 20.7
2016-08-05T03:47:22+0000 20.7
2016-08-05T04:02:36+0000 20.5
2016-08-05T04:17:51+0000 20.4
2016-08-05T04:33:06+0000 20.3
2016-08-05T04:48:21+0000 20.3
2016-08-05T05:03:36+0000 20.2
2016-08-05T05:18:51+0000 20.2
2016-08-05T05:34:06+0000 20.1
2016-08-05T05:49:21+0000 20.0
2016-08-05T06:04:35+0000 19.9
2016-08-05T06:19:50+0000 20.0
2016-08-05T06:35:05+0000 20.1
2016-08-05T06:50:20+0000 20.0
2016-08-05T07:05:35+0000 20.2
2016-08-05T07:20:50+0000 20.3
2016-08-05T07:36:05+0000 20.4
2016-08-05T07:51:19+0000 20.6
2016-08-05T08:06:34+0000 21.0
2016-08-05T08:21:49+0000 21.1
2016-08-05T08:37:04+0000 21.5
2016-08-05T08:52:19+0000 21.8
2016-08-05T09:07:33+0000 22.0
2016-08-05T09:22:48+0000 22.2
2016-08-05T09:38:03+0000 22.6
2016-08-05T09:53:18+0000 22.7
2016-08-05T10:08:33+0000 22.8
2016-08-05T10:23:48+0000 22.9
2016-08-05T10:39:02+0000 23.0
2016-08-05T10:54:17+0000 23.2
2016-08-05T11:09:32+0000 23.6
2016-08-05T11:24:47+0000 23.8
2016-08-05T11:40:01+0000 24.3
2016-08-05T11:55:16+0000 24.8
2016-08-05T12:10:31+0000 25.4
2016-08-05T12:25:46+0000 26.0
2016-08-05T12:41:00+0000 26.6
2016-08-05T12:56:15+0000 26.5
2016-08-05T13:11:30+0000 26.3
2016-08-05T13:26:44+0000 26.3
2016-08-05T13:41:59+0000 26.5
2016-08-05T13:57:13+0000 27.0
2016-08-05T14:12:28+0000 27.2
2016-08-05T14:27:43+0000 27.6
2016-08-05T14:42:57+0000 27.7
2016-08-05T14:58:12+0000 27.9
2016-08-05T15:13:26+0000 27.6
2016-08-05T15:28:41+0000 27.6
2016-08-05T15:43:55+0000 27.8
2016-08-05T15:59:10+0000 28.0
2016-08-05T16:14:24+0000 28.0
2016-08-05T16:29:38+0000 27.9
2016-08-05T16:44:53+0000 27.8
2016-08-05T17:00:07+0000 27.6
2016-08-05T17:15:22+0000 27.6
2016-08-05T17:30:36+0000 27.5
2016-08-05T17:45:51+0000 27.4
2016-08-05T18:01:05+0000 27.3
2016-08-05T18:16:20+0000 27.3
2016-08-05T18:31:35+0000 27.3
2016-08-05T18:46:49+0000 27.0
2016-08-05T19:02:04+0000 26.7
2016-08-05T19:17:18+0000 26.5
2016-08-05T19:32:33+0000 26.3
2016-08-05T19:47:47+0000 25.8
2016-08-05T20:03:02+0000 25.3
2016-08-05T20:18:17+0000 25.1
2016-08-05T20:33:31+0000 24.7
2016-08-05T20:48:46+0000 24.5
2016-08-05T21:04:01+0000 24.2
2016-08-05T21:19:15+0000 23.8
2016-08-05T21:34:30+0000 23.6
2016-08-05T21:49:45+0000 23.2
2016-08-05T22:04:59+0000 23.0
2016-08-05T22:20:14+0000 22.7
2016-08-05T22:35:29+0000 22.4
2016-08-05T22:50:44+0000 22.2
2016-08-05T23:05:59+0000 22.0
2016-08-05T23:21:13+0000 21.7
2016-08-05T23:36:28+0000 21.5
2016-08-05T23:51:43+0000 21.3
