2016-05-22T00:11:53+0000 23.7
2016-05-22T00:27:07+0000 23.5
2016-05-22T00:42:22+0000 23.3
2016-05-22T00:57:36+0000 23.0
2016-05-22T01:12:51+0000 22.7
2016-05-22T01:28:05+0000 22.6
2016-05-22T01:43:20+0000 22.3
2016-05-22T01:58:34+0000 22.1
2016-05-22T02:13:49+0000 21.8
2016-05-22T02:29:04+0000 21.6
2016-05-22T02:44:18+0000 21.5
2016-05-22T02:59:33+0000 21.3
2016-05-22T03:14:47+0000 21.0
2016-05-22T03:30:02+0000 20.7
2016-05-22T03:45:17+0000 20.6
2016-05-22T04:00:31+0000 20.4
2016-05-22T04:15:46+0000 20.2
2016-05-22T04:31:01+0000 20.0
2016-05-22T04:46:15+0000 19.9
2016-05-22T05:01:30+0000 19.7
2016-05-22T05:16:45+0000 19.6
2016-05-22T05:31:59+0000 19.5
2016-05-22T05:47:14+0000 19.4
2016-05-22T06:02:28+0000 19.6
2016-05-22T06:17:43+0000 19.6
2016-05-22T06:32:57+0000 19.8
2016-05-22T06:48:12+0000 19.9
2016-05-22T07:03:26+0000 20.2
2016-05-22T07:18:40+0000 21.0
2016-05-22T07:33:55+0000 21.6
2016-05-22T07:49:09+0000 22.5
2016-05-22T08:04:24+0000 23.2
2016-05-22T08:19:38+0000 24.3
2016-05-22T08:34:52+0000 25.2
2016-05-22T08:50:06+0000 26.1
2016-05-22T09:05:20+0000 27.1
2016-05-22T09:20:34+0000 28.0
2016-05-22T09:35:48+0000 28.9
2016-05-22T09:51:02+0000 29.3
2016-05-22T10:06:16+0000 30.0
2016-05-22T10:21:30+0000 30.6
2016-05-22T10:36:44+0000 30.9
2016-05-22T10:51:58+0000 31.4
2016-05-22T11:07:12+0000 31.8
2016-05-22T11:22:25+0000 32.1
2016-05-22T11:37:39+0000 32.6
2016-05-22T11:52:53+0000 33.2
2016-05-22T12:08:06+0000 34.0
2016-05-22T12:23:20+0000 34.2
2016-05-22T12:38:33+0000 34.5
2016-05-22T12:53:47+0000 34.6
2016-05-22T13:09:01+0000 35.0
2016-05-22T13:24:14+0000 35.7
2016-05-22T13:39:28+0000 36.3
2016-05-22T13:54:42+0000 36.7
2016-05-22T14:09:55+0000 37.2
2016-05-22T14:25:09+0000 37.2
2016-05-22T14:40:22+0000 37.2
2016-05-22T14:55:35+0000 37.2
2016-05-22T15:10:49+0000 36.8
2016-05-22T15:26:02+0000 36.3
2016-05-22T15:41:16+0000 36.2
2016-05-22T15:56:29+0000 35.6
2016-05-22T16:11:43+0000 34.6
2016-05-22T16:26:57+0000 34.1
2016-05-22T16:42:10+0000 33.5
2016-05-22T16:57:24+0000 32.9
2016-05-22T17:12:38+0000 32.6
2016-05-22T17:27:52+0000 32.2
2016-05-22T17:43:06+0000 31.8
2016-05-22T17:58:19+0000 31.4
2016-05-22T18:13:33+0000 30.9
2016-05-22T18:28:47+0000 30.3
2016-05-22T18:44:01+0000 29.6
2016-05-22T18:59:15+0000 29.2
2016-05-22T19:14:29+0000 28.8
2016-05-22T19:29:43+0000 27.9
2016-05-22T19:44:58+0000 27.7
2016-05-22T20:00:12+0000 27.1
2016-05-22T20:15:26+0000 26.4
2016-05-22T20:30:40+0000 25.8
2016-05-22T20:45:55+0000 25.6
2016-05-22T21:01:09+0000 25.4
2016-05-22T21:16:23+0000 25.0
2016-05-22T21:31:37+0000 24.8
2016-05-22T21:46:52+0000 24.4
2016-05-22T22:02:06+0000 24.3
2016-05-22T22:17:21+0000 24.0
2016-05-22T22:32:35+0000 23.7
2016-05-22T22:47:49+0000 23.5
2016-05-22T23:03:04+0000 23.4
2016-05-22T23:18:18+0000 23.1
2016-05-22T23:33:33+0000 22.9
2016-05-22T23:48:47+0000 22.8
