2016-08-07T00:00:00+0000 22.0
2016-08-07T00:15:15+0000 21.7
2016-08-07T00:30:30+0000 21.5
2016-08-07T00:45:45+0000 21.3
2016-08-07T01:01:00+0000 21.0
2016-08-07T01:16:14+0000 20.9
2016-08-07T01:31:29+0000 20.7
2016-08-07T01:46:44+0000 20.5
2016-08-07T02:01:59+0000 20.3
2016-08-07T02:17:14+0000 20.2
2016-08-07T02:32:29+0000 20.0
2016-08-07T02:47:44+0000 19.8
2016-08-07T03:02:59+0000 19.6
2016-08-07T03:18:13+0000 19.4
2016-08-07T03:33:28+0000 19.3
2016-08-07T03:48:43+0000 19.2
2016-08-07T04:03:58+0000 19.0
2016-08-07T04:19:13+0000 18.9
2016-08-07T04:34:28+0000 18.7
2016-08-07T04:49:43+0000 18.5
2016-08-07T05:04:58+0000 18.4
2016-08-07T05:20:13+0000 18.3
2016-08-07T05:35:28+0000 18.2
2016-08-07T05:50:43+0000 18.0
2016-08-07T06:05:58+0000 17.9
2016-08-07T06:21:13+0000 18.0
2016-08-07T06:36:28+0000 18.1
2016-08-07T06:51:43+0000 18.4
2016-08-07T07:06:58+0000 18.9
2016-08-07T07:22:14+0000 19.5
2016-08-07T07:37:29+0000 20.0
2016-08-07T07:52:44+0000 20.7
2016-08-07T08:07:59+0000 21.5
2016-08-07T08:23:13+0000 22.4
2016-08-07T08:38:28+0000 23.3
2016-08-07T08:53:43+0000 24.4
2016-08-07T09:08:58+0000 25.2
2016-08-07T09:24:13+0000 26.3
2016-08-07T09:39:28+0000 27.2
2016-08-07T09:54:42+0000 28.3
2016-08-07T10:09:57+0000 29.1
2016-08-07T10:25:11+0000 30.1
2016-08-07T10:40:26+0000 31.0
2016-08-07T10:55:40+0000 31.8
2016-08-07T11:10:54+0000 32.6
2016-08-07T11:26:09+0000 33.5
2016-08-07T11:41:23+0000 34.1
2016-08-07T11:56:37+0000 34.8
2016-08-07T12:11:51+0000 35.2
2016-08-07T12:27:05+0000 35.6
2016-08-07T12:42:19+0000 36.0
2016-08-07T12:57:33+0000 36.5
2016-08-07T13:12:46+0000 36.8
2016-08-07T13:28:00+0000 37.1
2016-08-07T13:43:14+0000 37.4
2016-08-07T13:58:28+0000 37.7
2016-08-07T14:13:41+0000 37.7
2016-08-07T14:28:55+0000 37.8
2016-08-07T14:44:09+0000 37.9
2016-08-07T14:59:22+0000 37.8
2016-08-07T15:14:36+0000 37.8
2016-08-07T15:29:49+0000 37.7
2016-08-07T15:45:03+0000 37.5
2016-08-07T16:00:16+0000 37.2
2016-08-07T16:15:30+0000 37.1
2016-08-07T16:30:44+0000 36.8
2016-08-07T16:45:58+0000 36.4
2016-08-07T17:01:11+0000 36.2
2016-08-07T17:16:25+0000 35.9
2016-08-07T17:31:39+0000 35.8
2016-08-07T17:46:52+0000 35.5
2016-08-07T18:02:06+0000 35.3
2016-08-07T18:17:20+0000 35.0
2016-08-07T18:32:34+0000 34.6
2016-08-07T18:47:47+0000 34.2
2016-08-07T19:03:01+0000 33.8
2016-08-07T19:18:15+0000 33.2
2016-08-07T19:33:29+0000 32.8
2016-08-07T19:48:43+0000 32.2
2016-08-07T20:03:57+0000 31.7
2016-08-07T20:19:11+0000 31.0
2016-08-07T20:34:25+0000 30.6
2016-08-07T20:49:39+0000 30.1
2016-08-07T21:04:53+0000 29.6
2016-08-07T21:20:07+0000 29.2
2016-08-07T21:35:22+0000 28.8
2016-08-07T21:50:36+0000 28.4
2016-08-07T22:05:50+0000 28.0
2016-08-07T22:21:04+0000 27.8
2016-08-07T22:36:19+0000 27.5
2016-08-07T22:51:33+0000 27.0
2016-08-07T23:06:48+0000 26.7
2016-08-07T23:22:02+0000 26.3
2016-08-07T23:37:16+0000 26.1
2016-08-07T23:52:31+0000 25.9
