2016-03-27T00:11:36+0000 14.3
2016-03-27T00:26:51+0000 14.0
2016-03-27T00:42:07+0000 13.9
2016-03-27T00:57:22+0000 13.6
2016-03-27T01:12:37+0000 13.5
2016-03-27T01:27:53+0000 13.5
2016-03-27T01:43:08+0000 13.5
2016-03-27T01:58:23+0000 13.3
2016-03-27T02:13:39+0000 13.2
2016-03-27T02:28:54+0000 13.1
2016-03-27T02:44:09+0000 13.2
2016-03-27T02:59:25+0000 13.0
2016-03-27T03:14:40+0000 13.1
2016-03-27T03:29:56+0000 13.0
2016-03-27T03:45:11+0000 13.0
2016-03-27T04:00:26+0000 12.8
2016-03-27T04:15:42+0000 12.8
2016-03-27T04:30:57+0000 12.7
2016-03-27T04:46:13+0000 12.6
2016-03-27T05:01:28+0000 12.5
2016-03-27T05:16:43+0000 12.4
2016-03-27T05:31:59+0000 12.2
2016-03-27T05:47:14+0000 12.2
2016-03-27T06:02:30+0000 12.1
2016-03-27T06:17:45+0000 12.1
2016-03-27T06:33:01+0000 12.2
2016-03-27T06:48:16+0000 12.2
2016-03-27T07:03:31+0000 12.1
2016-03-27T07:18:47+0000 12.1
2016-03-27T07:34:02+0000 12.2
2016-03-27T07:49:18+0000 12.3
2016-03-27T08:04:33+0000 12.5
2016-03-27T08:19:48+0000 12.5
2016-03-27T08:35:04+0000 12.6
2016-03-27T08:50:19+0000 12.7
2016-03-27T09:05:35+0000 12.6
2016-03-27T09:20:50+0000 12.9
2016-03-27T09:36:05+0000 12.8
2016-03-27T09:51:21+0000 13.0
2016-03-27T10:06:36+0000 13.1
2016-03-27T10:21:52+0000 12.9
2016-03-27T10:37:07+0000 12.8
2016-03-27T10:52:23+0000 13.3
2016-03-27T11:07:38+0000 13.1
2016-03-27T11:22:53+0000 13.4
2016-03-27T11:38:09+0000 13.3
2016-03-27T11:53:24+0000 13.5
2016-03-27T12:08:40+0000 13.7
2016-03-27T12:23:55+0000 13.7
2016-03-27T12:39:11+0000 13.6
2016-03-27T12:54:26+0000 14.0
2016-03-27T13:09:41+0000 13.8
2016-03-27T13:24:57+0000 14.1
2016-03-27T13:40:12+0000 14.1
2016-03-27T13:55:27+0000 14.3
2016-03-27T14:10:43+0000 14.8
2016-03-27T14:25:58+0000 14.4
2016-03-27T14:41:13+0000 14.6
2016-03-27T14:56:29+0000 14.7
2016-03-27T15:11:44+0000 14.8
2016-03-27T15:26:59+0000 14.8
2016-03-27T15:42:15+0000 14.8
2016-03-27T15:57:30+0000 14.9
2016-03-27T16:12:45+0000 14.9
2016-03-27T16:28:01+0000 15.1
2016-03-27T16:43:16+0000 15.4
2016-03-27T16:58:31+0000 15.4
2016-03-27T17:13:46+0000 15.5
2016-03-27T17:29:02+0000 15.4
2016-03-27T17:44:17+0000 15.2
2016-03-27T17:59:32+0000 15.1
2016-03-27T18:14:47+0000 15.0
2016-03-27T18:30:03+0000 15.0
2016-03-27T18:45:18+0000 14.9
2016-03-27T19:00:33+0000 14.9
2016-03-27T19:15:49+0000 14.9
2016-03-27T19:31:04+0000 14.5
2016-03-27T19:46:19+0000 14.1
2016-03-27T20:01:34+0000 13.9
2016-03-27T20:16:50+0000 13.7
2016-03-27T20:32:05+0000 13.4
2016-03-27T20:47:21+0000 13.1
2016-03-27T21:02:36+0000 13.0
2016-03-27T21:17:51+0000 12.7
2016-03-27T21:33:07+0000 12.5
2016-03-27T21:48:22+0000 12.3
2016-03-27T22:03:38+0000 12.1
2016-03-27T22:18:53+0000 11.9
2016-03-27T22:34:09+0000 11.7
2016-03-27T22:49:24+0000 11.5
2016-03-27T23:04:39+0000 11.4
2016-03-27T23:19:55+0000 11.1
2016-03-27T23:35:10+0000 11.0
2016-03-27T23:50:26+0000 10.8
