2016-03-21T00:01:00+0000 12.0
2016-03-21T00:16:15+0000 11.9
2016-03-21T00:31:31+0000 11.8
2016-03-21T00:46:46+0000 11.7
2016-03-21T01:02:02+0000 11.6
2016-03-21T01:17:17+0000 11.6
2016-03-21T01:32:33+0000 11.5
2016-03-21T01:47:49+0000 11.3
2016-03-21T02:03:04+0000 11.3
2016-03-21T02:18:20+0000 11.1
2016-03-21T02:33:35+0000 11.0
2016-03-21T02:48:51+0000 11.0
2016-03-21T03:04:06+0000 11.0
2016-03-21T03:19:22+0000 10.8
2016-03-21T03:34:37+0000 10.8
2016-03-21T03:49:53+0000 10.8
2016-03-21T04:05:08+0000 10.7
2016-03-21T04:20:24+0000 10.7
2016-03-21T04:35:39+0000 10.6
2016-03-21T04:50:55+0000 10.5
2016-03-21T05:06:10+0000 10.5
2016-03-21T05:21:26+0000 10.4
2016-03-21T05:36:41+0000 10.3
2016-03-21T05:51:57+0000 10.3
2016-03-21T06:07:12+0000 10.3
2016-03-21T06:22:28+0000 10.2
2016-03-21T06:37:43+0000 10.2
2016-03-21T06:52:59+0000 10.2
2016-03-21T07:08:15+0000 10.2
2016-03-21T07:23:30+0000 10.3
2016-03-21T07:38:46+0000 10.3
2016-03-21T07:54:01+0000 10.7
2016-03-21T08:09:17+0000 11.1
2016-03-21T08:24:32+0000 11.6
2016-03-21T08:39:48+0000 11.9
2016-03-21T08:55:03+0000 12.3
2016-03-21T09:10:19+0000 12.7
2016-03-21T09:25:34+0000 13.1
2016-03-21T09:40:50+0000 13.4
2016-03-21T09:56:05+0000 13.7
2016-03-21T10:11:21+0000 14.0
2016-03-21T10:26:36+0000 14.4
2016-03-21T10:41:52+0000 14.9
2016-03-21T10:57:07+0000 15.1
2016-03-21T11:12:23+0000 15.1
2016-03-21T11:27:38+0000 15.3
2016-03-21T11:42:53+0000 15.7
2016-03-21T11:58:08+0000 16.1
2016-03-21T12:13:24+0000 16.4
2016-03-21T12:28:39+0000 16.7
2016-03-21T12:43:54+0000 17.0
2016-03-21T12:59:09+0000 17.1
2016-03-21T13:14:25+0000 17.3
2016-03-21T13:29:40+0000 17.5
2016-03-21T13:44:55+0000 17.5
2016-03-21T14:00:11+0000 17.6
2016-03-21T14:15:26+0000 17.6
2016-03-21T14:30:41+0000 17.8
2016-03-21T14:45:56+0000 17.8
2016-03-21T15:01:12+0000 17.9
2016-03-21T15:16:27+0000 17.9
2016-03-21T15:31:42+0000 17.6
2016-03-21T15:46:57+0000 17.4
2016-03-21T16:02:12+0000 17.0
2016-03-21T16:17:28+0000 16.7
2016-03-21T16:32:43+0000 16.4
2016-03-21T16:47:58+0000 16.1
2016-03-21T17:03:14+0000 15.9
2016-03-21T17:18:29+0000 15.8
2016-03-21T17:33:44+0000 16.0
2016-03-21T17:49:00+0000 15.9
2016-03-21T18:04:15+0000 16.0
2016-03-21T18:19:30+0000 15.5
2016-03-21T18:34:46+0000 15.2
2016-03-21T18:50:01+0000 15.1
2016-03-21T19:05:16+0000 14.7
2016-03-21T19:20:32+0000 14.5
2016-03-21T19:35:47+0000 14.4
2016-03-21T19:51:02+0000 14.1
2016-03-21T20:06:18+0000 13.9
2016-03-21T20:21:33+0000 13.8
2016-03-21T20:36:49+0000 13.6
2016-03-21T20:52:04+0000 13.6
2016-03-21T21:07:19+0000 13.5
2016-03-21T21:22:35+0000 13.4
2016-03-21T21:37:50+0000 13.4
2016-03-21T21:53:06+0000 13.2
2016-03-21T22:08:21+0000 13.2
2016-03-21T22:23:36+0000 13.1
2016-03-21T22:38:52+0000 13.1
2016-03-21T22:54:07+0000 12.9
2016-03-21T23:09:23+0000 12.8
2016-03-21T23:24:38+0000 12.7
2016-03-21T23:39:54+0000 12.5
2016-03-21T23:55:09+0000 12.4
