2015-12-21T00:06:44+0000 11.3
2015-12-21T00:22:00+0000 11.3
2015-12-21T00:37:15+0000 11.2
2015-12-21T00:52:31+0000 11.2
2015-12-21T01:07:46+0000 11.2
2015-12-21T01:23:02+0000 11.2
2015-12-21T01:38:18+0000 11.2
2015-12-21T01:53:33+0000 11.2
2015-12-21T02:08:49+0000 11.1
2015-12-21T02:24:04+0000 11.1
2015-12-21T02:39:20+0000 11.1
2015-12-21T02:54:35+0000 11.1
2015-12-21T03:09:51+0000 11.0
2015-12-21T03:25:07+0000 11.0
2015-12-21T03:40:22+0000 11.0
2015-12-21T03:55:38+0000 11.0
2015-12-21T04:10:53+0000 11.0
2015-12-21T04:26:09+0000 11.0
2015-12-21T04:41:24+0000 11.0
2015-12-21T04:56:40+0000 11.1
2015-12-21T05:11:56+0000 10.9
2015-12-21T05:27:11+0000 11.1
2015-12-21T05:42:27+0000 11.3
2015-12-21T05:57:42+0000 11.4
2015-12-21T06:12:58+0000 11.7
2015-12-21T06:28:14+0000 11.7
2015-12-21T06:43:29+0000 11.7
2015-12-21T06:58:45+0000 11.6
2015-12-21T07:14:00+0000 11.6
2015-12-21T07:29:16+0000 11.7
2015-12-21T07:44:32+0000 11.7
2015-12-21T07:59:47+0000 11.6
2015-12-21T08:15:03+0000 11.6
2015-12-21T08:30:18+0000 11.6
2015-12-21T08:45:34+0000 11.6
2015-12-21T09:00:49+0000 11.4
2015-12-21T09:16:05+0000 11.4
2015-12-21T09:31:21+0000 11.3
2015-12-21T09:46:36+0000 11.3
2015-12-21T10:01:52+0000 11.3
2015-12-21T10:17:08+0000 11.4
2015-12-21T10:32:23+0000 11.5
2015-12-21T10:47:39+0000 11.5
2015-12-21T11:02:54+0000 11.5
2015-12-21T11:18:10+0000 11.6
2015-12-21T11:33:25+0000 11.7
2015-12-21T11:48:41+0000 11.6
2015-12-21T12:03:56+0000 11.9
2015-12-21T12:19:12+0000 12.0
2015-12-21T12:34:27+0000 12.1
2015-12-21T12:49:43+0000 12.2
2015-12-21T13:04:59+0000 12.2
2015-12-21T13:20:14+0000 12.4
2015-12-21T13:35:30+0000 12.5
2015-12-21T13:50:45+0000 12.8
2015-12-21T14:06:01+0000 12.8
2015-12-21T14:21:17+0000 12.9
2015-12-21T14:36:32+0000 13.0
2015-12-21T14:51:48+0000 13.0
2015-12-21T15:07:03+0000 13.1
2015-12-21T15:22:19+0000 13.2
2015-12-21T15:37:34+0000 13.1
2015-12-21T15:52:50+0000 12.9
2015-12-21T16:08:05+0000 12.8
2015-12-21T16:23:21+0000 12.8
2015-12-21T16:38:36+0000 12.7
2015-12-21T16:53:52+0000 12.4
2015-12-21T17:09:07+0000 12.3
2015-12-21T17:24:23+0000 12.2
2015-12-21T17:39:38+0000 12.2
2015-12-21T17:54:54+0000 12.0
2015-12-21T18:10:09+0000 12.0
2015-12-21T18:25:25+0000 11.9
2015-12-21T18:40:41+0000 11.9
2015-12-21T18:55:56+0000 11.8
2015-12-21T19:11:12+0000 11.7
2015-12-21T19:26:27+0000 11.8
2015-12-21T19:41:43+0000 11.7
2015-12-21T19:56:59+0000 11.7
2015-12-21T20:12:14+0000 11.6
2015-12-21T20:27:30+0000 11.5
2015-12-21T20:42:45+0000 11.6
2015-12-21T20:58:01+0000 11.5
2015-12-21T21:13:16+0000 11.6
2015-12-21T21:28:32+0000 11.6
2015-12-21T21:43:47+0000 11.4
2015-12-21T21:59:03+0000 11.5
2015-12-21T22:14:19+0000 11.4
2015-12-21T22:29:34+0000 11.5
2015-12-21T22:44:50+0000 11.6
2015-12-21T23:00:05+0000 11.7
2015-12-21T23:15:21+0000 11.8
2015-12-21T23:30:37+0000 11.9
2015-12-21T23:45:52+0000 11.9
