2016-07-17T00:11:32+0000 26.0
2016-07-17T00:26:47+0000 25.8
2016-07-17T00:42:01+0000 25.5
2016-07-17T00:57:16+0000 25.2
2016-07-17T01:12:30+0000 25.1
2016-07-17T01:27:45+0000 24.8
2016-07-17T01:43:00+0000 24.5
2016-07-17T01:58:14+0000 24.4
2016-07-17T02:13:29+0000 24.1
2016-07-17T02:28:43+0000 23.7
2016-07-17T02:43:58+0000 23.5
2016-07-17T02:59:12+0000 23.3
2016-07-17T03:14:27+0000 23.0
2016-07-17T03:29:42+0000 22.8
2016-07-17T03:44:56+0000 22.6
2016-07-17T04:00:11+0000 22.4
2016-07-17T04:15:26+0000 22.2
2016-07-17T04:30:40+0000 22.0
2016-07-17T04:45:55+0000 21.8
2016-07-17T05:01:10+0000 21.7
2016-07-17T05:16:24+0000 21.5
2016-07-17T05:31:39+0000 21.5
2016-07-17T05:46:54+0000 21.4
2016-07-17T06:02:09+0000 21.3
2016-07-17T06:17:23+0000 21.2
2016-07-17T06:32:38+0000 21.4
2016-07-17T06:47:53+0000 21.5
2016-07-17T07:03:08+0000 21.9
2016-07-17T07:18:23+0000 22.7
2016-07-17T07:33:37+0000 23.3
2016-07-17T07:48:52+0000 24.2
2016-07-17T08:04:07+0000 25.0
2016-07-17T08:19:21+0000 25.9
2016-07-17T08:34:36+0000 26.8
2016-07-17T08:49:50+0000 27.6
2016-07-17T09:05:05+0000 28.6
2016-07-17T09:20:19+0000 29.5
2016-07-17T09:35:33+0000 30.4
2016-07-17T09:50:48+0000 31.3
2016-07-17T10:06:02+0000 32.1
2016-07-17T10:21:16+0000 32.9
2016-07-17T10:36:30+0000 33.7
2016-07-17T10:51:44+0000 34.6
2016-07-17T11:06:58+0000 35.4
2016-07-17T11:22:12+0000 35.9
2016-07-17T11:37:26+0000 36.7
2016-07-17T11:52:40+0000 37.5
2016-07-17T12:07:53+0000 38.0
2016-07-17T12:23:07+0000 38.4
2016-07-17T12:38:21+0000 38.4
2016-07-17T12:53:34+0000 38.4
2016-07-17T13:08:48+0000 38.3
2016-07-17T13:24:01+0000 38.4
2016-07-17T13:39:14+0000 38.7
2016-07-17T13:54:28+0000 38.3
2016-07-17T14:09:41+0000 37.9
2016-07-17T14:24:55+0000 37.5
2016-07-17T14:40:08+0000 37.6
2016-07-17T14:55:22+0000 37.4
2016-07-17T15:10:35+0000 37.2
2016-07-17T15:25:49+0000 37.0
2016-07-17T15:41:02+0000 36.9
2016-07-17T15:56:16+0000 36.7
2016-07-17T16:11:29+0000 36.3
2016-07-17T16:26:43+0000 35.9
2016-07-17T16:41:56+0000 35.8
2016-07-17T16:57:10+0000 35.6
2016-07-17T17:12:23+0000 35.7
2016-07-17T17:27:37+0000 35.4
2016-07-17T17:42:51+0000 34.8
2016-07-17T17:58:04+0000 34.7
2016-07-17T18:13:18+0000 34.6
2016-07-17T18:28:32+0000 34.4
2016-07-17T18:43:45+0000 34.1
2016-07-17T18:58:59+0000 33.9
2016-07-17T19:14:13+0000 33.6
2016-07-17T19:29:26+0000 33.4
2016-07-17T19:44:40+0000 33.0
2016-07-17T19:59:54+0000 32.6
2016-07-17T20:15:08+0000 32.1
2016-07-17T20:30:22+0000 31.7
2016-07-17T20:45:36+0000 31.3
2016-07-17T21:00:50+0000 30.9
2016-07-17T21:16:03+0000 30.5
2016-07-17T21:31:17+0000 30.0
2016-07-17T21:46:32+0000 29.7
2016-07-17T22:01:46+0000 29.3
2016-07-17T22:17:00+0000 29.0
2016-07-17T22:32:14+0000 28.7
2016-07-17T22:47:28+0000 28.4
2016-07-17T23:02:42+0000 28.1
2016-07-17T23:17:56+0000 27.8
2016-07-17T23:33:11+0000 27.6
2016-07-17T23:48:25+0000 27.4
