2016-04-13T00:13:33+0000 16.9
2016-04-13T00:28:48+0000 16.8
2016-04-13T00:44:03+0000 16.6
2016-04-13T00:59:18+0000 16.5
2016-04-13T01:14:33+0000 16.2
2016-04-13T01:29:49+0000 16.0
2016-04-13T01:45:04+0000 15.9
2016-04-13T02:00:19+0000 15.8
2016-04-13T02:15:34+0000 15.6
2016-04-13T02:30:49+0000 15.4
2016-04-13T02:46:04+0000 15.1
2016-04-13T03:01:19+0000 15.0
2016-04-13T03:16:34+0000 14.8
2016-04-13T03:31:50+0000 14.7
2016-04-13T03:47:05+0000 14.6
2016-04-13T04:02:20+0000 14.5
2016-04-13T04:17:35+0000 14.3
2016-04-13T04:32:50+0000 14.2
2016-04-13T04:48:06+0000 13.9
2016-04-13T05:03:21+0000 14.0
2016-04-13T05:18:36+0000 13.8
2016-04-13T05:33:51+0000 13.8
2016-04-13T05:49:07+0000 13.7
2016-04-13T06:04:22+0000 13.7
2016-04-13T06:19:37+0000 13.6
2016-04-13T06:34:52+0000 13.6
2016-04-13T06:50:07+0000 13.8
2016-04-13T07:05:23+0000 13.8
2016-04-13T07:20:38+0000 13.8
2016-04-13T07:35:53+0000 14.0
2016-04-13T07:51:08+0000 14.2
2016-04-13T08:06:24+0000 15.0
2016-04-13T08:21:39+0000 15.2
2016-04-13T08:36:54+0000 15.7
2016-04-13T08:52:09+0000 16.2
2016-04-13T09:07:25+0000 16.7
2016-04-13T09:22:40+0000 16.9
2016-04-13T09:37:55+0000 16.8
2016-04-13T09:53:10+0000 16.6
2016-04-13T10:08:25+0000 16.6
2016-04-13T10:23:40+0000 16.3
2016-04-13T10:38:55+0000 16.3
2016-04-13T10:54:10+0000 15.9
2016-04-13T11:09:26+0000 16.1
2016-04-13T11:24:41+0000 15.8
2016-04-13T11:39:56+0000 15.8
2016-04-13T11:55:11+0000 15.9
2016-04-13T12:10:26+0000 16.5
2016-04-13T12:25:42+0000 17.0
2016-04-13T12:40:57+0000 17.1
2016-04-13T12:56:12+0000 17.1
2016-04-13T13:11:27+0000 16.9
2016-04-13T13:26:42+0000 16.6
2016-04-13T13:41:57+0000 16.6
2016-04-13T13:57:12+0000 16.7
2016-04-13T14:12:27+0000 16.8
2016-04-13T14:27:43+0000 16.9
2016-04-13T14:42:58+0000 16.8
2016-04-13T14:58:13+0000 17.0
2016-04-13T15:13:28+0000 17.3
2016-04-13T15:28:43+0000 17.5
2016-04-13T15:43:58+0000 17.6
2016-04-13T15:59:13+0000 17.5
2016-04-13T16:14:28+0000 17.6
2016-04-13T16:29:44+0000 17.8
2016-04-13T16:44:59+0000 17.7
2016-04-13T17:00:14+0000 17.8
2016-04-13T17:15:29+0000 17.8
2016-04-13T17:30:44+0000 17.6
2016-04-13T17:45:59+0000 17.6
2016-04-13T18:01:14+0000 17.6
2016-04-13T18:16:29+0000 17.6
2016-04-13T18:31:44+0000 17.4
2016-04-13T18:46:59+0000 17.2
2016-04-13T19:02:15+0000 17.1
2016-04-13T19:17:30+0000 16.9
2016-04-13T19:32:45+0000 17.0
2016-04-13T19:48:00+0000 16.6
2016-04-13T20:03:15+0000 16.3
2016-04-13T20:18:30+0000 16.3
2016-04-13T20:33:46+0000 16.2
2016-04-13T20:49:01+0000 16.1
2016-04-13T21:04:16+0000 16.0
2016-04-13T21:19:31+0000 15.8
2016-04-13T21:34:46+0000 15.7
2016-04-13T21:50:01+0000 15.8
2016-04-13T22:05:16+0000 15.7
2016-04-13T22:20:32+0000 15.6
2016-04-13T22:35:47+0000 15.5
2016-04-13T22:51:02+0000 15.5
2016-04-13T23:06:17+0000 15.3
2016-04-13T23:21:33+0000 15.2
2016-04-13T23:36:48+0000 15.2
2016-04-13T23:52:03+0000 15.1
