2016-10-12T00:02:08+0000 12.4
2016-10-12T00:17:24+0000 12.3
2016-10-12T00:32:40+0000 12.2
2016-10-12T00:47:55+0000 12.2
2016-10-12T01:03:11+0000 12.1
2016-10-12T01:18:27+0000 12.1
2016-10-12T01:33:42+0000 11.9
2016-10-12T01:48:58+0000 11.9
2016-10-12T02:04:14+0000 11.7
2016-10-12T02:19:29+0000 11.6
2016-10-12T02:34:45+0000 11.5
2016-10-12T02:50:01+0000 11.4
2016-10-12T03:05:17+0000 11.5
2016-10-12T03:20:32+0000 11.4
2016-10-12T03:35:48+0000 11.4
2016-10-12T03:51:04+0000 11.3
2016-10-12T04:06:19+0000 11.3
2016-10-12T04:21:35+0000 11.1
2016-10-12T04:36:51+0000 11.1
2016-10-12T04:52:07+0000 11.0
2016-10-12T05:07:22+0000 10.8
2016-10-12T05:22:38+0000 10.8
2016-10-12T05:37:54+0000 10.6
2016-10-12T05:53:09+0000 10.6
2016-10-12T06:08:25+0000 10.5
2016-10-12T06:23:41+0000 10.4
2016-10-12T06:38:57+0000 10.6
2016-10-12T06:54:12+0000 10.6
2016-10-12T07:09:28+0000 10.6
2016-10-12T07:24:44+0000 10.5
2016-10-12T07:40:00+0000 10.5
2016-10-12T07:55:15+0000 10.7
2016-10-12T08:10:31+0000 11.0
2016-10-12T08:25:47+0000 11.3
2016-10-12T08:41:03+0000 11.7
2016-10-12T08:56:18+0000 12.0
2016-10-12T09:11:34+0000 12.3
2016-10-12T09:26:50+0000 12.7
2016-10-12T09:42:05+0000 13.2
2016-10-12T09:57:21+0000 13.9
2016-10-12T10:12:37+0000 14.6
2016-10-12T10:27:52+0000 15.2
2016-10-12T10:43:08+0000 15.7
2016-10-12T10:58:23+0000 15.9
2016-10-12T11:13:39+0000 15.9
2016-10-12T11:28:54+0000 16.3
2016-10-12T11:44:10+0000 16.4
2016-10-12T11:59:25+0000 16.5
2016-10-12T12:14:41+0000 16.7
2016-10-12T12:29:56+0000 17.1
2016-10-12T12:45:12+0000 17.3
2016-10-12T13:00:27+0000 17.0
2016-10-12T13:15:43+0000 17.0
2016-10-12T13:30:58+0000 17.1
2016-10-12T13:46:13+0000 17.3
2016-10-12T14:01:29+0000 17.4
2016-10-12T14:16:44+0000 17.5
2016-10-12T14:32:00+0000 17.6
2016-10-12T14:47:15+0000 17.5
2016-10-12T15:02:30+0000 17.6
2016-10-12T15:17:46+0000 17.5
2016-10-12T15:33:01+0000 17.5
2016-10-12T15:48:17+0000 17.5
2016-10-12T16:03:32+0000 17.6
2016-10-12T16:18:47+0000 17.5
2016-10-12T16:34:03+0000 17.5
2016-10-12T16:49:18+0000 17.3
2016-10-12T17:04:34+0000 17.1
2016-10-12T17:19:49+0000 16.8
2016-10-12T17:35:05+0000 16.2
2016-10-12T17:50:20+0000 16.0
2016-10-12T18:05:36+0000 15.8
2016-10-12T18:20:51+0000 15.4
2016-10-12T18:36:07+0000 15.0
2016-10-12T18:51:22+0000 14.8
2016-10-12T19:06:38+0000 14.5
2016-10-12T19:21:53+0000 14.3
2016-10-12T19:37:09+0000 14.0
2016-10-12T19:52:25+0000 13.8
2016-10-12T20:07:40+0000 13.6
2016-10-12T20:22:56+0000 13.3
2016-10-12T20:38:11+0000 13.2
2016-10-12T20:53:27+0000 13.0
2016-10-12T21:08:42+0000 12.8
2016-10-12T21:23:57+0000 12.6
2016-10-12T21:39:13+0000 12.4
2016-10-12T21:54:29+0000 12.3
2016-10-12T22:09:44+0000 12.1
2016-10-12T22:25:00+0000 12.0
2016-10-12T22:40:16+0000 11.9
2016-10-12T22:55:31+0000 11.6
2016-10-12T23:10:47+0000 11.5
2016-10-12T23:26:02+0000 11.3
2016-10-12T23:41:18+0000 11.3
2016-10-12T23:56:33+0000 11.0
