2016-03-01T00:03:57+0000 7.5
2016-03-01T00:19:12+0000 7.4
2016-03-01T00:34:28+0000 7.3
2016-03-01T00:49:44+0000 7.3
2016-03-01T01:05:00+0000 7.2
2016-03-01T01:20:15+0000 7.1
2016-03-01T01:35:31+0000 7.1
2016-03-01T01:50:47+0000 7.1
2016-03-01T02:06:03+0000 7.1
2016-03-01T02:21:19+0000 7.0
2016-03-01T02:36:34+0000 7.0
2016-03-01T02:51:50+0000 6.9
2016-03-01T03:07:06+0000 7.0
2016-03-01T03:22:22+0000 6.9
2016-03-01T03:37:37+0000 6.9
2016-03-01T03:52:53+0000 6.9
2016-03-01T04:08:09+0000 6.9
2016-03-01T04:23:25+0000 6.9
2016-03-01T04:38:40+0000 6.7
2016-03-01T04:53:56+0000 6.7
2016-03-01T05:09:12+0000 6.7
2016-03-01T05:24:28+0000 6.7
2016-03-01T05:39:44+0000 6.7
2016-03-01T05:54:59+0000 6.7
2016-03-01T06:10:15+0000 6.6
2016-03-01T06:25:31+0000 6.6
2016-03-01T06:40:47+0000 6.6
2016-03-01T06:56:03+0000 6.6
2016-03-01T07:11:18+0000 6.5
2016-03-01T07:26:34+0000 6.5
2016-03-01T07:41:50+0000 6.3
2016-03-01T07:57:06+0000 6.4
2016-03-01T08:12:22+0000 6.4
2016-03-01T08:27:38+0000 6.9
2016-03-01T08:42:53+0000 7.2
2016-03-01T08:58:09+0000 7.3
2016-03-01T09:13:25+0000 7.7
2016-03-01T09:28:41+0000 8.3
2016-03-01T09:43:57+0000 8.8
2016-03-01T09:59:13+0000 8.8
2016-03-01T10:14:28+0000 9.0
2016-03-01T10:29:44+0000 9.2
2016-03-01T10:44:59+0000 9.5
2016-03-01T11:00:15+0000 9.8
2016-03-01T11:15:31+0000 9.6
2016-03-01T11:30:46+0000 10.4
2016-03-01T11:46:02+0000 10.5
2016-03-01T12:01:18+0000 10.5
2016-03-01T12:16:33+0000 11.0
2016-03-01T12:31:49+0000 11.6
2016-03-01T12:47:04+0000 11.9
2016-03-01T13:02:20+0000 12.4
2016-03-01T13:17:36+0000 12.5
2016-03-01T13:32:51+0000 12.6
2016-03-01T13:48:07+0000 12.7
2016-03-01T14:03:22+0000 12.9
2016-03-01T14:18:38+0000 12.8
2016-03-01T14:33:53+0000 12.9
2016-03-01T14:49:09+0000 13.1
2016-03-01T15:04:24+0000 13.1
2016-03-01T15:19:40+0000 13.1
2016-03-01T15:34:55+0000 13.0
2016-03-01T15:50:11+0000 12.8
2016-03-01T16:05:26+0000 12.8
2016-03-01T16:20:42+0000 12.7
2016-03-01T16:35:57+0000 12.5
2016-03-01T16:51:13+0000 12.2
2016-03-01T17:06:28+0000 12.2
2016-03-01T17:21:44+0000 12.0
2016-03-01T17:37:00+0000 11.7
2016-03-01T17:52:15+0000 11.5
2016-03-01T18:07:31+0000 11.5
2016-03-01T18:22:46+0000 11.7
2016-03-01T18:38:02+0000 11.1
2016-03-01T18:53:18+0000 10.8
2016-03-01T19:08:33+0000 10.5
2016-03-01T19:23:49+0000 10.5
2016-03-01T19:39:04+0000 9.9
2016-03-01T19:54:20+0000 9.4
2016-03-01T20:09:36+0000 9.9
2016-03-01T20:24:52+0000 9.8
2016-03-01T20:40:07+0000 9.9
2016-03-01T20:55:23+0000 9.7
2016-03-01T21:10:39+0000 9.7
2016-03-01T21:25:54+0000 9.6
2016-03-01T21:41:10+0000 9.4
2016-03-01T21:56:25+0000 9.3
2016-03-01T22:11:41+0000 9.2
2016-03-01T22:26:57+0000 9.2
2016-03-01T22:42:12+0000 9.1
2016-03-01T22:57:28+0000 9.1
2016-03-01T23:12:43+0000 9.2
2016-03-01T23:27:59+0000 9.1
2016-03-01T23:43:15+0000 9.0
2016-03-01T23:58:30+0000 9.0
