2016-01-09T00:14:54+0000 8.6
2016-01-09T00:30:10+0000 8.6
2016-01-09T00:45:25+0000 8.3
2016-01-09T01:00:41+0000 8.3
2016-01-09T01:15:57+0000 8.2
2016-01-09T01:31:13+0000 8.2
2016-01-09T01:46:28+0000 8.1
2016-01-09T02:01:44+0000 8.1
2016-01-09T02:17:00+0000 8.2
2016-01-09T02:32:15+0000 8.3
2016-01-09T02:47:31+0000 8.4
2016-01-09T03:02:47+0000 8.4
2016-01-09T03:18:03+0000 8.4
2016-01-09T03:33:18+0000 8.4
2016-01-09T03:48:34+0000 8.5
2016-01-09T04:03:50+0000 8.4
2016-01-09T04:19:06+0000 8.6
2016-01-09T04:34:21+0000 8.6
2016-01-09T04:49:37+0000 8.5
2016-01-09T05:04:53+0000 8.6
2016-01-09T05:20:09+0000 8.6
2016-01-09T05:35:24+0000 8.6
2016-01-09T05:50:40+0000 8.6
2016-01-09T06:05:56+0000 8.7
2016-01-09T06:21:12+0000 8.7
2016-01-09T06:36:28+0000 8.7
2016-01-09T06:51:43+0000 8.6
2016-01-09T07:06:59+0000 8.5
2016-01-09T07:22:15+0000 8.5
2016-01-09T07:37:31+0000 8.6
2016-01-09T07:52:47+0000 8.5
2016-01-09T08:08:03+0000 8.6
2016-01-09T08:23:18+0000 8.6
2016-01-09T08:38:34+0000 8.9
2016-01-09T08:53:50+0000 8.4
2016-01-09T09:09:06+0000 8.6
2016-01-09T09:24:22+0000 8.5
2016-01-09T09:39:38+0000 8.6
2016-01-09T09:54:53+0000 8.8
2016-01-09T10:10:09+0000 8.6
2016-01-09T10:25:25+0000 8.8
2016-01-09T10:40:41+0000 8.8
2016-01-09T10:55:57+0000 8.8
2016-01-09T11:11:13+0000 9.0
2016-01-09T11:26:28+0000 9.2
2016-01-09T11:41:44+0000 9.3
2016-01-09T11:57:00+0000 9.5
2016-01-09T12:12:16+0000 9.5
2016-01-09T12:27:31+0000 9.7
2016-01-09T12:42:47+0000 9.9
2016-01-09T12:58:03+0000 10.1
2016-01-09T13:13:19+0000 10.2
2016-01-09T13:28:35+0000 10.2
2016-01-09T13:43:50+0000 10.3
2016-01-09T13:59:06+0000 10.5
2016-01-09T14:14:22+0000 10.7
2016-01-09T14:29:38+0000 10.6
2016-01-09T14:44:53+0000 10.7
2016-01-09T15:00:09+0000 10.7
2016-01-09T15:15:25+0000 10.9
2016-01-09T15:30:41+0000 10.7
2016-01-09T15:45:57+0000 10.8
2016-01-09T16:01:12+0000 10.7
2016-01-09T16:16:28+0000 10.7
2016-01-09T16:31:44+0000 10.8
2016-01-09T16:46:59+0000 10.8
2016-01-09T17:02:15+0000 10.7
2016-01-09T17:17:31+0000 10.8
2016-01-09T17:32:47+0000 10.6
2016-01-09T17:48:03+0000 10.6
2016-01-09T18:03:18+0000 10.8
2016-01-09T18:18:34+0000 10.5
2016-01-09T18:33:50+0000 10.3
2016-01-09T18:49:06+0000 10.6
2016-01-09T19:04:22+0000 10.4
2016-01-09T19:19:37+0000 10.3
2016-01-09T19:34:53+0000 10.3
2016-01-09T19:50:09+0000 10.3
2016-01-09T20:05:24+0000 10.2
2016-01-09T20:20:40+0000 10.2
2016-01-09T20:35:56+0000 9.8
2016-01-09T20:51:12+0000 9.6
2016-01-09T21:06:27+0000 9.5
2016-01-09T21:21:43+0000 9.3
2016-01-09T21:36:59+0000 9.1
2016-01-09T21:52:15+0000 9.0
2016-01-09T22:07:30+0000 8.8
2016-01-09T22:22:46+0000 8.9
2016-01-09T22:38:02+0000 8.7
2016-01-09T22:53:18+0000 8.6
2016-01-09T23:08:34+0000 8.6
2016-01-09T23:23:49+0000 8.5
2016-01-09T23:39:05+0000 8.5
2016-01-09T23:54:21+0000 8.4
