2016-06-29T00:10:27+0000 23.4
2016-06-29T00:25:42+0000 23.2
2016-06-29T00:40:56+0000 23.1
2016-06-29T00:56:11+0000 23.0
2016-06-29T01:11:26+0000 22.8
2016-06-29T01:26:40+0000 22.7
2016-06-29T01:41:55+0000 22.7
2016-06-29T01:57:09+0000 22.6
2016-06-29T02:12:24+0000 22.5
2016-06-29T02:27:38+0000 22.5
2016-06-29T02:42:53+0000 22.4
2016-06-29T02:58:07+0000 22.2
2016-06-29T03:13:22+0000 22.1
2016-06-29T03:28:37+0000 22.1
2016-06-29T03:43:51+0000 22.0
2016-06-29T03:59:06+0000 21.9
2016-06-29T04:14:20+0000 21.8
2016-06-29T04:29:35+0000 21.7
2016-06-29T04:44:49+0000 21.7
2016-06-29T05:00:04+0000 21.6
2016-06-29T05:15:19+0000 21.6
2016-06-29T05:30:33+0000 21.6
2016-06-29T05:45:48+0000 21.6
2016-06-29T06:01:03+0000 21.6
2016-06-29T06:16:17+0000 21.8
2016-06-29T06:31:32+0000 22.0
2016-06-29T06:46:47+0000 22.0
2016-06-29T07:02:01+0000 22.2
2016-06-29T07:17:16+0000 22.2
2016-06-29T07:32:30+0000 22.5
2016-06-29T07:47:45+0000 22.9
2016-06-29T08:03:00+0000 23.2
2016-06-29T08:18:14+0000 23.8
2016-06-29T08:33:29+0000 24.2
2016-06-29T08:48:43+0000 24.4
2016-06-29T09:03:58+0000 24.3
2016-06-29T09:19:12+0000 24.5
2016-06-29T09:34:27+0000 24.6
2016-06-29T09:49:41+0000 24.9
2016-06-29T10:04:56+0000 24.9
2016-06-29T10:20:10+0000 26.0
2016-06-29T10:35:25+0000 26.6
2016-06-29T10:50:39+0000 28.0
2016-06-29T11:05:53+0000 28.1
2016-06-29T11:21:08+0000 29.0
2016-06-29T11:36:22+0000 29.7
2016-06-29T11:51:36+0000 30.2
2016-06-29T12:06:50+0000 31.0
2016-06-29T12:22:04+0000 31.6
2016-06-29T12:37:18+0000 32.1
2016-06-29T12:52:32+0000 32.6
2016-06-29T13:07:46+0000 33.2
2016-06-29T13:23:00+0000 33.4
2016-06-29T13:38:14+0000 33.9
2016-06-29T13:53:28+0000 33.9
2016-06-29T14:08:42+0000 34.3
2016-06-29T14:23:55+0000 34.4
2016-06-29T14:39:09+0000 34.6
2016-06-29T14:54:23+0000 34.9
2016-06-29T15:09:37+0000 34.7
2016-06-29T15:24:50+0000 34.9
2016-06-29T15:40:04+0000 34.8
2016-06-29T15:55:18+0000 34.8
2016-06-29T16:10:31+0000 34.4
2016-06-29T16:25:45+0000 34.3
2016-06-29T16:40:59+0000 34.1
2016-06-29T16:56:12+0000 33.9
2016-06-29T17:11:26+0000 33.6
2016-06-29T17:26:40+0000 33.4
2016-06-29T17:41:54+0000 33.1
2016-06-29T17:57:07+0000 32.9
2016-06-29T18:12:21+0000 32.8
2016-06-29T18:27:35+0000 32.2
2016-06-29T18:42:49+0000 31.9
2016-06-29T18:58:03+0000 31.4
2016-06-29T19:13:16+0000 31.2
2016-06-29T19:28:30+0000 30.8
2016-06-29T19:43:44+0000 30.4
2016-06-29T19:58:58+0000 29.9
2016-06-29T20:14:12+0000 29.5
2016-06-29T20:29:26+0000 29.3
2016-06-29T20:44:40+0000 29.0
2016-06-29T20:59:55+0000 28.6
2016-06-29T21:15:09+0000 28.4
2016-06-29T21:30:23+0000 28.0
2016-06-29T21:45:37+0000 27.8
2016-06-29T22:00:51+0000 27.6
2016-06-29T22:16:05+0000 27.3
2016-06-29T22:31:20+0000 27.2
2016-06-29T22:46:34+0000 27.0
2016-06-29T23:01:48+0000 26.6
2016-06-29T23:17:02+0000 26.3
2016-06-29T23:32:17+0000 26.1
2016-06-29T23:47:31+0000 25.9
