2015-12-07T00:08:56+0000 11.3
2015-12-07T00:24:11+0000 11.3
2015-12-07T00:39:26+0000 11.1
2015-12-07T00:54:42+0000 10.8
2015-12-07T01:09:57+0000 10.8
2015-12-07T01:25:13+0000 10.7
2015-12-07T01:40:28+0000 10.5
2015-12-07T01:55:43+0000 10.4
2015-12-07T02:10:59+0000 10.3
2015-12-07T02:26:14+0000 10.2
2015-12-07T02:41:30+0000 10.1
2015-12-07T02:56:45+0000 9.9
2015-12-07T03:12:01+0000 9.9
2015-12-07T03:27:16+0000 9.8
2015-12-07T03:42:32+0000 9.7
2015-12-07T03:57:47+0000 9.5
2015-12-07T04:13:03+0000 9.5
2015-12-07T04:28:18+0000 9.4
2015-12-07T04:43:34+0000 9.2
2015-12-07T04:58:49+0000 9.1
2015-12-07T05:14:05+0000 9.0
2015-12-07T05:29:21+0000 8.9
2015-12-07T05:44:36+0000 8.8
2015-12-07T05:59:52+0000 8.8
2015-12-07T06:15:07+0000 8.8
2015-12-07T06:30:23+0000 8.8
2015-12-07T06:45:38+0000 8.7
2015-12-07T07:00:54+0000 8.6
2015-12-07T07:16:10+0000 8.5
2015-12-07T07:31:25+0000 8.6
2015-12-07T07:46:41+0000 8.4
2015-12-07T08:01:56+0000 8.4
2015-12-07T08:17:12+0000 8.6
2015-12-07T08:32:28+0000 8.8
2015-12-07T08:47:43+0000 8.8
2015-12-07T09:02:59+0000 8.9
2015-12-07T09:18:14+0000 9.0
2015-12-07T09:33:30+0000 8.9
2015-12-07T09:48:46+0000 9.0
2015-12-07T10:04:01+0000 9.0
2015-12-07T10:19:17+0000 9.1
2015-12-07T10:34:33+0000 9.2
2015-12-07T10:49:48+0000 9.9
2015-12-07T11:05:04+0000 10.2
2015-12-07T11:20:19+0000 10.5
2015-12-07T11:35:35+0000 10.9
2015-12-07T11:50:50+0000 11.6
2015-12-07T12:06:06+0000 12.1
2015-12-07T12:21:21+0000 12.3
2015-12-07T12:36:37+0000 12.9
2015-12-07T12:51:52+0000 13.2
2015-12-07T13:07:07+0000 13.5
2015-12-07T13:22:23+0000 13.8
2015-12-07T13:37:38+0000 14.1
2015-12-07T13:52:54+0000 14.4
2015-12-07T14:08:09+0000 14.4
2015-12-07T14:23:24+0000 14.5
2015-12-07T14:38:40+0000 14.6
2015-12-07T14:53:55+0000 14.6
2015-12-07T15:09:10+0000 14.7
2015-12-07T15:24:26+0000 14.8
2015-12-07T15:39:41+0000 14.7
2015-12-07T15:54:57+0000 14.7
2015-12-07T16:10:12+0000 14.7
2015-12-07T16:25:27+0000 14.5
2015-12-07T16:40:43+0000 14.1
2015-12-07T16:55:58+0000 13.8
2015-12-07T17:11:14+0000 13.5
2015-12-07T17:26:29+0000 13.2
2015-12-07T17:41:44+0000 13.1
2015-12-07T17:57:00+0000 12.8
2015-12-07T18:12:15+0000 12.7
2015-12-07T18:27:31+0000 12.5
2015-12-07T18:42:46+0000 12.3
2015-12-07T18:58:02+0000 12.2
2015-12-07T19:13:17+0000 12.0
2015-12-07T19:28:33+0000 11.8
2015-12-07T19:43:48+0000 11.7
2015-12-07T19:59:04+0000 11.5
2015-12-07T20:14:19+0000 11.3
2015-12-07T20:29:35+0000 11.1
2015-12-07T20:44:50+0000 11.0
2015-12-07T21:00:05+0000 10.8
2015-12-07T21:15:21+0000 10.7
2015-12-07T21:30:36+0000 10.5
2015-12-07T21:45:52+0000 10.5
2015-12-07T22:01:08+0000 10.3
2015-12-07T22:16:23+0000 10.2
2015-12-07T22:31:39+0000 10.1
2015-12-07T22:46:54+0000 9.9
2015-12-07T23:02:10+0000 9.7
2015-12-07T23:17:25+0000 9.6
2015-12-07T23:32:41+0000 9.6
2015-12-07T23:47:57+0000 9.3
