2016-06-26T00:02:17+0000 23.5
2016-06-26T00:17:32+0000 23.2
2016-06-26T00:32:46+0000 22.9
2016-06-26T00:48:01+0000 22.8
2016-06-26T01:03:15+0000 22.5
2016-06-26T01:18:30+0000 22.2
2016-06-26T01:33:45+0000 22.0
2016-06-26T01:48:59+0000 21.8
2016-06-26T02:04:14+0000 21.6
2016-06-26T02:19:29+0000 21.5
2016-06-26T02:34:43+0000 21.1
2016-06-26T02:49:58+0000 21.1
2016-06-26T03:05:13+0000 21.0
2016-06-26T03:20:27+0000 20.7
2016-06-26T03:35:42+0000 20.6
2016-06-26T03:50:57+0000 20.4
2016-06-26T04:06:12+0000 20.2
2016-06-26T04:21:27+0000 20.1
2016-06-26T04:36:41+0000 20.0
2016-06-26T04:51:56+0000 19.8
2016-06-26T05:07:11+0000 19.7
2016-06-26T05:22:26+0000 19.6
2016-06-26T05:37:41+0000 19.5
2016-06-26T05:52:56+0000 19.5
2016-06-26T06:08:11+0000 19.4
2016-06-26T06:23:25+0000 19.4
2016-06-26T06:38:40+0000 19.7
2016-06-26T06:53:55+0000 20.0
2016-06-26T07:09:10+0000 20.5
2016-06-26T07:24:25+0000 21.3
2016-06-26T07:39:40+0000 22.1
2016-06-26T07:54:54+0000 22.8
2016-06-26T08:10:09+0000 23.4
2016-06-26T08:25:24+0000 24.3
2016-06-26T08:40:39+0000 25.2
2016-06-26T08:55:53+0000 25.9
2016-06-26T09:11:08+0000 26.6
2016-06-26T09:26:22+0000 26.8
2016-06-26T09:41:37+0000 27.2
2016-06-26T09:56:51+0000 27.3
2016-06-26T10:12:06+0000 27.6
2016-06-26T10:27:20+0000 27.4
2016-06-26T10:42:34+0000 27.3
2016-06-26T10:57:49+0000 27.3
2016-06-26T11:13:03+0000 27.3
2016-06-26T11:28:17+0000 27.3
2016-06-26T11:43:32+0000 28.4
2016-06-26T11:58:46+0000 28.5
2016-06-26T12:14:00+0000 28.7
2016-06-26T12:29:14+0000 29.0
2016-06-26T12:44:29+0000 29.0
2016-06-26T12:59:43+0000 29.2
2016-06-26T13:14:57+0000 29.2
2016-06-26T13:30:11+0000 29.2
2016-06-26T13:45:26+0000 29.2
2016-06-26T14:00:40+0000 30.4
2016-06-26T14:15:54+0000 30.6
2016-06-26T14:31:08+0000 30.7
2016-06-26T14:46:22+0000 30.3
2016-06-26T15:01:36+0000 30.0
2016-06-26T15:16:50+0000 29.9
2016-06-26T15:32:04+0000 29.8
2016-06-26T15:47:18+0000 29.6
2016-06-26T16:02:33+0000 29.5
2016-06-26T16:17:47+0000 29.5
2016-06-26T16:33:01+0000 29.5
2016-06-26T16:48:15+0000 29.6
2016-06-26T17:03:29+0000 29.2
2016-06-26T17:18:43+0000 29.2
2016-06-26T17:33:57+0000 29.1
2016-06-26T17:49:11+0000 28.9
2016-06-26T18:04:26+0000 28.6
2016-06-26T18:19:40+0000 28.3
2016-06-26T18:34:54+0000 28.0
2016-06-26T18:50:08+0000 27.7
2016-06-26T19:05:23+0000 27.6
2016-06-26T19:20:37+0000 27.3
2016-06-26T19:35:51+0000 27.0
2016-06-26T19:51:05+0000 26.8
2016-06-26T20:06:20+0000 26.5
2016-06-26T20:21:34+0000 26.2
2016-06-26T20:36:48+0000 25.9
2016-06-26T20:52:03+0000 25.7
2016-06-26T21:07:17+0000 25.3
2016-06-26T21:22:31+0000 25.1
2016-06-26T21:37:46+0000 24.8
2016-06-26T21:53:00+0000 24.6
2016-06-26T22:08:15+0000 24.3
2016-06-26T22:23:29+0000 24.0
2016-06-26T22:38:44+0000 23.7
2016-06-26T22:53:58+0000 23.4
2016-06-26T23:09:13+0000 23.2
2016-06-26T23:24:27+0000 22.8
2016-06-26T23:39:42+0000 22.6
2016-06-26T23:54:56+0000 22.4
