2016-04-15T00:00:52+0000 15.7
2016-04-15T00:16:07+0000 15.5
2016-04-15T00:31:23+0000 15.3
2016-04-15T00:46:38+0000 15.2
2016-04-15T01:01:53+0000 15.1
2016-04-15T01:17:08+0000 15.0
2016-04-15T01:32:23+0000 14.8
2016-04-15T01:47:38+0000 14.8
2016-04-15T02:02:53+0000 14.8
2016-04-15T02:18:09+0000 14.7
2016-04-15T02:33:24+0000 14.6
2016-04-15T02:48:39+0000 14.6
2016-04-15T03:03:54+0000 14.6
2016-04-15T03:19:09+0000 14.5
2016-04-15T03:34:24+0000 14.5
2016-04-15T03:49:39+0000 14.5
2016-04-15T04:04:55+0000 14.5
2016-04-15T04:20:10+0000 14.5
2016-04-15T04:35:25+0000 14.5
2016-04-15T04:50:40+0000 14.4
2016-04-15T05:05:55+0000 14.4
2016-04-15T05:21:11+0000 14.4
2016-04-15T05:36:26+0000 14.3
2016-04-15T05:51:41+0000 14.3
2016-04-15T06:06:56+0000 14.3
2016-04-15T06:22:11+0000 14.1
2016-04-15T06:37:27+0000 14.1
2016-04-15T06:52:42+0000 14.1
2016-04-15T07:07:57+0000 13.9
2016-04-15T07:23:12+0000 14.1
2016-04-15T07:38:27+0000 14.0
2016-04-15T07:53:43+0000 14.1
2016-04-15T08:08:58+0000 14.1
2016-04-15T08:24:13+0000 14.4
2016-04-15T08:39:28+0000 14.4
2016-04-15T08:54:43+0000 14.4
2016-04-15T09:09:59+0000 14.5
2016-04-15T09:25:14+0000 14.8
2016-04-15T09:40:29+0000 14.6
2016-04-15T09:55:44+0000 14.8
2016-04-15T10:11:00+0000 14.9
2016-04-15T10:26:15+0000 15.0
2016-04-15T10:41:30+0000 15.5
2016-04-15T10:56:45+0000 15.8
2016-04-15T11:12:00+0000 16.2
2016-04-15T11:27:16+0000 16.8
2016-04-15T11:42:31+0000 17.1
2016-04-15T11:57:46+0000 17.1
2016-04-15T12:13:01+0000 17.2
2016-04-15T12:28:16+0000 17.7
2016-04-15T12:43:31+0000 18.2
2016-04-15T12:58:46+0000 19.2
2016-04-15T13:14:01+0000 19.7
2016-04-15T13:29:16+0000 20.2
2016-04-15T13:44:31+0000 20.7
2016-04-15T13:59:46+0000 20.9
2016-04-15T14:15:01+0000 21.3
2016-04-15T14:30:16+0000 21.7
2016-04-15T14:45:31+0000 21.9
2016-04-15T15:00:46+0000 22.0
2016-04-15T15:16:01+0000 21.8
2016-04-15T15:31:15+0000 21.5
2016-04-15T15:46:30+0000 21.5
2016-04-15T16:01:45+0000 21.5
2016-04-15T16:17:00+0000 21.2
2016-04-15T16:32:15+0000 21.1
2016-04-15T16:47:30+0000 21.1
2016-04-15T17:02:44+0000 21.0
2016-04-15T17:17:59+0000 21.1
2016-04-15T17:33:14+0000 20.9
2016-04-15T17:48:29+0000 20.6
2016-04-15T18:03:44+0000 20.4
2016-04-15T18:18:59+0000 20.1
2016-04-15T18:34:14+0000 19.9
2016-04-15T18:49:29+0000 19.6
2016-04-15T19:04:44+0000 19.4
2016-04-15T19:19:59+0000 19.1
2016-04-15T19:35:14+0000 18.9
2016-04-15T19:50:29+0000 18.6
2016-04-15T20:05:44+0000 18.6
2016-04-15T20:20:59+0000 18.4
2016-04-15T20:36:14+0000 18.4
2016-04-15T20:51:29+0000 18.3
2016-04-15T21:06:44+0000 18.2
2016-04-15T21:21:59+0000 17.9
2016-04-15T21:37:14+0000 17.6
2016-04-15T21:52:29+0000 17.4
2016-04-15T22:07:44+0000 17.6
2016-04-15T22:22:59+0000 17.5
2016-04-15T22:38:14+0000 17.4
2016-04-15T22:53:29+0000 17.2
2016-04-15T23:08:44+0000 17.1
2016-04-15T23:24:00+0000 17.0
2016-04-15T23:39:15+0000 16.8
2016-04-15T23:54:30+0000 16.8
