2015-12-06T00:02:51+0000 17.1
2015-12-06T00:18:06+0000 17.1
2015-12-06T00:33:21+0000 17.1
2015-12-06T00:48:36+0000 17.1
2015-12-06T01:03:51+0000 17.1
2015-12-06T01:19:06+0000 17.0
2015-12-06T01:34:21+0000 17.0
2015-12-06T01:49:36+0000 16.9
2015-12-06T02:04:51+0000 16.9
2015-12-06T02:20:06+0000 16.9
2015-12-06T02:35:21+0000 16.8
2015-12-06T02:50:36+0000 16.7
2015-12-06T03:05:51+0000 16.8
2015-12-06T03:21:06+0000 16.7
2015-12-06T03:36:21+0000 16.7
2015-12-06T03:51:36+0000 16.7
2015-12-06T04:06:51+0000 16.7
2015-12-06T04:22:06+0000 16.5
2015-12-06T04:37:21+0000 16.6
2015-12-06T04:52:36+0000 16.6
2015-12-06T05:07:51+0000 16.5
2015-12-06T05:23:06+0000 16.5
2015-12-06T05:38:21+0000 16.4
2015-12-06T05:53:36+0000 16.4
2015-12-06T06:08:51+0000 16.4
2015-12-06T06:24:06+0000 16.4
2015-12-06T06:39:21+0000 16.4
2015-12-06T06:54:36+0000 16.4
2015-12-06T07:09:51+0000 16.4
2015-12-06T07:25:06+0000 16.4
2015-12-06T07:40:21+0000 16.3
2015-12-06T07:55:36+0000 16.4
2015-12-06T08:10:51+0000 16.3
2015-12-06T08:26:07+0000 16.4
2015-12-06T08:41:22+0000 16.3
2015-12-06T08:56:37+0000 16.2
2015-12-06T09:11:53+0000 16.2
2015-12-06T09:27:08+0000 16.2
2015-12-06T09:42:23+0000 16.1
2015-12-06T09:57:38+0000 16.3
2015-12-06T10:12:53+0000 16.3
2015-12-06T10:28:08+0000 16.3
2015-12-06T10:43:23+0000 16.4
2015-12-06T10:58:38+0000 16.5
2015-12-06T11:13:53+0000 16.6
2015-12-06T11:29:08+0000 16.7
2015-12-06T11:44:23+0000 16.8
2015-12-06T11:59:38+0000 16.8
2015-12-06T12:14:53+0000 16.9
2015-12-06T12:30:08+0000 17.1
2015-12-06T12:45:23+0000 16.9
2015-12-06T13:00:38+0000 17.0
2015-12-06T13:15:53+0000 17.0
2015-12-06T13:31:08+0000 17.0
2015-12-06T13:46:23+0000 17.0
2015-12-06T14:01:38+0000 17.1
2015-12-06T14:16:53+0000 17.1
2015-12-06T14:32:07+0000 17.1
2015-12-06T16:00:57+0000 18.3
2015-12-06T16:15:58+0000 12.9
2015-12-06T16:31:13+0000 12.7
2015-12-06T16:46:29+0000 12.6
2015-12-06T17:01:44+0000 12.4
2015-12-06T17:16:59+0000 12.3
2015-12-06T17:32:15+0000 12.3
2015-12-06T17:47:30+0000 12.2
2015-12-06T18:02:46+0000 12.2
2015-12-06T18:18:01+0000 12.3
2015-12-06T18:33:16+0000 12.5
2015-12-06T18:48:32+0000 12.5
2015-12-06T19:03:47+0000 12.5
2015-12-06T19:19:02+0000 12.5
2015-12-06T19:34:18+0000 12.2
2015-12-06T19:49:33+0000 12.1
2015-12-06T20:04:49+0000 12.2
2015-12-06T20:20:04+0000 12.0
2015-12-06T20:35:19+0000 12.0
2015-12-06T20:50:35+0000 12.1
2015-12-06T21:05:50+0000 12.0
2015-12-06T21:21:06+0000 12.0
2015-12-06T21:36:21+0000 12.1
2015-12-06T21:51:37+0000 12.0
2015-12-06T22:06:52+0000 12.0
2015-12-06T22:22:08+0000 12.1
2015-12-06T22:37:23+0000 12.1
2015-12-06T22:52:39+0000 11.9
2015-12-06T23:07:54+0000 11.7
2015-12-06T23:23:09+0000 11.6
2015-12-06T23:38:25+0000 11.6
2015-12-06T23:53:40+0000 11.5
