2016-08-14T00:10:42+0000 25.0
2016-08-14T00:25:56+0000 24.8
2016-08-14T00:41:11+0000 24.6
2016-08-14T00:56:25+0000 24.4
2016-08-14T01:11:40+0000 24.1
2016-08-14T01:26:54+0000 23.9
2016-08-14T01:42:09+0000 23.5
2016-08-14T01:57:23+0000 23.4
2016-08-14T02:12:38+0000 23.2
2016-08-14T02:27:53+0000 23.0
2016-08-14T02:43:07+0000 22.8
2016-08-14T02:58:22+0000 22.6
2016-08-14T03:13:36+0000 22.5
2016-08-14T03:28:51+0000 22.2
2016-08-14T03:44:06+0000 22.0
2016-08-14T03:59:20+0000 21.8
2016-08-14T04:14:35+0000 21.7
2016-08-14T04:29:50+0000 21.5
2016-08-14T04:45:04+0000 21.4
2016-08-14T05:00:19+0000 21.2
2016-08-14T05:15:34+0000 21.0
2016-08-14T05:30:49+0000 20.8
2016-08-14T05:46:03+0000 20.7
2016-08-14T06:01:18+0000 20.7
2016-08-14T06:16:33+0000 20.6
2016-08-14T06:31:48+0000 20.7
2016-08-14T06:47:02+0000 20.8
2016-08-14T07:02:17+0000 21.2
2016-08-14T07:17:32+0000 21.6
2016-08-14T07:32:47+0000 22.3
2016-08-14T07:48:02+0000 22.9
2016-08-14T08:03:16+0000 23.6
2016-08-14T08:18:31+0000 24.4
2016-08-14T08:33:46+0000 25.2
2016-08-14T08:49:00+0000 26.1
2016-08-14T09:04:15+0000 27.1
2016-08-14T09:19:29+0000 27.9
2016-08-14T09:34:44+0000 28.9
2016-08-14T09:49:58+0000 29.7
2016-08-14T10:05:12+0000 30.6
2016-08-14T10:20:27+0000 31.3
2016-08-14T10:35:41+0000 32.1
2016-08-14T10:50:55+0000 33.2
2016-08-14T11:06:09+0000 33.9
2016-08-14T11:21:23+0000 34.6
2016-08-14T11:36:37+0000 35.2
2016-08-14T11:51:51+0000 35.8
2016-08-14T12:07:05+0000 36.2
2016-08-14T12:22:18+0000 36.5
2016-08-14T12:37:32+0000 37.1
2016-08-14T12:52:46+0000 37.6
2016-08-14T13:07:59+0000 37.9
2016-08-14T13:23:13+0000 38.3
2016-08-14T13:38:26+0000 38.6
2016-08-14T13:53:40+0000 38.7
2016-08-14T14:08:53+0000 38.4
2016-08-14T14:24:07+0000 38.5
2016-08-14T14:39:20+0000 38.3
2016-08-14T14:54:33+0000 37.8
2016-08-14T15:09:47+0000 37.6
2016-08-14T15:25:00+0000 37.3
2016-08-14T15:40:14+0000 37.2
2016-08-14T15:55:27+0000 37.2
2016-08-14T16:10:41+0000 37.2
2016-08-14T16:25:54+0000 37.1
2016-08-14T16:41:08+0000 36.9
2016-08-14T16:56:21+0000 36.8
2016-08-14T17:11:35+0000 36.5
2016-08-14T17:26:48+0000 36.3
2016-08-14T17:42:02+0000 36.3
2016-08-14T17:57:16+0000 36.0
2016-08-14T18:12:29+0000 35.8
2016-08-14T18:27:43+0000 35.3
2016-08-14T18:42:57+0000 35.0
2016-08-14T18:58:10+0000 34.6
2016-08-14T19:13:24+0000 34.1
2016-08-14T19:28:38+0000 33.5
2016-08-14T19:43:52+0000 32.9
2016-08-14T19:59:06+0000 32.3
2016-08-14T20:14:19+0000 31.8
2016-08-14T20:29:33+0000 31.3
2016-08-14T20:44:47+0000 30.9
2016-08-14T21:00:01+0000 30.5
2016-08-14T21:15:16+0000 30.0
2016-08-14T21:30:30+0000 29.6
2016-08-14T21:45:44+0000 29.3
2016-08-14T22:00:58+0000 29.0
2016-08-14T22:16:12+0000 28.7
2016-08-14T22:31:26+0000 28.3
2016-08-14T22:46:41+0000 28.0
2016-08-14T23:01:55+0000 27.7
2016-08-14T23:17:09+0000 27.4
2016-08-14T23:32:23+0000 27.0
2016-08-14T23:47:38+0000 26.7
