2016-03-30T00:09:08+0000 12.1
2016-03-30T00:24:24+0000 12.0
2016-03-30T00:39:39+0000 11.9
2016-03-30T00:54:55+0000 11.8
2016-03-30T01:10:10+0000 11.8
2016-03-30T01:25:26+0000 11.7
2016-03-30T01:40:41+0000 11.5
2016-03-30T01:55:56+0000 11.3
2016-03-30T02:11:12+0000 11.2
2016-03-30T02:26:27+0000 11.2
2016-03-30T02:41:43+0000 11.0
2016-03-30T02:56:58+0000 11.0
2016-03-30T03:12:14+0000 11.0
2016-03-30T03:27:29+0000 11.0
2016-03-30T03:42:45+0000 11.0
2016-03-30T03:58:00+0000 10.9
2016-03-30T04:13:16+0000 11.0
2016-03-30T04:28:32+0000 11.0
2016-03-30T04:43:47+0000 11.0
2016-03-30T04:59:03+0000 11.1
2016-03-30T05:14:18+0000 11.1
2016-03-30T05:29:34+0000 11.2
2016-03-30T05:44:49+0000 11.2
2016-03-30T06:00:05+0000 11.4
2016-03-30T06:15:20+0000 11.3
2016-03-30T06:30:36+0000 11.7
2016-03-30T06:45:51+0000 11.5
2016-03-30T07:01:07+0000 11.6
2016-03-30T07:16:22+0000 11.7
2016-03-30T07:31:38+0000 11.6
2016-03-30T07:46:53+0000 11.8
2016-03-30T08:02:09+0000 11.8
2016-03-30T08:17:24+0000 11.9
2016-03-30T08:32:40+0000 12.3
2016-03-30T08:47:55+0000 12.5
2016-03-30T09:03:11+0000 12.5
2016-03-30T09:18:26+0000 12.7
2016-03-30T09:33:42+0000 12.9
2016-03-30T09:48:57+0000 13.1
2016-03-30T10:04:13+0000 13.1
2016-03-30T10:19:28+0000 13.0
2016-03-30T10:34:43+0000 12.7
2016-03-30T10:49:59+0000 13.1
2016-03-30T11:05:14+0000 13.1
2016-03-30T11:20:30+0000 13.2
2016-03-30T11:35:45+0000 13.1
2016-03-30T11:51:00+0000 13.4
2016-03-30T12:06:16+0000 13.4
2016-03-30T12:21:31+0000 13.5
2016-03-30T12:36:47+0000 13.7
2016-03-30T12:52:02+0000 13.6
2016-03-30T13:07:18+0000 13.6
2016-03-30T13:22:33+0000 13.5
2016-03-30T13:37:48+0000 13.8
2016-03-30T13:53:04+0000 13.6
2016-03-30T14:08:19+0000 13.6
2016-03-30T14:23:35+0000 13.7
2016-03-30T14:38:50+0000 13.5
2016-03-30T14:54:06+0000 13.7
2016-03-30T15:09:21+0000 13.6
2016-03-30T15:24:37+0000 13.8
2016-03-30T15:39:52+0000 14.1
2016-03-30T15:55:07+0000 14.0
2016-03-30T16:10:23+0000 14.0
2016-03-30T16:25:38+0000 14.0
2016-03-30T16:40:54+0000 14.1
2016-03-30T16:56:09+0000 14.3
2016-03-30T17:11:25+0000 14.2
2016-03-30T17:26:40+0000 14.4
2016-03-30T17:41:55+0000 14.4
2016-03-30T17:57:11+0000 14.5
2016-03-30T18:12:26+0000 14.3
2016-03-30T18:27:41+0000 14.2
2016-03-30T18:42:57+0000 14.0
2016-03-30T18:58:12+0000 13.8
2016-03-30T19:13:28+0000 13.7
2016-03-30T19:28:43+0000 13.5
2016-03-30T19:43:59+0000 13.4
2016-03-30T19:59:14+0000 13.3
2016-03-30T20:14:29+0000 13.3
2016-03-30T20:29:45+0000 13.3
2016-03-30T20:45:00+0000 13.2
2016-03-30T21:00:16+0000 13.1
2016-03-30T21:15:31+0000 13.2
2016-03-30T21:30:47+0000 13.1
2016-03-30T21:46:02+0000 13.1
2016-03-30T22:01:18+0000 13.0
2016-03-30T22:16:33+0000 13.0
2016-03-30T22:31:49+0000 13.1
2016-03-30T22:47:04+0000 13.0
2016-03-30T23:02:20+0000 13.0
2016-03-30T23:17:35+0000 12.9
2016-03-30T23:32:51+0000 12.9
2016-03-30T23:48:06+0000 13.0
