2016-02-10T00:03:04+0000 8.6
2016-02-10T00:18:20+0000 8.7
2016-02-10T00:33:36+0000 8.5
2016-02-10T00:48:52+0000 8.3
2016-02-10T01:04:07+0000 8.2
2016-02-10T01:19:23+0000 8.0
2016-02-10T01:34:39+0000 8.2
2016-02-10T01:49:55+0000 8.1
2016-02-10T02:05:11+0000 7.7
2016-02-10T02:20:27+0000 7.6
2016-02-10T02:35:43+0000 7.5
2016-02-10T02:50:59+0000 7.5
2016-02-10T03:06:15+0000 7.5
2016-02-10T03:21:30+0000 7.5
2016-02-10T03:36:46+0000 7.6
2016-02-10T03:52:02+0000 7.5
2016-02-10T04:07:18+0000 7.4
2016-02-10T04:22:34+0000 7.1
2016-02-10T04:37:50+0000 7.5
2016-02-10T04:53:06+0000 7.2
2016-02-10T05:08:22+0000 7.2
2016-02-10T05:23:37+0000 7.2
2016-02-10T05:38:53+0000 6.5
2016-02-10T05:54:09+0000 6.8
2016-02-10T06:09:25+0000 6.9
2016-02-10T06:24:41+0000 7.2
2016-02-10T06:39:57+0000 7.0
2016-02-10T06:55:13+0000 7.1
2016-02-10T07:10:29+0000 7.1
2016-02-10T07:25:44+0000 7.1
2016-02-10T07:41:00+0000 7.3
2016-02-10T07:56:16+0000 7.0
2016-02-10T08:11:32+0000 7.1
2016-02-10T08:26:48+0000 6.7
2016-02-10T08:42:04+0000 7.2
2016-02-10T08:57:20+0000 7.0
2016-02-10T09:12:36+0000 7.1
2016-02-10T09:27:52+0000 7.2
2016-02-10T09:43:08+0000 7.2
2016-02-10T09:58:24+0000 7.0
2016-02-10T10:13:39+0000 7.6
2016-02-10T10:28:55+0000 7.6
2016-02-10T10:44:11+0000 7.2
2016-02-10T10:59:27+0000 7.4
2016-02-10T11:14:43+0000 7.7
2016-02-10T11:29:59+0000 7.8
2016-02-10T11:45:15+0000 7.6
2016-02-10T12:00:31+0000 7.7
2016-02-10T12:15:47+0000 7.9
2016-02-10T12:31:03+0000 7.8
2016-02-10T12:46:18+0000 7.8
2016-02-10T13:01:34+0000 7.5
2016-02-10T13:16:50+0000 7.4
2016-02-10T13:32:06+0000 7.6
2016-02-10T13:47:22+0000 7.7
2016-02-10T14:02:38+0000 7.9
2016-02-10T14:17:54+0000 8.1
2016-02-10T14:33:10+0000 7.8
2016-02-10T14:48:26+0000 7.9
2016-02-10T15:03:42+0000 7.4
2016-02-10T15:18:58+0000 7.6
2016-02-10T15:34:14+0000 7.7
2016-02-10T15:49:30+0000 7.6
2016-02-10T16:04:46+0000 7.4
2016-02-10T16:20:01+0000 7.5
2016-02-10T16:35:17+0000 7.5
2016-02-10T16:50:33+0000 7.2
2016-02-10T17:05:49+0000 7.2
2016-02-10T17:21:05+0000 7.5
2016-02-10T17:36:21+0000 7.0
2016-02-10T17:51:37+0000 7.5
2016-02-10T18:06:53+0000 7.5
2016-02-10T18:22:09+0000 7.1
2016-02-10T18:37:25+0000 7.1
2016-02-10T18:52:40+0000 6.9
2016-02-10T19:07:56+0000 6.9
2016-02-10T19:23:12+0000 6.9
2016-02-10T19:38:28+0000 6.8
2016-02-10T19:53:44+0000 7.0
2016-02-10T20:09:00+0000 6.9
2016-02-10T20:24:16+0000 7.0
2016-02-10T20:39:32+0000 6.9
2016-02-10T20:54:48+0000 6.8
2016-02-10T21:10:04+0000 7.0
2016-02-10T21:25:20+0000 6.8
2016-02-10T21:40:36+0000 6.9
2016-02-10T21:55:51+0000 6.4
2016-02-10T22:11:07+0000 6.8
2016-02-10T22:26:23+0000 6.6
2016-02-10T22:41:39+0000 6.1
2016-02-10T22:56:55+0000 6.5
2016-02-10T23:12:11+0000 6.6
2016-02-10T23:27:27+0000 6.5
2016-02-10T23:42:43+0000 6.6
2016-02-10T23:57:59+0000 6.5
