2016-06-28T00:02:44+0000 23.7
2016-06-28T00:17:58+0000 23.5
2016-06-28T00:33:13+0000 23.3
2016-06-28T00:48:27+0000 23.1
2016-06-28T01:03:42+0000 22.9
2016-06-28T01:18:56+0000 22.9
2016-06-28T01:34:11+0000 22.8
2016-06-28T01:49:25+0000 22.7
2016-06-28T02:04:40+0000 22.5
2016-06-28T02:19:54+0000 22.4
2016-06-28T02:35:09+0000 22.3
2016-06-28T02:50:23+0000 22.1
2016-06-28T03:05:38+0000 21.9
2016-06-28T03:20:52+0000 21.9
2016-06-28T03:36:07+0000 21.6
2016-06-28T03:51:22+0000 21.5
2016-06-28T04:06:36+0000 21.4
2016-06-28T04:21:51+0000 21.3
2016-06-28T04:37:05+0000 21.2
2016-06-28T04:52:20+0000 21.1
2016-06-28T05:07:35+0000 21.0
2016-06-28T05:22:49+0000 20.9
2016-06-28T05:38:04+0000 21.0
2016-06-28T05:53:19+0000 21.1
2016-06-28T06:08:33+0000 21.1
2016-06-28T06:23:48+0000 21.2
2016-06-28T06:39:02+0000 21.3
2016-06-28T06:54:17+0000 21.4
2016-06-28T07:09:32+0000 21.5
2016-06-28T07:24:46+0000 21.8
2016-06-28T07:40:01+0000 22.1
2016-06-28T07:55:16+0000 22.4
2016-06-28T08:10:30+0000 22.8
2016-06-28T08:25:45+0000 23.2
2016-06-28T08:41:00+0000 23.5
2016-06-28T08:56:14+0000 24.1
2016-06-28T09:11:29+0000 25.2
2016-06-28T09:26:43+0000 25.8
2016-06-28T09:41:57+0000 26.8
2016-06-28T09:57:12+0000 26.6
2016-06-28T10:12:26+0000 26.9
2016-06-28T10:27:40+0000 27.4
2016-06-28T10:42:55+0000 27.7
2016-06-28T10:58:09+0000 27.8
2016-06-28T11:13:23+0000 28.2
2016-06-28T11:28:37+0000 28.7
2016-06-28T11:43:52+0000 29.2
2016-06-28T11:59:06+0000 29.6
2016-06-28T12:14:20+0000 30.0
2016-06-28T12:29:34+0000 30.2
2016-06-28T12:44:48+0000 30.5
2016-06-28T13:00:02+0000 31.3
2016-06-28T13:15:16+0000 31.4
2016-06-28T13:30:30+0000 31.6
2016-06-28T13:45:44+0000 31.4
2016-06-28T14:00:58+0000 30.7
2016-06-28T14:16:12+0000 29.0
2016-06-28T14:31:26+0000 28.3
2016-06-28T14:46:40+0000 27.9
2016-06-28T15:01:55+0000 27.7
2016-06-28T15:17:09+0000 27.9
2016-06-28T15:32:23+0000 28.1
2016-06-28T15:47:37+0000 28.1
2016-06-28T16:02:51+0000 28.2
2016-06-28T16:18:05+0000 28.2
2016-06-28T16:33:20+0000 28.2
2016-06-28T16:48:34+0000 28.3
2016-06-28T17:03:48+0000 28.3
2016-06-28T17:19:02+0000 28.2
2016-06-28T17:34:16+0000 28.0
2016-06-28T17:49:30+0000 28.0
2016-06-28T18:04:45+0000 27.9
2016-06-28T18:19:59+0000 27.5
2016-06-28T18:35:13+0000 27.4
2016-06-28T18:50:27+0000 27.3
2016-06-28T19:05:41+0000 27.0
2016-06-28T19:20:56+0000 26.7
2016-06-28T19:36:10+0000 26.6
2016-06-28T19:51:24+0000 26.4
2016-06-28T20:06:38+0000 26.1
2016-06-28T20:21:53+0000 25.9
2016-06-28T20:37:07+0000 25.7
2016-06-28T20:52:21+0000 25.5
2016-06-28T21:07:36+0000 25.3
2016-06-28T21:22:50+0000 25.1
2016-06-28T21:38:04+0000 24.9
2016-06-28T21:53:18+0000 24.7
2016-06-28T22:08:33+0000 24.5
2016-06-28T22:23:47+0000 24.4
2016-06-28T22:39:01+0000 24.2
2016-06-28T22:54:16+0000 24.0
2016-06-28T23:09:30+0000 23.8
2016-06-28T23:24:44+0000 23.7
2016-06-28T23:39:59+0000 23.5
2016-06-28T23:55:13+0000 23.4
