2016-01-11T00:04:20+0000 9.3
2016-01-11T00:19:36+0000 9.2
2016-01-11T00:34:52+0000 9.1
2016-01-11T00:50:08+0000 9.0
2016-01-11T01:05:23+0000 9.1
2016-01-11T01:20:39+0000 8.9
2016-01-11T01:35:55+0000 9.1
2016-01-11T01:51:11+0000 9.1
2016-01-11T02:06:26+0000 9.2
2016-01-11T02:21:42+0000 9.2
2016-01-11T02:36:58+0000 9.3
2016-01-11T02:52:14+0000 9.3
2016-01-11T03:07:29+0000 9.2
2016-01-11T03:22:45+0000 9.2
2016-01-11T03:38:01+0000 9.2
2016-01-11T03:53:17+0000 9.3
2016-01-11T04:08:33+0000 9.1
2016-01-11T04:23:48+0000 9.2
2016-01-11T04:39:04+0000 9.1
2016-01-11T04:54:20+0000 9.2
2016-01-11T05:09:36+0000 9.1
2016-01-11T05:24:51+0000 9.2
2016-01-11T05:40:07+0000 9.1
2016-01-11T05:55:23+0000 9.2
2016-01-11T06:10:39+0000 9.2
2016-01-11T06:25:54+0000 9.2
2016-01-11T06:41:10+0000 9.5
2016-01-11T06:56:26+0000 9.7
2016-01-11T07:11:42+0000 9.6
2016-01-11T07:26:57+0000 9.6
2016-01-11T07:42:13+0000 9.7
2016-01-11T07:57:29+0000 9.5
2016-01-11T08:12:44+0000 9.6
2016-01-11T08:28:00+0000 9.4
2016-01-11T08:43:16+0000 9.4
2016-01-11T08:58:32+0000 9.3
2016-01-11T09:13:48+0000 9.2
2016-01-11T09:29:03+0000 9.2
2016-01-11T09:44:19+0000 9.1
2016-01-11T09:59:35+0000 9.1
2016-01-11T10:14:51+0000 9.1
2016-01-11T10:30:06+0000 9.1
2016-01-11T10:45:22+0000 9.1
2016-01-11T11:00:38+0000 9.2
2016-01-11T11:15:54+0000 9.3
2016-01-11T11:31:09+0000 9.5
2016-01-11T11:46:25+0000 10.2
2016-01-11T12:01:41+0000 10.3
2016-01-11T12:16:56+0000 10.5
2016-01-11T12:32:12+0000 10.4
2016-01-11T12:47:28+0000 10.4
2016-01-11T13:02:44+0000 10.6
2016-01-11T13:17:59+0000 10.7
2016-01-11T13:33:15+0000 10.6
2016-01-11T13:48:31+0000 10.7
2016-01-11T14:03:46+0000 10.6
2016-01-11T14:19:02+0000 10.3
2016-01-11T14:34:18+0000 10.5
2016-01-11T14:49:34+0000 10.4
2016-01-11T15:04:49+0000 10.6
2016-01-11T15:20:05+0000 10.4
2016-01-11T15:35:21+0000 10.2
2016-01-11T15:50:37+0000 10.0
2016-01-11T16:05:53+0000 9.8
2016-01-11T16:21:08+0000 9.9
2016-01-11T16:36:24+0000 9.8
2016-01-11T16:51:40+0000 9.6
2016-01-11T17:06:56+0000 9.5
2016-01-11T17:22:12+0000 9.3
2016-01-11T17:37:27+0000 9.3
2016-01-11T17:52:43+0000 9.1
2016-01-11T18:07:59+0000 9.1
2016-01-11T18:23:15+0000 9.2
2016-01-11T18:38:31+0000 9.1
2016-01-11T18:53:47+0000 9.0
2016-01-11T19:09:03+0000 9.2
2016-01-11T19:24:18+0000 8.9
2016-01-11T19:39:34+0000 9.1
2016-01-11T19:54:50+0000 9.0
2016-01-11T20:10:06+0000 9.2
2016-01-11T20:25:22+0000 8.9
2016-01-11T20:40:37+0000 9.0
2016-01-11T20:55:53+0000 8.9
2016-01-11T21:11:09+0000 8.8
2016-01-11T21:26:25+0000 8.8
2016-01-11T21:41:41+0000 8.7
2016-01-11T21:56:56+0000 8.6
2016-01-11T22:12:12+0000 8.5
2016-01-11T22:27:28+0000 8.3
2016-01-11T22:42:44+0000 8.2
2016-01-11T22:58:00+0000 8.2
2016-01-11T23:13:15+0000 8.3
2016-01-11T23:28:31+0000 8.1
2016-01-11T23:43:47+0000 8.1
2016-01-11T23:59:03+0000 8.1
