2015-12-12T00:11:52+0000 9.9
2015-12-12T00:27:08+0000 10.0
2015-12-12T00:42:24+0000 10.0
2015-12-12T00:57:39+0000 10.0
2015-12-12T01:12:55+0000 10.2
2015-12-12T01:28:11+0000 10.1
2015-12-12T01:43:26+0000 10.1
2015-12-12T01:58:42+0000 10.0
2015-12-12T02:13:58+0000 10.1
2015-12-12T02:29:13+0000 10.1
2015-12-12T02:44:29+0000 10.0
2015-12-12T02:59:44+0000 10.0
2015-12-12T03:15:00+0000 10.1
2015-12-12T03:30:15+0000 10.2
2015-12-12T03:45:31+0000 10.3
2015-12-12T04:00:46+0000 10.2
2015-12-12T04:16:02+0000 10.3
2015-12-12T04:31:18+0000 10.4
2015-12-12T04:46:33+0000 10.4
2015-12-12T05:01:49+0000 10.3
2015-12-12T05:17:04+0000 10.5
2015-12-12T05:32:20+0000 10.4
2015-12-12T05:47:35+0000 10.5
2015-12-12T06:02:51+0000 10.5
2015-12-12T06:18:06+0000 10.5
2015-12-12T06:33:22+0000 10.6
2015-12-12T06:48:37+0000 10.5
2015-12-12T07:03:53+0000 10.6
2015-12-12T07:19:09+0000 10.7
2015-12-12T07:34:24+0000 10.6
2015-12-12T07:49:40+0000 10.8
2015-12-12T08:04:55+0000 10.7
2015-12-12T08:20:11+0000 10.8
2015-12-12T08:35:26+0000 10.8
2015-12-12T08:50:42+0000 10.9
2015-12-12T09:05:58+0000 10.8
2015-12-12T09:21:13+0000 10.8
2015-12-12T09:36:29+0000 10.8
2015-12-12T09:51:45+0000 10.9
2015-12-12T10:07:00+0000 10.9
2015-12-12T10:22:16+0000 11.0
2015-12-12T10:37:32+0000 11.0
2015-12-12T10:52:47+0000 11.2
2015-12-12T11:08:03+0000 11.2
2015-12-12T11:23:18+0000 11.3
2015-12-12T11:38:34+0000 11.4
2015-12-12T11:53:50+0000 11.6
2015-12-12T12:09:05+0000 11.8
