2016-05-26T00:14:24+0000 18.7
2016-05-26T00:29:39+0000 18.5
2016-05-26T00:44:54+0000 18.1
2016-05-26T01:00:09+0000 17.9
2016-05-26T01:15:24+0000 17.7
2016-05-26T01:30:39+0000 17.6
2016-05-26T01:45:54+0000 17.3
2016-05-26T02:01:09+0000 17.2
2016-05-26T02:16:24+0000 17.1
2016-05-26T02:31:39+0000 16.9
2016-05-26T02:46:54+0000 16.7
2016-05-26T03:02:09+0000 16.4
2016-05-26T03:17:24+0000 16.3
2016-05-26T03:32:39+0000 16.1
2016-05-26T03:47:54+0000 16.1
2016-05-26T04:03:09+0000 15.7
2016-05-26T04:18:23+0000 15.6
2016-05-26T04:33:39+0000 15.6
2016-05-26T04:48:54+0000 15.4
2016-05-26T05:04:09+0000 15.2
2016-05-26T05:19:24+0000 15.2
2016-05-26T05:34:39+0000 15.2
2016-05-26T05:49:54+0000 15.0
2016-05-26T06:05:09+0000 15.1
2016-05-26T06:20:24+0000 15.2
2016-05-26T06:35:39+0000 15.6
2016-05-26T06:50:54+0000 15.9
2016-05-26T07:06:09+0000 16.4
2016-05-26T07:21:24+0000 17.1
2016-05-26T07:36:39+0000 17.7
2016-05-26T07:51:54+0000 18.5
2016-05-26T08:07:09+0000 19.4
2016-05-26T08:22:24+0000 20.1
2016-05-26T08:37:39+0000 21.2
2016-05-26T08:52:54+0000 22.0
2016-05-26T09:08:09+0000 23.2
2016-05-26T09:23:24+0000 24.2
2016-05-26T09:38:39+0000 25.4
2016-05-26T09:53:53+0000 26.2
2016-05-26T10:09:08+0000 27.2
2016-05-26T10:24:22+0000 28.1
2016-05-26T10:39:37+0000 29.0
2016-05-26T10:54:51+0000 30.0
2016-05-26T11:10:05+0000 30.8
2016-05-26T11:25:20+0000 31.5
2016-05-26T11:40:34+0000 32.3
2016-05-26T11:55:48+0000 32.9
2016-05-26T12:11:02+0000 33.6
2016-05-26T12:26:16+0000 34.2
2016-05-26T12:41:30+0000 34.8
2016-05-26T12:56:43+0000 35.2
2016-05-26T13:11:57+0000 35.6
2016-05-26T13:27:11+0000 36.0
2016-05-26T13:42:24+0000 36.3
2016-05-26T13:57:38+0000 36.6
2016-05-26T14:12:52+0000 36.2
2016-05-26T14:28:05+0000 36.2
2016-05-26T14:43:19+0000 36.2
2016-05-26T14:58:32+0000 35.3
2016-05-26T15:13:46+0000 34.8
2016-05-26T15:28:59+0000 34.5
2016-05-26T15:44:13+0000 34.5
2016-05-26T15:59:27+0000 34.4
2016-05-26T16:14:40+0000 34.5
2016-05-26T16:29:54+0000 34.3
2016-05-26T16:45:08+0000 34.2
2016-05-26T17:00:21+0000 34.1
2016-05-26T17:15:35+0000 33.9
2016-05-26T17:30:49+0000 33.7
2016-05-26T17:46:03+0000 33.4
2016-05-26T18:01:16+0000 33.2
2016-05-26T18:16:30+0000 32.9
2016-05-26T18:31:44+0000 32.6
2016-05-26T18:46:58+0000 32.4
2016-05-26T19:02:11+0000 32.1
2016-05-26T19:17:25+0000 31.6
2016-05-26T19:32:39+0000 31.0
2016-05-26T19:47:53+0000 30.6
2016-05-26T20:03:07+0000 29.9
2016-05-26T20:18:21+0000 29.6
2016-05-26T20:33:35+0000 29.2
2016-05-26T20:48:49+0000 28.8
2016-05-26T21:04:03+0000 28.4
2016-05-26T21:19:17+0000 28.0
2016-05-26T21:34:32+0000 27.7
2016-05-26T21:49:46+0000 27.3
2016-05-26T22:05:00+0000 27.1
2016-05-26T22:20:14+0000 26.8
2016-05-26T22:35:28+0000 26.6
2016-05-26T22:50:43+0000 26.2
2016-05-26T23:05:57+0000 25.9
2016-05-26T23:21:11+0000 25.5
2016-05-26T23:36:26+0000 25.3
2016-05-26T23:51:40+0000 25.1
