2015-12-24T00:05:06+0000 12.2
2015-12-24T00:20:21+0000 12.1
2015-12-24T00:35:37+0000 11.9
2015-12-24T00:50:52+0000 11.9
2015-12-24T01:06:08+0000 11.9
2015-12-24T01:21:23+0000 11.8
2015-12-24T01:36:39+0000 11.9
2015-12-24T01:51:54+0000 11.9
2015-12-24T02:07:10+0000 11.8
2015-12-24T02:22:25+0000 11.6
2015-12-24T02:37:41+0000 11.7
2015-12-24T02:52:57+0000 11.8
2015-12-24T03:08:12+0000 11.8
2015-12-24T03:23:28+0000 11.8
2015-12-24T03:38:43+0000 11.8
2015-12-24T03:53:59+0000 11.8
2015-12-24T04:09:14+0000 11.8
2015-12-24T04:24:30+0000 11.7
2015-12-24T04:39:45+0000 11.7
2015-12-24T04:55:01+0000 11.7
2015-12-24T05:10:17+0000 11.7
2015-12-24T05:25:32+0000 11.8
2015-12-24T05:40:48+0000 11.8
2015-12-24T05:56:03+0000 11.7
2015-12-24T06:11:19+0000 11.8
2015-12-24T06:26:34+0000 11.7
2015-12-24T06:41:50+0000 11.8
2015-12-24T06:57:05+0000 11.8
2015-12-24T07:12:21+0000 11.8
2015-12-24T07:27:36+0000 11.7
2015-12-24T07:42:52+0000 11.8
2015-12-24T07:58:08+0000 11.6
2015-12-24T08:13:23+0000 11.8
2015-12-24T08:28:39+0000 11.7
2015-12-24T08:43:54+0000 11.7
2015-12-24T08:59:10+0000 11.8
2015-12-24T09:14:25+0000 11.8
2015-12-24T09:21:19+0000 13.0
2015-12-24T09:36:20+0000 12.1
2015-12-24T09:51:35+0000 12.0
2015-12-24T10:06:51+0000 12.2
2015-12-24T10:22:07+0000 12.2
2015-12-24T10:37:22+0000 12.1
2015-12-24T10:52:38+0000 12.5
2015-12-24T11:07:53+0000 12.6
2015-12-24T11:23:09+0000 12.7
2015-12-24T11:38:24+0000 13.0
2015-12-24T11:53:40+0000 13.4
2015-12-24T12:08:55+0000 13.7
2015-12-24T12:24:11+0000 14.0
2015-12-24T12:39:26+0000 14.2
2015-12-24T12:54:42+0000 14.4
2015-12-24T13:09:57+0000 14.5
2015-12-24T13:25:13+0000 14.8
2015-12-24T13:40:28+0000 14.9
2015-12-24T13:55:44+0000 15.0
2015-12-24T14:10:59+0000 14.9
2015-12-24T14:26:15+0000 15.2
2015-12-24T14:41:30+0000 15.3
2015-12-24T14:56:46+0000 15.4
2015-12-24T15:12:01+0000 15.4
2015-12-24T15:27:16+0000 15.3
2015-12-24T15:42:32+0000 15.3
2015-12-24T15:57:47+0000 15.3
2015-12-24T16:13:03+0000 15.2
2015-12-24T16:28:18+0000 15.0
2015-12-24T16:43:33+0000 14.6
2015-12-24T16:58:49+0000 14.5
2015-12-24T17:14:04+0000 14.3
2015-12-24T17:29:20+0000 14.1
2015-12-24T17:44:35+0000 14.0
2015-12-24T17:59:51+0000 13.8
2015-12-24T18:15:06+0000 13.8
2015-12-24T18:30:22+0000 13.6
2015-12-24T18:45:37+0000 13.4
2015-12-24T19:00:53+0000 13.3
2015-12-24T19:16:08+0000 13.2
2015-12-24T19:31:24+0000 13.1
2015-12-24T19:46:39+0000 13.1
2015-12-24T20:01:55+0000 12.9
2015-12-24T20:17:11+0000 12.9
2015-12-24T20:32:26+0000 13.1
2015-12-24T20:47:42+0000 13.0
2015-12-24T21:02:57+0000 13.1
2015-12-24T21:18:13+0000 13.2
2015-12-24T21:33:29+0000 13.3
2015-12-24T21:48:44+0000 13.3
2015-12-24T22:04:00+0000 13.5
2015-12-24T22:19:15+0000 13.6
2015-12-24T22:34:31+0000 13.6
2015-12-24T22:49:46+0000 13.3
2015-12-24T23:05:02+0000 13.3
2015-12-24T23:20:17+0000 13.3
2015-12-24T23:35:33+0000 13.3
2015-12-24T23:50:49+0000 13.3
