2015-12-18T00:08:31+0000 12.5
2015-12-18T00:23:46+0000 12.5
2015-12-18T00:39:02+0000 12.5
2015-12-18T00:54:17+0000 12.5
2015-12-18T01:09:33+0000 12.5
2015-12-18T01:24:48+0000 12.5
2015-12-18T01:40:04+0000 12.5
2015-12-18T01:55:19+0000 12.5
2015-12-18T02:10:35+0000 12.4
2015-12-18T02:25:51+0000 12.4
2015-12-18T02:41:06+0000 12.3
2015-12-18T02:56:22+0000 12.3
2015-12-18T03:11:37+0000 12.3
2015-12-18T03:26:53+0000 12.2
2015-12-18T03:42:08+0000 12.1
2015-12-18T03:57:24+0000 12.1
2015-12-18T04:12:40+0000 12.1
2015-12-18T04:27:55+0000 12.1
2015-12-18T04:43:11+0000 12.1
2015-12-18T04:58:26+0000 12.1
2015-12-18T05:13:42+0000 12.1
2015-12-18T05:28:58+0000 12.1
2015-12-18T05:44:13+0000 12.1
2015-12-18T05:59:29+0000 12.0
2015-12-18T06:14:45+0000 12.0
2015-12-18T06:30:00+0000 11.9
2015-12-18T06:45:16+0000 11.8
2015-12-18T07:00:31+0000 11.9
2015-12-18T07:15:47+0000 11.9
2015-12-18T07:31:03+0000 11.9
2015-12-18T07:46:18+0000 11.8
2015-12-18T08:01:34+0000 12.0
2015-12-18T08:16:49+0000 12.1
2015-12-18T08:32:05+0000 12.0
2015-12-18T08:47:20+0000 12.1
2015-12-18T09:02:36+0000 12.1
2015-12-18T09:17:52+0000 12.1
2015-12-18T09:33:07+0000 12.2
2015-12-18T09:48:23+0000 12.2
2015-12-18T10:03:39+0000 12.6
2015-12-18T10:18:54+0000 12.7
2015-12-18T10:34:10+0000 12.8
2015-12-18T10:49:25+0000 13.1
2015-12-18T11:04:41+0000 13.3
2015-12-18T11:19:57+0000 13.4
2015-12-18T11:35:12+0000 13.6
2015-12-18T11:50:28+0000 13.6
2015-12-18T12:05:43+0000 13.7
2015-12-18T12:20:59+0000 14.1
2015-12-18T12:36:14+0000 14.3
2015-12-18T12:51:30+0000 14.9
2015-12-18T13:06:45+0000 15.1
2015-12-18T13:22:01+0000 15.4
2015-12-18T13:37:16+0000 15.6
2015-12-18T13:52:32+0000 15.8
2015-12-18T14:07:47+0000 15.9
2015-12-18T14:23:03+0000 16.1
2015-12-18T14:38:18+0000 16.2
2015-12-18T14:53:34+0000 16.2
2015-12-18T15:08:49+0000 16.2
2015-12-18T15:24:04+0000 16.2
2015-12-18T15:39:20+0000 16.3
2015-12-18T15:54:35+0000 16.1
2015-12-18T16:09:51+0000 16.1
2015-12-18T16:25:06+0000 16.0
2015-12-18T16:40:21+0000 15.8
2015-12-18T16:55:37+0000 15.7
2015-12-18T17:10:52+0000 15.6
2015-12-18T17:26:07+0000 15.4
2015-12-18T17:41:23+0000 15.5
2015-12-18T17:56:38+0000 15.3
2015-12-18T18:11:54+0000 15.3
2015-12-18T18:27:09+0000 15.3
2015-12-18T18:42:25+0000 15.0
2015-12-18T18:57:40+0000 15.2
2015-12-18T19:12:55+0000 15.0
2015-12-18T19:28:11+0000 15.0
2015-12-18T19:43:26+0000 14.7
2015-12-18T19:58:42+0000 14.7
2015-12-18T20:13:57+0000 14.6
2015-12-18T20:29:13+0000 14.6
2015-12-18T20:44:28+0000 14.2
2015-12-18T20:59:44+0000 14.1
2015-12-18T21:14:59+0000 14.1
2015-12-18T21:30:15+0000 14.0
2015-12-18T21:45:30+0000 14.0
2015-12-18T22:00:45+0000 14.0
2015-12-18T22:16:01+0000 13.9
2015-12-18T22:31:16+0000 13.8
2015-12-18T22:46:32+0000 13.8
2015-12-18T23:01:47+0000 13.8
2015-12-18T23:17:03+0000 13.8
2015-12-18T23:32:18+0000 13.6
2015-12-18T23:47:34+0000 13.5
