2016-07-07T00:11:10+0000 23.9
2016-07-07T00:26:25+0000 23.7
2016-07-07T00:41:39+0000 23.3
2016-07-07T00:56:54+0000 23.1
2016-07-07T01:12:08+0000 22.9
2016-07-07T01:27:23+0000 22.7
2016-07-07T01:42:38+0000 22.4
2016-07-07T01:57:52+0000 22.2
2016-07-07T02:13:07+0000 22.0
2016-07-07T02:28:21+0000 21.8
2016-07-07T02:43:36+0000 21.7
2016-07-07T02:58:51+0000 21.6
2016-07-07T03:14:06+0000 21.3
2016-07-07T03:29:20+0000 21.2
2016-07-07T03:44:35+0000 21.0
2016-07-07T03:59:50+0000 20.9
2016-07-07T04:15:04+0000 20.6
2016-07-07T04:30:19+0000 20.6
2016-07-07T04:45:34+0000 20.5
2016-07-07T05:00:49+0000 20.3
2016-07-07T05:16:04+0000 20.2
2016-07-07T05:31:18+0000 20.1
2016-07-07T05:46:34+0000 20.2
2016-07-07T06:01:49+0000 20.1
2016-07-07T06:17:03+0000 20.1
2016-07-07T06:32:18+0000 20.3
2016-07-07T06:47:33+0000 20.5
2016-07-07T07:02:48+0000 20.9
2016-07-07T07:18:03+0000 21.5
2016-07-07T07:33:18+0000 22.1
2016-07-07T07:48:32+0000 23.0
2016-07-07T08:03:47+0000 23.7
2016-07-07T08:19:02+0000 24.7
2016-07-07T08:34:16+0000 25.7
2016-07-07T08:49:31+0000 26.6
2016-07-07T09:04:45+0000 27.5
2016-07-07T09:20:00+0000 28.6
2016-07-07T09:35:14+0000 29.5
2016-07-07T09:50:29+0000 30.7
2016-07-07T10:05:43+0000 31.4
2016-07-07T10:20:57+0000 31.8
2016-07-07T10:36:12+0000 32.7
2016-07-07T10:51:26+0000 33.2
2016-07-07T11:06:40+0000 33.9
2016-07-07T11:21:54+0000 35.0
2016-07-07T11:37:08+0000 35.5
2016-07-07T11:52:22+0000 36.3
2016-07-07T12:07:35+0000 36.8
2016-07-07T12:22:49+0000 37.5
2016-07-07T12:38:03+0000 38.0
2016-07-07T12:53:16+0000 38.3
2016-07-07T13:08:30+0000 38.6
2016-07-07T13:23:43+0000 38.9
2016-07-07T13:38:57+0000 39.2
2016-07-07T13:54:10+0000 39.6
2016-07-07T14:09:23+0000 39.6
2016-07-07T14:24:37+0000 39.8
2016-07-07T14:39:50+0000 39.8
2016-07-07T14:55:03+0000 39.9
2016-07-07T15:10:16+0000 39.8
2016-07-07T15:25:30+0000 39.5
2016-07-07T15:40:43+0000 39.5
2016-07-07T15:55:56+0000 39.3
2016-07-07T16:11:09+0000 39.2
2016-07-07T16:26:23+0000 39.1
2016-07-07T16:41:36+0000 38.7
2016-07-07T16:56:49+0000 38.4
2016-07-07T17:12:03+0000 38.0
2016-07-07T17:27:16+0000 37.8
2016-07-07T17:42:30+0000 37.4
2016-07-07T17:57:43+0000 37.1
2016-07-07T18:12:56+0000 36.7
2016-07-07T18:28:10+0000 36.5
2016-07-07T18:43:23+0000 36.1
2016-07-07T18:58:37+0000 35.8
2016-07-07T19:13:50+0000 35.4
2016-07-07T19:29:04+0000 34.9
2016-07-07T19:44:18+0000 34.5
2016-07-07T19:59:31+0000 33.8
2016-07-07T20:14:45+0000 33.1
2016-07-07T20:29:59+0000 32.4
2016-07-07T20:45:12+0000 31.9
2016-07-07T21:00:26+0000 31.4
2016-07-07T21:15:40+0000 30.9
2016-07-07T21:30:54+0000 30.4
2016-07-07T21:46:08+0000 29.9
2016-07-07T22:01:22+0000 29.4
2016-07-07T22:16:36+0000 29.0
2016-07-07T22:31:50+0000 28.6
2016-07-07T22:47:04+0000 28.1
2016-07-07T23:02:18+0000 27.8
2016-07-07T23:17:32+0000 27.3
2016-07-07T23:32:47+0000 27.0
2016-07-07T23:48:01+0000 26.6
