2015-11-23T00:12:39+0000 18.5
2015-11-23T00:27:39+0000 18.5
2015-11-23T00:42:39+0000 18.5
2015-11-23T00:57:39+0000 18.5
2015-11-23T01:12:39+0000 18.5
2015-11-23T01:27:40+0000 18.5
2015-11-23T01:42:40+0000 18.5
2015-11-23T01:57:40+0000 18.5
2015-11-23T02:12:40+0000 18.5
2015-11-23T02:27:40+0000 18.5
2015-11-23T02:42:40+0000 18.5
2015-11-23T02:57:41+0000 18.5
2015-11-23T03:12:41+0000 18.0
2015-11-23T03:27:41+0000 18.5
2015-11-23T03:42:41+0000 18.5
2015-11-23T03:57:41+0000 18.5
2015-11-23T04:12:42+0000 18.5
2015-11-23T04:27:42+0000 18.5
2015-11-23T04:42:42+0000 18.5
2015-11-23T04:57:42+0000 18.5
2015-11-23T05:12:42+0000 18.5
2015-11-23T05:27:42+0000 18.5
2015-11-23T05:42:43+0000 18.5
2015-11-23T05:57:43+0000 18.5
2015-11-23T06:12:43+0000 18.5
2015-11-23T06:27:43+0000 18.5
2015-11-23T06:42:43+0000 18.5
2015-11-23T06:57:44+0000 18.5
2015-11-23T07:12:44+0000 18.5
2015-11-23T07:27:44+0000 18.5
2015-11-23T07:42:44+0000 18.5
2015-11-23T07:57:44+0000 18.0
2015-11-23T08:12:44+0000 18.5
2015-11-23T08:27:45+0000 18.5
2015-11-23T08:42:45+0000 18.5
2015-11-23T08:57:45+0000 18.5
2015-11-23T09:12:45+0000 18.5
2015-11-23T09:27:45+0000 18.5
2015-11-23T09:42:46+0000 18.5
2015-11-23T09:57:46+0000 18.5
2015-11-23T10:12:46+0000 18.5
2015-11-23T10:27:46+0000 18.5
2015-11-23T10:42:46+0000 18.5
2015-11-23T10:57:46+0000 18.5
2015-11-23T11:12:47+0000 18.5
2015-11-23T11:27:47+0000 18.5
2015-11-23T11:42:47+0000 18.5
2015-11-23T11:57:47+0000 18.5
2015-11-23T12:12:47+0000 18.0
2015-11-23T12:27:48+0000 18.5
2015-11-23T12:42:48+0000 18.5
2015-11-23T12:57:48+0000 18.5
2015-11-23T13:12:48+0000 18.5
2015-11-23T13:27:48+0000 18.5
2015-11-23T13:42:48+0000 18.5
2015-11-23T13:57:49+0000 18.0
2015-11-23T14:12:49+0000 18.5
2015-11-23T14:27:49+0000 18.5
2015-11-23T14:42:49+0000 18.5
2015-11-23T14:57:49+0000 18.5
2015-11-23T15:12:50+0000 18.5
2015-11-23T15:27:50+0000 18.5
2015-11-23T15:42:50+0000 18.5
2015-11-23T15:57:50+0000 18.5
2015-11-23T16:12:50+0000 18.5
2015-11-23T16:27:51+0000 18.0
2015-11-23T16:42:51+0000 18.5
2015-11-23T16:57:51+0000 18.5
2015-11-23T17:12:51+0000 18.5
2015-11-23T17:27:51+0000 18.5
2015-11-23T17:42:51+0000 18.5
2015-11-23T17:57:52+0000 18.5
2015-11-23T18:12:52+0000 18.5
2015-11-23T18:27:52+0000 18.5
2015-11-23T18:42:52+0000 18.5
2015-11-23T18:57:52+0000 18.5
2015-11-23T19:12:53+0000 18.5
2015-11-23T19:27:53+0000 18.5
2015-11-23T19:42:53+0000 18.5
2015-11-23T19:57:53+0000 18.5
2015-11-23T20:12:53+0000 18.5
2015-11-23T20:27:54+0000 18.5
2015-11-23T20:42:54+0000 18.5
2015-11-23T20:57:54+0000 18.5
2015-11-23T21:12:54+0000 18.5
2015-11-23T21:27:54+0000 18.5
2015-11-23T21:42:54+0000 18.5
2015-11-23T21:57:55+0000 18.5
2015-11-23T22:12:55+0000 18.5
2015-11-23T22:27:55+0000 18.5
2015-11-23T22:42:55+0000 18.0
2015-11-23T22:57:55+0000 18.0
2015-11-23T23:12:56+0000 18.0
2015-11-23T23:27:56+0000 18.0
2015-11-23T23:42:56+0000 18.5
2015-11-23T23:57:56+0000 18.0
