2016-01-31T00:08:47+0000 9.0
2016-01-31T00:24:03+0000 9.0
2016-01-31T00:39:19+0000 8.9
2016-01-31T00:54:35+0000 8.8
2016-01-31T01:09:51+0000 8.8
2016-01-31T01:25:07+0000 8.8
2016-01-31T01:40:22+0000 8.6
2016-01-31T01:55:38+0000 8.8
2016-01-31T02:10:54+0000 8.6
2016-01-31T02:26:10+0000 8.6
2016-01-31T02:41:26+0000 8.5
2016-01-31T02:56:42+0000 8.6
2016-01-31T03:11:58+0000 8.5
2016-01-31T03:27:14+0000 8.6
2016-01-31T03:42:30+0000 8.8
2016-01-31T03:57:46+0000 8.6
2016-01-31T04:13:01+0000 8.4
2016-01-31T04:28:17+0000 8.4
2016-01-31T04:43:33+0000 8.4
2016-01-31T04:58:49+0000 8.4
2016-01-31T05:14:05+0000 8.6
2016-01-31T05:29:21+0000 8.4
2016-01-31T05:44:37+0000 8.4
2016-01-31T05:59:53+0000 8.6
2016-01-31T06:15:08+0000 8.4
2016-01-31T06:30:24+0000 8.4
2016-01-31T06:45:40+0000 8.1
2016-01-31T07:00:56+0000 8.3
2016-01-31T07:16:12+0000 8.1
2016-01-31T07:31:28+0000 8.1
2016-01-31T07:46:44+0000 8.1
2016-01-31T08:02:00+0000 8.2
2016-01-31T08:17:16+0000 8.1
2016-01-31T08:32:32+0000 8.1
2016-01-31T08:47:47+0000 8.1
2016-01-31T09:03:03+0000 8.0
2016-01-31T09:18:19+0000 8.6
2016-01-31T09:33:35+0000 8.5
2016-01-31T09:48:51+0000 8.7
2016-01-31T10:05:51+0000 9.5
2016-01-31T10:20:52+0000 8.9
2016-01-31T10:36:08+0000 8.9
2016-01-31T10:51:24+0000 8.8
2016-01-31T11:06:39+0000 9.0
2016-01-31T11:21:55+0000 9.2
2016-01-31T11:37:11+0000 9.1
2016-01-31T11:52:27+0000 9.2
2016-01-31T12:07:43+0000 9.5
2016-01-31T12:22:58+0000 9.4
2016-01-31T12:38:14+0000 9.6
2016-01-31T12:53:30+0000 9.7
2016-01-31T13:08:46+0000 9.7
2016-01-31T13:24:01+0000 9.8
2016-01-31T13:39:17+0000 9.8
2016-01-31T13:54:33+0000 9.9
2016-01-31T14:09:49+0000 9.9
2016-01-31T14:25:04+0000 10.0
2016-01-31T14:40:20+0000 10.1
2016-01-31T14:55:36+0000 10.1
2016-01-31T15:10:52+0000 10.1
2016-01-31T15:26:08+0000 10.1
2016-01-31T15:41:23+0000 10.1
2016-01-31T15:56:39+0000 10.1
2016-01-31T16:11:55+0000 10.0
2016-01-31T16:27:11+0000 10.0
2016-01-31T16:42:26+0000 10.1
2016-01-31T16:57:42+0000 10.0
2016-01-31T17:12:58+0000 9.9
2016-01-31T17:28:14+0000 9.9
2016-01-31T17:43:30+0000 9.9
2016-01-31T17:58:45+0000 9.9
2016-01-31T18:14:01+0000 10.0
2016-01-31T18:29:17+0000 9.8
2016-01-31T18:44:33+0000 9.9
2016-01-31T18:59:48+0000 10.1
2016-01-31T19:15:04+0000 10.3
2016-01-31T19:30:20+0000 10.5
2016-01-31T19:45:36+0000 10.5
2016-01-31T20:00:51+0000 10.7
2016-01-31T20:16:07+0000 10.7
2016-01-31T20:31:23+0000 10.8
2016-01-31T20:46:38+0000 11.0
2016-01-31T21:01:54+0000 11.1
2016-01-31T21:17:10+0000 11.1
2016-01-31T21:32:25+0000 11.3
2016-01-31T21:47:41+0000 11.4
2016-01-31T22:02:57+0000 11.5
2016-01-31T22:18:12+0000 11.6
2016-01-31T22:33:28+0000 11.7
2016-01-31T22:48:44+0000 11.8
2016-01-31T23:03:59+0000 11.8
2016-01-31T23:19:15+0000 11.8
2016-01-31T23:34:31+0000 11.9
2016-01-31T23:49:47+0000 12.1
