2016-08-18T00:09:43+0000 25.1
2016-08-18T00:24:58+0000 24.8
2016-08-18T00:40:12+0000 24.5
2016-08-18T00:55:27+0000 24.3
2016-08-18T01:10:41+0000 24.0
2016-08-18T01:25:56+0000 23.8
2016-08-18T01:41:10+0000 23.5
2016-08-18T01:56:25+0000 23.5
2016-08-18T02:11:40+0000 23.2
2016-08-18T02:26:54+0000 23.1
2016-08-18T02:42:09+0000 22.9
2016-08-18T02:57:24+0000 22.8
2016-08-18T03:12:38+0000 22.6
2016-08-18T03:27:53+0000 22.5
2016-08-18T03:43:07+0000 22.2
2016-08-18T03:58:22+0000 22.0
2016-08-18T04:13:37+0000 21.9
2016-08-18T04:28:51+0000 21.6
2016-08-18T04:44:06+0000 21.5
2016-08-18T04:59:21+0000 21.3
2016-08-18T05:14:36+0000 21.1
2016-08-18T05:29:51+0000 20.9
2016-08-18T05:45:05+0000 20.9
2016-08-18T06:00:20+0000 20.9
2016-08-18T06:15:35+0000 20.9
2016-08-18T06:30:50+0000 21.0
2016-08-18T06:46:05+0000 21.2
2016-08-18T07:01:19+0000 21.4
2016-08-18T07:16:34+0000 21.8
2016-08-18T07:31:49+0000 22.3
2016-08-18T07:47:04+0000 22.6
2016-08-18T08:02:19+0000 23.3
2016-08-18T08:17:33+0000 23.7
2016-08-18T08:32:48+0000 24.6
2016-08-18T08:48:02+0000 25.6
2016-08-18T09:03:17+0000 26.3
2016-08-18T09:18:32+0000 26.5
2016-08-18T09:33:46+0000 26.6
2016-08-18T09:49:01+0000 26.9
2016-08-18T10:04:15+0000 27.4
2016-08-18T10:19:29+0000 27.5
2016-08-18T10:34:44+0000 27.7
2016-08-18T10:49:58+0000 27.9
2016-08-18T11:05:13+0000 28.0
2016-08-18T11:20:27+0000 27.9
2016-08-18T11:35:41+0000 27.8
2016-08-18T11:50:56+0000 27.7
2016-08-18T12:06:10+0000 27.5
2016-08-18T12:21:25+0000 27.4
2016-08-18T12:36:39+0000 27.4
2016-08-18T12:51:53+0000 27.6
2016-08-18T13:07:08+0000 28.0
2016-08-18T13:22:22+0000 28.6
2016-08-18T13:37:37+0000 29.3
2016-08-18T13:52:51+0000 29.6
2016-08-18T14:08:05+0000 30.4
2016-08-18T14:23:19+0000 30.2
2016-08-18T14:38:34+0000 30.1
2016-08-18T14:53:48+0000 30.2
2016-08-18T15:09:02+0000 30.0
2016-08-18T15:24:16+0000 29.8
2016-08-18T15:39:31+0000 29.6
2016-08-18T15:54:45+0000 29.3
2016-08-18T16:09:59+0000 28.7
2016-08-18T16:25:13+0000 28.2
2016-08-18T16:40:28+0000 27.7
2016-08-18T16:55:42+0000 27.5
2016-08-18T17:10:57+0000 27.5
2016-08-18T17:26:11+0000 27.2
2016-08-18T17:41:25+0000 27.0
2016-08-18T17:56:40+0000 26.9
2016-08-18T18:11:54+0000 26.6
2016-08-18T18:27:09+0000 26.6
2016-08-18T18:42:23+0000 26.4
2016-08-18T18:57:37+0000 26.2
2016-08-18T19:12:52+0000 26.1
2016-08-18T19:28:06+0000 25.9
2016-08-18T19:43:21+0000 25.7
2016-08-18T19:58:36+0000 25.4
2016-08-18T20:13:50+0000 25.4
2016-08-18T20:29:05+0000 25.2
2016-08-18T20:44:19+0000 25.1
2016-08-18T20:59:34+0000 24.9
2016-08-18T21:14:48+0000 24.8
2016-08-18T21:30:03+0000 24.5
2016-08-18T21:45:17+0000 24.4
2016-08-18T22:00:32+0000 24.2
2016-08-18T22:15:47+0000 24.0
2016-08-18T22:31:01+0000 23.9
2016-08-18T22:46:16+0000 23.7
2016-08-18T23:01:31+0000 23.6
2016-08-18T23:16:45+0000 23.4
2016-08-18T23:32:00+0000 23.3
2016-08-18T23:47:15+0000 23.2
