2016-09-27T00:14:08+0000 19.1
2016-09-27T00:29:23+0000 18.9
2016-09-27T00:44:38+0000 18.8
2016-09-27T00:59:53+0000 18.7
2016-09-27T01:15:08+0000 18.6
2016-09-27T01:30:23+0000 18.5
2016-09-27T01:45:39+0000 18.5
2016-09-27T02:00:54+0000 18.4
2016-09-27T02:16:09+0000 18.4
2016-09-27T02:31:24+0000 18.2
2016-09-27T02:46:39+0000 18.3
2016-09-27T03:01:54+0000 18.3
2016-09-27T03:17:09+0000 18.2
2016-09-27T03:32:25+0000 18.2
2016-09-27T03:47:40+0000 18.1
2016-09-27T04:02:55+0000 18.1
2016-09-27T04:18:10+0000 18.1
2016-09-27T04:33:25+0000 17.9
2016-09-27T04:48:41+0000 18.0
2016-09-27T05:03:56+0000 17.9
2016-09-27T05:19:11+0000 17.9
2016-09-27T05:34:26+0000 17.9
2016-09-27T05:49:41+0000 17.9
2016-09-27T06:04:57+0000 17.7
2016-09-27T06:20:12+0000 17.7
2016-09-27T06:35:27+0000 17.7
2016-09-27T06:50:42+0000 17.5
2016-09-27T07:05:57+0000 17.6
2016-09-27T07:21:12+0000 17.6
2016-09-27T07:36:28+0000 17.6
2016-09-27T07:51:43+0000 17.7
2016-09-27T08:06:58+0000 17.8
2016-09-27T08:22:13+0000 17.9
2016-09-27T08:37:28+0000 18.2
2016-09-27T08:52:43+0000 18.3
2016-09-27T09:07:59+0000 18.6
2016-09-27T09:23:14+0000 18.9
2016-09-27T09:38:29+0000 19.4
2016-09-27T09:53:44+0000 20.3
2016-09-27T10:08:59+0000 21.1
2016-09-27T10:24:15+0000 22.2
2016-09-27T10:39:30+0000 23.0
2016-09-27T10:54:45+0000 23.8
2016-09-27T11:10:00+0000 24.5
2016-09-27T11:25:15+0000 24.9
2016-09-27T11:40:29+0000 25.5
2016-09-27T11:55:44+0000 25.8
2016-09-27T12:10:59+0000 26.3
2016-09-27T12:26:14+0000 26.5
2016-09-27T12:41:29+0000 26.3
2016-09-27T12:56:43+0000 26.4
2016-09-27T13:11:58+0000 27.0
2016-09-27T13:27:13+0000 27.6
2016-09-27T13:42:27+0000 27.7
2016-09-27T13:57:42+0000 27.6
2016-09-27T14:12:57+0000 27.7
2016-09-27T14:28:11+0000 27.7
2016-09-27T14:43:26+0000 27.9
2016-09-27T14:58:41+0000 27.9
2016-09-27T15:13:55+0000 27.9
2016-09-27T15:29:10+0000 27.9
2016-09-27T15:44:25+0000 27.7
2016-09-27T15:59:39+0000 27.7
2016-09-27T16:14:54+0000 27.6
2016-09-27T16:30:09+0000 27.6
2016-09-27T16:45:23+0000 27.5
2016-09-27T17:00:38+0000 27.3
2016-09-27T17:15:52+0000 27.1
2016-09-27T17:31:07+0000 26.8
2016-09-27T17:46:22+0000 26.5
2016-09-27T18:01:36+0000 25.9
2016-09-27T18:16:51+0000 25.4
2016-09-27T18:32:06+0000 25.1
2016-09-27T18:47:21+0000 24.7
2016-09-27T19:02:36+0000 24.2
2016-09-27T19:17:50+0000 23.9
2016-09-27T19:33:05+0000 23.4
2016-09-27T19:48:20+0000 23.0
2016-09-27T20:03:35+0000 22.8
2016-09-27T20:18:50+0000 22.4
2016-09-27T20:34:05+0000 22.1
2016-09-27T20:49:20+0000 21.8
2016-09-27T21:04:35+0000 21.6
2016-09-27T21:19:50+0000 21.4
2016-09-27T21:35:05+0000 21.1
2016-09-27T21:50:20+0000 20.9
2016-09-27T22:05:35+0000 20.7
2016-09-27T22:20:50+0000 20.4
2016-09-27T22:36:05+0000 20.2
2016-09-27T22:51:20+0000 20.0
2016-09-27T23:06:35+0000 19.8
2016-09-27T23:21:50+0000 19.6
2016-09-27T23:37:06+0000 19.4
2016-09-27T23:52:21+0000 19.3
