2016-07-27T00:05:50+0000 28.9
2016-07-27T00:21:04+0000 28.7
2016-07-27T00:36:18+0000 28.6
2016-07-27T00:51:32+0000 28.4
2016-07-27T01:06:47+0000 28.1
2016-07-27T01:22:01+0000 28.0
2016-07-27T01:37:15+0000 27.8
2016-07-27T01:52:30+0000 27.6
2016-07-27T02:07:44+0000 27.4
2016-07-27T02:22:58+0000 27.3
2016-07-27T02:38:12+0000 27.0
2016-07-27T02:53:27+0000 26.8
2016-07-27T03:08:41+0000 26.6
2016-07-27T03:23:55+0000 26.5
2016-07-27T03:39:10+0000 26.3
2016-07-27T03:54:24+0000 26.1
2016-07-27T04:09:38+0000 26.0
2016-07-27T04:24:53+0000 25.8
2016-07-27T04:40:07+0000 25.7
2016-07-27T04:55:22+0000 25.6
2016-07-27T05:10:36+0000 25.6
2016-07-27T05:25:50+0000 25.6
2016-07-27T05:41:05+0000 25.5
2016-07-27T05:56:19+0000 25.5
2016-07-27T06:11:34+0000 25.5
2016-07-27T06:26:48+0000 25.5
2016-07-27T06:42:02+0000 25.5
2016-07-27T06:57:17+0000 25.7
2016-07-27T07:12:31+0000 25.9
2016-07-27T07:27:46+0000 26.2
2016-07-27T07:43:00+0000 26.8
2016-07-27T07:58:15+0000 27.6
2016-07-27T08:13:29+0000 28.1
2016-07-27T08:28:43+0000 28.4
2016-07-27T08:43:58+0000 28.6
2016-07-27T08:59:12+0000 28.7
2016-07-27T09:14:26+0000 28.7
2016-07-27T09:29:41+0000 29.2
2016-07-27T09:44:55+0000 29.6
2016-07-27T10:00:09+0000 30.0
2016-07-27T10:15:23+0000 31.0
2016-07-27T10:30:38+0000 31.8
2016-07-27T10:45:52+0000 32.2
2016-07-27T11:01:06+0000 33.4
2016-07-27T11:16:20+0000 34.1
2016-07-27T11:31:34+0000 34.7
2016-07-27T11:46:47+0000 35.1
2016-07-27T12:02:01+0000 35.8
2016-07-27T12:17:15+0000 36.3
2016-07-27T12:32:28+0000 36.7
2016-07-27T12:47:42+0000 37.1
2016-07-27T13:02:55+0000 37.4
2016-07-27T13:18:09+0000 37.5
2016-07-27T13:33:22+0000 37.1
2016-07-27T13:48:36+0000 37.7
2016-07-27T14:03:49+0000 37.8
2016-07-27T14:19:03+0000 38.1
2016-07-27T14:34:16+0000 38.3
2016-07-27T14:49:30+0000 38.1
2016-07-27T15:04:43+0000 38.1
2016-07-27T15:19:56+0000 38.2
2016-07-27T15:35:10+0000 37.8
2016-07-27T15:50:23+0000 37.5
2016-07-27T16:05:36+0000 37.0
2016-07-27T16:20:50+0000 36.8
2016-07-27T16:36:03+0000 36.2
2016-07-27T16:51:17+0000 35.9
2016-07-27T17:06:30+0000 35.4
2016-07-27T17:21:44+0000 35.2
2016-07-27T17:36:57+0000 35.2
2016-07-27T17:52:11+0000 34.9
2016-07-27T18:07:24+0000 34.8
2016-07-27T18:22:38+0000 34.6
2016-07-27T18:37:51+0000 34.1
2016-07-27T18:53:05+0000 33.7
2016-07-27T19:08:18+0000 33.2
2016-07-27T19:23:32+0000 32.9
2016-07-27T19:38:46+0000 32.4
2016-07-27T19:54:00+0000 32.0
2016-07-27T20:09:13+0000 31.7
2016-07-27T20:24:27+0000 31.3
2016-07-27T20:39:41+0000 30.9
2016-07-27T20:54:55+0000 30.6
2016-07-27T21:10:09+0000 30.1
2016-07-27T21:25:23+0000 29.8
2016-07-27T21:40:37+0000 29.4
2016-07-27T21:55:51+0000 29.0
2016-07-27T22:11:05+0000 28.7
2016-07-27T22:26:19+0000 28.5
2016-07-27T22:41:33+0000 28.2
2016-07-27T22:56:47+0000 27.8
2016-07-27T23:12:01+0000 27.5
2016-07-27T23:27:15+0000 27.3
2016-07-27T23:42:29+0000 27.0
2016-07-27T23:57:43+0000 26.7
