2016-05-15T00:14:27+0000 15.9
2016-05-15T00:29:42+0000 15.8
2016-05-15T00:44:57+0000 15.8
2016-05-15T01:00:12+0000 15.7
2016-05-15T01:15:27+0000 15.5
2016-05-15T01:30:42+0000 15.4
2016-05-15T01:45:57+0000 15.3
2016-05-15T02:01:12+0000 15.2
2016-05-15T02:16:27+0000 15.1
2016-05-15T02:31:41+0000 15.0
2016-05-15T02:46:56+0000 14.9
2016-05-15T03:02:11+0000 14.7
2016-05-15T03:17:26+0000 14.7
2016-05-15T03:32:41+0000 14.4
2016-05-15T03:47:56+0000 14.5
2016-05-15T04:03:11+0000 14.3
2016-05-15T04:18:26+0000 14.2
2016-05-15T04:33:41+0000 14.0
2016-05-15T04:48:56+0000 13.9
2016-05-15T05:04:11+0000 13.7
2016-05-15T05:19:26+0000 13.7
2016-05-15T05:34:41+0000 13.6
2016-05-15T05:49:56+0000 13.6
2016-05-15T06:05:11+0000 13.5
2016-05-15T06:20:26+0000 13.7
2016-05-15T06:35:41+0000 13.9
2016-05-15T06:50:56+0000 14.2
2016-05-15T07:06:11+0000 14.4
2016-05-15T07:21:26+0000 14.6
2016-05-15T07:36:41+0000 15.0
2016-05-15T07:51:56+0000 15.0
2016-05-15T08:07:11+0000 15.3
2016-05-15T08:22:26+0000 15.8
2016-05-15T08:37:41+0000 16.7
2016-05-15T08:52:56+0000 17.4
2016-05-15T09:08:11+0000 17.9
2016-05-15T09:23:26+0000 18.2
2016-05-15T09:38:41+0000 18.9
2016-05-15T09:53:56+0000 19.6
2016-05-15T10:09:11+0000 20.0
2016-05-15T10:24:25+0000 19.8
2016-05-15T10:39:40+0000 19.7
2016-05-15T10:54:55+0000 19.8
2016-05-15T11:10:10+0000 19.7
2016-05-15T11:25:25+0000 19.8
2016-05-15T11:40:39+0000 19.6
2016-05-15T11:55:54+0000 19.2
2016-05-15T12:11:09+0000 19.2
2016-05-15T12:26:24+0000 19.3
2016-05-15T12:41:39+0000 19.8
2016-05-15T12:56:54+0000 20.2
2016-05-15T13:12:08+0000 20.4
2016-05-15T13:27:23+0000 20.2
2016-05-15T13:42:38+0000 20.0
2016-05-15T13:57:53+0000 20.2
2016-05-15T14:13:08+0000 20.4
2016-05-15T14:28:22+0000 20.6
2016-05-15T14:43:37+0000 20.7
2016-05-15T14:58:52+0000 20.4
2016-05-15T15:14:06+0000 20.0
2016-05-15T15:29:21+0000 19.6
2016-05-15T15:44:36+0000 19.7
2016-05-15T15:59:51+0000 19.8
2016-05-15T16:15:06+0000 19.4
2016-05-15T16:30:20+0000 19.3
2016-05-15T16:45:35+0000 19.1
2016-05-15T17:00:50+0000 19.0
2016-05-15T17:16:05+0000 18.5
2016-05-15T17:31:19+0000 18.7
2016-05-15T17:46:34+0000 18.6
2016-05-15T18:01:49+0000 18.7
2016-05-15T18:17:04+0000 18.6
2016-05-15T18:32:19+0000 18.3
2016-05-15T18:47:33+0000 17.9
2016-05-15T19:02:48+0000 17.6
2016-05-15T19:18:03+0000 17.6
2016-05-15T19:33:18+0000 17.4
2016-05-15T19:48:33+0000 17.3
2016-05-15T20:03:48+0000 17.0
2016-05-15T20:19:03+0000 16.8
2016-05-15T20:34:18+0000 16.3
2016-05-15T20:49:33+0000 16.3
2016-05-15T21:04:48+0000 16.1
2016-05-15T21:20:03+0000 15.8
2016-05-15T21:35:18+0000 15.7
2016-05-15T21:50:32+0000 15.7
2016-05-15T22:05:47+0000 15.4
2016-05-15T22:21:02+0000 15.3
2016-05-15T22:36:17+0000 15.2
2016-05-15T22:51:32+0000 15.1
2016-05-15T23:06:47+0000 15.2
2016-05-15T23:22:02+0000 14.9
2016-05-15T23:37:17+0000 14.6
2016-05-15T23:52:32+0000 14.6
