2016-06-11T00:14:43+0000 25.6
2016-06-11T00:29:58+0000 25.4
2016-06-11T00:45:12+0000 25.2
2016-06-11T01:00:26+0000 25.0
2016-06-11T01:15:41+0000 24.9
2016-06-11T01:30:55+0000 24.7
2016-06-11T01:46:09+0000 24.5
2016-06-11T02:01:24+0000 24.3
2016-06-11T02:16:38+0000 24.1
2016-06-11T02:31:53+0000 23.9
2016-06-11T02:47:07+0000 23.8
2016-06-11T03:02:22+0000 23.6
2016-06-11T03:17:36+0000 23.4
2016-06-11T03:32:51+0000 23.2
2016-06-11T03:48:05+0000 23.1
2016-06-11T04:03:19+0000 22.9
2016-06-11T04:18:34+0000 22.7
2016-06-11T04:33:48+0000 22.6
2016-06-11T04:49:03+0000 22.5
2016-06-11T05:04:18+0000 22.4
2016-06-11T05:19:32+0000 22.4
2016-06-11T05:34:47+0000 22.3
2016-06-11T05:50:01+0000 22.4
2016-06-11T06:05:16+0000 22.3
2016-06-11T06:20:30+0000 22.4
2016-06-11T06:35:45+0000 22.3
2016-06-11T06:50:59+0000 22.5
2016-06-11T07:06:14+0000 22.6
2016-06-11T07:21:28+0000 22.9
2016-06-11T07:36:43+0000 23.2
2016-06-11T07:51:57+0000 23.3
2016-06-11T08:07:12+0000 23.4
2016-06-11T08:22:26+0000 23.5
2016-06-11T08:37:41+0000 23.4
2016-06-11T08:52:55+0000 23.4
2016-06-11T09:08:10+0000 23.5
2016-06-11T09:23:24+0000 23.5
2016-06-11T09:38:39+0000 23.6
2016-06-11T09:53:53+0000 23.6
2016-06-11T10:09:08+0000 23.7
2016-06-11T10:24:22+0000 23.6
2016-06-11T10:39:37+0000 23.8
2016-06-11T10:54:51+0000 23.8
2016-06-11T11:10:06+0000 23.8
2016-06-11T11:25:20+0000 24.0
2016-06-11T11:40:35+0000 24.0
2016-06-11T11:55:49+0000 23.8
2016-06-11T12:11:04+0000 23.8
2016-06-11T12:26:18+0000 24.0
2016-06-11T12:41:33+0000 23.9
2016-06-11T12:56:47+0000 23.9
2016-06-11T13:12:02+0000 24.1
2016-06-11T13:27:16+0000 24.5
2016-06-11T13:42:31+0000 25.1
2016-06-11T13:57:45+0000 25.9
2016-06-11T14:12:59+0000 26.5
2016-06-11T14:28:14+0000 27.5
2016-06-11T14:43:28+0000 28.0
2016-06-11T14:58:42+0000 28.2
2016-06-11T15:13:57+0000 28.2
2016-06-11T15:29:11+0000 27.8
2016-06-11T15:44:25+0000 27.6
2016-06-11T15:59:39+0000 27.6
2016-06-11T16:14:53+0000 27.6
2016-06-11T16:30:08+0000 27.8
2016-06-11T16:45:22+0000 28.1
2016-06-11T17:00:36+0000 28.2
2016-06-11T17:15:50+0000 28.5
2016-06-11T17:31:05+0000 28.6
2016-06-11T17:46:19+0000 28.6
2016-06-11T18:01:33+0000 28.7
2016-06-11T18:16:47+0000 28.7
2016-06-11T18:32:02+0000 28.5
2016-06-11T18:47:16+0000 28.0
2016-06-11T19:02:30+0000 27.1
2016-06-11T19:17:44+0000 26.4
2016-06-11T19:32:58+0000 25.8
2016-06-11T19:48:13+0000 25.4
2016-06-11T20:03:27+0000 25.0
2016-06-11T20:18:41+0000 24.8
2016-06-11T20:33:56+0000 24.5
2016-06-11T20:49:10+0000 24.2
2016-06-11T21:04:25+0000 23.9
2016-06-11T21:19:39+0000 23.6
2016-06-11T21:34:54+0000 23.4
2016-06-11T21:50:08+0000 23.2
2016-06-11T22:05:23+0000 23.0
2016-06-11T22:20:37+0000 22.8
2016-06-11T22:35:52+0000 22.6
2016-06-11T22:51:06+0000 22.5
2016-06-11T23:06:21+0000 22.3
2016-06-11T23:21:35+0000 22.2
2016-06-11T23:36:50+0000 22.2
2016-06-11T23:52:05+0000 22.0
