2016-02-19T00:02:04+0000 7.5
2016-02-19T00:17:20+0000 7.5
2016-02-19T00:32:36+0000 7.5
2016-02-19T00:47:52+0000 7.6
2016-02-19T01:03:08+0000 7.4
2016-02-19T01:18:24+0000 7.5
2016-02-19T01:33:40+0000 7.4
2016-02-19T01:48:55+0000 7.5
2016-02-19T02:04:11+0000 7.5
2016-02-19T02:19:27+0000 7.3
2016-02-19T02:34:43+0000 7.4
2016-02-19T02:49:59+0000 7.5
2016-02-19T03:05:15+0000 7.3
2016-02-19T03:20:31+0000 7.2
2016-02-19T03:35:47+0000 7.2
2016-02-19T03:51:03+0000 7.3
2016-02-19T04:06:18+0000 7.2
2016-02-19T04:21:34+0000 7.2
2016-02-19T04:36:50+0000 7.2
2016-02-19T04:52:06+0000 7.1
2016-02-19T05:07:22+0000 7.2
2016-02-19T05:22:38+0000 7.1
2016-02-19T05:37:54+0000 7.2
2016-02-19T05:53:09+0000 7.2
2016-02-19T06:08:25+0000 7.2
2016-02-19T06:23:41+0000 7.1
2016-02-19T06:38:57+0000 7.2
2016-02-19T06:54:13+0000 7.1
2016-02-19T07:09:29+0000 7.2
2016-02-19T07:24:45+0000 7.1
2016-02-19T07:40:01+0000 7.5
2016-02-19T07:55:17+0000 7.3
2016-02-19T08:10:33+0000 7.4
2016-02-19T08:25:49+0000 7.3
2016-02-19T08:41:05+0000 7.5
2016-02-19T08:56:21+0000 7.5
2016-02-19T09:11:36+0000 7.6
2016-02-19T09:26:52+0000 7.8
2016-02-19T09:42:08+0000 7.9
2016-02-19T09:57:24+0000 8.0
2016-02-19T10:12:40+0000 7.7
2016-02-19T10:27:56+0000 7.5
2016-02-19T10:43:12+0000 7.5
2016-02-19T10:58:27+0000 7.9
2016-02-19T11:13:43+0000 7.8
2016-02-19T11:28:59+0000 7.5
2016-02-19T11:44:15+0000 7.6
2016-02-19T11:59:31+0000 7.6
2016-02-19T12:14:47+0000 7.5
2016-02-19T12:30:03+0000 7.5
2016-02-19T12:45:19+0000 7.5
2016-02-19T13:00:35+0000 7.5
2016-02-19T13:15:51+0000 7.4
2016-02-19T13:31:07+0000 7.3
2016-02-19T13:46:22+0000 7.4
2016-02-19T14:01:38+0000 7.5
2016-02-19T14:16:54+0000 7.3
2016-02-19T14:32:10+0000 7.4
2016-02-19T14:47:26+0000 7.6
2016-02-19T15:02:42+0000 7.7
2016-02-19T15:17:58+0000 7.5
2016-02-19T15:33:14+0000 7.8
2016-02-19T15:48:30+0000 7.8
2016-02-19T16:03:46+0000 7.9
2016-02-19T16:19:02+0000 8.1
2016-02-19T16:34:18+0000 7.8
2016-02-19T16:49:34+0000 7.6
2016-02-19T17:04:49+0000 7.5
2016-02-19T17:20:05+0000 7.6
2016-02-19T17:35:21+0000 7.5
2016-02-19T17:50:37+0000 7.3
2016-02-19T18:05:53+0000 7.1
2016-02-19T18:21:09+0000 7.0
2016-02-19T18:36:25+0000 7.1
2016-02-19T18:51:41+0000 7.0
2016-02-19T19:06:57+0000 6.7
2016-02-19T19:22:13+0000 6.5
2016-02-19T19:37:29+0000 6.5
2016-02-19T19:52:45+0000 6.4
2016-02-19T20:08:00+0000 6.5
2016-02-19T20:23:16+0000 6.3
2016-02-19T20:38:32+0000 6.2
2016-02-19T20:53:48+0000 6.1
2016-02-19T21:09:04+0000 6.1
2016-02-19T21:24:20+0000 6.0
2016-02-19T21:39:36+0000 5.9
2016-02-19T21:54:52+0000 5.8
2016-02-19T22:10:08+0000 5.7
2016-02-19T22:25:24+0000 5.6
2016-02-19T22:40:40+0000 5.6
2016-02-19T22:55:56+0000 5.5
2016-02-19T23:11:12+0000 5.3
2016-02-19T23:26:28+0000 5.1
2016-02-19T23:41:44+0000 5.0
2016-02-19T23:57:00+0000 5.1
