2016-07-09T00:10:36+0000 28.4
2016-07-09T00:25:50+0000 28.2
2016-07-09T00:41:04+0000 28.0
2016-07-09T00:56:18+0000 27.9
2016-07-09T01:11:32+0000 27.8
2016-07-09T01:26:46+0000 27.7
2016-07-09T01:42:01+0000 27.6
2016-07-09T01:57:15+0000 27.3
2016-07-09T02:12:29+0000 27.2
2016-07-09T02:27:43+0000 27.0
2016-07-09T02:42:58+0000 26.9
2016-07-09T02:58:12+0000 26.8
2016-07-09T03:13:26+0000 26.7
2016-07-09T03:28:40+0000 26.5
2016-07-09T03:43:55+0000 26.4
2016-07-09T03:59:09+0000 26.3
2016-07-09T04:14:23+0000 26.1
2016-07-09T04:29:37+0000 25.9
2016-07-09T04:44:52+0000 25.9
2016-07-09T05:00:06+0000 25.8
2016-07-09T05:15:20+0000 25.7
2016-07-09T05:30:35+0000 25.6
2016-07-09T05:45:49+0000 25.5
2016-07-09T06:01:03+0000 25.5
2016-07-09T06:16:18+0000 25.4
2016-07-09T06:31:32+0000 25.6
2016-07-09T06:46:47+0000 25.8
2016-07-09T07:02:01+0000 26.1
2016-07-09T07:17:15+0000 26.5
2016-07-09T07:32:30+0000 26.9
2016-07-09T07:47:44+0000 27.2
2016-07-09T08:02:58+0000 27.6
2016-07-09T08:18:13+0000 28.2
2016-07-09T08:33:27+0000 28.9
2016-07-09T08:48:41+0000 29.7
2016-07-09T09:03:55+0000 30.4
2016-07-09T09:19:09+0000 31.1
2016-07-09T09:34:23+0000 31.8
2016-07-09T09:49:38+0000 32.3
2016-07-09T10:04:52+0000 33.0
2016-07-09T10:20:06+0000 33.5
2016-07-09T10:35:19+0000 33.7
2016-07-09T10:50:33+0000 34.6
2016-07-09T11:05:47+0000 34.4
2016-07-09T11:21:01+0000 35.1
2016-07-09T11:36:15+0000 35.8
2016-07-09T11:51:28+0000 36.3
2016-07-09T12:06:42+0000 36.9
2016-07-09T12:21:56+0000 37.3
2016-07-09T12:37:09+0000 37.5
2016-07-09T12:52:23+0000 37.6
2016-07-09T13:07:36+0000 38.1
2016-07-09T13:22:50+0000 38.1
2016-07-09T13:38:03+0000 38.7
2016-07-09T13:53:17+0000 38.9
2016-07-09T14:08:30+0000 39.0
2016-07-09T14:23:43+0000 39.0
2016-07-09T14:38:56+0000 39.0
2016-07-09T14:54:10+0000 38.8
2016-07-09T15:09:23+0000 38.9
2016-07-09T15:24:36+0000 38.7
2016-07-09T15:39:50+0000 38.9
2016-07-09T15:55:03+0000 38.8
2016-07-09T16:10:16+0000 38.6
2016-07-09T16:25:29+0000 38.3
2016-07-09T16:40:43+0000 38.1
2016-07-09T16:55:56+0000 37.7
2016-07-09T17:11:10+0000 37.2
2016-07-09T17:26:23+0000 36.9
2016-07-09T17:41:36+0000 36.6
2016-07-09T17:56:50+0000 36.3
2016-07-09T18:12:03+0000 36.1
2016-07-09T18:27:16+0000 35.9
2016-07-09T18:42:30+0000 35.5
2016-07-09T18:57:43+0000 35.2
2016-07-09T19:12:57+0000 34.7
2016-07-09T19:28:10+0000 34.3
2016-07-09T19:43:24+0000 33.9
2016-07-09T19:58:37+0000 33.5
2016-07-09T20:13:51+0000 33.1
2016-07-09T20:29:04+0000 32.7
2016-07-09T20:44:18+0000 32.3
2016-07-09T20:59:32+0000 31.9
2016-07-09T21:14:45+0000 31.3
2016-07-09T21:29:59+0000 31.1
2016-07-09T21:45:13+0000 30.7
2016-07-09T22:00:27+0000 30.4
2016-07-09T22:15:41+0000 30.0
2016-07-09T22:30:54+0000 29.6
2016-07-09T22:46:08+0000 29.2
2016-07-09T23:01:22+0000 28.8
2016-07-09T23:16:36+0000 28.6
2016-07-09T23:31:50+0000 28.3
2016-07-09T23:47:04+0000 28.0
