2016-06-06T00:08:49+0000 24.6
2016-06-06T00:24:03+0000 24.4
2016-06-06T00:39:18+0000 24.1
2016-06-06T00:54:32+0000 23.8
2016-06-06T01:09:47+0000 23.5
2016-06-06T01:25:01+0000 23.3
2016-06-06T01:40:16+0000 23.1
2016-06-06T01:55:30+0000 22.9
2016-06-06T02:10:45+0000 22.7
2016-06-06T02:25:59+0000 22.5
2016-06-06T02:41:14+0000 22.4
2016-06-06T02:56:28+0000 22.3
2016-06-06T03:11:42+0000 22.0
2016-06-06T03:26:57+0000 21.9
2016-06-06T03:42:12+0000 21.7
2016-06-06T03:57:26+0000 21.5
2016-06-06T04:12:41+0000 21.3
2016-06-06T04:27:55+0000 21.4
2016-06-06T04:43:10+0000 21.3
2016-06-06T04:58:25+0000 21.2
2016-06-06T05:13:39+0000 21.1
2016-06-06T05:28:54+0000 21.2
2016-06-06T05:44:08+0000 21.1
2016-06-06T05:59:23+0000 21.4
2016-06-06T06:14:38+0000 21.4
2016-06-06T06:29:52+0000 21.5
2016-06-06T06:45:07+0000 21.7
2016-06-06T07:00:21+0000 21.9
2016-06-06T07:15:36+0000 22.5
2016-06-06T07:30:51+0000 23.0
2016-06-06T07:46:05+0000 23.6
2016-06-06T08:01:20+0000 24.4
2016-06-06T08:16:34+0000 25.3
2016-06-06T08:31:49+0000 26.2
2016-06-06T08:47:03+0000 27.0
2016-06-06T09:02:17+0000 28.0
2016-06-06T09:17:32+0000 28.9
2016-06-06T09:32:46+0000 30.0
2016-06-06T09:48:00+0000 31.1
2016-06-06T10:03:14+0000 31.8
2016-06-06T10:18:28+0000 32.8
2016-06-06T10:33:42+0000 33.7
2016-06-06T10:48:55+0000 34.5
2016-06-06T11:04:09+0000 35.2
2016-06-06T11:19:23+0000 35.9
2016-06-06T11:34:36+0000 36.6
2016-06-06T11:49:50+0000 37.2
2016-06-06T12:05:03+0000 37.8
2016-06-06T12:20:17+0000 38.2
2016-06-06T12:35:30+0000 38.7
2016-06-06T12:50:43+0000 39.0
2016-06-06T13:05:57+0000 39.1
2016-06-06T13:21:10+0000 39.5
2016-06-06T13:36:23+0000 39.6
2016-06-06T13:51:36+0000 39.7
2016-06-06T14:06:49+0000 39.6
2016-06-06T14:22:03+0000 39.6
2016-06-06T14:37:16+0000 39.4
2016-06-06T14:52:29+0000 39.5
2016-06-06T15:07:42+0000 39.5
2016-06-06T15:22:56+0000 39.5
2016-06-06T15:38:09+0000 39.5
2016-06-06T15:53:22+0000 39.3
2016-06-06T16:08:36+0000 39.2
2016-06-06T16:23:49+0000 39.1
2016-06-06T16:39:02+0000 38.8
2016-06-06T16:54:15+0000 38.5
2016-06-06T17:09:29+0000 38.3
2016-06-06T17:24:42+0000 38.1
2016-06-06T17:39:55+0000 37.8
2016-06-06T17:55:09+0000 37.4
2016-06-06T18:10:22+0000 37.1
2016-06-06T18:25:36+0000 36.9
2016-06-06T18:40:49+0000 36.6
2016-06-06T18:56:03+0000 36.2
2016-06-06T19:11:16+0000 35.8
2016-06-06T19:26:30+0000 35.5
2016-06-06T19:41:43+0000 35.0
2016-06-06T19:56:57+0000 34.4
2016-06-06T20:12:10+0000 33.9
2016-06-06T20:27:24+0000 33.3
2016-06-06T20:42:37+0000 32.7
2016-06-06T20:57:51+0000 32.3
2016-06-06T21:13:05+0000 31.9
2016-06-06T21:28:19+0000 31.4
2016-06-06T21:43:32+0000 30.9
2016-06-06T21:58:46+0000 30.5
2016-06-06T22:14:00+0000 29.9
2016-06-06T22:29:14+0000 29.7
2016-06-06T22:44:28+0000 29.3
2016-06-06T22:59:42+0000 28.9
2016-06-06T23:14:56+0000 28.5
2016-06-06T23:30:11+0000 28.2
2016-06-06T23:45:25+0000 27.9
