2016-01-27T00:15:09+0000 11.8
2016-01-27T00:30:25+0000 11.7
2016-01-27T00:45:41+0000 11.7
2016-01-27T01:00:56+0000 11.7
2016-01-27T01:16:12+0000 11.7
2016-01-27T01:31:27+0000 11.6
2016-01-27T01:46:43+0000 11.6
2016-01-27T02:01:59+0000 11.6
2016-01-27T02:17:14+0000 11.8
2016-01-27T02:32:30+0000 11.6
2016-01-27T02:47:46+0000 11.7
2016-01-27T03:03:01+0000 11.8
2016-01-27T03:18:17+0000 11.8
2016-01-27T03:33:33+0000 11.8
2016-01-27T03:48:48+0000 12.0
2016-01-27T04:04:04+0000 11.9
2016-01-27T04:19:19+0000 11.9
2016-01-27T04:34:35+0000 12.0
2016-01-27T04:49:51+0000 12.2
2016-01-27T05:05:06+0000 12.1
2016-01-27T05:20:22+0000 12.1
2016-01-27T05:35:38+0000 12.2
2016-01-27T05:50:53+0000 12.3
2016-01-27T06:06:09+0000 12.4
2016-01-27T06:21:25+0000 12.3
2016-01-27T06:36:40+0000 12.3
2016-01-27T06:51:56+0000 12.2
2016-01-27T07:07:12+0000 12.4
2016-01-27T07:22:27+0000 12.5
2016-01-27T07:37:43+0000 12.5
2016-01-27T07:52:58+0000 12.4
2016-01-27T08:08:14+0000 12.4
2016-01-27T08:23:30+0000 12.3
2016-01-27T08:38:45+0000 12.5
2016-01-27T08:54:00+0000 12.5
2016-01-27T09:09:16+0000 12.7
2016-01-27T09:24:31+0000 12.8
2016-01-27T09:39:47+0000 12.9
2016-01-27T09:55:02+0000 13.1
2016-01-27T10:10:18+0000 13.0
2016-01-27T10:25:33+0000 13.4
2016-01-27T10:40:49+0000 13.5
2016-01-27T10:56:05+0000 13.5
2016-01-27T11:11:20+0000 13.8
2016-01-27T11:26:36+0000 14.1
2016-01-27T11:41:51+0000 14.0
2016-01-27T11:57:07+0000 14.4
2016-01-27T12:12:22+0000 14.3
2016-01-27T12:27:38+0000 14.4
2016-01-27T12:42:53+0000 14.5
2016-01-27T12:58:09+0000 14.6
2016-01-27T13:13:24+0000 14.9
2016-01-27T13:28:40+0000 15.0
2016-01-27T13:43:55+0000 15.1
2016-01-27T13:59:11+0000 15.0
2016-01-27T14:14:26+0000 15.1
2016-01-27T14:29:42+0000 15.3
2016-01-27T14:44:57+0000 15.3
2016-01-27T15:00:13+0000 15.4
2016-01-27T15:15:28+0000 15.4
2016-01-27T15:30:44+0000 15.5
2016-01-27T15:45:59+0000 15.5
2016-01-27T16:01:15+0000 15.3
2016-01-27T16:16:30+0000 15.4
2016-01-27T16:31:46+0000 15.2
2016-01-27T16:47:01+0000 15.2
2016-01-27T17:02:17+0000 15.1
2016-01-27T17:17:33+0000 15.1
2016-01-27T17:32:48+0000 15.0
2016-01-27T17:48:04+0000 15.0
2016-01-27T18:03:19+0000 14.9
2016-01-27T18:18:35+0000 14.9
2016-01-27T18:33:50+0000 14.9
2016-01-27T18:49:06+0000 14.9
2016-01-27T19:04:21+0000 14.8
2016-01-27T19:19:37+0000 14.8
2016-01-27T19:34:53+0000 14.8
2016-01-27T19:50:08+0000 14.7
2016-01-27T20:05:23+0000 14.7
2016-01-27T20:20:39+0000 14.7
2016-01-27T20:35:55+0000 14.7
2016-01-27T20:51:10+0000 14.7
2016-01-27T21:06:26+0000 14.6
2016-01-27T21:21:41+0000 14.6
2016-01-27T21:36:57+0000 14.5
2016-01-27T21:52:12+0000 14.6
2016-01-27T22:07:28+0000 14.5
2016-01-27T22:22:43+0000 14.5
2016-01-27T22:37:59+0000 14.6
2016-01-27T22:53:15+0000 14.6
2016-01-27T23:08:30+0000 14.4
2016-01-27T23:23:46+0000 14.2
2016-01-27T23:39:01+0000 14.0
2016-01-27T23:54:17+0000 13.9
