2016-10-03T00:07:03+0000 16.1
2016-10-03T00:22:18+0000 16.1
2016-10-03T00:37:33+0000 15.9
2016-10-03T00:52:49+0000 15.9
2016-10-03T01:08:04+0000 15.8
2016-10-03T01:23:19+0000 15.7
2016-10-03T01:38:35+0000 15.5
2016-10-03T01:53:50+0000 15.3
2016-10-03T02:09:05+0000 15.2
2016-10-03T02:24:20+0000 15.2
2016-10-03T02:39:36+0000 15.1
2016-10-03T02:54:51+0000 15.0
2016-10-03T03:10:07+0000 15.0
2016-10-03T03:25:22+0000 14.9
2016-10-03T03:40:38+0000 14.8
2016-10-03T03:55:53+0000 14.6
2016-10-03T04:11:08+0000 14.6
2016-10-03T04:26:24+0000 14.6
2016-10-03T04:41:39+0000 14.5
2016-10-03T04:56:55+0000 14.4
2016-10-03T05:12:10+0000 14.4
2016-10-03T05:27:25+0000 14.3
2016-10-03T05:42:41+0000 14.2
2016-10-03T05:57:56+0000 14.1
2016-10-03T06:13:12+0000 14.2
2016-10-03T06:28:27+0000 13.9
2016-10-03T06:43:42+0000 13.8
2016-10-03T06:58:58+0000 13.8
2016-10-03T07:14:13+0000 13.9
2016-10-03T07:29:29+0000 14.2
2016-10-03T07:44:44+0000 14.6
2016-10-03T08:00:00+0000 15.0
2016-10-03T08:15:15+0000 15.1
2016-10-03T08:30:30+0000 15.4
2016-10-03T08:45:46+0000 15.5
2016-10-03T09:01:01+0000 15.5
2016-10-03T09:16:17+0000 15.8
2016-10-03T09:31:32+0000 16.4
2016-10-03T09:46:47+0000 16.6
2016-10-03T10:02:03+0000 16.9
2016-10-03T10:17:18+0000 17.1
2016-10-03T10:32:33+0000 17.3
2016-10-03T10:47:48+0000 17.5
2016-10-03T11:03:04+0000 17.4
2016-10-03T11:18:19+0000 17.2
2016-10-03T11:33:34+0000 17.1
2016-10-03T11:48:50+0000 17.0
2016-10-03T12:04:05+0000 16.9
2016-10-03T12:19:21+0000 16.9
2016-10-03T12:34:36+0000 16.7
2016-10-03T12:49:51+0000 16.7
2016-10-03T13:05:07+0000 16.5
2016-10-03T13:20:22+0000 16.4
2016-10-03T13:35:38+0000 16.4
2016-10-03T13:50:53+0000 16.3
2016-10-03T14:06:09+0000 16.2
2016-10-03T14:21:24+0000 16.4
2016-10-03T14:36:39+0000 16.2
2016-10-03T14:51:55+0000 16.2
2016-10-03T15:07:10+0000 16.1
2016-10-03T15:22:26+0000 16.3
2016-10-03T15:37:41+0000 16.3
2016-10-03T15:52:56+0000 16.4
2016-10-03T16:08:12+0000 16.4
2016-10-03T16:23:27+0000 16.4
2016-10-03T16:38:42+0000 16.6
2016-10-03T16:53:58+0000 16.6
2016-10-03T17:09:13+0000 16.6
2016-10-03T17:24:29+0000 16.5
2016-10-03T17:39:44+0000 16.5
2016-10-03T17:55:00+0000 16.3
2016-10-03T18:10:15+0000 16.4
2016-10-03T18:25:31+0000 16.3
2016-10-03T18:40:46+0000 16.3
2016-10-03T18:56:01+0000 16.2
2016-10-03T19:11:17+0000 16.2
2016-10-03T19:26:32+0000 16.1
2016-10-03T19:41:48+0000 16.0
2016-10-03T19:57:03+0000 15.8
2016-10-03T20:12:19+0000 15.8
2016-10-03T20:27:34+0000 15.8
2016-10-03T20:42:49+0000 15.5
2016-10-03T20:58:05+0000 15.3
2016-10-03T21:13:20+0000 15.3
2016-10-03T21:28:36+0000 15.2
2016-10-03T21:43:51+0000 15.2
2016-10-03T21:59:07+0000 15.1
2016-10-03T22:14:23+0000 15.0
2016-10-03T22:29:38+0000 15.0
2016-10-03T22:44:54+0000 15.0
2016-10-03T23:00:09+0000 14.9
2016-10-03T23:15:25+0000 14.7
2016-10-03T23:30:40+0000 14.8
2016-10-03T23:45:56+0000 14.6
