2016-09-28T00:07:36+0000 19.0
2016-09-28T00:22:51+0000 18.8
2016-09-28T00:38:06+0000 18.7
2016-09-28T00:53:21+0000 18.5
2016-09-28T01:08:37+0000 18.4
2016-09-28T01:23:52+0000 18.1
2016-09-28T01:39:07+0000 18.0
2016-09-28T01:54:22+0000 17.9
2016-09-28T02:09:38+0000 17.7
2016-09-28T02:24:53+0000 17.5
2016-09-28T02:40:08+0000 17.4
2016-09-28T02:55:23+0000 17.2
2016-09-28T03:10:39+0000 17.1
2016-09-28T03:25:54+0000 17.0
2016-09-28T03:41:09+0000 16.9
2016-09-28T03:56:25+0000 16.7
2016-09-28T04:11:40+0000 16.6
2016-09-28T04:26:55+0000 16.5
2016-09-28T04:42:11+0000 16.3
2016-09-28T04:57:26+0000 16.3
2016-09-28T05:12:41+0000 16.1
2016-09-28T05:27:57+0000 16.0
2016-09-28T05:43:12+0000 15.9
2016-09-28T05:58:27+0000 15.8
2016-09-28T06:13:43+0000 15.7
2016-09-28T06:28:58+0000 15.6
2016-09-28T06:44:14+0000 15.6
2016-09-28T06:59:29+0000 15.7
2016-09-28T07:14:44+0000 15.8
2016-09-28T07:30:00+0000 16.1
2016-09-28T07:45:15+0000 16.4
2016-09-28T08:00:31+0000 16.5
2016-09-28T08:15:46+0000 16.9
2016-09-28T08:31:01+0000 17.4
2016-09-28T08:46:17+0000 17.8
2016-09-28T09:01:32+0000 18.7
2016-09-28T09:16:47+0000 19.4
2016-09-28T09:32:03+0000 20.3
2016-09-28T09:47:18+0000 21.1
2016-09-28T10:02:33+0000 21.4
2016-09-28T10:17:48+0000 21.9
2016-09-28T10:33:03+0000 22.5
2016-09-28T10:48:18+0000 23.0
2016-09-28T11:03:33+0000 23.6
2016-09-28T11:18:48+0000 24.3
2016-09-28T11:34:03+0000 24.8
2016-09-28T11:49:18+0000 25.2
2016-09-28T12:04:33+0000 25.5
2016-09-28T12:19:48+0000 26.3
2016-09-28T12:35:03+0000 25.9
2016-09-28T12:50:18+0000 26.5
2016-09-28T13:05:33+0000 26.9
2016-09-28T13:20:47+0000 26.7
2016-09-28T13:36:02+0000 27.2
2016-09-28T13:51:17+0000 27.1
2016-09-28T14:06:32+0000 27.1
2016-09-28T14:21:46+0000 27.1
2016-09-28T14:37:01+0000 27.1
2016-09-28T14:52:16+0000 27.1
2016-09-28T15:07:31+0000 27.2
2016-09-28T15:22:45+0000 27.1
2016-09-28T15:38:00+0000 27.0
2016-09-28T15:53:15+0000 26.9
2016-09-28T16:08:29+0000 26.7
2016-09-28T16:23:44+0000 26.4
2016-09-28T16:38:59+0000 26.1
2016-09-28T16:54:14+0000 25.9
2016-09-28T17:09:28+0000 25.6
2016-09-28T17:24:43+0000 25.4
2016-09-28T17:39:58+0000 25.1
2016-09-28T17:55:13+0000 24.8
2016-09-28T18:10:27+0000 24.4
2016-09-28T18:25:42+0000 24.1
2016-09-28T18:40:57+0000 23.7
2016-09-28T18:56:12+0000 23.5
2016-09-28T19:11:27+0000 23.2
2016-09-28T19:26:42+0000 22.8
2016-09-28T19:41:57+0000 22.6
2016-09-28T19:57:12+0000 22.3
2016-09-28T20:12:27+0000 22.0
2016-09-28T20:27:42+0000 21.8
2016-09-28T20:42:57+0000 21.5
2016-09-28T20:58:12+0000 21.3
2016-09-28T21:13:27+0000 21.1
2016-09-28T21:28:42+0000 20.9
2016-09-28T21:43:57+0000 20.7
2016-09-28T21:59:12+0000 20.3
2016-09-28T22:14:27+0000 20.2
2016-09-28T22:29:42+0000 20.0
2016-09-28T22:44:57+0000 19.8
2016-09-28T23:00:12+0000 19.6
2016-09-28T23:15:27+0000 19.5
2016-09-28T23:30:43+0000 19.3
2016-09-28T23:45:58+0000 19.2
