2016-03-02T00:13:46+0000 9.0
2016-03-02T00:29:01+0000 8.9
2016-03-02T00:44:17+0000 8.9
2016-03-02T00:59:33+0000 8.9
2016-03-02T01:14:48+0000 9.0
2016-03-02T01:30:04+0000 8.9
2016-03-02T01:45:20+0000 9.0
2016-03-02T02:00:36+0000 8.8
2016-03-02T02:15:51+0000 9.0
2016-03-02T02:31:07+0000 8.8
2016-03-02T02:46:23+0000 8.8
2016-03-02T03:01:38+0000 9.0
2016-03-02T03:16:54+0000 9.0
2016-03-02T03:32:10+0000 8.8
2016-03-02T03:47:25+0000 8.8
2016-03-02T04:02:41+0000 9.0
2016-03-02T04:17:57+0000 8.8
2016-03-02T04:33:12+0000 8.9
2016-03-02T04:48:28+0000 8.9
2016-03-02T05:03:44+0000 9.0
2016-03-02T05:19:00+0000 8.9
2016-03-02T05:34:15+0000 9.4
2016-03-02T05:49:31+0000 9.1
2016-03-02T06:04:47+0000 9.0
2016-03-02T06:20:03+0000 9.2
2016-03-02T06:35:18+0000 9.3
2016-03-02T06:50:34+0000 9.5
2016-03-02T07:05:50+0000 9.6
2016-03-02T07:21:05+0000 9.8
2016-03-02T07:36:21+0000 9.8
2016-03-02T07:51:37+0000 9.9
2016-03-02T08:06:52+0000 9.6
2016-03-02T08:22:08+0000 9.8
2016-03-02T08:37:24+0000 9.6
2016-03-02T08:52:39+0000 9.9
2016-03-02T09:07:55+0000 9.9
2016-03-02T09:23:10+0000 9.8
2016-03-02T09:38:26+0000 10.0
2016-03-02T09:53:42+0000 10.1
2016-03-02T10:08:57+0000 10.2
2016-03-02T10:24:13+0000 10.2
2016-03-02T10:39:29+0000 10.3
2016-03-02T10:54:44+0000 10.3
2016-03-02T11:10:00+0000 10.5
2016-03-02T11:25:15+0000 10.2
2016-03-02T11:40:31+0000 10.2
2016-03-02T11:55:47+0000 10.5
2016-03-02T12:11:02+0000 10.6
2016-03-02T12:26:18+0000 10.1
2016-03-02T12:41:34+0000 10.2
2016-03-02T12:56:49+0000 10.2
2016-03-02T13:12:05+0000 10.1
2016-03-02T13:27:21+0000 10.0
2016-03-02T13:42:36+0000 10.2
2016-03-02T13:57:52+0000 9.8
2016-03-02T14:13:07+0000 9.6
2016-03-02T14:28:23+0000 9.5
2016-03-02T14:43:39+0000 9.3
2016-03-02T14:58:54+0000 9.7
2016-03-02T15:14:10+0000 9.9
2016-03-02T15:29:25+0000 9.7
2016-03-02T15:44:41+0000 9.5
2016-03-02T15:59:57+0000 9.3
2016-03-02T16:15:12+0000 9.3
2016-03-02T16:30:28+0000 9.3
2016-03-02T16:45:43+0000 9.7
2016-03-02T17:00:59+0000 9.6
2016-03-02T17:16:14+0000 9.6
2016-03-02T17:31:30+0000 9.6
2016-03-02T17:46:45+0000 9.1
2016-03-02T18:02:01+0000 9.0
2016-03-02T18:17:16+0000 8.9
2016-03-02T18:32:32+0000 8.8
2016-03-02T18:47:48+0000 8.6
2016-03-02T19:03:03+0000 8.5
2016-03-02T19:18:19+0000 8.6
2016-03-02T19:33:34+0000 8.4
2016-03-02T19:48:50+0000 8.2
2016-03-02T20:04:06+0000 7.9
2016-03-02T20:19:21+0000 8.0
2016-03-02T20:34:37+0000 7.9
2016-03-02T20:49:53+0000 7.8
2016-03-02T21:05:08+0000 7.8
2016-03-02T21:20:24+0000 7.7
2016-03-02T21:35:40+0000 7.5
2016-03-02T21:50:56+0000 7.6
2016-03-02T22:06:11+0000 7.4
2016-03-02T22:21:27+0000 7.5
2016-03-02T22:36:43+0000 7.2
2016-03-02T22:51:58+0000 7.5
2016-03-02T23:07:14+0000 7.2
2016-03-02T23:22:30+0000 7.1
2016-03-02T23:37:45+0000 7.2
2016-03-02T23:53:01+0000 7.1
