2016-02-15T00:07:25+0000 9.4
2016-02-15T00:22:41+0000 9.6
2016-02-15T00:37:57+0000 9.6
2016-02-15T00:53:13+0000 9.6
2016-02-15T01:08:28+0000 9.5
2016-02-15T01:23:44+0000 9.6
2016-02-15T01:39:00+0000 9.3
2016-02-15T01:54:16+0000 9.5
2016-02-15T02:09:32+0000 9.1
2016-02-15T02:24:47+0000 9.1
2016-02-15T02:40:03+0000 9.2
2016-02-15T02:55:19+0000 9.1
2016-02-15T03:10:35+0000 9.1
2016-02-15T03:25:50+0000 9.1
2016-02-15T03:41:06+0000 8.9
2016-02-15T03:56:22+0000 9.0
2016-02-15T04:11:38+0000 8.8
2016-02-15T04:26:53+0000 8.8
2016-02-15T04:42:09+0000 8.7
2016-02-15T04:57:25+0000 8.8
2016-02-15T05:12:41+0000 8.7
2016-02-15T05:27:56+0000 8.8
2016-02-15T05:43:12+0000 8.7
2016-02-15T05:58:28+0000 8.6
2016-02-15T06:13:43+0000 8.6
2016-02-15T06:28:59+0000 8.8
2016-02-15T06:44:15+0000 8.7
2016-02-15T06:59:30+0000 8.7
2016-02-15T07:14:46+0000 8.8
2016-02-15T07:30:02+0000 8.8
2016-02-15T07:45:18+0000 8.9
2016-02-15T08:00:34+0000 8.9
2016-02-15T08:15:49+0000 9.0
2016-02-15T08:31:05+0000 8.8
2016-02-15T08:46:21+0000 8.8
2016-02-15T09:01:37+0000 8.8
2016-02-15T09:16:53+0000 8.9
2016-02-15T09:32:09+0000 8.7
2016-02-15T09:47:24+0000 8.9
2016-02-15T10:02:40+0000 8.9
2016-02-15T10:17:56+0000 9.1
2016-02-15T10:33:12+0000 9.0
2016-02-15T10:48:28+0000 9.1
2016-02-15T11:03:43+0000 9.1
2016-02-15T11:18:59+0000 9.1
2016-02-15T11:34:15+0000 9.2
2016-02-15T11:49:31+0000 8.8
2016-02-15T12:04:47+0000 9.1
2016-02-15T12:20:02+0000 9.1
2016-02-15T12:35:18+0000 9.0
2016-02-15T12:50:34+0000 9.5
2016-02-15T13:05:50+0000 9.7
2016-02-15T13:21:06+0000 9.9
2016-02-15T13:36:22+0000 9.2
2016-02-15T13:51:37+0000 9.3
2016-02-15T14:06:53+0000 9.6
2016-02-15T14:22:09+0000 9.5
2016-02-15T14:37:25+0000 9.6
2016-02-15T14:52:41+0000 9.6
2016-02-15T15:07:57+0000 9.5
2016-02-15T15:23:12+0000 9.6
2016-02-15T15:38:28+0000 9.5
2016-02-15T15:53:44+0000 9.5
2016-02-15T16:09:00+0000 9.5
2016-02-15T16:24:16+0000 9.2
2016-02-15T16:39:31+0000 9.3
2016-02-15T16:54:47+0000 9.2
2016-02-15T17:10:03+0000 9.2
2016-02-15T17:25:19+0000 9.1
2016-02-15T17:40:35+0000 8.9
2016-02-15T17:55:51+0000 8.9
2016-02-15T18:11:07+0000 9.1
2016-02-15T18:26:22+0000 9.0
2016-02-15T18:41:38+0000 9.1
2016-02-15T18:56:54+0000 8.9
2016-02-15T19:12:10+0000 9.1
2016-02-15T19:27:26+0000 9.0
2016-02-15T19:42:41+0000 8.7
2016-02-15T19:57:57+0000 8.7
2016-02-15T20:13:13+0000 8.8
2016-02-15T20:28:29+0000 8.8
2016-02-15T20:43:45+0000 8.7
2016-02-15T20:59:01+0000 8.8
2016-02-15T21:14:16+0000 8.8
2016-02-15T21:29:32+0000 8.6
2016-02-15T21:44:48+0000 8.4
2016-02-15T22:00:04+0000 8.3
2016-02-15T22:15:20+0000 8.5
2016-02-15T22:30:36+0000 8.3
2016-02-15T22:45:52+0000 8.4
2016-02-15T23:01:08+0000 8.4
2016-02-15T23:16:24+0000 8.2
2016-02-15T23:31:39+0000 8.3
2016-02-15T23:46:55+0000 8.2
