2016-05-19T00:03:02+0000 18.9
2016-05-19T00:18:17+0000 18.7
2016-05-19T00:33:32+0000 18.7
2016-05-19T00:48:46+0000 18.5
2016-05-19T01:04:01+0000 18.4
2016-05-19T01:19:16+0000 18.3
2016-05-19T01:34:31+0000 18.1
2016-05-19T01:49:46+0000 18.1
2016-05-19T02:05:01+0000 17.8
2016-05-19T02:20:15+0000 17.6
2016-05-19T02:35:30+0000 17.6
2016-05-19T02:50:45+0000 17.4
2016-05-19T03:06:00+0000 17.2
2016-05-19T03:21:15+0000 17.1
2016-05-19T03:36:30+0000 17.1
2016-05-19T03:51:44+0000 16.9
2016-05-19T04:06:59+0000 16.7
2016-05-19T04:22:14+0000 16.6
2016-05-19T04:37:29+0000 16.5
2016-05-19T04:52:44+0000 16.4
2016-05-19T05:07:59+0000 16.3
2016-05-19T05:23:14+0000 16.3
2016-05-19T05:38:29+0000 16.2
2016-05-19T05:53:44+0000 16.1
2016-05-19T06:08:59+0000 16.1
2016-05-19T06:24:14+0000 16.1
2016-05-19T06:39:29+0000 16.2
2016-05-19T06:54:44+0000 16.5
2016-05-19T07:09:58+0000 16.4
2016-05-19T07:25:13+0000 16.5
2016-05-19T07:40:28+0000 16.8
2016-05-19T07:55:43+0000 17.1
2016-05-19T08:10:58+0000 17.5
2016-05-19T08:26:13+0000 17.9
2016-05-19T08:41:28+0000 18.0
2016-05-19T08:56:43+0000 17.9
2016-05-19T09:11:58+0000 17.9
2016-05-19T09:27:13+0000 18.4
2016-05-19T09:42:28+0000 18.5
2016-05-19T09:57:43+0000 18.8
2016-05-19T10:12:58+0000 19.5
2016-05-19T10:28:12+0000 19.9
2016-05-19T10:43:27+0000 20.4
2016-05-19T10:58:42+0000 20.6
2016-05-19T11:13:57+0000 21.1
2016-05-19T11:29:11+0000 21.2
2016-05-19T11:44:26+0000 21.4
2016-05-19T11:59:41+0000 21.5
2016-05-19T12:14:55+0000 21.4
2016-05-19T12:30:10+0000 21.1
2016-05-19T12:45:25+0000 21.2
2016-05-19T13:00:39+0000 21.3
2016-05-19T13:15:54+0000 21.5
2016-05-19T13:31:09+0000 21.9
2016-05-19T13:46:23+0000 22.0
2016-05-19T14:01:38+0000 22.2
2016-05-19T14:16:52+0000 22.3
2016-05-19T14:32:07+0000 22.1
2016-05-19T14:47:22+0000 22.2
2016-05-19T15:02:36+0000 22.3
2016-05-19T15:17:51+0000 22.4
2016-05-19T15:33:05+0000 22.5
2016-05-19T15:48:20+0000 22.8
2016-05-19T16:03:35+0000 22.7
2016-05-19T16:18:49+0000 22.5
2016-05-19T16:34:04+0000 22.5
2016-05-19T16:49:18+0000 22.7
2016-05-19T17:04:33+0000 22.6
2016-05-19T17:19:47+0000 22.9
2016-05-19T17:35:02+0000 22.9
2016-05-19T17:50:17+0000 22.7
2016-05-19T18:05:31+0000 22.6
2016-05-19T18:20:46+0000 22.5
2016-05-19T18:36:01+0000 22.3
2016-05-19T18:51:15+0000 22.2
2016-05-19T19:06:30+0000 22.0
2016-05-19T19:21:45+0000 21.8
2016-05-19T19:36:59+0000 21.6
2016-05-19T19:52:14+0000 21.2
2016-05-19T20:07:29+0000 20.6
2016-05-19T20:22:43+0000 20.4
2016-05-19T20:37:58+0000 20.0
2016-05-19T20:53:13+0000 19.8
2016-05-19T21:08:28+0000 19.5
2016-05-19T21:23:42+0000 19.1
2016-05-19T21:38:57+0000 18.8
2016-05-19T21:54:12+0000 18.5
2016-05-19T22:09:27+0000 18.4
2016-05-19T22:24:42+0000 18.0
2016-05-19T22:39:57+0000 17.8
2016-05-19T22:55:11+0000 17.6
2016-05-19T23:10:26+0000 17.3
2016-05-19T23:25:41+0000 17.0
2016-05-19T23:40:56+0000 16.8
2016-05-19T23:56:11+0000 16.6
