2016-01-07T00:10:06+0000 8.6
2016-01-07T00:25:22+0000 8.6
2016-01-07T00:40:37+0000 8.7
2016-01-07T00:55:53+0000 8.6
2016-01-07T01:11:09+0000 8.6
2016-01-07T01:26:25+0000 8.6
2016-01-07T01:41:40+0000 8.7
2016-01-07T01:56:56+0000 8.6
2016-01-07T02:12:12+0000 8.3
2016-01-07T02:27:28+0000 8.2
2016-01-07T02:42:44+0000 8.2
2016-01-07T02:58:00+0000 8.2
2016-01-07T03:13:15+0000 8.3
2016-01-07T03:28:31+0000 8.3
2016-01-07T03:43:47+0000 8.3
2016-01-07T03:59:03+0000 8.1
2016-01-07T04:14:19+0000 8.0
2016-01-07T04:29:34+0000 7.9
2016-01-07T04:44:50+0000 7.9
2016-01-07T05:00:06+0000 7.8
2016-01-07T05:15:22+0000 7.7
2016-01-07T05:30:38+0000 7.6
2016-01-07T05:45:54+0000 7.5
2016-01-07T06:01:09+0000 7.4
2016-01-07T06:16:25+0000 7.3
2016-01-07T06:31:41+0000 7.2
2016-01-07T06:46:57+0000 7.1
2016-01-07T07:02:13+0000 7.1
2016-01-07T07:17:28+0000 6.9
2016-01-07T07:32:44+0000 6.9
2016-01-07T07:48:00+0000 6.9
2016-01-07T08:03:16+0000 6.9
2016-01-07T08:18:32+0000 6.9
2016-01-07T08:33:48+0000 6.8
2016-01-07T08:49:03+0000 6.8
2016-01-07T09:04:19+0000 7.2
2016-01-07T09:19:35+0000 7.3
2016-01-07T09:34:51+0000 7.3
2016-01-07T09:50:07+0000 7.8
2016-01-07T10:05:23+0000 8.1
2016-01-07T10:20:38+0000 8.5
2016-01-07T10:35:54+0000 8.6
2016-01-07T10:51:10+0000 8.9
2016-01-07T11:06:26+0000 8.9
2016-01-07T11:21:42+0000 9.1
2016-01-07T11:36:58+0000 9.2
2016-01-07T11:52:13+0000 9.5
2016-01-07T12:07:29+0000 9.2
2016-01-07T12:22:45+0000 9.3
2016-01-07T12:38:01+0000 9.5
2016-01-07T12:53:17+0000 9.4
2016-01-07T13:08:33+0000 9.3
2016-01-07T13:23:49+0000 9.3
2016-01-07T13:39:04+0000 9.2
2016-01-07T13:54:20+0000 9.2
2016-01-07T14:09:36+0000 9.3
2016-01-07T14:24:52+0000 9.0
2016-01-07T14:40:08+0000 9.2
2016-01-07T14:55:24+0000 9.5
2016-01-07T15:10:39+0000 9.5
2016-01-07T15:25:55+0000 9.3
2016-01-07T15:41:11+0000 9.3
2016-01-07T15:56:27+0000 9.3
2016-01-07T16:11:43+0000 9.2
2016-01-07T16:26:59+0000 9.4
2016-01-07T16:42:14+0000 9.3
2016-01-07T16:57:30+0000 9.1
2016-01-07T17:12:46+0000 9.3
2016-01-07T17:28:02+0000 9.4
2016-01-07T17:43:18+0000 9.2
2016-01-07T17:58:33+0000 9.2
2016-01-07T18:13:49+0000 8.9
2016-01-07T18:29:05+0000 9.0
2016-01-07T18:44:21+0000 9.1
2016-01-07T18:59:37+0000 8.9
2016-01-07T19:14:52+0000 8.9
2016-01-07T19:30:08+0000 8.8
2016-01-07T19:45:24+0000 9.0
2016-01-07T20:00:40+0000 9.0
2016-01-07T20:15:56+0000 9.1
2016-01-07T20:31:11+0000 8.9
2016-01-07T20:46:27+0000 8.7
2016-01-07T21:01:43+0000 8.6
2016-01-07T21:16:59+0000 8.5
2016-01-07T21:32:15+0000 8.6
2016-01-07T21:47:31+0000 8.5
2016-01-07T22:02:47+0000 8.3
2016-01-07T22:18:03+0000 8.3
2016-01-07T22:33:19+0000 8.2
2016-01-07T22:48:34+0000 8.2
2016-01-07T23:03:50+0000 8.2
2016-01-07T23:19:06+0000 8.6
2016-01-07T23:34:22+0000 8.1
2016-01-07T23:49:38+0000 8.4
