2016-05-06T00:15:04+0000 17.8
2016-05-06T00:30:18+0000 17.6
2016-05-06T00:45:33+0000 17.4
2016-05-06T01:00:48+0000 17.1
2016-05-06T01:16:03+0000 16.9
2016-05-06T01:31:17+0000 16.7
2016-05-06T01:46:32+0000 16.5
2016-05-06T02:01:47+0000 16.3
2016-05-06T02:17:02+0000 16.1
2016-05-06T02:32:16+0000 15.9
2016-05-06T02:47:31+0000 15.7
2016-05-06T03:02:46+0000 15.6
2016-05-06T03:18:01+0000 15.5
2016-05-06T03:33:15+0000 15.2
2016-05-06T03:48:30+0000 15.1
2016-05-06T04:03:45+0000 15.0
2016-05-06T04:19:00+0000 14.8
2016-05-06T04:34:15+0000 14.6
2016-05-06T04:49:30+0000 14.5
2016-05-06T05:04:44+0000 14.3
2016-05-06T05:19:59+0000 14.2
2016-05-06T05:35:14+0000 14.1
2016-05-06T05:50:29+0000 14.0
2016-05-06T06:05:44+0000 14.2
2016-05-06T06:20:59+0000 14.5
2016-05-06T06:36:14+0000 14.6
2016-05-06T06:51:29+0000 15.0
2016-05-06T07:06:44+0000 15.7
2016-05-06T07:21:58+0000 16.3
2016-05-06T07:37:13+0000 16.7
2016-05-06T07:52:28+0000 17.6
2016-05-06T08:07:43+0000 18.4
2016-05-06T08:22:58+0000 19.4
2016-05-06T08:38:12+0000 20.3
2016-05-06T08:53:27+0000 21.2
2016-05-06T09:08:42+0000 22.1
2016-05-06T09:23:56+0000 23.0
2016-05-06T09:39:11+0000 24.1
2016-05-06T09:54:25+0000 24.9
2016-05-06T10:09:40+0000 26.0
2016-05-06T10:24:54+0000 26.7
2016-05-06T10:40:08+0000 27.5
2016-05-06T10:55:23+0000 28.6
2016-05-06T11:10:37+0000 29.4
2016-05-06T11:25:51+0000 30.4
2016-05-06T11:41:05+0000 31.0
2016-05-06T11:56:19+0000 31.7
2016-05-06T12:11:33+0000 32.4
2016-05-06T12:26:47+0000 32.9
2016-05-06T12:42:01+0000 33.3
2016-05-06T12:57:15+0000 33.7
2016-05-06T13:12:28+0000 33.9
2016-05-06T13:27:42+0000 34.3
2016-05-06T13:42:56+0000 34.7
2016-05-06T13:58:09+0000 34.7
2016-05-06T14:13:23+0000 35.0
2016-05-06T14:28:36+0000 35.0
2016-05-06T14:43:50+0000 35.1
2016-05-06T14:59:03+0000 35.1
2016-05-06T15:14:17+0000 35.1
2016-05-06T15:29:30+0000 34.8
2016-05-06T15:44:44+0000 34.8
2016-05-06T15:59:57+0000 34.6
2016-05-06T16:15:11+0000 34.3
2016-05-06T16:30:24+0000 33.8
2016-05-06T16:45:38+0000 33.6
2016-05-06T17:00:51+0000 33.2
2016-05-06T17:16:05+0000 33.0
2016-05-06T17:31:18+0000 32.7
2016-05-06T17:46:32+0000 32.5
2016-05-06T18:01:46+0000 32.1
2016-05-06T18:16:59+0000 31.8
2016-05-06T18:32:13+0000 31.5
2016-05-06T18:47:27+0000 31.1
2016-05-06T19:02:41+0000 30.8
2016-05-06T19:17:54+0000 30.1
2016-05-06T19:33:08+0000 29.6
2016-05-06T19:48:22+0000 29.1
2016-05-06T20:03:36+0000 28.5
2016-05-06T20:18:50+0000 28.0
2016-05-06T20:34:03+0000 27.4
2016-05-06T20:49:17+0000 27.0
2016-05-06T21:04:31+0000 26.8
2016-05-06T21:19:46+0000 26.5
2016-05-06T21:35:00+0000 25.9
2016-05-06T21:50:14+0000 25.6
2016-05-06T22:05:28+0000 25.1
2016-05-06T22:20:42+0000 24.8
2016-05-06T22:35:56+0000 24.4
2016-05-06T22:51:10+0000 23.9
2016-05-06T23:06:25+0000 23.6
2016-05-06T23:21:39+0000 23.2
2016-05-06T23:36:53+0000 22.7
2016-05-06T23:52:08+0000 22.5
