2016-08-16T00:10:11+0000 27.1
2016-08-16T00:25:25+0000 26.8
2016-08-16T00:40:39+0000 26.6
2016-08-16T00:55:54+0000 26.2
2016-08-16T01:11:08+0000 26.0
2016-08-16T01:26:22+0000 25.8
2016-08-16T01:41:37+0000 25.5
2016-08-16T01:56:51+0000 25.2
2016-08-16T02:12:05+0000 25.0
2016-08-16T02:27:20+0000 24.9
2016-08-16T02:42:34+0000 24.7
2016-08-16T02:57:49+0000 24.3
2016-08-16T03:13:03+0000 24.2
2016-08-16T03:28:17+0000 24.0
2016-08-16T03:43:32+0000 23.8
2016-08-16T03:58:46+0000 23.6
2016-08-16T04:14:01+0000 23.4
2016-08-16T04:29:15+0000 23.2
2016-08-16T04:44:30+0000 23.1
2016-08-16T04:59:45+0000 22.9
2016-08-16T05:14:59+0000 22.7
2016-08-16T05:30:14+0000 22.5
2016-08-16T05:45:28+0000 22.4
2016-08-16T06:00:43+0000 22.3
2016-08-16T06:15:58+0000 22.2
2016-08-16T06:31:12+0000 22.3
2016-08-16T06:46:27+0000 22.5
2016-08-16T07:01:41+0000 22.7
2016-08-16T07:16:56+0000 23.2
2016-08-16T07:32:11+0000 23.6
2016-08-16T07:47:26+0000 24.3
2016-08-16T08:02:40+0000 24.8
2016-08-16T08:17:55+0000 25.2
2016-08-16T08:33:09+0000 26.0
2016-08-16T08:48:24+0000 26.5
2016-08-16T09:03:38+0000 27.1
2016-08-16T09:18:53+0000 28.0
2016-08-16T09:34:07+0000 28.7
2016-08-16T09:49:21+0000 29.7
2016-08-16T10:04:36+0000 30.6
2016-08-16T10:19:50+0000 31.4
2016-08-16T10:35:04+0000 32.4
2016-08-16T10:50:18+0000 33.3
2016-08-16T11:05:32+0000 33.9
2016-08-16T11:20:46+0000 34.8
2016-08-16T11:36:00+0000 35.5
2016-08-16T11:51:14+0000 36.2
2016-08-16T12:06:27+0000 36.8
2016-08-16T12:21:41+0000 37.4
2016-08-16T12:36:55+0000 37.9
2016-08-16T12:52:08+0000 38.2
2016-08-16T13:07:22+0000 38.6
2016-08-16T13:22:35+0000 39.1
2016-08-16T13:37:49+0000 39.3
2016-08-16T13:53:02+0000 39.5
2016-08-16T14:08:15+0000 39.7
2016-08-16T14:23:29+0000 39.8
2016-08-16T14:38:42+0000 39.9
2016-08-16T14:53:55+0000 39.9
2016-08-16T15:09:09+0000 39.9
2016-08-16T15:24:22+0000 39.7
2016-08-16T15:39:35+0000 39.4
2016-08-16T15:54:49+0000 39.3
2016-08-16T16:10:02+0000 39.1
2016-08-16T16:25:15+0000 38.8
2016-08-16T16:40:29+0000 38.5
2016-08-16T16:55:42+0000 38.3
2016-08-16T17:10:56+0000 38.0
2016-08-16T17:26:09+0000 37.7
2016-08-16T17:41:22+0000 37.5
2016-08-16T17:56:36+0000 37.1
2016-08-16T18:11:49+0000 36.7
2016-08-16T18:27:03+0000 36.3
2016-08-16T18:42:16+0000 35.7
2016-08-16T18:57:30+0000 35.3
2016-08-16T19:12:43+0000 34.9
2016-08-16T19:27:57+0000 34.3
2016-08-16T19:43:11+0000 33.6
2016-08-16T19:58:24+0000 32.9
2016-08-16T20:13:38+0000 32.4
2016-08-16T20:28:52+0000 31.9
2016-08-16T20:44:06+0000 31.3
2016-08-16T20:59:19+0000 31.0
2016-08-16T21:14:33+0000 30.5
2016-08-16T21:29:47+0000 30.0
2016-08-16T21:45:01+0000 29.5
2016-08-16T22:00:16+0000 29.0
2016-08-16T22:15:30+0000 28.7
2016-08-16T22:30:44+0000 28.2
2016-08-16T22:45:58+0000 27.8
2016-08-16T23:01:12+0000 27.5
2016-08-16T23:16:26+0000 27.1
2016-08-16T23:31:41+0000 26.8
2016-08-16T23:46:55+0000 26.5
