2016-07-15T00:10:23+0000 19.9
2016-07-15T00:25:38+0000 19.6
2016-07-15T00:40:53+0000 19.4
2016-07-15T00:56:08+0000 19.3
2016-07-15T01:11:23+0000 19.1
2016-07-15T01:26:38+0000 19.0
2016-07-15T01:41:53+0000 18.9
2016-07-15T01:57:08+0000 18.7
2016-07-15T02:12:23+0000 18.5
2016-07-15T02:27:38+0000 18.4
2016-07-15T02:42:53+0000 18.4
2016-07-15T02:58:09+0000 18.2
2016-07-15T03:13:24+0000 18.2
2016-07-15T03:28:39+0000 18.2
2016-07-15T03:43:54+0000 18.0
2016-07-15T03:59:09+0000 17.9
2016-07-15T04:14:24+0000 17.6
2016-07-15T04:29:39+0000 17.5
2016-07-15T04:44:54+0000 17.5
2016-07-15T05:00:10+0000 17.5
2016-07-15T05:15:25+0000 17.4
2016-07-15T05:30:40+0000 17.5
2016-07-15T05:45:55+0000 17.5
2016-07-15T06:01:10+0000 17.4
2016-07-15T06:16:25+0000 17.5
2016-07-15T06:31:40+0000 17.8
2016-07-15T06:46:55+0000 17.9
2016-07-15T07:02:11+0000 18.2
2016-07-15T07:17:26+0000 18.7
2016-07-15T07:32:41+0000 19.1
2016-07-15T07:47:56+0000 19.7
2016-07-15T08:03:11+0000 20.4
2016-07-15T08:18:26+0000 20.9
2016-07-15T08:33:41+0000 21.6
2016-07-15T08:48:56+0000 21.9
2016-07-15T09:04:11+0000 21.8
2016-07-15T09:19:26+0000 23.2
2016-07-15T09:34:41+0000 24.1
2016-07-15T09:49:56+0000 25.6
2016-07-15T10:05:11+0000 25.6
2016-07-15T10:20:26+0000 26.6
2016-07-15T10:35:40+0000 26.5
2016-07-15T10:50:55+0000 26.5
2016-07-15T11:06:10+0000 26.5
2016-07-15T11:21:24+0000 27.7
2016-07-15T11:36:39+0000 27.5
2016-07-15T11:51:54+0000 27.7
2016-07-15T12:07:08+0000 28.0
2016-07-15T12:22:23+0000 28.1
2016-07-15T12:37:38+0000 28.3
2016-07-15T12:52:52+0000 28.7
2016-07-15T13:08:07+0000 28.8
2016-07-15T13:23:21+0000 29.0
2016-07-15T13:38:36+0000 29.3
2016-07-15T13:53:50+0000 29.0
2016-07-15T14:09:05+0000 29.1
2016-07-15T14:24:19+0000 29.0
2016-07-15T14:39:34+0000 28.9
2016-07-15T14:54:48+0000 29.4
2016-07-15T15:10:03+0000 29.3
2016-07-15T15:25:17+0000 29.6
2016-07-15T15:40:32+0000 29.4
2016-07-15T15:55:46+0000 29.3
2016-07-15T16:11:01+0000 29.6
2016-07-15T16:26:15+0000 29.3
2016-07-15T16:41:29+0000 29.2
2016-07-15T16:56:44+0000 29.5
2016-07-15T17:11:58+0000 29.3
2016-07-15T17:27:13+0000 29.3
2016-07-15T17:42:27+0000 29.0
2016-07-15T17:57:41+0000 28.8
2016-07-15T18:12:56+0000 28.6
2016-07-15T18:28:10+0000 28.2
2016-07-15T18:43:25+0000 27.8
2016-07-15T18:58:39+0000 27.4
2016-07-15T19:13:54+0000 27.1
2016-07-15T19:29:08+0000 26.6
2016-07-15T19:44:23+0000 26.4
2016-07-15T19:59:37+0000 26.1
2016-07-15T20:14:52+0000 25.7
2016-07-15T20:30:06+0000 25.3
2016-07-15T20:45:21+0000 25.0
2016-07-15T21:00:36+0000 24.6
2016-07-15T21:15:50+0000 24.3
2016-07-15T21:31:05+0000 24.0
2016-07-15T21:46:20+0000 23.6
2016-07-15T22:01:35+0000 23.3
2016-07-15T22:16:49+0000 23.2
2016-07-15T22:32:04+0000 22.9
2016-07-15T22:47:19+0000 22.6
2016-07-15T23:02:34+0000 22.2
2016-07-15T23:17:49+0000 21.9
2016-07-15T23:33:03+0000 21.6
2016-07-15T23:48:18+0000 21.3
