2015-11-26T00:09:40+0000 0.0
2015-11-26T00:24:41+0000 0.0
2015-11-26T00:39:41+0000 0.0
2015-11-26T00:54:41+0000 0.0
2015-11-26T01:09:41+0000 0.0
2015-11-26T01:24:41+0000 0.0
2015-11-26T01:39:42+0000 0.0
2015-11-26T01:54:42+0000 0.0
2015-11-26T02:09:42+0000 0.0
2015-11-26T02:24:42+0000 0.0
2015-11-26T02:39:42+0000 0.0
2015-11-26T02:54:43+0000 0.0
2015-11-26T03:09:43+0000 0.0
2015-11-26T03:24:43+0000 0.0
2015-11-26T03:39:43+0000 0.0
2015-11-26T03:54:43+0000 0.0
2015-11-26T04:09:43+0000 0.0
2015-11-26T04:24:44+0000 0.0
2015-11-26T04:39:44+0000 0.0
2015-11-26T04:54:44+0000 0.0
2015-11-26T05:09:44+0000 0.0
2015-11-26T05:24:44+0000 0.0
2015-11-26T05:39:45+0000 0.0
2015-11-26T05:54:45+0000 0.0
2015-11-26T06:09:45+0000 0.0
2015-11-26T06:24:45+0000 0.0
2015-11-26T06:39:45+0000 0.0
2015-11-26T06:54:45+0000 0.0
2015-11-26T07:09:46+0000 0.0
2015-11-26T07:24:46+0000 0.0
2015-11-26T07:39:46+0000 0.0
2015-11-26T07:54:46+0000 0.0
2015-11-26T08:09:46+0000 0.0
2015-11-26T08:24:47+0000 0.0
2015-11-26T08:39:47+0000 0.0
2015-11-26T08:54:47+0000 0.0
2015-11-26T09:09:47+0000 0.0
2015-11-26T09:24:47+0000 0.0
2015-11-26T09:39:47+0000 0.0
2015-11-26T09:54:48+0000 0.0
2015-11-26T10:09:48+0000 0.0
2015-11-26T10:24:48+0000 0.0
2015-11-26T10:39:48+0000 0.0
2015-11-26T10:54:48+0000 0.0
2015-11-26T11:09:49+0000 0.0
2015-11-26T11:24:49+0000 0.0
2015-11-26T11:39:49+0000 0.0
2015-11-26T11:54:49+0000 0.0
2015-11-26T12:09:49+0000 0.0
2015-11-26T12:24:50+0000 0.0
2015-11-26T12:39:50+0000 0.0
2015-11-26T12:54:50+0000 0.0
2015-11-26T13:09:50+0000 0.0
2015-11-26T13:24:50+0000 0.0
2015-11-26T13:39:50+0000 0.0
2015-11-26T13:54:51+0000 0.0
2015-11-26T14:09:51+0000 0.0
2015-11-26T14:24:51+0000 0.0
2015-11-26T14:39:51+0000 0.0
2015-11-26T14:54:51+0000 0.0
2015-11-26T15:09:52+0000 0.0
2015-11-26T15:24:52+0000 0.0
2015-11-26T15:39:52+0000 0.0
2015-11-26T15:54:52+0000 0.0
2015-11-26T16:09:52+0000 0.0
2015-11-26T16:24:53+0000 0.0
2015-11-26T16:39:53+0000 0.0
2015-11-26T16:54:53+0000 0.0
2015-11-26T17:09:53+0000 0.0
2015-11-26T17:24:53+0000 0.0
2015-11-26T17:39:53+0000 0.0
2015-11-26T17:54:54+0000 0.0
2015-11-26T19:02:34+0000 12.5
2015-11-26T19:03:45+0000 15.5
2015-11-26T19:05:24+0000 0.0
2015-11-26T19:20:25+0000 0.0
2015-11-26T19:35:25+0000 0.0
2015-11-26T19:50:25+0000 0.0
2015-11-26T20:05:25+0000 0.0
2015-11-26T20:20:25+0000 0.0
2015-11-26T21:24:49+0000 18.0
2015-11-26T21:26:47+0000 18.0
2015-11-26T21:27:52+0000 0.0
2015-11-26T21:29:47+0000 0.0
2015-11-26T21:31:24+0000 19.5
2015-11-26T21:33:09+0000 0.0
2015-11-26T21:34:45+0000 0.0
2015-11-26T21:37:28+0000 0.0
2015-11-26T21:44:12+0000 21.5
2015-11-26T21:48:23+0000 20.5
2015-11-26T21:49:27+0000 20.5
2015-11-26T21:52:36+0000 20.0
2015-11-26T21:58:05+0000 19.0
2015-11-26T22:03:30+0000 0.0
2015-11-26T22:04:10+0000 0.0
2015-11-26T22:04:51+0000 0.0
2015-11-26T22:06:10+0000 0.0
2015-11-26T22:08:09+0000 0.0
2015-11-26T22:08:57+0000 0.0
2015-11-26T22:09:59+0000 31.5
2015-11-26T22:11:23+0000 0.0
2015-11-26T22:12:48+0000 0.0
2015-11-26T22:13:28+0000 29.0
2015-11-26T22:14:14+0000 0.0
2015-11-26T22:16:10+0000 0.0
2015-11-26T22:38:53+0000 0.0
2015-11-26T22:48:01+0000 0.0
2015-11-26T22:53:39+0000 19.0
2015-11-26T22:54:18+0000 18.5
2015-11-26T22:57:34+0000 18.5
2015-11-26T23:00:23+0000 0.0
2015-11-26T23:01:27+0000 20.0
2015-11-26T23:03:48+0000 17.0
2015-11-26T23:18:48+0000 17.0
2015-11-26T23:33:48+0000 6.0
2015-11-26T23:48:49+0000 6.0
