2016-01-10T00:09:37+0000 8.3
2016-01-10T00:24:53+0000 8.3
2016-01-10T00:40:08+0000 8.1
2016-01-10T00:55:24+0000 8.0
2016-01-10T01:10:40+0000 8.0
2016-01-10T01:25:56+0000 7.9
2016-01-10T01:41:12+0000 7.9
2016-01-10T01:56:27+0000 7.9
2016-01-10T02:11:43+0000 7.8
2016-01-10T02:26:59+0000 7.7
2016-01-10T02:42:15+0000 7.8
2016-01-10T02:57:31+0000 7.7
2016-01-10T03:12:46+0000 7.7
2016-01-10T03:28:02+0000 7.6
2016-01-10T03:43:18+0000 7.7
2016-01-10T03:58:34+0000 7.8
2016-01-10T04:13:49+0000 7.8
2016-01-10T04:29:05+0000 7.8
2016-01-10T04:44:21+0000 7.8
2016-01-10T04:59:37+0000 7.7
2016-01-10T05:14:53+0000 7.7
2016-01-10T05:30:09+0000 7.6
2016-01-10T05:45:24+0000 7.5
2016-01-10T06:00:40+0000 7.8
2016-01-10T06:15:56+0000 7.5
2016-01-10T06:31:12+0000 7.7
2016-01-10T06:46:28+0000 8.0
2016-01-10T07:01:44+0000 8.1
2016-01-10T07:16:59+0000 8.1
2016-01-10T07:32:15+0000 8.1
2016-01-10T07:47:31+0000 8.2
2016-01-10T08:02:47+0000 8.1
2016-01-10T08:18:03+0000 8.2
2016-01-10T08:33:19+0000 8.3
2016-01-10T08:48:34+0000 8.3
2016-01-10T09:03:50+0000 8.6
2016-01-10T09:19:06+0000 8.5
2016-01-10T09:34:22+0000 8.3
2016-01-10T09:49:38+0000 8.6
2016-01-10T10:04:54+0000 8.6
2016-01-10T10:20:09+0000 8.7
2016-01-10T10:35:25+0000 8.7
2016-01-10T10:50:41+0000 8.7
2016-01-10T11:05:57+0000 8.8
2016-01-10T11:21:13+0000 9.2
2016-01-10T11:36:29+0000 9.4
2016-01-10T11:51:45+0000 9.4
2016-01-10T12:07:00+0000 9.4
2016-01-10T12:22:16+0000 9.4
2016-01-10T12:37:32+0000 9.5
2016-01-10T12:52:48+0000 9.4
2016-01-10T13:08:03+0000 9.8
2016-01-10T13:23:19+0000 9.8
2016-01-10T13:38:35+0000 10.0
2016-01-10T13:53:51+0000 10.1
2016-01-10T14:09:06+0000 10.1
2016-01-10T14:24:22+0000 10.4
2016-01-10T14:39:38+0000 10.2
2016-01-10T14:54:53+0000 10.2
2016-01-10T15:10:09+0000 10.3
2016-01-10T15:25:25+0000 10.5
2016-01-10T15:40:41+0000 10.7
2016-01-10T15:55:56+0000 10.7
2016-01-10T16:11:12+0000 10.7
2016-01-10T16:26:28+0000 10.5
2016-01-10T16:41:43+0000 10.3
2016-01-10T16:56:59+0000 10.3
2016-01-10T17:12:15+0000 10.4
2016-01-10T17:27:31+0000 10.4
2016-01-10T17:42:46+0000 10.3
2016-01-10T17:58:02+0000 10.2
2016-01-10T18:13:18+0000 10.3
2016-01-10T18:28:33+0000 10.5
2016-01-10T18:43:49+0000 10.3
2016-01-10T18:59:05+0000 10.3
2016-01-10T19:14:21+0000 10.6
2016-01-10T19:29:36+0000 10.5
2016-01-10T19:44:52+0000 10.5
2016-01-10T20:00:08+0000 9.9
2016-01-10T20:15:24+0000 10.1
2016-01-10T20:30:39+0000 10.0
2016-01-10T20:45:55+0000 9.9
2016-01-10T21:01:11+0000 10.4
2016-01-10T21:16:27+0000 9.9
2016-01-10T21:31:42+0000 9.9
2016-01-10T21:46:58+0000 9.9
2016-01-10T22:02:14+0000 9.9
2016-01-10T22:17:30+0000 9.9
2016-01-10T22:32:46+0000 9.9
2016-01-10T22:48:01+0000 9.8
2016-01-10T23:03:17+0000 9.8
2016-01-10T23:18:33+0000 9.6
2016-01-10T23:33:49+0000 9.6
2016-01-10T23:49:04+0000 9.4
