2016-03-28T00:05:41+0000 10.8
2016-03-28T00:20:57+0000 10.6
2016-03-28T00:36:12+0000 10.3
2016-03-28T00:51:28+0000 10.2
2016-03-28T01:06:43+0000 10.0
2016-03-28T01:21:59+0000 10.0
2016-03-28T01:37:15+0000 9.9
2016-03-28T01:52:30+0000 9.7
2016-03-28T02:07:46+0000 9.6
2016-03-28T02:23:01+0000 9.5
2016-03-28T02:38:17+0000 9.3
2016-03-28T02:53:32+0000 9.1
2016-03-28T03:08:48+0000 9.2
2016-03-28T03:24:03+0000 9.1
2016-03-28T03:39:19+0000 9.1
2016-03-28T03:54:34+0000 9.1
2016-03-28T04:09:50+0000 9.1
2016-03-28T04:25:05+0000 9.0
2016-03-28T04:40:21+0000 9.0
2016-03-28T04:55:36+0000 9.0
2016-03-28T05:10:52+0000 9.0
2016-03-28T05:26:08+0000 8.9
2016-03-28T05:41:23+0000 8.9
2016-03-28T05:56:39+0000 9.1
2016-03-28T06:11:54+0000 9.1
2016-03-28T06:27:10+0000 9.1
2016-03-28T06:42:25+0000 9.3
2016-03-28T06:57:41+0000 9.3
2016-03-28T07:12:56+0000 9.6
2016-03-28T07:28:12+0000 9.9
2016-03-28T07:43:27+0000 10.4
2016-03-28T07:58:43+0000 10.7
2016-03-28T08:13:58+0000 10.9
2016-03-28T08:29:14+0000 11.0
2016-03-28T08:44:29+0000 11.4
2016-03-28T08:59:45+0000 11.6
2016-03-28T09:15:00+0000 12.0
2016-03-28T09:30:16+0000 12.3
2016-03-28T09:45:31+0000 12.6
2016-03-28T10:00:47+0000 12.4
2016-03-28T10:16:02+0000 12.7
2016-03-28T10:31:17+0000 12.5
2016-03-28T10:46:33+0000 12.8
2016-03-28T11:01:48+0000 13.1
2016-03-28T11:17:04+0000 13.1
2016-03-28T11:32:19+0000 13.7
2016-03-28T11:47:34+0000 14.2
2016-03-28T12:02:50+0000 14.4
2016-03-28T12:18:05+0000 14.5
2016-03-28T12:33:21+0000 14.6
2016-03-28T12:48:36+0000 15.0
2016-03-28T13:03:51+0000 16.1
2016-03-28T13:19:07+0000 16.9
2016-03-28T13:34:22+0000 17.1
2016-03-28T13:49:37+0000 17.4
2016-03-28T14:04:52+0000 18.2
2016-03-28T14:20:08+0000 18.3
2016-03-28T14:35:23+0000 18.2
2016-03-28T14:50:38+0000 18.5
2016-03-28T15:05:53+0000 17.9
2016-03-28T15:21:09+0000 18.0
2016-03-28T15:36:24+0000 18.7
2016-03-28T15:51:39+0000 18.7
2016-03-28T16:06:54+0000 18.6
2016-03-28T16:22:09+0000 18.5
2016-03-28T16:37:24+0000 17.9
2016-03-28T16:52:40+0000 17.7
2016-03-28T17:07:55+0000 17.0
2016-03-28T17:23:10+0000 16.1
2016-03-28T17:38:25+0000 16.0
2016-03-28T17:53:41+0000 15.7
2016-03-28T18:08:56+0000 15.4
2016-03-28T18:24:12+0000 14.8
2016-03-28T18:39:27+0000 14.7
2016-03-28T18:54:42+0000 14.8
2016-03-28T19:09:58+0000 14.8
2016-03-28T19:25:13+0000 14.6
2016-03-28T19:40:28+0000 14.3
2016-03-28T19:55:44+0000 14.3
2016-03-28T20:10:59+0000 14.2
2016-03-28T20:26:14+0000 14.1
2016-03-28T20:41:30+0000 13.9
2016-03-28T20:56:45+0000 13.8
2016-03-28T21:12:00+0000 13.6
2016-03-28T21:27:16+0000 13.7
2016-03-28T21:42:31+0000 13.4
2016-03-28T21:57:46+0000 13.5
2016-03-28T22:13:02+0000 13.3
2016-03-28T22:28:17+0000 13.3
2016-03-28T22:43:33+0000 13.2
2016-03-28T22:58:48+0000 13.1
2016-03-28T23:14:04+0000 13.0
2016-03-28T23:29:19+0000 12.8
2016-03-28T23:44:34+0000 12.7
2016-03-28T23:59:50+0000 12.6
