2016-07-05T00:11:19+0000 24.8
2016-07-05T00:26:34+0000 24.7
2016-07-05T00:41:48+0000 24.4
2016-07-05T00:57:03+0000 24.2
2016-07-05T01:12:17+0000 23.9
2016-07-05T01:27:32+0000 23.7
2016-07-05T01:42:46+0000 23.5
2016-07-05T01:58:01+0000 23.3
2016-07-05T02:13:15+0000 23.2
2016-07-05T02:28:30+0000 23.0
2016-07-05T02:43:44+0000 22.7
2016-07-05T02:58:59+0000 22.6
2016-07-05T03:14:14+0000 22.5
2016-07-05T03:29:28+0000 22.3
2016-07-05T03:44:43+0000 22.2
2016-07-05T03:59:58+0000 22.1
2016-07-05T04:15:12+0000 22.0
2016-07-05T04:30:27+0000 21.9
2016-07-05T04:45:42+0000 21.8
2016-07-05T05:00:56+0000 21.7
2016-07-05T05:16:11+0000 21.6
2016-07-05T05:31:26+0000 21.7
2016-07-05T05:46:40+0000 21.6
2016-07-05T06:01:55+0000 21.7
2016-07-05T06:17:10+0000 21.7
2016-07-05T06:32:24+0000 21.9
2016-07-05T06:47:39+0000 22.1
2016-07-05T07:02:54+0000 22.6
2016-07-05T07:18:08+0000 23.1
2016-07-05T07:33:23+0000 23.9
2016-07-05T07:48:38+0000 24.5
2016-07-05T08:03:52+0000 25.2
2016-07-05T08:19:06+0000 25.9
2016-07-05T08:34:21+0000 26.9
2016-07-05T08:49:35+0000 27.7
2016-07-05T09:04:50+0000 28.5
2016-07-05T09:20:04+0000 29.2
2016-07-05T09:35:19+0000 29.7
2016-07-05T09:50:33+0000 29.7
2016-07-05T10:05:47+0000 30.1
2016-07-05T10:21:01+0000 29.7
2016-07-05T10:36:16+0000 29.4
2016-07-05T10:51:30+0000 29.3
2016-07-05T11:06:44+0000 29.3
2016-07-05T11:21:58+0000 29.6
2016-07-05T11:37:13+0000 29.7
2016-07-05T11:52:27+0000 30.4
2016-07-05T12:07:41+0000 31.1
2016-07-05T12:22:55+0000 31.1
2016-07-05T12:38:09+0000 31.3
2016-07-05T12:53:23+0000 32.1
2016-07-05T13:08:37+0000 32.3
2016-07-05T13:23:51+0000 32.2
2016-07-05T13:39:05+0000 32.4
2016-07-05T13:54:19+0000 32.6
2016-07-05T14:09:33+0000 33.2
2016-07-05T14:24:47+0000 33.5
2016-07-05T14:40:01+0000 33.6
2016-07-05T14:55:15+0000 33.9
2016-07-05T15:10:29+0000 33.7
2016-07-05T15:25:43+0000 33.4
2016-07-05T15:40:57+0000 33.2
2016-07-05T15:56:11+0000 32.9
2016-07-05T16:11:24+0000 32.8
2016-07-05T16:26:38+0000 32.7
2016-07-05T16:41:52+0000 32.7
2016-07-05T16:57:06+0000 32.6
2016-07-05T17:12:20+0000 32.1
2016-07-05T17:27:34+0000 31.9
2016-07-05T17:42:48+0000 31.5
2016-07-05T17:58:02+0000 31.2
2016-07-05T18:13:16+0000 30.9
2016-07-05T18:28:30+0000 30.8
2016-07-05T18:43:44+0000 30.5
2016-07-05T18:58:58+0000 30.2
2016-07-05T19:14:12+0000 29.8
2016-07-05T19:29:27+0000 29.4
2016-07-05T19:44:41+0000 29.1
2016-07-05T19:59:55+0000 28.8
2016-07-05T20:15:09+0000 28.5
2016-07-05T20:30:23+0000 28.0
2016-07-05T20:45:37+0000 27.8
2016-07-05T21:00:52+0000 27.4
2016-07-05T21:16:06+0000 27.3
2016-07-05T21:31:20+0000 27.0
2016-07-05T21:46:34+0000 26.6
2016-07-05T22:01:49+0000 26.4
2016-07-05T22:17:03+0000 26.2
2016-07-05T22:32:17+0000 25.9
2016-07-05T22:47:32+0000 25.7
2016-07-05T23:02:46+0000 25.5
2016-07-05T23:18:01+0000 25.3
2016-07-05T23:33:15+0000 25.1
2016-07-05T23:48:29+0000 24.8
