2015-12-23T00:10:41+0000 10.7
2015-12-23T00:25:57+0000 10.6
2015-12-23T00:41:12+0000 10.6
2015-12-23T00:56:28+0000 10.3
2015-12-23T01:11:44+0000 10.2
2015-12-23T01:26:59+0000 10.1
2015-12-23T01:42:15+0000 10.1
2015-12-23T01:57:31+0000 9.9
2015-12-23T02:12:46+0000 9.7
2015-12-23T02:28:02+0000 9.6
2015-12-23T02:43:17+0000 9.5
2015-12-23T02:58:33+0000 9.4
2015-12-23T03:13:49+0000 9.3
2015-12-23T03:29:04+0000 9.3
2015-12-23T03:44:20+0000 9.4
2015-12-23T03:59:36+0000 9.2
2015-12-23T04:14:51+0000 9.5
2015-12-23T04:30:07+0000 9.6
2015-12-23T04:45:23+0000 9.7
2015-12-23T05:00:38+0000 9.8
2015-12-23T05:15:54+0000 9.8
2015-12-23T05:31:10+0000 9.9
2015-12-23T05:46:25+0000 10.0
2015-12-23T06:01:41+0000 10.1
2015-12-23T06:16:56+0000 10.3
2015-12-23T06:32:12+0000 10.3
2015-12-23T06:47:28+0000 10.7
2015-12-23T07:02:43+0000 10.4
2015-12-23T07:17:59+0000 10.5
2015-12-23T07:33:14+0000 10.5
2015-12-23T07:48:30+0000 10.6
2015-12-23T08:03:46+0000 10.7
2015-12-23T08:19:02+0000 10.6
2015-12-23T08:34:17+0000 10.7
2015-12-23T08:49:33+0000 10.9
2015-12-23T09:04:48+0000 11.2
2015-12-23T09:20:04+0000 11.4
2015-12-23T09:35:20+0000 11.7
2015-12-23T09:50:35+0000 11.8
2015-12-23T10:05:51+0000 12.0
2015-12-23T10:21:06+0000 12.4
2015-12-23T10:36:22+0000 12.7
2015-12-23T10:51:38+0000 12.7
2015-12-23T11:06:53+0000 13.0
2015-12-23T11:22:09+0000 13.1
2015-12-23T11:37:24+0000 13.3
2015-12-23T11:52:40+0000 13.2
2015-12-23T12:07:55+0000 13.4
2015-12-23T12:23:11+0000 13.2
2015-12-23T12:38:26+0000 13.4
2015-12-23T12:53:42+0000 13.2
2015-12-23T13:08:57+0000 13.3
2015-12-23T13:24:13+0000 13.3
2015-12-23T13:39:28+0000 13.2
2015-12-23T13:54:44+0000 13.3
2015-12-23T14:09:59+0000 13.6
2015-12-23T14:25:15+0000 13.5
2015-12-23T14:40:30+0000 13.5
2015-12-23T14:55:46+0000 13.4
2015-12-23T15:11:01+0000 13.3
2015-12-23T15:26:17+0000 13.3
2015-12-23T15:41:32+0000 13.2
2015-12-23T15:56:48+0000 13.1
2015-12-23T16:12:03+0000 13.2
2015-12-23T16:27:19+0000 13.1
2015-12-23T16:42:35+0000 13.1
2015-12-23T16:57:50+0000 13.1
2015-12-23T17:13:06+0000 13.0
2015-12-23T17:28:21+0000 12.9
2015-12-23T17:43:37+0000 13.0
2015-12-23T17:58:52+0000 12.9
2015-12-23T18:14:08+0000 12.9
2015-12-23T18:29:23+0000 13.0
2015-12-23T18:44:39+0000 13.0
2015-12-23T18:59:54+0000 13.0
2015-12-23T19:15:10+0000 13.0
2015-12-23T19:30:25+0000 13.0
2015-12-23T19:45:41+0000 12.9
2015-12-23T20:00:57+0000 13.0
2015-12-23T20:16:12+0000 12.9
2015-12-23T20:31:28+0000 12.8
2015-12-23T20:46:43+0000 13.0
2015-12-23T21:01:58+0000 13.0
2015-12-23T21:17:14+0000 12.8
2015-12-23T21:32:29+0000 12.8
2015-12-23T21:47:45+0000 12.8
2015-12-23T22:03:01+0000 12.7
2015-12-23T22:18:17+0000 12.8
2015-12-23T22:33:32+0000 12.7
2015-12-23T22:48:48+0000 12.5
2015-12-23T23:04:03+0000 12.6
2015-12-23T23:19:19+0000 12.6
2015-12-23T23:34:34+0000 12.5
2015-12-23T23:49:50+0000 12.3
