2016-01-20T00:04:59+0000 2.2
2016-01-20T00:20:15+0000 1.9
2016-01-20T00:35:31+0000 2.0
2016-01-20T00:50:47+0000 1.8
2016-01-20T01:06:03+0000 1.6
2016-01-20T01:21:20+0000 1.5
2016-01-20T01:36:36+0000 1.4
2016-01-20T01:51:52+0000 1.3
2016-01-20T02:07:08+0000 1.2
2016-01-20T02:22:24+0000 1.0
2016-01-20T02:37:40+0000 1.0
2016-01-20T02:52:56+0000 1.1
2016-01-20T03:08:12+0000 1.2
2016-01-20T03:23:28+0000 1.3
2016-01-20T03:38:44+0000 1.2
2016-01-20T03:54:00+0000 1.3
2016-01-20T04:09:16+0000 1.4
2016-01-20T04:24:33+0000 1.3
2016-01-20T04:39:49+0000 1.3
2016-01-20T04:55:05+0000 1.3
2016-01-20T05:10:21+0000 1.3
2016-01-20T05:25:37+0000 1.4
2016-01-20T05:40:53+0000 1.4
2016-01-20T05:56:09+0000 1.3
2016-01-20T06:11:25+0000 1.4
2016-01-20T06:26:41+0000 1.7
2016-01-20T06:41:57+0000 1.7
2016-01-20T06:57:13+0000 1.7
2016-01-20T07:12:29+0000 1.6
2016-01-20T07:27:46+0000 1.6
2016-01-20T07:43:02+0000 1.7
2016-01-20T07:58:18+0000 1.9
2016-01-20T08:13:34+0000 1.5
2016-01-20T08:28:50+0000 1.5
2016-01-20T08:44:06+0000 1.6
2016-01-20T08:59:22+0000 1.6
2016-01-20T09:14:38+0000 1.7
2016-01-20T09:29:54+0000 1.9
2016-01-20T09:45:10+0000 1.9
2016-01-20T10:00:26+0000 2.2
2016-01-20T10:15:43+0000 2.6
2016-01-20T10:30:59+0000 2.6
2016-01-20T10:46:15+0000 3.5
2016-01-20T11:01:31+0000 3.9
2016-01-20T11:16:47+0000 4.2
2016-01-20T11:32:03+0000 4.5
2016-01-20T11:47:19+0000 5.1
2016-01-20T12:02:35+0000 5.4
2016-01-20T12:17:51+0000 5.5
2016-01-20T12:33:07+0000 5.8
2016-01-20T12:48:23+0000 6.2
2016-01-20T13:03:39+0000 6.4
2016-01-20T13:18:55+0000 7.0
2016-01-20T13:34:11+0000 7.0
2016-01-20T13:49:27+0000 7.2
2016-01-20T14:04:43+0000 7.2
2016-01-20T14:19:59+0000 7.2
2016-01-20T14:35:15+0000 7.0
2016-01-20T14:50:31+0000 6.8
2016-01-20T15:05:46+0000 6.9
2016-01-20T15:21:02+0000 6.8
2016-01-20T15:36:18+0000 6.9
2016-01-20T15:51:34+0000 6.8
2016-01-20T16:06:50+0000 6.7
2016-01-20T16:22:06+0000 6.6
2016-01-20T16:37:22+0000 6.4
2016-01-20T16:52:38+0000 6.1
2016-01-20T17:07:54+0000 6.1
2016-01-20T17:23:10+0000 5.7
2016-01-20T17:38:26+0000 5.6
2016-01-20T17:53:42+0000 5.2
2016-01-20T18:08:58+0000 5.2
2016-01-20T18:24:14+0000 5.2
2016-01-20T18:39:30+0000 5.0
2016-01-20T18:54:46+0000 5.3
2016-01-20T19:10:02+0000 5.1
2016-01-20T19:25:18+0000 5.0
2016-01-20T19:40:34+0000 5.1
2016-01-20T19:55:50+0000 5.0
2016-01-20T20:11:05+0000 4.7
2016-01-20T20:26:21+0000 5.0
2016-01-20T20:41:37+0000 5.2
2016-01-20T20:56:53+0000 5.2
2016-01-20T21:12:09+0000 4.8
2016-01-20T21:27:25+0000 4.7
2016-01-20T21:42:41+0000 4.7
2016-01-20T21:57:57+0000 4.8
2016-01-20T22:13:13+0000 4.5
2016-01-20T22:28:29+0000 5.1
2016-01-20T22:43:45+0000 4.8
2016-01-20T22:59:02+0000 5.0
2016-01-20T23:14:18+0000 4.8
2016-01-20T23:29:34+0000 4.9
2016-01-20T23:44:50+0000 4.7
