2016-02-11T00:13:15+0000 6.7
2016-02-11T00:28:31+0000 6.7
2016-02-11T00:43:47+0000 6.6
2016-02-11T00:59:03+0000 6.6
2016-02-11T01:14:18+0000 6.5
2016-02-11T01:29:34+0000 6.6
2016-02-11T01:44:50+0000 6.5
2016-02-11T02:00:06+0000 6.6
2016-02-11T02:15:22+0000 6.6
2016-02-11T02:30:38+0000 6.4
2016-02-11T02:45:54+0000 6.4
2016-02-11T03:01:10+0000 6.5
2016-02-11T03:16:25+0000 6.3
2016-02-11T03:31:41+0000 6.4
2016-02-11T03:46:57+0000 6.5
2016-02-11T04:02:13+0000 6.4
2016-02-11T04:17:29+0000 6.3
2016-02-11T04:32:45+0000 6.5
2016-02-11T04:48:01+0000 6.5
2016-02-11T05:03:17+0000 6.4
2016-02-11T05:18:33+0000 6.4
2016-02-11T05:33:49+0000 6.5
2016-02-11T05:49:05+0000 6.5
2016-02-11T06:04:21+0000 6.6
2016-02-11T06:19:37+0000 6.6
2016-02-11T06:34:53+0000 6.5
2016-02-11T06:50:08+0000 6.6
2016-02-11T07:05:24+0000 6.7
2016-02-11T07:20:40+0000 6.9
2016-02-11T07:35:56+0000 6.8
2016-02-11T07:51:12+0000 6.8
2016-02-11T08:06:28+0000 6.7
2016-02-11T08:21:44+0000 7.0
2016-02-11T08:37:00+0000 6.8
2016-02-11T08:52:16+0000 6.8
2016-02-11T09:07:31+0000 6.9
2016-02-11T09:22:47+0000 7.2
2016-02-11T09:38:03+0000 7.4
2016-02-11T09:53:19+0000 7.4
2016-02-11T10:08:35+0000 7.5
2016-02-11T10:23:51+0000 7.5
2016-02-11T10:39:07+0000 7.7
2016-02-11T10:54:22+0000 7.7
2016-02-11T11:09:38+0000 7.7
2016-02-11T11:24:54+0000 8.1
2016-02-11T11:40:10+0000 8.0
2016-02-11T11:55:26+0000 8.0
2016-02-11T12:10:42+0000 8.1
2016-02-11T12:25:58+0000 8.6
2016-02-11T12:41:14+0000 8.7
2016-02-11T12:56:29+0000 8.8
2016-02-11T13:11:45+0000 8.9
2016-02-11T13:27:01+0000 9.0
2016-02-11T13:42:17+0000 9.2
2016-02-11T13:57:33+0000 9.5
2016-02-11T14:12:48+0000 9.6
2016-02-11T14:28:04+0000 9.6
2016-02-11T14:43:20+0000 9.5
2016-02-11T14:58:36+0000 9.5
2016-02-11T15:13:51+0000 9.4
2016-02-11T15:29:07+0000 9.3
2016-02-11T15:44:23+0000 9.2
2016-02-11T15:59:39+0000 9.5
2016-02-11T16:14:55+0000 9.5
2016-02-11T16:30:10+0000 9.6
2016-02-11T16:45:26+0000 9.6
2016-02-11T17:00:42+0000 9.6
2016-02-11T17:15:58+0000 9.5
2016-02-11T17:31:13+0000 9.3
2016-02-11T17:46:29+0000 9.2
2016-02-11T18:01:45+0000 9.1
2016-02-11T18:17:01+0000 9.1
2016-02-11T18:32:17+0000 9.1
2016-02-11T18:47:32+0000 9.2
2016-02-11T19:02:48+0000 9.0
2016-02-11T19:18:04+0000 8.8
2016-02-11T19:33:20+0000 8.5
2016-02-11T19:48:36+0000 8.3
2016-02-11T20:03:51+0000 8.2
2016-02-11T20:19:07+0000 8.1
2016-02-11T20:34:23+0000 8.0
2016-02-11T20:49:39+0000 8.0
2016-02-11T21:04:55+0000 7.9
2016-02-11T21:20:10+0000 7.7
2016-02-11T21:35:26+0000 7.8
2016-02-11T21:50:42+0000 7.9
2016-02-11T22:05:58+0000 7.9
2016-02-11T22:21:14+0000 7.8
2016-02-11T22:36:30+0000 7.8
2016-02-11T22:51:46+0000 7.7
2016-02-11T23:07:02+0000 7.7
2016-02-11T23:22:17+0000 7.5
2016-02-11T23:37:33+0000 7.5
2016-02-11T23:52:49+0000 7.4
