2016-01-06T00:02:37+0000 9.2
2016-01-06T00:17:53+0000 9.3
2016-01-06T00:33:09+0000 9.3
2016-01-06T00:48:25+0000 9.2
2016-01-06T01:03:41+0000 9.1
2016-01-06T01:18:57+0000 9.1
2016-01-06T01:34:12+0000 9.2
2016-01-06T01:49:28+0000 9.0
2016-01-06T02:04:44+0000 8.9
2016-01-06T02:20:00+0000 8.8
2016-01-06T02:35:16+0000 8.9
2016-01-06T02:50:32+0000 8.9
2016-01-06T03:05:47+0000 8.7
2016-01-06T03:21:03+0000 8.6
2016-01-06T03:36:19+0000 8.6
2016-01-06T03:51:35+0000 8.7
2016-01-06T04:06:51+0000 8.6
2016-01-06T04:22:07+0000 8.6
2016-01-06T04:37:22+0000 8.6
2016-01-06T04:52:38+0000 8.6
2016-01-06T05:07:54+0000 8.6
2016-01-06T05:23:10+0000 8.6
2016-01-06T05:38:26+0000 8.8
2016-01-06T05:53:42+0000 8.5
2016-01-06T06:08:57+0000 8.6
2016-01-06T06:24:13+0000 8.5
2016-01-06T06:39:29+0000 8.5
2016-01-06T06:54:45+0000 8.5
2016-01-06T07:10:01+0000 8.5
2016-01-06T07:25:17+0000 8.4
2016-01-06T07:40:33+0000 8.5
2016-01-06T07:55:48+0000 8.6
2016-01-06T08:11:04+0000 8.4
2016-01-06T08:26:20+0000 8.8
2016-01-06T08:41:36+0000 8.6
2016-01-06T08:56:52+0000 8.8
2016-01-06T09:12:08+0000 8.7
2016-01-06T09:27:24+0000 8.8
2016-01-06T09:42:39+0000 8.6
2016-01-06T09:57:55+0000 8.7
2016-01-06T10:13:11+0000 8.7
2016-01-06T10:28:27+0000 8.8
2016-01-06T10:43:43+0000 9.0
2016-01-06T10:58:59+0000 8.8
2016-01-06T11:14:14+0000 9.0
2016-01-06T11:29:30+0000 9.2
2016-01-06T11:44:46+0000 9.3
2016-01-06T12:00:02+0000 9.6
2016-01-06T12:15:18+0000 9.8
2016-01-06T12:30:33+0000 9.9
2016-01-06T12:45:49+0000 10.0
2016-01-06T13:01:05+0000 9.9
2016-01-06T13:16:20+0000 9.9
2016-01-06T13:31:36+0000 9.9
2016-01-06T13:46:52+0000 9.9
2016-01-06T14:02:08+0000 10.0
2016-01-06T14:17:23+0000 10.1
2016-01-06T14:32:39+0000 10.2
2016-01-06T14:47:55+0000 10.1
2016-01-06T15:03:11+0000 10.2
2016-01-06T15:18:26+0000 10.1
2016-01-06T15:33:42+0000 10.1
2016-01-06T15:48:58+0000 10.1
2016-01-06T16:04:13+0000 10.0
2016-01-06T16:47:44+0000 10.5
2016-01-06T17:02:44+0000 10.4
2016-01-06T17:18:00+0000 10.1
2016-01-06T17:33:16+0000 10.0
2016-01-06T17:48:31+0000 9.9
2016-01-06T18:03:47+0000 10.7
2016-01-06T18:19:03+0000 9.9
2016-01-06T18:34:19+0000 10.0
2016-01-06T18:49:34+0000 9.9
2016-01-06T19:04:50+0000 10.0
2016-01-06T19:20:06+0000 10.0
2016-01-06T19:35:22+0000 9.9
2016-01-06T19:50:37+0000 9.8
2016-01-06T20:05:53+0000 9.6
2016-01-06T20:21:09+0000 9.7
2016-01-06T20:36:25+0000 9.7
2016-01-06T20:51:40+0000 9.7
2016-01-06T21:06:56+0000 9.6
2016-01-06T21:22:12+0000 9.6
2016-01-06T21:37:28+0000 9.5
2016-01-06T21:52:44+0000 9.5
2016-01-06T22:08:00+0000 9.5
2016-01-06T22:23:15+0000 9.1
2016-01-06T22:38:31+0000 9.2
2016-01-06T22:53:47+0000 9.1
2016-01-06T23:09:03+0000 8.9
2016-01-06T23:24:18+0000 8.8
2016-01-06T23:39:34+0000 8.8
2016-01-06T23:54:50+0000 8.6
