2016-06-23T00:05:50+0000 28.8
2016-06-23T00:21:04+0000 28.6
2016-06-23T00:36:18+0000 28.3
2016-06-23T00:51:32+0000 28.1
2016-06-23T01:06:47+0000 27.7
2016-06-23T01:22:01+0000 27.5
2016-06-23T01:37:15+0000 27.2
2016-06-23T01:52:29+0000 26.9
2016-06-23T02:07:43+0000 26.7
2016-06-23T02:22:57+0000 26.5
2016-06-23T02:38:12+0000 26.3
2016-06-23T02:53:26+0000 25.9
2016-06-23T03:08:40+0000 25.8
2016-06-23T03:23:55+0000 25.6
2016-06-23T03:39:09+0000 25.4
2016-06-23T03:54:23+0000 25.2
2016-06-23T04:09:37+0000 25.0
2016-06-23T04:24:52+0000 24.8
2016-06-23T04:40:06+0000 24.6
2016-06-23T04:55:21+0000 24.4
2016-06-23T05:10:35+0000 24.4
2016-06-23T05:25:49+0000 24.3
2016-06-23T05:41:04+0000 24.1
2016-06-23T05:56:18+0000 24.1
2016-06-23T06:11:33+0000 24.0
2016-06-23T06:26:47+0000 24.2
2016-06-23T06:42:02+0000 24.4
2016-06-23T06:57:16+0000 24.8
2016-06-23T07:12:30+0000 25.5
2016-06-23T07:27:45+0000 26.3
2016-06-23T07:42:59+0000 27.2
2016-06-23T07:58:13+0000 28.2
2016-06-23T08:13:28+0000 29.0
2016-06-23T08:28:42+0000 30.0
2016-06-23T08:43:56+0000 31.0
2016-06-23T08:59:10+0000 32.0
2016-06-23T09:14:24+0000 33.2
2016-06-23T09:29:38+0000 34.4
2016-06-23T09:44:52+0000 35.4
2016-06-23T10:00:06+0000 36.5
2016-06-23T10:15:20+0000 37.4
2016-06-23T10:30:33+0000 38.4
2016-06-23T10:45:47+0000 39.3
2016-06-23T11:01:00+0000 40.1
2016-06-23T11:16:13+0000 40.8
2016-06-23T11:31:26+0000 41.6
2016-06-23T11:46:40+0000 42.3
2016-06-23T12:01:53+0000 42.8
2016-06-23T12:17:05+0000 43.4
2016-06-23T12:32:18+0000 44.0
2016-06-23T12:47:31+0000 44.5
2016-06-23T13:02:44+0000 45.0
2016-06-23T13:17:57+0000 45.3
2016-06-23T13:33:09+0000 45.6
2016-06-23T13:48:22+0000 45.8
2016-06-23T14:03:35+0000 46.0
2016-06-23T14:18:47+0000 46.2
2016-06-23T14:34:00+0000 46.3
2016-06-23T14:49:12+0000 46.3
2016-06-23T15:04:24+0000 46.4
2016-06-23T15:19:37+0000 46.4
2016-06-23T15:34:49+0000 46.0
2016-06-23T15:50:02+0000 45.9
2016-06-23T16:05:14+0000 45.7
2016-06-23T16:20:27+0000 45.5
2016-06-23T16:35:39+0000 45.2
2016-06-23T16:50:52+0000 44.8
2016-06-23T17:06:04+0000 44.4
2016-06-23T17:21:17+0000 44.1
2016-06-23T17:36:30+0000 43.9
2016-06-23T17:51:42+0000 43.6
2016-06-23T18:06:55+0000 43.2
2016-06-23T18:22:08+0000 42.8
2016-06-23T18:37:20+0000 42.5
2016-06-23T18:52:33+0000 42.2
2016-06-23T19:07:46+0000 41.7
2016-06-23T19:22:59+0000 41.5
2016-06-23T19:38:11+0000 40.9
2016-06-23T19:53:24+0000 40.4
2016-06-23T20:08:37+0000 39.9
2016-06-23T20:23:50+0000 39.2
2016-06-23T20:39:03+0000 38.5
2016-06-23T20:54:16+0000 38.0
2016-06-23T21:09:29+0000 37.4
2016-06-23T21:24:42+0000 37.0
2016-06-23T21:39:55+0000 36.4
2016-06-23T21:55:09+0000 36.0
2016-06-23T22:10:22+0000 35.6
2016-06-23T22:25:35+0000 35.0
2016-06-23T22:40:49+0000 34.7
2016-06-23T22:56:02+0000 34.3
2016-06-23T23:11:16+0000 33.9
2016-06-23T23:26:29+0000 33.5
2016-06-23T23:41:43+0000 33.2
2016-06-23T23:56:57+0000 32.7
