2016-04-28T00:08:16+0000 9.2
2016-04-28T00:23:32+0000 9.2
2016-04-28T00:38:47+0000 9.1
2016-04-28T00:54:02+0000 8.9
2016-04-28T01:09:18+0000 8.8
2016-04-28T01:24:33+0000 8.7
2016-04-28T01:39:48+0000 8.6
2016-04-28T01:55:04+0000 8.4
2016-04-28T02:10:19+0000 8.2
2016-04-28T02:25:34+0000 8.1
2016-04-28T02:40:50+0000 8.1
2016-04-28T02:56:05+0000 8.0
2016-04-28T03:11:21+0000 7.7
2016-04-28T03:26:36+0000 7.7
2016-04-28T03:41:51+0000 7.6
2016-04-28T03:57:07+0000 7.5
2016-04-28T04:12:22+0000 7.4
2016-04-28T04:27:37+0000 7.4
2016-04-28T04:42:53+0000 7.4
2016-04-28T04:58:08+0000 7.3
2016-04-28T05:13:23+0000 7.4
2016-04-28T05:28:39+0000 7.4
2016-04-28T05:43:54+0000 7.4
2016-04-28T05:59:10+0000 7.4
2016-04-28T06:14:25+0000 7.5
2016-04-28T06:29:40+0000 7.7
2016-04-28T06:44:56+0000 7.8
2016-04-28T07:00:11+0000 8.6
2016-04-28T07:15:27+0000 8.2
2016-04-28T07:30:42+0000 8.3
2016-04-28T07:45:57+0000 8.4
2016-04-28T08:01:13+0000 8.5
2016-04-28T08:16:28+0000 8.6
2016-04-28T08:31:44+0000 8.5
2016-04-28T08:46:59+0000 8.6
2016-04-28T09:02:15+0000 8.6
2016-04-28T09:17:30+0000 8.6
2016-04-28T09:32:46+0000 9.0
2016-04-28T09:48:01+0000 9.1
2016-04-28T10:03:16+0000 9.2
2016-04-28T10:18:32+0000 9.5
2016-04-28T10:33:47+0000 9.8
2016-04-28T10:49:02+0000 10.2
2016-04-28T11:04:17+0000 10.8
2016-04-28T11:19:33+0000 11.8
2016-04-28T11:34:48+0000 12.6
2016-04-28T11:50:03+0000 12.8
2016-04-28T12:05:18+0000 13.2
2016-04-28T12:20:34+0000 13.6
2016-04-28T12:35:49+0000 14.1
2016-04-28T12:51:04+0000 14.8
2016-04-28T13:06:19+0000 15.1
2016-04-28T13:21:34+0000 15.1
2016-04-28T13:36:49+0000 15.1
2016-04-28T13:52:04+0000 15.2
2016-04-28T14:07:20+0000 15.3
2016-04-28T14:22:35+0000 15.3
2016-04-28T14:37:50+0000 15.4
2016-04-28T14:53:05+0000 15.5
2016-04-28T15:08:20+0000 15.6
2016-04-28T15:23:35+0000 16.0
2016-04-28T15:38:50+0000 16.3
2016-04-28T15:54:05+0000 16.6
2016-04-28T16:09:20+0000 16.7
2016-04-28T16:24:35+0000 16.7
2016-04-28T16:39:50+0000 16.9
2016-04-28T16:55:05+0000 16.5
2016-04-28T17:10:20+0000 16.6
2016-04-28T17:25:35+0000 16.6
2016-04-28T17:40:50+0000 16.6
2016-04-28T17:56:05+0000 16.6
2016-04-28T18:11:20+0000 16.5
2016-04-28T18:26:35+0000 16.5
2016-04-28T18:41:50+0000 16.2
2016-04-28T18:57:05+0000 15.7
2016-04-28T19:12:20+0000 15.1
2016-04-28T19:27:35+0000 14.7
2016-04-28T19:42:50+0000 14.4
2016-04-28T19:58:05+0000 14.0
2016-04-28T20:13:20+0000 13.6
2016-04-28T20:28:35+0000 13.3
2016-04-28T20:43:50+0000 13.0
2016-04-28T20:59:05+0000 12.8
2016-04-28T21:14:20+0000 12.5
2016-04-28T21:29:35+0000 12.2
2016-04-28T21:44:51+0000 11.9
2016-04-28T22:00:06+0000 11.7
2016-04-28T22:15:21+0000 11.4
2016-04-28T22:30:36+0000 11.2
2016-04-28T22:45:51+0000 11.0
2016-04-28T23:01:06+0000 10.7
2016-04-28T23:16:22+0000 10.6
2016-04-28T23:31:37+0000 10.3
2016-04-28T23:46:52+0000 10.1
