2015-12-08T00:03:12+0000 9.2
2015-12-08T00:18:28+0000 9.2
2015-12-08T00:33:43+0000 9.1
2015-12-08T00:48:59+0000 9.0
2015-12-08T01:04:14+0000 8.8
2015-12-08T01:19:30+0000 8.7
2015-12-08T01:34:45+0000 8.6
2015-12-08T01:50:01+0000 8.4
2015-12-08T02:05:17+0000 8.4
2015-12-08T02:20:32+0000 8.2
2015-12-08T02:35:48+0000 8.1
2015-12-08T02:51:03+0000 8.0
2015-12-08T03:06:19+0000 8.1
2015-12-08T03:21:35+0000 7.9
2015-12-08T03:36:50+0000 7.8
2015-12-08T03:52:06+0000 7.7
2015-12-08T04:07:22+0000 7.6
2015-12-08T04:22:37+0000 7.6
2015-12-08T04:37:53+0000 7.5
2015-12-08T04:53:09+0000 7.3
2015-12-08T05:08:24+0000 7.2
2015-12-08T05:23:40+0000 7.2
2015-12-08T05:38:55+0000 7.1
2015-12-08T05:54:11+0000 7.0
2015-12-08T06:09:27+0000 6.9
2015-12-08T06:24:42+0000 6.7
2015-12-08T06:39:58+0000 6.7
2015-12-08T06:55:14+0000 6.7
2015-12-08T07:10:29+0000 6.7
2015-12-08T07:25:45+0000 6.5
2015-12-08T07:41:01+0000 6.5
2015-12-08T07:56:16+0000 6.6
2015-12-08T08:11:32+0000 6.5
2015-12-08T08:26:48+0000 6.5
2015-12-08T08:42:04+0000 6.5
2015-12-08T08:57:19+0000 6.5
2015-12-08T09:12:35+0000 6.8
2015-12-08T09:27:51+0000 7.0
2015-12-08T09:43:06+0000 7.5
2015-12-08T09:58:22+0000 8.0
2015-12-08T10:13:38+0000 8.5
2015-12-08T10:28:54+0000 8.8
2015-12-08T10:44:09+0000 8.9
2015-12-08T10:59:25+0000 9.2
2015-12-08T11:14:41+0000 9.6
2015-12-08T11:29:56+0000 9.9
2015-12-08T11:45:12+0000 10.3
2015-12-08T12:00:27+0000 10.7
2015-12-08T12:15:43+0000 11.0
2015-12-08T12:30:58+0000 11.3
2015-12-08T12:46:14+0000 11.6
2015-12-08T13:01:29+0000 11.8
2015-12-08T13:16:45+0000 11.9
2015-12-08T13:32:00+0000 12.0
2015-12-08T13:47:16+0000 12.0
2015-12-08T14:02:31+0000 12.0
2015-12-08T14:17:47+0000 12.2
2015-12-08T14:33:02+0000 12.2
2015-12-08T14:48:18+0000 12.2
2015-12-08T15:03:33+0000 12.1
2015-12-08T15:18:49+0000 12.2
2015-12-08T15:34:04+0000 12.2
2015-12-08T15:49:20+0000 12.0
2015-12-08T16:04:35+0000 11.8
2015-12-08T16:19:51+0000 11.6
2015-12-08T16:35:06+0000 11.4
2015-12-08T16:50:22+0000 11.1
2015-12-08T17:05:37+0000 11.0
2015-12-08T17:20:53+0000 11.0
2015-12-08T17:36:08+0000 10.9
2015-12-08T17:51:24+0000 10.7
2015-12-08T18:06:40+0000 10.8
2015-12-08T18:21:55+0000 10.5
2015-12-08T18:37:11+0000 10.6
2015-12-08T18:52:26+0000 10.5
2015-12-08T19:07:42+0000 10.7
2015-12-08T19:22:57+0000 10.4
2015-12-08T19:38:13+0000 10.2
2015-12-08T19:53:28+0000 10.2
2015-12-08T20:08:44+0000 10.1
2015-12-08T20:23:59+0000 9.9
2015-12-08T20:39:15+0000 9.7
2015-12-08T20:54:30+0000 9.6
2015-12-08T21:09:46+0000 9.5
2015-12-08T21:25:01+0000 9.5
2015-12-08T21:40:17+0000 9.4
2015-12-08T21:55:32+0000 9.4
2015-12-08T22:10:48+0000 9.5
2015-12-08T22:26:03+0000 9.5
2015-12-08T22:41:19+0000 9.4
2015-12-08T22:56:34+0000 9.2
2015-12-08T23:11:50+0000 9.2
2015-12-08T23:27:05+0000 9.0
2015-12-08T23:42:21+0000 9.0
2015-12-08T23:57:37+0000 9.1
