2016-07-01T00:10:20+0000 23.7
2016-07-01T00:25:35+0000 23.5
2016-07-01T00:40:49+0000 23.3
2016-07-01T00:56:04+0000 23.2
2016-07-01T01:11:18+0000 23.1
2016-07-01T01:26:33+0000 22.9
2016-07-01T01:41:47+0000 22.8
2016-07-01T01:57:02+0000 22.7
2016-07-01T02:12:17+0000 22.7
2016-07-01T02:27:31+0000 22.5
2016-07-01T02:42:46+0000 22.4
2016-07-01T02:58:00+0000 22.2
2016-07-01T03:13:15+0000 22.0
2016-07-01T03:28:29+0000 21.9
2016-07-01T03:43:44+0000 21.9
2016-07-01T03:58:59+0000 21.6
2016-07-01T04:14:13+0000 21.5
2016-07-01T04:29:28+0000 21.5
2016-07-01T04:44:42+0000 21.5
2016-07-01T04:59:57+0000 21.4
2016-07-01T05:15:12+0000 21.4
2016-07-01T05:30:26+0000 21.5
2016-07-01T05:45:41+0000 21.4
2016-07-01T06:00:56+0000 21.5
2016-07-01T06:16:10+0000 21.6
2016-07-01T06:31:25+0000 21.7
2016-07-01T06:46:39+0000 21.9
2016-07-01T07:01:54+0000 22.0
2016-07-01T07:17:09+0000 22.4
2016-07-01T07:32:23+0000 22.9
2016-07-01T07:47:38+0000 23.4
2016-07-01T08:02:52+0000 24.0
2016-07-01T08:18:07+0000 25.0
2016-07-01T08:33:21+0000 25.9
2016-07-01T08:48:36+0000 26.6
2016-07-01T09:03:50+0000 27.6
2016-07-01T09:19:05+0000 28.1
2016-07-01T09:34:19+0000 28.2
2016-07-01T09:49:33+0000 28.6
2016-07-01T10:04:47+0000 29.0
2016-07-01T10:20:02+0000 29.9
2016-07-01T10:35:16+0000 31.0
2016-07-01T10:50:30+0000 31.3
2016-07-01T11:05:44+0000 32.2
2016-07-01T11:20:58+0000 32.1
2016-07-01T11:36:12+0000 32.1
2016-07-01T11:51:26+0000 31.9
2016-07-01T12:06:40+0000 31.8
2016-07-01T12:21:54+0000 32.2
2016-07-01T12:37:08+0000 32.9
2016-07-01T12:52:21+0000 33.4
2016-07-01T13:07:35+0000 34.1
2016-07-01T13:22:49+0000 34.6
2016-07-01T13:38:03+0000 35.0
2016-07-01T13:53:17+0000 35.5
2016-07-01T14:08:30+0000 35.8
2016-07-01T14:23:44+0000 36.2
2016-07-01T14:38:58+0000 36.5
2016-07-01T14:54:11+0000 36.7
2016-07-01T15:09:25+0000 36.6
2016-07-01T15:24:38+0000 36.5
2016-07-01T15:39:52+0000 36.6
2016-07-01T15:55:05+0000 36.5
2016-07-01T16:10:19+0000 36.3
2016-07-01T16:25:32+0000 36.0
2016-07-01T16:40:46+0000 35.8
2016-07-01T16:55:59+0000 35.8
2016-07-01T17:11:13+0000 35.5
2016-07-01T17:26:26+0000 35.1
2016-07-01T17:41:40+0000 35.0
2016-07-01T17:56:53+0000 34.8
2016-07-01T18:12:07+0000 34.7
2016-07-01T18:27:20+0000 34.4
2016-07-01T18:42:34+0000 33.9
2016-07-01T18:57:48+0000 33.5
2016-07-01T19:13:01+0000 33.1
2016-07-01T19:28:15+0000 32.6
2016-07-01T19:43:29+0000 32.3
2016-07-01T19:58:42+0000 32.0
2016-07-01T20:13:56+0000 31.7
2016-07-01T20:29:10+0000 31.4
2016-07-01T20:44:24+0000 31.1
2016-07-01T20:59:38+0000 30.8
2016-07-01T21:14:51+0000 30.4
2016-07-01T21:30:05+0000 30.0
2016-07-01T21:45:19+0000 29.6
2016-07-01T22:00:33+0000 29.3
2016-07-01T22:15:47+0000 28.9
2016-07-01T22:31:01+0000 28.5
2016-07-01T22:46:15+0000 28.2
2016-07-01T23:01:29+0000 27.9
2016-07-01T23:16:43+0000 27.6
2016-07-01T23:31:58+0000 27.3
2016-07-01T23:47:12+0000 27.0
