2015-12-30T00:09:00+0000 9.2
2015-12-30T00:24:16+0000 9.1
2015-12-30T00:39:32+0000 8.8
2015-12-30T00:54:48+0000 8.8
2015-12-30T01:10:03+0000 8.8
2015-12-30T01:25:19+0000 8.6
2015-12-30T01:40:35+0000 8.5
2015-12-30T01:55:51+0000 8.4
2015-12-30T02:11:06+0000 8.5
2015-12-30T02:26:22+0000 8.4
2015-12-30T02:41:38+0000 8.1
2015-12-30T02:56:54+0000 8.3
2015-12-30T03:12:09+0000 8.1
2015-12-30T03:27:25+0000 8.2
2015-12-30T03:42:41+0000 8.3
2015-12-30T03:57:57+0000 8.3
2015-12-30T04:13:12+0000 8.2
2015-12-30T04:28:28+0000 8.2
2015-12-30T04:43:44+0000 8.4
2015-12-30T04:59:00+0000 8.4
2015-12-30T05:14:16+0000 8.4
2015-12-30T05:29:31+0000 8.4
2015-12-30T05:44:47+0000 8.4
2015-12-30T06:00:03+0000 8.3
2015-12-30T06:15:19+0000 8.5
2015-12-30T06:30:34+0000 8.5
2015-12-30T06:45:50+0000 8.4
2015-12-30T07:01:06+0000 8.5
2015-12-30T07:16:22+0000 8.4
2015-12-30T07:31:37+0000 8.5
2015-12-30T07:46:53+0000 8.5
2015-12-30T08:02:09+0000 8.4
2015-12-30T08:17:25+0000 8.3
2015-12-30T08:32:41+0000 8.3
2015-12-30T08:47:56+0000 8.2
2015-12-30T09:03:12+0000 8.2
2015-12-30T09:18:28+0000 8.1
2015-12-30T09:33:44+0000 8.1
2015-12-30T09:49:00+0000 8.6
2015-12-30T10:04:15+0000 9.0
2015-12-30T10:19:31+0000 9.3
2015-12-30T10:34:47+0000 9.9
2015-12-30T10:50:03+0000 10.1
2015-12-30T11:05:19+0000 10.6
2015-12-30T11:20:34+0000 11.0
2015-12-30T11:35:50+0000 11.3
2015-12-30T11:51:06+0000 11.5
2015-12-30T12:06:22+0000 11.7
2015-12-30T12:21:37+0000 11.9
2015-12-30T12:36:53+0000 12.1
2015-12-30T12:52:09+0000 12.0
2015-12-30T13:07:24+0000 12.3
2015-12-30T13:22:40+0000 12.3
2015-12-30T13:37:56+0000 12.3
2015-12-30T13:53:11+0000 12.3
2015-12-30T14:08:27+0000 11.9
2015-12-30T14:23:43+0000 11.7
2015-12-30T14:38:58+0000 11.6
2015-12-30T14:54:14+0000 11.5
2015-12-30T15:09:30+0000 11.5
2015-12-30T15:24:45+0000 11.5
2015-12-30T15:40:01+0000 11.5
2015-12-30T15:55:17+0000 11.3
2015-12-30T16:10:32+0000 11.3
2015-12-30T16:25:48+0000 11.0
2015-12-30T16:41:04+0000 10.8
2015-12-30T16:56:19+0000 10.6
2015-12-30T17:11:35+0000 10.4
2015-12-30T17:26:51+0000 10.2
2015-12-30T17:42:06+0000 10.2
2015-12-30T17:57:22+0000 10.1
2015-12-30T18:12:38+0000 9.9
2015-12-30T18:27:54+0000 9.8
2015-12-30T18:43:09+0000 9.6
2015-12-30T18:58:25+0000 9.5
2015-12-30T19:13:41+0000 9.4
2015-12-30T19:28:57+0000 9.3
2015-12-30T19:44:12+0000 9.3
2015-12-30T19:59:28+0000 9.2
2015-12-30T20:14:44+0000 9.2
2015-12-30T20:30:00+0000 9.0
2015-12-30T20:45:16+0000 8.9
2015-12-30T21:00:32+0000 8.9
2015-12-30T21:15:47+0000 8.8
2015-12-30T21:31:03+0000 8.9
2015-12-30T21:46:19+0000 8.9
2015-12-30T22:01:35+0000 8.9
2015-12-30T22:16:51+0000 8.6
2015-12-30T22:32:06+0000 8.5
2015-12-30T22:47:22+0000 8.4
2015-12-30T23:02:38+0000 8.4
2015-12-30T23:17:54+0000 8.6
2015-12-30T23:33:10+0000 8.5
2015-12-30T23:48:25+0000 8.5
