2015-12-11T00:02:00+0000 6.7
2015-12-11T00:17:16+0000 6.7
2015-12-11T00:32:31+0000 6.6
2015-12-11T00:47:47+0000 6.6
2015-12-11T01:03:03+0000 6.5
2015-12-11T01:18:18+0000 6.4
2015-12-11T01:33:34+0000 6.4
2015-12-11T01:48:50+0000 6.3
2015-12-11T02:04:05+0000 6.3
2015-12-11T02:19:21+0000 6.1
2015-12-11T02:34:36+0000 6.2
2015-12-11T02:49:52+0000 6.2
2015-12-11T03:05:08+0000 6.2
2015-12-11T03:20:24+0000 6.1
2015-12-11T03:35:39+0000 6.1
2015-12-11T03:50:55+0000 6.1
2015-12-11T04:06:11+0000 6.0
2015-12-11T04:21:26+0000 6.1
2015-12-11T04:36:42+0000 6.0
2015-12-11T04:51:58+0000 6.1
2015-12-11T05:07:14+0000 6.0
2015-12-11T05:22:29+0000 6.0
2015-12-11T05:37:45+0000 5.9
2015-12-11T05:53:01+0000 5.9
2015-12-11T06:08:17+0000 5.9
2015-12-11T06:23:33+0000 5.8
2015-12-11T06:38:48+0000 5.8
2015-12-11T06:54:04+0000 5.7
2015-12-11T07:09:20+0000 5.6
2015-12-11T07:24:36+0000 5.5
2015-12-11T07:39:52+0000 5.3
2015-12-11T07:55:07+0000 5.3
2015-12-11T08:10:23+0000 5.5
2015-12-11T08:25:39+0000 5.7
2015-12-11T08:40:55+0000 5.7
2015-12-11T08:56:10+0000 5.7
2015-12-11T09:11:26+0000 5.8
2015-12-11T09:26:42+0000 5.8
2015-12-11T09:41:58+0000 6.0
2015-12-11T09:57:14+0000 6.1
2015-12-11T10:12:30+0000 6.3
2015-12-11T10:27:45+0000 6.5
2015-12-11T10:43:01+0000 6.8
2015-12-11T10:58:17+0000 7.2
2015-12-11T11:13:33+0000 7.3
2015-12-11T11:28:49+0000 7.5
2015-12-11T11:44:04+0000 7.6
2015-12-11T11:59:20+0000 7.8
2015-12-11T12:14:36+0000 7.9
2015-12-11T12:29:52+0000 8.0
2015-12-11T12:45:08+0000 8.2
2015-12-11T13:00:23+0000 8.2
2015-12-11T13:15:39+0000 8.5
2015-12-11T13:30:55+0000 8.6
2015-12-11T13:46:10+0000 8.8
2015-12-11T14:01:26+0000 8.9
2015-12-11T14:16:42+0000 9.1
2015-12-11T14:31:57+0000 9.3
2015-12-11T14:47:13+0000 9.4
2015-12-11T15:02:29+0000 9.5
2015-12-11T15:17:44+0000 9.5
2015-12-11T15:33:00+0000 9.6
2015-12-11T15:48:16+0000 9.6
2015-12-11T16:03:31+0000 9.6
2015-12-11T16:18:47+0000 9.7
2015-12-11T16:34:03+0000 9.6
2015-12-11T16:49:18+0000 9.7
2015-12-11T17:04:34+0000 9.6
2015-12-11T17:19:50+0000 9.7
2015-12-11T17:35:06+0000 9.7
2015-12-11T17:50:21+0000 9.7
2015-12-11T18:05:37+0000 9.8
2015-12-11T18:20:52+0000 9.8
2015-12-11T18:36:08+0000 9.8
2015-12-11T18:51:24+0000 9.8
2015-12-11T19:06:39+0000 9.7
2015-12-11T19:21:55+0000 9.9
2015-12-11T19:37:11+0000 9.8
2015-12-11T19:52:26+0000 9.7
2015-12-11T20:07:42+0000 9.7
2015-12-11T20:22:58+0000 9.7
2015-12-11T20:38:13+0000 9.7
2015-12-11T20:53:29+0000 9.6
2015-12-11T21:08:45+0000 9.6
2015-12-11T21:24:00+0000 9.6
2015-12-11T21:39:16+0000 9.7
2015-12-11T21:54:32+0000 9.6
2015-12-11T22:09:47+0000 9.6
2015-12-11T22:25:03+0000 9.6
2015-12-11T22:40:18+0000 9.6
2015-12-11T22:55:34+0000 9.6
2015-12-11T23:10:50+0000 9.7
2015-12-11T23:26:05+0000 9.8
2015-12-11T23:41:21+0000 9.9
2015-12-11T23:56:37+0000 9.9
