2016-06-22T00:13:51+0000 23.4
2016-06-22T00:29:06+0000 23.3
2016-06-22T00:44:21+0000 23.2
2016-06-22T00:59:35+0000 23.0
2016-06-22T01:14:50+0000 23.0
2016-06-22T01:30:05+0000 22.8
2016-06-22T01:45:20+0000 22.8
2016-06-22T02:00:34+0000 22.6
2016-06-22T02:15:49+0000 22.5
2016-06-22T02:31:04+0000 22.6
2016-06-22T02:46:19+0000 22.5
2016-06-22T03:01:33+0000 22.3
2016-06-22T03:16:48+0000 22.3
2016-06-22T03:32:03+0000 22.2
2016-06-22T03:47:17+0000 22.2
2016-06-22T04:02:32+0000 22.1
2016-06-22T04:17:47+0000 22.1
2016-06-22T04:33:02+0000 22.0
2016-06-22T04:48:16+0000 22.0
2016-06-22T05:03:31+0000 21.8
2016-06-22T05:18:46+0000 21.9
2016-06-22T05:34:01+0000 21.9
2016-06-22T05:49:16+0000 21.9
2016-06-22T06:04:30+0000 21.9
2016-06-22T06:19:45+0000 22.0
2016-06-22T06:35:00+0000 21.9
2016-06-22T06:50:15+0000 21.9
2016-06-22T07:05:29+0000 22.0
2016-06-22T07:20:44+0000 22.4
2016-06-22T07:35:59+0000 22.7
2016-06-22T07:51:14+0000 23.3
2016-06-22T08:06:29+0000 24.1
2016-06-22T08:21:43+0000 24.8
2016-06-22T08:36:58+0000 25.1
2016-06-22T08:52:13+0000 25.9
2016-06-22T09:07:27+0000 27.2
2016-06-22T09:22:42+0000 28.5
2016-06-22T09:37:56+0000 29.5
2016-06-22T09:53:11+0000 30.7
2016-06-22T10:08:25+0000 32.0
2016-06-22T10:23:39+0000 32.8
2016-06-22T10:38:54+0000 33.5
2016-06-22T10:54:08+0000 34.8
2016-06-22T11:09:22+0000 35.7
2016-06-22T11:24:36+0000 36.8
2016-06-22T11:39:49+0000 37.7
2016-06-22T11:55:03+0000 38.5
2016-06-22T12:10:17+0000 39.2
2016-06-22T12:25:30+0000 39.6
2016-06-22T12:40:44+0000 40.4
2016-06-22T12:55:57+0000 40.4
2016-06-22T13:11:10+0000 40.7
2016-06-22T13:26:23+0000 40.9
2016-06-22T13:41:37+0000 41.1
2016-06-22T13:56:50+0000 41.4
2016-06-22T14:12:03+0000 41.5
2016-06-22T14:27:16+0000 41.7
2016-06-22T14:42:29+0000 41.7
2016-06-22T14:57:42+0000 41.7
2016-06-22T15:12:55+0000 41.6
2016-06-22T15:28:08+0000 41.5
2016-06-22T15:43:21+0000 41.3
2016-06-22T15:58:34+0000 41.2
2016-06-22T16:13:48+0000 40.9
2016-06-22T16:29:01+0000 40.7
2016-06-22T16:44:14+0000 40.4
2016-06-22T16:59:27+0000 40.0
2016-06-22T17:14:41+0000 39.7
2016-06-22T17:29:54+0000 39.3
2016-06-22T17:45:07+0000 39.0
2016-06-22T18:00:20+0000 38.7
2016-06-22T18:15:34+0000 38.5
2016-06-22T18:30:47+0000 38.2
2016-06-22T18:46:00+0000 37.9
2016-06-22T19:01:14+0000 37.5
2016-06-22T19:16:27+0000 37.2
2016-06-22T19:31:41+0000 36.8
2016-06-22T19:46:54+0000 36.3
2016-06-22T20:02:08+0000 35.8
2016-06-22T20:17:21+0000 35.2
2016-06-22T20:32:35+0000 34.5
2016-06-22T20:47:48+0000 33.9
2016-06-22T21:03:02+0000 33.5
2016-06-22T21:18:16+0000 33.0
2016-06-22T21:33:30+0000 32.6
2016-06-22T21:48:43+0000 32.3
2016-06-22T22:03:57+0000 31.8
2016-06-22T22:19:11+0000 31.3
2016-06-22T22:34:25+0000 31.0
2016-06-22T22:49:39+0000 30.6
2016-06-22T23:04:53+0000 30.2
2016-06-22T23:20:07+0000 29.8
2016-06-22T23:35:21+0000 29.6
2016-06-22T23:50:36+0000 29.1
