2016-04-22T00:00:57+0000 18.9
2016-04-22T00:16:12+0000 18.8
2016-04-22T00:31:26+0000 18.5
2016-04-22T00:46:41+0000 18.5
2016-04-22T01:01:56+0000 18.2
2016-04-22T01:17:11+0000 17.9
2016-04-22T01:32:26+0000 17.7
2016-04-22T01:47:40+0000 17.4
2016-04-22T02:02:55+0000 17.2
2016-04-22T02:18:10+0000 17.0
2016-04-22T02:33:25+0000 16.8
2016-04-22T02:48:40+0000 16.7
2016-04-22T03:03:55+0000 16.4
2016-04-22T03:19:10+0000 16.2
2016-04-22T03:34:24+0000 16.1
2016-04-22T03:49:39+0000 15.9
2016-04-22T04:04:54+0000 15.8
2016-04-22T04:20:09+0000 15.5
2016-04-22T04:35:24+0000 15.4
2016-04-22T04:50:39+0000 15.1
2016-04-22T05:05:54+0000 15.1
2016-04-22T05:21:09+0000 15.0
2016-04-22T05:36:24+0000 14.8
2016-04-22T05:51:39+0000 14.8
2016-04-22T06:06:54+0000 14.8
2016-04-22T06:22:09+0000 14.7
2016-04-22T06:37:24+0000 15.0
2016-04-22T06:52:39+0000 15.2
2016-04-22T07:07:54+0000 15.5
2016-04-22T07:23:10+0000 15.9
2016-04-22T07:38:25+0000 16.6
2016-04-22T07:53:40+0000 17.0
2016-04-22T08:08:55+0000 17.9
2016-04-22T08:24:09+0000 18.7
2016-04-22T08:39:24+0000 19.1
2016-04-22T08:54:39+0000 19.8
2016-04-22T09:09:54+0000 20.5
2016-04-22T09:25:09+0000 21.2
2016-04-22T09:40:24+0000 21.9
2016-04-22T09:55:38+0000 22.2
2016-04-22T10:10:53+0000 22.7
2016-04-22T10:26:07+0000 23.2
2016-04-22T10:41:22+0000 23.7
2016-04-22T10:56:37+0000 24.0
2016-04-22T11:11:51+0000 24.1
2016-04-22T11:27:06+0000 24.4
2016-04-22T11:42:20+0000 24.7
2016-04-22T11:57:35+0000 24.6
2016-04-22T12:12:49+0000 24.5
2016-04-22T12:28:04+0000 24.4
2016-04-22T12:43:18+0000 24.6
2016-04-22T12:58:33+0000 24.6
2016-04-22T13:13:47+0000 25.0
2016-04-22T13:29:02+0000 25.2
2016-04-22T13:44:16+0000 25.4
2016-04-22T13:59:31+0000 25.5
2016-04-22T14:14:45+0000 25.6
2016-04-22T14:30:00+0000 25.7
2016-04-22T14:45:14+0000 25.7
2016-04-22T15:00:28+0000 25.7
2016-04-22T15:15:43+0000 25.6
2016-04-22T15:30:57+0000 25.4
2016-04-22T15:46:12+0000 25.3
2016-04-22T16:01:26+0000 25.4
2016-04-22T16:16:40+0000 25.2
2016-04-22T16:31:55+0000 25.1
2016-04-22T16:47:09+0000 25.0
2016-04-22T17:02:24+0000 24.8
2016-04-22T17:17:38+0000 24.6
2016-04-22T17:32:52+0000 24.5
2016-04-22T17:48:07+0000 24.3
2016-04-22T18:03:21+0000 24.0
2016-04-22T18:18:36+0000 23.8
2016-04-22T18:33:50+0000 23.3
2016-04-22T18:49:05+0000 23.0
2016-04-22T19:04:19+0000 22.8
2016-04-22T19:19:34+0000 22.7
2016-04-22T19:34:49+0000 22.4
2016-04-22T19:50:03+0000 22.0
2016-04-22T20:05:18+0000 21.8
2016-04-22T20:20:32+0000 21.5
2016-04-22T20:35:47+0000 21.4
2016-04-22T20:51:02+0000 21.0
2016-04-22T21:06:16+0000 20.8
2016-04-22T21:21:31+0000 20.6
2016-04-22T21:36:45+0000 20.3
2016-04-22T21:52:00+0000 20.1
2016-04-22T22:07:15+0000 20.0
2016-04-22T22:22:29+0000 19.8
2016-04-22T22:37:44+0000 19.4
2016-04-22T22:52:59+0000 19.4
2016-04-22T23:08:14+0000 19.1
2016-04-22T23:23:28+0000 19.0
2016-04-22T23:38:43+0000 18.8
2016-04-22T23:53:58+0000 18.7
