2015-12-31T00:03:41+0000 8.4
2015-12-31T00:18:57+0000 8.1
2015-12-31T00:34:13+0000 8.0
2015-12-31T00:49:29+0000 8.1
2015-12-31T01:04:45+0000 7.9
2015-12-31T01:20:00+0000 7.7
2015-12-31T01:35:16+0000 7.8
2015-12-31T01:50:32+0000 7.4
2015-12-31T02:05:48+0000 7.5
2015-12-31T02:21:04+0000 7.4
2015-12-31T02:36:19+0000 7.3
2015-12-31T02:51:35+0000 7.5
2015-12-31T03:06:51+0000 7.4
2015-12-31T03:22:07+0000 7.3
2015-12-31T03:37:23+0000 7.3
2015-12-31T03:52:39+0000 7.4
2015-12-31T04:07:55+0000 7.4
2015-12-31T04:23:10+0000 7.3
2015-12-31T04:38:26+0000 7.2
2015-12-31T04:53:42+0000 7.3
2015-12-31T05:08:58+0000 7.2
2015-12-31T05:24:14+0000 7.2
2015-12-31T05:39:30+0000 7.2
2015-12-31T05:54:46+0000 7.2
2015-12-31T06:10:01+0000 7.4
2015-12-31T06:25:17+0000 7.1
2015-12-31T06:40:33+0000 7.3
2015-12-31T06:55:49+0000 7.4
2015-12-31T07:11:05+0000 7.3
2015-12-31T07:26:21+0000 7.4
2015-12-31T07:41:36+0000 7.6
2015-12-31T07:56:52+0000 7.5
2015-12-31T08:12:08+0000 7.4
2015-12-31T08:27:24+0000 7.6
2015-12-31T08:42:40+0000 7.4
2015-12-31T08:57:56+0000 7.5
2015-12-31T09:13:12+0000 7.5
2015-12-31T09:28:28+0000 7.5
2015-12-31T09:43:43+0000 7.5
2015-12-31T09:58:59+0000 7.6
2015-12-31T10:14:15+0000 7.7
2015-12-31T10:29:31+0000 7.7
2015-12-31T10:44:47+0000 7.7
2015-12-31T11:00:03+0000 7.9
2015-12-31T11:15:19+0000 7.9
2015-12-31T11:30:35+0000 8.1
2015-12-31T11:45:50+0000 8.4
2015-12-31T12:01:06+0000 8.5
2015-12-31T12:16:22+0000 8.6
2015-12-31T12:31:38+0000 8.6
2015-12-31T12:46:54+0000 8.7
2015-12-31T13:02:09+0000 9.0
2015-12-31T13:17:25+0000 9.1
2015-12-31T13:32:41+0000 9.2
2015-12-31T13:47:56+0000 9.5
2015-12-31T14:03:12+0000 9.7
2015-12-31T14:18:28+0000 9.8
2015-12-31T14:33:44+0000 9.9
2015-12-31T14:48:59+0000 9.9
2015-12-31T15:04:15+0000 10.0
2015-12-31T15:19:31+0000 10.0
2015-12-31T15:34:46+0000 10.2
2015-12-31T15:50:02+0000 10.4
2015-12-31T16:05:18+0000 10.3
2015-12-31T16:20:34+0000 10.3
2015-12-31T16:35:49+0000 10.4
2015-12-31T16:51:05+0000 9.9
2015-12-31T17:06:21+0000 9.9
2015-12-31T17:21:37+0000 9.9
2015-12-31T17:36:52+0000 9.9
2015-12-31T17:52:08+0000 9.7
2015-12-31T18:07:24+0000 9.7
2015-12-31T18:22:39+0000 9.7
2015-12-31T18:37:55+0000 9.6
2015-12-31T18:53:11+0000 9.4
2015-12-31T19:08:27+0000 9.4
2015-12-31T19:23:42+0000 9.3
2015-12-31T19:38:58+0000 9.3
2015-12-31T19:54:14+0000 9.1
2015-12-31T20:09:30+0000 9.0
2015-12-31T20:24:46+0000 8.8
2015-12-31T20:40:01+0000 8.8
2015-12-31T20:55:17+0000 8.7
2015-12-31T21:10:33+0000 8.8
2015-12-31T21:25:49+0000 8.7
2015-12-31T21:41:04+0000 8.5
2015-12-31T21:56:20+0000 8.6
2015-12-31T22:11:36+0000 8.5
2015-12-31T22:26:52+0000 8.6
2015-12-31T22:42:07+0000 8.4
2015-12-31T22:57:23+0000 8.3
2015-12-31T23:12:39+0000 8.4
2015-12-31T23:27:55+0000 8.4
2015-12-31T23:43:10+0000 8.3
2015-12-31T23:58:26+0000 8.4
