2016-04-24T00:02:38+0000 11.1
2016-04-24T00:17:53+0000 11.1
2016-04-24T00:33:08+0000 11.0
2016-04-24T00:48:23+0000 11.0
2016-04-24T01:03:39+0000 10.8
2016-04-24T01:18:54+0000 10.8
2016-04-24T01:34:09+0000 10.7
2016-04-24T01:49:24+0000 10.7
2016-04-24T02:04:39+0000 10.5
2016-04-24T02:19:55+0000 10.6
2016-04-24T02:35:10+0000 10.5
2016-04-24T02:50:25+0000 10.3
2016-04-24T03:05:40+0000 10.3
2016-04-24T03:20:55+0000 10.3
2016-04-24T03:36:11+0000 10.1
2016-04-24T03:51:26+0000 10.1
2016-04-24T04:06:41+0000 10.1
2016-04-24T04:21:56+0000 9.9
2016-04-24T04:37:12+0000 9.8
2016-04-24T04:52:27+0000 9.7
2016-04-24T05:07:42+0000 9.6
2016-04-24T05:22:57+0000 9.6
2016-04-24T05:38:12+0000 9.6
2016-04-24T05:53:28+0000 9.5
2016-04-24T06:08:43+0000 9.4
2016-04-24T06:23:58+0000 9.4
2016-04-24T06:39:13+0000 9.5
2016-04-24T06:54:29+0000 9.7
2016-04-24T07:09:44+0000 10.1
2016-04-24T07:24:59+0000 10.2
2016-04-24T07:40:15+0000 10.6
2016-04-24T07:55:30+0000 11.3
2016-04-24T08:10:45+0000 12.0
2016-04-24T08:26:00+0000 12.6
2016-04-24T08:41:16+0000 12.8
2016-04-24T08:56:31+0000 13.3
2016-04-24T09:11:46+0000 13.8
2016-04-24T09:27:01+0000 14.2
2016-04-24T09:42:16+0000 14.7
2016-04-24T09:57:31+0000 15.0
2016-04-24T10:12:46+0000 15.6
2016-04-24T10:28:01+0000 16.3
2016-04-24T10:43:16+0000 16.3
2016-04-24T10:58:31+0000 16.9
2016-04-24T11:13:45+0000 17.0
2016-04-24T11:29:00+0000 17.1
2016-04-24T11:44:15+0000 17.6
2016-04-24T11:59:30+0000 17.3
2016-04-24T12:14:45+0000 16.5
2016-04-24T12:30:00+0000 16.2
2016-04-24T12:45:15+0000 17.0
2016-04-24T13:00:30+0000 17.1
2016-04-24T13:15:45+0000 17.1
2016-04-24T13:31:00+0000 17.7
2016-04-24T13:46:14+0000 18.4
2016-04-24T14:01:29+0000 18.9
2016-04-24T14:16:44+0000 18.5
2016-04-24T14:31:59+0000 17.9
2016-04-24T14:47:14+0000 17.6
2016-04-24T15:02:29+0000 17.4
2016-04-24T15:17:43+0000 16.7
2016-04-24T15:32:58+0000 15.8
2016-04-24T15:48:13+0000 15.3
2016-04-24T16:03:28+0000 15.3
2016-04-24T16:18:43+0000 15.5
2016-04-24T16:33:58+0000 15.3
2016-04-24T16:49:13+0000 15.3
2016-04-24T17:04:28+0000 15.4
2016-04-24T17:19:43+0000 15.4
2016-04-24T17:34:58+0000 15.6
2016-04-24T17:50:13+0000 15.3
2016-04-24T18:05:28+0000 15.2
2016-04-24T18:20:43+0000 15.2
2016-04-24T18:35:58+0000 15.0
2016-04-24T18:51:13+0000 14.7
2016-04-24T19:06:28+0000 14.3
2016-04-24T19:21:42+0000 14.2
2016-04-24T19:36:57+0000 13.9
2016-04-24T19:52:12+0000 13.5
2016-04-24T20:07:27+0000 13.3
2016-04-24T20:22:43+0000 13.1
2016-04-24T20:37:58+0000 13.0
2016-04-24T20:53:13+0000 12.9
2016-04-24T21:08:28+0000 12.7
2016-04-24T21:23:43+0000 12.4
2016-04-24T21:38:58+0000 12.3
2016-04-24T21:54:13+0000 12.0
2016-04-24T22:09:28+0000 11.9
2016-04-24T22:24:43+0000 11.7
2016-04-24T22:39:58+0000 11.6
2016-04-24T22:55:13+0000 11.3
2016-04-24T23:10:28+0000 11.1
2016-04-24T23:25:43+0000 11.0
2016-04-24T23:40:58+0000 10.8
2016-04-24T23:56:13+0000 10.7
