2016-07-24T00:14:54+0000 27.1
2016-07-24T00:30:09+0000 26.9
2016-07-24T00:45:23+0000 26.7
2016-07-24T01:00:37+0000 26.5
2016-07-24T01:15:51+0000 26.3
2016-07-24T01:31:06+0000 26.2
2016-07-24T01:46:20+0000 26.1
2016-07-24T02:01:34+0000 26.0
2016-07-24T02:16:49+0000 25.9
2016-07-24T02:32:03+0000 25.8
2016-07-24T02:47:17+0000 25.7
2016-07-24T03:02:32+0000 25.5
2016-07-24T03:17:46+0000 25.5
2016-07-24T03:33:01+0000 25.3
2016-07-24T03:48:15+0000 25.2
2016-07-24T04:03:29+0000 25.2
2016-07-24T04:18:44+0000 25.1
2016-07-24T04:33:58+0000 25.1
2016-07-24T04:49:13+0000 24.9
2016-07-24T05:04:27+0000 24.8
2016-07-24T05:19:42+0000 24.9
2016-07-24T05:34:56+0000 24.8
2016-07-24T05:50:10+0000 24.8
2016-07-24T06:05:25+0000 24.8
2016-07-24T06:20:39+0000 24.8
2016-07-24T06:35:54+0000 25.0
2016-07-24T06:51:08+0000 25.1
2016-07-24T07:06:23+0000 25.2
2016-07-24T07:21:37+0000 25.3
2016-07-24T07:36:52+0000 25.5
2016-07-24T07:52:06+0000 25.8
2016-07-24T08:07:20+0000 26.0
2016-07-24T08:22:35+0000 26.2
2016-07-24T08:37:49+0000 26.4
2016-07-24T08:53:04+0000 26.7
2016-07-24T09:08:18+0000 27.1
2016-07-24T09:23:32+0000 27.6
2016-07-24T09:38:47+0000 28.1
2016-07-24T09:54:01+0000 28.7
2016-07-24T10:09:15+0000 29.7
2016-07-24T10:24:29+0000 30.3
2016-07-24T10:39:44+0000 30.8
2016-07-24T10:54:58+0000 31.2
2016-07-24T11:10:12+0000 32.1
2016-07-24T11:25:26+0000 32.8
2016-07-24T11:40:40+0000 33.9
2016-07-24T11:55:54+0000 34.8
2016-07-24T12:11:07+0000 35.3
2016-07-24T12:26:21+0000 35.4
2016-07-24T12:41:35+0000 35.4
2016-07-24T12:56:49+0000 35.0
2016-07-24T13:12:02+0000 34.6
2016-07-24T13:27:16+0000 34.9
2016-07-24T13:42:30+0000 35.0
2016-07-24T13:57:44+0000 35.2
2016-07-24T14:12:57+0000 35.3
2016-07-24T14:28:11+0000 36.0
2016-07-24T14:43:25+0000 36.2
2016-07-24T14:58:38+0000 36.8
2016-07-24T15:13:52+0000 37.0
2016-07-24T15:29:05+0000 37.3
2016-07-24T15:44:19+0000 37.4
2016-07-24T15:59:32+0000 37.4
2016-07-24T16:14:46+0000 37.2
2016-07-24T16:29:59+0000 37.0
2016-07-24T16:45:13+0000 36.6
2016-07-24T17:00:26+0000 36.0
2016-07-24T17:15:40+0000 35.6
2016-07-24T17:30:53+0000 35.6
2016-07-24T17:46:07+0000 35.6
2016-07-24T18:01:20+0000 35.3
2016-07-24T18:16:34+0000 35.2
2016-07-24T18:31:47+0000 35.0
2016-07-24T18:47:01+0000 34.7
2016-07-24T19:02:15+0000 34.5
2016-07-24T19:17:28+0000 34.0
2016-07-24T19:32:42+0000 33.6
2016-07-24T19:47:56+0000 33.2
2016-07-24T20:03:09+0000 32.8
2016-07-24T20:18:23+0000 32.4
2016-07-24T20:33:37+0000 32.0
2016-07-24T20:48:51+0000 31.6
2016-07-24T21:04:05+0000 31.2
2016-07-24T21:19:19+0000 30.9
2016-07-24T21:34:33+0000 30.4
2016-07-24T21:49:46+0000 30.1
2016-07-24T22:05:00+0000 29.8
2016-07-24T22:20:14+0000 29.6
2016-07-24T22:35:29+0000 29.2
2016-07-24T22:50:43+0000 28.9
2016-07-24T23:05:57+0000 28.7
2016-07-24T23:21:11+0000 28.5
2016-07-24T23:36:25+0000 28.2
2016-07-24T23:51:39+0000 27.9
