2016-01-29T00:04:03+0000 11.4
2016-01-29T00:19:18+0000 11.5
2016-01-29T00:34:34+0000 11.3
2016-01-29T00:49:50+0000 11.4
2016-01-29T01:05:06+0000 11.3
2016-01-29T01:20:22+0000 11.1
2016-01-29T01:35:37+0000 11.0
2016-01-29T01:50:53+0000 11.0
2016-01-29T02:06:09+0000 10.8
2016-01-29T02:21:25+0000 10.8
2016-01-29T02:36:40+0000 10.7
2016-01-29T02:51:56+0000 10.6
2016-01-29T03:07:12+0000 10.4
2016-01-29T03:22:28+0000 10.2
2016-01-29T03:37:44+0000 10.2
2016-01-29T03:52:59+0000 10.2
2016-01-29T04:08:15+0000 10.1
2016-01-29T04:23:31+0000 10.0
2016-01-29T04:38:47+0000 9.9
2016-01-29T04:54:03+0000 10.0
2016-01-29T05:09:18+0000 9.9
2016-01-29T05:24:34+0000 9.6
2016-01-29T05:39:50+0000 9.5
2016-01-29T05:55:06+0000 9.3
2016-01-29T06:10:21+0000 9.2
2016-01-29T06:25:37+0000 9.2
2016-01-29T06:40:53+0000 9.1
2016-01-29T06:56:09+0000 9.1
2016-01-29T07:11:25+0000 8.9
2016-01-29T07:26:41+0000 8.9
2016-01-29T07:41:56+0000 8.8
2016-01-29T07:57:12+0000 8.8
2016-01-29T08:12:28+0000 8.8
2016-01-29T08:27:44+0000 9.0
2016-01-29T08:43:00+0000 9.3
2016-01-29T08:58:16+0000 9.7
2016-01-29T09:13:32+0000 9.9
2016-01-29T09:28:48+0000 10.2
2016-01-29T09:44:04+0000 10.0
2016-01-29T09:59:20+0000 10.5
2016-01-29T10:14:36+0000 10.8
2016-01-29T10:29:51+0000 11.2
2016-01-29T10:45:07+0000 11.0
2016-01-29T11:00:23+0000 11.5
2016-01-29T11:15:39+0000 11.8
2016-01-29T11:30:55+0000 12.3
2016-01-29T11:46:10+0000 12.1
2016-01-29T12:01:26+0000 12.3
2016-01-29T12:16:42+0000 12.7
2016-01-29T12:31:58+0000 12.8
2016-01-29T12:47:14+0000 12.9
2016-01-29T13:02:29+0000 12.9
2016-01-29T13:17:45+0000 13.1
2016-01-29T13:33:01+0000 13.1
2016-01-29T13:48:16+0000 13.1
2016-01-29T14:03:32+0000 13.1
2016-01-29T14:18:48+0000 13.2
2016-01-29T14:34:03+0000 13.3
2016-01-29T14:49:19+0000 13.4
2016-01-29T15:04:35+0000 13.4
2016-01-29T15:19:51+0000 13.2
2016-01-29T15:35:06+0000 13.2
2016-01-29T15:50:22+0000 13.2
2016-01-29T16:05:37+0000 13.2
2016-01-29T16:20:53+0000 13.1
2016-01-29T16:36:09+0000 13.0
2016-01-29T16:51:24+0000 12.8
2016-01-29T17:06:40+0000 12.6
2016-01-29T17:21:56+0000 12.5
2016-01-29T17:37:11+0000 12.2
2016-01-29T17:52:27+0000 12.1
2016-01-29T18:07:42+0000 11.8
2016-01-29T18:22:58+0000 11.6
2016-01-29T18:38:14+0000 11.5
2016-01-29T18:53:29+0000 11.3
2016-01-29T19:08:45+0000 11.1
2016-01-29T19:24:01+0000 11.0
2016-01-29T19:39:17+0000 10.9
2016-01-29T19:54:32+0000 10.7
2016-01-29T20:09:48+0000 10.7
2016-01-29T20:25:04+0000 10.4
2016-01-29T20:40:20+0000 10.2
2016-01-29T20:55:36+0000 10.2
2016-01-29T21:10:51+0000 10.1
2016-01-29T21:26:07+0000 9.9
2016-01-29T21:41:23+0000 9.7
2016-01-29T21:56:39+0000 9.7
2016-01-29T22:11:54+0000 9.6
2016-01-29T22:27:10+0000 9.6
2016-01-29T22:42:26+0000 9.5
2016-01-29T22:57:42+0000 9.5
2016-01-29T23:12:58+0000 9.4
2016-01-29T23:28:13+0000 9.4
2016-01-29T23:43:29+0000 9.4
2016-01-29T23:58:45+0000 9.3
