2016-08-11T00:01:20+0000 19.1
2016-08-11T00:16:35+0000 18.9
2016-08-11T00:31:50+0000 18.7
2016-08-11T00:47:05+0000 18.4
2016-08-11T01:02:21+0000 18.2
2016-08-11T01:17:36+0000 17.9
2016-08-11T01:32:51+0000 17.8
2016-08-11T01:48:06+0000 17.6
2016-08-11T02:03:21+0000 17.5
2016-08-11T02:18:36+0000 17.3
2016-08-11T02:33:51+0000 17.1
2016-08-11T02:49:06+0000 16.8
2016-08-11T03:04:21+0000 16.7
2016-08-11T03:19:36+0000 16.4
2016-08-11T03:34:51+0000 16.3
2016-08-11T03:50:06+0000 16.1
2016-08-11T04:05:21+0000 15.9
2016-08-11T04:20:36+0000 16.0
2016-08-11T04:35:51+0000 15.7
2016-08-11T04:51:07+0000 15.7
2016-08-11T05:06:22+0000 15.4
2016-08-11T05:21:37+0000 15.3
2016-08-11T05:36:52+0000 15.3
2016-08-11T05:52:07+0000 15.2
2016-08-11T06:07:22+0000 15.1
2016-08-11T06:22:38+0000 15.2
2016-08-11T06:37:53+0000 15.2
2016-08-11T06:53:08+0000 15.5
2016-08-11T07:08:23+0000 15.8
2016-08-11T07:23:38+0000 16.4
2016-08-11T07:38:54+0000 17.0
2016-08-11T07:54:09+0000 17.7
2016-08-11T08:09:24+0000 18.5
2016-08-11T08:24:39+0000 19.1
2016-08-11T08:39:54+0000 19.8
2016-08-11T08:55:09+0000 20.7
2016-08-11T09:10:24+0000 21.6
2016-08-11T09:25:39+0000 22.5
2016-08-11T09:40:54+0000 23.4
2016-08-11T09:56:09+0000 24.2
2016-08-11T10:11:24+0000 24.8
2016-08-11T10:26:39+0000 25.0
2016-08-11T10:41:54+0000 24.8
2016-08-11T10:57:09+0000 25.3
2016-08-11T11:12:23+0000 26.0
2016-08-11T11:27:38+0000 26.9
2016-08-11T11:42:53+0000 27.7
2016-08-11T11:58:07+0000 28.0
2016-08-11T12:13:22+0000 28.2
2016-08-11T12:28:36+0000 28.9
2016-08-11T12:43:51+0000 29.0
2016-08-11T12:59:05+0000 29.7
2016-08-11T13:14:20+0000 29.7
2016-08-11T13:29:34+0000 30.0
2016-08-11T13:44:49+0000 30.2
2016-08-11T14:00:03+0000 30.5
2016-08-11T14:15:17+0000 30.8
2016-08-11T14:30:32+0000 30.9
2016-08-11T14:45:46+0000 30.8
2016-08-11T15:01:00+0000 30.9
2016-08-11T15:16:15+0000 30.8
2016-08-11T15:31:29+0000 30.5
2016-08-11T15:46:43+0000 30.1
2016-08-11T16:01:57+0000 29.7
2016-08-11T16:17:12+0000 29.3
2016-08-11T16:32:26+0000 29.0
2016-08-11T16:47:40+0000 28.6
2016-08-11T17:02:55+0000 28.3
2016-08-11T17:18:09+0000 28.1
2016-08-11T17:33:24+0000 27.8
2016-08-11T17:48:38+0000 27.5
2016-08-11T18:03:52+0000 26.9
2016-08-11T18:19:07+0000 26.5
2016-08-11T18:34:21+0000 26.3
2016-08-11T18:49:36+0000 26.0
2016-08-11T19:04:51+0000 25.8
2016-08-11T19:20:05+0000 25.5
2016-08-11T19:35:20+0000 25.2
2016-08-11T19:50:34+0000 24.9
2016-08-11T20:05:49+0000 24.6
2016-08-11T20:21:04+0000 24.3
2016-08-11T20:36:18+0000 24.1
2016-08-11T20:51:33+0000 23.8
2016-08-11T21:06:48+0000 23.5
2016-08-11T21:22:02+0000 23.3
2016-08-11T21:37:17+0000 23.0
2016-08-11T21:52:32+0000 22.9
2016-08-11T22:07:47+0000 22.6
2016-08-11T22:23:01+0000 22.3
2016-08-11T22:38:16+0000 22.2
2016-08-11T22:53:31+0000 21.8
2016-08-11T23:08:46+0000 21.6
2016-08-11T23:24:01+0000 21.4
2016-08-11T23:39:16+0000 21.1
2016-08-11T23:54:31+0000 20.9
