2016-07-19T00:10:38+0000 28.7
2016-07-19T00:25:52+0000 28.5
2016-07-19T00:41:06+0000 28.2
2016-07-19T00:56:20+0000 27.9
2016-07-19T01:11:34+0000 27.6
2016-07-19T01:26:49+0000 27.4
2016-07-19T01:42:03+0000 27.1
2016-07-19T01:57:17+0000 26.8
2016-07-19T02:12:31+0000 26.5
2016-07-19T02:27:46+0000 26.3
2016-07-19T02:43:00+0000 26.1
2016-07-19T02:58:14+0000 25.9
2016-07-19T03:13:29+0000 25.6
2016-07-19T03:28:43+0000 25.4
2016-07-19T03:43:58+0000 25.2
2016-07-19T03:59:12+0000 25.0
2016-07-19T04:14:27+0000 24.7
2016-07-19T04:29:41+0000 24.5
2016-07-19T04:44:56+0000 24.4
2016-07-19T05:00:10+0000 24.1
2016-07-19T05:15:25+0000 24.0
2016-07-19T05:30:39+0000 23.8
2016-07-19T05:45:54+0000 23.6
2016-07-19T06:01:08+0000 23.6
2016-07-19T06:16:23+0000 23.6
2016-07-19T06:31:37+0000 23.6
2016-07-19T06:46:52+0000 23.8
2016-07-19T07:02:07+0000 24.2
2016-07-19T07:17:21+0000 24.9
2016-07-19T07:32:36+0000 25.6
2016-07-19T07:47:50+0000 26.5
2016-07-19T08:03:04+0000 27.3
2016-07-19T08:18:19+0000 28.2
2016-07-19T08:33:33+0000 29.2
2016-07-19T08:48:47+0000 30.2
2016-07-19T09:04:02+0000 31.1
2016-07-19T09:19:16+0000 32.1
2016-07-19T09:34:30+0000 33.2
2016-07-19T09:49:44+0000 34.2
2016-07-19T10:04:58+0000 35.1
2016-07-19T10:20:12+0000 36.1
2016-07-19T10:35:26+0000 36.8
2016-07-19T10:50:39+0000 37.4
2016-07-19T11:05:53+0000 38.1
2016-07-19T11:21:07+0000 38.9
2016-07-19T11:36:20+0000 39.5
2016-07-19T11:51:33+0000 40.2
2016-07-19T12:06:47+0000 40.9
2016-07-19T12:22:00+0000 41.5
2016-07-19T12:37:13+0000 42.1
2016-07-19T12:52:26+0000 42.4
2016-07-19T13:07:39+0000 42.8
2016-07-19T13:22:52+0000 43.0
2016-07-19T13:38:05+0000 43.4
2016-07-19T13:53:18+0000 43.6
2016-07-19T14:08:31+0000 43.7
2016-07-19T14:23:44+0000 44.0
2016-07-19T14:38:56+0000 44.0
2016-07-19T14:54:09+0000 43.9
2016-07-19T15:09:22+0000 43.9
2016-07-19T15:24:34+0000 43.7
2016-07-19T15:39:47+0000 43.5
2016-07-19T15:55:00+0000 43.5
2016-07-19T16:10:13+0000 43.2
2016-07-19T16:25:26+0000 42.9
2016-07-19T16:40:39+0000 42.6
2016-07-19T16:55:51+0000 42.3
2016-07-19T17:11:04+0000 42.0
2016-07-19T17:26:17+0000 41.6
2016-07-19T17:41:30+0000 41.4
2016-07-19T17:56:43+0000 41.1
2016-07-19T18:11:56+0000 40.8
2016-07-19T18:27:09+0000 40.4
2016-07-19T18:42:22+0000 40.0
2016-07-19T18:57:36+0000 39.8
2016-07-19T19:12:49+0000 39.3
2016-07-19T19:28:02+0000 39.0
2016-07-19T19:43:15+0000 38.3
2016-07-19T19:58:28+0000 37.9
2016-07-19T20:13:42+0000 37.2
2016-07-19T20:28:55+0000 36.4
2016-07-19T20:44:09+0000 35.9
2016-07-19T20:59:22+0000 35.4
2016-07-19T21:14:36+0000 35.0
2016-07-19T21:29:49+0000 34.4
2016-07-19T21:45:03+0000 33.9
2016-07-19T22:00:17+0000 33.5
2016-07-19T22:15:30+0000 33.0
2016-07-19T22:30:44+0000 32.6
2016-07-19T22:45:58+0000 32.2
2016-07-19T23:01:12+0000 31.9
2016-07-19T23:16:26+0000 31.4
2016-07-19T23:31:40+0000 31.2
2016-07-19T23:46:53+0000 30.9
