2016-01-30T00:14:01+0000 9.3
2016-01-30T00:29:17+0000 9.3
2016-01-30T00:44:33+0000 9.3
2016-01-30T00:59:48+0000 9.3
2016-01-30T01:15:04+0000 9.3
2016-01-30T01:30:20+0000 9.3
2016-01-30T01:45:36+0000 9.2
2016-01-30T02:00:51+0000 9.2
2016-01-30T02:16:07+0000 9.3
2016-01-30T02:31:23+0000 9.2
2016-01-30T02:46:39+0000 9.1
2016-01-30T03:01:55+0000 9.1
2016-01-30T03:17:10+0000 9.2
2016-01-30T03:32:26+0000 9.1
2016-01-30T03:47:42+0000 9.3
2016-01-30T04:02:58+0000 9.1
2016-01-30T04:18:14+0000 9.1
2016-01-30T04:33:30+0000 9.1
2016-01-30T04:48:46+0000 9.2
2016-01-30T05:04:02+0000 9.1
2016-01-30T05:19:17+0000 9.1
2016-01-30T05:34:33+0000 9.0
2016-01-30T05:49:49+0000 9.0
2016-01-30T06:05:05+0000 9.1
2016-01-30T06:20:21+0000 9.2
2016-01-30T06:35:37+0000 9.1
2016-01-30T06:50:53+0000 9.1
2016-01-30T07:06:09+0000 9.1
2016-01-30T07:21:25+0000 9.0
2016-01-30T07:36:41+0000 9.0
2016-01-30T07:51:56+0000 8.8
2016-01-30T08:07:12+0000 8.8
2016-01-30T08:22:28+0000 8.9
2016-01-30T08:37:44+0000 8.9
2016-01-30T08:53:00+0000 9.2
2016-01-30T09:08:16+0000 9.1
2016-01-30T09:23:32+0000 9.1
2016-01-30T09:38:47+0000 9.1
2016-01-30T09:54:03+0000 9.2
2016-01-30T10:09:19+0000 9.3
2016-01-30T10:24:35+0000 9.6
2016-01-30T10:39:51+0000 9.5
2016-01-30T10:55:07+0000 9.7
2016-01-30T11:10:22+0000 9.7
2016-01-30T11:25:38+0000 9.9
2016-01-30T11:40:54+0000 10.1
2016-01-30T11:56:10+0000 10.2
2016-01-30T12:11:26+0000 10.5
2016-01-30T12:26:41+0000 10.7
2016-01-30T12:41:57+0000 10.9
2016-01-30T12:57:13+0000 11.0
2016-01-30T13:12:29+0000 11.1
2016-01-30T13:27:44+0000 11.3
2016-01-30T13:43:00+0000 11.4
2016-01-30T13:58:16+0000 11.6
2016-01-30T14:13:31+0000 11.7
2016-01-30T14:28:47+0000 11.8
2016-01-30T14:44:03+0000 12.1
2016-01-30T14:59:19+0000 12.0
2016-01-30T15:14:34+0000 12.0
2016-01-30T15:29:50+0000 12.0
2016-01-30T15:45:06+0000 11.9
2016-01-30T16:00:21+0000 12.2
2016-01-30T16:15:37+0000 11.8
2016-01-30T16:30:53+0000 11.7
2016-01-30T16:46:09+0000 11.3
2016-01-30T17:01:24+0000 11.1
2016-01-30T17:16:40+0000 11.1
2016-01-30T17:31:56+0000 11.0
2016-01-30T17:47:12+0000 10.7
2016-01-30T18:02:27+0000 10.7
2016-01-30T18:17:43+0000 10.5
2016-01-30T18:32:59+0000 10.4
2016-01-30T18:48:15+0000 10.5
2016-01-30T19:03:30+0000 10.3
2016-01-30T19:18:46+0000 10.1
2016-01-30T19:34:02+0000 10.5
2016-01-30T19:49:18+0000 10.4
2016-01-30T20:04:34+0000 10.2
2016-01-30T20:19:50+0000 9.9
2016-01-30T20:35:05+0000 10.0
2016-01-30T20:50:21+0000 9.9
2016-01-30T21:05:37+0000 9.9
2016-01-30T21:20:53+0000 9.7
2016-01-30T21:36:09+0000 9.6
2016-01-30T21:51:25+0000 9.5
2016-01-30T22:06:41+0000 9.4
2016-01-30T22:21:56+0000 9.3
2016-01-30T22:37:12+0000 9.1
2016-01-30T22:52:28+0000 9.1
2016-01-30T23:07:44+0000 9.1
2016-01-30T23:23:00+0000 9.4
2016-01-30T23:38:16+0000 9.0
2016-01-30T23:53:32+0000 8.9
