2015-12-13T00:10:53+0000 11.2
2015-12-13T00:26:09+0000 11.1
2015-12-13T00:41:24+0000 11.1
2015-12-13T00:56:40+0000 11.0
2015-12-13T01:11:56+0000 10.9
2015-12-13T01:27:11+0000 10.7
2015-12-13T01:42:27+0000 10.8
2015-12-13T01:57:42+0000 10.7
2015-12-13T02:12:58+0000 10.8
2015-12-13T02:28:13+0000 10.6
2015-12-13T02:43:29+0000 10.7
2015-12-13T02:58:44+0000 10.7
2015-12-13T03:14:00+0000 10.7
2015-12-13T03:29:16+0000 10.7
2015-12-13T03:44:31+0000 10.7
2015-12-13T03:59:47+0000 10.6
2015-12-13T04:15:02+0000 10.8
2015-12-13T04:30:18+0000 10.7
2015-12-13T04:45:34+0000 10.7
2015-12-13T05:00:49+0000 10.8
2015-12-13T05:16:05+0000 10.8
2015-12-13T05:31:20+0000 10.8
2015-12-13T05:46:36+0000 10.7
2015-12-13T06:01:51+0000 10.8
2015-12-13T06:17:07+0000 10.7
2015-12-13T06:32:23+0000 10.7
2015-12-13T06:47:38+0000 10.7
2015-12-13T07:02:54+0000 10.6
2015-12-13T07:18:09+0000 10.5
2015-12-13T07:33:25+0000 10.3
2015-12-13T07:48:40+0000 10.2
2015-12-13T08:03:56+0000 10.2
2015-12-13T08:19:12+0000 10.2
2015-12-13T08:34:27+0000 10.2
2015-12-13T08:49:43+0000 10.2
2015-12-13T09:04:59+0000 10.3
2015-12-13T09:20:14+0000 10.5
2015-12-13T09:35:30+0000 10.5
2015-12-13T09:50:45+0000 10.6
2015-12-13T10:06:01+0000 10.7
2015-12-13T10:21:17+0000 10.8
2015-12-13T10:36:32+0000 10.8
2015-12-13T10:51:48+0000 11.0
2015-12-13T11:07:03+0000 11.1
2015-12-13T11:22:19+0000 11.2
2015-12-13T11:37:34+0000 11.3
2015-12-13T11:52:50+0000 11.4
2015-12-13T12:08:06+0000 11.6
2015-12-13T12:23:21+0000 11.6
2015-12-13T12:38:37+0000 11.6
2015-12-13T12:53:52+0000 11.8
2015-12-13T13:09:08+0000 12.1
2015-12-13T13:24:23+0000 12.7
2015-12-13T13:39:39+0000 12.9
2015-12-13T13:54:55+0000 13.1
2015-12-13T14:10:10+0000 13.1
2015-12-13T14:25:26+0000 13.2
2015-12-13T14:40:41+0000 13.2
2015-12-13T14:55:56+0000 13.1
2015-12-13T15:11:12+0000 13.0
2015-12-13T15:26:27+0000 12.8
2015-12-13T15:41:43+0000 13.1
2015-12-13T15:56:58+0000 12.5
2015-12-13T16:12:14+0000 12.2
2015-12-13T16:27:29+0000 12.2
2015-12-13T16:42:44+0000 12.1
2015-12-13T16:58:00+0000 11.9
2015-12-13T17:13:15+0000 11.7
2015-12-13T17:28:31+0000 11.5
2015-12-13T17:43:47+0000 11.4
2015-12-13T17:59:02+0000 11.1
2015-12-13T18:14:18+0000 10.9
2015-12-13T18:29:33+0000 10.8
2015-12-13T18:44:48+0000 10.6
2015-12-13T19:00:04+0000 10.6
2015-12-13T19:15:19+0000 10.4
2015-12-13T19:30:35+0000 10.4
2015-12-13T19:45:51+0000 10.4
2015-12-13T20:01:06+0000 10.5
2015-12-13T20:16:22+0000 10.3
2015-12-13T20:31:37+0000 10.4
2015-12-13T20:46:53+0000 10.3
2015-12-13T21:02:08+0000 10.5
2015-12-13T21:17:24+0000 10.5
2015-12-13T21:32:40+0000 10.3
2015-12-13T21:47:55+0000 10.5
2015-12-13T22:03:11+0000 10.4
2015-12-13T22:18:26+0000 10.5
2015-12-13T22:33:42+0000 10.6
2015-12-13T22:48:57+0000 10.5
2015-12-13T23:04:13+0000 10.5
2015-12-13T23:19:28+0000 10.7
2015-12-13T23:34:44+0000 10.5
2015-12-13T23:50:00+0000 10.5
