2016-04-25T00:11:29+0000 10.5
2016-04-25T00:26:44+0000 10.4
2016-04-25T00:41:59+0000 10.2
2016-04-25T00:57:14+0000 10.2
2016-04-25T01:12:29+0000 10.0
2016-04-25T01:27:44+0000 9.9
2016-04-25T01:43:00+0000 9.8
2016-04-25T01:58:15+0000 9.7
2016-04-25T02:13:30+0000 9.6
2016-04-25T02:28:45+0000 9.6
2016-04-25T02:44:00+0000 9.5
2016-04-25T02:59:16+0000 9.3
2016-04-25T03:14:31+0000 9.2
2016-04-25T03:29:46+0000 9.1
2016-04-25T03:45:01+0000 9.0
2016-04-25T04:00:16+0000 8.9
2016-04-25T04:15:31+0000 8.8
2016-04-25T04:30:46+0000 8.7
2016-04-25T04:46:02+0000 8.6
2016-04-25T05:01:17+0000 8.5
2016-04-25T05:16:32+0000 8.4
2016-04-25T05:31:47+0000 8.2
2016-04-25T05:47:02+0000 8.2
2016-04-25T06:02:17+0000 8.1
2016-04-25T06:17:33+0000 8.1
2016-04-25T06:32:48+0000 8.2
2016-04-25T06:48:03+0000 8.5
2016-04-25T07:03:19+0000 8.5
2016-04-25T07:18:34+0000 8.4
2016-04-25T07:33:49+0000 8.2
2016-04-25T07:49:04+0000 8.1
2016-04-25T08:04:20+0000 8.1
2016-04-25T08:19:35+0000 8.8
2016-04-25T08:34:50+0000 10.0
2016-04-25T08:50:06+0000 9.8
2016-04-25T09:05:21+0000 10.3
2016-04-25T09:20:36+0000 10.7
2016-04-25T09:35:51+0000 10.7
2016-04-25T09:51:06+0000 10.7
2016-04-25T10:06:22+0000 11.3
2016-04-25T10:21:37+0000 11.9
2016-04-25T10:36:52+0000 12.1
2016-04-25T10:52:07+0000 12.3
2016-04-25T11:07:22+0000 12.6
2016-04-25T11:22:37+0000 13.1
2016-04-25T11:37:52+0000 13.2
2016-04-25T11:53:08+0000 13.1
2016-04-25T12:08:23+0000 13.3
2016-04-25T12:23:38+0000 13.4
2016-04-25T12:38:53+0000 13.3
2016-04-25T12:54:08+0000 12.9
2016-04-25T13:09:23+0000 13.3
2016-04-25T13:24:38+0000 13.6
2016-04-25T13:39:53+0000 13.1
2016-04-25T13:55:08+0000 12.7
2016-04-25T14:10:23+0000 12.3
2016-04-25T14:25:39+0000 12.4
2016-04-25T14:40:54+0000 12.5
2016-04-25T14:56:09+0000 11.7
2016-04-25T15:11:24+0000 12.0
2016-04-25T15:26:39+0000 11.9
2016-04-25T15:41:54+0000 11.9
2016-04-25T15:57:10+0000 11.9
2016-04-25T16:12:25+0000 11.7
2016-04-25T16:27:40+0000 11.7
2016-04-25T16:42:55+0000 11.8
2016-04-25T16:58:10+0000 11.8
2016-04-25T17:13:25+0000 11.6
2016-04-25T17:28:41+0000 11.3
2016-04-25T17:43:56+0000 11.0
2016-04-25T17:59:11+0000 11.0
2016-04-25T18:14:26+0000 11.0
2016-04-25T18:29:41+0000 10.8
2016-04-25T18:44:57+0000 11.0
2016-04-25T19:00:12+0000 10.8
2016-04-25T19:15:27+0000 10.7
2016-04-25T19:30:42+0000 10.5
2016-04-25T19:45:57+0000 10.7
2016-04-25T20:01:13+0000 10.5
2016-04-25T20:16:28+0000 10.3
2016-04-25T20:31:43+0000 10.2
2016-04-25T20:46:58+0000 10.0
2016-04-25T21:02:14+0000 10.0
2016-04-25T21:17:29+0000 9.9
2016-04-25T21:32:44+0000 9.8
2016-04-25T21:47:59+0000 9.5
2016-04-25T22:03:15+0000 9.7
2016-04-25T22:18:30+0000 9.7
2016-04-25T22:33:45+0000 9.8
2016-04-25T22:49:00+0000 9.7
2016-04-25T23:04:15+0000 9.6
2016-04-25T23:19:31+0000 9.3
2016-04-25T23:34:46+0000 9.2
2016-04-25T23:50:01+0000 9.2
