2016-02-06T00:08:56+0000 9.0
2016-02-06T00:24:12+0000 8.8
2016-02-06T00:39:28+0000 8.6
2016-02-06T00:54:44+0000 8.6
2016-02-06T01:10:00+0000 8.5
2016-02-06T01:25:16+0000 8.2
2016-02-06T01:40:31+0000 8.1
2016-02-06T01:55:47+0000 7.9
2016-02-06T02:11:03+0000 7.9
2016-02-06T02:26:19+0000 7.8
2016-02-06T02:41:35+0000 7.7
2016-02-06T02:56:51+0000 7.5
2016-02-06T03:12:07+0000 7.6
2016-02-06T03:27:22+0000 7.4
2016-02-06T03:42:38+0000 7.4
2016-02-06T03:57:54+0000 7.2
2016-02-06T04:13:10+0000 7.2
2016-02-06T04:28:26+0000 7.0
2016-02-06T04:43:42+0000 7.0
2016-02-06T04:58:57+0000 6.9
2016-02-06T05:14:13+0000 6.8
2016-02-06T05:29:29+0000 6.7
2016-02-06T05:44:45+0000 6.7
2016-02-06T06:00:01+0000 6.6
2016-02-06T06:15:17+0000 6.5
2016-02-06T06:30:33+0000 6.6
2016-02-06T06:45:49+0000 6.5
2016-02-06T07:01:05+0000 6.4
2016-02-06T07:16:20+0000 6.4
2016-02-06T07:31:36+0000 6.3
2016-02-06T07:46:52+0000 6.3
2016-02-06T08:02:08+0000 6.3
2016-02-06T08:17:24+0000 6.4
2016-02-06T08:32:40+0000 6.3
2016-02-06T08:47:56+0000 6.5
2016-02-06T09:03:12+0000 6.5
2016-02-06T09:18:28+0000 6.8
2016-02-06T09:33:43+0000 6.8
2016-02-06T09:48:59+0000 7.2
2016-02-06T10:04:15+0000 8.0
2016-02-06T10:19:31+0000 8.3
2016-02-06T10:34:47+0000 8.7
2016-02-06T10:50:03+0000 8.6
2016-02-06T11:05:19+0000 8.7
2016-02-06T11:20:35+0000 9.2
2016-02-06T11:35:50+0000 9.6
2016-02-06T11:51:06+0000 9.9
2016-02-06T12:06:22+0000 10.3
2016-02-06T12:21:38+0000 10.8
2016-02-06T12:36:54+0000 11.1
2016-02-06T12:52:09+0000 11.4
2016-02-06T13:07:25+0000 11.7
2016-02-06T13:22:41+0000 11.8
2016-02-06T13:37:56+0000 12.1
2016-02-06T13:53:12+0000 12.4
2016-02-06T14:08:28+0000 12.7
2016-02-06T14:23:43+0000 12.9
2016-02-06T14:38:59+0000 13.0
2016-02-06T14:54:14+0000 13.1
2016-02-06T15:09:30+0000 13.3
2016-02-06T15:24:46+0000 13.5
2016-02-06T15:40:01+0000 13.7
2016-02-06T15:55:17+0000 13.6
2016-02-06T16:10:33+0000 13.7
2016-02-06T16:25:48+0000 13.8
2016-02-06T16:41:04+0000 13.8
2016-02-06T16:56:20+0000 13.6
2016-02-06T17:11:35+0000 13.6
2016-02-06T17:26:51+0000 13.4
2016-02-06T17:42:06+0000 13.2
2016-02-06T17:57:22+0000 12.9
2016-02-06T18:12:38+0000 12.6
2016-02-06T18:27:53+0000 12.3
2016-02-06T18:43:09+0000 12.3
2016-02-06T18:58:25+0000 12.2
2016-02-06T19:13:41+0000 11.9
2016-02-06T19:28:56+0000 11.6
2016-02-06T19:44:12+0000 11.4
2016-02-06T19:59:28+0000 11.3
2016-02-06T20:14:44+0000 11.2
2016-02-06T20:29:59+0000 11.0
2016-02-06T20:45:15+0000 10.8
2016-02-06T21:00:31+0000 10.6
2016-02-06T21:15:46+0000 10.5
2016-02-06T21:31:02+0000 10.3
2016-02-06T21:46:18+0000 10.2
2016-02-06T22:01:34+0000 10.1
2016-02-06T22:16:49+0000 9.9
2016-02-06T22:32:05+0000 9.7
2016-02-06T22:47:21+0000 9.6
2016-02-06T23:02:37+0000 9.5
2016-02-06T23:17:53+0000 9.4
2016-02-06T23:33:08+0000 9.2
2016-02-06T23:48:24+0000 9.0
