2016-06-19T00:04:37+0000 19.5
2016-06-19T00:19:52+0000 19.4
2016-06-19T00:35:07+0000 19.2
2016-06-19T00:50:22+0000 19.1
2016-06-19T01:05:37+0000 19.0
2016-06-19T01:20:52+0000 18.9
2016-06-19T01:36:07+0000 18.8
2016-06-19T01:51:22+0000 18.8
2016-06-19T02:06:37+0000 18.7
2016-06-19T02:21:52+0000 18.7
2016-06-19T02:37:07+0000 18.5
2016-06-19T02:52:21+0000 18.5
2016-06-19T03:07:36+0000 18.5
2016-06-19T03:22:51+0000 18.3
2016-06-19T03:38:07+0000 18.3
2016-06-19T03:53:22+0000 18.2
2016-06-19T04:08:37+0000 18.1
2016-06-19T04:23:52+0000 18.0
2016-06-19T04:39:07+0000 18.1
2016-06-19T04:54:22+0000 17.9
2016-06-19T05:09:37+0000 17.9
2016-06-19T05:24:52+0000 17.9
2016-06-19T05:40:07+0000 17.9
2016-06-19T05:55:22+0000 18.0
2016-06-19T06:10:37+0000 18.0
2016-06-19T06:25:52+0000 18.1
2016-06-19T06:41:07+0000 18.5
2016-06-19T06:56:22+0000 18.8
2016-06-19T07:11:37+0000 18.8
2016-06-19T07:26:52+0000 19.0
2016-06-19T07:42:07+0000 19.3
2016-06-19T07:57:22+0000 19.5
2016-06-19T08:12:37+0000 19.8
2016-06-19T08:27:52+0000 20.0
2016-06-19T08:43:07+0000 20.1
2016-06-19T08:58:22+0000 20.2
2016-06-19T09:13:37+0000 21.0
2016-06-19T09:28:52+0000 21.5
2016-06-19T09:44:07+0000 21.8
2016-06-19T09:59:21+0000 21.8
2016-06-19T10:14:36+0000 21.7
2016-06-19T10:29:51+0000 21.8
2016-06-19T10:45:06+0000 22.1
2016-06-19T11:00:21+0000 22.4
2016-06-19T11:15:36+0000 22.7
2016-06-19T11:30:50+0000 23.0
2016-06-19T11:46:05+0000 23.3
2016-06-19T12:01:20+0000 23.5
2016-06-19T12:16:35+0000 23.8
2016-06-19T12:31:49+0000 24.3
2016-06-19T12:47:04+0000 25.0
2016-06-19T13:02:19+0000 25.8
2016-06-19T13:17:33+0000 26.2
2016-06-19T13:32:48+0000 26.6
2016-06-19T13:48:03+0000 26.5
2016-06-19T14:03:17+0000 26.4
2016-06-19T14:18:32+0000 26.3
2016-06-19T14:33:46+0000 26.4
2016-06-19T14:49:01+0000 26.6
2016-06-19T15:04:15+0000 26.9
2016-06-19T15:19:30+0000 27.0
2016-06-19T15:34:44+0000 27.0
2016-06-19T15:49:59+0000 26.9
2016-06-19T16:05:13+0000 26.7
2016-06-19T16:20:28+0000 26.7
2016-06-19T16:35:42+0000 27.1
2016-06-19T16:50:57+0000 27.3
2016-06-19T17:06:11+0000 27.0
2016-06-19T17:21:26+0000 26.9
2016-06-19T17:36:40+0000 26.7
2016-06-19T17:51:55+0000 26.5
2016-06-19T18:07:09+0000 26.6
2016-06-19T18:22:24+0000 26.3
2016-06-19T18:37:38+0000 25.8
2016-06-19T18:52:53+0000 25.4
2016-06-19T19:08:07+0000 25.2
2016-06-19T19:23:22+0000 25.0
2016-06-19T19:38:37+0000 24.6
2016-06-19T19:53:51+0000 24.3
2016-06-19T20:09:06+0000 23.9
2016-06-19T20:24:20+0000 23.5
2016-06-19T20:39:35+0000 23.1
2016-06-19T20:54:50+0000 22.7
2016-06-19T21:10:04+0000 22.3
2016-06-19T21:25:19+0000 22.0
2016-06-19T21:40:34+0000 21.6
2016-06-19T21:55:49+0000 21.3
2016-06-19T22:11:04+0000 20.9
2016-06-19T22:26:18+0000 20.7
2016-06-19T22:41:33+0000 20.4
2016-06-19T22:56:48+0000 20.1
2016-06-19T23:12:03+0000 19.9
2016-06-19T23:27:18+0000 19.6
2016-06-19T23:42:33+0000 19.4
2016-06-19T23:57:47+0000 19.3
