2016-02-13T00:02:47+0000 9.2
2016-02-13T00:18:03+0000 9.1
2016-02-13T00:33:18+0000 9.1
2016-02-13T00:48:34+0000 9.1
2016-02-13T01:03:50+0000 9.0
2016-02-13T01:19:05+0000 9.0
2016-02-13T01:34:21+0000 8.9
2016-02-13T01:49:37+0000 8.9
2016-02-13T02:04:53+0000 8.9
2016-02-13T02:20:08+0000 8.7
2016-02-13T02:35:24+0000 8.8
2016-02-13T02:50:40+0000 8.8
2016-02-13T03:05:55+0000 8.8
2016-02-13T03:21:11+0000 8.8
2016-02-13T03:36:27+0000 8.7
2016-02-13T03:51:43+0000 8.8
2016-02-13T04:06:59+0000 8.6
2016-02-13T04:22:15+0000 8.6
2016-02-13T04:37:30+0000 8.6
2016-02-13T04:52:46+0000 8.7
2016-02-13T05:08:02+0000 8.4
2016-02-13T05:23:17+0000 8.5
2016-02-13T05:38:33+0000 8.4
2016-02-13T05:53:49+0000 8.4
2016-02-13T06:09:05+0000 8.5
2016-02-13T06:24:21+0000 8.4
2016-02-13T06:39:36+0000 8.4
2016-02-13T06:54:52+0000 8.5
2016-02-13T07:10:08+0000 8.5
2016-02-13T07:25:23+0000 8.4
2016-02-13T07:40:39+0000 8.4
2016-02-13T07:55:55+0000 8.4
2016-02-13T08:11:11+0000 8.4
2016-02-13T08:26:26+0000 8.4
2016-02-13T08:41:42+0000 8.4
2016-02-13T08:56:58+0000 8.4
2016-02-13T09:12:14+0000 8.6
2016-02-13T09:27:29+0000 8.6
2016-02-13T09:42:45+0000 8.6
2016-02-13T09:58:01+0000 8.8
2016-02-13T10:13:17+0000 9.0
2016-02-13T10:28:32+0000 9.0
2016-02-13T10:43:48+0000 9.3
2016-02-13T10:59:04+0000 9.1
2016-02-13T11:14:20+0000 9.2
2016-02-13T11:29:36+0000 9.4
2016-02-13T11:44:51+0000 9.6
2016-02-13T12:00:07+0000 9.6
2016-02-13T12:15:23+0000 9.6
2016-02-13T12:30:39+0000 9.9
2016-02-13T12:45:54+0000 9.9
2016-02-13T13:01:10+0000 10.0
2016-02-13T13:16:26+0000 10.2
2016-02-13T13:31:42+0000 10.6
2016-02-13T13:46:58+0000 10.7
2016-02-13T14:02:13+0000 10.9
2016-02-13T14:17:29+0000 11.1
2016-02-13T14:32:45+0000 11.0
2016-02-13T14:48:01+0000 10.8
2016-02-13T15:03:17+0000 10.8
2016-02-13T15:18:32+0000 10.8
2016-02-13T15:33:48+0000 10.7
2016-02-13T15:49:04+0000 10.6
2016-02-13T16:04:20+0000 10.6
2016-02-13T16:19:35+0000 10.5
2016-02-13T16:34:51+0000 10.5
2016-02-13T16:50:07+0000 10.3
2016-02-13T17:05:23+0000 10.3
2016-02-13T17:20:38+0000 10.3
2016-02-13T17:35:54+0000 10.2
2016-02-13T17:51:10+0000 10.2
2016-02-13T18:06:26+0000 10.1
2016-02-13T18:21:42+0000 10.0
2016-02-13T18:36:58+0000 10.1
2016-02-13T18:52:14+0000 10.0
2016-02-13T19:07:30+0000 9.9
2016-02-13T19:22:45+0000 9.9
2016-02-13T19:38:01+0000 9.9
2016-02-13T19:53:17+0000 9.8
2016-02-13T20:08:33+0000 9.8
2016-02-13T20:23:48+0000 9.7
2016-02-13T20:39:04+0000 9.7
2016-02-13T20:54:20+0000 9.8
2016-02-13T21:09:36+0000 9.8
2016-02-13T21:24:51+0000 9.9
2016-02-13T21:40:07+0000 9.7
2016-02-13T21:55:23+0000 9.8
2016-02-13T22:10:39+0000 9.7
2016-02-13T22:25:54+0000 9.5
2016-02-13T22:41:10+0000 9.6
2016-02-13T22:56:26+0000 9.6
2016-02-13T23:11:42+0000 9.3
2016-02-13T23:26:58+0000 9.7
2016-02-13T23:42:13+0000 9.5
2016-02-13T23:57:29+0000 9.6
