2016-04-27T00:14:26+0000 8.8
2016-04-27T00:29:41+0000 8.5
2016-04-27T00:44:57+0000 8.5
2016-04-27T01:00:12+0000 8.3
2016-04-27T01:15:27+0000 8.2
2016-04-27T01:30:42+0000 8.1
2016-04-27T01:45:58+0000 8.2
2016-04-27T02:01:13+0000 8.1
2016-04-27T02:16:28+0000 7.7
2016-04-27T02:31:44+0000 7.6
2016-04-27T02:46:59+0000 7.3
2016-04-27T03:02:14+0000 7.5
2016-04-27T03:17:30+0000 7.8
2016-04-27T03:32:45+0000 7.6
2016-04-27T03:48:00+0000 7.6
2016-04-27T04:03:15+0000 7.6
2016-04-27T04:18:31+0000 7.5
2016-04-27T04:33:46+0000 7.0
2016-04-27T04:49:02+0000 7.4
2016-04-27T05:04:17+0000 7.2
2016-04-27T05:19:32+0000 7.2
2016-04-27T05:34:48+0000 7.2
2016-04-27T05:50:03+0000 7.2
2016-04-27T06:05:18+0000 7.2
2016-04-27T06:20:34+0000 7.0
2016-04-27T06:35:49+0000 7.5
2016-04-27T06:51:04+0000 7.2
2016-04-27T07:06:19+0000 7.0
2016-04-27T07:21:35+0000 7.5
2016-04-27T07:36:50+0000 7.9
2016-04-27T07:52:05+0000 7.9
2016-04-27T08:07:21+0000 8.6
2016-04-27T08:22:36+0000 8.9
2016-04-27T08:37:51+0000 8.7
2016-04-27T08:53:07+0000 9.2
2016-04-27T09:08:22+0000 9.5
2016-04-27T09:23:37+0000 9.9
2016-04-27T09:38:52+0000 9.3
2016-04-27T09:54:08+0000 9.7
2016-04-27T10:09:23+0000 10.1
2016-04-27T10:24:38+0000 10.6
2016-04-27T10:39:53+0000 10.8
2016-04-27T10:55:09+0000 11.4
2016-04-27T11:10:24+0000 12.5
2016-04-27T11:25:39+0000 12.2
2016-04-27T11:40:54+0000 13.1
2016-04-27T11:56:09+0000 13.1
2016-04-27T12:11:24+0000 13.4
2016-04-27T12:26:39+0000 13.4
2016-04-27T12:41:55+0000 13.4
2016-04-27T12:57:10+0000 14.1
2016-04-27T13:12:25+0000 14.3
2016-04-27T13:27:40+0000 13.4
2016-04-27T13:42:55+0000 13.2
2016-04-27T13:58:10+0000 13.2
2016-04-27T14:13:25+0000 13.2
2016-04-27T14:28:41+0000 12.9
2016-04-27T14:43:56+0000 12.6
2016-04-27T14:59:11+0000 13.0
2016-04-27T15:14:26+0000 13.4
2016-04-27T15:29:41+0000 13.6
2016-04-27T15:44:56+0000 14.2
2016-04-27T16:00:12+0000 13.9
2016-04-27T16:15:27+0000 13.9
2016-04-27T16:30:42+0000 14.0
2016-04-27T16:45:57+0000 13.8
2016-04-27T17:01:12+0000 13.7
2016-04-27T17:16:27+0000 13.7
2016-04-27T17:31:42+0000 13.7
2016-04-27T17:46:57+0000 13.6
2016-04-27T18:02:12+0000 13.0
2016-04-27T18:17:27+0000 12.6
2016-04-27T18:32:43+0000 12.5
2016-04-27T18:47:58+0000 12.7
2016-04-27T19:03:13+0000 12.8
2016-04-27T19:18:28+0000 12.5
2016-04-27T19:33:43+0000 12.3
2016-04-27T19:48:58+0000 12.2
2016-04-27T20:04:13+0000 12.1
2016-04-27T20:19:28+0000 11.9
2016-04-27T20:34:43+0000 11.7
2016-04-27T20:49:59+0000 11.3
2016-04-27T21:05:14+0000 11.1
2016-04-27T21:20:29+0000 10.9
2016-04-27T21:35:44+0000 10.7
2016-04-27T21:50:59+0000 10.6
2016-04-27T22:06:15+0000 10.4
2016-04-27T22:21:30+0000 10.2
2016-04-27T22:36:45+0000 10.1
2016-04-27T22:52:00+0000 9.9
2016-04-27T23:07:15+0000 9.7
2016-04-27T23:22:31+0000 9.8
2016-04-27T23:37:46+0000 9.6
2016-04-27T23:53:01+0000 9.5
