2016-09-18T00:10:38+0000 20.1
2016-09-18T00:25:53+0000 20.0
2016-09-18T00:41:08+0000 20.0
2016-09-18T00:56:23+0000 19.9
2016-09-18T01:11:38+0000 19.8
2016-09-18T01:26:53+0000 19.8
2016-09-18T01:42:09+0000 19.7
2016-09-18T01:57:24+0000 19.6
2016-09-18T02:12:39+0000 19.6
2016-09-18T02:27:54+0000 19.5
2016-09-18T02:43:09+0000 19.4
2016-09-18T02:58:24+0000 19.4
2016-09-18T03:13:39+0000 19.4
2016-09-18T03:28:54+0000 19.2
2016-09-18T03:44:10+0000 19.2
2016-09-18T03:59:25+0000 19.1
2016-09-18T04:14:40+0000 19.2
2016-09-18T04:29:55+0000 19.2
2016-09-18T04:45:10+0000 19.1
2016-09-18T05:00:25+0000 19.2
2016-09-18T05:15:40+0000 19.1
2016-09-18T05:30:56+0000 19.0
2016-09-18T05:46:11+0000 19.1
2016-09-18T06:01:26+0000 19.0
2016-09-18T06:16:41+0000 19.0
2016-09-18T06:31:56+0000 18.9
2016-09-18T06:47:11+0000 18.9
2016-09-18T07:02:27+0000 19.0
2016-09-18T07:17:42+0000 18.9
2016-09-18T07:32:57+0000 18.9
2016-09-18T07:48:12+0000 18.9
2016-09-18T08:03:27+0000 18.9
2016-09-18T08:18:43+0000 18.9
2016-09-18T08:33:58+0000 18.9
2016-09-18T08:49:13+0000 18.9
2016-09-18T09:04:28+0000 18.9
2016-09-18T09:19:44+0000 18.9
2016-09-18T09:34:59+0000 19.0
2016-09-18T09:50:14+0000 19.0
2016-09-18T10:05:29+0000 19.0
2016-09-18T10:20:45+0000 19.1
2016-09-18T10:36:00+0000 19.2
2016-09-18T10:51:15+0000 19.1
2016-09-18T11:06:30+0000 19.3
2016-09-18T11:21:45+0000 19.3
2016-09-18T11:37:00+0000 19.5
2016-09-18T11:52:16+0000 19.5
2016-09-18T12:07:31+0000 19.5
2016-09-18T12:22:46+0000 19.5
2016-09-18T12:38:01+0000 19.5
2016-09-18T12:53:16+0000 19.5
2016-09-18T13:08:32+0000 19.5
2016-09-18T13:23:47+0000 19.7
2016-09-18T13:39:02+0000 19.8
2016-09-18T13:54:17+0000 19.7
2016-09-18T14:09:32+0000 19.5
2016-09-18T14:24:48+0000 19.6
2016-09-18T14:40:03+0000 19.6
2016-09-18T14:55:18+0000 19.6
2016-09-18T15:10:33+0000 19.6
2016-09-18T15:25:48+0000 19.6
2016-09-18T15:41:04+0000 19.5
2016-09-18T15:56:19+0000 19.4
2016-09-18T16:11:34+0000 19.4
2016-09-18T16:26:49+0000 19.4
2016-09-18T16:42:05+0000 19.4
2016-09-18T16:57:20+0000 19.4
2016-09-18T17:12:35+0000 19.4
2016-09-18T17:27:50+0000 19.3
2016-09-18T17:43:05+0000 19.2
2016-09-18T17:58:21+0000 19.3
2016-09-18T18:13:36+0000 19.1
2016-09-18T18:28:51+0000 19.1
2016-09-18T18:44:06+0000 19.1
2016-09-18T18:59:21+0000 19.0
2016-09-18T19:14:37+0000 18.9
2016-09-18T19:29:52+0000 18.9
2016-09-18T19:45:07+0000 18.8
2016-09-18T20:00:22+0000 18.8
2016-09-18T20:15:37+0000 18.7
2016-09-18T20:30:53+0000 18.7
2016-09-18T20:46:08+0000 18.5
2016-09-18T21:01:23+0000 18.4
2016-09-18T21:16:38+0000 18.2
2016-09-18T21:31:53+0000 18.2
2016-09-18T21:47:09+0000 18.1
2016-09-18T22:02:24+0000 17.9
2016-09-18T22:17:39+0000 17.9
2016-09-18T22:32:55+0000 17.9
2016-09-18T22:48:10+0000 17.8
2016-09-18T23:03:25+0000 17.9
2016-09-18T23:18:40+0000 17.9
2016-09-18T23:33:56+0000 17.8
2016-09-18T23:49:11+0000 17.8
