2016-08-12T00:09:46+0000 20.7
2016-08-12T00:25:01+0000 20.5
2016-08-12T00:40:16+0000 20.4
2016-08-12T00:55:30+0000 20.1
2016-08-12T01:10:45+0000 20.0
2016-08-12T01:26:00+0000 19.9
2016-08-12T01:41:15+0000 19.8
2016-08-12T01:56:30+0000 19.6
2016-08-12T02:11:45+0000 19.5
2016-08-12T02:27:00+0000 19.4
2016-08-12T02:42:15+0000 19.4
2016-08-12T02:57:30+0000 19.3
2016-08-12T03:12:45+0000 19.2
2016-08-12T03:28:00+0000 19.1
2016-08-12T03:43:15+0000 18.9
2016-08-12T03:58:30+0000 18.9
2016-08-12T04:13:45+0000 18.8
2016-08-12T04:29:00+0000 18.7
2016-08-12T04:44:15+0000 18.7
2016-08-12T04:59:30+0000 18.6
2016-08-12T05:14:45+0000 18.7
2016-08-12T05:30:00+0000 18.4
2016-08-12T05:45:15+0000 18.5
2016-08-12T06:00:30+0000 18.5
2016-08-12T06:15:45+0000 18.5
2016-08-12T06:31:00+0000 18.5
2016-08-12T06:46:15+0000 18.4
2016-08-12T07:01:30+0000 18.4
2016-08-12T07:16:45+0000 18.4
2016-08-12T07:32:00+0000 18.4
2016-08-12T07:47:15+0000 18.4
2016-08-12T08:02:31+0000 18.4
2016-08-12T08:17:46+0000 18.4
2016-08-12T08:33:01+0000 18.4
2016-08-12T08:48:16+0000 18.5
2016-08-12T09:03:31+0000 18.7
2016-08-12T09:18:46+0000 18.8
2016-08-12T09:34:01+0000 19.1
2016-08-12T09:49:16+0000 19.8
2016-08-12T10:04:31+0000 20.2
2016-08-12T10:19:46+0000 20.6
2016-08-12T10:35:01+0000 20.8
2016-08-12T10:50:16+0000 21.0
2016-08-12T11:05:31+0000 21.4
2016-08-12T11:20:45+0000 21.6
2016-08-12T11:36:00+0000 21.8
2016-08-12T11:51:15+0000 22.4
2016-08-12T12:06:30+0000 22.5
2016-08-12T12:21:45+0000 23.6
2016-08-12T12:37:00+0000 24.0
2016-08-12T12:52:14+0000 25.2
2016-08-12T13:07:29+0000 25.9
2016-08-12T13:22:44+0000 25.9
2016-08-12T13:37:58+0000 26.5
2016-08-12T13:53:13+0000 26.5
2016-08-12T14:08:28+0000 26.5
2016-08-12T14:23:42+0000 27.0
2016-08-12T14:38:57+0000 27.5
2016-08-12T14:54:11+0000 27.8
2016-08-12T15:09:26+0000 27.9
2016-08-12T15:24:41+0000 27.3
2016-08-12T15:39:55+0000 27.7
2016-08-12T15:55:10+0000 27.4
2016-08-12T16:10:24+0000 27.2
2016-08-12T16:25:39+0000 27.1
2016-08-12T16:40:53+0000 27.1
2016-08-12T16:56:08+0000 27.0
2016-08-12T17:11:22+0000 27.0
2016-08-12T17:26:37+0000 26.9
2016-08-12T17:41:51+0000 26.7
2016-08-12T17:57:06+0000 26.7
2016-08-12T18:12:20+0000 26.9
2016-08-12T18:27:35+0000 26.9
2016-08-12T18:42:49+0000 26.6
2016-08-12T18:58:04+0000 26.4
2016-08-12T19:13:18+0000 26.1
2016-08-12T19:28:33+0000 25.9
2016-08-12T19:43:48+0000 25.5
2016-08-12T19:59:02+0000 25.1
2016-08-12T20:14:17+0000 24.8
2016-08-12T20:29:31+0000 24.6
2016-08-12T20:44:46+0000 24.2
2016-08-12T21:00:01+0000 23.9
2016-08-12T21:15:15+0000 23.6
2016-08-12T21:30:30+0000 23.4
2016-08-12T21:45:45+0000 23.0
2016-08-12T22:01:00+0000 22.8
2016-08-12T22:16:15+0000 22.5
2016-08-12T22:31:29+0000 22.4
2016-08-12T22:46:44+0000 22.0
2016-08-12T23:01:59+0000 21.8
2016-08-12T23:17:14+0000 21.7
2016-08-12T23:32:28+0000 21.5
2016-08-12T23:47:43+0000 21.3
