2016-05-04T00:14:03+0000 13.1
2016-05-04T00:29:18+0000 12.9
2016-05-04T00:44:33+0000 12.8
2016-05-04T00:59:48+0000 12.5
2016-05-04T01:15:03+0000 12.5
2016-05-04T01:30:18+0000 12.2
2016-05-04T01:45:33+0000 12.2
2016-05-04T02:00:48+0000 12.0
2016-05-04T02:16:03+0000 11.9
2016-05-04T02:31:18+0000 11.7
2016-05-04T02:46:33+0000 11.7
2016-05-04T03:01:48+0000 11.6
2016-05-04T03:17:03+0000 11.4
2016-05-04T03:32:18+0000 11.4
2016-05-04T03:47:33+0000 11.2
2016-05-04T04:02:48+0000 11.3
2016-05-04T04:18:03+0000 11.1
2016-05-04T04:33:18+0000 11.0
2016-05-04T04:48:33+0000 10.8
2016-05-04T05:03:49+0000 10.8
2016-05-04T05:19:04+0000 10.7
2016-05-04T05:34:19+0000 10.6
2016-05-04T05:49:34+0000 10.5
2016-05-04T06:04:49+0000 10.5
2016-05-04T06:20:04+0000 10.6
2016-05-04T06:35:19+0000 10.8
2016-05-04T06:50:35+0000 11.3
2016-05-04T07:05:50+0000 11.8
2016-05-04T07:21:05+0000 12.5
2016-05-04T07:36:20+0000 12.9
2016-05-04T07:51:35+0000 13.5
2016-05-04T08:06:50+0000 14.1
2016-05-04T08:22:05+0000 15.0
2016-05-04T08:37:20+0000 15.7
2016-05-04T08:52:35+0000 16.7
2016-05-04T09:07:50+0000 17.6
2016-05-04T09:23:05+0000 18.5
2016-05-04T09:38:20+0000 19.4
2016-05-04T09:53:35+0000 20.4
2016-05-04T10:08:49+0000 21.2
2016-05-04T10:24:04+0000 22.4
2016-05-04T10:39:19+0000 23.3
2016-05-04T10:54:34+0000 23.7
2016-05-04T11:09:48+0000 24.5
2016-05-04T11:25:03+0000 24.9
2016-05-04T11:40:17+0000 25.7
2016-05-04T11:55:32+0000 26.5
2016-05-04T12:10:46+0000 27.1
2016-05-04T12:26:01+0000 27.6
2016-05-04T12:41:15+0000 28.1
2016-05-04T12:56:30+0000 28.2
2016-05-04T13:11:44+0000 28.5
2016-05-04T13:26:58+0000 28.9
2016-05-04T13:42:12+0000 29.2
2016-05-04T13:57:26+0000 29.5
2016-05-04T14:12:41+0000 29.6
2016-05-04T14:27:55+0000 29.9
2016-05-04T14:43:09+0000 30.0
2016-05-04T14:58:23+0000 29.8
2016-05-04T15:13:37+0000 29.7
2016-05-04T15:28:51+0000 29.6
2016-05-04T15:44:05+0000 29.6
2016-05-04T15:59:19+0000 29.5
2016-05-04T16:14:33+0000 29.0
2016-05-04T16:29:47+0000 29.0
2016-05-04T16:45:01+0000 28.5
2016-05-04T17:00:15+0000 28.1
2016-05-04T17:15:30+0000 27.7
2016-05-04T17:30:44+0000 27.6
2016-05-04T17:45:58+0000 27.2
2016-05-04T18:01:12+0000 26.8
2016-05-04T18:16:26+0000 26.4
2016-05-04T18:31:40+0000 26.1
2016-05-04T18:46:54+0000 25.6
2016-05-04T19:02:09+0000 25.2
2016-05-04T19:17:23+0000 24.6
2016-05-04T19:32:37+0000 24.1
2016-05-04T19:47:51+0000 23.4
2016-05-04T20:03:06+0000 23.0
2016-05-04T20:18:20+0000 22.5
2016-05-04T20:33:34+0000 22.2
2016-05-04T20:48:49+0000 21.5
2016-05-04T21:04:03+0000 21.2
2016-05-04T21:19:18+0000 20.7
2016-05-04T21:34:32+0000 20.3
2016-05-04T21:49:47+0000 19.9
2016-05-04T22:05:01+0000 19.6
2016-05-04T22:20:16+0000 19.1
2016-05-04T22:35:31+0000 18.8
2016-05-04T22:50:45+0000 18.5
2016-05-04T23:06:00+0000 17.9
2016-05-04T23:21:14+0000 17.7
2016-05-04T23:36:29+0000 17.5
2016-05-04T23:51:44+0000 17.2
