2016-06-16T00:09:46+0000 18.2
2016-06-16T00:25:00+0000 17.9
2016-06-16T00:40:15+0000 17.8
2016-06-16T00:55:30+0000 17.5
2016-06-16T01:10:45+0000 17.4
2016-06-16T01:26:00+0000 17.4
2016-06-16T01:41:15+0000 17.2
2016-06-16T01:56:29+0000 17.0
2016-06-16T02:11:44+0000 16.9
2016-06-16T02:26:59+0000 16.9
2016-06-16T02:42:14+0000 16.8
2016-06-16T02:57:29+0000 16.7
2016-06-16T03:12:44+0000 16.7
2016-06-16T03:27:59+0000 16.5
2016-06-16T03:43:14+0000 16.5
2016-06-16T03:58:29+0000 16.5
2016-06-16T04:13:44+0000 16.4
2016-06-16T04:28:59+0000 16.4
2016-06-16T04:44:14+0000 16.4
2016-06-16T04:59:29+0000 16.4
2016-06-16T05:14:44+0000 16.5
2016-06-16T05:29:59+0000 16.4
2016-06-16T05:45:14+0000 16.3
2016-06-16T06:00:28+0000 16.3
2016-06-16T06:15:43+0000 16.4
2016-06-16T06:30:58+0000 16.3
2016-06-16T06:46:13+0000 16.6
2016-06-16T07:01:28+0000 16.8
2016-06-16T07:16:43+0000 16.9
2016-06-16T07:31:58+0000 17.0
2016-06-16T07:47:13+0000 16.9
2016-06-16T08:02:27+0000 17.0
2016-06-16T08:17:42+0000 17.0
2016-06-16T08:32:57+0000 17.3
2016-06-16T08:48:12+0000 17.4
2016-06-16T09:03:27+0000 17.5
2016-06-16T09:18:42+0000 17.7
2016-06-16T09:33:57+0000 17.7
2016-06-16T09:49:11+0000 17.9
2016-06-16T10:04:26+0000 18.6
2016-06-16T10:19:41+0000 18.8
2016-06-16T10:34:56+0000 19.0
2016-06-16T10:50:11+0000 19.2
2016-06-16T11:05:25+0000 19.1
2016-06-16T11:20:40+0000 19.4
2016-06-16T11:35:55+0000 19.6
2016-06-16T11:51:10+0000 19.7
2016-06-16T12:06:24+0000 20.4
2016-06-16T12:21:39+0000 20.6
2016-06-16T12:36:54+0000 21.1
2016-06-16T12:52:08+0000 22.2
2016-06-16T13:07:23+0000 22.6
2016-06-16T13:22:38+0000 22.7
2016-06-16T13:37:52+0000 22.9
2016-06-16T13:53:07+0000 22.8
2016-06-16T14:08:22+0000 22.7
2016-06-16T14:23:36+0000 22.8
2016-06-16T14:38:51+0000 23.0
2016-06-16T14:54:05+0000 23.6
2016-06-16T15:09:20+0000 23.9
2016-06-16T15:24:35+0000 24.2
2016-06-16T15:39:49+0000 24.7
2016-06-16T15:55:04+0000 25.0
2016-06-16T16:10:18+0000 25.0
2016-06-16T16:25:33+0000 25.0
2016-06-16T16:40:47+0000 24.8
2016-06-16T16:56:02+0000 25.2
2016-06-16T17:11:16+0000 25.2
2016-06-16T17:26:31+0000 25.2
2016-06-16T17:41:45+0000 24.9
2016-06-16T17:57:00+0000 24.8
2016-06-16T18:12:14+0000 24.6
2016-06-16T18:27:29+0000 24.7
2016-06-16T18:42:43+0000 24.4
2016-06-16T18:57:58+0000 24.3
2016-06-16T19:13:12+0000 24.1
2016-06-16T19:28:26+0000 23.8
2016-06-16T19:43:41+0000 23.4
2016-06-16T19:58:56+0000 23.0
2016-06-16T20:14:10+0000 22.9
2016-06-16T20:29:25+0000 22.5
2016-06-16T20:44:39+0000 22.5
2016-06-16T20:59:54+0000 22.2
2016-06-16T21:15:08+0000 21.9
2016-06-16T21:30:23+0000 21.8
2016-06-16T21:45:37+0000 21.5
2016-06-16T22:00:52+0000 21.4
2016-06-16T22:16:07+0000 21.2
2016-06-16T22:31:21+0000 21.1
2016-06-16T22:46:36+0000 21.0
2016-06-16T23:01:50+0000 20.7
2016-06-16T23:17:05+0000 20.6
2016-06-16T23:32:20+0000 20.4
2016-06-16T23:47:35+0000 20.2
