2016-04-17T00:03:15+0000 16.2
2016-04-17T00:18:30+0000 16.2
2016-04-17T00:33:45+0000 16.1
2016-04-17T00:49:00+0000 16.0
2016-04-17T01:04:16+0000 16.0
2016-04-17T01:19:30+0000 15.8
2016-04-17T01:34:46+0000 15.8
2016-04-17T01:50:01+0000 15.7
2016-04-17T02:05:16+0000 15.5
2016-04-17T02:20:31+0000 15.5
2016-04-17T02:35:46+0000 15.3
2016-04-17T02:51:01+0000 15.3
2016-04-17T03:06:16+0000 15.2
2016-04-17T03:21:31+0000 15.0
2016-04-17T03:36:46+0000 15.1
2016-04-17T03:52:01+0000 15.0
2016-04-17T04:07:16+0000 15.1
2016-04-17T04:22:31+0000 15.0
2016-04-17T04:37:46+0000 15.0
2016-04-17T04:53:01+0000 14.8
2016-04-17T05:08:16+0000 14.8
2016-04-17T05:23:31+0000 14.6
2016-04-17T05:38:47+0000 14.5
2016-04-17T05:54:02+0000 14.4
2016-04-17T06:09:17+0000 14.4
2016-04-17T06:24:32+0000 14.3
2016-04-17T06:39:47+0000 14.3
2016-04-17T06:55:02+0000 14.1
2016-04-17T07:10:18+0000 14.1
2016-04-17T07:25:33+0000 14.0
2016-04-17T07:40:48+0000 14.1
2016-04-17T07:56:03+0000 14.2
2016-04-17T08:11:18+0000 14.0
2016-04-17T08:26:33+0000 14.1
2016-04-17T08:41:48+0000 14.1
2016-04-17T08:57:03+0000 14.3
2016-04-17T09:12:19+0000 14.5
2016-04-17T09:27:34+0000 14.7
2016-04-17T09:42:49+0000 14.4
2016-04-17T09:58:04+0000 14.5
2016-04-17T10:13:19+0000 14.8
2016-04-17T10:28:34+0000 15.0
2016-04-17T10:43:49+0000 15.6
2016-04-17T10:59:05+0000 15.7
2016-04-17T11:14:20+0000 16.0
2016-04-17T11:29:35+0000 16.1
2016-04-17T11:44:50+0000 16.4
2016-04-17T12:00:05+0000 16.4
2016-04-17T12:15:20+0000 16.4
2016-04-17T12:30:35+0000 16.2
2016-04-17T12:45:50+0000 15.9
2016-04-17T13:01:05+0000 15.8
2016-04-17T13:16:20+0000 15.6
2016-04-17T13:31:35+0000 15.3
2016-04-17T13:46:50+0000 15.5
2016-04-17T14:02:05+0000 15.5
2016-04-17T14:17:21+0000 15.8
2016-04-17T14:32:36+0000 16.0
2016-04-17T14:47:51+0000 16.0
2016-04-17T15:03:06+0000 16.4
2016-04-17T15:18:21+0000 16.5
2016-04-17T15:33:36+0000 16.7
2016-04-17T15:48:51+0000 16.7
2016-04-17T16:04:06+0000 16.4
2016-04-17T16:19:21+0000 15.9
2016-04-17T16:34:36+0000 15.6
2016-04-17T16:49:52+0000 15.5
2016-04-17T17:05:07+0000 15.3
2016-04-17T17:20:22+0000 15.3
2016-04-17T17:35:37+0000 15.1
2016-04-17T17:50:52+0000 15.2
2016-04-17T18:06:07+0000 15.0
2016-04-17T18:21:22+0000 15.0
2016-04-17T18:36:38+0000 14.9
2016-04-17T18:51:53+0000 14.8
2016-04-17T19:07:08+0000 14.6
2016-04-17T19:22:23+0000 14.7
2016-04-17T19:37:38+0000 14.6
2016-04-17T19:52:53+0000 14.3
2016-04-17T20:08:08+0000 14.1
2016-04-17T20:23:24+0000 13.9
2016-04-17T20:38:39+0000 14.0
2016-04-17T20:53:54+0000 13.8
2016-04-17T21:09:09+0000 13.7
2016-04-17T21:24:24+0000 13.6
2016-04-17T21:39:39+0000 13.6
2016-04-17T21:54:54+0000 13.5
2016-04-17T22:10:10+0000 13.3
2016-04-17T22:25:25+0000 13.3
2016-04-17T22:40:40+0000 13.1
2016-04-17T22:55:55+0000 13.1
2016-04-17T23:11:11+0000 13.1
2016-04-17T23:26:26+0000 12.9
2016-04-17T23:41:41+0000 12.9
2016-04-17T23:56:56+0000 13.0
