2016-04-16T00:09:45+0000 16.7
2016-04-16T00:25:00+0000 16.5
2016-04-16T00:40:15+0000 16.4
2016-04-16T00:55:30+0000 16.5
2016-04-16T01:10:45+0000 16.4
2016-04-16T01:26:00+0000 16.1
2016-04-16T01:41:16+0000 15.9
2016-04-16T01:56:31+0000 16.0
2016-04-16T02:11:46+0000 15.9
2016-04-16T02:27:01+0000 15.8
2016-04-16T02:42:16+0000 15.6
2016-04-16T02:57:31+0000 15.7
2016-04-16T03:12:46+0000 15.6
2016-04-16T03:28:01+0000 15.4
2016-04-16T03:43:16+0000 15.5
2016-04-16T03:58:31+0000 15.3
2016-04-16T04:13:46+0000 15.4
2016-04-16T04:29:01+0000 15.2
2016-04-16T04:44:16+0000 15.3
2016-04-16T04:59:31+0000 15.3
2016-04-16T05:14:46+0000 15.3
2016-04-16T05:30:02+0000 15.1
2016-04-16T05:45:17+0000 15.1
2016-04-16T06:00:32+0000 15.0
2016-04-16T06:15:47+0000 15.1
2016-04-16T06:31:02+0000 15.1
2016-04-16T06:46:17+0000 15.1
2016-04-16T07:01:32+0000 15.1
2016-04-16T07:16:47+0000 15.1
2016-04-16T07:32:02+0000 15.0
2016-04-16T07:47:17+0000 15.1
2016-04-16T08:02:32+0000 15.1
2016-04-16T08:17:48+0000 15.1
2016-04-16T08:33:03+0000 15.1
2016-04-16T08:48:18+0000 15.1
2016-04-16T09:03:33+0000 15.1
2016-04-16T09:18:48+0000 15.1
2016-04-16T09:34:03+0000 15.2
2016-04-16T09:49:18+0000 15.3
2016-04-16T10:04:33+0000 15.3
2016-04-16T10:19:48+0000 15.3
2016-04-16T10:35:03+0000 15.3
2016-04-16T10:50:18+0000 15.2
2016-04-16T11:05:34+0000 15.3
2016-04-16T11:20:49+0000 15.5
2016-04-16T11:36:04+0000 15.8
2016-04-16T11:51:19+0000 15.6
2016-04-16T12:06:34+0000 15.6
2016-04-16T12:21:49+0000 15.6
2016-04-16T12:37:04+0000 15.7
2016-04-16T12:52:19+0000 16.5
2016-04-16T13:07:34+0000 17.1
2016-04-16T13:22:50+0000 17.6
2016-04-16T13:38:05+0000 18.2
2016-04-16T13:53:20+0000 18.5
2016-04-16T14:08:35+0000 18.6
2016-04-16T14:23:49+0000 18.9
2016-04-16T14:39:04+0000 19.3
2016-04-16T14:54:19+0000 19.4
2016-04-16T15:09:34+0000 19.5
2016-04-16T15:24:49+0000 19.9
2016-04-16T15:40:04+0000 20.2
2016-04-16T15:55:19+0000 20.4
2016-04-16T16:10:33+0000 20.6
2016-04-16T16:25:48+0000 20.4
2016-04-16T16:41:03+0000 20.3
2016-04-16T16:56:18+0000 20.4
2016-04-16T17:11:33+0000 20.3
2016-04-16T17:26:48+0000 20.1
2016-04-16T17:42:02+0000 20.0
2016-04-16T17:57:17+0000 19.9
2016-04-16T18:12:32+0000 19.8
2016-04-16T18:27:47+0000 19.6
2016-04-16T18:43:02+0000 19.3
2016-04-16T18:58:17+0000 19.2
2016-04-16T19:13:31+0000 19.1
2016-04-16T19:28:46+0000 18.8
2016-04-16T19:44:01+0000 18.8
2016-04-16T19:59:16+0000 18.4
2016-04-16T20:14:31+0000 18.3
2016-04-16T20:29:46+0000 18.0
2016-04-16T20:45:01+0000 18.0
2016-04-16T21:00:16+0000 17.7
2016-04-16T21:15:31+0000 17.6
2016-04-16T21:30:46+0000 17.3
2016-04-16T21:46:01+0000 17.2
2016-04-16T22:01:15+0000 17.1
2016-04-16T22:16:31+0000 16.9
2016-04-16T22:31:45+0000 16.5
2016-04-16T22:47:01+0000 16.7
2016-04-16T23:02:16+0000 16.6
2016-04-16T23:17:30+0000 16.6
2016-04-16T23:32:45+0000 16.5
2016-04-16T23:48:00+0000 16.4
