2016-02-01T00:05:02+0000 12.0
2016-02-01T00:20:18+0000 12.2
2016-02-01T00:35:34+0000 12.3
2016-02-01T00:50:50+0000 12.3
2016-02-01T01:06:06+0000 12.3
2016-02-01T01:21:21+0000 12.4
2016-02-01T01:36:37+0000 12.3
2016-02-01T01:51:53+0000 12.5
2016-02-01T02:07:09+0000 12.6
2016-02-01T02:22:24+0000 12.6
2016-02-01T02:37:40+0000 12.6
2016-02-01T02:52:56+0000 12.7
2016-02-01T03:08:12+0000 12.8
2016-02-01T03:23:27+0000 12.7
2016-02-01T03:38:43+0000 12.7
2016-02-01T03:53:59+0000 12.8
2016-02-01T04:09:15+0000 12.8
2016-02-01T04:24:30+0000 12.9
2016-02-01T04:39:46+0000 12.9
2016-02-01T04:55:02+0000 12.9
2016-02-01T05:10:17+0000 13.0
2016-02-01T05:25:33+0000 12.9
2016-02-01T05:40:49+0000 12.8
2016-02-01T05:56:04+0000 13.0
2016-02-01T06:11:20+0000 12.9
2016-02-01T06:26:36+0000 12.9
2016-02-01T06:41:51+0000 12.9
2016-02-01T06:57:07+0000 13.0
2016-02-01T07:12:23+0000 13.0
2016-02-01T07:27:38+0000 13.0
2016-02-01T07:42:54+0000 12.9
2016-02-01T07:58:10+0000 12.9
2016-02-01T08:13:25+0000 13.1
2016-02-01T08:28:41+0000 13.0
2016-02-01T08:43:57+0000 13.1
2016-02-01T08:59:13+0000 13.0
2016-02-01T09:14:28+0000 13.2
2016-02-01T09:29:44+0000 13.3
2016-02-01T09:44:59+0000 13.4
2016-02-01T10:00:15+0000 13.5
2016-02-01T10:15:31+0000 13.5
2016-02-01T10:30:46+0000 13.7
2016-02-01T10:46:02+0000 13.7
2016-02-01T11:01:18+0000 13.6
2016-02-01T11:16:33+0000 13.6
2016-02-01T11:31:49+0000 13.6
2016-02-01T11:47:05+0000 13.5
2016-02-01T12:02:20+0000 13.4
2016-02-01T12:17:36+0000 13.3
2016-02-01T12:32:52+0000 13.2
2016-02-01T12:48:07+0000 13.1
2016-02-01T13:03:23+0000 13.1
2016-02-01T13:18:39+0000 13.0
2016-02-01T13:33:54+0000 13.0
2016-02-01T13:49:10+0000 13.1
2016-02-01T14:04:26+0000 13.0
2016-02-01T14:19:42+0000 13.1
2016-02-01T14:34:57+0000 13.3
2016-02-01T14:50:13+0000 13.2
2016-02-01T15:05:29+0000 13.0
2016-02-01T15:20:44+0000 13.3
2016-02-01T15:36:00+0000 13.3
2016-02-01T15:51:16+0000 13.3
2016-02-01T16:06:31+0000 13.3
2016-02-01T16:21:47+0000 13.4
2016-02-01T16:37:03+0000 13.2
2016-02-01T16:52:18+0000 13.2
2016-02-01T17:07:34+0000 13.1
2016-02-01T17:22:50+0000 12.9
2016-02-01T17:38:06+0000 12.8
2016-02-01T17:53:21+0000 12.9
2016-02-01T18:08:37+0000 12.7
2016-02-01T18:23:53+0000 12.8
2016-02-01T18:39:08+0000 12.6
2016-02-01T18:54:24+0000 12.6
2016-02-01T19:09:40+0000 12.5
2016-02-01T19:24:55+0000 12.8
2016-02-01T19:40:11+0000 12.7
2016-02-01T19:55:27+0000 12.5
2016-02-01T20:10:43+0000 12.4
2016-02-01T20:25:58+0000 12.5
2016-02-01T20:41:14+0000 12.5
2016-02-01T20:56:30+0000 12.5
2016-02-01T21:11:45+0000 12.5
2016-02-01T21:27:01+0000 12.4
2016-02-01T21:42:17+0000 12.3
2016-02-01T21:57:33+0000 12.3
2016-02-01T22:12:48+0000 12.3
2016-02-01T22:28:04+0000 12.6
2016-02-01T22:43:20+0000 12.4
2016-02-01T22:58:35+0000 12.3
2016-02-01T23:13:51+0000 12.4
2016-02-01T23:29:07+0000 12.3
2016-02-01T23:44:22+0000 12.4
2016-02-01T23:59:38+0000 12.4
