2016-05-31T00:07:04+0000 20.0
2016-05-31T00:22:19+0000 20.0
2016-05-31T00:37:34+0000 19.7
2016-05-31T00:52:49+0000 19.6
2016-05-31T01:08:04+0000 19.4
2016-05-31T01:23:18+0000 19.2
2016-05-31T01:38:33+0000 19.0
2016-05-31T01:53:48+0000 18.9
2016-05-31T02:09:03+0000 18.7
2016-05-31T02:24:18+0000 18.5
2016-05-31T02:39:33+0000 18.3
2016-05-31T02:54:47+0000 18.1
2016-05-31T03:10:02+0000 17.9
2016-05-31T03:25:17+0000 17.7
2016-05-31T03:40:32+0000 17.6
2016-05-31T03:55:47+0000 17.4
2016-05-31T04:11:02+0000 17.2
2016-05-31T04:26:17+0000 17.1
2016-05-31T04:41:31+0000 16.9
2016-05-31T04:56:46+0000 16.8
2016-05-31T05:12:01+0000 16.7
2016-05-31T05:27:16+0000 16.8
2016-05-31T05:42:31+0000 16.7
2016-05-31T05:57:46+0000 16.9
2016-05-31T06:13:01+0000 16.9
2016-05-31T06:28:16+0000 17.3
2016-05-31T06:43:31+0000 17.6
2016-05-31T06:58:46+0000 17.9
2016-05-31T07:14:01+0000 18.3
2016-05-31T07:29:16+0000 18.7
2016-05-31T07:44:31+0000 19.1
2016-05-31T07:59:46+0000 19.5
2016-05-31T08:15:00+0000 19.7
2016-05-31T08:30:15+0000 20.0
2016-05-31T08:45:30+0000 20.3
2016-05-31T09:00:45+0000 20.5
2016-05-31T09:16:00+0000 20.9
2016-05-31T09:31:14+0000 21.3
2016-05-31T09:46:29+0000 21.5
2016-05-31T10:01:44+0000 21.7
2016-05-31T10:16:59+0000 22.3
2016-05-31T10:32:13+0000 23.0
2016-05-31T10:47:28+0000 23.6
2016-05-31T11:02:43+0000 23.6
2016-05-31T11:17:57+0000 24.0
2016-05-31T11:33:12+0000 24.4
2016-05-31T11:48:26+0000 24.8
2016-05-31T12:03:41+0000 25.1
2016-05-31T12:18:55+0000 25.5
2016-05-31T12:34:10+0000 25.4
2016-05-31T12:49:24+0000 25.5
2016-05-31T13:04:39+0000 25.7
2016-05-31T13:19:53+0000 26.4
2016-05-31T13:35:08+0000 26.5
2016-05-31T13:50:22+0000 26.8
2016-05-31T14:05:36+0000 26.9
2016-05-31T14:20:51+0000 27.4
2016-05-31T14:36:05+0000 28.4
2016-05-31T14:51:20+0000 28.4
2016-05-31T15:06:34+0000 28.9
2016-05-31T15:21:48+0000 29.3
2016-05-31T15:37:02+0000 29.1
2016-05-31T15:52:17+0000 28.6
2016-05-31T16:07:31+0000 28.8
2016-05-31T16:22:45+0000 28.7
2016-05-31T16:37:59+0000 29.0
2016-05-31T16:53:14+0000 29.0
2016-05-31T17:08:28+0000 28.7
2016-05-31T17:23:42+0000 28.5
2016-05-31T17:38:56+0000 28.4
2016-05-31T17:54:11+0000 28.1
2016-05-31T18:09:25+0000 27.9
2016-05-31T18:24:39+0000 27.8
2016-05-31T18:39:54+0000 27.6
2016-05-31T18:55:08+0000 27.3
2016-05-31T19:10:22+0000 27.0
2016-05-31T19:25:37+0000 26.6
2016-05-31T19:40:51+0000 26.2
2016-05-31T19:56:05+0000 25.8
2016-05-31T20:11:20+0000 25.3
2016-05-31T20:26:34+0000 25.1
2016-05-31T20:41:49+0000 24.5
2016-05-31T20:57:03+0000 24.3
2016-05-31T21:12:18+0000 23.8
2016-05-31T21:27:33+0000 23.5
2016-05-31T21:42:47+0000 23.2
2016-05-31T21:58:02+0000 23.0
2016-05-31T22:13:16+0000 22.7
2016-05-31T22:28:31+0000 22.6
2016-05-31T22:43:45+0000 22.3
2016-05-31T22:59:00+0000 22.0
2016-05-31T23:14:15+0000 21.8
2016-05-31T23:29:29+0000 21.7
2016-05-31T23:44:44+0000 21.4
2016-05-31T23:59:59+0000 21.2
