2016-02-25T00:00:39+0000 8.1
2016-02-25T00:15:55+0000 8.1
2016-02-25T00:31:11+0000 8.2
2016-02-25T00:46:27+0000 8.2
2016-02-25T01:01:42+0000 8.1
2016-02-25T01:16:58+0000 8.2
2016-02-25T01:32:13+0000 8.1
2016-02-25T01:47:29+0000 8.1
2016-02-25T02:02:45+0000 8.2
2016-02-25T02:18:00+0000 8.1
2016-02-25T02:33:16+0000 8.1
2016-02-25T02:48:32+0000 8.0
2016-02-25T03:03:47+0000 8.0
2016-02-25T03:19:03+0000 8.1
2016-02-25T03:34:19+0000 8.0
2016-02-25T03:49:34+0000 8.0
2016-02-25T04:04:50+0000 7.9
2016-02-25T04:20:06+0000 7.8
2016-02-25T04:35:21+0000 7.8
2016-02-25T04:50:37+0000 7.8
2016-02-25T05:05:53+0000 7.8
2016-02-25T05:21:08+0000 7.7
2016-02-25T05:36:24+0000 7.7
2016-02-25T05:51:40+0000 7.7
2016-02-25T06:06:55+0000 7.5
2016-02-25T06:22:11+0000 7.5
2016-02-25T06:37:27+0000 7.6
2016-02-25T06:52:42+0000 7.7
2016-02-25T07:07:58+0000 7.7
2016-02-25T07:23:14+0000 7.6
2016-02-25T07:38:29+0000 7.8
2016-02-25T07:53:45+0000 7.8
2016-02-25T08:09:01+0000 7.8
2016-02-25T08:24:16+0000 7.8
2016-02-25T08:39:32+0000 7.8
2016-02-25T08:54:48+0000 7.9
2016-02-25T09:10:03+0000 8.1
2016-02-25T09:25:19+0000 8.5
2016-02-25T09:40:35+0000 8.6
2016-02-25T09:55:51+0000 8.7
2016-02-25T10:11:06+0000 8.7
2016-02-25T10:26:22+0000 8.8
2016-02-25T10:41:38+0000 9.3
2016-02-25T10:56:54+0000 9.6
2016-02-25T11:12:09+0000 10.0
2016-02-25T11:27:25+0000 10.6
2016-02-25T11:42:41+0000 11.1
2016-02-25T11:57:56+0000 11.6
2016-02-25T12:13:12+0000 12.3
2016-02-25T12:28:27+0000 12.7
2016-02-25T12:43:43+0000 12.8
2016-02-25T12:58:59+0000 12.6
2016-02-25T13:14:14+0000 12.5
2016-02-25T13:29:30+0000 12.7
2016-02-25T13:44:45+0000 12.8
2016-02-25T14:00:01+0000 13.0
2016-02-25T14:15:16+0000 12.8
2016-02-25T14:30:32+0000 12.9
2016-02-25T14:45:47+0000 13.1
2016-02-25T15:01:03+0000 13.0
2016-02-25T15:16:18+0000 13.2
2016-02-25T15:31:34+0000 13.2
2016-02-25T15:46:49+0000 13.0
2016-02-25T16:02:05+0000 12.8
2016-02-25T16:17:20+0000 12.6
2016-02-25T16:32:35+0000 12.5
2016-02-25T16:47:51+0000 12.3
2016-02-25T17:03:07+0000 12.2
2016-02-25T17:18:22+0000 12.0
2016-02-25T17:33:37+0000 11.8
2016-02-25T17:48:53+0000 11.4
2016-02-25T18:04:09+0000 11.3
2016-02-25T18:19:24+0000 10.8
2016-02-25T18:34:40+0000 10.6
2016-02-25T18:49:55+0000 10.3
2016-02-25T19:05:11+0000 10.1
2016-02-25T19:20:26+0000 9.9
2016-02-25T19:35:42+0000 9.8
2016-02-25T19:50:57+0000 9.7
2016-02-25T20:06:13+0000 9.6
2016-02-25T20:21:29+0000 9.4
2016-02-25T20:36:44+0000 9.4
2016-02-25T20:52:00+0000 9.2
2016-02-25T21:07:15+0000 9.1
2016-02-25T21:22:31+0000 9.0
2016-02-25T21:37:47+0000 8.9
2016-02-25T21:53:02+0000 8.8
2016-02-25T22:08:18+0000 8.7
2016-02-25T22:23:34+0000 8.5
2016-02-25T22:38:49+0000 8.3
2016-02-25T22:54:05+0000 8.1
2016-02-25T23:09:20+0000 7.9
2016-02-25T23:24:36+0000 7.7
2016-02-25T23:39:52+0000 7.5
2016-02-25T23:55:08+0000 7.3
