2016-06-04T00:08:22+0000 22.0
2016-06-04T00:23:37+0000 21.9
2016-06-04T00:38:52+0000 21.9
2016-06-04T00:54:06+0000 21.7
2016-06-04T01:09:21+0000 21.6
2016-06-04T01:24:36+0000 21.6
2016-06-04T01:39:50+0000 21.5
2016-06-04T01:55:05+0000 21.3
2016-06-04T02:10:20+0000 21.3
2016-06-04T02:25:34+0000 21.1
2016-06-04T02:40:49+0000 21.2
2016-06-04T02:56:04+0000 21.0
2016-06-04T03:11:18+0000 20.9
2016-06-04T03:26:33+0000 20.9
2016-06-04T03:41:48+0000 20.9
2016-06-04T03:57:02+0000 20.7
2016-06-04T04:12:17+0000 20.7
2016-06-04T04:27:32+0000 20.5
2016-06-04T04:42:47+0000 20.5
2016-06-04T04:58:01+0000 20.5
2016-06-04T05:13:16+0000 20.5
2016-06-04T05:28:31+0000 20.5
2016-06-04T05:43:45+0000 20.5
2016-06-04T05:59:00+0000 20.4
2016-06-04T06:14:15+0000 20.4
2016-06-04T06:29:30+0000 20.5
2016-06-04T06:44:44+0000 20.5
2016-06-04T06:59:59+0000 20.6
2016-06-04T07:15:14+0000 20.7
2016-06-04T07:30:29+0000 20.7
2016-06-04T07:45:43+0000 20.7
2016-06-04T08:00:58+0000 20.7
2016-06-04T08:16:13+0000 20.9
2016-06-04T08:31:28+0000 21.2
2016-06-04T08:46:42+0000 21.4
2016-06-04T09:01:57+0000 21.7
2016-06-04T09:17:12+0000 21.9
2016-06-04T09:32:26+0000 22.3
2016-06-04T09:47:41+0000 22.7
2016-06-04T10:02:56+0000 23.2
2016-06-04T10:18:10+0000 23.9
2016-06-04T10:33:25+0000 24.3
2016-06-04T10:48:39+0000 25.1
2016-06-04T11:03:54+0000 25.5
2016-06-04T11:19:08+0000 25.7
2016-06-04T11:34:23+0000 25.5
2016-06-04T11:49:37+0000 25.5
2016-06-04T12:04:52+0000 25.7
2016-06-04T12:20:06+0000 25.9
2016-06-04T12:35:21+0000 25.9
2016-06-04T12:50:35+0000 26.0
2016-06-04T13:05:49+0000 26.0
2016-06-04T13:21:04+0000 25.9
2016-06-04T13:36:18+0000 25.7
2016-06-04T13:51:33+0000 25.6
2016-06-04T14:06:47+0000 25.5
2016-06-04T14:22:01+0000 25.4
2016-06-04T14:37:16+0000 25.0
2016-06-04T14:52:30+0000 24.7
2016-06-04T15:07:44+0000 24.6
2016-06-04T15:22:59+0000 25.2
2016-06-04T15:38:13+0000 25.5
2016-06-04T15:53:28+0000 25.6
2016-06-04T16:08:42+0000 26.1
2016-06-04T16:23:56+0000 26.6
2016-06-04T16:39:11+0000 26.9
2016-06-04T16:54:25+0000 27.3
2016-06-04T17:09:39+0000 27.6
2016-06-04T17:24:54+0000 27.6
2016-06-04T17:40:08+0000 27.6
2016-06-04T17:55:22+0000 27.6
2016-06-04T18:10:36+0000 27.2
2016-06-04T18:25:51+0000 26.9
2016-06-04T18:41:05+0000 26.5
2016-06-04T18:56:19+0000 25.9
2016-06-04T19:11:33+0000 25.4
2016-06-04T19:26:48+0000 25.1
2016-06-04T19:42:02+0000 24.8
2016-06-04T19:57:17+0000 24.3
2016-06-04T20:12:31+0000 24.2
2016-06-04T20:27:45+0000 23.9
2016-06-04T20:43:00+0000 23.6
2016-06-04T20:58:14+0000 23.4
2016-06-04T21:13:28+0000 23.2
2016-06-04T21:28:43+0000 23.2
2016-06-04T21:43:57+0000 23.1
2016-06-04T21:59:12+0000 22.7
2016-06-04T22:14:26+0000 22.6
2016-06-04T22:29:41+0000 22.5
2016-06-04T22:44:55+0000 22.2
2016-06-04T23:00:10+0000 21.9
2016-06-04T23:15:24+0000 21.9
2016-06-04T23:30:39+0000 21.6
2016-06-04T23:45:53+0000 21.5
