2016-06-10T00:07:28+0000 23.0
2016-06-10T00:22:42+0000 22.7
2016-06-10T00:37:56+0000 22.4
2016-06-10T00:53:11+0000 22.1
2016-06-10T01:08:25+0000 21.9
2016-06-10T01:23:40+0000 21.6
2016-06-10T01:38:54+0000 21.4
2016-06-10T01:54:09+0000 21.1
2016-06-10T02:09:23+0000 20.9
2016-06-10T02:24:38+0000 20.7
2016-06-10T02:39:52+0000 20.5
2016-06-10T02:55:07+0000 20.3
2016-06-10T03:10:22+0000 20.1
2016-06-10T03:25:36+0000 20.0
2016-06-10T03:40:51+0000 19.7
2016-06-10T03:56:05+0000 19.5
2016-06-10T04:11:20+0000 19.4
2016-06-10T04:26:35+0000 19.1
2016-06-10T04:41:49+0000 19.1
2016-06-10T04:57:04+0000 18.8
2016-06-10T05:12:19+0000 18.7
2016-06-10T05:27:34+0000 18.7
2016-06-10T05:42:48+0000 18.5
2016-06-10T05:58:03+0000 18.5
2016-06-10T06:13:18+0000 18.5
2016-06-10T06:28:33+0000 18.7
2016-06-10T06:43:47+0000 18.9
2016-06-10T06:59:02+0000 19.3
2016-06-10T07:14:17+0000 20.1
2016-06-10T07:29:31+0000 20.9
2016-06-10T07:44:46+0000 21.5
2016-06-10T08:00:01+0000 22.4
2016-06-10T08:15:15+0000 23.2
2016-06-10T08:30:30+0000 24.2
2016-06-10T08:45:44+0000 25.2
2016-06-10T09:00:59+0000 26.2
2016-06-10T09:16:13+0000 27.3
2016-06-10T09:31:27+0000 28.3
2016-06-10T09:46:42+0000 29.3
2016-06-10T10:01:56+0000 30.4
2016-06-10T10:17:10+0000 31.2
2016-06-10T10:32:24+0000 32.1
2016-06-10T10:47:38+0000 33.0
2016-06-10T11:02:52+0000 33.8
2016-06-10T11:18:05+0000 34.4
2016-06-10T11:33:19+0000 35.1
2016-06-10T11:48:33+0000 35.8
2016-06-10T12:03:47+0000 36.2
2016-06-10T12:19:00+0000 36.7
2016-06-10T12:34:14+0000 36.7
2016-06-10T12:49:27+0000 37.0
2016-06-10T13:04:40+0000 37.3
2016-06-10T13:19:54+0000 37.6
2016-06-10T13:35:07+0000 37.7
2016-06-10T13:50:21+0000 38.1
2016-06-10T14:05:34+0000 38.3
2016-06-10T14:20:47+0000 38.4
2016-06-10T14:36:00+0000 38.6
2016-06-10T14:51:14+0000 38.7
2016-06-10T15:06:27+0000 38.5
2016-06-10T15:21:40+0000 38.3
2016-06-10T15:36:53+0000 38.1
2016-06-10T15:52:07+0000 37.8
2016-06-10T16:07:20+0000 37.6
2016-06-10T16:22:34+0000 37.2
2016-06-10T16:37:47+0000 37.1
2016-06-10T16:53:01+0000 36.8
2016-06-10T17:08:14+0000 36.5
2016-06-10T17:23:28+0000 36.2
2016-06-10T17:38:41+0000 35.9
2016-06-10T17:53:55+0000 35.4
2016-06-10T18:09:08+0000 34.7
2016-06-10T18:24:22+0000 34.0
2016-06-10T18:39:35+0000 33.6
2016-06-10T18:54:49+0000 33.2
2016-06-10T19:10:03+0000 32.9
2016-06-10T19:25:17+0000 32.5
2016-06-10T19:40:30+0000 32.1
2016-06-10T19:55:44+0000 31.6
2016-06-10T20:10:58+0000 31.1
2016-06-10T20:26:12+0000 30.6
2016-06-10T20:41:26+0000 30.1
2016-06-10T20:56:40+0000 29.7
2016-06-10T21:11:54+0000 29.2
2016-06-10T21:27:08+0000 28.9
2016-06-10T21:42:22+0000 28.5
2016-06-10T21:57:36+0000 28.1
2016-06-10T22:12:50+0000 27.8
2016-06-10T22:28:04+0000 27.3
2016-06-10T22:43:18+0000 27.1
2016-06-10T22:58:32+0000 26.7
2016-06-10T23:13:46+0000 26.5
2016-06-10T23:29:00+0000 26.3
2016-06-10T23:44:15+0000 26.0
2016-06-10T23:59:29+0000 25.9
