2016-05-10T00:03:20+0000 24.5
2016-05-10T00:18:34+0000 24.3
2016-05-10T00:33:49+0000 24.2
2016-05-10T00:49:03+0000 23.8
2016-05-10T01:04:18+0000 23.6
2016-05-10T01:19:32+0000 23.4
2016-05-10T01:34:47+0000 23.2
2016-05-10T01:50:01+0000 22.9
2016-05-10T02:05:16+0000 22.7
2016-05-10T02:20:30+0000 22.5
2016-05-10T02:35:45+0000 22.3
2016-05-10T02:50:59+0000 22.2
2016-05-10T03:06:14+0000 22.0
2016-05-10T03:21:29+0000 22.0
2016-05-10T03:36:43+0000 21.8
2016-05-10T03:51:58+0000 21.8
2016-05-10T04:07:13+0000 21.6
2016-05-10T04:22:27+0000 21.6
2016-05-10T04:37:42+0000 21.4
2016-05-10T04:52:57+0000 21.4
2016-05-10T05:08:11+0000 21.2
2016-05-10T05:23:26+0000 21.2
2016-05-10T05:38:41+0000 21.3
2016-05-10T05:53:55+0000 21.2
2016-05-10T06:09:10+0000 21.0
2016-05-10T06:24:24+0000 21.1
2016-05-10T06:39:39+0000 21.0
2016-05-10T06:54:54+0000 21.0
2016-05-10T07:10:08+0000 21.0
2016-05-10T07:25:23+0000 21.0
2016-05-10T07:40:38+0000 21.1
2016-05-10T07:55:52+0000 21.1
2016-05-10T08:11:07+0000 21.5
2016-05-10T08:26:22+0000 21.6
2016-05-10T08:41:37+0000 21.9
2016-05-10T08:56:51+0000 22.7
2016-05-10T09:12:06+0000 23.3
2016-05-10T09:27:21+0000 23.5
2016-05-10T09:42:35+0000 23.9
2016-05-10T09:57:50+0000 24.5
2016-05-10T10:13:05+0000 25.2
2016-05-10T10:28:19+0000 25.6
2016-05-10T10:43:34+0000 26.0
2016-05-10T10:58:48+0000 26.2
2016-05-10T11:14:02+0000 26.4
2016-05-10T11:29:17+0000 26.1
2016-05-10T11:44:31+0000 25.6
2016-05-10T11:59:46+0000 25.1
2016-05-10T12:15:00+0000 24.9
2016-05-10T12:30:15+0000 24.4
2016-05-10T12:45:29+0000 24.2
2016-05-10T13:00:44+0000 24.1
2016-05-10T13:15:58+0000 24.0
2016-05-10T13:31:13+0000 23.6
2016-05-10T13:46:27+0000 23.5
2016-05-10T14:01:42+0000 23.4
2016-05-10T14:16:57+0000 23.5
2016-05-10T14:32:11+0000 23.3
2016-05-10T14:47:26+0000 23.4
2016-05-10T15:02:40+0000 23.2
2016-05-10T15:17:55+0000 23.2
2016-05-10T15:33:10+0000 23.0
2016-05-10T15:48:24+0000 22.9
2016-05-10T16:03:39+0000 22.9
2016-05-10T16:18:54+0000 23.2
2016-05-10T16:34:08+0000 23.4
2016-05-10T16:49:23+0000 23.5
2016-05-10T17:04:37+0000 23.5
2016-05-10T17:19:52+0000 23.4
2016-05-10T17:35:06+0000 23.5
2016-05-10T17:50:21+0000 23.5
2016-05-10T18:05:36+0000 23.6
2016-05-10T18:20:50+0000 23.5
2016-05-10T18:36:05+0000 23.5
2016-05-10T18:51:19+0000 23.2
2016-05-10T19:06:34+0000 23.0
2016-05-10T19:21:49+0000 22.9
2016-05-10T19:37:03+0000 22.5
2016-05-10T19:52:18+0000 22.4
2016-05-10T20:07:32+0000 22.1
2016-05-10T20:22:47+0000 21.9
2016-05-10T20:38:02+0000 21.6
2016-05-10T20:53:16+0000 21.4
2016-05-10T21:08:31+0000 21.1
2016-05-10T21:23:46+0000 20.9
2016-05-10T21:39:01+0000 20.7
2016-05-10T21:54:15+0000 20.5
2016-05-10T22:09:30+0000 20.3
2016-05-10T22:24:45+0000 20.1
2016-05-10T22:40:00+0000 20.0
2016-05-10T22:55:15+0000 20.0
2016-05-10T23:10:29+0000 19.9
2016-05-10T23:25:44+0000 19.7
2016-05-10T23:40:59+0000 19.4
2016-05-10T23:56:14+0000 19.3
