2016-03-11T00:11:03+0000 9.6
2016-03-11T00:26:18+0000 9.4
2016-03-11T00:41:34+0000 9.2
2016-03-11T00:56:50+0000 8.9
2016-03-11T01:12:05+0000 8.8
2016-03-11T01:27:21+0000 8.6
2016-03-11T01:42:37+0000 8.4
2016-03-11T01:57:53+0000 8.1
2016-03-11T02:13:08+0000 8.0
2016-03-11T02:28:24+0000 7.9
2016-03-11T02:43:40+0000 7.8
2016-03-11T02:58:56+0000 7.6
2016-03-11T03:14:11+0000 7.4
2016-03-11T03:29:27+0000 7.3
2016-03-11T03:44:43+0000 7.2
2016-03-11T03:59:59+0000 7.0
2016-03-11T04:15:15+0000 6.9
2016-03-11T04:30:31+0000 6.7
2016-03-11T04:45:46+0000 6.6
2016-03-11T05:01:02+0000 6.5
2016-03-11T05:16:18+0000 6.4
2016-03-11T05:31:34+0000 6.1
2016-03-11T05:46:50+0000 6.1
2016-03-11T06:02:05+0000 6.0
2016-03-11T06:17:21+0000 5.9
2016-03-11T06:32:37+0000 5.8
2016-03-11T06:47:53+0000 5.8
2016-03-11T07:03:09+0000 5.8
2016-03-11T07:18:25+0000 5.9
2016-03-11T07:33:40+0000 5.8
2016-03-11T07:48:56+0000 5.9
2016-03-11T08:04:12+0000 6.0
2016-03-11T08:19:28+0000 6.3
2016-03-11T08:34:44+0000 6.5
2016-03-11T08:49:59+0000 6.7
2016-03-11T09:05:15+0000 6.8
2016-03-11T09:20:31+0000 7.1
2016-03-11T09:35:47+0000 7.1
2016-03-11T09:51:03+0000 7.2
2016-03-11T10:06:19+0000 7.4
2016-03-11T10:21:34+0000 7.7
2016-03-11T10:36:50+0000 8.0
2016-03-11T10:52:06+0000 8.4
2016-03-11T11:07:22+0000 8.6
2016-03-11T11:22:37+0000 8.6
2016-03-11T11:37:53+0000 9.0
2016-03-11T11:53:09+0000 9.2
2016-03-11T12:08:25+0000 9.5
2016-03-11T12:23:40+0000 9.6
2016-03-11T12:38:56+0000 9.9
2016-03-11T12:54:12+0000 10.2
2016-03-11T13:09:27+0000 10.3
2016-03-11T13:24:43+0000 10.6
2016-03-11T13:39:59+0000 11.0
2016-03-11T13:55:14+0000 11.3
2016-03-11T14:10:30+0000 11.8
2016-03-11T14:25:46+0000 12.3
2016-03-11T14:41:01+0000 12.7
2016-03-11T14:56:17+0000 12.9
2016-03-11T15:11:32+0000 13.2
2016-03-11T15:26:48+0000 13.5
2016-03-11T15:42:03+0000 13.6
2016-03-11T15:57:19+0000 14.1
2016-03-11T16:12:34+0000 14.0
2016-03-11T16:27:50+0000 13.8
2016-03-11T16:43:05+0000 13.7
2016-03-11T16:58:21+0000 13.6
2016-03-11T17:13:36+0000 13.5
2016-03-11T17:28:52+0000 13.3
2016-03-11T17:44:07+0000 13.1
2016-03-11T17:59:23+0000 13.0
2016-03-11T18:14:38+0000 12.9
2016-03-11T18:29:54+0000 12.8
2016-03-11T18:45:09+0000 12.6
2016-03-11T19:00:25+0000 12.5
2016-03-11T19:15:40+0000 12.3
2016-03-11T19:30:56+0000 12.2
2016-03-11T19:46:12+0000 12.0
2016-03-11T20:01:28+0000 11.8
2016-03-11T20:16:43+0000 11.8
2016-03-11T20:31:59+0000 11.7
2016-03-11T20:47:14+0000 11.7
2016-03-11T21:02:30+0000 11.6
2016-03-11T21:17:45+0000 11.5
2016-03-11T21:33:01+0000 11.5
2016-03-11T21:48:17+0000 11.4
2016-03-11T22:03:32+0000 11.3
2016-03-11T22:18:48+0000 11.1
2016-03-11T22:34:04+0000 11.0
2016-03-11T22:49:19+0000 10.9
2016-03-11T23:04:35+0000 10.8
2016-03-11T23:19:51+0000 10.6
2016-03-11T23:35:06+0000 10.3
2016-03-11T23:50:22+0000 10.2
