2016-03-29T00:15:05+0000 12.6
2016-03-29T00:30:21+0000 12.5
2016-03-29T00:45:36+0000 12.4
2016-03-29T01:00:52+0000 12.5
2016-03-29T01:16:07+0000 12.3
2016-03-29T01:31:23+0000 11.4
2016-03-29T01:46:38+0000 11.5
2016-03-29T02:01:54+0000 11.3
2016-03-29T02:17:09+0000 11.1
2016-03-29T02:32:25+0000 11.0
2016-03-29T02:47:40+0000 11.0
2016-03-29T03:02:56+0000 11.0
2016-03-29T03:18:11+0000 10.9
2016-03-29T03:33:27+0000 11.1
2016-03-29T03:48:42+0000 10.7
2016-03-29T04:03:58+0000 10.8
2016-03-29T04:19:13+0000 10.7
2016-03-29T04:34:28+0000 10.7
2016-03-29T04:49:44+0000 10.6
2016-03-29T05:04:59+0000 10.7
2016-03-29T05:20:15+0000 10.4
2016-03-29T05:35:30+0000 10.3
2016-03-29T05:50:46+0000 10.2
2016-03-29T06:06:01+0000 10.1
2016-03-29T06:21:17+0000 10.2
2016-03-29T06:36:32+0000 10.3
2016-03-29T06:51:48+0000 10.4
2016-03-29T07:07:03+0000 10.2
2016-03-29T07:22:19+0000 10.0
2016-03-29T07:37:34+0000 10.5
2016-03-29T07:52:50+0000 10.9
2016-03-29T08:08:05+0000 10.8
2016-03-29T08:23:21+0000 11.4
2016-03-29T08:38:36+0000 11.5
2016-03-29T08:53:52+0000 11.1
2016-03-29T09:09:07+0000 11.6
2016-03-29T09:24:22+0000 11.8
2016-03-29T09:39:38+0000 11.9
2016-03-29T09:54:53+0000 12.5
2016-03-29T10:10:09+0000 13.0
2016-03-29T10:25:24+0000 13.0
2016-03-29T10:40:39+0000 13.2
2016-03-29T10:55:55+0000 13.4
2016-03-29T11:11:10+0000 14.4
2016-03-29T11:26:26+0000 15.1
2016-03-29T11:41:41+0000 15.9
2016-03-29T11:56:56+0000 16.3
2016-03-29T12:12:12+0000 16.9
2016-03-29T12:27:27+0000 17.0
2016-03-29T12:42:42+0000 17.1
2016-03-29T12:57:57+0000 17.4
2016-03-29T13:13:13+0000 17.7
2016-03-29T13:28:28+0000 17.5
2016-03-29T13:43:43+0000 17.9
2016-03-29T13:58:58+0000 17.7
2016-03-29T14:14:13+0000 17.6
2016-03-29T14:29:29+0000 17.6
2016-03-29T14:44:44+0000 17.4
2016-03-29T14:59:59+0000 17.3
2016-03-29T15:15:14+0000 17.3
2016-03-29T15:30:29+0000 17.5
2016-03-29T15:45:45+0000 17.5
2016-03-29T16:01:00+0000 17.5
2016-03-29T16:16:15+0000 17.5
2016-03-29T16:31:30+0000 17.4
2016-03-29T16:46:45+0000 17.2
2016-03-29T17:02:00+0000 17.4
2016-03-29T17:17:15+0000 17.3
2016-03-29T17:32:31+0000 17.2
2016-03-29T17:47:46+0000 17.1
2016-03-29T18:03:01+0000 17.0
2016-03-29T18:18:16+0000 16.7
2016-03-29T18:33:31+0000 16.6
2016-03-29T18:48:47+0000 16.3
2016-03-29T19:04:02+0000 16.0
2016-03-29T19:19:17+0000 15.8
2016-03-29T19:34:32+0000 15.6
2016-03-29T19:49:47+0000 15.3
2016-03-29T20:05:03+0000 15.0
2016-03-29T20:20:18+0000 15.0
2016-03-29T20:35:33+0000 14.7
2016-03-29T20:50:49+0000 14.4
2016-03-29T21:06:04+0000 14.1
2016-03-29T21:21:19+0000 13.9
2016-03-29T21:36:35+0000 13.7
2016-03-29T21:51:50+0000 13.6
2016-03-29T22:07:05+0000 13.3
2016-03-29T22:22:21+0000 13.2
2016-03-29T22:37:36+0000 13.0
2016-03-29T22:52:51+0000 12.9
2016-03-29T23:08:07+0000 12.7
2016-03-29T23:23:22+0000 12.5
2016-03-29T23:38:38+0000 12.4
2016-03-29T23:53:53+0000 12.2
