2016-03-18T00:03:01+0000 10.6
2016-03-18T00:18:17+0000 10.4
2016-03-18T00:33:32+0000 10.2
2016-03-18T00:48:48+0000 10.0
2016-03-18T01:04:03+0000 9.7
2016-03-18T01:19:19+0000 9.6
2016-03-18T01:34:35+0000 9.4
2016-03-18T01:49:50+0000 9.2
2016-03-18T02:05:06+0000 9.0
2016-03-18T02:20:22+0000 8.9
2016-03-18T02:35:37+0000 8.7
2016-03-18T02:50:53+0000 8.5
2016-03-18T03:06:08+0000 8.4
2016-03-18T03:21:24+0000 8.2
2016-03-18T03:36:39+0000 8.1
2016-03-18T03:51:55+0000 7.9
2016-03-18T04:07:11+0000 7.8
2016-03-18T04:22:26+0000 7.6
2016-03-18T04:37:42+0000 7.6
2016-03-18T04:52:58+0000 7.4
2016-03-18T05:08:14+0000 7.2
2016-03-18T05:23:29+0000 7.1
2016-03-18T05:38:45+0000 6.9
2016-03-18T05:54:01+0000 6.9
2016-03-18T06:09:16+0000 6.7
2016-03-18T06:24:32+0000 6.6
2016-03-18T06:39:48+0000 6.5
2016-03-18T06:55:03+0000 6.5
2016-03-18T07:10:19+0000 6.6
2016-03-18T07:25:35+0000 7.0
2016-03-18T07:40:51+0000 7.5
2016-03-18T07:56:06+0000 8.0
2016-03-18T08:11:22+0000 8.5
2016-03-18T08:26:38+0000 9.0
2016-03-18T08:41:54+0000 9.6
2016-03-18T08:57:09+0000 10.0
2016-03-18T09:12:25+0000 10.7
2016-03-18T09:27:41+0000 11.4
2016-03-18T09:42:56+0000 12.1
2016-03-18T09:58:12+0000 12.6
2016-03-18T10:13:27+0000 13.3
2016-03-18T10:28:43+0000 14.0
2016-03-18T10:43:58+0000 14.9
2016-03-18T10:59:14+0000 15.5
2016-03-18T11:14:29+0000 16.0
2016-03-18T11:29:45+0000 16.6
2016-03-18T11:45:00+0000 17.1
2016-03-18T12:00:15+0000 17.9
2016-03-18T12:15:31+0000 18.5
2016-03-18T12:30:46+0000 19.1
2016-03-18T12:46:01+0000 19.6
2016-03-18T13:01:17+0000 20.1
2016-03-18T13:16:32+0000 20.5
2016-03-18T13:31:47+0000 20.8
2016-03-18T13:47:02+0000 21.0
2016-03-18T14:02:17+0000 21.3
2016-03-18T14:17:32+0000 21.4
2016-03-18T14:32:47+0000 21.5
2016-03-18T14:48:02+0000 21.4
2016-03-18T15:03:18+0000 21.4
2016-03-18T15:18:33+0000 21.3
2016-03-18T15:33:48+0000 21.1
2016-03-18T15:49:03+0000 20.6
2016-03-18T16:04:18+0000 20.7
2016-03-18T16:19:33+0000 20.6
2016-03-18T16:34:48+0000 20.2
2016-03-18T16:50:03+0000 20.2
2016-03-18T17:05:18+0000 20.1
2016-03-18T17:20:33+0000 20.0
2016-03-18T17:35:49+0000 19.8
2016-03-18T17:51:04+0000 19.5
2016-03-18T18:06:19+0000 19.2
2016-03-18T18:21:34+0000 19.0
2016-03-18T18:36:49+0000 18.4
2016-03-18T18:52:04+0000 17.9
2016-03-18T19:07:19+0000 17.5
2016-03-18T19:22:35+0000 17.1
2016-03-18T19:37:50+0000 16.7
2016-03-18T19:53:05+0000 16.3
2016-03-18T20:08:20+0000 15.9
2016-03-18T20:23:36+0000 15.6
2016-03-18T20:38:51+0000 15.2
2016-03-18T20:54:06+0000 15.0
2016-03-18T21:09:22+0000 14.6
2016-03-18T21:24:37+0000 14.3
2016-03-18T21:39:52+0000 13.9
2016-03-18T21:55:08+0000 13.7
2016-03-18T22:10:23+0000 13.4
2016-03-18T22:25:39+0000 13.2
2016-03-18T22:40:54+0000 13.0
2016-03-18T22:56:09+0000 12.7
2016-03-18T23:11:25+0000 12.5
2016-03-18T23:26:40+0000 12.2
2016-03-18T23:41:56+0000 11.9
2016-03-18T23:57:11+0000 11.7
