2016-01-04T00:13:07+0000 9.3
2016-01-04T00:28:23+0000 9.1
2016-01-04T00:43:39+0000 9.0
2016-01-04T00:58:54+0000 9.1
2016-01-04T01:14:10+0000 8.8
2016-01-04T01:29:26+0000 8.8
2016-01-04T01:44:41+0000 8.8
2016-01-04T01:59:57+0000 8.8
2016-01-04T02:15:13+0000 8.6
2016-01-04T02:30:29+0000 8.6
2016-01-04T02:45:46+0000 8.7
2016-01-04T03:01:01+0000 8.6
2016-01-04T03:16:17+0000 8.8
2016-01-04T03:31:33+0000 8.9
2016-01-04T03:46:49+0000 8.8
2016-01-04T04:02:05+0000 9.0
2016-01-04T04:17:20+0000 9.1
2016-01-04T04:32:36+0000 9.1
2016-01-04T04:47:52+0000 9.1
2016-01-04T05:03:08+0000 9.1
2016-01-04T05:18:24+0000 9.1
2016-01-04T05:33:39+0000 9.1
2016-01-04T05:48:55+0000 9.0
2016-01-04T06:04:11+0000 9.1
2016-01-04T06:19:27+0000 8.8
2016-01-04T06:34:42+0000 8.7
2016-01-04T06:49:58+0000 8.6
2016-01-04T07:05:14+0000 8.8
2016-01-04T07:20:30+0000 8.6
2016-01-04T07:35:46+0000 8.7
2016-01-04T07:51:02+0000 8.7
2016-01-04T08:06:17+0000 8.7
2016-01-04T08:21:33+0000 8.8
2016-01-04T08:36:49+0000 8.8
2016-01-04T08:52:05+0000 8.5
2016-01-04T09:07:21+0000 8.7
2016-01-04T09:22:37+0000 8.8
2016-01-04T09:37:52+0000 8.9
2016-01-04T09:53:08+0000 8.9
2016-01-04T10:08:24+0000 8.9
2016-01-04T10:23:40+0000 9.0
2016-01-04T10:38:56+0000 9.0
2016-01-04T10:54:11+0000 9.2
2016-01-04T11:09:27+0000 9.4
2016-01-04T11:24:43+0000 9.4
2016-01-04T11:39:59+0000 9.5
2016-01-04T11:55:15+0000 9.7
2016-01-04T12:10:30+0000 10.1
2016-01-04T12:25:46+0000 10.2
2016-01-04T12:41:02+0000 10.9
2016-01-04T12:56:18+0000 10.8
2016-01-04T13:11:33+0000 11.2
2016-01-04T13:26:49+0000 11.3
2016-01-04T13:42:05+0000 11.1
2016-01-04T13:57:20+0000 11.3
2016-01-04T14:12:36+0000 11.3
2016-01-04T14:27:52+0000 11.3
2016-01-04T14:43:07+0000 11.4
2016-01-04T14:58:23+0000 11.5
2016-01-04T15:13:39+0000 11.6
2016-01-04T15:28:54+0000 11.8
2016-01-04T15:44:10+0000 11.8
2016-01-04T15:59:26+0000 11.5
2016-01-04T16:14:41+0000 11.3
2016-01-04T16:29:57+0000 11.0
2016-01-04T16:45:13+0000 11.2
2016-01-04T17:00:29+0000 10.7
2016-01-04T17:15:44+0000 10.4
2016-01-04T17:31:00+0000 10.4
2016-01-04T17:46:16+0000 10.2
2016-01-04T18:01:32+0000 10.1
2016-01-04T18:16:47+0000 9.9
2016-01-04T18:32:03+0000 10.1
2016-01-04T18:47:19+0000 9.7
2016-01-04T19:02:35+0000 9.7
2016-01-04T19:17:50+0000 9.8
2016-01-04T19:33:06+0000 9.6
2016-01-04T19:48:22+0000 9.6
2016-01-04T20:03:38+0000 9.5
2016-01-04T20:18:54+0000 9.6
2016-01-04T20:34:09+0000 9.3
2016-01-04T20:49:25+0000 9.3
2016-01-04T21:04:41+0000 9.3
2016-01-04T21:19:57+0000 9.2
2016-01-04T21:35:13+0000 9.1
2016-01-04T21:50:28+0000 9.0
2016-01-04T22:05:44+0000 9.0
2016-01-04T22:21:00+0000 8.8
2016-01-04T22:36:16+0000 8.8
2016-01-04T22:51:32+0000 8.8
2016-01-04T23:06:47+0000 8.8
2016-01-04T23:22:03+0000 8.6
2016-01-04T23:37:19+0000 8.4
2016-01-04T23:52:35+0000 8.3
