2016-09-17T00:01:51+0000 19.4
2016-09-17T00:17:06+0000 19.3
2016-09-17T00:32:21+0000 19.1
2016-09-17T00:47:36+0000 19.1
2016-09-17T01:02:51+0000 18.9
2016-09-17T01:18:07+0000 18.8
2016-09-17T01:33:22+0000 18.7
2016-09-17T01:48:37+0000 18.7
2016-09-17T02:03:52+0000 18.5
2016-09-17T02:19:07+0000 18.4
2016-09-17T02:34:22+0000 18.4
2016-09-17T02:49:38+0000 18.3
2016-09-17T03:04:53+0000 18.2
2016-09-17T03:20:08+0000 18.1
2016-09-17T03:35:23+0000 18.0
2016-09-17T03:50:38+0000 17.9
2016-09-17T04:05:54+0000 17.9
2016-09-17T04:21:09+0000 17.9
2016-09-17T04:36:24+0000 17.8
2016-09-17T04:51:39+0000 17.7
2016-09-17T05:06:54+0000 17.6
2016-09-17T05:22:10+0000 17.6
2016-09-17T05:37:25+0000 17.6
2016-09-17T05:52:40+0000 17.5
2016-09-17T06:07:55+0000 17.4
2016-09-17T06:23:11+0000 17.4
2016-09-17T06:38:26+0000 17.4
2016-09-17T06:53:41+0000 17.5
2016-09-17T07:08:57+0000 17.4
2016-09-17T07:24:12+0000 17.6
2016-09-17T07:39:27+0000 17.9
2016-09-17T07:54:42+0000 18.5
2016-09-17T08:09:58+0000 19.1
2016-09-17T08:25:13+0000 19.6
2016-09-17T08:40:28+0000 20.3
2016-09-17T08:55:43+0000 20.6
2016-09-17T09:10:58+0000 21.1
2016-09-17T09:26:14+0000 21.2
2016-09-17T09:41:29+0000 21.2
2016-09-17T09:56:44+0000 21.4
2016-09-17T10:11:59+0000 21.7
2016-09-17T10:27:14+0000 22.0
2016-09-17T10:42:29+0000 22.5
2016-09-17T10:57:44+0000 22.7
2016-09-17T11:12:59+0000 22.9
2016-09-17T11:28:14+0000 23.7
2016-09-17T11:43:29+0000 24.1
2016-09-17T11:58:44+0000 24.4
2016-09-17T12:13:59+0000 25.1
2016-09-17T12:29:14+0000 25.9
2016-09-17T12:44:29+0000 26.4
2016-09-17T12:59:43+0000 26.6
2016-09-17T13:14:58+0000 26.8
2016-09-17T13:30:13+0000 27.4
2016-09-17T13:45:28+0000 27.9
2016-09-17T14:00:43+0000 28.3
2016-09-17T14:15:57+0000 28.6
2016-09-17T14:31:12+0000 28.9
2016-09-17T14:46:26+0000 28.5
2016-09-17T15:01:41+0000 27.8
2016-09-17T15:16:56+0000 27.4
2016-09-17T15:32:10+0000 26.9
2016-09-17T15:47:25+0000 26.6
2016-09-17T16:02:40+0000 26.2
2016-09-17T16:17:54+0000 25.9
2016-09-17T16:33:09+0000 25.7
2016-09-17T16:48:24+0000 25.4
2016-09-17T17:03:39+0000 25.3
2016-09-17T17:18:54+0000 25.2
2016-09-17T17:34:08+0000 24.9
2016-09-17T17:49:23+0000 24.7
2016-09-17T18:04:38+0000 24.4
2016-09-17T18:19:53+0000 24.2
2016-09-17T18:35:08+0000 23.9
2016-09-17T18:50:23+0000 23.5
2016-09-17T19:05:37+0000 23.2
2016-09-17T19:20:52+0000 22.9
2016-09-17T19:36:07+0000 22.8
2016-09-17T19:51:22+0000 22.6
2016-09-17T20:06:37+0000 22.3
2016-09-17T20:21:52+0000 22.1
2016-09-17T20:37:07+0000 21.9
2016-09-17T20:52:22+0000 21.7
2016-09-17T21:07:37+0000 21.6
2016-09-17T21:22:52+0000 21.5
2016-09-17T21:38:07+0000 21.3
2016-09-17T21:53:22+0000 21.1
2016-09-17T22:08:37+0000 21.0
2016-09-17T22:23:52+0000 20.8
2016-09-17T22:39:07+0000 20.8
2016-09-17T22:54:22+0000 20.6
2016-09-17T23:09:38+0000 20.6
2016-09-17T23:24:53+0000 20.5
2016-09-17T23:40:08+0000 20.4
2016-09-17T23:55:23+0000 20.2
