2016-02-08T00:13:38+0000 9.4
2016-02-08T00:28:54+0000 9.5
2016-02-08T00:44:09+0000 9.2
2016-02-08T00:59:25+0000 9.2
2016-02-08T01:14:41+0000 9.1
2016-02-08T01:29:57+0000 9.1
2016-02-08T01:45:12+0000 9.1
2016-02-08T02:00:28+0000 9.1
2016-02-08T02:15:44+0000 9.0
2016-02-08T02:31:00+0000 8.9
2016-02-08T02:46:15+0000 8.7
2016-02-08T03:01:31+0000 8.8
2016-02-08T03:16:47+0000 8.7
2016-02-08T03:32:03+0000 8.6
2016-02-08T03:47:19+0000 8.6
2016-02-08T04:02:34+0000 8.7
2016-02-08T04:17:50+0000 8.9
2016-02-08T04:33:06+0000 9.1
2016-02-08T04:48:22+0000 9.1
2016-02-08T05:03:37+0000 9.2
2016-02-08T05:18:53+0000 9.1
2016-02-08T05:34:09+0000 9.3
2016-02-08T05:49:25+0000 9.5
2016-02-08T06:04:41+0000 9.5
2016-02-08T06:19:57+0000 9.5
2016-02-08T06:35:12+0000 9.7
2016-02-08T06:50:28+0000 10.0
2016-02-08T07:05:44+0000 9.9
2016-02-08T07:20:59+0000 9.8
2016-02-08T07:36:15+0000 9.9
2016-02-08T07:51:31+0000 9.9
2016-02-08T08:06:47+0000 10.0
2016-02-08T08:22:03+0000 10.0
2016-02-08T08:37:18+0000 10.0
2016-02-08T08:52:34+0000 10.2
2016-02-08T09:07:50+0000 10.4
2016-02-08T09:23:06+0000 10.5
2016-02-08T09:38:22+0000 10.9
2016-02-08T09:53:37+0000 11.3
2016-02-08T10:08:53+0000 11.2
2016-02-08T10:24:09+0000 11.5
2016-02-08T10:39:25+0000 11.9
2016-02-08T10:54:40+0000 11.6
2016-02-08T11:09:56+0000 11.5
2016-02-08T11:25:12+0000 11.8
2016-02-08T11:40:27+0000 12.3
2016-02-08T11:55:43+0000 12.6
2016-02-08T12:10:59+0000 12.5
2016-02-08T12:26:14+0000 12.7
2016-02-08T12:41:30+0000 12.8
2016-02-08T12:56:46+0000 12.5
2016-02-08T13:12:01+0000 12.2
2016-02-08T13:27:17+0000 12.3
2016-02-08T13:42:32+0000 12.0
2016-02-08T13:57:48+0000 12.2
2016-02-08T14:13:04+0000 12.0
2016-02-08T14:28:20+0000 11.4
2016-02-08T14:43:35+0000 11.8
2016-02-08T14:58:51+0000 11.9
2016-02-08T15:14:07+0000 11.9
2016-02-08T15:29:22+0000 11.8
2016-02-08T15:44:38+0000 11.9
2016-02-08T15:59:54+0000 12.0
2016-02-08T16:15:10+0000 12.0
2016-02-08T16:30:25+0000 12.0
2016-02-08T16:45:41+0000 11.5
2016-02-08T17:00:57+0000 11.3
2016-02-08T17:16:13+0000 11.4
2016-02-08T17:31:28+0000 11.4
2016-02-08T17:46:44+0000 11.0
2016-02-08T18:02:00+0000 11.0
2016-02-08T18:17:16+0000 10.6
2016-02-08T18:32:31+0000 10.6
2016-02-08T18:47:47+0000 10.7
2016-02-08T19:03:03+0000 10.6
2016-02-08T19:18:19+0000 10.4
2016-02-08T19:33:34+0000 10.7
2016-02-08T19:48:50+0000 10.6
2016-02-08T20:04:06+0000 10.3
2016-02-08T20:19:22+0000 10.7
2016-02-08T20:34:38+0000 9.7
2016-02-08T20:49:53+0000 9.9
2016-02-08T21:05:09+0000 9.8
2016-02-08T21:20:25+0000 9.7
2016-02-08T21:35:41+0000 9.8
2016-02-08T21:50:57+0000 9.8
2016-02-08T22:06:13+0000 9.7
2016-02-08T22:21:28+0000 10.0
2016-02-08T22:36:44+0000 9.9
2016-02-08T22:52:00+0000 9.9
2016-02-08T23:07:16+0000 9.6
2016-02-08T23:22:31+0000 9.7
2016-02-08T23:37:47+0000 9.5
2016-02-08T23:53:03+0000 9.5
