2016-10-05T00:10:39+0000 14.9
2016-10-05T00:25:54+0000 14.7
2016-10-05T00:41:10+0000 14.4
2016-10-05T00:56:25+0000 14.2
2016-10-05T01:11:41+0000 14.1
2016-10-05T01:26:57+0000 13.9
2016-10-05T01:42:12+0000 13.6
2016-10-05T01:57:28+0000 13.7
2016-10-05T02:12:43+0000 13.4
2016-10-05T02:27:59+0000 13.2
2016-10-05T02:43:14+0000 13.1
2016-10-05T02:58:30+0000 13.0
2016-10-05T03:13:46+0000 12.8
2016-10-05T03:29:01+0000 12.7
2016-10-05T03:44:17+0000 12.5
2016-10-05T03:59:33+0000 12.4
2016-10-05T04:14:48+0000 12.3
2016-10-05T04:30:04+0000 12.1
2016-10-05T04:45:19+0000 12.0
2016-10-05T05:00:35+0000 11.9
2016-10-05T05:15:51+0000 11.7
2016-10-05T05:31:06+0000 11.5
2016-10-05T05:46:22+0000 11.4
2016-10-05T06:01:38+0000 11.3
2016-10-05T06:16:53+0000 11.1
2016-10-05T06:32:09+0000 11.0
2016-10-05T06:47:24+0000 11.0
2016-10-05T07:02:40+0000 11.1
2016-10-05T07:17:56+0000 11.5
2016-10-05T07:33:12+0000 11.9
2016-10-05T07:48:27+0000 12.3
2016-10-05T08:03:43+0000 12.7
2016-10-05T08:18:59+0000 13.2
2016-10-05T08:34:14+0000 13.7
2016-10-05T08:49:30+0000 14.4
2016-10-05T09:04:45+0000 14.9
2016-10-05T09:20:01+0000 15.4
2016-10-05T09:35:17+0000 15.4
2016-10-05T09:50:32+0000 15.4
2016-10-05T10:05:48+0000 16.0
2016-10-05T10:21:03+0000 16.2
2016-10-05T10:36:19+0000 16.6
2016-10-05T10:51:34+0000 17.2
2016-10-05T11:06:50+0000 17.7
2016-10-05T11:22:05+0000 18.0
2016-10-05T11:37:21+0000 18.4
2016-10-05T11:52:36+0000 18.7
2016-10-05T12:07:52+0000 19.3
2016-10-05T12:23:07+0000 19.6
2016-10-05T12:38:22+0000 19.9
2016-10-05T12:53:38+0000 20.1
2016-10-05T13:08:53+0000 20.4
2016-10-05T13:24:08+0000 20.5
2016-10-05T13:39:24+0000 20.7
2016-10-05T13:54:39+0000 20.8
2016-10-05T14:09:54+0000 20.7
2016-10-05T14:25:09+0000 20.5
2016-10-05T14:40:25+0000 20.5
2016-10-05T14:55:40+0000 20.6
2016-10-05T15:10:55+0000 20.4
2016-10-05T15:26:10+0000 20.2
2016-10-05T15:41:26+0000 20.1
2016-10-05T15:56:41+0000 20.1
2016-10-05T16:11:56+0000 20.0
2016-10-05T16:27:12+0000 19.6
2016-10-05T16:42:27+0000 19.4
2016-10-05T16:57:42+0000 19.3
2016-10-05T17:12:57+0000 19.2
2016-10-05T17:28:13+0000 18.8
2016-10-05T17:43:28+0000 18.5
2016-10-05T17:58:43+0000 18.1
2016-10-05T18:13:59+0000 17.6
2016-10-05T18:29:14+0000 17.4
2016-10-05T18:44:29+0000 17.0
2016-10-05T18:59:45+0000 16.6
2016-10-05T19:15:00+0000 16.4
2016-10-05T19:30:16+0000 16.0
2016-10-05T19:45:31+0000 15.7
2016-10-05T20:00:47+0000 15.4
2016-10-05T20:16:02+0000 15.1
2016-10-05T20:31:18+0000 15.0
2016-10-05T20:46:33+0000 14.6
2016-10-05T21:01:49+0000 14.5
2016-10-05T21:17:04+0000 14.2
2016-10-05T21:32:20+0000 13.9
2016-10-05T21:47:36+0000 13.7
2016-10-05T22:02:51+0000 13.5
2016-10-05T22:18:07+0000 13.3
2016-10-05T22:33:22+0000 13.2
2016-10-05T22:48:38+0000 12.9
2016-10-05T23:03:54+0000 12.7
2016-10-05T23:19:09+0000 12.5
2016-10-05T23:34:25+0000 12.3
2016-10-05T23:49:41+0000 12.2
