2016-04-09T00:08:51+0000 13.1
2016-04-09T00:24:06+0000 12.8
2016-04-09T00:39:21+0000 12.6
2016-04-09T00:54:37+0000 12.4
2016-04-09T01:09:52+0000 12.2
2016-04-09T01:25:07+0000 12.0
2016-04-09T01:40:22+0000 11.8
2016-04-09T01:55:38+0000 11.8
2016-04-09T02:10:53+0000 11.5
2016-04-09T02:26:08+0000 11.3
2016-04-09T02:41:23+0000 11.1
2016-04-09T02:56:39+0000 10.9
2016-04-09T03:11:54+0000 10.8
2016-04-09T03:27:09+0000 10.7
2016-04-09T03:42:25+0000 10.5
2016-04-09T03:57:40+0000 10.5
2016-04-09T04:12:55+0000 10.5
2016-04-09T04:28:11+0000 10.4
2016-04-09T04:43:26+0000 10.4
2016-04-09T04:58:41+0000 10.3
2016-04-09T05:13:57+0000 10.3
2016-04-09T05:29:12+0000 10.3
2016-04-09T05:44:28+0000 10.3
2016-04-09T05:59:43+0000 10.3
2016-04-09T06:14:58+0000 10.2
2016-04-09T06:30:14+0000 10.3
2016-04-09T06:45:29+0000 10.3
2016-04-09T07:00:44+0000 10.5
2016-04-09T07:16:00+0000 10.5
2016-04-09T07:31:15+0000 10.7
2016-04-09T07:46:31+0000 10.7
2016-04-09T08:01:46+0000 10.9
2016-04-09T08:17:01+0000 11.2
2016-04-09T08:32:17+0000 11.4
2016-04-09T08:47:32+0000 11.6
2016-04-09T09:02:48+0000 11.9
2016-04-09T09:18:03+0000 12.2
2016-04-09T09:33:18+0000 12.6
2016-04-09T09:48:34+0000 12.8
2016-04-09T10:03:49+0000 13.2
2016-04-09T10:19:04+0000 13.5
2016-04-09T10:34:20+0000 14.2
2016-04-09T10:49:35+0000 14.3
2016-04-09T11:04:50+0000 15.0
2016-04-09T11:20:05+0000 15.6
2016-04-09T11:35:21+0000 16.2
2016-04-09T11:50:36+0000 16.7
2016-04-09T12:05:51+0000 17.1
2016-04-09T12:21:06+0000 17.4
2016-04-09T12:36:21+0000 17.3
2016-04-09T12:51:36+0000 17.4
2016-04-09T13:06:51+0000 17.4
2016-04-09T13:22:06+0000 17.4
2016-04-09T13:37:22+0000 17.5
2016-04-09T13:52:37+0000 17.6
2016-04-09T14:07:52+0000 17.9
2016-04-09T14:23:07+0000 18.1
2016-04-09T14:38:22+0000 18.5
2016-04-09T14:53:37+0000 18.4
2016-04-09T15:08:52+0000 18.1
2016-04-09T15:24:07+0000 18.1
2016-04-09T15:39:22+0000 18.2
2016-04-09T15:54:38+0000 17.9
2016-04-09T16:09:53+0000 17.7
2016-04-09T16:25:08+0000 17.5
2016-04-09T16:40:23+0000 17.4
2016-04-09T16:55:38+0000 17.3
2016-04-09T17:10:53+0000 17.2
2016-04-09T17:26:08+0000 17.0
2016-04-09T17:41:23+0000 17.0
2016-04-09T17:56:39+0000 16.9
2016-04-09T18:11:54+0000 16.7
2016-04-09T18:27:09+0000 16.5
2016-04-09T18:42:24+0000 16.3
2016-04-09T18:57:39+0000 16.1
2016-04-09T19:12:55+0000 16.0
2016-04-09T19:28:10+0000 15.7
2016-04-09T19:43:25+0000 15.6
2016-04-09T19:58:40+0000 15.4
2016-04-09T20:13:55+0000 15.1
2016-04-09T20:29:10+0000 15.0
2016-04-09T20:44:26+0000 14.9
2016-04-09T20:59:41+0000 14.7
2016-04-09T21:14:56+0000 14.6
2016-04-09T21:30:11+0000 14.4
2016-04-09T21:45:27+0000 14.3
2016-04-09T22:00:42+0000 14.2
2016-04-09T22:15:57+0000 14.1
2016-04-09T22:31:12+0000 14.0
2016-04-09T22:46:28+0000 13.9
2016-04-09T23:01:43+0000 13.8
2016-04-09T23:16:58+0000 13.8
2016-04-09T23:32:14+0000 13.7
2016-04-09T23:47:29+0000 13.6
