2016-01-17T00:04:17+0000 4.3
2016-01-17T00:19:33+0000 4.4
2016-01-17T00:34:49+0000 4.3
2016-01-17T00:50:05+0000 4.4
2016-01-17T01:05:21+0000 4.3
2016-01-17T01:20:37+0000 4.3
2016-01-17T01:35:53+0000 4.3
2016-01-17T01:51:09+0000 4.3
2016-01-17T02:06:25+0000 4.4
2016-01-17T02:21:41+0000 4.2
2016-01-17T02:36:57+0000 4.2
2016-01-17T02:52:13+0000 4.1
2016-01-17T03:07:29+0000 4.4
2016-01-17T03:22:45+0000 4.2
2016-01-17T03:38:01+0000 4.2
2016-01-17T03:53:17+0000 4.3
2016-01-17T04:08:33+0000 4.1
2016-01-17T04:23:49+0000 4.3
2016-01-17T04:39:05+0000 4.3
2016-01-17T04:54:21+0000 4.4
2016-01-17T05:09:37+0000 4.3
2016-01-17T05:24:53+0000 4.4
2016-01-17T05:40:09+0000 4.2
2016-01-17T05:55:25+0000 4.2
2016-01-17T06:10:41+0000 4.1
2016-01-17T06:25:57+0000 4.3
2016-01-17T06:41:13+0000 4.3
2016-01-17T06:56:29+0000 4.2
2016-01-17T07:11:45+0000 4.3
2016-01-17T07:27:01+0000 4.3
2016-01-17T07:42:17+0000 4.2
2016-01-17T07:57:33+0000 4.2
2016-01-17T08:12:49+0000 4.0
2016-01-17T08:28:05+0000 3.9
2016-01-17T08:43:21+0000 4.2
2016-01-17T08:58:37+0000 4.3
2016-01-17T09:13:53+0000 4.1
2016-01-17T09:29:09+0000 4.4
2016-01-17T09:44:25+0000 4.4
2016-01-17T09:59:41+0000 4.4
2016-01-17T10:14:57+0000 4.6
2016-01-17T10:30:13+0000 5.6
2016-01-17T10:45:29+0000 4.7
2016-01-17T11:00:45+0000 4.8
2016-01-17T11:16:01+0000 4.7
2016-01-17T11:31:17+0000 4.8
2016-01-17T11:46:34+0000 4.8
2016-01-17T12:01:50+0000 5.1
2016-01-17T12:17:06+0000 5.0
2016-01-17T12:32:22+0000 5.0
2016-01-17T12:47:38+0000 5.0
2016-01-17T13:02:54+0000 5.0
2016-01-17T13:18:10+0000 5.1
2016-01-17T13:33:26+0000 5.2
2016-01-17T13:48:42+0000 5.2
2016-01-17T14:03:58+0000 5.4
2016-01-17T14:19:14+0000 5.3
2016-01-17T14:34:30+0000 5.6
2016-01-17T14:49:46+0000 5.4
2016-01-17T15:05:02+0000 5.4
2016-01-17T15:20:18+0000 5.4
2016-01-17T15:35:34+0000 5.4
2016-01-17T15:50:50+0000 5.3
2016-01-17T16:06:06+0000 5.4
2016-01-17T16:21:22+0000 5.6
2016-01-17T16:36:38+0000 5.4
2016-01-17T16:51:54+0000 5.5
2016-01-17T17:07:10+0000 5.5
2016-01-17T17:22:26+0000 5.4
2016-01-17T17:37:42+0000 5.5
2016-01-17T17:52:58+0000 5.3
2016-01-17T18:08:14+0000 5.2
2016-01-17T18:23:30+0000 5.0
2016-01-17T18:38:46+0000 4.8
2016-01-17T18:54:01+0000 4.7
2016-01-17T19:09:17+0000 4.3
2016-01-17T19:24:33+0000 4.3
2016-01-17T19:39:49+0000 4.1
2016-01-17T19:55:05+0000 4.0
2016-01-17T20:10:21+0000 3.8
2016-01-17T20:25:37+0000 3.8
2016-01-17T20:40:53+0000 3.6
2016-01-17T20:56:09+0000 3.5
2016-01-17T21:11:25+0000 3.4
2016-01-17T21:26:41+0000 3.3
2016-01-17T21:41:57+0000 3.3
2016-01-17T21:57:14+0000 3.1
2016-01-17T22:12:30+0000 3.0
2016-01-17T22:27:46+0000 3.0
2016-01-17T22:43:02+0000 3.0
2016-01-17T22:58:18+0000 3.0
2016-01-17T23:13:34+0000 2.8
2016-01-17T23:28:50+0000 2.8
2016-01-17T23:44:06+0000 2.7
2016-01-17T23:59:22+0000 2.6
