2016-08-31T00:02:17+0000 25.2
2016-08-31T00:17:31+0000 25.0
2016-08-31T00:32:46+0000 24.6
2016-08-31T00:48:00+0000 24.5
2016-08-31T01:03:15+0000 24.2
2016-08-31T01:18:30+0000 23.9
2016-08-31T01:33:44+0000 23.6
2016-08-31T01:48:59+0000 23.5
2016-08-31T02:04:14+0000 23.3
2016-08-31T02:19:28+0000 23.1
2016-08-31T02:34:43+0000 22.9
2016-08-31T02:49:58+0000 22.6
2016-08-31T03:05:12+0000 22.5
2016-08-31T03:20:27+0000 22.3
2016-08-31T03:35:42+0000 22.2
2016-08-31T03:50:57+0000 22.0
2016-08-31T04:06:11+0000 21.8
2016-08-31T04:21:26+0000 21.6
2016-08-31T04:36:41+0000 21.4
2016-08-31T04:51:55+0000 21.2
2016-08-31T05:07:10+0000 21.0
2016-08-31T05:22:25+0000 20.9
2016-08-31T05:37:40+0000 20.7
2016-08-31T05:52:55+0000 20.6
2016-08-31T06:08:10+0000 20.6
2016-08-31T06:23:24+0000 20.5
2016-08-31T06:38:39+0000 20.5
2016-08-31T06:53:54+0000 20.7
2016-08-31T07:09:09+0000 21.2
2016-08-31T07:24:24+0000 21.6
2016-08-31T07:39:39+0000 22.3
2016-08-31T07:54:53+0000 22.9
2016-08-31T08:10:08+0000 23.5
2016-08-31T08:25:23+0000 24.4
2016-08-31T08:40:38+0000 25.1
2016-08-31T08:55:52+0000 25.8
2016-08-31T09:11:07+0000 26.5
2016-08-31T09:26:21+0000 27.6
2016-08-31T09:41:36+0000 28.5
2016-08-31T09:56:50+0000 29.2
2016-08-31T10:12:05+0000 29.9
2016-08-31T10:27:19+0000 30.7
2016-08-31T10:42:34+0000 31.4
2016-08-31T10:57:48+0000 32.2
2016-08-31T11:13:02+0000 33.1
2016-08-31T11:28:16+0000 33.8
2016-08-31T11:43:30+0000 34.6
2016-08-31T11:58:44+0000 35.2
2016-08-31T12:13:58+0000 35.7
2016-08-31T12:29:12+0000 36.3
2016-08-31T12:44:26+0000 36.8
2016-08-31T12:59:40+0000 37.2
2016-08-31T13:14:53+0000 37.4
2016-08-31T13:30:07+0000 37.9
2016-08-31T13:45:20+0000 38.2
2016-08-31T14:00:34+0000 38.3
2016-08-31T14:15:48+0000 38.5
2016-08-31T14:31:01+0000 38.6
2016-08-31T14:46:15+0000 38.3
2016-08-31T15:01:28+0000 38.2
2016-08-31T15:16:42+0000 38.1
2016-08-31T15:31:55+0000 37.8
2016-08-31T15:47:09+0000 37.6
2016-08-31T16:02:22+0000 37.4
2016-08-31T16:17:36+0000 37.1
2016-08-31T16:32:49+0000 37.0
2016-08-31T16:48:03+0000 36.8
2016-08-31T17:03:17+0000 36.6
2016-08-31T17:18:30+0000 36.3
2016-08-31T17:33:44+0000 35.9
2016-08-31T17:48:57+0000 35.5
2016-08-31T18:04:11+0000 35.2
2016-08-31T18:19:25+0000 34.8
2016-08-31T18:34:38+0000 34.3
2016-08-31T18:49:52+0000 33.9
2016-08-31T19:05:06+0000 33.4
2016-08-31T19:20:20+0000 32.9
2016-08-31T19:35:34+0000 32.3
2016-08-31T19:50:48+0000 31.9
2016-08-31T20:06:02+0000 31.4
2016-08-31T20:21:16+0000 30.9
2016-08-31T20:36:30+0000 30.6
2016-08-31T20:51:44+0000 30.3
2016-08-31T21:06:58+0000 29.8
2016-08-31T21:22:12+0000 29.5
2016-08-31T21:37:26+0000 29.3
2016-08-31T21:52:41+0000 28.8
2016-08-31T22:07:55+0000 28.6
2016-08-31T22:23:09+0000 28.2
2016-08-31T22:38:23+0000 28.0
2016-08-31T22:53:38+0000 27.7
2016-08-31T23:08:52+0000 27.4
2016-08-31T23:24:06+0000 27.1
2016-08-31T23:39:21+0000 26.9
2016-08-31T23:54:35+0000 26.6
