2016-01-14T00:04:06+0000 5.9
2016-01-14T00:19:22+0000 5.9
2016-01-14T00:34:38+0000 6.0
2016-01-14T00:49:54+0000 6.0
2016-01-14T01:05:09+0000 6.2
2016-01-14T01:20:25+0000 6.1
2016-01-14T01:35:41+0000 6.0
2016-01-14T01:50:57+0000 6.0
2016-01-14T02:06:13+0000 6.1
2016-01-14T02:21:29+0000 6.1
2016-01-14T02:36:45+0000 6.3
2016-01-14T02:52:01+0000 6.1
2016-01-14T03:07:17+0000 6.1
2016-01-14T03:22:33+0000 6.1
2016-01-14T03:37:48+0000 6.1
2016-01-14T03:53:04+0000 6.2
2016-01-14T04:08:20+0000 5.9
2016-01-14T04:23:36+0000 5.7
2016-01-14T04:38:52+0000 5.7
2016-01-14T04:54:08+0000 5.4
2016-01-14T05:09:24+0000 5.4
2016-01-14T05:24:40+0000 5.3
2016-01-14T05:39:56+0000 5.0
2016-01-14T05:55:12+0000 5.0
2016-01-14T06:10:28+0000 5.0
2016-01-14T06:25:44+0000 4.8
2016-01-14T06:40:59+0000 4.9
2016-01-14T06:56:15+0000 4.8
2016-01-14T07:11:31+0000 4.9
2016-01-14T07:26:47+0000 4.9
2016-01-14T07:42:03+0000 4.9
2016-01-14T07:57:19+0000 4.7
2016-01-14T08:12:35+0000 4.8
2016-01-14T08:27:51+0000 4.4
2016-01-14T08:43:07+0000 4.4
2016-01-14T08:58:23+0000 4.5
2016-01-14T09:13:39+0000 4.8
2016-01-14T09:28:55+0000 4.8
2016-01-14T09:44:11+0000 5.6
2016-01-14T09:59:27+0000 6.0
2016-01-14T10:14:43+0000 6.3
2016-01-14T10:29:59+0000 6.9
2016-01-14T10:45:15+0000 7.1
2016-01-14T11:00:31+0000 7.6
2016-01-14T11:15:47+0000 8.0
2016-01-14T11:31:03+0000 8.3
2016-01-14T11:46:19+0000 8.6
2016-01-14T12:01:35+0000 8.8
2016-01-14T12:16:51+0000 9.0
2016-01-14T12:32:07+0000 9.2
2016-01-14T12:47:22+0000 9.5
2016-01-14T13:02:38+0000 9.7
2016-01-14T13:17:54+0000 9.9
2016-01-14T13:33:10+0000 10.0
2016-01-14T13:48:25+0000 10.0
2016-01-14T14:03:41+0000 10.1
2016-01-14T14:18:57+0000 10.0
2016-01-14T14:34:13+0000 10.1
2016-01-14T14:49:29+0000 10.1
2016-01-14T15:04:44+0000 9.9
2016-01-14T15:20:00+0000 9.8
2016-01-14T15:35:16+0000 9.7
2016-01-14T15:50:32+0000 9.6
2016-01-14T16:05:47+0000 9.5
2016-01-14T16:21:03+0000 9.5
2016-01-14T16:36:19+0000 9.5
2016-01-14T16:51:35+0000 9.7
2016-01-14T17:06:50+0000 9.3
2016-01-14T17:22:06+0000 9.6
2016-01-14T17:37:22+0000 8.9
2016-01-14T17:52:38+0000 9.0
2016-01-14T18:07:54+0000 8.7
2016-01-14T18:23:09+0000 8.8
2016-01-14T18:38:25+0000 8.6
2016-01-14T18:53:41+0000 8.8
2016-01-14T19:08:57+0000 8.3
2016-01-14T19:24:13+0000 8.2
2016-01-14T19:39:28+0000 7.9
2016-01-14T19:54:44+0000 8.0
2016-01-14T20:10:00+0000 8.0
2016-01-14T20:25:16+0000 8.0
2016-01-14T20:40:32+0000 7.8
2016-01-14T20:55:47+0000 7.6
2016-01-14T21:11:03+0000 7.5
2016-01-14T21:26:19+0000 7.4
2016-01-14T21:41:35+0000 7.5
2016-01-14T21:56:51+0000 7.3
2016-01-14T22:12:07+0000 7.2
2016-01-14T22:27:23+0000 7.2
2016-01-14T22:42:38+0000 7.1
2016-01-14T22:57:54+0000 6.9
2016-01-14T23:13:10+0000 6.8
2016-01-14T23:28:26+0000 6.8
2016-01-14T23:43:42+0000 6.6
2016-01-14T23:58:58+0000 6.8
