2015-12-28T00:04:24+0000 8.2
2015-12-28T00:19:40+0000 8.1
2015-12-28T00:34:55+0000 8.0
2015-12-28T00:50:11+0000 7.8
2015-12-28T01:05:27+0000 7.7
2015-12-28T01:20:42+0000 7.6
2015-12-28T01:35:58+0000 7.6
2015-12-28T01:51:14+0000 7.5
2015-12-28T02:06:29+0000 7.4
2015-12-28T02:21:45+0000 7.3
2015-12-28T02:37:01+0000 7.2
2015-12-28T02:52:17+0000 7.2
2015-12-28T03:07:32+0000 7.0
2015-12-28T03:22:48+0000 6.9
2015-12-28T03:38:04+0000 6.8
2015-12-28T03:53:19+0000 6.7
2015-12-28T04:08:35+0000 6.6
2015-12-28T04:23:51+0000 6.5
2015-12-28T04:39:07+0000 6.4
2015-12-28T04:54:23+0000 6.4
2015-12-28T05:09:38+0000 6.3
2015-12-28T05:24:54+0000 6.2
2015-12-28T05:40:10+0000 6.1
2015-12-28T05:55:26+0000 6.0
2015-12-28T06:10:41+0000 5.9
2015-12-28T06:25:57+0000 5.9
2015-12-28T06:41:13+0000 5.8
2015-12-28T06:56:29+0000 5.8
2015-12-28T07:11:46+0000 5.9
2015-12-28T07:27:02+0000 5.8
2015-12-28T07:42:18+0000 5.7
2015-12-28T07:57:34+0000 5.6
2015-12-28T08:12:50+0000 5.6
2015-12-28T08:28:05+0000 5.5
2015-12-28T08:43:21+0000 5.5
2015-12-28T08:58:37+0000 5.6
2015-12-28T09:13:53+0000 5.7
2015-12-28T09:29:08+0000 6.0
2015-12-28T09:44:24+0000 6.3
2015-12-28T09:59:40+0000 6.9
2015-12-28T10:14:56+0000 7.4
2015-12-28T10:30:12+0000 7.8
2015-12-28T10:45:27+0000 8.4
2015-12-28T11:00:43+0000 8.9
2015-12-28T11:15:59+0000 9.3
2015-12-28T11:31:15+0000 9.8
2015-12-28T11:46:31+0000 9.6
2015-12-28T12:01:46+0000 10.1
2015-12-28T12:17:02+0000 10.4
2015-12-28T12:32:17+0000 10.7
2015-12-28T12:47:33+0000 10.9
2015-12-28T13:02:48+0000 11.1
2015-12-28T13:18:04+0000 11.4
2015-12-28T13:33:19+0000 11.7
2015-12-28T13:48:35+0000 11.7
2015-12-28T14:03:50+0000 11.9
2015-12-28T14:19:06+0000 12.1
2015-12-28T14:34:22+0000 12.2
2015-12-28T14:49:37+0000 12.3
2015-12-28T15:04:53+0000 12.3
2015-12-28T15:20:08+0000 12.2
2015-12-28T15:35:24+0000 12.1
2015-12-28T15:50:39+0000 12.0
2015-12-28T16:05:55+0000 11.8
2015-12-28T16:21:10+0000 12.7
2015-12-28T16:36:26+0000 11.6
2015-12-28T16:51:41+0000 11.3
2015-12-28T17:06:57+0000 11.1
2015-12-28T17:22:13+0000 11.0
2015-12-28T17:37:28+0000 10.6
2015-12-28T17:52:44+0000 10.3
2015-12-28T18:08:00+0000 10.2
2015-12-28T18:23:15+0000 9.9
2015-12-28T18:38:31+0000 9.9
2015-12-28T18:53:47+0000 9.6
2015-12-28T19:09:02+0000 9.6
2015-12-28T19:24:18+0000 9.3
2015-12-28T19:39:34+0000 9.1
2015-12-28T19:54:49+0000 8.9
2015-12-28T20:10:05+0000 8.8
2015-12-28T20:25:21+0000 8.7
2015-12-28T20:40:36+0000 8.5
2015-12-28T20:55:52+0000 8.4
2015-12-28T21:11:08+0000 8.2
2015-12-28T21:26:23+0000 7.9
2015-12-28T21:41:39+0000 7.8
2015-12-28T21:56:55+0000 7.7
2015-12-28T22:12:10+0000 7.7
2015-12-28T22:27:26+0000 7.5
2015-12-28T22:42:42+0000 7.3
2015-12-28T22:57:58+0000 7.2
2015-12-28T23:13:14+0000 7.0
2015-12-28T23:28:29+0000 6.8
2015-12-28T23:43:45+0000 6.8
2015-12-28T23:59:01+0000 6.7
