2016-07-02T00:02:26+0000 26.8
2016-07-02T00:17:40+0000 26.6
2016-07-02T00:32:55+0000 26.4
2016-07-02T00:48:09+0000 26.2
2016-07-02T01:03:23+0000 25.9
2016-07-02T01:18:37+0000 25.8
2016-07-02T01:33:52+0000 25.6
2016-07-02T01:49:06+0000 25.4
2016-07-02T02:04:20+0000 25.2
2016-07-02T02:19:35+0000 25.1
2016-07-02T02:34:49+0000 25.0
2016-07-02T02:50:04+0000 24.9
2016-07-02T03:05:18+0000 24.8
2016-07-02T03:20:32+0000 24.6
2016-07-02T03:35:47+0000 24.5
2016-07-02T03:51:01+0000 24.4
2016-07-02T04:06:16+0000 24.3
2016-07-02T04:21:30+0000 24.2
2016-07-02T04:36:45+0000 24.1
2016-07-02T04:51:59+0000 24.1
2016-07-02T05:07:14+0000 24.1
2016-07-02T05:22:28+0000 23.9
2016-07-02T05:37:42+0000 23.8
2016-07-02T05:52:57+0000 23.8
2016-07-02T06:08:11+0000 23.7
2016-07-02T06:23:26+0000 23.6
2016-07-02T06:38:40+0000 23.5
2016-07-02T06:53:55+0000 23.4
2016-07-02T07:09:10+0000 23.3
2016-07-02T07:24:24+0000 23.4
2016-07-02T07:39:39+0000 23.4
2016-07-02T07:54:54+0000 23.4
2016-07-02T08:10:08+0000 23.3
2016-07-02T08:25:23+0000 23.1
2016-07-02T08:40:37+0000 23.1
2016-07-02T08:55:52+0000 23.2
2016-07-02T09:11:07+0000 23.9
2016-07-02T09:26:21+0000 24.1
2016-07-02T09:41:36+0000 24.2
2016-07-02T09:56:50+0000 24.2
2016-07-02T10:12:05+0000 24.0
2016-07-02T10:27:20+0000 23.5
2016-07-02T10:42:34+0000 23.3
2016-07-02T10:57:49+0000 23.4
2016-07-02T11:13:03+0000 23.2
2016-07-02T11:28:18+0000 23.2
2016-07-02T11:43:33+0000 23.2
2016-07-02T11:58:47+0000 23.0
2016-07-02T12:14:02+0000 22.7
2016-07-02T12:29:17+0000 22.5
2016-07-02T12:44:31+0000 22.3
2016-07-02T12:59:46+0000 22.1
2016-07-02T13:15:01+0000 22.2
2016-07-02T13:30:15+0000 22.6
2016-07-02T13:45:30+0000 22.6
2016-07-02T14:00:45+0000 22.6
2016-07-02T14:16:00+0000 22.8
2016-07-02T14:31:14+0000 23.1
2016-07-02T14:46:29+0000 23.3
2016-07-02T15:01:43+0000 23.6
2016-07-02T15:16:58+0000 24.0
2016-07-02T15:32:13+0000 24.1
2016-07-02T15:47:27+0000 24.4
2016-07-02T16:02:42+0000 24.8
2016-07-02T16:17:56+0000 25.1
2016-07-02T16:33:11+0000 25.3
2016-07-02T16:48:25+0000 25.2
2016-07-02T17:03:40+0000 25.2
2016-07-02T17:18:54+0000 25.1
2016-07-02T17:34:09+0000 25.0
2016-07-02T17:49:23+0000 25.0
2016-07-02T18:04:38+0000 24.8
2016-07-02T18:19:52+0000 24.7
2016-07-02T18:35:07+0000 24.7
2016-07-02T18:50:21+0000 24.5
2016-07-02T19:05:36+0000 24.3
2016-07-02T19:20:51+0000 24.0
2016-07-02T19:36:05+0000 23.7
2016-07-02T19:51:20+0000 23.4
2016-07-02T20:06:34+0000 23.2
2016-07-02T20:21:49+0000 22.9
2016-07-02T20:37:03+0000 22.6
2016-07-02T20:52:18+0000 22.3
2016-07-02T21:07:33+0000 22.0
2016-07-02T21:22:47+0000 21.8
2016-07-02T21:38:02+0000 21.5
2016-07-02T21:53:17+0000 21.4
2016-07-02T22:08:31+0000 21.1
2016-07-02T22:23:46+0000 20.9
2016-07-02T22:39:01+0000 20.6
2016-07-02T22:54:15+0000 20.5
2016-07-02T23:09:30+0000 20.4
2016-07-02T23:24:45+0000 20.1
2016-07-02T23:40:00+0000 19.9
2016-07-02T23:55:15+0000 19.7
