2016-02-23T00:11:34+0000 12.7
2016-02-23T00:26:50+0000 12.8
2016-02-23T00:42:05+0000 12.8
2016-02-23T00:57:21+0000 12.5
2016-02-23T01:12:36+0000 12.4
2016-02-23T01:27:52+0000 12.3
2016-02-23T01:43:08+0000 12.3
2016-02-23T01:58:23+0000 12.5
2016-02-23T02:13:39+0000 12.5
2016-02-23T02:28:54+0000 12.2
2016-02-23T02:44:10+0000 12.2
2016-02-23T02:59:25+0000 12.3
2016-02-23T03:14:41+0000 12.0
2016-02-23T03:29:57+0000 11.9
2016-02-23T03:45:12+0000 12.1
2016-02-23T04:00:28+0000 11.9
2016-02-23T04:15:43+0000 12.0
2016-02-23T04:30:59+0000 11.9
2016-02-23T04:46:14+0000 11.8
2016-02-23T05:01:30+0000 11.7
2016-02-23T05:16:46+0000 11.6
2016-02-23T05:32:01+0000 11.4
2016-02-23T05:47:17+0000 11.3
2016-02-23T06:02:32+0000 11.1
2016-02-23T06:17:48+0000 11.0
2016-02-23T06:33:04+0000 11.0
2016-02-23T06:48:19+0000 10.8
2016-02-23T07:03:35+0000 10.8
2016-02-23T07:18:50+0000 10.8
2016-02-23T07:34:06+0000 10.7
2016-02-23T07:49:22+0000 10.7
2016-02-23T08:04:37+0000 10.8
2016-02-23T08:19:53+0000 10.7
2016-02-23T08:35:09+0000 10.6
2016-02-23T08:50:24+0000 10.6
2016-02-23T09:05:40+0000 10.5
2016-02-23T09:20:55+0000 10.6
2016-02-23T09:36:11+0000 10.4
2016-02-23T09:51:27+0000 10.4
2016-02-23T10:06:42+0000 10.3
2016-02-23T10:21:58+0000 10.1
2016-02-23T10:37:14+0000 9.7
2016-02-23T10:52:29+0000 9.5
2016-02-23T11:07:45+0000 9.5
2016-02-23T11:23:01+0000 9.6
2016-02-23T11:38:16+0000 9.6
2016-02-23T11:53:32+0000 9.1
2016-02-23T12:08:48+0000 9.1
2016-02-23T12:24:03+0000 9.0
2016-02-23T12:39:19+0000 9.0
2016-02-23T12:54:35+0000 9.0
2016-02-23T13:09:51+0000 8.8
2016-02-23T13:25:06+0000 8.8
2016-02-23T13:40:22+0000 8.6
2016-02-23T13:55:37+0000 8.6
2016-02-23T14:10:53+0000 8.5
2016-02-23T14:26:09+0000 8.5
2016-02-23T14:41:24+0000 8.3
2016-02-23T14:56:40+0000 8.2
2016-02-23T15:11:56+0000 8.1
2016-02-23T15:27:12+0000 8.1
2016-02-23T15:42:27+0000 8.1
2016-02-23T15:57:43+0000 8.1
2016-02-23T16:12:59+0000 8.1
2016-02-23T16:28:14+0000 7.9
2016-02-23T16:43:30+0000 7.9
2016-02-23T16:58:46+0000 7.9
2016-02-23T17:14:02+0000 7.9
2016-02-23T17:29:17+0000 7.8
2016-02-23T17:44:33+0000 7.8
2016-02-23T17:59:49+0000 7.8
2016-02-23T18:15:04+0000 7.8
2016-02-23T18:30:20+0000 7.9
2016-02-23T18:45:36+0000 7.7
2016-02-23T19:00:51+0000 7.7
2016-02-23T19:16:07+0000 7.7
2016-02-23T19:31:23+0000 7.5
2016-02-23T19:46:39+0000 7.5
2016-02-23T20:01:55+0000 7.5
2016-02-23T20:17:11+0000 7.4
2016-02-23T20:32:26+0000 7.4
2016-02-23T20:47:42+0000 7.3
2016-02-23T21:02:58+0000 7.2
2016-02-23T21:18:14+0000 7.1
2016-02-23T21:33:29+0000 7.2
2016-02-23T21:48:45+0000 7.0
2016-02-23T22:04:01+0000 7.0
2016-02-23T22:19:17+0000 6.9
2016-02-23T22:34:32+0000 6.9
2016-02-23T22:49:48+0000 7.0
2016-02-23T23:05:04+0000 6.9
2016-02-23T23:20:20+0000 6.9
2016-02-23T23:35:35+0000 7.1
2016-02-23T23:50:51+0000 7.0
