2016-05-16T00:07:47+0000 14.5
2016-05-16T00:23:02+0000 14.6
2016-05-16T00:38:17+0000 14.3
2016-05-16T00:53:32+0000 14.1
2016-05-16T01:08:47+0000 14.1
2016-05-16T01:24:02+0000 14.0
2016-05-16T01:39:17+0000 13.8
2016-05-16T01:54:32+0000 13.8
2016-05-16T02:09:47+0000 13.6
2016-05-16T02:25:02+0000 13.5
2016-05-16T02:40:17+0000 13.5
2016-05-16T02:55:32+0000 13.4
2016-05-16T03:10:47+0000 13.3
2016-05-16T03:26:02+0000 13.3
2016-05-16T03:41:18+0000 13.2
2016-05-16T03:56:33+0000 13.2
2016-05-16T04:11:48+0000 13.0
2016-05-16T04:27:03+0000 13.0
2016-05-16T04:42:18+0000 12.9
2016-05-16T04:57:33+0000 12.9
2016-05-16T05:12:48+0000 12.8
2016-05-16T05:28:03+0000 12.7
2016-05-16T05:43:18+0000 12.7
2016-05-16T05:58:33+0000 12.7
2016-05-16T06:13:48+0000 12.6
2016-05-16T06:29:03+0000 12.7
2016-05-16T06:44:18+0000 12.7
2016-05-16T06:59:34+0000 12.6
2016-05-16T07:14:49+0000 12.7
2016-05-16T07:30:04+0000 12.9
2016-05-16T07:45:19+0000 13.0
2016-05-16T08:00:34+0000 13.2
2016-05-16T08:15:49+0000 13.3
2016-05-16T08:31:04+0000 13.2
2016-05-16T08:46:19+0000 13.4
2016-05-16T09:01:34+0000 13.4
2016-05-16T09:16:49+0000 13.3
2016-05-16T09:32:04+0000 13.5
2016-05-16T09:47:19+0000 13.6
2016-05-16T10:02:34+0000 13.7
2016-05-16T10:17:49+0000 13.9
2016-05-16T10:33:04+0000 14.3
2016-05-16T10:48:19+0000 14.5
2016-05-16T11:03:35+0000 14.7
2016-05-16T11:18:49+0000 14.7
2016-05-16T11:34:04+0000 14.9
2016-05-16T11:49:19+0000 15.4
2016-05-16T12:04:34+0000 15.4
2016-05-16T12:19:49+0000 14.9
2016-05-16T12:35:04+0000 14.8
2016-05-16T12:50:19+0000 14.7
2016-05-16T13:05:34+0000 14.7
2016-05-16T13:20:49+0000 14.8
2016-05-16T13:36:04+0000 14.8
2016-05-16T13:51:19+0000 14.6
2016-05-16T14:06:35+0000 14.6
2016-05-16T14:21:50+0000 14.6
2016-05-16T14:37:05+0000 14.8
2016-05-16T14:52:20+0000 14.9
2016-05-16T15:07:35+0000 14.9
2016-05-16T15:22:50+0000 15.0
2016-05-16T15:38:05+0000 15.1
2016-05-16T15:53:20+0000 15.1
2016-05-16T16:08:35+0000 15.0
2016-05-16T16:23:50+0000 15.0
2016-05-16T16:39:05+0000 15.0
2016-05-16T16:54:20+0000 15.0
2016-05-16T17:09:35+0000 14.7
2016-05-16T17:24:50+0000 14.6
2016-05-16T17:40:05+0000 14.5
2016-05-16T17:55:20+0000 14.4
2016-05-16T18:10:36+0000 14.4
2016-05-16T18:25:51+0000 14.2
2016-05-16T18:41:06+0000 14.0
2016-05-16T18:56:21+0000 14.0
2016-05-16T19:11:36+0000 13.8
2016-05-16T19:26:51+0000 13.6
2016-05-16T19:42:06+0000 13.6
2016-05-16T19:57:21+0000 13.4
2016-05-16T20:12:36+0000 13.3
2016-05-16T20:27:51+0000 13.4
2016-05-16T20:43:06+0000 13.1
2016-05-16T20:58:21+0000 13.1
2016-05-16T21:13:36+0000 13.1
2016-05-16T21:28:52+0000 13.0
2016-05-16T21:44:07+0000 12.9
2016-05-16T21:59:22+0000 12.8
2016-05-16T22:14:37+0000 12.8
2016-05-16T22:29:52+0000 12.8
2016-05-16T22:45:07+0000 12.7
2016-05-16T23:00:22+0000 12.5
2016-05-16T23:15:37+0000 12.5
2016-05-16T23:30:53+0000 12.4
2016-05-16T23:46:08+0000 12.4
