2016-04-23T00:09:13+0000 18.4
2016-04-23T00:24:27+0000 18.2
2016-04-23T00:39:42+0000 18.1
2016-04-23T00:54:57+0000 17.9
2016-04-23T01:10:12+0000 17.8
2016-04-23T01:25:27+0000 17.6
2016-04-23T01:40:41+0000 17.6
2016-04-23T01:55:56+0000 17.7
2016-04-23T02:11:11+0000 17.4
2016-04-23T02:26:26+0000 17.3
2016-04-23T02:41:41+0000 17.2
2016-04-23T02:56:55+0000 17.0
2016-04-23T03:12:10+0000 16.9
2016-04-23T03:27:25+0000 16.9
2016-04-23T03:42:40+0000 16.6
2016-04-23T03:57:55+0000 16.6
2016-04-23T04:13:09+0000 16.5
2016-04-23T04:28:24+0000 16.3
2016-04-23T04:43:39+0000 16.4
2016-04-23T04:58:54+0000 16.2
2016-04-23T05:14:09+0000 16.1
2016-04-23T05:29:24+0000 16.0
2016-04-23T05:44:39+0000 16.0
2016-04-23T05:59:53+0000 15.8
2016-04-23T06:15:08+0000 15.8
2016-04-23T06:30:23+0000 15.8
2016-04-23T06:45:38+0000 15.8
2016-04-23T07:00:53+0000 15.9
2016-04-23T07:16:09+0000 16.0
2016-04-23T07:31:24+0000 16.1
2016-04-23T07:46:38+0000 16.1
2016-04-23T08:01:53+0000 16.2
2016-04-23T08:17:08+0000 16.3
2016-04-23T08:32:23+0000 16.4
2016-04-23T08:47:38+0000 16.3
2016-04-23T09:02:53+0000 16.3
2016-04-23T09:18:08+0000 16.2
2016-04-23T09:33:23+0000 16.0
2016-04-23T09:48:38+0000 15.8
2016-04-23T10:03:53+0000 15.8
2016-04-23T10:19:07+0000 15.7
2016-04-23T10:34:22+0000 15.8
2016-04-23T10:49:37+0000 15.6
2016-04-23T11:04:52+0000 15.6
2016-04-23T11:20:07+0000 15.4
2016-04-23T11:35:22+0000 15.4
2016-04-23T11:50:37+0000 15.2
2016-04-23T12:05:52+0000 15.2
2016-04-23T12:21:06+0000 15.1
2016-04-23T12:36:21+0000 15.1
2016-04-23T12:51:36+0000 15.1
2016-04-23T13:06:51+0000 15.2
2016-04-23T13:22:06+0000 15.3
2016-04-23T13:37:21+0000 15.3
2016-04-23T13:52:36+0000 15.2
2016-04-23T14:07:51+0000 14.9
2016-04-23T14:23:06+0000 15.0
2016-04-23T14:38:21+0000 14.8
2016-04-23T14:53:36+0000 15.0
2016-04-23T15:08:51+0000 14.8
2016-04-23T15:24:06+0000 14.6
2016-04-23T15:39:21+0000 14.6
2016-04-23T15:54:36+0000 14.5
2016-04-23T16:09:51+0000 14.6
2016-04-23T16:25:06+0000 14.5
2016-04-23T16:40:21+0000 14.4
2016-04-23T16:55:36+0000 14.3
2016-04-23T17:10:51+0000 14.1
2016-04-23T17:26:06+0000 13.9
2016-04-23T17:41:21+0000 13.8
2016-04-23T17:56:36+0000 13.7
2016-04-23T18:11:51+0000 13.8
2016-04-23T18:27:06+0000 13.8
2016-04-23T18:42:21+0000 13.6
2016-04-23T18:57:36+0000 13.5
2016-04-23T19:12:51+0000 13.4
2016-04-23T19:28:06+0000 13.2
2016-04-23T19:43:21+0000 13.1
2016-04-23T19:58:36+0000 12.7
2016-04-23T20:13:51+0000 12.7
2016-04-23T20:29:06+0000 12.5
2016-04-23T20:44:21+0000 12.5
2016-04-23T20:59:36+0000 12.4
2016-04-23T21:14:51+0000 12.2
2016-04-23T21:30:06+0000 12.1
2016-04-23T21:45:21+0000 11.8
2016-04-23T22:00:36+0000 11.7
2016-04-23T22:15:52+0000 11.6
2016-04-23T22:31:07+0000 11.6
2016-04-23T22:46:22+0000 11.6
2016-04-23T23:01:37+0000 11.5
2016-04-23T23:16:52+0000 11.4
2016-04-23T23:32:08+0000 11.3
2016-04-23T23:47:23+0000 11.2
