2016-10-15T00:00:48+0000 12.5
2016-10-15T00:16:04+0000 12.5
2016-10-15T00:31:20+0000 12.4
2016-10-15T00:46:36+0000 12.3
2016-10-15T01:01:51+0000 12.2
2016-10-15T01:17:07+0000 12.1
2016-10-15T01:32:23+0000 12.0
2016-10-15T01:47:39+0000 11.9
2016-10-15T02:02:54+0000 11.8
2016-10-15T02:18:10+0000 11.8
2016-10-15T02:33:26+0000 11.7
2016-10-15T02:48:42+0000 11.7
2016-10-15T03:03:57+0000 11.6
2016-10-15T03:19:13+0000 11.4
2016-10-15T03:34:29+0000 11.3
2016-10-15T03:49:44+0000 11.3
2016-10-15T04:05:00+0000 11.2
2016-10-15T04:20:16+0000 11.0
2016-10-15T04:35:31+0000 11.0
2016-10-15T04:50:47+0000 10.8
2016-10-15T05:06:03+0000 10.8
2016-10-15T05:21:19+0000 10.7
2016-10-15T05:36:34+0000 10.6
2016-10-15T05:51:50+0000 10.6
2016-10-15T06:07:06+0000 10.5
2016-10-15T06:22:22+0000 10.3
2016-10-15T06:37:37+0000 10.4
2016-10-15T06:52:53+0000 10.5
2016-10-15T07:08:09+0000 10.6
2016-10-15T07:23:25+0000 10.7
2016-10-15T07:38:40+0000 10.7
2016-10-15T07:53:56+0000 10.9
2016-10-15T08:09:12+0000 11.3
2016-10-15T08:24:28+0000 11.9
2016-10-15T08:39:43+0000 12.3
2016-10-15T08:54:59+0000 12.6
2016-10-15T09:10:15+0000 12.8
2016-10-15T09:25:30+0000 12.9
2016-10-15T09:40:46+0000 13.1
2016-10-15T09:56:02+0000 13.7
2016-10-15T10:11:17+0000 14.6
2016-10-15T10:26:33+0000 14.8
2016-10-15T10:41:48+0000 15.1
2016-10-15T10:57:04+0000 15.4
2016-10-15T11:12:19+0000 15.8
2016-10-15T11:27:35+0000 15.9
2016-10-15T11:42:50+0000 16.3
2016-10-15T11:58:06+0000 17.1
2016-10-15T12:13:21+0000 17.7
2016-10-15T12:28:37+0000 18.5
2016-10-15T12:43:52+0000 18.7
2016-10-15T12:59:08+0000 19.2
2016-10-15T13:14:23+0000 19.2
2016-10-15T13:29:38+0000 19.1
2016-10-15T13:44:54+0000 19.7
2016-10-15T14:00:09+0000 19.9
2016-10-15T14:15:24+0000 19.9
2016-10-15T14:30:40+0000 20.0
2016-10-15T14:45:55+0000 20.3
2016-10-15T15:01:10+0000 20.3
2016-10-15T15:16:26+0000 20.5
2016-10-15T15:31:41+0000 20.7
2016-10-15T15:46:56+0000 20.8
