2016-08-27T00:03:57+0000 30.5
2016-08-27T00:19:11+0000 30.1
2016-08-27T00:34:25+0000 29.9
2016-08-27T00:49:39+0000 29.7
2016-08-27T01:04:53+0000 29.4
2016-08-27T01:20:07+0000 29.1
2016-08-27T01:35:21+0000 28.9
2016-08-27T01:50:35+0000 28.6
2016-08-27T02:05:50+0000 28.5
2016-08-27T02:21:04+0000 28.2
2016-08-27T02:36:18+0000 28.0
2016-08-27T02:51:32+0000 27.7
2016-08-27T03:06:46+0000 27.5
2016-08-27T03:22:01+0000 27.3
2016-08-27T03:37:15+0000 27.0
2016-08-27T03:52:29+0000 26.8
2016-08-27T04:07:43+0000 26.6
2016-08-27T04:22:58+0000 26.4
2016-08-27T04:38:12+0000 26.2
2016-08-27T04:53:26+0000 25.9
2016-08-27T05:08:41+0000 25.8
2016-08-27T05:23:55+0000 25.6
2016-08-27T05:39:10+0000 25.5
2016-08-27T05:54:24+0000 25.2
2016-08-27T06:09:38+0000 25.1
2016-08-27T06:24:53+0000 25.1
2016-08-27T06:40:07+0000 25.1
2016-08-27T06:55:22+0000 25.3
2016-08-27T07:10:36+0000 25.6
2016-08-27T07:25:51+0000 26.2
2016-08-27T07:41:05+0000 26.8
2016-08-27T07:56:20+0000 27.5
2016-08-27T08:11:34+0000 28.2
2016-08-27T08:26:48+0000 28.9
2016-08-27T08:42:02+0000 29.7
2016-08-27T08:57:17+0000 30.5
2016-08-27T09:12:31+0000 31.6
2016-08-27T09:27:45+0000 32.4
2016-08-27T09:42:59+0000 33.1
2016-08-27T09:58:13+0000 33.9
2016-08-27T10:13:27+0000 35.0
2016-08-27T10:28:41+0000 35.8
2016-08-27T10:43:55+0000 36.8
2016-08-27T10:59:09+0000 37.7
2016-08-27T11:14:22+0000 38.4
2016-08-27T11:29:36+0000 39.2
2016-08-27T11:44:49+0000 40.1
2016-08-27T12:00:03+0000 40.7
2016-08-27T12:15:16+0000 41.3
2016-08-27T12:30:29+0000 41.9
2016-08-27T12:45:42+0000 42.2
2016-08-27T13:00:55+0000 42.7
2016-08-27T13:16:08+0000 43.1
2016-08-27T13:31:21+0000 43.5
2016-08-27T13:46:34+0000 43.7
2016-08-27T14:01:47+0000 44.0
2016-08-27T14:17:00+0000 44.1
2016-08-27T14:32:13+0000 44.2
2016-08-27T14:47:26+0000 44.1
2016-08-27T15:02:38+0000 44.1
2016-08-27T15:17:51+0000 43.9
2016-08-27T15:33:04+0000 43.7
2016-08-27T15:48:17+0000 43.6
2016-08-27T16:03:30+0000 43.3
2016-08-27T16:18:43+0000 43.1
2016-08-27T16:33:55+0000 42.9
2016-08-27T16:49:08+0000 42.6
2016-08-27T17:04:21+0000 42.5
2016-08-27T17:19:34+0000 42.2
2016-08-27T17:34:47+0000 42.0
2016-08-27T17:50:00+0000 41.7
2016-08-27T18:05:13+0000 41.4
2016-08-27T18:20:26+0000 40.9
2016-08-27T18:35:39+0000 40.1
2016-08-27T18:50:52+0000 39.5
2016-08-27T19:06:05+0000 39.0
2016-08-27T19:21:18+0000 38.3
2016-08-27T19:36:32+0000 37.7
2016-08-27T19:51:45+0000 37.2
2016-08-27T20:06:58+0000 36.6
2016-08-27T20:22:12+0000 36.1
2016-08-27T20:37:26+0000 35.8
2016-08-27T20:52:39+0000 35.2
2016-08-27T21:07:53+0000 34.9
2016-08-27T21:23:07+0000 34.5
2016-08-27T21:38:20+0000 34.0
2016-08-27T21:53:34+0000 33.6
2016-08-27T22:08:47+0000 33.3
2016-08-27T22:24:01+0000 33.0
2016-08-27T22:39:15+0000 32.7
2016-08-27T22:54:29+0000 32.3
2016-08-27T23:09:42+0000 32.1
2016-08-27T23:24:56+0000 31.8
2016-08-27T23:40:10+0000 31.4
2016-08-27T23:55:24+0000 31.2
