2016-05-23T00:04:02+0000 22.6
2016-05-23T00:19:16+0000 22.3
2016-05-23T00:34:31+0000 22.2
2016-05-23T00:49:45+0000 22.2
2016-05-23T01:05:00+0000 21.9
2016-05-23T01:20:14+0000 21.8
2016-05-23T01:35:29+0000 21.5
2016-05-23T01:50:44+0000 21.2
2016-05-23T02:05:58+0000 21.1
2016-05-23T02:21:13+0000 21.0
2016-05-23T02:36:28+0000 20.8
2016-05-23T02:51:42+0000 20.6
2016-05-23T03:06:57+0000 20.5
2016-05-23T03:22:11+0000 20.2
2016-05-23T03:37:26+0000 20.0
2016-05-23T03:52:41+0000 19.9
2016-05-23T04:07:56+0000 19.8
2016-05-23T04:23:10+0000 19.7
2016-05-23T04:38:25+0000 19.5
2016-05-23T04:53:40+0000 19.4
2016-05-23T05:08:54+0000 19.1
2016-05-23T05:24:09+0000 19.2
2016-05-23T05:39:24+0000 19.1
2016-05-23T05:54:38+0000 18.9
2016-05-23T06:09:53+0000 18.8
2016-05-23T06:25:08+0000 18.8
2016-05-23T06:40:23+0000 18.7
2016-05-23T06:55:37+0000 18.9
2016-05-23T07:10:52+0000 18.8
2016-05-23T07:26:07+0000 18.9
2016-05-23T07:41:22+0000 18.7
2016-05-23T07:56:36+0000 18.7
2016-05-23T08:11:51+0000 18.9
2016-05-23T08:27:06+0000 19.1
2016-05-23T08:42:21+0000 19.1
2016-05-23T08:57:35+0000 19.0
2016-05-23T09:12:50+0000 18.9
2016-05-23T09:28:05+0000 18.9
2016-05-23T09:43:20+0000 18.9
2016-05-23T09:58:34+0000 18.7
2016-05-23T10:13:49+0000 18.5
2016-05-23T10:29:04+0000 18.4
2016-05-23T10:44:19+0000 18.4
2016-05-23T10:59:34+0000 18.2
2016-05-23T11:14:49+0000 18.1
2016-05-23T11:30:03+0000 18.0
2016-05-23T11:45:18+0000 18.0
2016-05-23T12:00:33+0000 18.1
2016-05-23T12:15:48+0000 18.3
2016-05-23T12:31:03+0000 18.7
2016-05-23T12:46:17+0000 19.1
2016-05-23T13:01:32+0000 19.2
2016-05-23T13:16:47+0000 19.8
2016-05-23T13:32:02+0000 20.0
2016-05-23T13:47:16+0000 20.4
2016-05-23T14:02:31+0000 20.8
2016-05-23T14:17:46+0000 21.2
2016-05-23T14:33:00+0000 21.2
2016-05-23T14:48:15+0000 21.1
2016-05-23T15:03:30+0000 21.1
2016-05-23T15:18:45+0000 20.7
2016-05-23T15:33:59+0000 20.7
2016-05-23T15:49:14+0000 20.7
2016-05-23T16:04:29+0000 20.2
2016-05-23T16:19:43+0000 19.9
2016-05-23T16:34:58+0000 19.8
2016-05-23T16:50:13+0000 19.5
2016-05-23T17:05:28+0000 19.2
2016-05-23T17:20:43+0000 19.1
2016-05-23T17:35:57+0000 19.2
2016-05-23T17:51:12+0000 19.1
2016-05-23T18:06:27+0000 19.0
2016-05-23T18:21:42+0000 19.1
2016-05-23T18:36:57+0000 19.0
2016-05-23T18:52:11+0000 18.8
2016-05-23T19:07:26+0000 18.6
2016-05-23T19:22:41+0000 18.5
2016-05-23T19:37:56+0000 18.4
2016-05-23T19:53:11+0000 18.1
2016-05-23T20:08:26+0000 18.1
2016-05-23T20:23:41+0000 17.9
2016-05-23T20:38:55+0000 17.9
2016-05-23T20:54:10+0000 17.7
2016-05-23T21:09:25+0000 17.7
2016-05-23T21:24:40+0000 17.5
2016-05-23T21:39:55+0000 17.5
2016-05-23T21:55:10+0000 17.5
2016-05-23T22:10:25+0000 17.3
2016-05-23T22:25:40+0000 17.3
2016-05-23T22:40:54+0000 17.2
2016-05-23T22:56:09+0000 17.0
2016-05-23T23:11:24+0000 17.0
2016-05-23T23:26:39+0000 16.9
2016-05-23T23:41:54+0000 16.8
2016-05-23T23:57:09+0000 16.8
