2016-06-15T00:01:28+0000 17.9
2016-06-15T00:16:43+0000 17.8
2016-06-15T00:31:58+0000 17.6
2016-06-15T00:47:13+0000 17.6
2016-06-15T01:02:28+0000 17.4
2016-06-15T01:17:43+0000 17.5
2016-06-15T01:32:58+0000 17.5
2016-06-15T01:48:12+0000 17.3
2016-06-15T02:03:27+0000 17.2
2016-06-15T02:18:42+0000 17.1
2016-06-15T02:33:57+0000 16.9
2016-06-15T02:49:12+0000 16.9
2016-06-15T03:04:27+0000 16.8
2016-06-15T03:19:41+0000 16.6
2016-06-15T03:34:56+0000 16.6
2016-06-15T03:50:11+0000 16.5
2016-06-15T04:05:26+0000 16.4
2016-06-15T04:20:41+0000 16.3
2016-06-15T04:35:56+0000 16.2
2016-06-15T04:51:11+0000 16.3
2016-06-15T05:06:26+0000 16.3
2016-06-15T05:21:41+0000 16.3
2016-06-15T05:36:56+0000 16.3
2016-06-15T05:52:11+0000 16.3
2016-06-15T06:07:26+0000 16.3
2016-06-15T06:22:40+0000 16.3
2016-06-15T06:37:55+0000 16.3
2016-06-15T06:53:10+0000 16.5
2016-06-15T07:08:25+0000 16.9
2016-06-15T07:23:40+0000 17.2
2016-06-15T07:38:55+0000 17.4
2016-06-15T07:54:10+0000 17.5
2016-06-15T08:09:25+0000 17.6
2016-06-15T08:24:40+0000 17.7
2016-06-15T08:39:55+0000 17.9
2016-06-15T08:55:09+0000 18.2
2016-06-15T09:10:24+0000 18.5
2016-06-15T09:25:39+0000 18.8
2016-06-15T09:40:54+0000 19.1
2016-06-15T09:56:09+0000 19.3
2016-06-15T10:11:23+0000 19.4
2016-06-15T10:26:38+0000 20.0
2016-06-15T10:41:53+0000 20.8
2016-06-15T10:57:08+0000 21.4
2016-06-15T11:12:22+0000 22.9
2016-06-15T11:27:37+0000 23.5
2016-06-15T11:42:52+0000 24.5
2016-06-15T11:58:06+0000 25.4
2016-06-15T12:13:21+0000 25.7
2016-06-15T12:28:35+0000 26.1
2016-06-15T12:43:50+0000 25.5
2016-06-15T12:59:04+0000 24.8
2016-06-15T13:14:19+0000 24.4
2016-06-15T13:29:33+0000 24.3
2016-06-15T13:44:48+0000 24.4
2016-06-15T14:00:02+0000 25.2
2016-06-15T14:15:17+0000 25.9
2016-06-15T14:30:31+0000 26.4
2016-06-15T14:45:46+0000 26.4
2016-06-15T15:01:00+0000 26.1
2016-06-15T15:16:14+0000 25.8
2016-06-15T15:31:29+0000 25.0
2016-06-15T15:46:43+0000 24.5
2016-06-15T16:01:57+0000 23.9
2016-06-15T16:17:12+0000 23.6
2016-06-15T16:32:26+0000 23.1
2016-06-15T16:47:41+0000 22.9
2016-06-15T17:02:56+0000 22.7
2016-06-15T17:18:10+0000 22.4
2016-06-15T17:33:25+0000 22.3
2016-06-15T17:48:39+0000 22.2
2016-06-15T18:03:54+0000 22.3
2016-06-15T18:19:09+0000 22.6
2016-06-15T18:34:23+0000 22.7
2016-06-15T18:49:38+0000 22.8
2016-06-15T19:04:52+0000 22.8
2016-06-15T19:20:07+0000 22.7
2016-06-15T19:35:21+0000 22.6
2016-06-15T19:50:36+0000 22.5
2016-06-15T20:05:50+0000 22.1
2016-06-15T20:21:05+0000 21.6
2016-06-15T20:36:20+0000 21.4
2016-06-15T20:51:34+0000 21.0
2016-06-15T21:06:49+0000 20.7
2016-06-15T21:22:04+0000 20.4
2016-06-15T21:37:18+0000 20.0
2016-06-15T21:52:33+0000 19.7
2016-06-15T22:07:48+0000 19.6
2016-06-15T22:23:02+0000 19.3
2016-06-15T22:38:17+0000 19.2
2016-06-15T22:53:32+0000 18.9
2016-06-15T23:08:46+0000 18.8
2016-06-15T23:24:01+0000 18.7
2016-06-15T23:39:16+0000 18.6
2016-06-15T23:54:31+0000 18.4
