2016-03-22T00:10:25+0000 12.5
2016-03-22T00:25:40+0000 12.3
2016-03-22T00:40:56+0000 12.3
2016-03-22T00:56:11+0000 12.2
2016-03-22T01:11:27+0000 12.1
2016-03-22T01:26:42+0000 12.0
2016-03-22T01:41:58+0000 12.0
2016-03-22T01:57:13+0000 11.9
2016-03-22T02:12:29+0000 11.8
2016-03-22T02:27:44+0000 11.8
2016-03-22T02:43:00+0000 11.6
2016-03-22T02:58:15+0000 11.5
2016-03-22T03:13:31+0000 11.5
2016-03-22T03:28:46+0000 11.4
2016-03-22T03:44:02+0000 11.4
2016-03-22T03:59:17+0000 11.3
2016-03-22T04:14:33+0000 11.2
2016-03-22T04:29:48+0000 11.1
2016-03-22T04:45:04+0000 11.1
2016-03-22T05:00:19+0000 11.1
2016-03-22T05:15:34+0000 11.1
2016-03-22T05:30:50+0000 11.0
2016-03-22T05:46:05+0000 10.9
2016-03-22T06:01:21+0000 10.8
2016-03-22T06:16:36+0000 10.9
2016-03-22T06:31:52+0000 10.8
2016-03-22T06:47:07+0000 10.8
2016-03-22T07:02:23+0000 10.7
2016-03-22T07:17:38+0000 10.8
2016-03-22T07:32:54+0000 11.0
2016-03-22T07:48:09+0000 11.0
2016-03-22T08:03:25+0000 11.4
2016-03-22T08:18:40+0000 11.8
2016-03-22T08:33:56+0000 11.8
2016-03-22T08:49:12+0000 12.3
2016-03-22T09:04:27+0000 12.3
2016-03-22T09:19:43+0000 12.5
2016-03-22T09:34:58+0000 12.7
2016-03-22T09:50:14+0000 13.2
2016-03-22T10:05:29+0000 13.5
2016-03-22T10:20:44+0000 14.1
2016-03-22T10:36:00+0000 15.0
2016-03-22T10:51:15+0000 15.2
2016-03-22T11:06:30+0000 15.4
2016-03-22T11:21:46+0000 15.6
2016-03-22T11:37:01+0000 16.3
2016-03-22T11:52:16+0000 17.3
2016-03-22T12:07:31+0000 18.0
2016-03-22T12:22:46+0000 18.4
2016-03-22T12:38:02+0000 18.7
2016-03-22T12:53:17+0000 18.8
2016-03-22T13:08:32+0000 18.4
2016-03-22T13:23:47+0000 18.5
2016-03-22T13:39:03+0000 18.7
2016-03-22T13:54:18+0000 18.7
2016-03-22T14:09:33+0000 19.1
2016-03-22T14:24:48+0000 19.4
2016-03-22T14:40:03+0000 19.1
2016-03-22T14:55:18+0000 18.9
2016-03-22T15:10:33+0000 18.9
2016-03-22T15:25:48+0000 19.1
2016-03-22T15:41:03+0000 18.9
2016-03-22T15:56:19+0000 18.9
2016-03-22T16:11:34+0000 18.7
2016-03-22T16:26:49+0000 18.4
2016-03-22T16:42:04+0000 18.3
2016-03-22T16:57:19+0000 18.2
2016-03-22T17:12:34+0000 17.9
2016-03-22T17:27:50+0000 17.7
2016-03-22T17:43:05+0000 17.6
2016-03-22T17:58:20+0000 17.2
2016-03-22T18:13:35+0000 17.1
2016-03-22T18:28:50+0000 16.8
2016-03-22T18:44:06+0000 16.6
2016-03-22T18:59:21+0000 16.4
2016-03-22T19:14:36+0000 16.1
2016-03-22T19:29:51+0000 16.0
2016-03-22T19:45:06+0000 15.8
2016-03-22T20:00:22+0000 15.6
2016-03-22T20:15:37+0000 15.3
2016-03-22T20:30:52+0000 15.2
2016-03-22T20:46:08+0000 15.1
2016-03-22T21:01:23+0000 15.0
2016-03-22T21:16:38+0000 14.8
2016-03-22T21:31:54+0000 14.6
2016-03-22T21:47:09+0000 14.5
2016-03-22T22:02:24+0000 14.4
2016-03-22T22:17:40+0000 14.3
2016-03-22T22:32:55+0000 14.1
2016-03-22T22:48:10+0000 14.0
2016-03-22T23:03:26+0000 13.8
2016-03-22T23:18:41+0000 13.7
2016-03-22T23:33:56+0000 13.6
2016-03-22T23:49:12+0000 13.5
