2016-08-28T00:10:38+0000 31.1
2016-08-28T00:25:52+0000 30.7
2016-08-28T00:41:06+0000 30.4
2016-08-28T00:56:20+0000 30.3
2016-08-28T01:11:34+0000 29.9
2016-08-28T01:26:48+0000 29.7
2016-08-28T01:42:02+0000 29.4
2016-08-28T01:57:16+0000 29.1
2016-08-28T02:12:30+0000 28.9
2016-08-28T02:27:44+0000 28.7
2016-08-28T02:42:58+0000 28.4
2016-08-28T02:58:12+0000 28.2
2016-08-28T03:13:26+0000 28.0
2016-08-28T03:28:41+0000 27.9
2016-08-28T03:43:55+0000 27.7
2016-08-28T03:59:09+0000 27.5
2016-08-28T04:14:23+0000 27.4
2016-08-28T04:29:37+0000 27.1
2016-08-28T04:44:52+0000 27.0
2016-08-28T05:00:06+0000 26.8
2016-08-28T05:15:20+0000 26.7
2016-08-28T05:30:34+0000 26.5
2016-08-28T05:45:49+0000 26.6
2016-08-28T06:01:03+0000 26.4
2016-08-28T06:16:17+0000 26.3
2016-08-28T06:31:32+0000 26.1
2016-08-28T06:46:46+0000 26.1
2016-08-28T07:02:00+0000 25.9
2016-08-28T07:17:15+0000 26.5
2016-08-28T07:32:29+0000 27.1
2016-08-28T07:47:43+0000 27.6
2016-08-28T08:02:58+0000 28.3
2016-08-28T08:18:12+0000 29.1
2016-08-28T08:33:26+0000 29.8
2016-08-28T08:48:41+0000 30.6
2016-08-28T09:03:55+0000 31.7
2016-08-28T09:19:09+0000 32.6
2016-08-28T09:34:23+0000 33.4
2016-08-28T09:49:37+0000 34.3
2016-08-28T10:04:51+0000 34.8
2016-08-28T10:20:05+0000 35.8
2016-08-28T10:35:18+0000 36.4
2016-08-28T10:50:32+0000 37.0
2016-08-28T11:05:46+0000 37.5
2016-08-28T11:20:59+0000 38.2
2016-08-28T11:36:13+0000 38.4
2016-08-28T11:51:27+0000 38.5
2016-08-28T12:06:40+0000 38.6
2016-08-28T12:21:53+0000 38.9
2016-08-28T12:37:07+0000 39.0
2016-08-28T12:52:20+0000 38.8
2016-08-28T13:07:34+0000 38.7
2016-08-28T13:22:47+0000 39.4
2016-08-28T13:38:01+0000 39.7
2016-08-28T13:53:14+0000 39.9
2016-08-28T14:08:27+0000 40.0
2016-08-28T14:23:41+0000 40.3
2016-08-28T14:38:54+0000 40.3
2016-08-28T14:54:07+0000 40.2
2016-08-28T15:09:20+0000 40.1
2016-08-28T15:24:34+0000 39.8
2016-08-28T15:39:47+0000 39.6
2016-08-28T15:55:00+0000 39.6
2016-08-28T16:10:14+0000 39.3
2016-08-28T16:25:27+0000 39.2
2016-08-28T16:40:40+0000 39.2
2016-08-28T16:55:53+0000 39.1
2016-08-28T17:11:07+0000 38.3
2016-08-28T17:26:20+0000 37.8
2016-08-28T17:41:33+0000 36.5
2016-08-28T17:56:47+0000 35.6
2016-08-28T18:12:00+0000 35.2
2016-08-28T18:27:14+0000 34.4
2016-08-28T18:42:28+0000 33.9
2016-08-28T18:57:41+0000 33.5
2016-08-28T19:12:55+0000 33.1
2016-08-28T19:28:09+0000 32.6
2016-08-28T19:43:23+0000 32.2
2016-08-28T19:58:37+0000 31.8
2016-08-28T20:13:51+0000 31.5
2016-08-28T20:29:05+0000 31.1
2016-08-28T20:44:19+0000 30.9
2016-08-28T20:59:32+0000 30.7
2016-08-28T21:14:46+0000 30.3
2016-08-28T21:30:00+0000 30.0
2016-08-28T21:45:14+0000 29.7
2016-08-28T22:00:29+0000 29.5
2016-08-28T22:15:43+0000 29.3
2016-08-28T22:30:57+0000 29.1
2016-08-28T22:46:11+0000 28.8
2016-08-28T23:01:25+0000 28.6
2016-08-28T23:16:39+0000 28.4
2016-08-28T23:31:53+0000 28.2
2016-08-28T23:47:07+0000 27.9
