2016-05-30T00:14:04+0000 21.4
2016-05-30T00:29:19+0000 21.2
2016-05-30T00:44:34+0000 21.1
2016-05-30T00:59:49+0000 20.9
2016-05-30T01:15:03+0000 20.9
2016-05-30T01:30:18+0000 20.6
2016-05-30T01:45:32+0000 20.6
2016-05-30T02:00:47+0000 20.6
2016-05-30T02:16:02+0000 20.4
2016-05-30T02:31:17+0000 20.4
2016-05-30T02:46:31+0000 20.2
2016-05-30T03:01:46+0000 20.2
2016-05-30T03:17:01+0000 20.1
2016-05-30T03:32:15+0000 20.1
2016-05-30T03:47:30+0000 20.0
2016-05-30T04:02:45+0000 20.0
2016-05-30T04:18:00+0000 19.9
2016-05-30T04:33:14+0000 19.7
2016-05-30T04:48:29+0000 19.7
2016-05-30T05:03:44+0000 19.7
2016-05-30T05:18:58+0000 19.6
2016-05-30T05:34:13+0000 19.5
2016-05-30T05:49:28+0000 19.4
2016-05-30T06:04:43+0000 19.3
2016-05-30T06:19:57+0000 19.3
2016-05-30T06:35:12+0000 19.2
2016-05-30T06:50:27+0000 19.4
2016-05-30T07:05:42+0000 19.2
2016-05-30T07:20:57+0000 19.4
2016-05-30T07:36:11+0000 19.5
2016-05-30T07:51:26+0000 19.7
2016-05-30T08:06:41+0000 19.9
2016-05-30T08:21:56+0000 20.2
2016-05-30T08:37:10+0000 20.3
2016-05-30T08:52:25+0000 20.6
2016-05-30T09:07:40+0000 20.8
2016-05-30T09:22:55+0000 21.0
2016-05-30T09:38:09+0000 21.0
2016-05-30T09:53:24+0000 20.9
2016-05-30T10:08:39+0000 20.6
2016-05-30T10:23:54+0000 20.6
2016-05-30T10:39:08+0000 20.5
2016-05-30T10:54:23+0000 20.4
2016-05-30T11:09:38+0000 20.6
2016-05-30T11:24:53+0000 20.6
2016-05-30T11:40:08+0000 20.7
2016-05-30T11:55:23+0000 20.9
2016-05-30T12:10:37+0000 21.2
2016-05-30T12:25:52+0000 21.5
2016-05-30T12:41:07+0000 22.2
2016-05-30T12:56:21+0000 22.8
2016-05-30T13:11:36+0000 23.2
2016-05-30T13:26:51+0000 23.6
2016-05-30T13:42:05+0000 23.7
2016-05-30T13:57:20+0000 23.8
2016-05-30T14:12:34+0000 23.8
2016-05-30T14:27:49+0000 23.8
2016-05-30T14:43:03+0000 23.9
2016-05-30T14:58:18+0000 23.9
2016-05-30T15:13:32+0000 24.1
2016-05-30T15:28:47+0000 24.1
2016-05-30T15:44:01+0000 24.4
2016-05-30T15:59:16+0000 24.3
2016-05-30T16:14:30+0000 24.4
2016-05-30T16:29:45+0000 24.2
2016-05-30T16:44:59+0000 24.2
2016-05-30T17:00:14+0000 24.1
2016-05-30T17:15:29+0000 24.0
2016-05-30T17:30:43+0000 23.8
2016-05-30T17:45:58+0000 23.5
2016-05-30T18:01:12+0000 23.5
2016-05-30T18:16:27+0000 23.4
2016-05-30T18:31:41+0000 23.5
2016-05-30T18:46:56+0000 23.3
2016-05-30T19:02:11+0000 23.2
2016-05-30T19:17:25+0000 22.9
2016-05-30T19:32:40+0000 22.7
2016-05-30T19:47:54+0000 22.4
2016-05-30T20:03:09+0000 22.3
2016-05-30T20:18:24+0000 22.1
2016-05-30T20:33:38+0000 21.9
2016-05-30T20:48:53+0000 21.6
2016-05-30T21:04:08+0000 21.6
2016-05-30T21:19:22+0000 21.4
2016-05-30T21:34:37+0000 21.3
2016-05-30T21:49:52+0000 21.1
2016-05-30T22:05:07+0000 20.9
2016-05-30T22:20:21+0000 20.9
2016-05-30T22:35:36+0000 20.6
2016-05-30T22:50:51+0000 20.7
2016-05-30T23:06:05+0000 20.5
2016-05-30T23:21:20+0000 20.4
2016-05-30T23:36:35+0000 20.2
2016-05-30T23:51:50+0000 20.1
