2016-06-05T00:01:08+0000 21.2
2016-06-05T00:16:23+0000 21.1
2016-06-05T00:31:37+0000 20.9
2016-06-05T00:46:52+0000 20.7
2016-06-05T01:02:06+0000 20.6
2016-06-05T01:17:21+0000 20.4
2016-06-05T01:32:36+0000 20.2
2016-06-05T01:47:50+0000 20.1
2016-06-05T02:03:05+0000 20.0
2016-06-05T02:18:19+0000 19.9
2016-06-05T02:33:34+0000 19.8
2016-06-05T02:48:49+0000 19.6
2016-06-05T03:04:04+0000 19.4
2016-06-05T03:19:18+0000 19.4
2016-06-05T03:34:33+0000 19.3
2016-06-05T03:49:48+0000 19.2
2016-06-05T04:05:02+0000 19.0
2016-06-05T04:20:17+0000 19.2
2016-06-05T04:35:32+0000 19.0
2016-06-05T04:50:47+0000 18.9
2016-06-05T05:06:01+0000 18.8
2016-06-05T05:21:16+0000 18.8
2016-06-05T05:36:31+0000 18.8
2016-06-05T05:51:46+0000 18.9
2016-06-05T06:07:00+0000 18.9
2016-06-05T06:22:15+0000 19.0
2016-06-05T06:37:30+0000 19.2
2016-06-05T06:52:45+0000 19.8
2016-06-05T07:07:59+0000 20.1
2016-06-05T07:23:14+0000 20.3
2016-06-05T07:38:29+0000 20.5
2016-06-05T07:53:44+0000 20.8
2016-06-05T08:08:58+0000 21.2
2016-06-05T08:24:13+0000 21.8
2016-06-05T08:39:27+0000 22.4
2016-06-05T08:54:42+0000 22.8
2016-06-05T09:09:57+0000 23.3
2016-06-05T09:25:11+0000 24.0
2016-06-05T09:40:26+0000 25.0
2016-06-05T09:55:41+0000 25.8
2016-06-05T10:10:55+0000 26.3
2016-06-05T10:26:09+0000 27.3
2016-06-05T10:41:24+0000 28.2
2016-06-05T10:56:38+0000 29.3
2016-06-05T11:11:53+0000 29.6
2016-06-05T11:27:07+0000 29.9
2016-06-05T11:42:21+0000 30.6
2016-06-05T11:57:35+0000 30.7
2016-06-05T12:12:49+0000 30.3
2016-06-05T12:28:03+0000 30.1
2016-06-05T12:43:18+0000 30.0
2016-06-05T12:58:32+0000 29.9
2016-06-05T13:13:46+0000 29.9
2016-06-05T13:29:00+0000 30.7
2016-06-05T13:44:14+0000 31.0
2016-06-05T13:59:28+0000 32.2
2016-06-05T14:14:42+0000 33.2
2016-06-05T14:29:56+0000 33.5
2016-06-05T14:45:10+0000 33.4
2016-06-05T15:00:24+0000 33.6
2016-06-05T15:15:38+0000 33.8
2016-06-05T15:30:51+0000 33.8
2016-06-05T15:46:05+0000 33.8
2016-06-05T16:01:19+0000 33.7
2016-06-05T16:16:33+0000 33.7
2016-06-05T16:31:47+0000 33.6
2016-06-05T16:47:01+0000 33.6
2016-06-05T17:02:14+0000 33.3
2016-06-05T17:17:28+0000 33.2
2016-06-05T17:32:42+0000 32.9
2016-06-05T17:47:56+0000 32.6
2016-06-05T18:03:10+0000 32.2
2016-06-05T18:18:24+0000 32.1
2016-06-05T18:33:38+0000 31.9
2016-06-05T18:48:52+0000 31.8
2016-06-05T19:04:06+0000 31.6
2016-06-05T19:19:20+0000 31.4
2016-06-05T19:34:33+0000 31.1
2016-06-05T19:49:47+0000 30.6
2016-06-05T20:05:01+0000 30.2
2016-06-05T20:20:15+0000 29.5
2016-06-05T20:35:29+0000 29.2
2016-06-05T20:50:44+0000 28.7
2016-06-05T21:05:58+0000 28.3
2016-06-05T21:21:12+0000 28.0
2016-06-05T21:36:26+0000 27.6
2016-06-05T21:51:40+0000 27.3
2016-06-05T22:06:55+0000 27.1
2016-06-05T22:22:09+0000 26.5
2016-06-05T22:37:23+0000 26.4
2016-06-05T22:52:37+0000 26.0
2016-06-05T23:07:52+0000 25.7
2016-06-05T23:23:06+0000 25.3
2016-06-05T23:38:20+0000 25.1
2016-06-05T23:53:35+0000 24.8
