2016-03-31T00:03:22+0000 12.9
2016-03-31T00:18:37+0000 13.0
2016-03-31T00:33:53+0000 12.9
2016-03-31T00:49:08+0000 12.9
2016-03-31T01:04:24+0000 12.8
2016-03-31T01:19:39+0000 12.9
2016-03-31T01:34:54+0000 12.9
2016-03-31T01:50:10+0000 12.8
2016-03-31T02:05:25+0000 12.7
2016-03-31T02:20:41+0000 12.8
2016-03-31T02:35:56+0000 12.8
2016-03-31T02:51:12+0000 12.8
2016-03-31T03:06:27+0000 12.7
2016-03-31T03:21:43+0000 12.7
2016-03-31T03:36:58+0000 12.7
2016-03-31T03:52:14+0000 12.6
2016-03-31T04:07:29+0000 12.6
2016-03-31T04:22:45+0000 12.5
2016-03-31T04:38:00+0000 12.6
2016-03-31T04:53:15+0000 12.6
2016-03-31T05:08:31+0000 12.5
2016-03-31T05:23:46+0000 12.5
2016-03-31T05:39:02+0000 12.6
2016-03-31T05:54:17+0000 12.5
2016-03-31T06:09:33+0000 12.5
2016-03-31T06:24:48+0000 12.5
2016-03-31T06:40:03+0000 13.1
2016-03-31T06:55:19+0000 13.0
2016-03-31T07:10:34+0000 13.1
2016-03-31T07:25:50+0000 13.3
2016-03-31T07:41:05+0000 13.3
2016-03-31T07:56:21+0000 13.6
2016-03-31T08:11:36+0000 14.0
2016-03-31T08:26:52+0000 14.5
2016-03-31T08:42:07+0000 14.7
2016-03-31T08:57:22+0000 15.0
2016-03-31T09:12:38+0000 15.3
2016-03-31T09:27:53+0000 15.7
2016-03-31T09:43:08+0000 16.3
2016-03-31T09:58:24+0000 16.8
2016-03-31T10:13:39+0000 17.4
2016-03-31T10:28:54+0000 18.5
2016-03-31T10:44:10+0000 19.2
2016-03-31T10:59:25+0000 20.1
2016-03-31T11:14:40+0000 21.0
2016-03-31T11:29:55+0000 21.8
2016-03-31T11:45:10+0000 22.7
2016-03-31T12:00:25+0000 23.4
2016-03-31T12:15:40+0000 23.9
2016-03-31T12:30:55+0000 24.2
2016-03-31T12:46:10+0000 24.2
2016-03-31T13:01:25+0000 24.2
2016-03-31T13:16:40+0000 24.1
2016-03-31T13:31:54+0000 23.9
2016-03-31T13:47:09+0000 24.1
2016-03-31T14:02:24+0000 23.9
2016-03-31T14:17:39+0000 23.6
2016-03-31T14:32:54+0000 23.4
2016-03-31T14:48:09+0000 23.2
2016-03-31T15:03:24+0000 23.0
2016-03-31T15:18:39+0000 22.7
2016-03-31T15:33:54+0000 22.3
2016-03-31T15:49:09+0000 21.9
2016-03-31T16:04:24+0000 21.4
2016-03-31T16:19:39+0000 21.0
2016-03-31T16:34:54+0000 20.6
2016-03-31T16:50:09+0000 20.3
2016-03-31T17:05:24+0000 20.0
2016-03-31T17:20:39+0000 19.6
2016-03-31T17:35:54+0000 19.5
2016-03-31T17:51:09+0000 19.3
2016-03-31T18:06:24+0000 19.3
2016-03-31T18:21:39+0000 18.9
2016-03-31T18:36:54+0000 18.7
2016-03-31T18:52:09+0000 18.5
2016-03-31T19:07:25+0000 18.4
2016-03-31T19:22:40+0000 18.1
2016-03-31T19:37:55+0000 17.9
2016-03-31T19:53:10+0000 17.6
2016-03-31T20:08:25+0000 17.6
2016-03-31T20:23:41+0000 17.6
2016-03-31T20:38:56+0000 17.3
2016-03-31T20:54:11+0000 17.2
2016-03-31T21:09:26+0000 16.8
2016-03-31T21:24:42+0000 16.8
2016-03-31T21:39:57+0000 16.6
2016-03-31T21:55:12+0000 16.5
2016-03-31T22:10:27+0000 16.3
2016-03-31T22:25:43+0000 16.1
2016-03-31T22:40:58+0000 15.9
2016-03-31T22:56:13+0000 15.7
2016-03-31T23:11:29+0000 15.6
2016-03-31T23:26:44+0000 15.5
2016-03-31T23:41:59+0000 15.3
2016-03-31T23:57:15+0000 14.9
