2016-09-20T00:13:27+0000 18.1
2016-09-20T00:28:42+0000 18.1
2016-09-20T00:43:57+0000 18.1
2016-09-20T00:59:12+0000 17.9
2016-09-20T01:14:28+0000 17.9
2016-09-20T01:29:43+0000 17.8
2016-09-20T01:44:58+0000 17.7
2016-09-20T02:00:14+0000 17.6
2016-09-20T02:15:29+0000 17.6
2016-09-20T02:30:44+0000 17.6
2016-09-20T02:45:59+0000 17.6
2016-09-20T03:01:15+0000 17.5
2016-09-20T03:16:30+0000 17.5
2016-09-20T03:31:45+0000 17.4
2016-09-20T03:47:00+0000 17.4
2016-09-20T04:02:16+0000 17.4
2016-09-20T04:17:31+0000 17.4
2016-09-20T04:32:46+0000 17.3
2016-09-20T04:48:02+0000 17.3
2016-09-20T05:03:17+0000 17.2
2016-09-20T05:18:32+0000 17.1
2016-09-20T05:33:47+0000 17.1
2016-09-20T05:49:03+0000 17.1
2016-09-20T06:04:18+0000 17.2
2016-09-20T06:19:33+0000 17.0
2016-09-20T06:34:49+0000 17.0
2016-09-20T06:50:04+0000 17.0
2016-09-20T07:05:20+0000 17.0
2016-09-20T07:20:35+0000 17.0
2016-09-20T07:35:50+0000 17.1
2016-09-20T07:51:06+0000 17.3
2016-09-20T08:06:21+0000 17.4
2016-09-20T08:21:36+0000 17.6
2016-09-20T08:36:52+0000 17.9
2016-09-20T08:52:07+0000 18.0
2016-09-20T09:07:22+0000 18.2
2016-09-20T09:22:38+0000 18.3
2016-09-20T09:37:53+0000 18.6
2016-09-20T09:53:08+0000 18.9
2016-09-20T10:08:23+0000 19.1
2016-09-20T10:23:38+0000 19.5
2016-09-20T10:38:54+0000 19.5
2016-09-20T10:54:09+0000 19.8
2016-09-20T11:09:24+0000 19.9
2016-09-20T11:24:39+0000 19.9
2016-09-20T11:39:54+0000 20.1
2016-09-20T11:55:09+0000 20.1
2016-09-20T12:10:24+0000 20.2
2016-09-20T12:25:39+0000 20.3
2016-09-20T12:40:54+0000 20.3
2016-09-20T12:56:09+0000 20.3
2016-09-20T13:11:24+0000 20.4
2016-09-20T13:26:40+0000 20.4
2016-09-20T13:41:55+0000 20.6
2016-09-20T13:57:10+0000 20.7
2016-09-20T14:12:25+0000 20.9
2016-09-20T14:27:40+0000 21.1
2016-09-20T14:42:55+0000 21.3
2016-09-20T14:58:10+0000 21.4
2016-09-20T15:13:25+0000 21.7
2016-09-20T15:28:40+0000 21.9
2016-09-20T15:43:55+0000 22.0
2016-09-20T15:59:10+0000 22.0
2016-09-20T16:14:25+0000 21.9
2016-09-20T16:29:40+0000 22.0
2016-09-20T16:44:55+0000 21.8
2016-09-20T17:00:10+0000 21.6
2016-09-20T17:15:25+0000 21.5
2016-09-20T17:30:40+0000 21.2
2016-09-20T17:45:55+0000 20.9
2016-09-20T18:01:10+0000 20.7
2016-09-20T18:16:26+0000 20.6
2016-09-20T18:31:41+0000 20.4
2016-09-20T18:46:56+0000 20.3
2016-09-20T19:02:11+0000 20.1
2016-09-20T19:17:26+0000 20.0
2016-09-20T19:32:41+0000 19.9
2016-09-20T19:47:56+0000 19.7
2016-09-20T20:03:11+0000 19.7
2016-09-20T20:18:27+0000 19.5
2016-09-20T20:33:42+0000 19.3
2016-09-20T20:48:57+0000 19.2
2016-09-20T21:04:12+0000 19.2
2016-09-20T21:19:27+0000 19.1
2016-09-20T21:34:42+0000 18.9
2016-09-20T21:49:57+0000 19.1
2016-09-20T22:05:13+0000 18.8
2016-09-20T22:20:28+0000 18.7
2016-09-20T22:35:43+0000 18.6
2016-09-20T22:50:58+0000 18.5
2016-09-20T23:06:13+0000 18.5
2016-09-20T23:21:28+0000 18.5
2016-09-20T23:36:44+0000 18.4
2016-09-20T23:51:59+0000 18.2
