2016-09-06T00:05:10+0000 19.7
2016-09-06T00:20:25+0000 19.6
2016-09-06T00:35:40+0000 19.5
2016-09-06T00:50:55+0000 19.2
2016-09-06T01:06:10+0000 19.1
2016-09-06T01:21:25+0000 19.1
2016-09-06T01:36:41+0000 18.9
2016-09-06T01:51:56+0000 18.7
2016-09-06T02:07:11+0000 18.5
2016-09-06T02:22:26+0000 18.5
2016-09-06T02:37:41+0000 18.3
2016-09-06T02:52:57+0000 18.2
2016-09-06T03:08:12+0000 18.0
2016-09-06T03:23:27+0000 17.8
2016-09-06T03:38:42+0000 17.7
2016-09-06T03:53:58+0000 17.5
2016-09-06T04:09:13+0000 17.4
2016-09-06T04:24:28+0000 17.3
2016-09-06T04:39:43+0000 17.2
2016-09-06T04:54:59+0000 17.0
2016-09-06T05:10:14+0000 17.0
2016-09-06T05:25:29+0000 16.8
2016-09-06T05:40:45+0000 16.8
2016-09-06T05:56:00+0000 16.6
2016-09-06T06:11:15+0000 16.4
2016-09-06T06:26:31+0000 16.5
2016-09-06T06:41:46+0000 16.5
2016-09-06T06:57:01+0000 16.8
2016-09-06T07:12:17+0000 17.2
2016-09-06T07:27:32+0000 17.6
2016-09-06T07:42:47+0000 18.1
2016-09-06T07:58:02+0000 18.7
2016-09-06T08:13:18+0000 19.4
2016-09-06T08:28:33+0000 20.1
2016-09-06T08:43:48+0000 20.8
2016-09-06T08:59:03+0000 21.6
2016-09-06T09:14:18+0000 22.6
2016-09-06T09:29:33+0000 23.6
2016-09-06T09:44:48+0000 24.4
2016-09-06T10:00:03+0000 25.4
2016-09-06T10:15:18+0000 26.2
2016-09-06T10:30:33+0000 27.1
2016-09-06T10:45:48+0000 27.7
2016-09-06T11:01:02+0000 28.7
2016-09-06T11:16:17+0000 29.6
2016-09-06T11:31:32+0000 30.3
2016-09-06T11:46:46+0000 31.1
2016-09-06T12:02:01+0000 31.7
2016-09-06T12:17:15+0000 32.1
2016-09-06T12:32:30+0000 32.4
2016-09-06T12:47:44+0000 32.9
2016-09-06T13:02:58+0000 33.3
2016-09-06T13:18:12+0000 33.5
2016-09-06T13:33:27+0000 33.8
2016-09-06T13:48:41+0000 33.9
2016-09-06T14:03:55+0000 34.1
2016-09-06T14:19:09+0000 34.2
2016-09-06T14:34:23+0000 33.9
2016-09-06T14:49:38+0000 33.8
2016-09-06T15:04:52+0000 33.2
2016-09-06T15:20:06+0000 32.9
2016-09-06T15:35:20+0000 32.8
2016-09-06T15:50:34+0000 32.8
2016-09-06T16:05:48+0000 32.6
2016-09-06T16:21:03+0000 32.6
2016-09-06T16:36:17+0000 32.3
2016-09-06T16:51:31+0000 32.2
2016-09-06T17:06:45+0000 31.9
2016-09-06T17:22:00+0000 31.7
2016-09-06T17:37:14+0000 31.6
2016-09-06T17:52:28+0000 31.3
2016-09-06T18:07:43+0000 31.0
2016-09-06T18:22:57+0000 30.7
2016-09-06T18:38:11+0000 30.3
2016-09-06T18:53:26+0000 29.5
2016-09-06T19:08:40+0000 29.0
2016-09-06T19:23:55+0000 28.5
2016-09-06T19:39:09+0000 28.1
2016-09-06T19:54:24+0000 27.8
2016-09-06T20:09:38+0000 27.3
2016-09-06T20:24:53+0000 26.8
2016-09-06T20:40:08+0000 26.5
2016-09-06T20:55:22+0000 26.1
2016-09-06T21:10:37+0000 25.7
2016-09-06T21:25:52+0000 25.3
2016-09-06T21:41:06+0000 25.0
2016-09-06T21:56:21+0000 24.7
2016-09-06T22:11:36+0000 24.3
2016-09-06T22:26:51+0000 24.1
2016-09-06T22:42:05+0000 23.7
2016-09-06T22:57:20+0000 23.4
2016-09-06T23:12:35+0000 23.2
2016-09-06T23:27:50+0000 22.9
2016-09-06T23:43:05+0000 22.6
2016-09-06T23:58:20+0000 22.4
