2016-04-01T00:12:30+0000 15.1
2016-04-01T00:27:45+0000 15.0
2016-04-01T00:43:01+0000 14.7
2016-04-01T00:58:16+0000 14.6
2016-04-01T01:13:31+0000 14.5
2016-04-01T01:28:47+0000 14.3
2016-04-01T01:44:02+0000 14.1
2016-04-01T01:59:18+0000 13.9
2016-04-01T02:14:33+0000 13.8
2016-04-01T02:29:48+0000 13.7
2016-04-01T02:45:04+0000 13.6
2016-04-01T03:00:19+0000 13.4
2016-04-01T03:15:35+0000 13.3
2016-04-01T03:30:50+0000 13.1
2016-04-01T03:46:05+0000 13.0
2016-04-01T04:01:21+0000 12.8
2016-04-01T04:16:36+0000 12.8
2016-04-01T04:31:52+0000 12.7
2016-04-01T04:47:07+0000 12.7
2016-04-01T05:02:23+0000 12.5
2016-04-01T05:17:38+0000 12.5
2016-04-01T05:32:54+0000 12.5
2016-04-01T05:48:09+0000 12.4
2016-04-01T06:03:25+0000 12.5
2016-04-01T06:18:40+0000 12.4
2016-04-01T06:33:56+0000 12.3
2016-04-01T06:49:11+0000 12.2
2016-04-01T07:04:27+0000 12.2
2016-04-01T07:19:42+0000 12.3
2016-04-01T07:34:58+0000 12.2
2016-04-01T07:50:13+0000 12.0
2016-04-01T08:05:29+0000 12.1
2016-04-01T08:20:44+0000 12.1
2016-04-01T08:35:59+0000 12.1
2016-04-01T08:51:15+0000 12.2
2016-04-01T09:06:31+0000 12.2
2016-04-01T09:21:46+0000 12.3
2016-04-01T09:37:02+0000 12.2
2016-04-01T09:52:17+0000 12.2
2016-04-01T10:07:33+0000 12.2
2016-04-01T10:22:48+0000 12.3
2016-04-01T10:38:04+0000 12.4
2016-04-01T10:53:19+0000 12.5
2016-04-01T11:08:35+0000 12.3
2016-04-01T11:23:50+0000 12.5
2016-04-01T11:39:06+0000 12.7
2016-04-01T11:54:21+0000 13.5
2016-04-01T12:09:37+0000 13.7
2016-04-01T12:24:52+0000 13.8
2016-04-01T12:40:08+0000 13.8
2016-04-01T12:55:23+0000 13.8
2016-04-01T13:10:39+0000 13.9
2016-04-01T13:25:54+0000 13.9
2016-04-01T13:41:10+0000 14.1
2016-04-01T13:56:25+0000 14.2
2016-04-01T14:11:40+0000 14.4
2016-04-01T14:26:56+0000 14.6
2016-04-01T14:42:11+0000 14.4
2016-04-01T14:57:27+0000 14.6
2016-04-01T15:12:42+0000 14.8
2016-04-01T15:27:57+0000 14.9
2016-04-01T15:43:13+0000 15.0
2016-04-01T15:58:28+0000 15.1
2016-04-01T16:13:43+0000 15.1
2016-04-01T16:28:59+0000 15.1
2016-04-01T16:44:14+0000 15.0
2016-04-01T16:59:30+0000 15.1
2016-04-01T17:14:45+0000 15.5
2016-04-01T17:30:00+0000 14.9
2016-04-01T17:45:16+0000 14.6
2016-04-01T18:00:31+0000 14.6
2016-04-01T18:15:47+0000 14.5
2016-04-01T18:31:02+0000 14.4
2016-04-01T18:46:17+0000 14.3
2016-04-01T19:01:33+0000 14.0
2016-04-01T19:16:48+0000 13.9
2016-04-01T19:32:04+0000 13.8
2016-04-01T19:47:19+0000 13.5
2016-04-01T20:02:35+0000 13.5
2016-04-01T20:17:50+0000 13.5
2016-04-01T20:33:06+0000 13.5
2016-04-01T20:48:21+0000 13.3
2016-04-01T21:03:36+0000 13.3
2016-04-01T21:18:52+0000 13.1
2016-04-01T21:34:07+0000 13.0
2016-04-01T21:49:23+0000 12.8
2016-04-01T22:04:38+0000 12.6
2016-04-01T22:19:54+0000 12.5
2016-04-01T22:35:09+0000 12.3
2016-04-01T22:50:25+0000 12.2
2016-04-01T23:05:40+0000 12.2
2016-04-01T23:20:55+0000 12.1
2016-04-01T23:36:11+0000 12.2
2016-04-01T23:51:26+0000 12.2
