2015-12-10T00:07:21+0000 7.2
2015-12-10T00:22:37+0000 7.1
2015-12-10T00:37:52+0000 6.9
2015-12-10T00:53:08+0000 6.8
2015-12-10T01:08:24+0000 6.7
2015-12-10T01:23:39+0000 6.5
2015-12-10T01:38:55+0000 6.5
2015-12-10T01:54:11+0000 6.5
2015-12-10T02:09:27+0000 6.4
2015-12-10T02:24:42+0000 6.3
2015-12-10T02:39:58+0000 6.1
2015-12-10T02:55:14+0000 6.0
2015-12-10T03:10:29+0000 5.9
2015-12-10T03:25:45+0000 5.9
2015-12-10T03:41:01+0000 5.7
2015-12-10T03:56:17+0000 5.6
2015-12-10T04:11:32+0000 5.5
2015-12-10T04:26:48+0000 5.4
2015-12-10T04:42:04+0000 5.2
2015-12-10T04:57:20+0000 5.2
2015-12-10T05:12:35+0000 5.1
2015-12-10T05:27:51+0000 5.0
2015-12-10T05:43:07+0000 4.9
2015-12-10T05:58:22+0000 4.8
2015-12-10T06:13:38+0000 4.8
2015-12-10T06:28:54+0000 4.6
2015-12-10T06:44:10+0000 4.7
2015-12-10T06:59:25+0000 4.6
2015-12-10T07:14:41+0000 4.5
2015-12-10T07:29:57+0000 4.4
2015-12-10T07:45:13+0000 4.4
2015-12-10T08:00:28+0000 4.5
2015-12-10T08:15:44+0000 4.4
2015-12-10T08:31:00+0000 4.2
2015-12-10T08:46:16+0000 4.3
2015-12-10T09:01:32+0000 4.5
2015-12-10T09:16:48+0000 4.5
2015-12-10T09:32:03+0000 5.1
2015-12-10T09:47:19+0000 5.4
2015-12-10T10:02:35+0000 5.9
2015-12-10T10:17:51+0000 6.4
2015-12-10T10:33:07+0000 6.5
2015-12-10T10:48:22+0000 6.9
2015-12-10T11:03:38+0000 7.2
2015-12-10T11:18:54+0000 7.5
2015-12-10T11:34:10+0000 7.8
2015-12-10T11:49:25+0000 8.1
2015-12-10T12:04:41+0000 8.5
2015-12-10T12:19:57+0000 8.8
2015-12-10T12:35:12+0000 9.1
2015-12-10T12:50:28+0000 9.2
2015-12-10T13:05:44+0000 9.3
2015-12-10T13:20:59+0000 9.4
2015-12-10T13:36:15+0000 9.5
2015-12-10T13:51:31+0000 9.5
2015-12-10T14:06:46+0000 9.4
2015-12-10T14:22:02+0000 9.6
2015-12-10T14:37:18+0000 9.5
2015-12-10T14:52:34+0000 9.5
2015-12-10T15:07:50+0000 9.5
2015-12-10T15:23:06+0000 9.2
2015-12-10T15:38:22+0000 9.2
2015-12-10T15:53:38+0000 9.0
2015-12-10T16:08:53+0000 9.0
2015-12-10T16:24:09+0000 8.5
2015-12-10T16:39:25+0000 8.5
2015-12-10T16:54:40+0000 8.3
2015-12-10T17:09:56+0000 8.1
2015-12-10T17:25:12+0000 8.1
2015-12-10T17:40:27+0000 8.0
2015-12-10T17:55:43+0000 7.8
2015-12-10T18:10:59+0000 7.8
2015-12-10T18:26:14+0000 7.7
2015-12-10T18:41:30+0000 7.6
2015-12-10T18:56:46+0000 7.6
2015-12-10T19:12:02+0000 7.5
2015-12-10T19:27:17+0000 7.6
2015-12-10T19:42:33+0000 7.4
2015-12-10T19:57:49+0000 7.5
2015-12-10T20:13:04+0000 7.4
2015-12-10T20:28:20+0000 7.4
2015-12-10T20:43:36+0000 7.3
2015-12-10T20:58:51+0000 7.4
2015-12-10T21:14:07+0000 7.5
2015-12-10T21:29:23+0000 7.3
2015-12-10T21:44:38+0000 7.4
2015-12-10T21:59:54+0000 7.3
2015-12-10T22:15:10+0000 7.3
2015-12-10T22:30:26+0000 7.1
2015-12-10T22:45:41+0000 7.0
2015-12-10T23:00:57+0000 6.9
2015-12-10T23:16:13+0000 6.8
2015-12-10T23:31:28+0000 6.9
2015-12-10T23:46:44+0000 6.7
