2016-06-03T00:00:34+0000 22.0
2016-06-03T00:15:48+0000 21.8
2016-06-03T00:31:03+0000 21.6
2016-06-03T00:46:17+0000 21.6
2016-06-03T01:01:32+0000 21.3
2016-06-03T01:16:46+0000 21.3
2016-06-03T01:32:01+0000 21.2
2016-06-03T01:47:15+0000 21.1
2016-06-03T02:02:30+0000 20.9
2016-06-03T02:17:45+0000 20.8
2016-06-03T02:32:59+0000 20.7
2016-06-03T02:48:14+0000 20.6
2016-06-03T03:03:28+0000 20.6
2016-06-03T03:18:43+0000 20.4
2016-06-03T03:33:58+0000 20.3
2016-06-03T03:49:12+0000 20.2
2016-06-03T04:04:27+0000 20.1
2016-06-03T04:19:41+0000 20.0
2016-06-03T04:34:56+0000 20.0
2016-06-03T04:50:11+0000 19.9
2016-06-03T05:05:25+0000 19.9
2016-06-03T05:20:40+0000 19.9
2016-06-03T05:35:55+0000 19.9
2016-06-03T05:51:09+0000 19.9
2016-06-03T06:06:24+0000 20.0
2016-06-03T06:21:39+0000 20.1
2016-06-03T06:36:54+0000 20.3
2016-06-03T06:52:08+0000 20.6
2016-06-03T07:07:23+0000 20.9
2016-06-03T07:22:38+0000 21.2
2016-06-03T07:37:52+0000 21.8
2016-06-03T07:53:07+0000 22.5
2016-06-03T08:08:21+0000 23.0
2016-06-03T08:23:36+0000 23.3
2016-06-03T08:38:50+0000 23.9
2016-06-03T08:54:05+0000 24.8
2016-06-03T09:09:19+0000 25.5
2016-06-03T09:24:34+0000 25.6
2016-06-03T09:39:48+0000 26.0
2016-06-03T09:55:02+0000 26.4
2016-06-03T10:10:17+0000 27.3
2016-06-03T10:25:31+0000 27.7
2016-06-03T10:40:45+0000 27.9
2016-06-03T10:55:59+0000 27.7
2016-06-03T11:11:14+0000 27.5
2016-06-03T11:26:28+0000 26.9
2016-06-03T11:41:42+0000 26.5
2016-06-03T11:56:57+0000 26.3
2016-06-03T12:12:11+0000 26.5
2016-06-03T12:27:25+0000 27.0
2016-06-03T12:42:39+0000 27.5
2016-06-03T12:57:53+0000 28.2
2016-06-03T13:13:08+0000 29.0
2016-06-03T13:28:22+0000 30.0
2016-06-03T13:43:36+0000 30.8
2016-06-03T13:58:50+0000 30.6
2016-06-03T14:14:04+0000 30.5
2016-06-03T14:29:18+0000 30.1
2016-06-03T14:44:32+0000 29.8
2016-06-03T14:59:46+0000 29.3
2016-06-03T15:15:00+0000 29.1
2016-06-03T15:30:14+0000 29.0
2016-06-03T15:45:28+0000 29.0
2016-06-03T16:00:42+0000 28.9
2016-06-03T16:15:57+0000 28.8
2016-06-03T16:31:11+0000 28.7
2016-06-03T16:46:25+0000 28.7
2016-06-03T17:01:39+0000 28.5
2016-06-03T17:16:53+0000 28.0
2016-06-03T17:32:07+0000 27.6
2016-06-03T17:47:21+0000 27.1
2016-06-03T18:02:36+0000 26.5
2016-06-03T18:17:50+0000 26.3
2016-06-03T18:33:04+0000 26.0
2016-06-03T18:48:19+0000 25.8
2016-06-03T19:03:33+0000 25.7
2016-06-03T19:18:47+0000 25.4
2016-06-03T19:34:02+0000 25.3
2016-06-03T19:49:16+0000 25.1
2016-06-03T20:04:30+0000 25.0
2016-06-03T20:19:45+0000 24.7
2016-06-03T20:34:59+0000 24.5
2016-06-03T20:50:14+0000 24.3
2016-06-03T21:05:28+0000 24.1
2016-06-03T21:20:42+0000 23.8
2016-06-03T21:35:57+0000 23.6
2016-06-03T21:51:11+0000 23.4
2016-06-03T22:06:25+0000 23.2
2016-06-03T22:21:40+0000 23.0
2016-06-03T22:36:55+0000 22.9
2016-06-03T22:52:09+0000 22.8
2016-06-03T23:07:24+0000 22.5
2016-06-03T23:22:38+0000 22.5
2016-06-03T23:37:53+0000 22.4
2016-06-03T23:53:08+0000 22.3
