2016-07-06T00:03:44+0000 24.6
2016-07-06T00:18:58+0000 24.3
2016-07-06T00:34:12+0000 24.2
2016-07-06T00:49:27+0000 24.1
2016-07-06T01:04:41+0000 23.7
2016-07-06T01:19:55+0000 23.5
2016-07-06T01:35:10+0000 23.3
2016-07-06T01:50:24+0000 23.1
2016-07-06T02:05:39+0000 22.8
2016-07-06T02:20:54+0000 22.7
2016-07-06T02:36:08+0000 22.5
2016-07-06T02:51:23+0000 22.4
2016-07-06T03:06:37+0000 22.2
2016-07-06T03:21:52+0000 22.2
2016-07-06T03:37:06+0000 21.9
2016-07-06T03:52:21+0000 21.8
2016-07-06T04:07:36+0000 21.8
2016-07-06T04:22:50+0000 21.6
2016-07-06T04:38:05+0000 21.5
2016-07-06T04:53:20+0000 21.3
2016-07-06T05:08:34+0000 21.3
2016-07-06T05:23:49+0000 21.1
2016-07-06T05:39:04+0000 21.1
2016-07-06T05:54:18+0000 21.2
2016-07-06T06:09:33+0000 21.3
2016-07-06T06:24:48+0000 21.5
2016-07-06T06:40:02+0000 21.6
2016-07-06T06:55:17+0000 21.9
2016-07-06T07:10:32+0000 22.3
2016-07-06T07:25:46+0000 22.9
2016-07-06T07:41:01+0000 23.6
2016-07-06T07:56:15+0000 24.4
2016-07-06T08:11:30+0000 25.1
2016-07-06T08:26:44+0000 25.9
2016-07-06T08:41:59+0000 26.7
2016-07-06T08:57:13+0000 27.4
2016-07-06T09:12:28+0000 28.3
2016-07-06T09:27:42+0000 29.0
2016-07-06T09:42:56+0000 29.6
2016-07-06T09:58:11+0000 30.5
2016-07-06T10:13:25+0000 31.4
2016-07-06T10:28:39+0000 32.3
2016-07-06T10:43:53+0000 32.8
2016-07-06T10:59:07+0000 33.4
2016-07-06T11:14:21+0000 33.9
2016-07-06T11:29:35+0000 34.6
2016-07-06T11:44:49+0000 35.0
2016-07-06T12:00:02+0000 35.2
2016-07-06T12:15:16+0000 35.0
2016-07-06T12:30:30+0000 35.1
2016-07-06T12:45:43+0000 35.6
2016-07-06T13:00:57+0000 35.8
2016-07-06T13:16:11+0000 35.9
2016-07-06T13:31:24+0000 35.8
2016-07-06T13:46:38+0000 35.8
2016-07-06T14:01:52+0000 35.8
2016-07-06T14:17:05+0000 36.1
2016-07-06T14:32:19+0000 36.4
2016-07-06T14:47:32+0000 36.3
2016-07-06T15:02:46+0000 36.4
2016-07-06T15:18:00+0000 36.1
2016-07-06T15:33:13+0000 35.9
2016-07-06T15:48:27+0000 35.8
2016-07-06T16:03:41+0000 35.7
2016-07-06T16:18:54+0000 35.6
2016-07-06T16:34:08+0000 35.2
2016-07-06T16:49:22+0000 34.9
2016-07-06T17:04:35+0000 34.8
2016-07-06T17:19:49+0000 34.5
2016-07-06T17:35:03+0000 34.4
2016-07-06T17:50:17+0000 34.1
2016-07-06T18:05:30+0000 33.8
2016-07-06T18:20:44+0000 33.4
2016-07-06T18:35:58+0000 33.1
2016-07-06T18:51:12+0000 32.3
2016-07-06T19:06:26+0000 32.1
2016-07-06T19:21:40+0000 31.7
2016-07-06T19:36:54+0000 31.2
2016-07-06T19:52:08+0000 30.8
2016-07-06T20:07:22+0000 30.3
2016-07-06T20:22:36+0000 29.9
2016-07-06T20:37:50+0000 29.4
2016-07-06T20:53:04+0000 28.9
2016-07-06T21:08:18+0000 28.5
2016-07-06T21:23:32+0000 28.0
2016-07-06T21:38:46+0000 27.6
2016-07-06T21:54:01+0000 27.1
2016-07-06T22:09:15+0000 26.7
2016-07-06T22:24:29+0000 26.3
2016-07-06T22:39:44+0000 26.0
2016-07-06T22:54:58+0000 25.6
2016-07-06T23:10:12+0000 25.3
2016-07-06T23:25:27+0000 24.9
2016-07-06T23:40:41+0000 24.6
2016-07-06T23:55:56+0000 24.2
