2016-01-28T00:09:33+0000 13.9
2016-01-28T00:24:48+0000 13.8
2016-01-28T00:40:04+0000 13.8
2016-01-28T00:55:20+0000 13.5
2016-01-28T01:10:35+0000 13.6
2016-01-28T01:25:51+0000 13.6
2016-01-28T01:41:06+0000 13.6
2016-01-28T01:56:22+0000 13.5
2016-01-28T02:11:38+0000 13.7
2016-01-28T02:26:53+0000 13.6
2016-01-28T02:42:09+0000 13.6
2016-01-28T02:57:25+0000 13.7
2016-01-28T03:12:40+0000 13.7
2016-01-28T03:27:56+0000 13.8
2016-01-28T03:43:11+0000 13.8
2016-01-28T03:58:27+0000 13.9
2016-01-28T04:13:43+0000 13.8
2016-01-28T04:28:58+0000 13.8
2016-01-28T04:44:14+0000 14.1
2016-01-28T04:59:29+0000 13.8
2016-01-28T05:14:45+0000 14.0
2016-01-28T05:30:00+0000 14.0
2016-01-28T05:45:16+0000 13.9
2016-01-28T06:00:32+0000 13.9
2016-01-28T06:15:47+0000 13.8
2016-01-28T06:31:03+0000 13.8
2016-01-28T06:46:18+0000 13.9
2016-01-28T07:01:34+0000 13.8
2016-01-28T07:16:50+0000 13.8
2016-01-28T07:32:05+0000 13.7
2016-01-28T07:47:21+0000 13.7
2016-01-28T08:02:36+0000 13.8
2016-01-28T08:17:52+0000 13.6
2016-01-28T08:33:07+0000 13.6
2016-01-28T08:48:23+0000 13.7
2016-01-28T09:03:39+0000 13.6
2016-01-28T09:18:54+0000 13.5
2016-01-28T09:34:10+0000 13.2
2016-01-28T09:49:26+0000 13.2
2016-01-28T10:04:41+0000 13.2
2016-01-28T10:19:57+0000 13.3
2016-01-28T10:35:12+0000 13.3
2016-01-28T10:50:28+0000 13.2
2016-01-28T11:05:44+0000 13.2
2016-01-28T11:20:59+0000 13.2
2016-01-28T11:36:15+0000 13.1
2016-01-28T11:51:30+0000 13.0
2016-01-28T12:06:46+0000 12.9
2016-01-28T12:22:02+0000 13.0
2016-01-28T12:37:17+0000 13.1
2016-01-28T12:52:33+0000 13.3
2016-01-28T13:07:48+0000 13.4
2016-01-28T13:23:04+0000 13.4
2016-01-28T13:38:19+0000 13.4
2016-01-28T13:53:35+0000 13.5
2016-01-28T14:08:51+0000 13.4
2016-01-28T14:24:06+0000 13.7
2016-01-28T14:39:22+0000 13.6
2016-01-28T14:54:38+0000 13.5
2016-01-28T15:09:53+0000 13.5
2016-01-28T15:25:09+0000 13.6
2016-01-28T15:40:25+0000 13.4
2016-01-28T15:55:40+0000 13.4
2016-01-28T16:10:56+0000 13.3
2016-01-28T16:26:12+0000 13.1
2016-01-28T16:41:27+0000 13.0
2016-01-28T16:56:43+0000 12.8
2016-01-28T17:11:59+0000 12.7
2016-01-28T17:27:14+0000 12.6
2016-01-28T17:42:30+0000 12.6
2016-01-28T17:57:46+0000 12.5
2016-01-28T18:13:01+0000 12.4
2016-01-28T18:28:17+0000 12.3
2016-01-28T18:43:33+0000 12.2
2016-01-28T18:58:48+0000 12.2
2016-01-28T19:14:04+0000 12.1
2016-01-28T19:29:20+0000 12.1
2016-01-28T19:44:35+0000 12.0
2016-01-28T19:59:51+0000 11.9
2016-01-28T20:15:07+0000 11.8
2016-01-28T20:30:23+0000 11.9
2016-01-28T20:45:38+0000 11.8
2016-01-28T21:00:54+0000 11.8
2016-01-28T21:16:10+0000 11.7
2016-01-28T21:31:26+0000 11.7
2016-01-28T21:46:41+0000 11.7
2016-01-28T22:01:57+0000 11.6
2016-01-28T22:17:13+0000 11.7
2016-01-28T22:32:28+0000 11.4
2016-01-28T22:47:44+0000 11.5
2016-01-28T23:03:00+0000 11.4
2016-01-28T23:18:15+0000 11.3
2016-01-28T23:33:31+0000 11.4
2016-01-28T23:48:47+0000 11.4
