2016-04-14T00:07:18+0000 15.1
2016-04-14T00:22:33+0000 15.0
2016-04-14T00:37:49+0000 15.1
2016-04-14T00:53:04+0000 14.8
2016-04-14T01:08:19+0000 14.7
2016-04-14T01:23:34+0000 14.6
2016-04-14T01:38:49+0000 14.5
2016-04-14T01:54:04+0000 14.3
2016-04-14T02:09:20+0000 14.1
2016-04-14T02:24:35+0000 14.1
2016-04-14T02:39:50+0000 13.7
2016-04-14T02:55:06+0000 13.6
2016-04-14T03:10:21+0000 13.5
2016-04-14T03:25:36+0000 13.6
2016-04-14T03:40:51+0000 13.6
2016-04-14T03:56:07+0000 13.4
2016-04-14T04:11:22+0000 13.4
2016-04-14T04:26:37+0000 13.2
2016-04-14T04:41:53+0000 13.3
2016-04-14T04:57:08+0000 13.3
2016-04-14T05:12:23+0000 13.1
2016-04-14T05:27:39+0000 13.0
2016-04-14T05:42:54+0000 13.0
2016-04-14T05:58:09+0000 12.9
2016-04-14T06:13:25+0000 12.8
2016-04-14T06:28:40+0000 12.8
2016-04-14T06:43:55+0000 12.9
2016-04-14T06:59:11+0000 13.2
2016-04-14T07:14:26+0000 13.5
2016-04-14T07:29:42+0000 13.8
2016-04-14T07:44:57+0000 14.0
2016-04-14T08:00:12+0000 14.1
2016-04-14T08:15:27+0000 14.4
2016-04-14T08:30:43+0000 14.9
2016-04-14T08:45:58+0000 15.9
2016-04-14T09:01:13+0000 16.8
2016-04-14T09:16:28+0000 17.5
2016-04-14T09:31:44+0000 18.1
2016-04-14T09:46:59+0000 18.2
2016-04-14T10:02:14+0000 18.7
2016-04-14T10:17:29+0000 18.7
2016-04-14T10:32:44+0000 19.7
2016-04-14T10:47:59+0000 19.9
2016-04-14T11:03:14+0000 20.1
2016-04-14T11:18:29+0000 21.3
2016-04-14T11:33:44+0000 21.2
2016-04-14T11:48:59+0000 21.7
2016-04-14T12:04:14+0000 22.0
2016-04-14T12:19:29+0000 21.8
2016-04-14T12:34:44+0000 22.5
2016-04-14T12:49:58+0000 22.9
2016-04-14T13:05:13+0000 23.1
2016-04-14T13:20:28+0000 23.3
2016-04-14T13:35:43+0000 23.4
2016-04-14T13:50:57+0000 23.3
2016-04-14T14:06:12+0000 23.3
2016-04-14T14:21:27+0000 23.6
2016-04-14T14:36:42+0000 23.5
2016-04-14T14:51:56+0000 23.5
2016-04-14T15:07:11+0000 23.3
2016-04-14T15:22:26+0000 23.8
2016-04-14T15:37:41+0000 23.7
2016-04-14T15:52:55+0000 23.4
2016-04-14T16:08:10+0000 23.5
2016-04-14T16:23:25+0000 23.4
2016-04-14T16:38:40+0000 23.4
2016-04-14T16:53:54+0000 23.4
2016-04-14T17:09:09+0000 22.9
2016-04-14T17:24:24+0000 22.9
2016-04-14T17:39:39+0000 22.8
2016-04-14T17:54:53+0000 22.6
2016-04-14T18:10:08+0000 22.4
2016-04-14T18:25:23+0000 22.0
2016-04-14T18:40:38+0000 21.6
2016-04-14T18:55:53+0000 21.3
2016-04-14T19:11:07+0000 20.8
2016-04-14T19:26:22+0000 20.6
2016-04-14T19:41:37+0000 20.3
2016-04-14T19:56:52+0000 19.9
2016-04-14T20:12:07+0000 19.5
2016-04-14T20:27:22+0000 19.2
2016-04-14T20:42:37+0000 19.0
2016-04-14T20:57:52+0000 18.7
2016-04-14T21:13:07+0000 18.4
2016-04-14T21:28:22+0000 18.0
2016-04-14T21:43:37+0000 17.9
2016-04-14T21:58:52+0000 17.6
2016-04-14T22:14:07+0000 17.3
2016-04-14T22:29:22+0000 17.1
2016-04-14T22:44:37+0000 16.7
2016-04-14T22:59:52+0000 16.5
2016-04-14T23:15:07+0000 16.3
2016-04-14T23:30:22+0000 16.2
2016-04-14T23:45:37+0000 15.8
