2016-01-22T00:10:27+0000 3.8
2016-01-22T00:25:43+0000 3.8
2016-01-22T00:40:59+0000 3.7
2016-01-22T00:56:15+0000 3.6
2016-01-22T01:11:31+0000 3.7
2016-01-22T01:26:47+0000 3.5
2016-01-22T01:42:03+0000 3.4
2016-01-22T01:57:20+0000 3.3
2016-01-22T02:12:36+0000 3.1
2016-01-22T02:27:52+0000 3.2
2016-01-22T02:43:08+0000 3.0
2016-01-22T02:58:24+0000 2.9
2016-01-22T03:13:40+0000 2.9
2016-01-22T03:28:56+0000 2.9
2016-01-22T03:44:12+0000 2.8
2016-01-22T03:59:28+0000 2.8
2016-01-22T04:14:44+0000 2.6
2016-01-22T04:30:00+0000 2.6
2016-01-22T04:45:16+0000 2.3
2016-01-22T05:00:32+0000 2.4
2016-01-22T05:15:48+0000 2.1
2016-01-22T05:31:04+0000 2.1
2016-01-22T05:46:20+0000 1.8
2016-01-22T06:01:36+0000 1.8
2016-01-22T06:16:52+0000 1.7
2016-01-22T06:32:08+0000 1.7
2016-01-22T06:47:24+0000 1.5
2016-01-22T07:02:40+0000 1.4
2016-01-22T07:17:57+0000 1.4
2016-01-22T07:33:13+0000 1.8
2016-01-22T07:48:29+0000 1.4
2016-01-22T08:03:45+0000 1.6
2016-01-22T08:19:01+0000 1.8
2016-01-22T08:34:17+0000 1.6
2016-01-22T08:49:33+0000 1.8
2016-01-22T09:04:50+0000 2.0
2016-01-22T09:20:06+0000 2.0
2016-01-22T09:35:22+0000 2.2
2016-01-22T09:50:38+0000 2.2
2016-01-22T10:05:54+0000 2.4
2016-01-22T10:21:10+0000 2.7
2016-01-22T10:36:26+0000 2.8
2016-01-22T10:51:43+0000 3.0
2016-01-22T11:06:59+0000 3.4
2016-01-22T11:22:15+0000 4.0
2016-01-22T11:37:31+0000 4.5
2016-01-22T11:52:47+0000 4.9
2016-01-22T12:08:03+0000 5.3
2016-01-22T12:23:19+0000 5.9
2016-01-22T12:38:35+0000 5.8
2016-01-22T12:53:51+0000 6.1
2016-01-22T13:09:07+0000 6.5
2016-01-22T13:24:23+0000 6.7
2016-01-22T13:39:39+0000 7.1
2016-01-22T13:54:55+0000 7.2
2016-01-22T14:10:11+0000 7.5
2016-01-22T14:25:27+0000 7.5
2016-01-22T14:40:43+0000 7.5
2016-01-22T14:55:59+0000 7.3
2016-01-22T15:11:15+0000 7.4
2016-01-22T15:26:31+0000 7.2
2016-01-22T15:41:46+0000 7.2
2016-01-22T15:57:02+0000 7.3
2016-01-22T16:12:18+0000 7.2
2016-01-22T16:27:34+0000 6.9
2016-01-22T16:42:50+0000 6.7
2016-01-22T16:58:06+0000 6.5
2016-01-22T17:13:22+0000 6.2
2016-01-22T17:28:38+0000 6.0
2016-01-22T17:43:54+0000 5.9
2016-01-22T17:59:10+0000 5.9
2016-01-22T18:14:26+0000 5.8
2016-01-22T18:29:42+0000 5.6
2016-01-22T18:44:58+0000 5.5
2016-01-22T19:00:14+0000 5.4
2016-01-22T19:15:30+0000 5.2
2016-01-22T19:30:46+0000 5.1
2016-01-22T19:46:02+0000 5.1
2016-01-22T20:01:18+0000 5.1
2016-01-22T20:16:34+0000 5.0
2016-01-22T20:31:50+0000 4.9
2016-01-22T20:47:05+0000 4.8
2016-01-22T21:02:21+0000 4.8
2016-01-22T21:17:37+0000 4.7
2016-01-22T21:32:53+0000 4.6
2016-01-22T21:48:09+0000 4.5
2016-01-22T22:03:25+0000 4.5
2016-01-22T22:18:41+0000 4.5
2016-01-22T22:33:57+0000 4.5
2016-01-22T22:49:13+0000 4.8
2016-01-22T23:04:29+0000 4.7
2016-01-22T23:19:45+0000 4.9
2016-01-22T23:35:01+0000 5.0
2016-01-22T23:50:17+0000 5.2
