2016-05-21T00:04:24+0000 20.9
2016-05-21T00:19:38+0000 20.7
2016-05-21T00:34:53+0000 20.5
2016-05-21T00:50:07+0000 20.3
2016-05-21T01:05:22+0000 20.0
2016-05-21T01:20:37+0000 19.9
2016-05-21T01:35:51+0000 19.7
2016-05-21T01:51:06+0000 19.6
2016-05-21T02:06:20+0000 19.5
2016-05-21T02:21:35+0000 19.3
2016-05-21T02:36:50+0000 19.1
2016-05-21T02:52:04+0000 18.9
2016-05-21T03:07:19+0000 18.8
2016-05-21T03:22:34+0000 18.5
2016-05-21T03:37:48+0000 18.3
2016-05-21T03:53:03+0000 18.1
2016-05-21T04:08:18+0000 17.9
2016-05-21T04:23:33+0000 17.9
2016-05-21T04:38:47+0000 17.7
2016-05-21T04:54:02+0000 17.6
2016-05-21T05:09:17+0000 17.5
2016-05-21T05:24:32+0000 17.2
2016-05-21T05:39:46+0000 17.2
2016-05-21T05:55:01+0000 17.2
2016-05-21T06:10:16+0000 17.2
2016-05-21T06:25:31+0000 17.3
2016-05-21T06:40:46+0000 17.8
2016-05-21T06:56:00+0000 18.1
2016-05-21T07:11:15+0000 18.5
2016-05-21T07:26:30+0000 18.9
2016-05-21T07:41:45+0000 19.4
2016-05-21T07:56:59+0000 20.1
2016-05-21T08:12:14+0000 20.9
2016-05-21T08:27:29+0000 22.0
2016-05-21T08:42:43+0000 22.9
2016-05-21T08:57:58+0000 23.9
2016-05-21T09:13:13+0000 24.9
2016-05-21T09:28:27+0000 25.9
2016-05-21T09:43:42+0000 27.1
2016-05-21T09:58:56+0000 27.9
2016-05-21T10:14:10+0000 28.8
2016-05-21T10:29:25+0000 29.7
2016-05-21T10:44:39+0000 30.4
2016-05-21T10:59:53+0000 31.3
2016-05-21T11:15:07+0000 32.0
2016-05-21T11:30:21+0000 32.8
2016-05-21T11:45:35+0000 33.3
2016-05-21T12:00:49+0000 33.9
2016-05-21T12:16:02+0000 34.4
2016-05-21T12:31:16+0000 35.0
2016-05-21T12:46:30+0000 35.2
2016-05-21T13:01:44+0000 35.6
2016-05-21T13:16:57+0000 35.8
2016-05-21T13:32:11+0000 36.1
2016-05-21T13:47:24+0000 36.2
2016-05-21T14:02:38+0000 36.1
2016-05-21T14:17:51+0000 36.3
2016-05-21T14:33:05+0000 36.2
2016-05-21T14:48:18+0000 35.9
2016-05-21T15:03:32+0000 35.8
2016-05-21T15:18:45+0000 35.7
2016-05-21T15:33:59+0000 35.7
2016-05-21T15:49:12+0000 35.6
2016-05-21T16:04:26+0000 35.5
2016-05-21T16:19:39+0000 35.2
2016-05-21T16:34:53+0000 35.1
2016-05-21T16:50:06+0000 34.9
2016-05-21T17:05:20+0000 34.7
2016-05-21T17:20:34+0000 34.4
2016-05-21T17:35:47+0000 34.1
2016-05-21T17:51:01+0000 33.9
2016-05-21T18:06:15+0000 33.6
2016-05-21T18:21:29+0000 33.3
2016-05-21T18:36:42+0000 33.0
2016-05-21T18:51:56+0000 32.7
2016-05-21T19:07:10+0000 32.3
2016-05-21T19:22:24+0000 31.8
2016-05-21T19:37:37+0000 31.5
2016-05-21T19:52:51+0000 30.8
2016-05-21T20:08:05+0000 30.2
2016-05-21T20:23:19+0000 29.8
2016-05-21T20:38:33+0000 29.0
2016-05-21T20:53:47+0000 28.6
2016-05-21T21:09:01+0000 28.2
2016-05-21T21:24:15+0000 27.7
2016-05-21T21:39:30+0000 27.3
2016-05-21T21:54:44+0000 26.8
2016-05-21T22:09:58+0000 26.5
2016-05-21T22:25:12+0000 26.0
2016-05-21T22:40:27+0000 25.7
2016-05-21T22:55:41+0000 25.5
2016-05-21T23:10:55+0000 25.1
2016-05-21T23:26:10+0000 24.8
2016-05-21T23:41:24+0000 24.5
2016-05-21T23:56:38+0000 24.0
