2015-12-02T00:08:04+0000 18.0
2015-12-02T00:23:19+0000 18.0
2015-12-02T00:38:34+0000 18.0
2015-12-02T00:53:49+0000 17.9
2015-12-02T01:09:04+0000 17.9
2015-12-02T01:24:19+0000 17.9
2015-12-02T01:39:34+0000 17.9
2015-12-02T01:54:49+0000 17.9
2015-12-02T02:10:04+0000 18.0
2015-12-02T02:25:19+0000 18.0
2015-12-02T02:40:34+0000 17.9
2015-12-02T02:55:49+0000 17.8
2015-12-02T03:11:04+0000 17.9
2015-12-02T03:26:19+0000 17.9
2015-12-02T03:41:34+0000 17.9
2015-12-02T03:56:49+0000 17.9
2015-12-02T04:12:04+0000 17.8
2015-12-02T04:27:19+0000 17.9
2015-12-02T04:42:34+0000 17.8
2015-12-02T04:57:49+0000 17.8
2015-12-02T05:13:04+0000 17.8
2015-12-02T05:28:19+0000 17.8
2015-12-02T05:43:33+0000 17.8
2015-12-02T05:58:48+0000 17.8
2015-12-02T06:14:03+0000 17.7
2015-12-02T06:29:18+0000 17.7
2015-12-02T06:44:33+0000 17.5
2015-12-02T06:59:48+0000 20.9
2015-12-02T07:15:03+0000 22.6
2015-12-02T07:30:18+0000 23.5
2015-12-02T07:47:40+0000 24.3
2015-12-02T08:02:41+0000 23.3
2015-12-02T08:17:55+0000 20.2
2015-12-02T08:33:10+0000 19.6
2015-12-02T08:48:25+0000 19.4
2015-12-02T09:03:40+0000 19.2
2015-12-02T09:18:55+0000 18.9
2015-12-02T09:34:10+0000 18.8
2015-12-02T09:49:25+0000 18.7
2015-12-02T10:04:40+0000 18.7
2015-12-02T10:19:55+0000 18.6
2015-12-02T10:35:10+0000 18.5
2015-12-02T10:50:24+0000 18.6
2015-12-02T11:05:39+0000 18.5
2015-12-02T11:20:54+0000 18.5
2015-12-02T11:36:09+0000 18.5
2015-12-02T11:51:24+0000 18.4
2015-12-02T12:06:39+0000 18.5
2015-12-02T12:21:54+0000 18.4
2015-12-02T12:37:09+0000 18.4
2015-12-02T12:52:24+0000 18.4
2015-12-02T13:07:39+0000 18.4
2015-12-02T13:22:54+0000 18.3
2015-12-02T13:38:09+0000 18.3
2015-12-02T13:53:24+0000 18.3
2015-12-02T14:08:39+0000 18.2
2015-12-02T14:23:54+0000 18.2
2015-12-02T14:39:09+0000 18.2
2015-12-02T14:54:24+0000 18.3
2015-12-02T15:09:38+0000 18.2
2015-12-02T15:24:53+0000 18.9
2015-12-02T15:40:08+0000 18.4
2015-12-02T15:55:23+0000 18.8
2015-12-02T16:10:38+0000 19.5
2015-12-02T16:25:53+0000 19.5
2015-12-02T16:41:08+0000 19.0
2015-12-02T16:56:23+0000 18.9
2015-12-02T17:11:37+0000 18.7
2015-12-02T17:26:52+0000 18.6
2015-12-02T17:42:07+0000 18.5
2015-12-02T17:57:22+0000 18.5
2015-12-02T18:12:37+0000 18.4
2015-12-02T18:27:52+0000 18.5
2015-12-02T18:43:07+0000 18.4
2015-12-02T18:58:22+0000 19.5
2015-12-02T19:13:37+0000 23.6
2015-12-02T19:28:51+0000 25.8
2015-12-02T19:44:06+0000 26.4
2015-12-02T19:59:21+0000 22.4
2015-12-02T20:14:36+0000 21.4
2015-12-02T20:29:50+0000 20.4
2015-12-02T20:45:05+0000 19.9
2015-12-02T21:00:20+0000 19.6
2015-12-02T21:15:35+0000 19.4
2015-12-02T21:30:49+0000 19.2
2015-12-02T21:46:04+0000 19.1
2015-12-02T22:01:19+0000 18.9
2015-12-02T22:16:34+0000 18.9
2015-12-02T22:31:49+0000 18.9
2015-12-02T22:47:04+0000 18.8
2015-12-02T23:02:19+0000 18.7
2015-12-02T23:17:34+0000 18.5
2015-12-02T23:32:49+0000 18.5
2015-12-02T23:48:04+0000 18.4
