2016-09-07T00:13:35+0000 22.1
2016-09-07T00:28:50+0000 21.9
2016-09-07T00:44:05+0000 21.6
2016-09-07T00:59:20+0000 21.5
2016-09-07T01:14:35+0000 21.2
2016-09-07T01:29:50+0000 21.0
2016-09-07T01:45:05+0000 20.7
2016-09-07T02:00:20+0000 20.5
2016-09-07T02:15:35+0000 20.3
2016-09-07T02:30:50+0000 20.2
2016-09-07T02:46:05+0000 20.0
2016-09-07T03:01:20+0000 19.8
2016-09-07T03:16:35+0000 19.6
2016-09-07T03:31:50+0000 19.6
2016-09-07T03:47:05+0000 19.3
2016-09-07T04:02:20+0000 19.2
2016-09-07T04:17:35+0000 19.1
2016-09-07T04:32:50+0000 18.9
2016-09-07T04:48:05+0000 18.7
2016-09-07T05:03:20+0000 18.5
2016-09-07T05:18:35+0000 18.5
2016-09-07T05:33:51+0000 18.5
2016-09-07T05:49:06+0000 18.3
2016-09-07T06:04:21+0000 18.1
2016-09-07T06:19:36+0000 17.9
2016-09-07T06:34:51+0000 18.0
2016-09-07T06:50:06+0000 18.1
2016-09-07T07:05:21+0000 18.6
2016-09-07T07:20:37+0000 18.9
2016-09-07T07:35:52+0000 19.5
2016-09-07T07:51:07+0000 20.1
2016-09-07T08:06:22+0000 20.9
2016-09-07T08:21:37+0000 21.5
2016-09-07T08:36:52+0000 22.2
2016-09-07T08:52:07+0000 22.9
2016-09-07T09:07:22+0000 23.5
2016-09-07T09:22:37+0000 24.3
2016-09-07T09:37:52+0000 25.0
2016-09-07T09:53:06+0000 25.7
2016-09-07T10:08:21+0000 26.5
2016-09-07T10:23:36+0000 27.1
2016-09-07T10:38:51+0000 27.9
2016-09-07T10:54:05+0000 28.6
2016-09-07T11:09:20+0000 29.1
2016-09-07T11:24:35+0000 29.2
2016-09-07T11:39:49+0000 29.8
2016-09-07T11:55:04+0000 30.1
2016-09-07T12:10:18+0000 30.4
2016-09-07T12:25:33+0000 30.8
2016-09-07T12:40:47+0000 30.9
2016-09-07T12:56:02+0000 31.1
2016-09-07T13:11:16+0000 31.5
2016-09-07T13:26:30+0000 31.7
2016-09-07T13:41:45+0000 32.0
2016-09-07T13:56:59+0000 32.1
2016-09-07T14:12:13+0000 32.0
2016-09-07T14:27:28+0000 31.9
2016-09-07T14:42:42+0000 31.9
2016-09-07T14:57:56+0000 31.7
2016-09-07T15:13:11+0000 32.0
2016-09-07T15:28:25+0000 31.7
2016-09-07T15:43:39+0000 31.7
2016-09-07T15:58:53+0000 31.4
2016-09-07T16:14:08+0000 31.1
2016-09-07T16:29:22+0000 30.9
2016-09-07T16:44:36+0000 31.0
2016-09-07T16:59:51+0000 30.8
2016-09-07T17:15:05+0000 30.6
2016-09-07T17:30:20+0000 30.5
2016-09-07T17:45:34+0000 30.3
2016-09-07T18:00:48+0000 30.1
2016-09-07T18:16:03+0000 29.7
2016-09-07T18:31:17+0000 29.4
2016-09-07T18:46:32+0000 29.0
2016-09-07T19:01:46+0000 28.6
2016-09-07T19:17:00+0000 28.1
2016-09-07T19:32:15+0000 27.6
2016-09-07T19:47:29+0000 27.2
2016-09-07T20:02:44+0000 26.9
2016-09-07T20:17:59+0000 26.5
2016-09-07T20:33:13+0000 26.2
2016-09-07T20:48:28+0000 25.9
2016-09-07T21:03:43+0000 25.5
2016-09-07T21:18:57+0000 25.3
2016-09-07T21:34:12+0000 24.9
2016-09-07T21:49:26+0000 24.6
2016-09-07T22:04:41+0000 24.3
2016-09-07T22:19:56+0000 24.0
2016-09-07T22:35:11+0000 23.7
2016-09-07T22:50:25+0000 23.5
2016-09-07T23:05:40+0000 23.2
2016-09-07T23:20:55+0000 23.1
2016-09-07T23:36:10+0000 22.8
2016-09-07T23:51:25+0000 22.5
