2016-01-19T00:09:50+0000 1.5
2016-01-19T00:25:06+0000 1.3
2016-01-19T00:40:22+0000 1.3
2016-01-19T00:55:38+0000 1.3
2016-01-19T01:10:54+0000 1.3
2016-01-19T01:26:10+0000 1.4
2016-01-19T01:41:26+0000 1.4
2016-01-19T01:56:42+0000 1.3
2016-01-19T02:11:58+0000 1.3
2016-01-19T02:27:14+0000 1.3
2016-01-19T02:42:31+0000 1.3
2016-01-19T02:57:47+0000 1.1
2016-01-19T03:13:03+0000 1.2
2016-01-19T03:28:19+0000 1.1
2016-01-19T03:43:35+0000 0.9
2016-01-19T03:58:51+0000 0.8
2016-01-19T04:14:07+0000 0.7
2016-01-19T04:29:23+0000 0.7
2016-01-19T04:44:39+0000 0.5
2016-01-19T04:59:55+0000 0.3
2016-01-19T05:15:11+0000 0.4
2016-01-19T05:30:27+0000 0.3
2016-01-19T05:45:43+0000 0.3
2016-01-19T06:00:59+0000 0.4
2016-01-19T06:16:16+0000 0.6
2016-01-19T06:31:32+0000 0.7
2016-01-19T06:46:48+0000 1.0
2016-01-19T07:02:04+0000 1.0
2016-01-19T07:17:20+0000 1.2
2016-01-19T07:32:36+0000 1.3
2016-01-19T07:47:52+0000 1.1
2016-01-19T08:03:08+0000 1.3
2016-01-19T08:18:24+0000 1.4
2016-01-19T08:33:40+0000 1.3
2016-01-19T08:48:57+0000 1.4
2016-01-19T09:04:13+0000 1.6
2016-01-19T09:19:29+0000 1.9
2016-01-19T09:34:45+0000 2.0
2016-01-19T09:50:01+0000 2.1
2016-01-19T10:05:17+0000 2.1
2016-01-19T10:20:34+0000 2.3
2016-01-19T10:35:50+0000 2.4
2016-01-19T10:51:06+0000 2.6
2016-01-19T11:06:22+0000 2.5
2016-01-19T11:21:38+0000 3.0
2016-01-19T11:36:54+0000 3.3
2016-01-19T11:52:10+0000 3.7
2016-01-19T12:07:27+0000 3.8
2016-01-19T12:22:43+0000 4.1
2016-01-19T12:38:00+0000 4.5
2016-01-19T12:53:16+0000 4.5
2016-01-19T13:08:32+0000 4.8
2016-01-19T13:23:48+0000 5.2
2016-01-19T13:39:04+0000 5.1
2016-01-19T13:54:20+0000 5.3
2016-01-19T14:09:36+0000 5.3
2016-01-19T14:24:51+0000 5.6
2016-01-19T14:40:07+0000 5.9
2016-01-19T14:55:23+0000 5.7
2016-01-19T15:10:39+0000 5.6
2016-01-19T15:25:55+0000 5.5
2016-01-19T15:41:11+0000 5.7
2016-01-19T15:56:27+0000 5.7
2016-01-19T16:11:43+0000 5.5
2016-01-19T16:26:59+0000 5.6
2016-01-19T16:42:15+0000 5.5
2016-01-19T16:57:31+0000 5.3
2016-01-19T17:12:47+0000 5.0
2016-01-19T17:28:03+0000 5.1
2016-01-19T17:43:19+0000 4.8
2016-01-19T17:58:35+0000 4.8
2016-01-19T18:13:51+0000 4.8
2016-01-19T18:29:07+0000 4.7
2016-01-19T18:44:23+0000 4.6
2016-01-19T18:59:39+0000 4.6
2016-01-19T19:14:55+0000 4.5
2016-01-19T19:30:11+0000 4.4
2016-01-19T19:45:27+0000 4.4
2016-01-19T20:00:43+0000 4.3
2016-01-19T20:15:59+0000 4.1
2016-01-19T20:31:15+0000 4.3
2016-01-19T20:46:31+0000 4.3
2016-01-19T21:01:47+0000 4.4
2016-01-19T21:17:03+0000 4.1
2016-01-19T21:32:19+0000 4.0
2016-01-19T21:47:35+0000 3.7
2016-01-19T22:02:51+0000 3.4
2016-01-19T22:18:07+0000 3.3
2016-01-19T22:33:23+0000 3.3
2016-01-19T22:48:39+0000 3.0
2016-01-19T23:03:55+0000 2.8
2016-01-19T23:19:11+0000 2.7
2016-01-19T23:34:27+0000 2.6
2016-01-19T23:49:43+0000 2.3
