2016-01-21T00:00:06+0000 5.0
2016-01-21T00:15:22+0000 4.7
2016-01-21T00:30:38+0000 4.8
2016-01-21T00:45:54+0000 4.8
2016-01-21T01:01:10+0000 4.8
2016-01-21T01:16:26+0000 4.8
2016-01-21T01:31:42+0000 4.8
2016-01-21T01:46:59+0000 4.9
2016-01-21T02:02:15+0000 4.9
2016-01-21T02:17:31+0000 4.7
2016-01-21T02:32:47+0000 4.5
2016-01-21T02:48:03+0000 4.8
2016-01-21T03:03:19+0000 4.4
2016-01-21T03:18:35+0000 4.5
2016-01-21T03:33:51+0000 4.5
2016-01-21T03:49:07+0000 4.5
2016-01-21T04:04:23+0000 4.5
2016-01-21T04:19:39+0000 4.5
2016-01-21T04:34:55+0000 4.4
2016-01-21T04:50:11+0000 4.5
2016-01-21T05:05:27+0000 4.4
2016-01-21T05:20:43+0000 4.4
2016-01-21T05:35:59+0000 4.5
2016-01-21T05:51:15+0000 4.7
2016-01-21T06:06:31+0000 4.6
2016-01-21T06:21:47+0000 4.5
2016-01-21T06:37:04+0000 4.6
2016-01-21T06:52:20+0000 4.5
2016-01-21T07:07:36+0000 4.8
2016-01-21T07:22:52+0000 4.5
2016-01-21T07:38:08+0000 4.5
2016-01-21T07:53:24+0000 4.7
2016-01-21T08:08:40+0000 4.7
2016-01-21T08:23:56+0000 4.8
2016-01-21T08:39:12+0000 4.7
2016-01-21T08:54:28+0000 4.9
2016-01-21T09:09:44+0000 5.0
2016-01-21T09:25:01+0000 4.9
2016-01-21T09:40:17+0000 5.0
2016-01-21T09:55:33+0000 5.0
2016-01-21T10:10:49+0000 5.2
2016-01-21T10:26:05+0000 5.3
2016-01-21T10:41:21+0000 5.7
2016-01-21T10:56:37+0000 5.9
2016-01-21T11:11:53+0000 6.1
2016-01-21T11:27:09+0000 6.2
2016-01-21T11:42:25+0000 6.6
2016-01-21T11:57:42+0000 6.7
2016-01-21T12:12:58+0000 7.1
2016-01-21T12:28:14+0000 7.5
2016-01-21T12:43:30+0000 7.9
2016-01-21T12:58:45+0000 8.3
2016-01-21T13:14:01+0000 8.6
2016-01-21T13:29:17+0000 8.8
2016-01-21T13:44:33+0000 8.9
2016-01-21T13:59:49+0000 8.9
2016-01-21T14:15:05+0000 8.8
2016-01-21T14:30:21+0000 8.8
2016-01-21T14:45:37+0000 8.8
2016-01-21T15:00:52+0000 8.6
2016-01-21T15:16:08+0000 8.6
2016-01-21T15:31:24+0000 8.4
2016-01-21T15:46:40+0000 8.2
2016-01-21T16:01:56+0000 8.1
2016-01-21T16:17:12+0000 7.9
2016-01-21T16:32:28+0000 7.7
2016-01-21T16:47:44+0000 7.5
2016-01-21T17:02:59+0000 7.2
2016-01-21T17:18:15+0000 7.2
2016-01-21T17:33:31+0000 7.0
2016-01-21T17:48:47+0000 6.7
2016-01-21T18:04:03+0000 6.5
2016-01-21T18:19:19+0000 6.4
2016-01-21T18:34:35+0000 6.4
2016-01-21T18:49:51+0000 6.1
2016-01-21T19:05:07+0000 6.1
2016-01-21T19:20:23+0000 5.9
2016-01-21T19:35:39+0000 5.8
2016-01-21T19:50:55+0000 5.6
2016-01-21T20:06:11+0000 5.4
2016-01-21T20:21:27+0000 5.2
2016-01-21T20:36:43+0000 5.2
2016-01-21T20:51:59+0000 5.0
2016-01-21T21:07:15+0000 4.8
2016-01-21T21:22:31+0000 4.8
2016-01-21T21:37:47+0000 4.6
2016-01-21T21:53:03+0000 4.5
2016-01-21T22:08:19+0000 4.3
2016-01-21T22:23:35+0000 4.3
2016-01-21T22:38:51+0000 4.3
2016-01-21T22:54:07+0000 4.2
2016-01-21T23:09:23+0000 4.2
2016-01-21T23:24:39+0000 4.0
2016-01-21T23:39:55+0000 3.9
2016-01-21T23:55:11+0000 3.9
