2016-03-12T00:05:38+0000 10.0
2016-03-12T00:20:53+0000 9.8
2016-03-12T00:36:09+0000 9.6
2016-03-12T00:51:25+0000 9.3
2016-03-12T01:06:40+0000 9.1
2016-03-12T01:21:56+0000 9.0
2016-03-12T01:37:12+0000 8.8
2016-03-12T01:52:28+0000 8.6
2016-03-12T02:07:44+0000 8.5
2016-03-12T02:22:59+0000 8.2
2016-03-12T02:38:15+0000 8.0
2016-03-12T02:53:31+0000 7.9
2016-03-12T03:08:47+0000 7.6
2016-03-12T03:24:02+0000 7.5
2016-03-12T03:39:18+0000 7.5
2016-03-12T03:54:34+0000 7.2
2016-03-12T04:09:50+0000 7.2
2016-03-12T04:25:06+0000 7.0
2016-03-12T04:40:21+0000 6.8
2016-03-12T04:55:37+0000 6.6
2016-03-12T05:10:53+0000 6.5
2016-03-12T05:26:09+0000 6.5
2016-03-12T05:41:25+0000 6.3
2016-03-12T05:56:40+0000 6.2
2016-03-12T06:11:56+0000 6.1
2016-03-12T06:27:12+0000 6.0
2016-03-12T06:42:28+0000 5.9
2016-03-12T06:57:44+0000 6.1
2016-03-12T07:13:00+0000 6.1
2016-03-12T07:28:16+0000 6.1
2016-03-12T07:43:31+0000 6.3
2016-03-12T07:58:47+0000 6.5
2016-03-12T08:14:03+0000 6.5
2016-03-12T08:29:19+0000 6.8
2016-03-12T08:44:35+0000 7.1
2016-03-12T08:59:50+0000 7.4
2016-03-12T09:15:06+0000 8.0
2016-03-12T09:30:22+0000 8.1
2016-03-12T09:45:38+0000 9.0
2016-03-12T10:00:54+0000 9.3
2016-03-12T10:16:10+0000 10.1
2016-03-12T10:31:25+0000 10.7
2016-03-12T10:46:41+0000 11.5
2016-03-12T11:01:57+0000 12.2
2016-03-12T11:17:12+0000 12.7
2016-03-12T11:32:28+0000 13.2
2016-03-12T11:47:44+0000 13.7
2016-03-12T12:02:59+0000 14.3
2016-03-12T12:18:15+0000 15.0
2016-03-12T12:33:30+0000 15.4
2016-03-12T12:48:46+0000 15.5
2016-03-12T13:04:01+0000 15.9
2016-03-12T13:19:17+0000 16.2
2016-03-12T13:34:32+0000 16.7
2016-03-12T13:49:47+0000 16.8
2016-03-12T14:05:03+0000 16.7
2016-03-12T14:20:18+0000 16.5
2016-03-12T14:35:34+0000 16.4
2016-03-12T14:50:49+0000 16.3
2016-03-12T15:06:04+0000 16.2
2016-03-12T15:21:20+0000 16.2
2016-03-12T15:36:35+0000 16.1
2016-03-12T15:51:50+0000 16.0
2016-03-12T16:07:06+0000 15.8
2016-03-12T16:22:21+0000 15.8
2016-03-12T16:37:36+0000 15.7
2016-03-12T16:52:52+0000 15.4
2016-03-12T17:08:07+0000 15.2
2016-03-12T17:23:23+0000 15.0
2016-03-12T17:38:38+0000 14.6
2016-03-12T17:53:54+0000 14.5
2016-03-12T18:09:09+0000 14.3
2016-03-12T18:24:24+0000 14.0
2016-03-12T18:39:40+0000 13.8
2016-03-12T18:54:56+0000 13.6
2016-03-12T19:10:11+0000 13.6
2016-03-12T19:25:27+0000 13.4
2016-03-12T19:40:42+0000 13.1
2016-03-12T19:55:58+0000 12.8
2016-03-12T20:11:13+0000 12.4
2016-03-12T20:26:29+0000 12.3
2016-03-12T20:41:44+0000 11.9
2016-03-12T20:57:00+0000 11.7
2016-03-12T21:12:15+0000 11.5
2016-03-12T21:27:31+0000 11.2
2016-03-12T21:42:47+0000 11.0
2016-03-12T21:58:02+0000 10.8
2016-03-12T22:13:18+0000 10.5
2016-03-12T22:28:33+0000 10.3
2016-03-12T22:43:49+0000 10.1
2016-03-12T22:59:05+0000 10.0
2016-03-12T23:14:20+0000 9.9
2016-03-12T23:29:36+0000 9.8
2016-03-12T23:44:52+0000 9.7
