2016-05-27T00:06:54+0000 24.8
2016-05-27T00:22:09+0000 24.6
2016-05-27T00:37:23+0000 24.4
2016-05-27T00:52:37+0000 24.3
2016-05-27T01:07:52+0000 24.1
2016-05-27T01:23:06+0000 23.9
2016-05-27T01:38:21+0000 23.6
2016-05-27T01:53:35+0000 23.5
2016-05-27T02:08:50+0000 23.3
2016-05-27T02:24:04+0000 23.2
2016-05-27T02:39:19+0000 23.0
2016-05-27T02:54:33+0000 22.8
2016-05-27T03:09:48+0000 22.7
2016-05-27T03:25:02+0000 22.6
2016-05-27T03:40:17+0000 22.3
2016-05-27T03:55:31+0000 22.2
2016-05-27T04:10:46+0000 22.2
2016-05-27T04:26:00+0000 21.9
2016-05-27T04:41:15+0000 21.8
2016-05-27T04:56:29+0000 21.7
2016-05-27T05:11:44+0000 21.6
2016-05-27T05:26:58+0000 21.5
2016-05-27T05:42:13+0000 21.4
2016-05-27T05:57:28+0000 21.5
2016-05-27T06:12:42+0000 21.4
2016-05-27T06:27:57+0000 21.4
2016-05-27T06:43:11+0000 21.5
2016-05-27T06:58:26+0000 21.8
2016-05-27T07:13:40+0000 21.8
2016-05-27T07:28:55+0000 21.9
2016-05-27T07:44:09+0000 22.0
2016-05-27T07:59:24+0000 22.3
2016-05-27T08:14:38+0000 22.7
2016-05-27T08:29:53+0000 23.3
2016-05-27T08:45:07+0000 24.1
2016-05-27T09:00:22+0000 24.5
2016-05-27T09:15:36+0000 24.8
2016-05-27T09:30:50+0000 25.3
2016-05-27T09:46:05+0000 25.9
2016-05-27T10:01:19+0000 26.5
2016-05-27T10:16:33+0000 27.1
2016-05-27T10:31:48+0000 27.5
2016-05-27T10:47:02+0000 28.6
2016-05-27T11:02:16+0000 29.7
2016-05-27T11:17:30+0000 30.8
2016-05-27T11:32:44+0000 31.7
2016-05-27T11:47:58+0000 32.4
2016-05-27T12:03:12+0000 33.3
2016-05-27T12:18:26+0000 33.6
2016-05-27T12:33:40+0000 33.7
2016-05-27T12:48:53+0000 33.6
2016-05-27T13:04:07+0000 34.2
2016-05-27T13:19:21+0000 34.9
2016-05-27T13:34:34+0000 35.5
2016-05-27T13:49:48+0000 35.9
2016-05-27T14:05:01+0000 36.3
2016-05-27T14:20:15+0000 36.6
2016-05-27T14:35:28+0000 36.7
2016-05-27T14:50:42+0000 36.7
2016-05-27T15:05:55+0000 36.8
2016-05-27T15:21:09+0000 36.8
2016-05-27T15:36:22+0000 36.8
2016-05-27T15:51:35+0000 36.9
2016-05-27T16:06:49+0000 36.4
2016-05-27T16:22:02+0000 36.1
2016-05-27T16:37:16+0000 35.8
2016-05-27T16:52:29+0000 35.6
2016-05-27T17:07:43+0000 35.2
2016-05-27T17:22:56+0000 35.1
2016-05-27T17:38:10+0000 34.7
2016-05-27T17:53:23+0000 34.4
2016-05-27T18:08:37+0000 34.2
2016-05-27T18:23:50+0000 33.9
2016-05-27T18:39:04+0000 33.7
2016-05-27T18:54:17+0000 33.4
2016-05-27T19:09:31+0000 33.3
2016-05-27T19:24:45+0000 32.9
2016-05-27T19:39:58+0000 32.5
2016-05-27T19:55:12+0000 32.1
2016-05-27T20:10:26+0000 31.5
2016-05-27T20:25:39+0000 31.0
2016-05-27T20:40:53+0000 30.4
2016-05-27T20:56:07+0000 29.9
2016-05-27T21:11:21+0000 29.4
2016-05-27T21:26:35+0000 29.2
2016-05-27T21:41:49+0000 28.7
2016-05-27T21:57:03+0000 28.5
2016-05-27T22:12:17+0000 28.1
2016-05-27T22:27:31+0000 27.8
2016-05-27T22:42:45+0000 27.5
2016-05-27T22:57:59+0000 27.1
2016-05-27T23:13:13+0000 26.6
2016-05-27T23:28:27+0000 26.4
2016-05-27T23:43:41+0000 26.1
2016-05-27T23:58:55+0000 25.8
