2016-08-29T00:02:22+0000 27.8
2016-08-29T00:17:36+0000 27.7
2016-08-29T00:32:50+0000 27.6
2016-08-29T00:48:05+0000 27.4
2016-08-29T01:03:19+0000 27.2
2016-08-29T01:18:33+0000 27.0
2016-08-29T01:33:47+0000 26.8
2016-08-29T01:49:02+0000 26.7
2016-08-29T02:04:16+0000 26.4
2016-08-29T02:19:30+0000 26.4
2016-08-29T02:34:45+0000 26.3
2016-08-29T02:49:59+0000 25.9
2016-08-29T03:05:13+0000 26.0
2016-08-29T03:20:28+0000 25.9
2016-08-29T03:35:42+0000 25.8
2016-08-29T03:50:56+0000 25.4
2016-08-29T04:06:11+0000 25.2
2016-08-29T04:21:25+0000 25.2
2016-08-29T04:36:40+0000 25.1
2016-08-29T04:51:54+0000 25.0
2016-08-29T05:07:09+0000 24.9
2016-08-29T05:22:23+0000 24.7
2016-08-29T05:37:38+0000 24.8
2016-08-29T05:52:52+0000 24.6
2016-08-29T06:08:07+0000 24.6
2016-08-29T06:23:21+0000 24.5
2016-08-29T06:38:36+0000 24.6
2016-08-29T06:53:50+0000 24.8
2016-08-29T07:09:05+0000 25.2
2016-08-29T07:24:20+0000 25.2
2016-08-29T07:39:34+0000 25.4
2016-08-29T07:54:49+0000 25.4
2016-08-29T08:10:03+0000 25.3
2016-08-29T08:25:18+0000 25.9
2016-08-29T08:40:32+0000 26.2
2016-08-29T08:55:47+0000 26.3
2016-08-29T09:11:01+0000 26.7
2016-08-29T09:26:15+0000 27.6
2016-08-29T09:41:30+0000 27.7
2016-08-29T09:56:44+0000 27.9
2016-08-29T10:11:58+0000 28.5
2016-08-29T10:27:13+0000 29.2
2016-08-29T10:42:27+0000 29.9
2016-08-29T10:57:41+0000 30.8
2016-08-29T11:12:56+0000 31.8
2016-08-29T11:28:10+0000 32.4
2016-08-29T11:43:24+0000 33.1
2016-08-29T11:58:38+0000 33.5
2016-08-29T12:13:52+0000 34.1
2016-08-29T12:29:06+0000 34.6
2016-08-29T12:44:20+0000 35.3
2016-08-29T12:59:34+0000 35.0
2016-08-29T13:14:48+0000 35.1
2016-08-29T13:30:01+0000 34.7
2016-08-29T13:45:15+0000 34.9
2016-08-29T14:00:29+0000 34.7
2016-08-29T14:15:43+0000 35.1
2016-08-29T14:30:57+0000 35.1
2016-08-29T14:46:10+0000 35.2
2016-08-29T15:01:24+0000 35.0
2016-08-29T15:16:38+0000 34.9
2016-08-29T15:31:52+0000 34.6
2016-08-29T15:47:06+0000 34.3
2016-08-29T16:02:20+0000 33.9
2016-08-29T16:17:33+0000 33.8
2016-08-29T16:32:47+0000 33.7
2016-08-29T16:48:01+0000 33.5
2016-08-29T17:03:15+0000 33.3
2016-08-29T17:18:29+0000 33.2
2016-08-29T17:33:43+0000 32.9
2016-08-29T17:48:57+0000 32.6
2016-08-29T18:04:11+0000 32.3
2016-08-29T18:19:25+0000 31.8
2016-08-29T18:34:39+0000 31.3
2016-08-29T18:49:53+0000 31.0
2016-08-29T19:05:07+0000 30.6
2016-08-29T19:20:21+0000 30.2
2016-08-29T19:35:36+0000 29.9
2016-08-29T19:50:50+0000 29.7
2016-08-29T20:06:04+0000 29.4
2016-08-29T20:21:18+0000 29.0
2016-08-29T20:36:33+0000 28.8
2016-08-29T20:51:47+0000 28.6
2016-08-29T21:07:01+0000 28.4
2016-08-29T21:22:15+0000 28.2
2016-08-29T21:37:30+0000 28.0
2016-08-29T21:52:44+0000 27.7
2016-08-29T22:07:58+0000 27.6
2016-08-29T22:23:13+0000 27.3
2016-08-29T22:38:27+0000 27.1
2016-08-29T22:53:42+0000 26.8
2016-08-29T23:08:56+0000 26.6
2016-08-29T23:24:10+0000 26.5
2016-08-29T23:39:25+0000 26.3
2016-08-29T23:54:39+0000 26.0
