2016-09-19T00:04:26+0000 17.8
2016-09-19T00:19:42+0000 17.8
2016-09-19T00:34:57+0000 17.7
2016-09-19T00:50:12+0000 17.7
2016-09-19T01:05:28+0000 17.7
2016-09-19T01:20:43+0000 17.7
2016-09-19T01:35:58+0000 17.6
2016-09-19T01:51:14+0000 17.7
2016-09-19T02:06:29+0000 17.6
2016-09-19T02:21:44+0000 17.6
2016-09-19T02:37:00+0000 17.5
2016-09-19T02:52:15+0000 17.5
2016-09-19T03:07:30+0000 17.6
2016-09-19T03:22:46+0000 17.5
2016-09-19T03:38:01+0000 17.5
2016-09-19T03:53:16+0000 17.4
2016-09-19T04:08:32+0000 17.5
2016-09-19T04:23:47+0000 17.4
2016-09-19T04:39:02+0000 17.3
2016-09-19T04:54:18+0000 17.4
2016-09-19T05:09:33+0000 17.3
2016-09-19T05:24:48+0000 17.2
2016-09-19T05:40:04+0000 17.1
2016-09-19T05:55:19+0000 17.1
2016-09-19T06:10:35+0000 17.0
2016-09-19T06:25:50+0000 17.0
2016-09-19T06:41:05+0000 16.9
2016-09-19T06:56:21+0000 17.0
2016-09-19T07:11:36+0000 17.0
2016-09-19T07:26:51+0000 16.9
2016-09-19T07:42:07+0000 17.0
2016-09-19T07:57:22+0000 17.5
2016-09-19T08:12:38+0000 17.9
2016-09-19T08:27:53+0000 18.3
2016-09-19T08:43:08+0000 18.8
2016-09-19T08:58:24+0000 19.5
2016-09-19T09:13:39+0000 20.1
2016-09-19T09:28:54+0000 20.7
2016-09-19T09:44:10+0000 21.5
2016-09-19T09:59:25+0000 21.7
2016-09-19T10:14:40+0000 22.1
2016-09-19T10:29:55+0000 22.7
2016-09-19T10:45:10+0000 23.8
2016-09-19T11:00:25+0000 24.5
2016-09-19T11:15:40+0000 25.3
2016-09-19T11:30:55+0000 25.5
2016-09-19T11:46:10+0000 25.2
2016-09-19T12:01:25+0000 25.1
2016-09-19T12:16:40+0000 25.0
2016-09-19T12:31:55+0000 25.1
2016-09-19T12:47:10+0000 24.9
2016-09-19T13:02:25+0000 24.7
2016-09-19T13:17:40+0000 24.4
2016-09-19T13:32:55+0000 24.2
2016-09-19T13:48:10+0000 24.1
2016-09-19T14:03:25+0000 24.0
2016-09-19T14:18:40+0000 24.1
2016-09-19T14:33:54+0000 24.1
2016-09-19T14:49:09+0000 24.3
2016-09-19T15:04:24+0000 24.3
2016-09-19T15:19:39+0000 24.2
2016-09-19T15:34:54+0000 24.1
2016-09-19T15:50:09+0000 23.9
2016-09-19T16:05:24+0000 23.8
2016-09-19T16:20:39+0000 23.7
2016-09-19T16:35:54+0000 23.6
2016-09-19T16:51:09+0000 23.5
2016-09-19T17:06:24+0000 23.3
2016-09-19T17:21:39+0000 23.2
2016-09-19T17:36:54+0000 23.0
2016-09-19T17:52:09+0000 22.8
2016-09-19T18:07:24+0000 22.6
2016-09-19T18:22:39+0000 22.5
2016-09-19T18:37:54+0000 22.2
2016-09-19T18:53:08+0000 21.9
2016-09-19T19:08:23+0000 21.6
2016-09-19T19:23:39+0000 21.3
2016-09-19T19:38:54+0000 21.1
2016-09-19T19:54:09+0000 20.9
2016-09-19T20:09:24+0000 20.7
2016-09-19T20:24:39+0000 20.5
2016-09-19T20:39:54+0000 20.3
2016-09-19T20:55:09+0000 20.1
2016-09-19T21:10:24+0000 20.1
2016-09-19T21:25:39+0000 19.9
2016-09-19T21:40:54+0000 19.7
2016-09-19T21:56:10+0000 19.3
2016-09-19T22:11:25+0000 19.1
2016-09-19T22:26:40+0000 19.0
2016-09-19T22:41:55+0000 18.8
2016-09-19T22:57:11+0000 18.7
2016-09-19T23:12:26+0000 18.5
2016-09-19T23:27:41+0000 18.4
2016-09-19T23:42:56+0000 18.3
2016-09-19T23:58:11+0000 18.2
