2015-11-24T00:12:56+0000 18.5
2015-11-24T00:27:57+0000 18.5
2015-11-24T00:42:57+0000 18.0
2015-11-24T00:57:57+0000 18.5
2015-11-24T01:12:57+0000 18.5
2015-11-24T01:27:57+0000 18.0
2015-11-24T01:42:58+0000 18.5
2015-11-24T01:57:58+0000 18.5
2015-11-24T02:12:58+0000 18.0
2015-11-24T02:27:58+0000 18.5
2015-11-24T02:42:58+0000 18.0
2015-11-24T02:57:58+0000 18.0
2015-11-24T03:12:59+0000 18.5
2015-11-24T03:27:59+0000 18.0
2015-11-24T03:42:59+0000 18.5
2015-11-24T03:57:59+0000 18.0
2015-11-24T04:12:59+0000 18.0
2015-11-24T04:28:00+0000 18.0
2015-11-24T04:43:00+0000 18.0
2015-11-24T04:58:00+0000 18.0
2015-11-24T05:13:00+0000 18.0
2015-11-24T05:28:00+0000 18.0
2015-11-24T05:43:01+0000 18.0
2015-11-24T05:58:01+0000 18.0
2015-11-24T06:13:01+0000 18.0
2015-11-24T06:28:01+0000 18.0
2015-11-24T06:43:01+0000 18.0
2015-11-24T06:58:02+0000 18.0
2015-11-24T07:13:02+0000 18.0
2015-11-24T07:28:02+0000 18.0
2015-11-24T07:43:02+0000 17.5
2015-11-24T07:58:02+0000 18.0
2015-11-24T08:13:02+0000 18.0
2015-11-24T08:28:03+0000 18.0
2015-11-24T08:43:03+0000 18.0
2015-11-24T08:58:03+0000 18.0
2015-11-24T09:13:03+0000 18.0
2015-11-24T09:28:03+0000 18.0
2015-11-24T09:43:04+0000 17.5
2015-11-24T09:58:04+0000 18.0
2015-11-24T10:13:04+0000 18.0
2015-11-24T10:28:04+0000 18.0
2015-11-24T10:43:04+0000 18.0
2015-11-24T10:58:05+0000 18.0
2015-11-24T11:13:05+0000 17.5
2015-11-24T11:28:05+0000 18.0
2015-11-24T11:43:05+0000 18.0
2015-11-24T11:58:05+0000 18.0
2015-11-24T12:13:05+0000 18.0
2015-11-24T12:28:06+0000 18.0
2015-11-24T12:43:06+0000 18.0
2015-11-24T12:58:06+0000 18.0
2015-11-24T13:13:06+0000 17.5
2015-11-24T13:28:06+0000 18.0
2015-11-24T13:43:07+0000 18.0
2015-11-24T13:58:07+0000 18.0
2015-11-24T14:13:07+0000 18.0
2015-11-24T14:28:07+0000 18.0
2015-11-24T14:43:07+0000 18.0
2015-11-24T14:58:07+0000 18.0
2015-11-24T15:13:08+0000 18.0
2015-11-24T15:28:08+0000 18.0
2015-11-24T15:43:08+0000 18.0
2015-11-24T15:58:08+0000 18.0
2015-11-24T16:13:08+0000 18.0
2015-11-24T16:28:09+0000 18.5
2015-11-24T17:41:08+0000 18.5
2015-11-24T17:56:08+0000 18.0
2015-11-24T18:11:09+0000 18.5
2015-11-24T18:26:09+0000 18.0
2015-11-24T18:41:09+0000 18.0
2015-11-24T18:56:09+0000 18.0
2015-11-24T19:11:09+0000 18.0
2015-11-24T19:26:09+0000 18.5
2015-11-24T19:41:10+0000 18.0
2015-11-24T19:56:10+0000 18.0
2015-11-24T20:11:10+0000 18.0
2015-11-24T20:26:10+0000 18.0
2015-11-24T20:41:10+0000 18.0
2015-11-24T20:56:11+0000 18.0
2015-11-24T21:11:11+0000 18.0
2015-11-24T21:26:11+0000 18.5
2015-11-24T21:41:11+0000 18.0
2015-11-24T21:56:11+0000 18.0
2015-11-24T22:11:11+0000 17.5
2015-11-24T22:26:12+0000 18.0
2015-11-24T22:41:12+0000 18.0
2015-11-24T22:56:12+0000 18.0
2015-11-24T23:11:12+0000 18.0
2015-11-24T23:26:12+0000 18.0
2015-11-24T23:41:13+0000 18.0
2015-11-24T23:56:13+0000 18.0
