2016-09-13T00:00:12+0000 26.7
2016-09-13T00:15:27+0000 26.5
2016-09-13T00:30:41+0000 26.2
2016-09-13T00:45:56+0000 25.9
2016-09-13T01:01:11+0000 25.8
2016-09-13T01:16:25+0000 25.5
2016-09-13T01:31:40+0000 25.3
2016-09-13T01:46:54+0000 25.2
2016-09-13T02:02:09+0000 24.9
2016-09-13T02:17:24+0000 24.8
2016-09-13T02:32:38+0000 24.6
2016-09-13T02:47:53+0000 24.4
2016-09-13T03:03:07+0000 24.2
2016-09-13T03:18:22+0000 24.1
2016-09-13T03:33:37+0000 23.8
2016-09-13T03:48:52+0000 23.7
2016-09-13T04:04:06+0000 23.4
2016-09-13T04:19:21+0000 23.3
2016-09-13T04:34:36+0000 23.1
2016-09-13T04:49:51+0000 23.0
2016-09-13T05:05:05+0000 22.8
2016-09-13T05:20:20+0000 22.7
2016-09-13T05:35:35+0000 22.5
2016-09-13T05:50:50+0000 22.3
2016-09-13T06:06:04+0000 22.2
2016-09-13T06:21:19+0000 22.1
2016-09-13T06:36:34+0000 21.9
2016-09-13T06:51:49+0000 22.1
2016-09-13T07:07:03+0000 22.2
2016-09-13T07:22:18+0000 22.6
2016-09-13T07:37:33+0000 23.1
2016-09-13T07:52:48+0000 23.6
2016-09-13T08:08:03+0000 24.3
2016-09-13T08:23:18+0000 24.9
2016-09-13T08:38:32+0000 25.6
2016-09-13T08:53:47+0000 26.3
2016-09-13T09:09:02+0000 27.0
2016-09-13T09:24:16+0000 28.0
2016-09-13T09:39:31+0000 28.7
2016-09-13T09:54:46+0000 29.7
2016-09-13T10:10:00+0000 30.4
2016-09-13T10:25:14+0000 31.4
2016-09-13T10:40:29+0000 32.0
2016-09-13T10:55:43+0000 32.8
2016-09-13T11:10:57+0000 33.4
2016-09-13T11:26:12+0000 34.2
2016-09-13T11:41:26+0000 34.8
2016-09-13T11:56:40+0000 35.5
2016-09-13T12:11:54+0000 36.2
2016-09-13T12:27:08+0000 36.7
2016-09-13T12:42:22+0000 37.1
2016-09-13T12:57:36+0000 37.6
2016-09-13T13:12:49+0000 38.1
2016-09-13T13:28:03+0000 38.5
2016-09-13T13:43:17+0000 38.7
2016-09-13T13:58:30+0000 38.9
2016-09-13T14:13:44+0000 39.0
2016-09-13T14:28:58+0000 39.1
2016-09-13T14:44:11+0000 39.1
2016-09-13T14:59:24+0000 39.0
2016-09-13T15:14:38+0000 38.8
2016-09-13T15:29:51+0000 38.5
2016-09-13T15:45:05+0000 38.3
2016-09-13T16:00:19+0000 38.3
2016-09-13T16:15:32+0000 38.0
2016-09-13T16:30:46+0000 37.7
2016-09-13T16:45:59+0000 37.5
2016-09-13T17:01:13+0000 37.2
2016-09-13T17:16:27+0000 37.0
2016-09-13T17:31:40+0000 36.8
2016-09-13T17:46:54+0000 36.6
2016-09-13T18:02:08+0000 36.2
2016-09-13T18:17:21+0000 35.7
2016-09-13T18:32:35+0000 35.2
2016-09-13T18:47:49+0000 34.6
2016-09-13T19:03:03+0000 34.1
2016-09-13T19:18:17+0000 33.6
2016-09-13T19:33:30+0000 33.1
2016-09-13T19:48:44+0000 32.7
2016-09-13T20:03:58+0000 32.2
2016-09-13T20:19:12+0000 31.8
2016-09-13T20:34:26+0000 31.4
2016-09-13T20:49:40+0000 30.9
2016-09-13T21:04:55+0000 30.7
2016-09-13T21:20:09+0000 30.4
2016-09-13T21:35:23+0000 30.0
2016-09-13T21:50:37+0000 29.7
2016-09-13T22:05:51+0000 29.3
2016-09-13T22:21:06+0000 29.0
2016-09-13T22:36:20+0000 28.7
2016-09-13T22:51:34+0000 28.4
2016-09-13T23:06:49+0000 28.1
2016-09-13T23:22:03+0000 27.9
2016-09-13T23:37:17+0000 27.6
2016-09-13T23:52:32+0000 27.4
