2016-03-10T00:01:19+0000 6.8
2016-03-10T00:16:35+0000 6.6
2016-03-10T00:31:51+0000 6.5
2016-03-10T00:47:06+0000 6.4
2016-03-10T01:02:22+0000 6.2
2016-03-10T01:17:38+0000 6.2
2016-03-10T01:32:53+0000 6.1
2016-03-10T01:48:09+0000 5.9
2016-03-10T02:03:25+0000 5.9
2016-03-10T02:18:41+0000 5.9
2016-03-10T02:33:57+0000 5.8
2016-03-10T02:49:12+0000 5.6
2016-03-10T03:04:28+0000 5.4
2016-03-10T03:19:44+0000 5.4
2016-03-10T03:35:00+0000 5.2
2016-03-10T03:50:16+0000 5.1
2016-03-10T04:05:32+0000 5.2
2016-03-10T04:20:48+0000 5.0
2016-03-10T04:36:03+0000 5.0
2016-03-10T04:51:19+0000 4.8
2016-03-10T05:06:35+0000 4.8
2016-03-10T05:21:51+0000 4.7
2016-03-10T05:37:07+0000 4.5
2016-03-10T05:52:23+0000 4.6
2016-03-10T06:07:39+0000 4.5
2016-03-10T06:22:55+0000 4.5
2016-03-10T06:38:11+0000 4.7
2016-03-10T06:53:26+0000 4.7
2016-03-10T07:08:42+0000 4.8
2016-03-10T07:23:58+0000 5.1
2016-03-10T07:39:14+0000 5.3
2016-03-10T07:54:30+0000 5.8
2016-03-10T08:09:45+0000 6.0
2016-03-10T08:25:01+0000 6.5
2016-03-10T08:40:17+0000 6.1
2016-03-10T08:55:33+0000 6.6
2016-03-10T09:10:49+0000 7.2
2016-03-10T09:26:04+0000 7.9
2016-03-10T09:41:20+0000 8.0
2016-03-10T09:56:36+0000 9.1
2016-03-10T10:11:51+0000 9.8
2016-03-10T10:27:07+0000 10.7
2016-03-10T10:42:23+0000 11.3
2016-03-10T10:57:38+0000 12.2
2016-03-10T11:12:54+0000 12.8
2016-03-10T11:28:09+0000 13.2
2016-03-10T11:43:25+0000 13.8
2016-03-10T11:58:40+0000 14.4
2016-03-10T12:13:56+0000 15.0
2016-03-10T12:29:11+0000 15.5
2016-03-10T12:44:27+0000 15.9
2016-03-10T12:59:42+0000 16.4
2016-03-10T13:14:58+0000 16.7
2016-03-10T13:30:13+0000 17.0
2016-03-10T13:45:28+0000 17.3
2016-03-10T14:00:44+0000 17.6
2016-03-10T14:15:59+0000 17.7
2016-03-10T14:31:14+0000 17.8
2016-03-10T14:46:30+0000 18.1
2016-03-10T15:01:45+0000 18.1
2016-03-10T15:17:00+0000 17.9
2016-03-10T15:32:16+0000 17.8
2016-03-10T15:47:31+0000 17.5
2016-03-10T16:02:46+0000 17.2
2016-03-10T16:18:01+0000 16.9
2016-03-10T16:33:17+0000 16.7
2016-03-10T16:48:32+0000 16.4
2016-03-10T17:03:48+0000 16.1
2016-03-10T17:19:03+0000 15.8
2016-03-10T17:34:18+0000 15.5
2016-03-10T17:49:34+0000 15.3
2016-03-10T18:04:49+0000 14.9
2016-03-10T18:20:05+0000 14.5
2016-03-10T18:35:20+0000 14.2
2016-03-10T18:50:36+0000 13.9
2016-03-10T19:05:51+0000 13.6
2016-03-10T19:21:06+0000 13.3
2016-03-10T19:36:22+0000 13.1
2016-03-10T19:51:38+0000 12.8
2016-03-10T20:06:53+0000 12.6
2016-03-10T20:22:09+0000 12.5
2016-03-10T20:37:24+0000 12.3
2016-03-10T20:52:40+0000 12.2
2016-03-10T21:07:55+0000 12.0
2016-03-10T21:23:11+0000 11.9
2016-03-10T21:38:26+0000 11.8
2016-03-10T21:53:42+0000 11.5
2016-03-10T22:08:58+0000 11.3
2016-03-10T22:24:13+0000 10.9
2016-03-10T22:39:29+0000 10.7
2016-03-10T22:54:44+0000 10.6
2016-03-10T23:10:00+0000 10.4
2016-03-10T23:25:16+0000 10.2
2016-03-10T23:40:31+0000 10.0
2016-03-10T23:55:47+0000 9.7
