2016-10-13T00:11:49+0000 11.0
2016-10-13T00:27:05+0000 10.9
2016-10-13T00:42:21+0000 10.7
2016-10-13T00:57:36+0000 10.6
2016-10-13T01:12:52+0000 10.6
2016-10-13T01:28:08+0000 10.4
2016-10-13T01:43:23+0000 10.3
2016-10-13T01:58:39+0000 10.2
2016-10-13T02:13:55+0000 10.0
2016-10-13T02:29:11+0000 9.9
2016-10-13T02:44:27+0000 9.9
2016-10-13T02:59:42+0000 9.8
2016-10-13T03:14:58+0000 9.8
2016-10-13T03:30:14+0000 9.8
2016-10-13T03:45:30+0000 9.7
2016-10-13T04:00:45+0000 9.7
2016-10-13T04:16:01+0000 9.6
2016-10-13T04:31:17+0000 9.5
2016-10-13T04:46:33+0000 9.5
2016-10-13T05:01:48+0000 9.4
2016-10-13T05:17:04+0000 9.3
2016-10-13T05:32:20+0000 9.3
2016-10-13T05:47:36+0000 9.3
2016-10-13T06:02:52+0000 9.3
2016-10-13T06:18:07+0000 9.4
2016-10-13T06:33:23+0000 9.4
2016-10-13T06:48:39+0000 9.3
2016-10-13T07:03:55+0000 9.3
2016-10-13T07:19:11+0000 9.3
2016-10-13T07:34:26+0000 9.5
2016-10-13T07:49:42+0000 9.9
2016-10-13T08:04:58+0000 10.3
2016-10-13T08:20:14+0000 10.7
2016-10-13T08:35:30+0000 10.8
2016-10-13T08:50:45+0000 11.0
2016-10-13T09:06:01+0000 11.1
2016-10-13T09:21:17+0000 11.5
2016-10-13T09:36:33+0000 11.7
2016-10-13T09:51:48+0000 12.2
2016-10-13T10:07:04+0000 12.8
2016-10-13T10:22:20+0000 13.3
2016-10-13T10:37:36+0000 13.7
2016-10-13T10:52:51+0000 14.2
2016-10-13T11:08:07+0000 14.6
2016-10-13T11:23:23+0000 15.1
2016-10-13T11:38:38+0000 15.7
2016-10-13T11:53:54+0000 16.1
2016-10-13T12:09:09+0000 16.4
2016-10-13T12:24:25+0000 16.7
2016-10-13T12:39:40+0000 16.7
2016-10-13T12:54:56+0000 16.7
2016-10-13T13:10:11+0000 16.6
2016-10-13T13:25:26+0000 16.5
2016-10-13T13:40:42+0000 16.4
2016-10-13T13:55:57+0000 16.4
2016-10-13T14:11:13+0000 16.4
2016-10-13T14:26:28+0000 16.4
2016-10-13T14:41:44+0000 16.1
2016-10-13T14:56:59+0000 16.1
2016-10-13T15:12:14+0000 16.1
2016-10-13T15:27:30+0000 16.1
2016-10-13T15:42:45+0000 15.9
2016-10-13T15:58:01+0000 15.8
2016-10-13T16:13:16+0000 15.8
2016-10-13T16:28:31+0000 15.6
2016-10-13T16:43:47+0000 15.5
2016-10-13T16:59:02+0000 15.3
2016-10-13T17:14:18+0000 15.1
2016-10-13T17:29:33+0000 15.0
2016-10-13T17:44:49+0000 14.6
2016-10-13T18:00:04+0000 14.4
2016-10-13T18:15:20+0000 14.2
2016-10-13T18:30:35+0000 14.0
2016-10-13T18:45:51+0000 13.8
2016-10-13T19:01:06+0000 13.7
2016-10-13T19:16:22+0000 13.5
2016-10-13T19:31:38+0000 13.3
2016-10-13T19:46:53+0000 13.2
2016-10-13T20:02:09+0000 13.0
2016-10-13T20:17:24+0000 12.9
2016-10-13T20:32:40+0000 12.8
2016-10-13T20:47:55+0000 12.6
2016-10-13T21:03:11+0000 12.5
2016-10-13T21:18:26+0000 12.5
2016-10-13T21:33:42+0000 12.3
2016-10-13T21:48:58+0000 12.2
2016-10-13T22:04:13+0000 12.1
2016-10-13T22:19:29+0000 12.0
2016-10-13T22:34:45+0000 11.9
2016-10-13T22:50:00+0000 11.9
2016-10-13T23:05:16+0000 11.6
2016-10-13T23:20:32+0000 11.7
2016-10-13T23:35:47+0000 11.6
2016-10-13T23:51:03+0000 11.6
