2016-09-03T00:10:16+0000 24.1
2016-09-03T00:25:31+0000 24.1
2016-09-03T00:40:45+0000 23.8
2016-09-03T00:56:00+0000 23.6
2016-09-03T01:11:15+0000 23.4
2016-09-03T01:26:30+0000 23.2
2016-09-03T01:41:44+0000 23.0
2016-09-03T01:56:59+0000 22.9
2016-09-03T02:12:14+0000 22.8
2016-09-03T02:27:28+0000 22.7
2016-09-03T02:42:43+0000 22.4
2016-09-03T02:57:58+0000 22.2
2016-09-03T03:13:13+0000 22.1
2016-09-03T03:28:28+0000 22.0
2016-09-03T03:43:43+0000 21.8
2016-09-03T03:58:58+0000 21.5
2016-09-03T04:14:12+0000 21.4
2016-09-03T04:29:27+0000 21.2
2016-09-03T04:44:42+0000 21.1
2016-09-03T04:59:57+0000 21.0
2016-09-03T05:15:12+0000 20.7
2016-09-03T05:30:27+0000 20.8
2016-09-03T05:45:42+0000 20.6
2016-09-03T06:00:57+0000 20.6
2016-09-03T06:16:12+0000 20.6
2016-09-03T06:31:27+0000 20.6
2016-09-03T06:46:42+0000 20.6
2016-09-03T07:01:57+0000 20.7
2016-09-03T07:17:12+0000 20.9
2016-09-03T07:32:27+0000 21.5
2016-09-03T07:47:42+0000 22.0
2016-09-03T08:02:56+0000 22.7
2016-09-03T08:18:11+0000 23.3
2016-09-03T08:33:26+0000 24.1
2016-09-03T08:48:41+0000 24.8
2016-09-03T09:03:56+0000 25.8
2016-09-03T09:19:11+0000 26.9
2016-09-03T09:34:25+0000 27.7
2016-09-03T09:49:40+0000 28.2
2016-09-03T10:04:55+0000 28.9
2016-09-03T10:20:09+0000 29.5
2016-09-03T10:35:24+0000 30.4
2016-09-03T10:50:39+0000 31.2
2016-09-03T11:05:53+0000 31.7
2016-09-03T11:21:07+0000 32.4
2016-09-03T11:36:22+0000 32.5
2016-09-03T11:51:36+0000 32.7
2016-09-03T12:06:50+0000 33.0
2016-09-03T12:22:04+0000 33.3
2016-09-03T12:37:18+0000 33.8
2016-09-03T12:52:33+0000 34.1
2016-09-03T13:07:47+0000 34.4
2016-09-03T13:23:01+0000 34.4
2016-09-03T13:38:15+0000 34.2
2016-09-03T13:53:29+0000 34.1
2016-09-03T14:08:43+0000 34.4
2016-09-03T14:23:57+0000 34.4
2016-09-03T14:39:11+0000 34.5
2016-09-03T14:54:25+0000 34.6
2016-09-03T15:09:39+0000 34.6
2016-09-03T15:24:53+0000 34.5
2016-09-03T15:40:07+0000 34.5
2016-09-03T15:55:21+0000 34.3
2016-09-03T16:10:35+0000 34.3
2016-09-03T16:25:50+0000 34.2
2016-09-03T16:41:04+0000 34.2
2016-09-03T16:56:18+0000 33.8
2016-09-03T17:11:32+0000 33.7
2016-09-03T17:26:46+0000 33.6
2016-09-03T17:42:00+0000 33.4
2016-09-03T17:57:14+0000 32.9
2016-09-03T18:12:28+0000 32.6
2016-09-03T18:27:42+0000 32.3
2016-09-03T18:42:56+0000 31.8
2016-09-03T18:58:10+0000 31.3
2016-09-03T19:13:25+0000 30.9
2016-09-03T19:28:39+0000 30.5
2016-09-03T19:43:53+0000 30.1
2016-09-03T19:59:08+0000 29.7
2016-09-03T20:14:22+0000 29.4
2016-09-03T20:29:37+0000 29.1
2016-09-03T20:44:51+0000 28.6
2016-09-03T21:00:05+0000 28.3
2016-09-03T21:15:20+0000 28.0
2016-09-03T21:30:34+0000 27.6
2016-09-03T21:45:49+0000 27.3
2016-09-03T22:01:03+0000 27.0
2016-09-03T22:16:18+0000 26.6
2016-09-03T22:31:33+0000 26.4
2016-09-03T22:46:47+0000 26.1
2016-09-03T23:02:02+0000 25.9
2016-09-03T23:17:16+0000 25.7
2016-09-03T23:32:31+0000 25.3
2016-09-03T23:47:46+0000 25.1
