2016-08-15T00:02:52+0000 26.5
2016-08-15T00:18:07+0000 26.1
2016-08-15T00:33:21+0000 25.9
2016-08-15T00:48:35+0000 25.7
2016-08-15T01:03:50+0000 25.5
2016-08-15T01:19:04+0000 25.3
2016-08-15T01:34:19+0000 24.9
2016-08-15T01:49:33+0000 24.8
2016-08-15T02:04:48+0000 24.5
2016-08-15T02:20:03+0000 24.3
2016-08-15T02:35:17+0000 24.0
2016-08-15T02:50:32+0000 23.9
2016-08-15T03:05:46+0000 23.6
2016-08-15T03:21:01+0000 23.4
2016-08-15T03:36:16+0000 23.2
2016-08-15T03:51:31+0000 23.0
2016-08-15T04:06:45+0000 22.8
2016-08-15T04:22:00+0000 22.7
2016-08-15T04:37:15+0000 22.4
2016-08-15T04:52:29+0000 22.3
2016-08-15T05:07:44+0000 22.0
2016-08-15T05:22:59+0000 21.8
2016-08-15T05:38:14+0000 21.8
2016-08-15T05:53:28+0000 21.6
2016-08-15T06:08:43+0000 21.5
2016-08-15T06:23:58+0000 21.4
2016-08-15T06:39:13+0000 21.6
2016-08-15T06:54:28+0000 21.9
2016-08-15T07:09:43+0000 22.1
2016-08-15T07:24:57+0000 22.8
2016-08-15T07:40:12+0000 23.3
2016-08-15T07:55:27+0000 24.1
2016-08-15T08:10:42+0000 24.7
2016-08-15T08:25:56+0000 25.4
2016-08-15T08:41:11+0000 26.3
2016-08-15T08:56:25+0000 27.3
2016-08-15T09:11:40+0000 28.1
2016-08-15T09:26:55+0000 28.8
2016-08-15T09:42:09+0000 29.7
2016-08-15T09:57:23+0000 30.6
2016-08-15T10:12:38+0000 31.5
2016-08-15T10:27:52+0000 32.3
2016-08-15T10:43:06+0000 33.2
2016-08-15T10:58:20+0000 34.3
2016-08-15T11:13:34+0000 35.0
2016-08-15T11:28:48+0000 35.8
2016-08-15T11:44:02+0000 36.3
2016-08-15T11:59:16+0000 36.9
2016-08-15T12:14:29+0000 37.4
2016-08-15T12:29:43+0000 38.0
2016-08-15T12:44:57+0000 38.3
2016-08-15T13:00:10+0000 38.7
2016-08-15T13:15:24+0000 39.1
2016-08-15T13:30:37+0000 39.2
2016-08-15T13:45:50+0000 39.5
2016-08-15T14:01:04+0000 39.6
2016-08-15T14:16:17+0000 39.8
2016-08-15T14:31:30+0000 40.0
2016-08-15T14:46:44+0000 40.1
2016-08-15T15:01:57+0000 40.1
2016-08-15T15:17:10+0000 39.9
2016-08-15T15:32:24+0000 39.9
2016-08-15T15:47:37+0000 39.7
2016-08-15T16:02:50+0000 39.5
2016-08-15T16:18:04+0000 39.1
2016-08-15T16:33:17+0000 38.8
2016-08-15T16:48:30+0000 38.5
2016-08-15T17:03:44+0000 38.2
2016-08-15T17:18:57+0000 37.8
2016-08-15T17:34:11+0000 37.6
2016-08-15T17:49:24+0000 37.2
2016-08-15T18:04:38+0000 36.9
2016-08-15T18:19:51+0000 36.4
2016-08-15T18:35:05+0000 36.0
2016-08-15T18:50:18+0000 35.8
2016-08-15T19:05:32+0000 35.3
2016-08-15T19:20:45+0000 34.8
2016-08-15T19:35:59+0000 34.2
2016-08-15T19:51:13+0000 33.6
2016-08-15T20:06:26+0000 33.1
2016-08-15T20:21:40+0000 32.5
2016-08-15T20:36:54+0000 32.1
2016-08-15T20:52:08+0000 31.6
2016-08-15T21:07:22+0000 31.2
2016-08-15T21:22:35+0000 30.8
2016-08-15T21:37:49+0000 30.3
2016-08-15T21:53:03+0000 30.0
2016-08-15T22:08:17+0000 29.6
2016-08-15T22:23:31+0000 29.2
2016-08-15T22:38:46+0000 29.0
2016-08-15T22:54:00+0000 28.6
2016-08-15T23:09:14+0000 28.3
2016-08-15T23:24:28+0000 28.0
2016-08-15T23:39:42+0000 27.7
2016-08-15T23:54:56+0000 27.4
