2016-02-17T00:12:20+0000 5.6
2016-02-17T00:27:36+0000 5.6
2016-02-17T00:42:52+0000 5.7
2016-02-17T00:58:08+0000 5.6
2016-02-17T01:13:24+0000 5.6
2016-02-17T01:28:39+0000 5.5
2016-02-17T01:43:55+0000 5.5
2016-02-17T01:59:11+0000 5.6
2016-02-17T02:14:27+0000 5.6
2016-02-17T02:29:43+0000 5.5
2016-02-17T02:44:59+0000 5.6
2016-02-17T03:00:15+0000 5.5
2016-02-17T03:15:31+0000 5.6
2016-02-17T03:30:47+0000 5.7
2016-02-17T03:46:02+0000 5.7
2016-02-17T04:01:18+0000 5.6
2016-02-17T04:16:34+0000 5.6
2016-02-17T04:31:50+0000 5.5
2016-02-17T04:47:06+0000 5.7
2016-02-17T05:02:22+0000 5.7
2016-02-17T05:17:38+0000 5.7
2016-02-17T05:32:54+0000 5.7
2016-02-17T05:48:10+0000 5.8
2016-02-17T06:03:26+0000 5.8
2016-02-17T06:18:41+0000 5.8
2016-02-17T06:33:57+0000 6.1
2016-02-17T06:49:13+0000 6.4
2016-02-17T07:04:29+0000 6.4
2016-02-17T07:19:45+0000 5.9
2016-02-17T07:35:01+0000 6.3
2016-02-17T07:50:17+0000 6.4
2016-02-17T08:05:33+0000 6.2
2016-02-17T08:20:49+0000 6.4
2016-02-17T08:36:05+0000 6.4
2016-02-17T08:51:21+0000 6.5
2016-02-17T09:06:37+0000 6.5
2016-02-17T09:21:53+0000 6.5
2016-02-17T09:37:09+0000 6.6
2016-02-17T09:52:25+0000 6.6
2016-02-17T10:07:41+0000 6.8
2016-02-17T10:22:56+0000 6.9
2016-02-17T10:38:12+0000 7.1
2016-02-17T10:53:28+0000 7.2
2016-02-17T11:08:44+0000 7.3
2016-02-17T11:24:00+0000 7.6
2016-02-17T11:39:16+0000 7.7
2016-02-17T11:54:32+0000 8.0
2016-02-17T12:09:48+0000 8.1
2016-02-17T12:25:04+0000 8.1
2016-02-17T12:40:20+0000 8.1
2016-02-17T12:55:36+0000 8.3
2016-02-17T13:10:51+0000 8.4
2016-02-17T13:26:07+0000 8.5
2016-02-17T13:41:23+0000 8.5
2016-02-17T13:56:39+0000 8.7
2016-02-17T14:11:55+0000 8.8
2016-02-17T14:27:11+0000 9.0
2016-02-17T14:42:26+0000 9.1
2016-02-17T14:57:42+0000 9.3
2016-02-17T15:12:58+0000 9.3
2016-02-17T15:28:14+0000 9.4
2016-02-17T15:43:30+0000 9.5
2016-02-17T15:58:46+0000 9.5
2016-02-17T16:14:01+0000 9.4
2016-02-17T16:29:17+0000 9.3
2016-02-17T16:44:33+0000 9.6
2016-02-17T16:59:49+0000 9.4
2016-02-17T17:15:05+0000 9.2
2016-02-17T17:30:20+0000 9.1
2016-02-17T17:45:36+0000 9.1
2016-02-17T18:00:52+0000 9.2
2016-02-17T18:16:08+0000 9.1
2016-02-17T18:31:24+0000 8.9
2016-02-17T18:46:39+0000 8.8
2016-02-17T19:01:55+0000 8.8
2016-02-17T19:17:11+0000 8.8
2016-02-17T19:32:27+0000 8.6
2016-02-17T19:47:43+0000 8.6
2016-02-17T20:02:59+0000 8.6
2016-02-17T20:18:15+0000 8.5
2016-02-17T20:33:30+0000 8.4
2016-02-17T20:48:46+0000 8.4
2016-02-17T21:04:02+0000 8.4
2016-02-17T21:19:18+0000 8.3
2016-02-17T21:34:34+0000 8.2
2016-02-17T21:49:50+0000 8.2
2016-02-17T22:05:06+0000 8.0
2016-02-17T22:20:22+0000 8.1
2016-02-17T22:35:38+0000 8.1
2016-02-17T22:50:53+0000 7.9
2016-02-17T23:06:09+0000 8.0
2016-02-17T23:21:25+0000 8.1
2016-02-17T23:36:41+0000 7.9
2016-02-17T23:51:58+0000 7.9
