2016-07-10T00:02:18+0000 27.7
2016-07-10T00:17:32+0000 27.5
2016-07-10T00:32:46+0000 27.1
2016-07-10T00:48:00+0000 26.9
2016-07-10T01:03:14+0000 26.6
2016-07-10T01:18:29+0000 26.4
2016-07-10T01:33:43+0000 26.1
2016-07-10T01:48:57+0000 25.9
2016-07-10T02:04:11+0000 25.7
2016-07-10T02:19:25+0000 25.5
2016-07-10T02:34:40+0000 25.2
2016-07-10T02:49:54+0000 25.1
2016-07-10T03:05:08+0000 24.8
2016-07-10T03:20:23+0000 24.6
2016-07-10T03:35:37+0000 24.5
2016-07-10T03:50:51+0000 24.3
2016-07-10T04:06:06+0000 24.1
2016-07-10T04:21:20+0000 23.9
2016-07-10T04:36:34+0000 23.6
2016-07-10T04:51:49+0000 23.5
2016-07-10T05:07:03+0000 23.3
2016-07-10T05:22:18+0000 23.3
2016-07-10T05:37:32+0000 23.2
2016-07-10T05:52:47+0000 23.0
2016-07-10T06:08:01+0000 23.0
2016-07-10T06:23:16+0000 23.1
2016-07-10T06:38:30+0000 23.2
2016-07-10T06:53:45+0000 23.5
2016-07-10T07:08:59+0000 24.1
2016-07-10T07:24:14+0000 24.8
2016-07-10T07:39:28+0000 25.8
2016-07-10T07:54:43+0000 26.7
2016-07-10T08:09:57+0000 27.3
2016-07-10T08:25:11+0000 27.9
2016-07-10T08:40:25+0000 28.8
2016-07-10T08:55:40+0000 29.7
2016-07-10T09:10:54+0000 30.8
2016-07-10T09:26:08+0000 32.1
2016-07-10T09:41:22+0000 33.4
2016-07-10T09:56:36+0000 34.5
2016-07-10T10:11:50+0000 35.6
2016-07-10T10:27:03+0000 36.5
2016-07-10T10:42:17+0000 37.5
2016-07-10T10:57:31+0000 38.4
2016-07-10T11:12:44+0000 39.1
2016-07-10T11:27:57+0000 39.8
2016-07-10T11:43:11+0000 40.4
2016-07-10T11:58:24+0000 41.2
2016-07-10T12:13:37+0000 41.6
2016-07-10T12:28:50+0000 42.2
2016-07-10T12:44:03+0000 42.4
2016-07-10T12:59:16+0000 43.0
2016-07-10T13:14:29+0000 43.4
2016-07-10T13:29:42+0000 43.6
2016-07-10T13:44:54+0000 43.6
2016-07-10T14:00:07+0000 43.8
2016-07-10T14:15:20+0000 44.1
2016-07-10T14:30:33+0000 44.1
2016-07-10T14:45:45+0000 44.1
2016-07-10T15:00:58+0000 44.1
2016-07-10T15:16:11+0000 44.2
2016-07-10T15:31:23+0000 44.2
2016-07-10T15:46:36+0000 44.2
2016-07-10T16:01:49+0000 43.8
2016-07-10T16:17:02+0000 43.6
2016-07-10T16:32:14+0000 43.4
2016-07-10T16:47:27+0000 43.1
2016-07-10T17:02:40+0000 42.8
2016-07-10T17:17:53+0000 42.5
2016-07-10T17:33:06+0000 42.0
2016-07-10T17:48:18+0000 41.8
2016-07-10T18:03:31+0000 41.5
2016-07-10T18:18:44+0000 41.2
2016-07-10T18:33:57+0000 40.8
2016-07-10T18:49:10+0000 40.4
2016-07-10T19:04:23+0000 39.9
2016-07-10T19:19:36+0000 39.4
2016-07-10T19:34:49+0000 38.9
2016-07-10T19:50:02+0000 38.4
2016-07-10T20:05:15+0000 37.7
2016-07-10T20:20:29+0000 37.1
2016-07-10T20:35:42+0000 36.7
2016-07-10T20:50:55+0000 36.3
2016-07-10T21:06:09+0000 35.7
2016-07-10T21:21:22+0000 35.3
2016-07-10T21:36:35+0000 34.9
2016-07-10T21:51:49+0000 34.5
2016-07-10T22:07:02+0000 33.9
2016-07-10T22:22:16+0000 33.6
2016-07-10T22:37:29+0000 33.2
2016-07-10T22:52:43+0000 32.8
2016-07-10T23:07:57+0000 32.4
2016-07-10T23:23:10+0000 32.2
2016-07-10T23:38:24+0000 31.9
2016-07-10T23:53:38+0000 31.6
