2015-12-22T00:01:08+0000 11.9
2015-12-22T00:16:23+0000 12.0
2015-12-22T00:31:39+0000 12.2
2015-12-22T00:46:55+0000 12.0
2015-12-22T01:02:10+0000 12.1
2015-12-22T01:17:26+0000 12.1
2015-12-22T01:32:41+0000 12.2
2015-12-22T01:47:57+0000 12.2
2015-12-22T02:03:12+0000 12.2
2015-12-22T02:18:28+0000 12.2
2015-12-22T02:33:43+0000 12.2
2015-12-22T02:48:59+0000 12.2
2015-12-22T03:04:15+0000 12.2
2015-12-22T03:19:30+0000 12.3
2015-12-22T03:34:46+0000 12.3
2015-12-22T03:50:01+0000 12.2
2015-12-22T04:05:17+0000 12.2
2015-12-22T04:20:32+0000 12.1
2015-12-22T04:35:48+0000 12.2
2015-12-22T04:51:03+0000 12.2
2015-12-22T05:06:19+0000 12.2
2015-12-22T05:21:35+0000 12.3
2015-12-22T05:36:51+0000 12.3
2015-12-22T05:52:06+0000 12.3
2015-12-22T06:07:22+0000 12.2
2015-12-22T06:22:37+0000 12.2
2015-12-22T06:37:53+0000 12.2
2015-12-22T06:53:08+0000 12.2
2015-12-22T07:08:24+0000 12.4
2015-12-22T07:23:39+0000 12.3
2015-12-22T07:38:55+0000 12.7
2015-12-22T07:54:10+0000 12.7
2015-12-22T08:09:26+0000 12.5
2015-12-22T08:24:42+0000 12.5
2015-12-22T08:39:57+0000 12.7
2015-12-22T08:55:13+0000 12.8
2015-12-22T09:10:29+0000 12.7
2015-12-22T09:25:44+0000 12.8
2015-12-22T09:41:00+0000 13.2
2015-12-22T09:56:15+0000 13.6
2015-12-22T10:11:31+0000 13.8
2015-12-22T10:26:46+0000 14.1
2015-12-22T10:42:01+0000 14.5
2015-12-22T10:57:17+0000 14.6
2015-12-22T11:12:32+0000 14.9
2015-12-22T11:27:48+0000 15.0
2015-12-22T11:43:03+0000 15.1
2015-12-22T11:58:19+0000 15.2
2015-12-22T12:13:34+0000 15.3
2015-12-22T12:28:49+0000 15.5
2015-12-22T12:44:05+0000 15.6
2015-12-22T12:59:20+0000 15.6
2015-12-22T13:14:36+0000 15.7
2015-12-22T13:29:51+0000 15.8
2015-12-22T13:45:06+0000 15.8
2015-12-22T14:00:22+0000 15.8
2015-12-22T14:15:37+0000 15.8
2015-12-22T14:30:53+0000 16.0
2015-12-22T14:46:08+0000 15.9
2015-12-22T15:01:23+0000 15.9
2015-12-22T15:16:39+0000 15.9
2015-12-22T15:31:54+0000 15.8
2015-12-22T15:47:10+0000 15.8
2015-12-22T16:02:25+0000 15.6
2015-12-22T16:17:40+0000 15.3
2015-12-22T16:32:56+0000 15.3
2015-12-22T16:48:11+0000 15.0
2015-12-22T17:03:27+0000 14.8
2015-12-22T17:18:42+0000 14.6
2015-12-22T17:33:57+0000 14.3
2015-12-22T17:49:13+0000 14.1
2015-12-22T18:04:28+0000 13.8
2015-12-22T18:19:44+0000 13.7
2015-12-22T18:34:59+0000 13.6
2015-12-22T18:50:15+0000 13.3
2015-12-22T19:05:30+0000 13.2
2015-12-22T19:20:46+0000 13.1
2015-12-22T19:36:01+0000 13.0
2015-12-22T19:51:16+0000 12.8
2015-12-22T20:06:32+0000 12.6
2015-12-22T20:21:48+0000 12.5
2015-12-22T20:37:03+0000 12.3
2015-12-22T20:52:19+0000 12.3
2015-12-22T21:07:34+0000 12.2
2015-12-22T21:22:50+0000 12.1
2015-12-22T21:38:05+0000 12.0
2015-12-22T21:53:21+0000 11.9
2015-12-22T22:08:36+0000 11.7
2015-12-22T22:23:52+0000 11.6
2015-12-22T22:39:07+0000 11.6
2015-12-22T22:54:23+0000 11.4
2015-12-22T23:09:39+0000 11.4
2015-12-22T23:24:54+0000 11.1
2015-12-22T23:40:10+0000 11.0
2015-12-22T23:55:25+0000 10.9
