2016-10-10T00:13:08+0000 11.9
2016-10-10T00:28:24+0000 11.8
2016-10-10T00:43:40+0000 11.7
2016-10-10T00:58:55+0000 11.5
2016-10-10T01:14:11+0000 11.3
2016-10-10T01:29:27+0000 11.2
2016-10-10T01:44:43+0000 11.1
2016-10-10T01:59:58+0000 10.9
2016-10-10T02:15:14+0000 10.9
2016-10-10T02:30:30+0000 10.8
2016-10-10T02:45:46+0000 10.7
2016-10-10T03:01:02+0000 10.7
2016-10-10T03:16:17+0000 10.6
2016-10-10T03:31:33+0000 10.7
2016-10-10T03:46:49+0000 10.6
2016-10-10T04:02:05+0000 10.5
2016-10-10T04:17:20+0000 10.5
2016-10-10T04:32:36+0000 10.4
2016-10-10T04:47:52+0000 10.5
2016-10-10T05:03:08+0000 10.3
2016-10-10T05:18:24+0000 10.2
2016-10-10T05:33:39+0000 10.1
2016-10-10T05:48:55+0000 10.0
2016-10-10T06:04:11+0000 9.9
2016-10-10T06:19:27+0000 9.9
2016-10-10T06:34:42+0000 9.9
2016-10-10T06:49:58+0000 9.9
2016-10-10T07:05:14+0000 9.8
2016-10-10T07:20:30+0000 9.9
2016-10-10T07:35:46+0000 10.0
2016-10-10T07:51:01+0000 10.1
2016-10-10T08:06:17+0000 10.3
2016-10-10T08:21:33+0000 10.3
2016-10-10T08:36:49+0000 10.6
2016-10-10T08:52:05+0000 10.7
2016-10-10T09:07:20+0000 10.8
2016-10-10T09:22:36+0000 11.2
2016-10-10T09:37:52+0000 11.5
2016-10-10T09:53:08+0000 11.7
2016-10-10T10:08:23+0000 12.0
2016-10-10T10:23:39+0000 12.3
2016-10-10T10:38:55+0000 12.4
2016-10-10T10:54:10+0000 12.8
2016-10-10T11:09:26+0000 13.1
2016-10-10T11:24:42+0000 13.5
2016-10-10T11:39:57+0000 13.8
2016-10-10T11:55:13+0000 14.1
2016-10-10T12:10:29+0000 14.6
2016-10-10T12:25:44+0000 15.0
2016-10-10T12:41:00+0000 15.2
2016-10-10T12:56:16+0000 15.5
2016-10-10T13:11:31+0000 15.8
2016-10-10T13:26:47+0000 16.2
2016-10-10T13:42:02+0000 16.5
2016-10-10T13:57:18+0000 16.7
2016-10-10T14:12:33+0000 17.0
2016-10-10T14:27:49+0000 17.1
2016-10-10T14:43:04+0000 17.2
2016-10-10T14:58:20+0000 17.3
2016-10-10T15:13:35+0000 17.2
2016-10-10T15:28:51+0000 17.2
2016-10-10T15:44:06+0000 17.1
2016-10-10T15:59:22+0000 17.0
2016-10-10T16:14:37+0000 16.8
2016-10-10T16:29:52+0000 16.8
2016-10-10T16:45:08+0000 16.5
2016-10-10T17:00:23+0000 16.3
2016-10-10T17:15:39+0000 16.0
2016-10-10T17:30:54+0000 15.7
2016-10-10T17:46:10+0000 15.6
2016-10-10T18:01:26+0000 15.3
2016-10-10T18:16:41+0000 15.1
2016-10-10T18:31:57+0000 15.0
2016-10-10T18:47:12+0000 14.8
2016-10-10T19:02:28+0000 14.5
2016-10-10T19:17:43+0000 14.4
2016-10-10T19:32:59+0000 14.2
2016-10-10T19:48:15+0000 14.1
2016-10-10T20:03:30+0000 14.0
2016-10-10T20:18:46+0000 13.8
2016-10-10T20:34:02+0000 13.7
2016-10-10T20:49:17+0000 13.7
2016-10-10T21:04:33+0000 13.5
2016-10-10T21:19:48+0000 13.4
2016-10-10T21:35:04+0000 13.3
2016-10-10T21:50:20+0000 13.1
2016-10-10T22:05:35+0000 13.0
2016-10-10T22:20:51+0000 12.8
2016-10-10T22:36:07+0000 12.8
2016-10-10T22:51:22+0000 12.6
2016-10-10T23:06:38+0000 12.6
2016-10-10T23:21:54+0000 12.5
2016-10-10T23:37:09+0000 12.4
2016-10-10T23:52:25+0000 12.3
