2016-09-15T00:00:13+0000 26.2
2016-09-15T00:15:28+0000 25.9
2016-09-15T00:30:42+0000 25.7
2016-09-15T00:45:57+0000 25.5
2016-09-15T01:01:12+0000 25.2
2016-09-15T01:16:26+0000 25.0
2016-09-15T01:31:41+0000 24.8
2016-09-15T01:46:56+0000 24.6
2016-09-15T02:02:10+0000 24.3
2016-09-15T02:17:25+0000 24.2
2016-09-15T02:32:40+0000 24.0
2016-09-15T02:47:55+0000 23.8
2016-09-15T03:03:09+0000 23.7
2016-09-15T03:18:24+0000 23.5
2016-09-15T03:33:39+0000 23.4
2016-09-15T03:48:54+0000 23.2
2016-09-15T04:04:09+0000 23.2
2016-09-15T04:19:23+0000 23.0
2016-09-15T04:34:38+0000 22.8
2016-09-15T04:49:53+0000 22.8
2016-09-15T05:05:08+0000 22.7
2016-09-15T05:20:23+0000 22.5
2016-09-15T05:35:38+0000 22.6
2016-09-15T05:50:52+0000 22.5
2016-09-15T06:06:07+0000 22.4
2016-09-15T06:21:22+0000 22.3
2016-09-15T06:36:37+0000 22.3
2016-09-15T06:51:52+0000 22.3
2016-09-15T07:07:07+0000 22.7
2016-09-15T07:22:22+0000 22.9
2016-09-15T07:37:36+0000 23.4
2016-09-15T07:52:51+0000 23.8
2016-09-15T08:08:06+0000 24.3
2016-09-15T08:23:21+0000 24.8
2016-09-15T08:38:36+0000 25.4
2016-09-15T08:53:50+0000 25.9
2016-09-15T09:09:05+0000 26.6
2016-09-15T09:24:20+0000 27.2
2016-09-15T09:39:35+0000 27.3
2016-09-15T09:54:50+0000 27.6
2016-09-15T10:10:04+0000 28.2
2016-09-15T10:25:19+0000 28.7
2016-09-15T10:40:33+0000 29.1
2016-09-15T10:55:48+0000 29.5
2016-09-15T11:11:02+0000 29.8
2016-09-15T11:26:17+0000 30.4
2016-09-15T11:41:31+0000 30.5
2016-09-15T11:56:46+0000 31.0
2016-09-15T12:12:00+0000 31.2
2016-09-15T12:27:15+0000 31.4
2016-09-15T12:42:29+0000 31.5
2016-09-15T12:57:43+0000 31.5
2016-09-15T13:12:58+0000 31.0
2016-09-15T13:28:12+0000 30.9
2016-09-15T13:43:26+0000 30.8
2016-09-15T13:58:41+0000 30.7
2016-09-15T14:13:55+0000 30.7
2016-09-15T14:29:09+0000 30.2
2016-09-15T14:44:24+0000 29.9
2016-09-15T14:59:38+0000 29.6
2016-09-15T15:14:53+0000 29.2
2016-09-15T15:30:07+0000 28.7
2016-09-15T15:45:21+0000 28.4
2016-09-15T16:00:36+0000 28.1
2016-09-15T16:15:50+0000 28.1
2016-09-15T16:31:05+0000 28.1
2016-09-15T16:46:20+0000 27.9
2016-09-15T17:01:34+0000 27.7
2016-09-15T17:16:49+0000 27.5
2016-09-15T17:32:03+0000 27.3
2016-09-15T17:47:18+0000 27.2
2016-09-15T18:02:32+0000 27.0
2016-09-15T18:17:47+0000 26.8
2016-09-15T18:33:02+0000 26.5
2016-09-15T18:48:16+0000 26.2
2016-09-15T19:03:31+0000 25.9
2016-09-15T19:18:45+0000 25.8
2016-09-15T19:34:00+0000 25.5
2016-09-15T19:49:15+0000 25.2
2016-09-15T20:04:29+0000 25.1
2016-09-15T20:19:44+0000 24.9
2016-09-15T20:34:59+0000 24.6
2016-09-15T20:50:13+0000 24.4
2016-09-15T21:05:28+0000 24.1
2016-09-15T21:20:43+0000 23.9
2016-09-15T21:35:58+0000 23.8
2016-09-15T21:51:12+0000 23.5
2016-09-15T22:06:27+0000 23.3
2016-09-15T22:21:42+0000 23.2
2016-09-15T22:36:57+0000 23.0
2016-09-15T22:52:12+0000 22.8
2016-09-15T23:07:26+0000 22.6
2016-09-15T23:22:41+0000 22.5
2016-09-15T23:37:56+0000 22.3
2016-09-15T23:53:11+0000 22.3
