2016-08-20T00:10:25+0000 24.9
2016-08-20T00:25:40+0000 24.6
2016-08-20T00:40:55+0000 24.3
2016-08-20T00:56:09+0000 24.3
2016-08-20T01:11:24+0000 24.1
2016-08-20T01:26:39+0000 24.0
2016-08-20T01:41:53+0000 23.8
2016-08-20T01:57:08+0000 23.5
2016-08-20T02:12:23+0000 23.3
2016-08-20T02:27:38+0000 23.1
2016-08-20T02:42:52+0000 23.0
2016-08-20T02:58:07+0000 22.7
2016-08-20T03:13:22+0000 22.4
2016-08-20T03:28:37+0000 22.3
2016-08-20T03:43:51+0000 22.0
2016-08-20T03:59:06+0000 21.8
2016-08-20T04:14:21+0000 21.9
2016-08-20T04:29:36+0000 21.6
2016-08-20T04:44:50+0000 21.5
2016-08-20T05:00:05+0000 21.4
2016-08-20T05:15:20+0000 21.4
2016-08-20T05:30:35+0000 21.2
2016-08-20T05:45:50+0000 21.1
2016-08-20T06:01:04+0000 21.1
2016-08-20T06:16:19+0000 21.2
2016-08-20T06:31:34+0000 21.2
2016-08-20T06:46:49+0000 21.5
2016-08-20T07:02:03+0000 21.5
2016-08-20T07:17:18+0000 22.1
2016-08-20T07:32:33+0000 22.7
2016-08-20T07:47:48+0000 23.1
2016-08-20T08:03:02+0000 23.3
2016-08-20T08:18:17+0000 23.6
2016-08-20T08:33:32+0000 23.8
2016-08-20T08:48:46+0000 24.2
2016-08-20T09:04:01+0000 24.5
2016-08-20T09:19:16+0000 25.0
2016-08-20T09:34:30+0000 25.5
2016-08-20T09:49:45+0000 25.7
2016-08-20T10:04:59+0000 26.0
2016-08-20T10:20:14+0000 25.8
2016-08-20T10:35:28+0000 25.9
2016-08-20T10:50:43+0000 25.8
2016-08-20T11:05:57+0000 25.6
2016-08-20T11:21:12+0000 25.6
2016-08-20T11:36:27+0000 25.5
2016-08-20T11:51:41+0000 25.5
2016-08-20T12:06:56+0000 25.2
2016-08-20T12:22:10+0000 25.2
2016-08-20T12:37:25+0000 25.1
2016-08-20T12:52:39+0000 25.2
2016-08-20T13:07:54+0000 25.1
2016-08-20T13:23:09+0000 25.1
2016-08-20T13:38:23+0000 25.0
2016-08-20T13:53:38+0000 24.9
2016-08-20T14:08:52+0000 25.0
2016-08-20T14:24:07+0000 24.9
2016-08-20T14:39:22+0000 24.9
2016-08-20T14:54:36+0000 24.8
2016-08-20T15:09:51+0000 24.6
2016-08-20T15:25:06+0000 24.1
2016-08-20T15:40:20+0000 23.7
2016-08-20T15:55:35+0000 23.3
2016-08-20T16:10:50+0000 23.2
2016-08-20T16:26:04+0000 22.9
2016-08-20T16:41:19+0000 22.4
2016-08-20T16:56:34+0000 22.2
2016-08-20T17:11:49+0000 22.2
2016-08-20T17:27:03+0000 22.1
2016-08-20T17:42:18+0000 21.9
2016-08-20T17:57:33+0000 21.9
2016-08-20T18:12:48+0000 21.8
2016-08-20T18:28:02+0000 21.6
2016-08-20T18:43:17+0000 21.6
2016-08-20T18:58:32+0000 21.5
2016-08-20T19:13:47+0000 21.4
2016-08-20T19:29:01+0000 21.5
2016-08-20T19:44:16+0000 21.2
2016-08-20T19:59:31+0000 21.0
2016-08-20T20:14:46+0000 20.7
2016-08-20T20:30:01+0000 20.7
2016-08-20T20:45:16+0000 20.4
2016-08-20T21:00:31+0000 20.3
2016-08-20T21:15:45+0000 20.0
2016-08-20T21:31:00+0000 20.0
2016-08-20T21:46:15+0000 19.7
2016-08-20T22:01:30+0000 19.6
2016-08-20T22:16:45+0000 19.4
2016-08-20T22:32:00+0000 19.1
2016-08-20T22:47:15+0000 19.0
2016-08-20T23:02:30+0000 18.9
2016-08-20T23:17:45+0000 18.7
2016-08-20T23:33:00+0000 18.5
2016-08-20T23:48:15+0000 18.4
