2016-07-20T00:02:07+0000 30.5
2016-07-20T00:17:21+0000 30.2
2016-07-20T00:32:35+0000 29.9
2016-07-20T00:47:49+0000 29.6
2016-07-20T01:03:04+0000 29.2
2016-07-20T01:18:18+0000 29.0
2016-07-20T01:33:32+0000 28.7
2016-07-20T01:48:46+0000 28.5
2016-07-20T02:04:00+0000 28.1
2016-07-20T02:19:14+0000 27.9
2016-07-20T02:34:28+0000 27.8
2016-07-20T02:49:43+0000 27.5
2016-07-20T03:04:57+0000 27.3
2016-07-20T03:20:11+0000 27.0
2016-07-20T03:35:25+0000 26.7
2016-07-20T03:50:40+0000 26.5
2016-07-20T04:05:54+0000 26.4
2016-07-20T04:21:08+0000 26.3
2016-07-20T04:36:23+0000 26.0
2016-07-20T04:51:37+0000 25.8
2016-07-20T05:06:52+0000 25.6
2016-07-20T05:22:06+0000 25.5
2016-07-20T05:37:20+0000 25.3
2016-07-20T05:52:35+0000 25.3
2016-07-20T06:07:49+0000 25.2
2016-07-20T06:23:04+0000 25.3
2016-07-20T06:38:18+0000 25.4
2016-07-20T06:53:33+0000 25.7
2016-07-20T07:08:47+0000 26.1
2016-07-20T07:24:01+0000 26.9
2016-07-20T07:39:16+0000 27.6
2016-07-20T07:54:30+0000 28.5
2016-07-20T08:09:45+0000 29.4
2016-07-20T08:24:59+0000 30.4
2016-07-20T08:40:13+0000 31.4
2016-07-20T08:55:27+0000 32.3
2016-07-20T09:10:41+0000 33.2
2016-07-20T09:25:55+0000 34.4
2016-07-20T09:41:09+0000 35.6
2016-07-20T09:56:23+0000 36.6
2016-07-20T10:11:37+0000 37.6
2016-07-20T10:26:50+0000 38.2
2016-07-20T10:42:04+0000 39.0
2016-07-20T10:57:17+0000 39.6
2016-07-20T11:12:31+0000 40.4
2016-07-20T11:27:44+0000 41.2
2016-07-20T11:42:57+0000 41.6
2016-07-20T11:58:11+0000 42.2
2016-07-20T12:13:24+0000 42.8
2016-07-20T12:28:37+0000 43.5
2016-07-20T12:43:50+0000 44.0
2016-07-20T12:59:03+0000 44.4
2016-07-20T13:14:16+0000 44.7
2016-07-20T13:29:29+0000 45.2
2016-07-20T13:44:41+0000 45.3
2016-07-20T13:59:54+0000 45.5
2016-07-20T14:15:07+0000 45.7
2016-07-20T14:30:20+0000 45.8
2016-07-20T14:45:32+0000 45.8
2016-07-20T15:00:45+0000 45.7
2016-07-20T15:15:57+0000 45.7
2016-07-20T15:31:10+0000 45.5
2016-07-20T15:46:22+0000 45.5
2016-07-20T16:01:35+0000 45.4
2016-07-20T16:16:48+0000 45.1
2016-07-20T16:32:00+0000 44.9
2016-07-20T16:47:13+0000 44.5
2016-07-20T17:02:25+0000 44.1
2016-07-20T17:17:38+0000 43.8
2016-07-20T17:32:51+0000 43.5
2016-07-20T17:48:04+0000 43.2
2016-07-20T18:03:16+0000 43.0
2016-07-20T18:18:29+0000 42.7
2016-07-20T18:33:42+0000 42.2
2016-07-20T18:48:55+0000 41.6
2016-07-20T19:04:08+0000 40.9
2016-07-20T19:19:21+0000 40.4
2016-07-20T19:34:34+0000 39.8
2016-07-20T19:49:47+0000 39.3
2016-07-20T20:05:00+0000 38.8
2016-07-20T20:20:13+0000 38.3
2016-07-20T20:35:27+0000 37.8
2016-07-20T20:50:40+0000 37.4
2016-07-20T21:05:53+0000 36.9
2016-07-20T21:21:07+0000 36.5
2016-07-20T21:36:20+0000 36.1
2016-07-20T21:51:34+0000 35.8
2016-07-20T22:06:47+0000 35.4
2016-07-20T22:22:01+0000 35.2
2016-07-20T22:37:14+0000 34.8
2016-07-20T22:52:28+0000 34.6
2016-07-20T23:07:42+0000 34.2
2016-07-20T23:22:55+0000 33.9
2016-07-20T23:38:09+0000 33.7
2016-07-20T23:53:23+0000 33.5
