2016-07-23T00:07:33+0000 26.8
2016-07-23T00:22:47+0000 26.6
2016-07-23T00:38:01+0000 26.5
2016-07-23T00:53:15+0000 26.4
2016-07-23T01:08:30+0000 26.3
2016-07-23T01:23:44+0000 26.2
2016-07-23T01:38:58+0000 26.1
2016-07-23T01:54:12+0000 26.0
2016-07-23T02:09:27+0000 25.9
2016-07-23T02:24:41+0000 25.9
2016-07-23T02:39:55+0000 25.8
2016-07-23T02:55:10+0000 25.6
2016-07-23T03:10:24+0000 25.4
2016-07-23T03:25:38+0000 25.3
2016-07-23T03:40:53+0000 25.2
2016-07-23T03:56:07+0000 25.0
2016-07-23T04:11:21+0000 24.9
2016-07-23T04:26:36+0000 24.8
2016-07-23T04:41:50+0000 24.7
2016-07-23T04:57:05+0000 24.7
2016-07-23T05:12:19+0000 24.6
2016-07-23T05:27:33+0000 24.6
2016-07-23T05:42:48+0000 24.5
2016-07-23T05:58:02+0000 24.5
2016-07-23T06:13:17+0000 24.3
2016-07-23T06:28:31+0000 24.4
2016-07-23T06:43:46+0000 24.4
2016-07-23T06:59:00+0000 24.5
2016-07-23T07:14:15+0000 24.5
2016-07-23T07:29:29+0000 24.5
2016-07-23T07:44:44+0000 24.5
2016-07-23T07:59:58+0000 24.8
2016-07-23T08:15:13+0000 24.9
2016-07-23T08:30:27+0000 25.2
2016-07-23T08:45:41+0000 25.3
2016-07-23T09:00:56+0000 25.5
2016-07-23T09:16:10+0000 25.9
2016-07-23T09:31:25+0000 26.2
2016-07-23T09:46:39+0000 26.5
2016-07-23T10:01:53+0000 26.8
2016-07-23T10:17:08+0000 27.3
2016-07-23T10:32:22+0000 27.8
2016-07-23T10:47:36+0000 28.2
2016-07-23T11:02:50+0000 28.3
2016-07-23T11:18:05+0000 28.3
2016-07-23T11:33:19+0000 28.4
2016-07-23T11:48:33+0000 28.6
2016-07-23T12:03:47+0000 28.9
2016-07-23T12:19:01+0000 30.1
2016-07-23T12:34:15+0000 31.3
2016-07-23T12:49:30+0000 32.1
2016-07-23T13:04:44+0000 32.5
2016-07-23T13:19:58+0000 33.3
2016-07-23T13:35:11+0000 34.2
2016-07-23T13:50:25+0000 34.9
2016-07-23T14:05:39+0000 35.4
2016-07-23T14:20:53+0000 35.8
2016-07-23T14:36:07+0000 35.7
2016-07-23T14:51:20+0000 35.6
2016-07-23T15:06:34+0000 35.7
2016-07-23T15:21:47+0000 35.3
2016-07-23T15:37:01+0000 35.1
2016-07-23T15:52:15+0000 34.9
2016-07-23T16:07:28+0000 34.8
2016-07-23T16:22:42+0000 34.5
2016-07-23T16:37:55+0000 34.5
2016-07-23T16:53:09+0000 34.6
2016-07-23T17:08:23+0000 34.6
2016-07-23T17:23:37+0000 34.7
2016-07-23T17:38:50+0000 34.5
2016-07-23T17:54:04+0000 34.4
2016-07-23T18:09:18+0000 34.1
2016-07-23T18:24:32+0000 33.8
2016-07-23T18:39:45+0000 33.6
2016-07-23T18:54:59+0000 33.3
2016-07-23T19:10:13+0000 32.9
2016-07-23T19:25:27+0000 32.6
2016-07-23T19:40:40+0000 32.2
2016-07-23T19:55:54+0000 31.7
2016-07-23T20:11:08+0000 31.3
2016-07-23T20:26:22+0000 30.9
2016-07-23T20:41:36+0000 30.6
2016-07-23T20:56:50+0000 30.2
2016-07-23T21:12:04+0000 29.9
2016-07-23T21:27:18+0000 29.6
2016-07-23T21:42:33+0000 29.3
2016-07-23T21:57:47+0000 29.1
2016-07-23T22:13:01+0000 28.8
2016-07-23T22:28:15+0000 28.7
2016-07-23T22:43:29+0000 28.5
2016-07-23T22:58:43+0000 28.3
2016-07-23T23:13:57+0000 28.0
2016-07-23T23:29:11+0000 27.8
2016-07-23T23:44:26+0000 27.5
2016-07-23T23:59:40+0000 27.3
