2016-04-10T00:02:44+0000 13.6
2016-04-10T00:18:00+0000 13.5
2016-04-10T00:33:15+0000 13.4
2016-04-10T00:48:30+0000 13.4
2016-04-10T01:03:45+0000 13.4
2016-04-10T01:19:01+0000 13.3
2016-04-10T01:34:16+0000 13.2
2016-04-10T01:49:31+0000 13.2
2016-04-10T02:04:46+0000 13.1
2016-04-10T02:20:02+0000 13.1
2016-04-10T02:35:17+0000 13.1
2016-04-10T02:50:32+0000 13.0
2016-04-10T03:05:47+0000 12.9
2016-04-10T03:21:03+0000 12.9
2016-04-10T03:36:18+0000 12.8
2016-04-10T03:51:33+0000 12.8
2016-04-10T04:06:48+0000 12.7
2016-04-10T04:22:04+0000 12.7
2016-04-10T04:37:19+0000 12.6
2016-04-10T04:52:34+0000 12.6
2016-04-10T05:07:50+0000 12.6
2016-04-10T05:23:05+0000 12.6
2016-04-10T05:38:20+0000 12.5
2016-04-10T05:53:36+0000 12.6
2016-04-10T06:08:51+0000 12.5
2016-04-10T06:24:06+0000 12.4
2016-04-10T06:39:22+0000 12.6
2016-04-10T06:54:37+0000 12.7
2016-04-10T07:09:52+0000 13.0
2016-04-10T07:25:08+0000 13.7
2016-04-10T07:40:23+0000 13.8
2016-04-10T07:55:38+0000 14.1
2016-04-10T08:10:53+0000 14.8
2016-04-10T08:26:09+0000 15.4
2016-04-10T08:41:24+0000 16.1
2016-04-10T08:56:39+0000 16.8
2016-04-10T09:11:54+0000 17.5
2016-04-10T09:27:09+0000 18.4
2016-04-10T09:42:24+0000 19.2
2016-04-10T09:57:39+0000 20.0
2016-04-10T10:12:55+0000 20.8
2016-04-10T10:28:10+0000 21.6
2016-04-10T10:43:25+0000 22.0
2016-04-10T10:58:40+0000 22.7
2016-04-10T11:13:54+0000 23.5
2016-04-10T11:29:09+0000 24.2
2016-04-10T11:44:24+0000 24.6
2016-04-10T11:59:39+0000 24.8
2016-04-10T12:14:53+0000 25.1
2016-04-10T12:30:08+0000 25.5
2016-04-10T12:45:23+0000 26.0
2016-04-10T13:00:38+0000 26.1
2016-04-10T13:15:52+0000 26.1
2016-04-10T13:31:07+0000 26.0
2016-04-10T13:46:21+0000 26.2
2016-04-10T14:01:36+0000 26.5
2016-04-10T14:16:50+0000 26.2
2016-04-10T14:32:05+0000 25.9
2016-04-10T14:47:19+0000 25.9
2016-04-10T15:02:34+0000 25.9
2016-04-10T15:17:48+0000 25.5
2016-04-10T15:33:03+0000 25.2
2016-04-10T15:48:18+0000 25.1
2016-04-10T16:03:32+0000 24.6
2016-04-10T16:18:47+0000 24.4
2016-04-10T16:34:02+0000 24.2
2016-04-10T16:49:16+0000 24.1
2016-04-10T17:04:31+0000 23.9
2016-04-10T17:19:45+0000 23.5
2016-04-10T17:35:00+0000 23.3
2016-04-10T17:50:15+0000 23.1
2016-04-10T18:05:30+0000 22.6
2016-04-10T18:20:44+0000 22.2
2016-04-10T18:35:59+0000 21.9
2016-04-10T18:51:14+0000 21.4
2016-04-10T19:06:29+0000 20.8
2016-04-10T19:21:44+0000 20.6
2016-04-10T19:36:58+0000 20.2
2016-04-10T19:52:14+0000 19.9
2016-04-10T20:07:29+0000 19.5
2016-04-10T20:22:44+0000 19.2
2016-04-10T20:37:58+0000 18.9
2016-04-10T20:53:13+0000 18.7
2016-04-10T21:08:28+0000 18.4
2016-04-10T21:23:43+0000 18.1
2016-04-10T21:38:58+0000 17.8
2016-04-10T21:54:13+0000 17.6
2016-04-10T22:09:28+0000 17.4
2016-04-10T22:24:43+0000 17.1
2016-04-10T22:39:58+0000 16.9
2016-04-10T22:55:14+0000 16.6
2016-04-10T23:10:29+0000 16.3
2016-04-10T23:25:44+0000 16.0
2016-04-10T23:40:59+0000 15.8
2016-04-10T23:56:14+0000 15.5
