2016-04-06T00:12:22+0000 14.8
2016-04-06T00:27:37+0000 14.7
2016-04-06T00:42:52+0000 14.8
2016-04-06T00:58:07+0000 14.6
2016-04-06T01:13:22+0000 14.6
2016-04-06T01:28:38+0000 14.5
2016-04-06T01:43:53+0000 14.3
2016-04-06T01:59:08+0000 14.3
2016-04-06T02:14:23+0000 14.2
2016-04-06T02:29:38+0000 14.2
2016-04-06T02:44:53+0000 13.9
2016-04-06T03:00:09+0000 14.0
2016-04-06T03:15:24+0000 13.9
2016-04-06T03:30:39+0000 13.9
2016-04-06T03:45:54+0000 13.9
2016-04-06T04:01:10+0000 13.8
2016-04-06T04:16:25+0000 13.8
2016-04-06T04:31:40+0000 13.6
2016-04-06T04:46:55+0000 13.6
2016-04-06T05:02:10+0000 13.4
2016-04-06T05:17:26+0000 13.3
2016-04-06T05:32:41+0000 13.3
2016-04-06T05:47:56+0000 13.2
2016-04-06T06:03:11+0000 13.1
2016-04-06T06:18:27+0000 13.1
2016-04-06T06:33:42+0000 13.1
2016-04-06T06:48:57+0000 13.1
2016-04-06T07:04:13+0000 13.2
2016-04-06T07:19:28+0000 13.2
2016-04-06T07:34:43+0000 13.4
2016-04-06T07:49:59+0000 14.0
2016-04-06T08:05:14+0000 14.1
2016-04-06T08:20:29+0000 14.7
2016-04-06T08:35:44+0000 15.3
2016-04-06T08:50:59+0000 15.9
2016-04-06T09:06:15+0000 16.7
2016-04-06T09:21:30+0000 17.0
2016-04-06T09:36:45+0000 17.0
2016-04-06T09:52:00+0000 17.4
2016-04-06T10:07:15+0000 17.2
2016-04-06T10:22:30+0000 17.7
2016-04-06T10:37:45+0000 18.7
2016-04-06T10:53:00+0000 19.0
2016-04-06T11:08:15+0000 19.2
2016-04-06T11:23:30+0000 19.9
2016-04-06T11:38:46+0000 20.3
2016-04-06T11:54:01+0000 20.9
2016-04-06T12:09:15+0000 21.0
2016-04-06T12:24:30+0000 20.5
2016-04-06T12:39:45+0000 20.3
2016-04-06T12:55:00+0000 20.2
2016-04-06T13:10:15+0000 20.5
2016-04-06T13:25:30+0000 20.5
2016-04-06T13:40:45+0000 20.7
2016-04-06T13:56:00+0000 20.6
2016-04-06T14:11:15+0000 20.9
2016-04-06T14:26:30+0000 21.1
2016-04-06T14:41:45+0000 20.9
2016-04-06T14:57:00+0000 20.8
2016-04-06T15:12:15+0000 20.6
2016-04-06T15:27:30+0000 20.5
2016-04-06T15:42:44+0000 20.6
2016-04-06T15:57:59+0000 20.7
2016-04-06T16:13:14+0000 20.8
2016-04-06T16:28:29+0000 20.8
2016-04-06T16:43:44+0000 20.6
2016-04-06T16:58:59+0000 20.4
2016-04-06T17:14:14+0000 20.3
2016-04-06T17:29:29+0000 20.0
2016-04-06T17:44:44+0000 19.9
2016-04-06T17:59:59+0000 19.7
2016-04-06T18:15:14+0000 19.5
2016-04-06T18:30:29+0000 19.4
2016-04-06T18:45:44+0000 19.0
2016-04-06T19:00:59+0000 18.7
2016-04-06T19:16:14+0000 18.5
2016-04-06T19:31:29+0000 18.4
2016-04-06T19:46:43+0000 18.1
2016-04-06T20:01:58+0000 17.8
2016-04-06T20:17:13+0000 17.7
2016-04-06T20:32:28+0000 17.6
2016-04-06T20:47:44+0000 17.4
2016-04-06T21:02:59+0000 17.4
2016-04-06T21:18:14+0000 17.0
2016-04-06T21:33:29+0000 16.8
2016-04-06T21:48:44+0000 16.5
2016-04-06T22:03:59+0000 16.4
2016-04-06T22:19:14+0000 16.1
2016-04-06T22:34:29+0000 16.0
2016-04-06T22:49:44+0000 15.8
2016-04-06T23:04:59+0000 15.7
2016-04-06T23:20:14+0000 15.6
2016-04-06T23:35:29+0000 15.5
2016-04-06T23:50:44+0000 15.4
