2016-06-01T00:15:13+0000 20.9
2016-06-01T00:30:28+0000 20.6
2016-06-01T00:45:43+0000 20.5
2016-06-01T01:00:58+0000 20.2
2016-06-01T01:16:12+0000 20.1
2016-06-01T01:31:27+0000 19.9
2016-06-01T01:46:42+0000 19.6
2016-06-01T02:01:57+0000 19.5
2016-06-01T02:17:11+0000 19.2
2016-06-01T02:32:26+0000 19.1
2016-06-01T02:47:41+0000 18.9
2016-06-01T03:02:56+0000 18.8
2016-06-01T03:18:11+0000 18.6
2016-06-01T03:33:25+0000 18.5
2016-06-01T03:48:40+0000 18.2
2016-06-01T04:03:55+0000 18.1
2016-06-01T04:19:10+0000 17.9
2016-06-01T04:34:25+0000 17.7
2016-06-01T04:49:40+0000 17.7
2016-06-01T05:04:55+0000 17.5
2016-06-01T05:20:10+0000 17.4
2016-06-01T05:35:25+0000 17.4
2016-06-01T05:50:40+0000 17.3
2016-06-01T06:05:54+0000 17.3
2016-06-01T06:21:09+0000 17.2
2016-06-01T06:36:24+0000 17.5
2016-06-01T06:51:39+0000 17.9
2016-06-01T07:06:54+0000 18.6
2016-06-01T07:22:09+0000 19.0
2016-06-01T07:37:24+0000 19.7
2016-06-01T07:52:38+0000 20.4
2016-06-01T08:07:53+0000 21.0
2016-06-01T08:23:08+0000 21.8
2016-06-01T08:38:23+0000 22.5
2016-06-01T08:53:37+0000 23.3
2016-06-01T09:08:52+0000 23.8
2016-06-01T09:24:07+0000 24.5
2016-06-01T09:39:21+0000 25.1
2016-06-01T09:54:36+0000 25.9
2016-06-01T10:09:50+0000 25.9
2016-06-01T10:25:05+0000 26.3
2016-06-01T10:40:19+0000 26.7
2016-06-01T10:55:34+0000 27.1
2016-06-01T11:10:48+0000 27.4
2016-06-01T11:26:02+0000 27.9
2016-06-01T11:41:17+0000 28.0
2016-06-01T11:56:31+0000 27.9
2016-06-01T12:11:45+0000 28.5
2016-06-01T12:27:00+0000 28.5
2016-06-01T12:42:14+0000 28.4
2016-06-01T12:57:28+0000 28.7
2016-06-01T13:12:43+0000 28.7
2016-06-01T13:27:57+0000 28.7
2016-06-01T13:43:11+0000 28.9
2016-06-01T13:58:26+0000 28.8
2016-06-01T14:13:40+0000 29.0
2016-06-01T14:28:54+0000 29.0
2016-06-01T14:44:08+0000 29.3
2016-06-01T14:59:22+0000 29.5
2016-06-01T15:14:36+0000 29.6
2016-06-01T15:29:50+0000 29.3
2016-06-01T15:45:04+0000 29.3
2016-06-01T16:00:18+0000 29.5
2016-06-01T16:15:32+0000 29.1
2016-06-01T16:30:46+0000 28.9
2016-06-01T16:46:00+0000 28.6
2016-06-01T17:01:14+0000 28.6
2016-06-01T17:16:28+0000 28.1
2016-06-01T17:31:42+0000 27.7
2016-06-01T17:46:57+0000 27.5
2016-06-01T18:02:11+0000 27.1
2016-06-01T18:17:25+0000 27.0
2016-06-01T18:32:39+0000 26.6
2016-06-01T18:47:53+0000 26.4
2016-06-01T19:03:08+0000 26.1
2016-06-01T19:18:22+0000 25.9
2016-06-01T19:33:36+0000 25.5
2016-06-01T19:48:51+0000 25.2
2016-06-01T20:04:05+0000 25.0
2016-06-01T20:19:19+0000 24.6
2016-06-01T20:34:34+0000 24.3
2016-06-01T20:49:48+0000 23.9
2016-06-01T21:05:03+0000 23.7
2016-06-01T21:20:17+0000 23.3
2016-06-01T21:35:31+0000 23.2
2016-06-01T21:50:46+0000 22.9
2016-06-01T22:06:00+0000 22.7
2016-06-01T22:21:15+0000 22.7
2016-06-01T22:36:29+0000 22.4
2016-06-01T22:51:44+0000 22.2
2016-06-01T23:06:58+0000 22.1
2016-06-01T23:22:12+0000 22.0
2016-06-01T23:37:27+0000 21.8
2016-06-01T23:52:41+0000 21.7
