2015-11-27T00:03:49+0000 6.0
2015-11-27T00:18:49+0000 6.0
2015-11-27T00:33:49+0000 6.0
2015-11-27T00:48:49+0000 6.0
2015-11-27T01:03:50+0000 6.0
2015-11-27T01:18:50+0000 6.0
2015-11-27T01:33:50+0000 6.0
2015-11-27T01:48:50+0000 6.0
2015-11-27T02:03:50+0000 6.0
2015-11-27T02:18:50+0000 6.0
2015-11-27T02:33:51+0000 6.0
2015-11-27T02:48:51+0000 6.0
2015-11-27T03:03:51+0000 6.0
2015-11-27T03:18:51+0000 6.0
2015-11-27T03:33:51+0000 6.0
2015-11-27T03:48:51+0000 6.0
2015-11-27T04:03:52+0000 6.0
2015-11-27T04:18:52+0000 6.0
2015-11-27T04:33:52+0000 6.0
2015-11-27T04:48:52+0000 6.0
2015-11-27T05:03:52+0000 6.0
2015-11-27T05:18:53+0000 6.0
2015-11-27T05:33:53+0000 6.0
2015-11-27T05:48:53+0000 6.0
2015-11-27T06:03:53+0000 6.0
2015-11-27T06:18:53+0000 6.0
2015-11-27T06:33:53+0000 6.0
2015-11-27T06:48:54+0000 6.0
2015-11-27T07:03:54+0000 6.0
2015-11-27T07:18:54+0000 6.0
2015-11-27T07:33:54+0000 6.0
2015-11-27T07:48:54+0000 6.0
2015-11-27T17:34:56+0000 0.0
2015-11-27T17:49:56+0000 0.0
2015-11-27T18:04:56+0000 0.0
2015-11-27T18:19:56+0000 0.0
2015-11-27T18:25:46+0000 0.0
2015-11-27T18:28:28+0000 21.5
2015-11-27T18:38:42+0000 18.5
2015-11-27T18:49:58+0000 18.0
