2016-09-02T00:02:21+0000 25.0
2016-09-02T00:17:36+0000 24.8
2016-09-02T00:32:51+0000 24.5
2016-09-02T00:48:06+0000 24.4
2016-09-02T01:03:20+0000 24.0
2016-09-02T01:18:35+0000 23.8
2016-09-02T01:33:50+0000 23.6
2016-09-02T01:49:04+0000 23.4
2016-09-02T02:04:19+0000 23.2
2016-09-02T02:19:34+0000 23.0
2016-09-02T02:34:49+0000 22.7
2016-09-02T02:50:03+0000 22.7
2016-09-02T03:05:18+0000 22.4
2016-09-02T03:20:33+0000 22.2
2016-09-02T03:35:48+0000 22.1
2016-09-02T03:51:03+0000 21.9
2016-09-02T04:06:18+0000 21.6
2016-09-02T04:21:32+0000 21.5
2016-09-02T04:36:47+0000 21.3
2016-09-02T04:52:02+0000 21.1
2016-09-02T05:07:17+0000 21.0
2016-09-02T05:22:32+0000 20.8
2016-09-02T05:37:47+0000 20.7
2016-09-02T05:53:02+0000 20.6
2016-09-02T06:08:17+0000 20.4
2016-09-02T06:23:32+0000 20.4
2016-09-02T06:38:47+0000 20.3
2016-09-02T06:54:02+0000 20.4
2016-09-02T07:09:17+0000 20.6
2016-09-02T07:24:32+0000 20.9
2016-09-02T07:39:47+0000 21.4
2016-09-02T07:55:02+0000 21.9
2016-09-02T08:10:17+0000 22.6
2016-09-02T08:25:32+0000 23.2
2016-09-02T08:40:47+0000 24.1
2016-09-02T08:56:02+0000 24.8
2016-09-02T09:11:16+0000 25.8
2016-09-02T09:26:31+0000 26.6
2016-09-02T09:41:46+0000 27.6
2016-09-02T09:57:00+0000 28.5
2016-09-02T10:12:15+0000 29.0
2016-09-02T10:27:29+0000 29.9
2016-09-02T10:42:44+0000 30.7
2016-09-02T10:57:58+0000 31.3
2016-09-02T11:13:13+0000 32.0
2016-09-02T11:28:27+0000 32.6
2016-09-02T11:43:41+0000 33.0
2016-09-02T11:58:55+0000 33.7
2016-09-02T12:14:10+0000 34.2
2016-09-02T12:29:24+0000 34.6
2016-09-02T12:44:38+0000 34.7
2016-09-02T12:59:52+0000 35.1
2016-09-02T13:15:06+0000 35.2
2016-09-02T13:30:20+0000 35.3
2016-09-02T13:45:34+0000 35.4
2016-09-02T14:00:47+0000 35.5
2016-09-02T14:16:01+0000 35.5
2016-09-02T14:31:15+0000 35.3
2016-09-02T14:46:29+0000 35.3
2016-09-02T15:01:43+0000 35.1
2016-09-02T15:16:57+0000 34.9
2016-09-02T15:32:11+0000 34.7
2016-09-02T15:47:25+0000 34.5
2016-09-02T16:02:39+0000 34.3
2016-09-02T16:17:53+0000 34.3
2016-09-02T16:33:06+0000 34.1
2016-09-02T16:48:20+0000 33.7
2016-09-02T17:03:34+0000 33.4
2016-09-02T17:18:48+0000 33.2
2016-09-02T17:34:02+0000 33.0
2016-09-02T17:49:16+0000 32.4
2016-09-02T18:04:30+0000 32.1
2016-09-02T18:19:44+0000 31.7
2016-09-02T18:34:59+0000 31.2
2016-09-02T18:50:13+0000 30.8
2016-09-02T19:05:27+0000 30.3
2016-09-02T19:20:41+0000 29.9
2016-09-02T19:35:55+0000 29.4
2016-09-02T19:51:10+0000 29.1
2016-09-02T20:06:24+0000 28.7
2016-09-02T20:21:38+0000 28.3
2016-09-02T20:36:53+0000 28.0
2016-09-02T20:52:07+0000 27.6
2016-09-02T21:07:22+0000 27.4
2016-09-02T21:22:36+0000 27.0
2016-09-02T21:37:50+0000 26.6
2016-09-02T21:53:05+0000 26.4
2016-09-02T22:08:19+0000 26.0
2016-09-02T22:23:34+0000 25.9
2016-09-02T22:38:49+0000 25.6
2016-09-02T22:54:03+0000 25.4
2016-09-02T23:09:18+0000 25.1
2016-09-02T23:24:32+0000 24.8
2016-09-02T23:39:47+0000 24.5
2016-09-02T23:55:01+0000 24.4
