2016-02-05T00:14:16+0000 8.4
2016-02-05T00:29:32+0000 8.1
2016-02-05T00:44:48+0000 8.3
2016-02-05T01:00:04+0000 8.2
2016-02-05T01:15:20+0000 8.2
2016-02-05T01:30:36+0000 8.2
2016-02-05T01:45:51+0000 8.4
2016-02-05T02:01:07+0000 8.4
2016-02-05T02:16:23+0000 8.3
2016-02-05T02:31:39+0000 8.6
2016-02-05T02:46:55+0000 8.5
2016-02-05T03:02:11+0000 8.5
2016-02-05T03:17:26+0000 8.8
2016-02-05T03:32:42+0000 8.3
2016-02-05T03:47:58+0000 8.2
2016-02-05T04:03:14+0000 8.3
2016-02-05T04:18:30+0000 8.8
2016-02-05T04:33:45+0000 8.4
2016-02-05T04:49:01+0000 8.5
2016-02-05T05:04:17+0000 8.3
2016-02-05T05:19:33+0000 8.6
2016-02-05T05:34:49+0000 8.4
2016-02-05T05:50:05+0000 8.5
2016-02-05T06:05:21+0000 8.3
2016-02-05T06:20:36+0000 8.4
2016-02-05T06:35:52+0000 8.3
2016-02-05T06:51:08+0000 8.4
2016-02-05T07:06:24+0000 8.3
2016-02-05T07:21:40+0000 8.2
2016-02-05T07:36:56+0000 8.4
2016-02-05T07:52:11+0000 8.4
2016-02-05T08:07:27+0000 8.4
2016-02-05T08:22:43+0000 8.5
2016-02-05T08:37:59+0000 8.6
2016-02-05T08:53:15+0000 8.8
2016-02-05T09:08:30+0000 8.8
2016-02-05T09:23:46+0000 8.9
2016-02-05T09:39:02+0000 9.0
2016-02-05T09:54:18+0000 9.1
2016-02-05T10:09:34+0000 9.3
2016-02-05T10:24:50+0000 9.5
2016-02-05T10:40:05+0000 9.7
2016-02-05T10:55:21+0000 9.9
2016-02-05T11:10:37+0000 10.1
2016-02-05T11:25:53+0000 10.7
2016-02-05T11:41:09+0000 10.8
2016-02-05T11:56:24+0000 11.1
2016-02-05T12:11:40+0000 11.5
2016-02-05T12:26:56+0000 11.4
2016-02-05T12:42:12+0000 11.7
2016-02-05T12:57:27+0000 12.1
2016-02-05T13:12:43+0000 12.6
2016-02-05T13:27:59+0000 12.9
2016-02-05T13:43:14+0000 13.2
2016-02-05T13:58:30+0000 13.6
2016-02-05T14:13:45+0000 13.7
2016-02-05T14:29:01+0000 13.8
2016-02-05T14:44:16+0000 13.9
2016-02-05T14:59:32+0000 13.8
2016-02-05T15:14:48+0000 13.8
2016-02-05T15:30:03+0000 13.8
2016-02-05T15:45:19+0000 13.7
2016-02-05T16:00:34+0000 13.5
2016-02-05T16:15:50+0000 13.6
2016-02-05T16:31:05+0000 13.5
2016-02-05T16:46:21+0000 13.4
2016-02-05T17:01:37+0000 13.4
2016-02-05T17:16:52+0000 13.3
2016-02-05T17:32:08+0000 13.2
2016-02-05T17:47:23+0000 13.1
2016-02-05T18:02:39+0000 13.0
2016-02-05T18:17:54+0000 13.0
2016-02-05T18:33:10+0000 12.8
2016-02-05T18:48:26+0000 12.5
2016-02-05T19:03:41+0000 12.4
2016-02-05T19:18:57+0000 12.2
2016-02-05T19:34:13+0000 11.9
2016-02-05T19:49:28+0000 11.7
2016-02-05T20:04:44+0000 11.6
2016-02-05T20:20:00+0000 11.3
2016-02-05T20:35:16+0000 11.1
2016-02-05T20:50:31+0000 10.9
2016-02-05T21:05:47+0000 10.6
2016-02-05T21:21:03+0000 10.6
2016-02-05T21:36:19+0000 10.3
2016-02-05T21:51:34+0000 10.2
2016-02-05T22:06:50+0000 10.1
2016-02-05T22:22:06+0000 9.9
2016-02-05T22:37:22+0000 9.8
2016-02-05T22:52:37+0000 9.6
2016-02-05T23:07:53+0000 9.5
2016-02-05T23:23:09+0000 9.4
2016-02-05T23:38:25+0000 9.2
2016-02-05T23:53:41+0000 9.0
