2016-07-04T00:03:37+0000 20.6
2016-07-04T00:18:52+0000 20.6
2016-07-04T00:34:07+0000 20.4
2016-07-04T00:49:21+0000 20.4
2016-07-04T01:04:36+0000 20.3
2016-07-04T01:19:51+0000 20.2
2016-07-04T01:35:06+0000 20.2
2016-07-04T01:50:21+0000 20.1
2016-07-04T02:05:36+0000 20.1
2016-07-04T02:20:51+0000 20.0
2016-07-04T02:36:05+0000 20.0
2016-07-04T02:51:20+0000 19.8
2016-07-04T03:06:35+0000 19.7
2016-07-04T03:21:50+0000 19.9
2016-07-04T03:37:05+0000 19.7
2016-07-04T03:52:20+0000 19.6
2016-07-04T04:07:35+0000 19.5
2016-07-04T04:22:50+0000 19.5
2016-07-04T04:38:05+0000 19.4
2016-07-04T04:53:20+0000 19.4
2016-07-04T05:08:35+0000 19.4
2016-07-04T05:23:50+0000 19.4
2016-07-04T05:39:04+0000 19.4
2016-07-04T05:54:19+0000 19.4
2016-07-04T06:09:34+0000 19.4
2016-07-04T06:24:49+0000 19.6
2016-07-04T06:40:04+0000 19.8
2016-07-04T06:55:19+0000 20.1
2016-07-04T07:10:34+0000 20.6
2016-07-04T07:25:49+0000 21.0
2016-07-04T07:41:04+0000 21.4
2016-07-04T07:56:19+0000 22.1
2016-07-04T08:11:34+0000 23.2
2016-07-04T08:26:48+0000 24.2
2016-07-04T08:42:03+0000 25.2
2016-07-04T08:57:18+0000 25.9
2016-07-04T09:12:32+0000 26.3
2016-07-04T09:27:47+0000 26.6
2016-07-04T09:43:01+0000 27.4
2016-07-04T09:58:16+0000 28.5
2016-07-04T10:13:30+0000 29.7
2016-07-04T10:28:45+0000 30.8
2016-07-04T10:43:59+0000 30.8
2016-07-04T10:59:13+0000 31.4
2016-07-04T11:14:28+0000 32.1
2016-07-04T11:29:42+0000 32.3
2016-07-04T11:44:56+0000 33.4
2016-07-04T12:00:10+0000 33.0
2016-07-04T12:15:24+0000 33.5
2016-07-04T12:30:38+0000 33.9
2016-07-04T12:45:52+0000 34.7
2016-07-04T13:01:06+0000 35.5
2016-07-04T13:16:20+0000 35.2
2016-07-04T13:31:34+0000 34.7
2016-07-04T13:46:47+0000 35.1
2016-07-04T14:02:01+0000 35.4
2016-07-04T14:17:15+0000 35.8
2016-07-04T14:32:29+0000 35.9
2016-07-04T14:47:42+0000 35.9
2016-07-04T15:02:56+0000 35.8
2016-07-04T15:18:10+0000 35.7
2016-07-04T15:33:24+0000 35.8
2016-07-04T15:48:37+0000 35.8
2016-07-04T16:03:51+0000 35.7
2016-07-04T16:19:05+0000 35.5
2016-07-04T16:34:19+0000 35.1
2016-07-04T16:49:32+0000 35.0
2016-07-04T17:04:46+0000 34.6
2016-07-04T17:20:00+0000 34.1
2016-07-04T17:35:14+0000 33.8
2016-07-04T17:50:28+0000 33.4
2016-07-04T18:05:41+0000 33.3
2016-07-04T18:20:55+0000 32.9
2016-07-04T18:36:09+0000 32.6
2016-07-04T18:51:23+0000 32.6
2016-07-04T19:06:37+0000 32.3
2016-07-04T19:21:51+0000 32.0
2016-07-04T19:37:04+0000 31.5
2016-07-04T19:52:18+0000 31.1
2016-07-04T20:07:32+0000 30.7
2016-07-04T20:22:46+0000 30.3
2016-07-04T20:38:00+0000 29.8
2016-07-04T20:53:14+0000 29.4
2016-07-04T21:08:28+0000 29.0
2016-07-04T21:23:42+0000 28.5
2016-07-04T21:38:56+0000 28.2
2016-07-04T21:54:11+0000 27.8
2016-07-04T22:09:25+0000 27.4
2016-07-04T22:24:39+0000 27.0
2016-07-04T22:39:53+0000 26.8
2016-07-04T22:55:08+0000 26.4
2016-07-04T23:10:22+0000 26.1
2016-07-04T23:25:36+0000 25.8
2016-07-04T23:40:51+0000 25.5
2016-07-04T23:56:05+0000 25.2
