2016-09-10T00:07:30+0000 25.3
2016-09-10T00:22:45+0000 25.0
2016-09-10T00:38:00+0000 24.8
2016-09-10T00:53:15+0000 24.5
2016-09-10T01:08:30+0000 24.3
2016-09-10T01:23:44+0000 24.1
2016-09-10T01:38:59+0000 23.8
2016-09-10T01:54:14+0000 23.7
2016-09-10T02:09:29+0000 23.5
2016-09-10T02:24:44+0000 23.2
2016-09-10T02:39:58+0000 23.1
2016-09-10T02:55:13+0000 22.9
2016-09-10T03:10:28+0000 22.7
2016-09-10T03:25:43+0000 22.5
2016-09-10T03:40:58+0000 22.3
2016-09-10T03:56:13+0000 22.1
2016-09-10T04:11:28+0000 22.0
2016-09-10T04:26:43+0000 21.8
2016-09-10T04:41:58+0000 21.7
2016-09-10T04:57:13+0000 21.4
2016-09-10T05:12:28+0000 21.4
2016-09-10T05:27:43+0000 21.2
2016-09-10T05:42:58+0000 21.1
2016-09-10T05:58:13+0000 20.8
2016-09-10T06:13:28+0000 20.8
2016-09-10T06:28:43+0000 20.7
2016-09-10T06:43:58+0000 20.8
2016-09-10T06:59:13+0000 20.8
2016-09-10T07:14:28+0000 21.2
2016-09-10T07:29:43+0000 21.6
2016-09-10T07:44:59+0000 22.0
2016-09-10T08:00:14+0000 22.6
2016-09-10T08:15:29+0000 23.1
2016-09-10T08:30:44+0000 23.9
2016-09-10T08:45:58+0000 24.5
2016-09-10T09:01:13+0000 25.4
2016-09-10T09:16:28+0000 26.1
2016-09-10T09:31:43+0000 27.0
2016-09-10T09:46:58+0000 27.9
2016-09-10T10:02:12+0000 28.6
2016-09-10T10:17:27+0000 29.4
2016-09-10T10:32:42+0000 30.2
2016-09-10T10:47:56+0000 30.9
2016-09-10T11:03:11+0000 31.7
2016-09-10T11:18:25+0000 32.4
2016-09-10T11:33:40+0000 33.2
2016-09-10T11:48:54+0000 33.9
2016-09-10T12:04:08+0000 34.4
2016-09-10T12:19:23+0000 35.2
2016-09-10T12:34:37+0000 35.6
2016-09-10T12:49:51+0000 35.9
2016-09-10T13:05:05+0000 36.3
2016-09-10T13:20:19+0000 36.6
2016-09-10T13:35:33+0000 36.9
2016-09-10T13:50:47+0000 37.0
2016-09-10T14:06:01+0000 37.1
2016-09-10T14:21:14+0000 37.1
2016-09-10T14:36:28+0000 37.1
2016-09-10T14:51:42+0000 37.0
2016-09-10T15:06:56+0000 36.9
2016-09-10T15:22:10+0000 36.8
2016-09-10T15:37:24+0000 36.5
2016-09-10T15:52:37+0000 36.4
2016-09-10T16:07:51+0000 36.2
2016-09-10T16:23:05+0000 35.9
2016-09-10T16:38:19+0000 35.9
2016-09-10T16:53:33+0000 35.7
2016-09-10T17:08:46+0000 35.5
2016-09-10T17:24:00+0000 35.2
2016-09-10T17:39:14+0000 34.8
2016-09-10T17:54:28+0000 34.6
2016-09-10T18:09:42+0000 34.1
2016-09-10T18:24:56+0000 33.7
2016-09-10T18:40:10+0000 33.3
2016-09-10T18:55:24+0000 32.7
2016-09-10T19:10:38+0000 32.2
2016-09-10T19:25:52+0000 31.7
2016-09-10T19:41:06+0000 31.2
2016-09-10T19:56:20+0000 30.8
2016-09-10T20:11:34+0000 30.5
2016-09-10T20:26:48+0000 30.1
2016-09-10T20:42:02+0000 29.7
2016-09-10T20:57:17+0000 29.6
2016-09-10T21:12:31+0000 29.2
2016-09-10T21:27:45+0000 28.9
2016-09-10T21:43:00+0000 28.6
2016-09-10T21:58:14+0000 28.5
2016-09-10T22:13:28+0000 28.1
2016-09-10T22:28:43+0000 27.8
2016-09-10T22:43:57+0000 27.7
2016-09-10T22:59:12+0000 27.5
2016-09-10T23:14:26+0000 27.2
2016-09-10T23:29:41+0000 27.0
2016-09-10T23:44:55+0000 26.6
