2016-05-09T00:11:01+0000 23.0
2016-05-09T00:26:15+0000 22.8
2016-05-09T00:41:30+0000 22.6
2016-05-09T00:56:44+0000 22.4
2016-05-09T01:11:58+0000 22.2
2016-05-09T01:27:13+0000 21.9
2016-05-09T01:42:27+0000 21.7
2016-05-09T01:57:42+0000 21.5
2016-05-09T02:12:56+0000 21.3
2016-05-09T02:28:11+0000 21.2
2016-05-09T02:43:25+0000 20.8
2016-05-09T02:58:40+0000 20.6
2016-05-09T03:13:54+0000 20.5
2016-05-09T03:29:09+0000 20.2
2016-05-09T03:44:23+0000 20.2
2016-05-09T03:59:38+0000 19.9
2016-05-09T04:14:52+0000 19.8
2016-05-09T04:30:07+0000 19.6
2016-05-09T04:45:22+0000 19.3
2016-05-09T05:00:36+0000 19.2
2016-05-09T05:15:51+0000 18.9
2016-05-09T05:31:06+0000 18.9
2016-05-09T05:46:20+0000 18.8
2016-05-09T06:01:35+0000 18.8
2016-05-09T06:16:50+0000 18.9
2016-05-09T06:32:04+0000 19.0
2016-05-09T06:47:19+0000 19.4
2016-05-09T07:02:34+0000 19.8
2016-05-09T07:17:48+0000 20.4
2016-05-09T07:33:03+0000 21.1
2016-05-09T07:48:18+0000 21.6
2016-05-09T08:03:32+0000 22.3
2016-05-09T08:18:47+0000 23.2
2016-05-09T08:34:01+0000 23.9
2016-05-09T08:49:16+0000 24.6
2016-05-09T09:04:30+0000 25.3
2016-05-09T09:19:45+0000 26.1
2016-05-09T09:34:59+0000 26.9
2016-05-09T09:50:14+0000 27.9
2016-05-09T10:05:28+0000 28.5
2016-05-09T10:20:42+0000 29.0
2016-05-09T10:35:56+0000 29.9
2016-05-09T10:51:10+0000 30.5
2016-05-09T11:06:25+0000 30.9
2016-05-09T11:21:39+0000 31.5
2016-05-09T11:36:53+0000 32.0
2016-05-09T11:52:07+0000 32.3
2016-05-09T12:07:21+0000 32.9
2016-05-09T12:22:35+0000 33.2
2016-05-09T12:37:49+0000 33.6
2016-05-09T12:53:03+0000 33.8
2016-05-09T13:08:17+0000 34.1
2016-05-09T13:23:31+0000 34.5
2016-05-09T13:38:44+0000 34.8
2016-05-09T13:53:58+0000 34.9
2016-05-09T14:09:12+0000 34.9
2016-05-09T14:24:26+0000 34.5
2016-05-09T14:39:40+0000 34.2
2016-05-09T14:54:53+0000 33.9
2016-05-09T15:10:07+0000 33.7
2016-05-09T15:25:21+0000 33.8
2016-05-09T15:40:35+0000 33.8
2016-05-09T15:55:49+0000 33.8
2016-05-09T16:11:03+0000 33.6
2016-05-09T16:26:16+0000 33.7
2016-05-09T16:41:30+0000 33.6
2016-05-09T16:56:44+0000 33.6
2016-05-09T17:11:58+0000 33.3
2016-05-09T17:27:12+0000 33.2
2016-05-09T17:42:26+0000 33.0
2016-05-09T17:57:40+0000 32.7
2016-05-09T18:12:54+0000 32.5
2016-05-09T18:28:08+0000 32.1
2016-05-09T18:43:22+0000 31.8
2016-05-09T18:58:35+0000 31.5
2016-05-09T19:13:49+0000 30.9
2016-05-09T19:29:03+0000 30.5
2016-05-09T19:44:17+0000 30.0
2016-05-09T19:59:31+0000 29.6
2016-05-09T20:14:45+0000 29.1
2016-05-09T20:30:00+0000 28.7
2016-05-09T20:45:14+0000 28.4
2016-05-09T21:00:28+0000 28.1
2016-05-09T21:15:42+0000 27.6
2016-05-09T21:30:56+0000 27.2
2016-05-09T21:46:11+0000 26.9
2016-05-09T22:01:25+0000 26.5
2016-05-09T22:16:39+0000 26.2
2016-05-09T22:31:53+0000 25.9
2016-05-09T22:47:08+0000 25.7
2016-05-09T23:02:22+0000 25.4
2016-05-09T23:17:37+0000 25.1
2016-05-09T23:32:51+0000 25.0
2016-05-09T23:48:05+0000 24.6
