2015-11-22T11:12:29+0000 19.5
2015-11-22T11:27:29+0000 19.5
2015-11-22T11:42:30+0000 19.5
2015-11-22T11:57:30+0000 19.5
2015-11-22T12:12:30+0000 19.5
2015-11-22T12:27:30+0000 19.5
2015-11-22T12:42:30+0000 19.0
2015-11-22T12:57:30+0000 19.0
2015-11-22T13:12:31+0000 19.0
2015-11-22T13:27:31+0000 19.0
2015-11-22T13:42:31+0000 19.0
2015-11-22T13:57:31+0000 19.0
2015-11-22T14:12:31+0000 19.0
2015-11-22T14:27:32+0000 19.0
2015-11-22T14:42:32+0000 19.0
2015-11-22T14:57:32+0000 19.0
2015-11-22T15:12:32+0000 19.0
2015-11-22T15:27:32+0000 19.0
2015-11-22T15:42:32+0000 19.0
2015-11-22T15:57:33+0000 19.0
2015-11-22T16:12:33+0000 19.0
2015-11-22T16:27:33+0000 19.0
2015-11-22T16:42:33+0000 19.0
2015-11-22T16:57:33+0000 19.0
2015-11-22T17:12:34+0000 19.0
2015-11-22T17:27:34+0000 19.0
2015-11-22T17:42:34+0000 19.0
2015-11-22T17:57:34+0000 19.0
2015-11-22T18:12:34+0000 19.0
2015-11-22T18:27:34+0000 19.0
2015-11-22T18:42:35+0000 19.0
2015-11-22T18:57:35+0000 19.0
2015-11-22T19:12:35+0000 19.0
2015-11-22T19:27:35+0000 19.0
2015-11-22T19:42:35+0000 19.0
2015-11-22T19:57:36+0000 19.0
2015-11-22T20:12:36+0000 19.0
2015-11-22T20:27:36+0000 19.0
2015-11-22T20:42:36+0000 19.0
2015-11-22T20:57:36+0000 18.5
2015-11-22T21:12:36+0000 18.5
2015-11-22T21:27:37+0000 19.0
2015-11-22T21:42:37+0000 19.0
2015-11-22T21:57:37+0000 18.5
2015-11-22T22:12:37+0000 18.5
2015-11-22T22:27:37+0000 18.5
2015-11-22T22:42:37+0000 18.5
2015-11-22T22:57:38+0000 18.5
2015-11-22T23:12:38+0000 18.5
2015-11-22T23:27:38+0000 18.5
2015-11-22T23:42:38+0000 18.5
2015-11-22T23:57:38+0000 18.5
