2016-08-23T00:04:59+0000 21.3
2016-08-23T00:20:14+0000 21.1
2016-08-23T00:35:29+0000 20.9
2016-08-23T00:50:44+0000 20.6
2016-08-23T01:05:58+0000 20.5
2016-08-23T01:21:13+0000 20.3
2016-08-23T01:36:28+0000 20.1
2016-08-23T01:51:43+0000 20.0
2016-08-23T02:06:58+0000 19.8
2016-08-23T02:22:13+0000 19.7
2016-08-23T02:37:28+0000 19.5
2016-08-23T02:52:42+0000 19.3
2016-08-23T03:07:57+0000 19.2
2016-08-23T03:23:12+0000 19.0
2016-08-23T03:38:27+0000 18.8
2016-08-23T03:53:42+0000 18.7
2016-08-23T04:08:57+0000 18.7
2016-08-23T04:24:12+0000 18.4
2016-08-23T04:39:27+0000 18.4
2016-08-23T04:54:42+0000 18.2
2016-08-23T05:09:57+0000 18.1
2016-08-23T05:25:12+0000 18.0
2016-08-23T05:40:27+0000 17.9
2016-08-23T05:55:42+0000 17.8
2016-08-23T06:10:57+0000 17.7
2016-08-23T06:26:12+0000 17.7
2016-08-23T06:41:27+0000 17.9
2016-08-23T06:56:42+0000 18.2
2016-08-23T07:11:57+0000 18.7
2016-08-23T07:27:13+0000 19.4
2016-08-23T07:42:27+0000 20.0
2016-08-23T07:57:42+0000 20.8
2016-08-23T08:12:57+0000 21.5
2016-08-23T08:28:12+0000 22.4
2016-08-23T08:43:27+0000 23.3
2016-08-23T08:58:42+0000 24.4
2016-08-23T09:13:57+0000 25.4
2016-08-23T09:29:11+0000 26.2
2016-08-23T09:44:26+0000 27.0
2016-08-23T09:59:41+0000 27.9
2016-08-23T10:14:55+0000 28.7
2016-08-23T10:30:09+0000 29.7
2016-08-23T10:45:24+0000 30.6
2016-08-23T11:00:38+0000 31.4
2016-08-23T11:15:52+0000 32.1
2016-08-23T11:31:07+0000 32.8
2016-08-23T11:46:21+0000 33.4
2016-08-23T12:01:35+0000 34.0
2016-08-23T12:16:49+0000 34.6
2016-08-23T12:32:03+0000 35.2
2016-08-23T12:47:17+0000 35.8
2016-08-23T13:02:31+0000 36.2
2016-08-23T13:17:44+0000 36.6
2016-08-23T13:32:58+0000 36.9
2016-08-23T13:48:12+0000 37.2
2016-08-23T14:03:25+0000 37.4
2016-08-23T14:18:39+0000 37.4
2016-08-23T14:33:53+0000 37.6
2016-08-23T14:49:06+0000 37.8
2016-08-23T15:04:20+0000 37.8
2016-08-23T15:19:33+0000 37.4
2016-08-23T15:34:47+0000 37.3
2016-08-23T15:50:00+0000 37.4
2016-08-23T16:05:14+0000 37.1
2016-08-23T16:20:28+0000 36.9
2016-08-23T16:35:41+0000 36.8
2016-08-23T16:50:55+0000 36.6
2016-08-23T17:06:08+0000 36.4
2016-08-23T17:21:22+0000 36.1
2016-08-23T17:36:36+0000 35.8
2016-08-23T17:51:49+0000 35.6
2016-08-23T18:07:03+0000 35.4
2016-08-23T18:22:17+0000 35.2
2016-08-23T18:37:30+0000 34.8
2016-08-23T18:52:44+0000 34.2
2016-08-23T19:07:58+0000 33.7
2016-08-23T19:23:12+0000 32.9
2016-08-23T19:38:26+0000 32.5
2016-08-23T19:53:39+0000 31.9
2016-08-23T20:08:53+0000 31.5
2016-08-23T20:24:07+0000 31.0
2016-08-23T20:39:21+0000 30.6
2016-08-23T20:54:35+0000 30.2
2016-08-23T21:09:50+0000 29.7
2016-08-23T21:25:04+0000 29.3
2016-08-23T21:40:18+0000 28.9
2016-08-23T21:55:32+0000 28.6
2016-08-23T22:10:46+0000 28.3
2016-08-23T22:26:00+0000 27.9
2016-08-23T22:41:15+0000 27.6
2016-08-23T22:56:29+0000 27.3
2016-08-23T23:11:43+0000 26.9
2016-08-23T23:26:58+0000 26.5
2016-08-23T23:42:12+0000 26.3
2016-08-23T23:57:26+0000 26.0
