2016-02-26T00:10:23+0000 7.2
2016-02-26T00:25:39+0000 6.9
2016-02-26T00:40:55+0000 6.8
2016-02-26T00:56:10+0000 6.6
2016-02-26T01:11:26+0000 6.4
2016-02-26T01:26:42+0000 6.3
2016-02-26T01:41:57+0000 6.1
2016-02-26T01:57:13+0000 6.0
2016-02-26T02:12:29+0000 5.9
2016-02-26T02:27:45+0000 5.8
2016-02-26T02:43:01+0000 5.6
2016-02-26T02:58:16+0000 5.5
2016-02-26T03:13:32+0000 5.4
2016-02-26T03:28:48+0000 5.3
2016-02-26T03:44:04+0000 5.1
2016-02-26T03:59:19+0000 5.0
2016-02-26T04:14:35+0000 4.8
2016-02-26T04:29:51+0000 4.8
2016-02-26T04:45:07+0000 4.6
2016-02-26T05:00:23+0000 4.5
2016-02-26T05:15:38+0000 4.5
2016-02-26T05:30:54+0000 4.4
2016-02-26T05:46:10+0000 4.3
2016-02-26T06:01:26+0000 4.4
2016-02-26T06:16:42+0000 4.3
2016-02-26T06:31:57+0000 4.0
2016-02-26T06:47:13+0000 4.1
2016-02-26T07:02:29+0000 4.1
2016-02-26T07:17:45+0000 4.0
2016-02-26T07:33:01+0000 4.2
2016-02-26T07:48:16+0000 4.3
2016-02-26T08:03:32+0000 4.6
2016-02-26T08:18:48+0000 4.8
2016-02-26T08:34:04+0000 5.1
2016-02-26T08:49:20+0000 5.6
2016-02-26T09:04:36+0000 6.5
2016-02-26T09:19:52+0000 7.7
2016-02-26T09:35:07+0000 7.6
2016-02-26T09:50:23+0000 8.2
2016-02-26T10:05:39+0000 8.8
2016-02-26T10:20:54+0000 9.4
2016-02-26T10:36:10+0000 9.9
2016-02-26T10:51:26+0000 10.4
2016-02-26T11:06:41+0000 10.7
2016-02-26T11:21:57+0000 11.3
2016-02-26T11:37:12+0000 11.5
2016-02-26T11:52:28+0000 11.4
2016-02-26T12:07:43+0000 11.3
2016-02-26T12:22:59+0000 11.3
2016-02-26T12:38:14+0000 11.4
2016-02-26T12:53:30+0000 11.8
2016-02-26T13:08:45+0000 11.9
2016-02-26T13:24:01+0000 12.0
2016-02-26T13:39:17+0000 12.2
2016-02-26T13:54:32+0000 12.3
2016-02-26T14:09:48+0000 12.4
2016-02-26T14:25:03+0000 12.5
2016-02-26T14:40:19+0000 12.6
2016-02-26T14:55:34+0000 12.7
2016-02-26T15:10:50+0000 12.7
2016-02-26T15:26:05+0000 12.7
2016-02-26T15:41:21+0000 12.7
2016-02-26T15:56:36+0000 12.3
2016-02-26T16:11:52+0000 12.3
2016-02-26T16:27:07+0000 12.1
2016-02-26T16:42:23+0000 11.7
2016-02-26T16:57:38+0000 11.8
2016-02-26T17:12:54+0000 11.6
2016-02-26T17:28:09+0000 11.3
2016-02-26T17:43:25+0000 11.0
2016-02-26T17:58:40+0000 10.9
2016-02-26T18:13:56+0000 10.8
2016-02-26T18:29:11+0000 10.5
2016-02-26T18:44:27+0000 10.7
2016-02-26T18:59:42+0000 10.2
2016-02-26T19:14:58+0000 10.1
2016-02-26T19:30:14+0000 9.8
2016-02-26T19:45:29+0000 9.6
2016-02-26T20:00:45+0000 9.5
2016-02-26T20:16:01+0000 9.2
2016-02-26T20:31:16+0000 9.0
2016-02-26T20:46:32+0000 9.0
2016-02-26T21:01:47+0000 8.7
2016-02-26T21:17:03+0000 8.5
2016-02-26T21:32:19+0000 8.2
2016-02-26T21:47:35+0000 8.1
2016-02-26T22:02:50+0000 7.9
2016-02-26T22:18:06+0000 7.7
2016-02-26T22:33:22+0000 7.5
2016-02-26T22:48:37+0000 7.4
2016-02-26T23:03:53+0000 7.2
2016-02-26T23:19:09+0000 7.1
2016-02-26T23:34:24+0000 6.8
2016-02-26T23:49:40+0000 6.8
