2016-02-22T00:01:51+0000 12.7
2016-02-22T00:17:07+0000 12.7
2016-02-22T00:32:22+0000 12.9
2016-02-22T00:47:38+0000 12.8
2016-02-22T01:02:54+0000 12.9
2016-02-22T01:18:09+0000 12.5
2016-02-22T01:33:25+0000 12.3
2016-02-22T01:48:41+0000 12.4
2016-02-22T02:03:57+0000 12.5
2016-02-22T02:19:12+0000 12.3
2016-02-22T02:34:28+0000 12.4
2016-02-22T02:49:44+0000 12.4
2016-02-22T03:05:00+0000 12.4
2016-02-22T03:20:16+0000 12.4
2016-02-22T03:35:31+0000 12.3
2016-02-22T03:50:47+0000 12.4
2016-02-22T04:06:03+0000 12.4
2016-02-22T04:21:19+0000 12.3
2016-02-22T04:36:35+0000 12.7
2016-02-22T04:51:50+0000 12.6
2016-02-22T05:07:06+0000 12.3
2016-02-22T05:22:22+0000 12.4
2016-02-22T05:37:38+0000 12.4
2016-02-22T05:52:53+0000 12.3
2016-02-22T06:08:09+0000 12.2
2016-02-22T06:23:25+0000 12.3
2016-02-22T06:38:40+0000 12.2
2016-02-22T06:53:56+0000 12.2
2016-02-22T07:09:12+0000 12.2
2016-02-22T07:24:28+0000 12.3
2016-02-22T07:39:43+0000 12.2
2016-02-22T07:54:59+0000 12.2
2016-02-22T08:10:15+0000 12.1
2016-02-22T08:25:31+0000 12.6
2016-02-22T08:40:46+0000 12.5
2016-02-22T08:56:02+0000 12.6
2016-02-22T09:11:18+0000 12.5
2016-02-22T09:26:33+0000 12.8
2016-02-22T09:41:49+0000 12.8
2016-02-22T09:57:05+0000 13.0
2016-02-22T10:12:20+0000 13.0
2016-02-22T10:27:36+0000 13.0
2016-02-22T10:42:52+0000 13.1
2016-02-22T10:58:07+0000 13.7
2016-02-22T11:13:23+0000 13.6
2016-02-22T11:28:39+0000 13.6
2016-02-22T11:43:54+0000 13.4
2016-02-22T11:59:10+0000 13.5
2016-02-22T12:14:26+0000 13.6
2016-02-22T12:29:41+0000 13.8
2016-02-22T12:44:57+0000 14.1
2016-02-22T13:00:12+0000 14.4
2016-02-22T13:15:28+0000 14.8
2016-02-22T13:30:43+0000 15.0
2016-02-22T13:45:59+0000 15.5
2016-02-22T14:01:14+0000 15.8
2016-02-22T14:16:30+0000 16.2
2016-02-22T14:31:45+0000 16.0
2016-02-22T14:47:01+0000 15.8
2016-02-22T15:02:16+0000 16.1
2016-02-22T15:17:31+0000 15.9
2016-02-22T15:32:47+0000 15.8
2016-02-22T15:48:02+0000 16.0
2016-02-22T16:03:18+0000 15.8
2016-02-22T16:18:33+0000 15.7
2016-02-22T16:33:48+0000 15.5
2016-02-22T16:49:04+0000 15.4
2016-02-22T17:04:19+0000 15.2
2016-02-22T17:19:35+0000 15.0
2016-02-22T17:34:50+0000 14.8
2016-02-22T17:50:05+0000 14.7
2016-02-22T18:05:21+0000 14.5
2016-02-22T18:20:36+0000 14.3
2016-02-22T18:35:52+0000 14.0
2016-02-22T18:51:07+0000 13.8
2016-02-22T19:06:23+0000 13.6
2016-02-22T19:21:38+0000 13.5
2016-02-22T19:36:54+0000 13.4
2016-02-22T19:52:10+0000 13.5
2016-02-22T20:07:25+0000 13.1
2016-02-22T20:22:41+0000 13.1
2016-02-22T20:37:56+0000 13.1
2016-02-22T20:53:12+0000 13.4
2016-02-22T21:08:27+0000 13.1
2016-02-22T21:23:43+0000 13.3
2016-02-22T21:38:58+0000 13.1
2016-02-22T21:54:14+0000 13.2
2016-02-22T22:09:29+0000 13.1
2016-02-22T22:24:45+0000 13.0
2016-02-22T22:40:01+0000 13.1
2016-02-22T22:55:16+0000 12.9
2016-02-22T23:10:32+0000 13.0
2016-02-22T23:25:47+0000 13.0
2016-02-22T23:41:03+0000 13.1
2016-02-22T23:56:18+0000 12.8
