2016-06-08T00:07:37+0000 25.9
2016-06-08T00:22:51+0000 25.7
2016-06-08T00:38:05+0000 25.5
2016-06-08T00:53:19+0000 25.4
2016-06-08T01:08:34+0000 25.2
2016-06-08T01:23:48+0000 25.0
2016-06-08T01:39:02+0000 24.8
2016-06-08T01:54:17+0000 24.7
2016-06-08T02:09:31+0000 24.5
2016-06-08T02:24:45+0000 24.3
2016-06-08T02:40:00+0000 24.3
2016-06-08T02:55:14+0000 24.1
2016-06-08T03:10:28+0000 23.9
2016-06-08T03:25:43+0000 23.9
2016-06-08T03:40:57+0000 23.7
2016-06-08T03:56:12+0000 23.6
2016-06-08T04:11:26+0000 23.4
2016-06-08T04:26:41+0000 23.4
2016-06-08T04:41:55+0000 23.2
2016-06-08T04:57:09+0000 23.2
2016-06-08T05:12:24+0000 23.1
2016-06-08T05:27:38+0000 23.0
2016-06-08T05:42:53+0000 23.0
2016-06-08T05:58:07+0000 23.0
2016-06-08T06:13:22+0000 23.0
2016-06-08T06:28:36+0000 23.1
2016-06-08T06:43:51+0000 23.1
2016-06-08T06:59:05+0000 23.0
2016-06-08T07:14:20+0000 23.1
2016-06-08T07:29:34+0000 23.2
2016-06-08T07:44:49+0000 23.4
2016-06-08T08:00:03+0000 23.4
2016-06-08T08:15:18+0000 23.5
2016-06-08T08:30:32+0000 23.7
2016-06-08T08:45:47+0000 23.8
2016-06-08T09:01:01+0000 24.3
2016-06-08T09:16:16+0000 24.6
2016-06-08T09:31:30+0000 25.0
2016-06-08T09:46:44+0000 25.1
2016-06-08T10:01:59+0000 25.2
2016-06-08T10:17:13+0000 25.3
2016-06-08T10:32:27+0000 25.3
2016-06-08T10:47:42+0000 25.3
2016-06-08T11:02:56+0000 25.2
2016-06-08T11:18:10+0000 25.3
2016-06-08T11:33:24+0000 25.1
2016-06-08T11:48:39+0000 25.2
2016-06-08T12:03:53+0000 25.0
2016-06-08T12:19:07+0000 25.1
2016-06-08T12:34:21+0000 25.2
2016-06-08T12:49:36+0000 26.1
2016-06-08T13:04:50+0000 27.3
2016-06-08T13:20:04+0000 27.7
2016-06-08T13:35:18+0000 27.8
2016-06-08T13:50:32+0000 28.2
2016-06-08T14:05:46+0000 28.6
2016-06-08T14:21:00+0000 29.0
2016-06-08T14:36:14+0000 29.5
2016-06-08T14:51:28+0000 29.5
2016-06-08T15:06:42+0000 29.5
2016-06-08T15:21:56+0000 29.6
2016-06-08T15:37:10+0000 30.0
2016-06-08T15:52:24+0000 30.5
2016-06-08T16:07:38+0000 30.6
2016-06-08T16:22:52+0000 30.5
2016-06-08T16:38:06+0000 30.4
2016-06-08T16:53:20+0000 29.8
2016-06-08T17:08:34+0000 29.3
2016-06-08T17:23:48+0000 28.7
2016-06-08T17:39:02+0000 28.3
2016-06-08T17:54:16+0000 27.6
2016-06-08T18:09:30+0000 26.9
2016-06-08T18:24:44+0000 26.5
2016-06-08T18:39:58+0000 25.9
2016-06-08T18:55:12+0000 25.7
2016-06-08T19:10:26+0000 25.4
2016-06-08T19:25:40+0000 25.1
2016-06-08T19:40:54+0000 24.8
2016-06-08T19:56:09+0000 24.6
2016-06-08T20:11:23+0000 24.3
2016-06-08T20:26:37+0000 24.0
2016-06-08T20:41:52+0000 23.8
2016-06-08T20:57:06+0000 23.6
2016-06-08T21:12:20+0000 23.5
2016-06-08T21:27:35+0000 23.3
2016-06-08T21:42:49+0000 23.1
2016-06-08T21:58:03+0000 22.8
2016-06-08T22:13:18+0000 22.7
2016-06-08T22:28:32+0000 22.6
2016-06-08T22:43:46+0000 22.5
2016-06-08T22:59:01+0000 22.4
2016-06-08T23:14:15+0000 22.2
2016-06-08T23:29:29+0000 22.2
2016-06-08T23:44:44+0000 22.0
2016-06-08T23:59:58+0000 21.9
