2016-06-02T00:07:56+0000 21.6
2016-06-02T00:23:10+0000 21.4
2016-06-02T00:38:25+0000 21.3
2016-06-02T00:53:39+0000 21.2
2016-06-02T01:08:54+0000 21.1
2016-06-02T01:24:09+0000 21.1
2016-06-02T01:39:23+0000 21.0
2016-06-02T01:54:38+0000 20.7
2016-06-02T02:09:52+0000 20.6
2016-06-02T02:25:07+0000 20.6
2016-06-02T02:40:21+0000 20.6
2016-06-02T02:55:36+0000 20.3
2016-06-02T03:10:50+0000 20.2
2016-06-02T03:26:05+0000 20.1
2016-06-02T03:41:19+0000 20.0
2016-06-02T03:56:34+0000 19.9
2016-06-02T04:11:49+0000 19.9
2016-06-02T04:27:03+0000 19.8
2016-06-02T04:42:18+0000 19.7
2016-06-02T04:57:32+0000 19.6
2016-06-02T05:12:47+0000 19.5
2016-06-02T05:28:02+0000 19.6
2016-06-02T05:43:16+0000 19.5
2016-06-02T05:58:31+0000 19.5
2016-06-02T06:13:46+0000 19.6
2016-06-02T06:29:00+0000 19.7
2016-06-02T06:44:15+0000 19.9
2016-06-02T06:59:30+0000 20.0
2016-06-02T07:14:44+0000 20.3
2016-06-02T07:29:59+0000 20.5
2016-06-02T07:45:14+0000 20.8
2016-06-02T08:00:28+0000 21.3
2016-06-02T08:15:43+0000 22.0
2016-06-02T08:30:57+0000 22.9
2016-06-02T08:46:12+0000 23.1
2016-06-02T09:01:26+0000 23.3
2016-06-02T09:16:41+0000 23.3
2016-06-02T09:31:55+0000 23.5
2016-06-02T09:47:10+0000 23.4
2016-06-02T10:02:24+0000 23.6
2016-06-02T10:17:39+0000 23.5
2016-06-02T10:32:53+0000 23.3
2016-06-02T10:48:08+0000 23.4
2016-06-02T11:03:22+0000 23.3
2016-06-02T11:18:36+0000 23.6
2016-06-02T11:33:51+0000 23.8
2016-06-02T11:49:05+0000 23.9
2016-06-02T12:04:20+0000 24.1
2016-06-02T12:19:34+0000 24.2
2016-06-02T12:34:48+0000 24.3
2016-06-02T12:50:03+0000 24.4
2016-06-02T13:05:17+0000 24.4
2016-06-02T13:20:32+0000 24.6
2016-06-02T13:35:46+0000 24.8
2016-06-02T13:51:01+0000 24.9
2016-06-02T14:06:15+0000 25.2
2016-06-02T14:21:29+0000 25.5
2016-06-02T14:36:44+0000 25.8
2016-06-02T14:51:58+0000 26.2
2016-06-02T15:07:12+0000 26.6
2016-06-02T15:22:27+0000 27.0
2016-06-02T15:37:41+0000 27.4
2016-06-02T15:52:55+0000 27.8
2016-06-02T16:08:09+0000 28.0
2016-06-02T16:23:24+0000 27.9
2016-06-02T16:38:38+0000 28.0
2016-06-02T16:53:52+0000 28.1
2016-06-02T17:09:06+0000 27.7
2016-06-02T17:24:20+0000 27.5
2016-06-02T17:39:34+0000 27.3
2016-06-02T17:54:49+0000 27.0
2016-06-02T18:10:03+0000 26.8
2016-06-02T18:25:17+0000 26.4
2016-06-02T18:40:31+0000 26.3
2016-06-02T18:55:46+0000 25.9
2016-06-02T19:11:00+0000 25.7
2016-06-02T19:26:14+0000 25.3
2016-06-02T19:41:28+0000 25.2
2016-06-02T19:56:43+0000 24.9
2016-06-02T20:11:57+0000 24.8
2016-06-02T20:27:11+0000 24.5
2016-06-02T20:42:26+0000 24.2
2016-06-02T20:57:40+0000 23.9
2016-06-02T21:12:55+0000 23.7
2016-06-02T21:28:09+0000 23.6
2016-06-02T21:43:23+0000 23.4
2016-06-02T21:58:38+0000 23.3
2016-06-02T22:13:52+0000 23.2
2016-06-02T22:29:07+0000 22.9
2016-06-02T22:44:21+0000 22.7
2016-06-02T22:59:36+0000 22.5
2016-06-02T23:14:50+0000 22.3
2016-06-02T23:30:05+0000 22.2
2016-06-02T23:45:19+0000 22.1
