2016-09-29T00:01:13+0000 18.9
2016-09-29T00:16:28+0000 18.8
2016-09-29T00:31:43+0000 18.7
2016-09-29T00:46:59+0000 18.5
2016-09-29T01:02:14+0000 18.4
2016-09-29T01:17:29+0000 18.2
2016-09-29T01:32:44+0000 18.1
2016-09-29T01:47:59+0000 18.1
2016-09-29T02:03:15+0000 17.8
2016-09-29T02:18:30+0000 17.7
2016-09-29T02:33:45+0000 17.6
2016-09-29T02:49:00+0000 17.4
2016-09-29T03:04:16+0000 17.3
2016-09-29T03:19:31+0000 17.2
2016-09-29T03:34:46+0000 17.1
2016-09-29T03:50:02+0000 16.9
2016-09-29T04:05:17+0000 16.8
2016-09-29T04:20:32+0000 16.7
2016-09-29T04:35:47+0000 16.5
2016-09-29T04:51:03+0000 16.4
2016-09-29T05:06:18+0000 16.2
2016-09-29T05:21:33+0000 16.1
2016-09-29T05:36:49+0000 16.0
2016-09-29T05:52:04+0000 15.9
2016-09-29T06:07:19+0000 15.9
2016-09-29T06:22:35+0000 15.6
2016-09-29T06:37:50+0000 15.6
2016-09-29T06:53:05+0000 15.5
2016-09-29T07:08:21+0000 15.7
2016-09-29T07:23:36+0000 16.1
2016-09-29T07:38:52+0000 16.6
2016-09-29T07:54:07+0000 17.1
2016-09-29T08:09:22+0000 17.6
2016-09-29T08:24:37+0000 18.1
2016-09-29T08:39:53+0000 18.8
2016-09-29T08:55:08+0000 19.4
2016-09-29T09:10:23+0000 20.3
2016-09-29T09:25:38+0000 21.1
2016-09-29T09:40:53+0000 21.9
2016-09-29T09:56:08+0000 22.6
2016-09-29T10:11:23+0000 23.5
2016-09-29T10:26:39+0000 24.1
2016-09-29T10:41:53+0000 24.5
2016-09-29T10:57:08+0000 25.0
2016-09-29T11:12:23+0000 25.8
2016-09-29T11:27:38+0000 26.0
2016-09-29T11:42:53+0000 26.2
2016-09-29T11:58:08+0000 26.8
2016-09-29T12:13:23+0000 27.4
2016-09-29T12:28:38+0000 27.6
2016-09-29T12:43:53+0000 28.1
2016-09-29T12:59:07+0000 28.7
2016-09-29T13:14:22+0000 28.6
2016-09-29T13:29:37+0000 28.8
2016-09-29T13:44:52+0000 29.0
2016-09-29T14:00:07+0000 29.1
2016-09-29T14:15:21+0000 29.0
2016-09-29T14:30:36+0000 29.3
2016-09-29T14:45:51+0000 29.0
2016-09-29T15:01:06+0000 29.0
2016-09-29T15:16:20+0000 28.6
2016-09-29T15:31:35+0000 28.6
2016-09-29T15:46:50+0000 28.6
2016-09-29T16:02:05+0000 28.5
2016-09-29T16:17:19+0000 28.5
2016-09-29T16:32:34+0000 28.4
2016-09-29T16:47:49+0000 28.0
2016-09-29T17:03:03+0000 27.9
2016-09-29T17:18:18+0000 27.7
2016-09-29T17:33:33+0000 27.3
2016-09-29T17:48:47+0000 27.1
2016-09-29T18:04:02+0000 26.6
2016-09-29T18:19:17+0000 26.4
2016-09-29T18:34:32+0000 25.9
2016-09-29T18:49:47+0000 25.5
2016-09-29T19:05:01+0000 25.1
2016-09-29T19:20:16+0000 24.7
2016-09-29T19:35:31+0000 24.4
2016-09-29T19:50:46+0000 24.2
2016-09-29T20:06:01+0000 23.9
2016-09-29T20:21:16+0000 23.7
2016-09-29T20:36:31+0000 23.4
2016-09-29T20:51:46+0000 23.3
2016-09-29T21:07:01+0000 23.2
2016-09-29T21:22:16+0000 23.0
2016-09-29T21:37:31+0000 22.9
2016-09-29T21:52:46+0000 22.8
2016-09-29T22:08:01+0000 22.7
2016-09-29T22:23:16+0000 22.5
2016-09-29T22:38:31+0000 22.5
2016-09-29T22:53:46+0000 22.3
2016-09-29T23:09:01+0000 22.2
2016-09-29T23:24:16+0000 22.1
2016-09-29T23:39:31+0000 21.9
2016-09-29T23:54:46+0000 21.7
