2015-12-09T00:12:52+0000 9.1
2015-12-09T00:28:08+0000 9.1
2015-12-09T00:43:24+0000 9.1
2015-12-09T00:58:39+0000 9.1
2015-12-09T01:13:55+0000 9.0
2015-12-09T01:29:10+0000 9.2
2015-12-09T01:44:26+0000 9.2
2015-12-09T01:59:41+0000 9.2
2015-12-09T02:14:57+0000 9.2
2015-12-09T02:30:13+0000 9.3
2015-12-09T02:45:28+0000 9.2
2015-12-09T03:00:44+0000 9.3
2015-12-09T03:16:00+0000 9.4
2015-12-09T03:31:15+0000 9.4
2015-12-09T03:46:31+0000 9.4
2015-12-09T04:01:46+0000 9.4
2015-12-09T04:17:02+0000 9.4
2015-12-09T04:32:18+0000 9.4
2015-12-09T04:47:33+0000 9.5
2015-12-09T05:02:49+0000 9.5
2015-12-09T05:18:04+0000 9.6
2015-12-09T05:33:20+0000 9.7
2015-12-09T05:48:36+0000 9.8
2015-12-09T06:03:51+0000 9.9
2015-12-09T06:19:07+0000 9.9
2015-12-09T06:34:23+0000 9.9
2015-12-09T06:49:38+0000 10.2
2015-12-09T07:04:54+0000 10.0
2015-12-09T07:20:09+0000 10.1
2015-12-09T07:35:25+0000 10.1
2015-12-09T07:50:41+0000 10.1
2015-12-09T08:05:56+0000 10.1
2015-12-09T08:21:12+0000 10.1
2015-12-09T08:36:28+0000 10.1
2015-12-09T08:51:43+0000 10.0
2015-12-09T09:06:59+0000 10.1
2015-12-09T09:22:15+0000 10.1
2015-12-09T09:37:30+0000 10.2
2015-12-09T09:52:46+0000 10.2
2015-12-09T10:08:02+0000 10.3
2015-12-09T10:23:17+0000 10.3
2015-12-09T10:38:33+0000 10.5
2015-12-09T10:53:48+0000 10.6
2015-12-09T11:09:04+0000 10.7
2015-12-09T11:24:19+0000 10.6
2015-12-09T11:39:35+0000 10.8
2015-12-09T11:54:50+0000 10.8
2015-12-09T12:10:06+0000 10.8
2015-12-09T12:25:22+0000 10.9
2015-12-09T12:40:37+0000 11.0
2015-12-09T12:55:53+0000 11.2
2015-12-09T13:11:08+0000 11.4
2015-12-09T13:26:24+0000 11.6
2015-12-09T13:41:39+0000 11.8
2015-12-09T13:56:55+0000 11.6
2015-12-09T14:12:10+0000 11.8
2015-12-09T14:27:26+0000 11.9
2015-12-09T14:42:41+0000 11.9
2015-12-09T14:57:57+0000 11.9
2015-12-09T15:13:12+0000 11.9
2015-12-09T15:28:28+0000 11.7
2015-12-09T15:43:44+0000 11.5
2015-12-09T15:58:59+0000 11.4
2015-12-09T16:14:15+0000 11.4
2015-12-09T16:29:30+0000 11.1
2015-12-09T16:44:46+0000 11.1
2015-12-09T17:00:02+0000 10.8
2015-12-09T17:15:17+0000 10.7
2015-12-09T17:30:33+0000 10.5
2015-12-09T17:45:49+0000 10.3
2015-12-09T18:01:04+0000 10.2
2015-12-09T18:16:20+0000 9.9
2015-12-09T18:31:35+0000 9.9
2015-12-09T18:46:51+0000 9.7
2015-12-09T19:02:07+0000 9.7
2015-12-09T19:17:23+0000 9.5
2015-12-09T19:32:38+0000 9.4
2015-12-09T19:47:54+0000 9.2
2015-12-09T20:03:10+0000 9.1
2015-12-09T20:18:25+0000 8.9
2015-12-09T20:33:41+0000 8.8
2015-12-09T20:48:57+0000 8.6
2015-12-09T21:04:12+0000 8.5
2015-12-09T21:19:28+0000 8.3
2015-12-09T21:34:44+0000 8.2
2015-12-09T21:49:59+0000 8.1
2015-12-09T22:05:15+0000 8.1
2015-12-09T22:20:31+0000 8.0
2015-12-09T22:35:46+0000 7.8
2015-12-09T22:51:02+0000 7.7
2015-12-09T23:06:18+0000 7.6
2015-12-09T23:21:33+0000 7.6
2015-12-09T23:36:49+0000 7.4
2015-12-09T23:52:05+0000 7.3
