2016-09-11T00:00:10+0000 26.5
2016-09-11T00:15:24+0000 26.3
2016-09-11T00:30:39+0000 26.0
2016-09-11T00:45:53+0000 25.8
2016-09-11T01:01:08+0000 25.6
2016-09-11T01:16:22+0000 25.4
2016-09-11T01:31:37+0000 25.2
2016-09-11T01:46:51+0000 25.0
2016-09-11T02:02:06+0000 24.6
2016-09-11T02:17:21+0000 24.5
2016-09-11T02:32:35+0000 24.3
2016-09-11T02:47:50+0000 24.1
2016-09-11T03:03:05+0000 24.0
2016-09-11T03:18:19+0000 23.8
2016-09-11T03:33:34+0000 23.7
2016-09-11T03:48:49+0000 23.5
2016-09-11T04:04:03+0000 23.3
2016-09-11T04:19:18+0000 23.3
2016-09-11T04:34:33+0000 23.1
2016-09-11T04:49:48+0000 23.0
2016-09-11T05:05:02+0000 22.9
2016-09-11T05:20:17+0000 22.7
2016-09-11T05:35:32+0000 22.6
2016-09-11T05:50:47+0000 22.6
2016-09-11T06:06:01+0000 22.5
2016-09-11T06:21:16+0000 22.4
2016-09-11T06:36:31+0000 22.4
2016-09-11T06:51:46+0000 22.3
2016-09-11T07:07:01+0000 22.4
2016-09-11T07:22:15+0000 22.7
2016-09-11T07:37:30+0000 23.2
2016-09-11T07:52:45+0000 23.5
2016-09-11T08:07:59+0000 24.1
2016-09-11T08:23:14+0000 24.3
2016-09-11T08:38:29+0000 24.9
2016-09-11T08:53:44+0000 25.3
2016-09-11T09:08:58+0000 25.9
2016-09-11T09:24:13+0000 26.8
2016-09-11T09:39:27+0000 27.7
2016-09-11T09:54:42+0000 28.7
2016-09-11T10:09:57+0000 29.6
2016-09-11T10:25:11+0000 30.3
2016-09-11T10:40:25+0000 31.3
2016-09-11T10:55:40+0000 32.1
2016-09-11T11:10:54+0000 33.0
2016-09-11T11:26:08+0000 33.7
2016-09-11T11:41:23+0000 34.4
2016-09-11T11:56:37+0000 34.8
2016-09-11T12:11:51+0000 35.5
2016-09-11T12:27:05+0000 36.0
2016-09-11T12:42:19+0000 36.6
2016-09-11T12:57:32+0000 36.9
2016-09-11T13:12:46+0000 37.3
2016-09-11T13:28:00+0000 37.5
2016-09-11T13:43:14+0000 37.8
2016-09-11T13:58:27+0000 37.8
2016-09-11T14:13:41+0000 38.0
2016-09-11T14:28:55+0000 38.1
2016-09-11T14:44:08+0000 38.1
2016-09-11T14:59:22+0000 38.0
2016-09-11T15:14:36+0000 37.8
2016-09-11T15:29:49+0000 37.7
2016-09-11T15:45:03+0000 37.5
2016-09-11T16:00:17+0000 37.2
2016-09-11T16:15:30+0000 37.1
2016-09-11T16:30:44+0000 36.8
2016-09-11T16:45:58+0000 36.7
2016-09-11T17:01:11+0000 36.5
2016-09-11T17:16:25+0000 36.1
2016-09-11T17:31:39+0000 36.0
2016-09-11T17:46:53+0000 35.7
2016-09-11T18:02:06+0000 35.2
2016-09-11T18:17:20+0000 34.7
2016-09-11T18:32:34+0000 34.1
2016-09-11T18:47:48+0000 33.6
2016-09-11T19:03:02+0000 33.0
2016-09-11T19:18:16+0000 32.4
2016-09-11T19:33:30+0000 32.0
2016-09-11T19:48:44+0000 31.6
2016-09-11T20:03:58+0000 31.1
2016-09-11T20:19:12+0000 30.7
2016-09-11T20:34:26+0000 30.3
2016-09-11T20:49:40+0000 30.0
2016-09-11T21:04:54+0000 29.7
2016-09-11T21:20:08+0000 29.3
2016-09-11T21:35:23+0000 29.0
2016-09-11T21:50:37+0000 28.7
2016-09-11T22:05:51+0000 28.4
2016-09-11T22:21:05+0000 28.0
2016-09-11T22:36:20+0000 27.7
2016-09-11T22:51:34+0000 27.5
2016-09-11T23:06:48+0000 27.1
2016-09-11T23:22:03+0000 26.9
2016-09-11T23:37:17+0000 26.7
2016-09-11T23:52:32+0000 26.5
