2016-05-11T00:11:28+0000 19.2
2016-05-11T00:26:43+0000 19.1
2016-05-11T00:41:58+0000 19.0
2016-05-11T00:57:13+0000 18.7
2016-05-11T01:12:28+0000 18.7
2016-05-11T01:27:43+0000 18.5
2016-05-11T01:42:58+0000 18.3
2016-05-11T01:58:13+0000 18.0
2016-05-11T02:13:27+0000 18.0
2016-05-11T02:28:42+0000 17.8
2016-05-11T02:43:57+0000 17.7
2016-05-11T02:59:12+0000 17.6
2016-05-11T03:14:27+0000 17.5
2016-05-11T03:29:42+0000 17.2
2016-05-11T03:44:57+0000 17.2
2016-05-11T04:00:12+0000 17.1
2016-05-11T04:15:27+0000 16.9
2016-05-11T04:30:42+0000 16.9
2016-05-11T04:45:57+0000 16.9
2016-05-11T05:01:12+0000 16.8
2016-05-11T05:16:27+0000 16.7
2016-05-11T05:31:41+0000 16.5
2016-05-11T05:46:56+0000 16.7
2016-05-11T06:02:11+0000 16.6
2016-05-11T06:17:26+0000 16.7
2016-05-11T06:32:41+0000 16.7
2016-05-11T06:47:56+0000 16.8
2016-05-11T07:03:11+0000 17.2
2016-05-11T07:18:26+0000 17.7
2016-05-11T07:33:41+0000 17.9
2016-05-11T07:48:56+0000 18.2
2016-05-11T08:04:11+0000 18.5
2016-05-11T08:19:26+0000 18.7
2016-05-11T08:34:41+0000 19.0
2016-05-11T08:49:56+0000 19.4
2016-05-11T09:05:11+0000 19.8
2016-05-11T09:20:26+0000 20.3
2016-05-11T09:35:41+0000 20.6
2016-05-11T09:50:56+0000 21.3
2016-05-11T10:06:10+0000 22.2
2016-05-11T10:21:25+0000 23.2
2016-05-11T10:36:40+0000 24.4
2016-05-11T10:51:55+0000 25.6
2016-05-11T11:07:09+0000 26.2
2016-05-11T11:22:24+0000 27.1
2016-05-11T11:37:38+0000 28.1
2016-05-11T11:52:53+0000 28.9
2016-05-11T12:08:07+0000 29.6
2016-05-11T12:23:21+0000 30.2
2016-05-11T12:38:36+0000 30.7
2016-05-11T12:53:50+0000 30.8
2016-05-11T13:09:04+0000 31.0
2016-05-11T13:24:18+0000 31.1
2016-05-11T13:39:32+0000 31.3
2016-05-11T13:54:47+0000 31.6
2016-05-11T14:10:01+0000 31.8
2016-05-11T14:25:15+0000 31.7
2016-05-11T14:40:29+0000 32.0
2016-05-11T14:55:43+0000 32.2
2016-05-11T15:10:57+0000 31.8
2016-05-11T15:26:11+0000 31.5
2016-05-11T15:41:25+0000 31.2
2016-05-11T15:56:39+0000 31.0
2016-05-11T16:11:54+0000 30.9
2016-05-11T16:27:08+0000 30.6
2016-05-11T16:42:22+0000 30.4
2016-05-11T16:57:36+0000 30.1
2016-05-11T17:12:50+0000 30.0
2016-05-11T17:28:04+0000 29.8
2016-05-11T17:43:18+0000 29.5
2016-05-11T17:58:32+0000 29.1
2016-05-11T18:13:47+0000 28.8
2016-05-11T18:29:01+0000 28.6
2016-05-11T18:44:15+0000 28.3
2016-05-11T18:59:29+0000 28.0
2016-05-11T19:14:44+0000 27.7
2016-05-11T19:29:58+0000 27.2
2016-05-11T19:45:12+0000 26.7
2016-05-11T20:00:27+0000 26.3
2016-05-11T20:15:41+0000 25.9
2016-05-11T20:30:55+0000 25.6
2016-05-11T20:46:10+0000 25.3
2016-05-11T21:01:24+0000 25.1
2016-05-11T21:16:38+0000 24.7
2016-05-11T21:31:53+0000 24.4
2016-05-11T21:47:07+0000 24.2
2016-05-11T22:02:22+0000 24.0
2016-05-11T22:17:36+0000 23.9
2016-05-11T22:32:51+0000 23.5
2016-05-11T22:48:06+0000 23.3
2016-05-11T23:03:20+0000 23.2
2016-05-11T23:18:35+0000 23.0
2016-05-11T23:33:49+0000 22.9
2016-05-11T23:49:04+0000 22.6
