2016-04-11T00:11:29+0000 15.3
2016-04-11T00:26:44+0000 15.1
2016-04-11T00:42:00+0000 15.0
2016-04-11T00:57:15+0000 14.8
2016-04-11T01:12:30+0000 14.5
2016-04-11T01:27:45+0000 14.3
2016-04-11T01:43:00+0000 14.1
2016-04-11T01:58:15+0000 13.8
2016-04-11T02:13:31+0000 13.7
2016-04-11T02:28:46+0000 13.5
2016-04-11T02:44:01+0000 13.4
2016-04-11T02:59:16+0000 13.2
2016-04-11T03:14:31+0000 12.9
2016-04-11T03:29:47+0000 12.8
2016-04-11T03:45:02+0000 12.8
2016-04-11T04:00:17+0000 12.6
2016-04-11T04:15:32+0000 12.3
2016-04-11T04:30:47+0000 12.4
2016-04-11T04:46:03+0000 12.2
2016-04-11T05:01:18+0000 12.1
2016-04-11T05:16:33+0000 12.0
2016-04-11T05:31:48+0000 11.9
2016-04-11T05:47:04+0000 11.8
2016-04-11T06:02:19+0000 11.8
2016-04-11T06:17:35+0000 11.9
2016-04-11T06:32:50+0000 11.7
2016-04-11T06:48:05+0000 12.0
2016-04-11T07:03:21+0000 12.6
2016-04-11T07:18:36+0000 13.2
2016-04-11T07:33:51+0000 13.5
2016-04-11T07:49:07+0000 13.9
2016-04-11T08:04:22+0000 14.5
2016-04-11T08:19:37+0000 15.2
2016-04-11T08:34:52+0000 16.0
2016-04-11T08:50:07+0000 16.7
2016-04-11T09:05:22+0000 17.2
2016-04-11T09:20:38+0000 18.0
2016-04-11T09:35:53+0000 18.7
2016-04-11T09:51:08+0000 19.5
2016-04-11T10:06:23+0000 20.2
2016-04-11T10:21:38+0000 20.9
2016-04-11T10:36:53+0000 21.5
2016-04-11T10:52:08+0000 22.1
2016-04-11T11:07:22+0000 22.8
2016-04-11T11:22:37+0000 23.4
2016-04-11T11:37:52+0000 24.1
2016-04-11T11:53:07+0000 24.5
2016-04-11T12:08:22+0000 24.9
2016-04-11T12:23:36+0000 25.3
2016-04-11T12:38:51+0000 25.8
2016-04-11T12:54:06+0000 26.1
2016-04-11T13:09:20+0000 26.6
2016-04-11T13:24:35+0000 26.6
2016-04-11T13:39:50+0000 26.8
2016-04-11T13:55:04+0000 27.1
2016-04-11T14:10:19+0000 27.1
2016-04-11T14:25:33+0000 27.3
2016-04-11T14:40:48+0000 27.3
2016-04-11T14:56:02+0000 27.0
2016-04-11T15:11:17+0000 27.1
2016-04-11T15:26:32+0000 27.0
2016-04-11T15:41:46+0000 26.9
2016-04-11T15:57:01+0000 27.1
2016-04-11T16:12:15+0000 26.7
2016-04-11T16:27:30+0000 26.7
2016-04-11T16:42:44+0000 26.5
2016-04-11T16:57:59+0000 26.5
2016-04-11T17:13:13+0000 26.2
2016-04-11T17:28:28+0000 26.0
2016-04-11T17:43:43+0000 25.8
2016-04-11T17:58:57+0000 25.5
2016-04-11T18:14:12+0000 24.9
2016-04-11T18:29:26+0000 24.4
2016-04-11T18:44:41+0000 23.9
2016-04-11T18:59:56+0000 23.5
2016-04-11T19:15:10+0000 23.1
2016-04-11T19:30:25+0000 22.8
2016-04-11T19:45:40+0000 22.5
2016-04-11T20:00:54+0000 22.2
2016-04-11T20:16:09+0000 21.9
2016-04-11T20:31:24+0000 21.7
2016-04-11T20:46:39+0000 21.3
2016-04-11T21:01:54+0000 21.0
2016-04-11T21:17:09+0000 20.7
2016-04-11T21:32:23+0000 20.4
2016-04-11T21:47:38+0000 20.2
2016-04-11T22:02:53+0000 20.0
2016-04-11T22:18:08+0000 19.6
2016-04-11T22:33:23+0000 19.4
2016-04-11T22:48:38+0000 19.2
2016-04-11T23:03:53+0000 18.9
2016-04-11T23:19:08+0000 18.5
2016-04-11T23:34:23+0000 18.3
2016-04-11T23:49:38+0000 18.1
