2016-05-14T00:06:00+0000 17.6
2016-05-14T00:21:14+0000 17.7
2016-05-14T00:36:29+0000 17.6
2016-05-14T00:51:44+0000 17.5
2016-05-14T01:06:59+0000 17.5
2016-05-14T01:22:14+0000 17.4
2016-05-14T01:37:29+0000 17.3
2016-05-14T01:52:43+0000 17.2
2016-05-14T02:07:58+0000 17.2
2016-05-14T02:23:13+0000 17.1
2016-05-14T02:38:28+0000 17.0
2016-05-14T02:53:43+0000 17.0
2016-05-14T03:08:58+0000 16.9
2016-05-14T03:24:13+0000 16.8
2016-05-14T03:39:28+0000 16.6
2016-05-14T03:54:42+0000 16.6
2016-05-14T04:09:57+0000 16.4
2016-05-14T04:25:12+0000 16.2
2016-05-14T04:40:27+0000 16.2
2016-05-14T04:55:42+0000 15.9
2016-05-14T05:10:57+0000 15.9
2016-05-14T05:26:12+0000 15.8
2016-05-14T05:41:27+0000 15.8
2016-05-14T05:56:42+0000 15.6
2016-05-14T06:11:57+0000 16.0
2016-05-14T06:27:12+0000 16.1
2016-05-14T06:42:27+0000 16.1
2016-05-14T06:57:42+0000 16.1
2016-05-14T07:12:57+0000 16.3
2016-05-14T07:28:12+0000 16.4
2016-05-14T07:43:27+0000 16.7
2016-05-14T07:58:42+0000 16.6
2016-05-14T08:13:57+0000 16.5
2016-05-14T08:29:12+0000 16.7
2016-05-14T08:44:26+0000 17.1
2016-05-14T08:59:41+0000 17.3
2016-05-14T09:14:56+0000 17.4
2016-05-14T09:30:11+0000 17.6
2016-05-14T09:45:26+0000 17.8
2016-05-14T10:00:41+0000 19.7
2016-05-14T10:15:56+0000 18.5
2016-05-14T10:31:11+0000 18.7
2016-05-14T10:46:26+0000 19.1
2016-05-14T11:01:41+0000 19.6
2016-05-14T11:16:56+0000 20.4
2016-05-14T11:32:10+0000 21.4
2016-05-14T11:47:25+0000 22.2
2016-05-14T12:02:40+0000 22.8
2016-05-14T12:17:55+0000 23.4
2016-05-14T12:33:09+0000 23.9
2016-05-14T12:48:24+0000 23.8
2016-05-14T13:03:38+0000 23.8
2016-05-14T13:18:53+0000 23.8
2016-05-14T13:34:07+0000 23.7
2016-05-14T13:49:22+0000 23.5
2016-05-14T14:04:37+0000 23.1
2016-05-14T14:19:51+0000 22.6
2016-05-14T14:35:06+0000 22.4
2016-05-14T14:50:20+0000 22.1
2016-05-14T15:05:35+0000 21.8
2016-05-14T15:20:50+0000 21.5
2016-05-14T15:36:04+0000 21.4
2016-05-14T15:51:19+0000 21.1
2016-05-14T16:06:33+0000 20.9
2016-05-14T16:21:48+0000 20.6
2016-05-14T16:37:03+0000 20.6
2016-05-14T16:52:18+0000 20.6
2016-05-14T17:07:32+0000 20.6
2016-05-14T17:22:47+0000 20.6
2016-05-14T17:38:02+0000 20.7
2016-05-14T17:53:16+0000 20.6
2016-05-14T18:08:31+0000 20.4
2016-05-14T18:23:46+0000 20.3
2016-05-14T18:39:00+0000 20.1
2016-05-14T18:54:15+0000 20.0
2016-05-14T19:09:30+0000 19.7
2016-05-14T19:24:45+0000 19.4
2016-05-14T19:39:59+0000 19.1
2016-05-14T19:55:14+0000 18.9
2016-05-14T20:10:29+0000 18.7
2016-05-14T20:25:44+0000 18.4
2016-05-14T20:40:58+0000 18.2
2016-05-14T20:56:13+0000 18.0
2016-05-14T21:11:28+0000 17.7
2016-05-14T21:26:43+0000 17.6
2016-05-14T21:41:58+0000 17.5
2016-05-14T21:57:13+0000 17.2
2016-05-14T22:12:28+0000 17.2
2016-05-14T22:27:43+0000 17.0
2016-05-14T22:42:57+0000 16.8
2016-05-14T22:58:12+0000 16.6
2016-05-14T23:13:27+0000 16.5
2016-05-14T23:28:42+0000 16.4
2016-05-14T23:43:57+0000 16.2
2016-05-14T23:59:12+0000 16.1
