2016-05-02T00:12:40+0000 15.0
2016-05-02T00:27:55+0000 15.0
2016-05-02T00:43:10+0000 14.9
2016-05-02T00:58:25+0000 14.6
2016-05-02T01:13:40+0000 14.5
2016-05-02T01:28:55+0000 14.2
2016-05-02T01:44:10+0000 14.0
2016-05-02T01:59:25+0000 13.9
2016-05-02T02:14:40+0000 13.6
2016-05-02T02:29:55+0000 13.7
2016-05-02T02:45:10+0000 13.4
2016-05-02T03:00:25+0000 13.3
2016-05-02T03:15:40+0000 13.0
2016-05-02T03:30:55+0000 12.8
2016-05-02T03:46:10+0000 12.7
2016-05-02T04:01:25+0000 12.5
2016-05-02T04:16:40+0000 12.3
2016-05-02T04:31:55+0000 12.2
2016-05-02T04:47:11+0000 12.1
2016-05-02T05:02:26+0000 12.0
2016-05-02T05:17:41+0000 11.8
2016-05-02T05:32:56+0000 11.7
2016-05-02T05:48:11+0000 11.7
2016-05-02T06:03:26+0000 11.7
2016-05-02T06:18:41+0000 11.9
2016-05-02T06:33:56+0000 11.9
2016-05-02T06:49:11+0000 12.4
2016-05-02T07:04:26+0000 12.5
2016-05-02T07:19:42+0000 13.4
2016-05-02T07:34:57+0000 13.8
2016-05-02T07:50:12+0000 14.4
2016-05-02T08:05:27+0000 15.1
2016-05-02T08:20:42+0000 15.8
2016-05-02T08:35:57+0000 16.9
2016-05-02T08:51:12+0000 17.7
2016-05-02T09:06:27+0000 18.7
2016-05-02T09:21:41+0000 19.5
2016-05-02T09:36:56+0000 20.5
2016-05-02T09:52:11+0000 21.4
2016-05-02T10:07:26+0000 22.2
2016-05-02T10:22:40+0000 22.9
2016-05-02T10:37:55+0000 23.8
2016-05-02T10:53:10+0000 24.6
2016-05-02T11:08:24+0000 25.4
2016-05-02T11:23:39+0000 26.0
2016-05-02T11:38:53+0000 26.6
2016-05-02T11:54:08+0000 27.1
2016-05-02T12:09:22+0000 27.7
2016-05-02T12:24:37+0000 28.3
2016-05-02T12:39:51+0000 28.6
2016-05-02T12:55:05+0000 28.7
2016-05-02T13:10:19+0000 29.2
2016-05-02T13:25:34+0000 29.5
2016-05-02T13:40:48+0000 29.8
2016-05-02T13:56:02+0000 30.1
2016-05-02T14:11:16+0000 30.4
2016-05-02T14:26:30+0000 30.5
2016-05-02T14:41:44+0000 30.3
2016-05-02T14:56:58+0000 30.4
2016-05-02T15:12:12+0000 30.4
2016-05-02T15:27:26+0000 30.0
2016-05-02T15:42:40+0000 30.2
2016-05-02T15:57:54+0000 29.9
2016-05-02T16:13:08+0000 29.6
2016-05-02T16:28:22+0000 29.5
2016-05-02T16:43:36+0000 29.1
2016-05-02T16:58:50+0000 28.9
2016-05-02T17:14:04+0000 28.5
2016-05-02T17:29:18+0000 28.5
2016-05-02T17:44:32+0000 28.2
2016-05-02T17:59:47+0000 28.0
2016-05-02T18:15:01+0000 27.7
2016-05-02T18:30:15+0000 27.5
2016-05-02T18:45:29+0000 27.0
2016-05-02T19:00:43+0000 26.4
2016-05-02T19:15:57+0000 25.9
2016-05-02T19:31:11+0000 25.2
2016-05-02T19:46:26+0000 24.8
2016-05-02T20:01:40+0000 24.2
2016-05-02T20:16:54+0000 23.8
2016-05-02T20:32:09+0000 23.3
2016-05-02T20:47:23+0000 23.2
2016-05-02T21:02:37+0000 22.8
2016-05-02T21:17:52+0000 22.5
2016-05-02T21:33:06+0000 21.9
2016-05-02T21:48:21+0000 21.5
2016-05-02T22:03:35+0000 21.3
2016-05-02T22:18:50+0000 20.7
2016-05-02T22:34:04+0000 20.5
2016-05-02T22:49:19+0000 20.2
2016-05-02T23:04:33+0000 19.9
2016-05-02T23:19:48+0000 19.6
2016-05-02T23:35:03+0000 19.2
2016-05-02T23:50:17+0000 19.0
