2016-01-16T00:09:15+0000 5.1
2016-01-16T00:24:31+0000 5.0
2016-01-16T00:39:47+0000 5.1
2016-01-16T00:55:03+0000 5.2
2016-01-16T01:10:19+0000 5.1
2016-01-16T01:25:35+0000 5.2
2016-01-16T01:40:51+0000 5.3
2016-01-16T01:56:07+0000 5.4
2016-01-16T02:11:23+0000 5.2
2016-01-16T02:26:39+0000 5.2
2016-01-16T02:41:55+0000 5.4
2016-01-16T02:57:11+0000 5.3
2016-01-16T03:12:27+0000 5.4
2016-01-16T03:27:43+0000 5.4
2016-01-16T03:42:59+0000 5.4
2016-01-16T03:58:15+0000 5.4
2016-01-16T04:13:31+0000 5.3
2016-01-16T04:28:47+0000 5.6
2016-01-16T04:44:03+0000 5.5
2016-01-16T04:59:19+0000 5.4
2016-01-16T05:14:35+0000 5.6
2016-01-16T05:29:51+0000 5.4
2016-01-16T05:45:07+0000 5.5
2016-01-16T06:00:23+0000 5.4
2016-01-16T06:15:39+0000 5.5
2016-01-16T06:30:55+0000 5.6
2016-01-16T06:46:11+0000 5.6
2016-01-16T07:01:27+0000 5.6
2016-01-16T07:16:43+0000 5.4
2016-01-16T07:31:58+0000 5.5
2016-01-16T07:47:14+0000 5.5
2016-01-16T08:02:30+0000 5.5
2016-01-16T08:17:46+0000 5.4
2016-01-16T08:33:02+0000 5.5
2016-01-16T08:48:18+0000 5.5
2016-01-16T09:03:33+0000 5.7
2016-01-16T09:18:49+0000 5.5
2016-01-16T09:34:05+0000 5.6
2016-01-16T09:49:21+0000 5.6
2016-01-16T10:04:37+0000 5.8
2016-01-16T10:19:53+0000 5.7
2016-01-16T10:35:09+0000 5.7
2016-01-16T10:50:25+0000 5.8
2016-01-16T11:05:41+0000 6.0
2016-01-16T11:20:57+0000 5.8
2016-01-16T11:36:13+0000 6.0
2016-01-16T11:51:29+0000 6.2
2016-01-16T12:06:45+0000 6.4
2016-01-16T12:22:01+0000 6.3
2016-01-16T12:37:17+0000 6.2
2016-01-16T12:52:33+0000 6.1
2016-01-16T13:07:49+0000 5.9
2016-01-16T13:23:05+0000 6.5
2016-01-16T13:38:21+0000 6.2
2016-01-16T13:53:37+0000 5.9
2016-01-16T14:08:53+0000 5.9
2016-01-16T14:24:09+0000 6.1
2016-01-16T14:39:25+0000 5.8
2016-01-16T14:54:41+0000 5.9
2016-01-16T15:09:57+0000 5.8
2016-01-16T15:25:13+0000 5.5
2016-01-16T15:40:29+0000 5.6
2016-01-16T15:55:45+0000 5.2
2016-01-16T16:11:01+0000 5.4
2016-01-16T16:26:17+0000 5.4
2016-01-16T16:41:33+0000 5.3
2016-01-16T16:56:49+0000 5.1
2016-01-16T17:12:05+0000 5.2
2016-01-16T17:27:21+0000 5.4
2016-01-16T17:42:37+0000 5.2
2016-01-16T17:57:53+0000 5.2
2016-01-16T18:13:09+0000 5.0
2016-01-16T18:28:25+0000 5.0
2016-01-16T18:43:41+0000 5.0
2016-01-16T18:58:57+0000 5.1
2016-01-16T19:14:13+0000 5.1
2016-01-16T19:29:29+0000 5.1
2016-01-16T19:44:45+0000 4.9
2016-01-16T20:00:01+0000 5.0
2016-01-16T20:15:17+0000 5.1
2016-01-16T20:30:33+0000 5.0
2016-01-16T20:45:49+0000 4.9
2016-01-16T21:01:05+0000 5.1
2016-01-16T21:16:21+0000 5.0
2016-01-16T21:31:37+0000 4.5
2016-01-16T21:46:53+0000 4.8
2016-01-16T22:02:09+0000 4.6
2016-01-16T22:17:25+0000 4.8
2016-01-16T22:32:41+0000 5.0
2016-01-16T22:47:57+0000 4.7
2016-01-16T23:03:13+0000 4.5
2016-01-16T23:18:29+0000 4.4
2016-01-16T23:33:45+0000 4.2
2016-01-16T23:49:01+0000 4.5
