2016-06-30T00:02:45+0000 25.7
2016-06-30T00:18:00+0000 25.3
2016-06-30T00:33:14+0000 25.1
2016-06-30T00:48:28+0000 24.9
2016-06-30T01:03:43+0000 24.8
2016-06-30T01:18:57+0000 24.6
2016-06-30T01:34:11+0000 24.4
2016-06-30T01:49:26+0000 24.4
2016-06-30T02:04:40+0000 24.2
2016-06-30T02:19:55+0000 24.2
2016-06-30T02:35:09+0000 24.1
2016-06-30T02:50:23+0000 23.9
2016-06-30T03:05:38+0000 23.8
2016-06-30T03:20:52+0000 23.7
2016-06-30T03:36:07+0000 23.7
2016-06-30T03:51:21+0000 23.6
2016-06-30T04:06:36+0000 23.5
2016-06-30T04:21:50+0000 23.4
2016-06-30T04:37:05+0000 23.3
2016-06-30T04:52:19+0000 23.2
2016-06-30T05:07:34+0000 23.1
2016-06-30T05:22:48+0000 23.0
2016-06-30T05:38:03+0000 23.0
2016-06-30T05:53:17+0000 22.9
2016-06-30T06:08:32+0000 22.9
2016-06-30T06:23:46+0000 22.9
2016-06-30T06:39:01+0000 22.9
2016-06-30T06:54:15+0000 23.0
2016-06-30T07:09:30+0000 22.9
2016-06-30T07:24:44+0000 23.0
2016-06-30T07:39:59+0000 23.2
2016-06-30T07:55:13+0000 23.4
2016-06-30T08:10:28+0000 23.6
2016-06-30T08:25:42+0000 23.9
2016-06-30T08:40:57+0000 24.5
2016-06-30T08:56:11+0000 24.7
2016-06-30T09:11:26+0000 25.2
2016-06-30T09:26:40+0000 26.2
2016-06-30T09:41:55+0000 26.9
2016-06-30T09:57:09+0000 27.7
2016-06-30T10:12:24+0000 28.5
2016-06-30T10:27:38+0000 28.9
2016-06-30T10:42:52+0000 29.7
2016-06-30T10:58:06+0000 30.0
2016-06-30T11:13:20+0000 29.9
2016-06-30T11:28:34+0000 30.1
2016-06-30T11:43:48+0000 30.4
2016-06-30T11:59:03+0000 30.1
2016-06-30T12:14:17+0000 30.3
2016-06-30T12:29:31+0000 30.2
2016-06-30T12:44:45+0000 29.9
2016-06-30T12:59:59+0000 29.6
2016-06-30T13:15:13+0000 29.7
2016-06-30T13:30:27+0000 30.5
2016-06-30T13:45:41+0000 31.3
2016-06-30T14:00:55+0000 31.9
2016-06-30T14:16:09+0000 31.9
2016-06-30T14:31:23+0000 31.9
2016-06-30T14:46:37+0000 32.0
2016-06-30T15:01:51+0000 32.1
2016-06-30T15:17:05+0000 32.3
2016-06-30T15:32:19+0000 32.4
2016-06-30T15:47:33+0000 32.3
2016-06-30T16:02:47+0000 31.8
2016-06-30T16:18:01+0000 31.5
2016-06-30T16:33:15+0000 31.0
2016-06-30T16:48:29+0000 31.0
2016-06-30T17:03:43+0000 30.7
2016-06-30T17:18:57+0000 30.4
2016-06-30T17:34:11+0000 30.2
2016-06-30T17:49:25+0000 30.1
2016-06-30T18:04:39+0000 29.9
2016-06-30T18:19:53+0000 29.7
2016-06-30T18:35:07+0000 29.4
2016-06-30T18:50:21+0000 29.2
2016-06-30T19:05:35+0000 28.9
2016-06-30T19:20:49+0000 28.7
2016-06-30T19:36:03+0000 28.6
2016-06-30T19:51:17+0000 28.3
2016-06-30T20:06:31+0000 28.0
2016-06-30T20:21:46+0000 27.6
2016-06-30T20:37:00+0000 27.4
2016-06-30T20:52:14+0000 27.3
2016-06-30T21:07:28+0000 26.9
2016-06-30T21:22:42+0000 26.5
2016-06-30T21:37:57+0000 26.3
2016-06-30T21:53:11+0000 25.9
2016-06-30T22:08:25+0000 25.7
2016-06-30T22:23:39+0000 25.5
2016-06-30T22:38:54+0000 25.1
2016-06-30T22:54:08+0000 24.9
2016-06-30T23:09:23+0000 24.8
2016-06-30T23:24:37+0000 24.6
2016-06-30T23:39:51+0000 24.2
2016-06-30T23:55:06+0000 24.1
