2016-03-14T00:09:52+0000 9.3
2016-03-14T00:25:07+0000 9.3
2016-03-14T00:40:23+0000 9.0
2016-03-14T00:55:39+0000 8.9
2016-03-14T01:10:54+0000 8.8
2016-03-14T01:26:10+0000 8.6
2016-03-14T01:41:26+0000 8.4
2016-03-14T01:56:41+0000 8.3
2016-03-14T02:11:57+0000 8.1
2016-03-14T02:27:13+0000 8.0
2016-03-14T02:42:28+0000 8.0
2016-03-14T02:57:44+0000 7.8
2016-03-14T03:12:59+0000 7.7
2016-03-14T03:28:15+0000 7.8
2016-03-14T03:43:31+0000 7.8
2016-03-14T03:58:46+0000 7.6
2016-03-14T04:14:02+0000 7.7
2016-03-14T04:29:18+0000 7.6
2016-03-14T04:44:34+0000 7.6
2016-03-14T04:59:49+0000 7.6
2016-03-14T05:15:05+0000 7.5
2016-03-14T05:30:21+0000 7.6
2016-03-14T05:45:36+0000 7.4
2016-03-14T06:00:52+0000 7.4
2016-03-14T06:16:08+0000 7.4
2016-03-14T06:31:24+0000 7.5
2016-03-14T06:46:39+0000 7.3
2016-03-14T07:01:55+0000 7.3
2016-03-14T07:17:11+0000 7.2
2016-03-14T07:32:27+0000 7.2
2016-03-14T07:47:43+0000 7.5
2016-03-14T08:02:59+0000 7.9
2016-03-14T08:18:15+0000 8.2
2016-03-14T08:33:31+0000 8.6
2016-03-14T08:48:47+0000 9.3
2016-03-14T09:04:03+0000 9.7
2016-03-14T09:19:19+0000 10.1
2016-03-14T09:34:34+0000 10.4
2016-03-14T09:49:50+0000 10.8
2016-03-14T10:05:06+0000 11.4
2016-03-14T10:20:22+0000 11.8
2016-03-14T10:35:37+0000 12.3
2016-03-14T10:50:53+0000 12.7
2016-03-14T11:06:09+0000 13.5
2016-03-14T11:21:25+0000 14.0
2016-03-14T11:36:40+0000 14.8
2016-03-14T11:51:56+0000 15.3
2016-03-14T12:07:11+0000 15.7
2016-03-14T12:22:26+0000 15.7
2016-03-14T12:37:42+0000 15.8
2016-03-14T12:52:57+0000 15.7
2016-03-14T13:08:13+0000 15.8
2016-03-14T13:23:28+0000 16.0
2016-03-14T13:38:44+0000 16.3
2016-03-14T13:53:59+0000 16.3
2016-03-14T14:09:14+0000 16.3
2016-03-14T14:24:30+0000 16.6
2016-03-14T14:39:45+0000 16.6
2016-03-14T14:55:01+0000 16.7
2016-03-14T15:10:16+0000 16.6
2016-03-14T15:25:31+0000 16.5
2016-03-14T15:40:47+0000 16.4
2016-03-14T15:56:02+0000 16.4
2016-03-14T16:11:17+0000 16.2
2016-03-14T16:26:33+0000 16.1
2016-03-14T16:41:48+0000 15.9
2016-03-14T16:57:04+0000 15.8
2016-03-14T17:12:19+0000 15.5
2016-03-14T17:27:34+0000 15.2
2016-03-14T17:42:50+0000 15.1
2016-03-14T17:58:05+0000 14.8
2016-03-14T18:13:21+0000 14.5
2016-03-14T18:28:36+0000 14.0
2016-03-14T18:43:52+0000 13.7
2016-03-14T18:59:07+0000 13.4
2016-03-14T19:14:23+0000 13.2
2016-03-14T19:29:38+0000 12.9
2016-03-14T19:44:54+0000 12.6
2016-03-14T20:00:09+0000 12.4
2016-03-14T20:15:25+0000 12.2
2016-03-14T20:30:40+0000 11.8
2016-03-14T20:45:56+0000 11.6
2016-03-14T21:01:11+0000 11.3
2016-03-14T21:16:27+0000 11.1
2016-03-14T21:31:42+0000 10.9
2016-03-14T21:46:58+0000 10.7
2016-03-14T22:02:14+0000 10.5
2016-03-14T22:17:29+0000 10.3
2016-03-14T22:32:45+0000 10.1
2016-03-14T22:48:01+0000 9.8
2016-03-14T23:03:16+0000 9.6
2016-03-14T23:18:32+0000 9.4
2016-03-14T23:33:48+0000 9.2
2016-03-14T23:49:03+0000 9.0
