2016-07-18T00:03:39+0000 26.9
2016-07-18T00:18:53+0000 26.5
2016-07-18T00:34:08+0000 26.4
2016-07-18T00:49:22+0000 26.2
2016-07-18T01:04:36+0000 25.9
2016-07-18T01:19:51+0000 25.6
2016-07-18T01:35:05+0000 25.4
2016-07-18T01:50:20+0000 25.2
2016-07-18T02:05:34+0000 25.0
2016-07-18T02:20:48+0000 24.8
2016-07-18T02:36:03+0000 24.6
2016-07-18T02:51:17+0000 24.5
2016-07-18T03:06:32+0000 24.4
2016-07-18T03:21:46+0000 24.3
2016-07-18T03:37:01+0000 24.2
2016-07-18T03:52:16+0000 24.1
2016-07-18T04:07:30+0000 24.0
2016-07-18T04:22:45+0000 23.9
2016-07-18T04:37:59+0000 23.7
2016-07-18T04:53:14+0000 23.6
2016-07-18T05:08:28+0000 23.5
2016-07-18T05:23:43+0000 23.4
2016-07-18T05:38:58+0000 23.3
2016-07-18T05:54:12+0000 23.3
2016-07-18T06:09:27+0000 23.5
2016-07-18T06:24:42+0000 23.5
2016-07-18T06:39:56+0000 23.7
2016-07-18T06:55:11+0000 23.9
2016-07-18T07:10:25+0000 24.2
2016-07-18T07:25:40+0000 24.5
2016-07-18T07:40:55+0000 25.1
2016-07-18T07:56:09+0000 25.6
2016-07-18T08:11:24+0000 26.5
2016-07-18T08:26:38+0000 27.5
2016-07-18T08:41:53+0000 28.6
2016-07-18T08:57:07+0000 29.6
2016-07-18T09:12:21+0000 30.7
2016-07-18T09:27:36+0000 32.0
2016-07-18T09:42:50+0000 33.1
2016-07-18T09:58:04+0000 33.2
2016-07-18T10:13:18+0000 34.1
2016-07-18T10:28:32+0000 35.2
2016-07-18T10:43:46+0000 36.2
2016-07-18T10:59:00+0000 37.1
2016-07-18T11:14:13+0000 37.1
2016-07-18T11:29:27+0000 38.2
2016-07-18T11:44:41+0000 37.7
2016-07-18T11:59:54+0000 38.1
2016-07-18T12:15:08+0000 39.0
2016-07-18T12:30:21+0000 39.6
2016-07-18T12:45:34+0000 39.8
2016-07-18T13:00:48+0000 39.9
2016-07-18T13:16:01+0000 40.4
2016-07-18T13:31:14+0000 40.7
2016-07-18T13:46:27+0000 40.7
2016-07-18T14:01:40+0000 41.2
2016-07-18T14:16:54+0000 41.2
2016-07-18T14:32:07+0000 41.2
2016-07-18T14:47:20+0000 41.4
2016-07-18T15:02:33+0000 41.6
2016-07-18T15:17:46+0000 41.5
2016-07-18T15:32:59+0000 41.5
2016-07-18T15:48:12+0000 41.4
2016-07-18T16:03:25+0000 41.3
2016-07-18T16:18:38+0000 41.2
2016-07-18T16:33:51+0000 41.0
2016-07-18T16:49:04+0000 40.6
2016-07-18T17:04:17+0000 40.3
2016-07-18T17:19:30+0000 40.0
2016-07-18T17:34:43+0000 39.6
2016-07-18T17:49:57+0000 39.3
2016-07-18T18:05:10+0000 39.1
2016-07-18T18:20:23+0000 38.7
2016-07-18T18:35:36+0000 38.3
2016-07-18T18:50:50+0000 38.0
2016-07-18T19:06:03+0000 37.6
2016-07-18T19:21:16+0000 37.2
2016-07-18T19:36:30+0000 36.7
2016-07-18T19:51:43+0000 36.2
2016-07-18T20:06:56+0000 35.7
2016-07-18T20:22:10+0000 35.0
2016-07-18T20:37:23+0000 34.6
2016-07-18T20:52:37+0000 33.9
2016-07-18T21:07:51+0000 33.6
2016-07-18T21:23:04+0000 33.0
2016-07-18T21:38:18+0000 32.6
2016-07-18T21:53:32+0000 32.1
2016-07-18T22:08:46+0000 31.7
2016-07-18T22:24:00+0000 31.3
2016-07-18T22:39:14+0000 31.0
2016-07-18T22:54:28+0000 30.5
2016-07-18T23:09:42+0000 30.2
2016-07-18T23:24:56+0000 29.8
2016-07-18T23:40:10+0000 29.5
2016-07-18T23:55:24+0000 29.1
