2016-07-21T00:08:37+0000 33.2
2016-07-21T00:23:50+0000 32.9
2016-07-21T00:39:04+0000 32.7
2016-07-21T00:54:18+0000 32.4
2016-07-21T01:09:32+0000 32.2
2016-07-21T01:24:46+0000 32.0
2016-07-21T01:40:00+0000 31.8
2016-07-21T01:55:14+0000 31.7
2016-07-21T02:10:27+0000 31.5
2016-07-21T02:25:41+0000 30.9
2016-07-21T02:40:55+0000 30.6
2016-07-21T02:56:09+0000 30.3
2016-07-21T03:11:23+0000 29.9
2016-07-21T03:26:37+0000 29.5
2016-07-21T03:41:52+0000 29.2
2016-07-21T03:57:06+0000 29.0
2016-07-21T04:12:20+0000 28.9
2016-07-21T04:27:34+0000 28.6
2016-07-21T04:42:48+0000 28.5
2016-07-21T04:58:02+0000 28.4
2016-07-21T05:13:16+0000 28.2
2016-07-21T05:28:30+0000 28.0
2016-07-21T05:43:45+0000 27.9
2016-07-21T05:58:59+0000 27.8
2016-07-21T06:14:13+0000 27.7
2016-07-21T06:29:27+0000 27.6
2016-07-21T06:44:41+0000 27.6
2016-07-21T06:59:56+0000 27.7
2016-07-21T07:15:10+0000 28.0
2016-07-21T07:30:24+0000 28.1
2016-07-21T07:45:38+0000 28.7
2016-07-21T08:00:53+0000 29.4
2016-07-21T08:16:07+0000 30.0
2016-07-21T08:31:21+0000 30.7
2016-07-21T08:46:35+0000 31.4
2016-07-21T09:01:49+0000 31.8
2016-07-21T09:17:03+0000 32.3
2016-07-21T09:32:17+0000 32.8
2016-07-21T09:47:31+0000 32.8
2016-07-21T10:02:45+0000 32.8
2016-07-21T10:17:58+0000 33.1
2016-07-21T10:33:12+0000 33.1
2016-07-21T10:48:26+0000 33.2
2016-07-21T11:03:40+0000 33.1
2016-07-21T11:18:54+0000 33.0
2016-07-21T11:34:08+0000 33.1
2016-07-21T11:49:22+0000 33.0
2016-07-21T12:04:36+0000 33.2
2016-07-21T12:19:50+0000 33.2
2016-07-21T12:35:04+0000 33.3
2016-07-21T12:50:17+0000 33.4
2016-07-21T13:05:31+0000 33.7
2016-07-21T13:20:45+0000 34.1
2016-07-21T13:35:59+0000 34.4
2016-07-21T13:51:13+0000 34.9
2016-07-21T14:06:26+0000 35.3
2016-07-21T14:21:40+0000 35.9
2016-07-21T14:36:54+0000 36.3
2016-07-21T14:52:07+0000 36.7
2016-07-21T15:07:21+0000 37.1
2016-07-21T15:22:34+0000 37.3
2016-07-21T15:37:48+0000 37.4
2016-07-21T15:53:02+0000 37.4
2016-07-21T16:08:15+0000 37.6
2016-07-21T16:23:29+0000 37.4
2016-07-21T16:38:42+0000 37.2
2016-07-21T16:53:56+0000 37.1
2016-07-21T17:09:09+0000 36.9
2016-07-21T17:24:23+0000 36.7
2016-07-21T17:39:36+0000 36.5
2016-07-21T17:54:50+0000 36.3
2016-07-21T18:10:03+0000 36.1
2016-07-21T18:25:17+0000 35.9
2016-07-21T18:40:31+0000 35.5
2016-07-21T18:55:44+0000 35.2
2016-07-21T19:10:58+0000 34.9
2016-07-21T19:26:12+0000 34.5
2016-07-21T19:41:25+0000 34.3
2016-07-21T19:56:39+0000 33.7
2016-07-21T20:11:53+0000 33.1
2016-07-21T20:27:07+0000 32.6
2016-07-21T20:42:21+0000 32.2
2016-07-21T20:57:35+0000 31.8
2016-07-21T21:12:49+0000 31.3
2016-07-21T21:28:03+0000 31.0
2016-07-21T21:43:17+0000 30.7
2016-07-21T21:58:31+0000 30.2
2016-07-21T22:13:45+0000 29.9
2016-07-21T22:28:59+0000 29.6
2016-07-21T22:44:13+0000 29.2
2016-07-21T22:59:27+0000 29.0
2016-07-21T23:14:41+0000 28.7
2016-07-21T23:29:55+0000 28.5
2016-07-21T23:45:10+0000 28.1
