2016-09-22T00:00:52+0000 17.0
2016-09-22T00:16:07+0000 16.8
2016-09-22T00:31:23+0000 16.5
2016-09-22T00:46:38+0000 16.3
2016-09-22T01:01:53+0000 16.1
2016-09-22T01:17:08+0000 16.0
2016-09-22T01:32:24+0000 15.8
2016-09-22T01:47:39+0000 15.6
2016-09-22T02:02:54+0000 15.4
2016-09-22T02:18:10+0000 15.3
2016-09-22T02:33:25+0000 15.1
2016-09-22T02:48:40+0000 15.0
2016-09-22T03:03:56+0000 14.8
2016-09-22T03:19:11+0000 14.6
2016-09-22T03:34:27+0000 14.5
2016-09-22T03:49:42+0000 14.4
2016-09-22T04:04:57+0000 14.2
2016-09-22T04:20:13+0000 14.2
2016-09-22T04:35:28+0000 13.9
2016-09-22T04:50:44+0000 13.7
2016-09-22T05:05:59+0000 13.6
2016-09-22T05:21:15+0000 13.6
2016-09-22T05:36:30+0000 13.4
2016-09-22T05:51:45+0000 13.2
2016-09-22T06:07:01+0000 13.2
2016-09-22T06:22:16+0000 13.1
2016-09-22T06:37:32+0000 13.1
2016-09-22T06:52:47+0000 13.1
2016-09-22T07:08:03+0000 13.2
2016-09-22T07:23:18+0000 13.6
2016-09-22T07:38:34+0000 13.9
2016-09-22T07:53:49+0000 14.5
2016-09-22T08:09:04+0000 15.0
2016-09-22T08:24:20+0000 15.4
2016-09-22T08:39:35+0000 16.0
2016-09-22T08:54:50+0000 16.7
2016-09-22T09:10:05+0000 17.5
2016-09-22T09:25:21+0000 18.2
2016-09-22T09:40:36+0000 19.0
2016-09-22T09:55:51+0000 20.0
2016-09-22T10:11:06+0000 20.8
2016-09-22T10:26:22+0000 21.7
2016-09-22T10:41:37+0000 22.5
2016-09-22T10:56:52+0000 23.2
2016-09-22T11:12:07+0000 24.0
2016-09-22T11:27:22+0000 24.6
2016-09-22T11:42:37+0000 25.2
2016-09-22T11:57:52+0000 25.8
2016-09-22T12:13:06+0000 26.4
2016-09-22T12:28:21+0000 26.9
2016-09-22T12:43:36+0000 27.3
2016-09-22T12:58:51+0000 27.6
2016-09-22T13:14:06+0000 27.7
2016-09-22T13:29:20+0000 28.0
2016-09-22T13:44:35+0000 28.2
2016-09-22T13:59:49+0000 28.2
2016-09-22T14:15:04+0000 28.1
2016-09-22T14:30:19+0000 28.1
2016-09-22T14:45:33+0000 28.0
2016-09-22T15:00:48+0000 27.7
2016-09-22T15:16:03+0000 27.7
2016-09-22T15:31:17+0000 27.6
2016-09-22T15:46:32+0000 27.5
2016-09-22T16:01:46+0000 27.5
2016-09-22T16:17:01+0000 27.5
2016-09-22T16:32:16+0000 27.2
2016-09-22T16:47:31+0000 27.1
2016-09-22T17:02:45+0000 26.8
2016-09-22T17:18:00+0000 26.6
2016-09-22T17:33:15+0000 26.1
2016-09-22T17:48:29+0000 25.8
2016-09-22T18:03:44+0000 25.2
2016-09-22T18:18:58+0000 24.8
2016-09-22T18:34:13+0000 24.2
2016-09-22T18:49:28+0000 23.7
2016-09-22T19:04:43+0000 23.4
2016-09-22T19:19:58+0000 22.9
2016-09-22T19:35:13+0000 22.6
2016-09-22T19:50:28+0000 22.1
2016-09-22T20:05:43+0000 21.9
2016-09-22T20:20:58+0000 21.6
2016-09-22T20:36:13+0000 21.3
2016-09-22T20:51:28+0000 21.0
2016-09-22T21:06:43+0000 20.7
2016-09-22T21:21:58+0000 20.4
2016-09-22T21:37:13+0000 20.1
2016-09-22T21:52:28+0000 19.9
2016-09-22T22:07:43+0000 19.8
2016-09-22T22:22:58+0000 19.4
2016-09-22T22:38:13+0000 19.2
2016-09-22T22:53:28+0000 19.0
2016-09-22T23:08:43+0000 18.8
2016-09-22T23:23:58+0000 18.6
2016-09-22T23:39:13+0000 18.4
2016-09-22T23:54:28+0000 18.3
