2016-05-29T00:06:15+0000 23.6
2016-05-29T00:21:30+0000 23.5
2016-05-29T00:36:44+0000 23.4
2016-05-29T00:51:59+0000 23.2
2016-05-29T01:07:13+0000 23.0
2016-05-29T01:22:28+0000 22.9
2016-05-29T01:37:42+0000 22.6
2016-05-29T01:52:57+0000 22.6
2016-05-29T02:08:11+0000 22.5
2016-05-29T02:23:26+0000 22.3
2016-05-29T02:38:40+0000 22.2
2016-05-29T02:53:55+0000 22.1
2016-05-29T03:09:09+0000 21.9
2016-05-29T03:24:24+0000 21.9
2016-05-29T03:39:39+0000 21.7
2016-05-29T03:54:53+0000 21.7
2016-05-29T04:10:08+0000 21.6
2016-05-29T04:25:22+0000 21.5
2016-05-29T04:40:37+0000 21.5
2016-05-29T04:55:52+0000 21.4
2016-05-29T05:11:06+0000 21.2
2016-05-29T05:26:21+0000 21.2
2016-05-29T05:41:35+0000 21.1
2016-05-29T05:56:50+0000 21.2
2016-05-29T06:12:05+0000 21.1
2016-05-29T06:27:19+0000 21.1
2016-05-29T06:42:34+0000 21.1
2016-05-29T06:57:49+0000 21.3
2016-05-29T07:13:03+0000 21.5
2016-05-29T07:28:18+0000 21.7
2016-05-29T07:43:33+0000 22.2
2016-05-29T07:58:47+0000 22.8
2016-05-29T08:14:02+0000 23.6
2016-05-29T08:29:16+0000 24.5
2016-05-29T08:44:31+0000 25.2
2016-05-29T08:59:45+0000 26.0
2016-05-29T09:15:00+0000 26.7
2016-05-29T09:30:14+0000 26.9
2016-05-29T09:45:28+0000 27.6
2016-05-29T10:00:43+0000 28.6
2016-05-29T10:15:57+0000 29.7
2016-05-29T10:31:11+0000 30.2
2016-05-29T10:46:25+0000 30.5
2016-05-29T11:01:39+0000 30.8
2016-05-29T11:16:54+0000 31.3
2016-05-29T11:32:08+0000 31.7
2016-05-29T11:47:22+0000 32.1
2016-05-29T12:02:36+0000 32.1
2016-05-29T12:17:50+0000 32.0
2016-05-29T12:33:03+0000 32.0
2016-05-29T12:48:17+0000 31.6
2016-05-29T13:03:31+0000 31.1
2016-05-29T13:18:45+0000 30.7
2016-05-29T13:33:59+0000 30.4
2016-05-29T13:49:13+0000 30.4
2016-05-29T14:04:27+0000 30.4
2016-05-29T14:19:41+0000 30.3
2016-05-29T14:34:55+0000 30.0
2016-05-29T14:50:10+0000 29.2
2016-05-29T15:05:24+0000 28.6
2016-05-29T15:20:38+0000 28.2
2016-05-29T15:35:52+0000 27.7
2016-05-29T15:51:06+0000 27.3
2016-05-29T16:06:21+0000 27.1
2016-05-29T16:21:35+0000 26.8
2016-05-29T16:36:49+0000 26.5
2016-05-29T16:52:03+0000 26.3
2016-05-29T17:07:18+0000 26.1
2016-05-29T17:22:32+0000 25.9
2016-05-29T17:37:46+0000 25.6
2016-05-29T17:53:01+0000 25.5
2016-05-29T18:08:15+0000 25.2
2016-05-29T18:23:30+0000 25.1
2016-05-29T18:38:44+0000 24.8
2016-05-29T18:53:58+0000 24.7
2016-05-29T19:09:13+0000 24.3
2016-05-29T19:24:28+0000 24.1
2016-05-29T19:39:42+0000 23.9
2016-05-29T19:54:57+0000 23.6
2016-05-29T20:10:11+0000 23.5
2016-05-29T20:25:26+0000 23.3
2016-05-29T20:40:40+0000 23.2
2016-05-29T20:55:55+0000 23.0
2016-05-29T21:11:09+0000 22.9
2016-05-29T21:26:24+0000 22.7
2016-05-29T21:41:38+0000 22.5
2016-05-29T21:56:53+0000 22.4
2016-05-29T22:12:08+0000 22.3
2016-05-29T22:27:22+0000 22.2
2016-05-29T22:42:37+0000 21.9
2016-05-29T22:57:51+0000 21.8
2016-05-29T23:13:06+0000 21.7
2016-05-29T23:28:21+0000 21.6
2016-05-29T23:43:35+0000 21.5
2016-05-29T23:58:50+0000 21.3
