2016-01-08T00:04:53+0000 8.6
2016-01-08T00:20:09+0000 8.2
2016-01-08T00:35:25+0000 8.3
2016-01-08T00:50:41+0000 8.3
2016-01-08T01:05:57+0000 8.2
2016-01-08T01:21:13+0000 8.2
2016-01-08T01:36:29+0000 8.2
2016-01-08T01:51:44+0000 8.1
2016-01-08T02:07:00+0000 7.9
2016-01-08T02:22:16+0000 8.0
2016-01-08T02:37:32+0000 8.1
2016-01-08T02:52:48+0000 8.0
2016-01-08T03:08:04+0000 8.1
2016-01-08T03:23:19+0000 7.8
2016-01-08T03:38:35+0000 7.8
2016-01-08T03:53:51+0000 7.9
2016-01-08T04:09:07+0000 7.8
2016-01-08T04:24:23+0000 7.7
2016-01-08T04:39:39+0000 7.8
2016-01-08T04:54:54+0000 7.8
2016-01-08T05:10:10+0000 7.7
2016-01-08T05:25:26+0000 7.7
2016-01-08T05:40:42+0000 7.5
2016-01-08T05:55:58+0000 7.5
2016-01-08T06:11:13+0000 7.3
2016-01-08T06:26:29+0000 7.3
2016-01-08T06:41:45+0000 7.3
2016-01-08T06:57:01+0000 7.3
2016-01-08T07:12:17+0000 7.2
2016-01-08T07:27:33+0000 7.1
2016-01-08T07:42:49+0000 7.2
2016-01-08T07:58:05+0000 7.0
2016-01-08T08:13:20+0000 7.0
2016-01-08T08:28:36+0000 6.8
2016-01-08T08:43:52+0000 7.1
2016-01-08T08:59:08+0000 7.1
2016-01-08T09:14:24+0000 7.4
2016-01-08T09:29:40+0000 7.8
2016-01-08T09:44:56+0000 8.1
2016-01-08T10:00:12+0000 8.4
2016-01-08T10:15:28+0000 8.8
2016-01-08T10:30:44+0000 9.2
2016-01-08T10:46:00+0000 9.1
2016-01-08T11:01:15+0000 9.8
2016-01-08T11:16:31+0000 10.3
2016-01-08T11:31:47+0000 10.6
2016-01-08T11:47:03+0000 10.8
2016-01-08T12:02:19+0000 11.2
2016-01-08T12:17:35+0000 11.6
2016-01-08T12:32:50+0000 11.6
2016-01-08T12:48:06+0000 11.7
2016-01-08T13:03:22+0000 11.8
2016-01-08T13:18:38+0000 11.8
2016-01-08T13:33:53+0000 11.8
2016-01-08T13:49:09+0000 11.8
2016-01-08T14:04:25+0000 11.9
2016-01-08T14:19:40+0000 12.0
2016-01-08T14:34:56+0000 12.2
2016-01-08T14:50:12+0000 12.1
2016-01-08T15:05:27+0000 12.1
2016-01-08T15:20:43+0000 11.9
2016-01-08T15:35:59+0000 11.9
2016-01-08T15:51:15+0000 11.8
2016-01-08T16:06:30+0000 11.7
2016-01-08T16:21:46+0000 11.6
2016-01-08T16:37:02+0000 11.4
2016-01-08T16:52:17+0000 11.4
2016-01-08T17:07:33+0000 11.1
2016-01-08T17:22:49+0000 11.0
2016-01-08T17:38:04+0000 10.7
2016-01-08T17:53:20+0000 10.7
2016-01-08T18:08:36+0000 10.5
2016-01-08T18:23:52+0000 10.3
2016-01-08T18:39:07+0000 10.4
2016-01-08T18:54:23+0000 10.3
2016-01-08T19:09:39+0000 10.2
2016-01-08T19:24:55+0000 10.1
2016-01-08T19:40:10+0000 9.9
2016-01-08T19:55:26+0000 9.8
2016-01-08T20:10:42+0000 9.7
2016-01-08T20:25:58+0000 9.5
2016-01-08T20:41:13+0000 9.5
2016-01-08T20:56:29+0000 9.3
2016-01-08T21:11:45+0000 9.3
2016-01-08T21:27:01+0000 9.3
2016-01-08T21:42:16+0000 9.2
2016-01-08T21:57:32+0000 9.2
2016-01-08T22:12:48+0000 9.1
2016-01-08T22:28:03+0000 9.1
2016-01-08T22:43:19+0000 9.0
2016-01-08T22:58:35+0000 8.9
2016-01-08T23:13:51+0000 8.8
2016-01-08T23:29:06+0000 8.8
2016-01-08T23:44:22+0000 8.8
2016-01-08T23:59:38+0000 8.6
