2016-02-16T00:02:11+0000 8.2
2016-02-16T00:17:27+0000 8.3
2016-02-16T00:32:43+0000 7.9
2016-02-16T00:47:59+0000 7.9
2016-02-16T01:03:15+0000 7.7
2016-02-16T01:18:31+0000 7.8
2016-02-16T01:33:46+0000 7.6
2016-02-16T01:49:02+0000 7.6
2016-02-16T02:04:18+0000 7.6
2016-02-16T02:19:34+0000 7.7
2016-02-16T02:34:50+0000 7.6
2016-02-16T02:50:06+0000 7.5
2016-02-16T03:05:22+0000 7.5
2016-02-16T03:20:37+0000 7.6
2016-02-16T03:35:53+0000 7.5
2016-02-16T03:51:09+0000 7.4
2016-02-16T04:06:25+0000 7.5
2016-02-16T04:21:41+0000 7.5
2016-02-16T04:36:57+0000 7.5
2016-02-16T04:52:13+0000 7.5
2016-02-16T05:07:29+0000 7.4
2016-02-16T05:22:45+0000 7.5
2016-02-16T05:38:01+0000 7.5
2016-02-16T05:53:16+0000 7.4
2016-02-16T06:08:32+0000 7.4
2016-02-16T06:23:48+0000 7.5
2016-02-16T06:39:04+0000 7.6
2016-02-16T06:54:20+0000 7.6
2016-02-16T07:09:36+0000 7.6
2016-02-16T07:24:52+0000 7.4
2016-02-16T07:40:08+0000 7.4
2016-02-16T07:55:24+0000 7.9
2016-02-16T08:10:40+0000 7.9
2016-02-16T08:25:56+0000 7.7
2016-02-16T08:41:12+0000 7.8
2016-02-16T08:56:27+0000 7.7
2016-02-16T09:11:43+0000 7.9
2016-02-16T09:26:59+0000 7.9
2016-02-16T09:42:15+0000 7.9
2016-02-16T09:57:31+0000 8.0
2016-02-16T10:12:47+0000 8.0
2016-02-16T10:28:03+0000 8.0
2016-02-16T10:43:19+0000 7.9
2016-02-16T10:58:35+0000 8.1
2016-02-16T11:13:50+0000 8.1
2016-02-16T11:29:06+0000 8.1
2016-02-16T11:44:22+0000 8.1
2016-02-16T11:59:38+0000 8.2
2016-02-16T12:14:54+0000 8.4
2016-02-16T12:30:10+0000 8.4
2016-02-16T12:45:26+0000 8.4
2016-02-16T13:00:42+0000 8.6
2016-02-16T13:15:58+0000 8.6
2016-02-16T13:31:14+0000 8.7
2016-02-16T13:46:29+0000 9.0
2016-02-16T14:01:46+0000 9.3
2016-02-16T14:17:02+0000 9.1
2016-02-16T14:32:18+0000 9.1
2016-02-16T14:47:34+0000 9.1
2016-02-16T15:02:50+0000 9.0
2016-02-16T15:18:06+0000 9.0
2016-02-16T15:33:21+0000 8.8
2016-02-16T15:48:37+0000 8.6
2016-02-16T16:03:53+0000 8.6
2016-02-16T16:19:09+0000 8.7
2016-02-16T16:34:24+0000 8.6
2016-02-16T16:49:40+0000 8.6
2016-02-16T17:04:56+0000 8.4
2016-02-16T17:20:12+0000 8.4
2016-02-16T17:35:28+0000 8.0
2016-02-16T17:50:43+0000 8.1
2016-02-16T18:05:59+0000 8.1
2016-02-16T18:21:15+0000 8.0
2016-02-16T18:36:31+0000 8.1
2016-02-16T18:51:47+0000 8.1
2016-02-16T19:07:03+0000 8.0
2016-02-16T19:22:18+0000 7.9
2016-02-16T19:37:34+0000 7.9
2016-02-16T19:52:50+0000 7.8
2016-02-16T20:08:06+0000 7.8
2016-02-16T20:23:22+0000 7.6
2016-02-16T20:38:38+0000 7.5
2016-02-16T20:53:54+0000 7.3
2016-02-16T21:09:09+0000 7.1
2016-02-16T21:24:25+0000 7.0
2016-02-16T21:39:41+0000 6.7
2016-02-16T21:54:57+0000 6.6
2016-02-16T22:10:13+0000 6.5
2016-02-16T22:25:29+0000 6.4
2016-02-16T22:40:44+0000 6.1
2016-02-16T22:56:00+0000 6.1
2016-02-16T23:11:16+0000 6.0
2016-02-16T23:26:32+0000 5.9
2016-02-16T23:41:48+0000 5.8
2016-02-16T23:57:04+0000 5.6
