2016-02-24T00:06:07+0000 6.9
2016-02-24T00:21:23+0000 6.8
2016-02-24T00:36:38+0000 6.9
2016-02-24T00:51:54+0000 6.8
2016-02-24T01:07:10+0000 6.8
2016-02-24T01:22:25+0000 6.8
2016-02-24T01:37:41+0000 6.8
2016-02-24T01:52:57+0000 6.7
2016-02-24T02:08:13+0000 6.9
2016-02-24T02:23:29+0000 6.7
2016-02-24T02:38:44+0000 6.7
2016-02-24T02:54:00+0000 6.7
2016-02-24T03:09:16+0000 6.5
2016-02-24T03:24:32+0000 6.6
2016-02-24T03:39:47+0000 6.6
2016-02-24T03:55:03+0000 6.5
2016-02-24T04:10:19+0000 6.5
2016-02-24T04:25:35+0000 6.5
2016-02-24T04:40:50+0000 6.5
2016-02-24T04:56:06+0000 6.5
2016-02-24T05:11:22+0000 6.5
2016-02-24T05:26:38+0000 6.5
2016-02-24T05:41:53+0000 6.5
2016-02-24T05:57:09+0000 6.6
2016-02-24T06:12:25+0000 6.6
2016-02-24T06:27:40+0000 6.5
2016-02-24T06:42:56+0000 6.5
2016-02-24T06:58:12+0000 6.4
2016-02-24T07:13:28+0000 6.5
2016-02-24T07:28:44+0000 6.5
2016-02-24T07:43:59+0000 6.5
2016-02-24T07:59:15+0000 6.5
2016-02-24T08:14:31+0000 6.5
2016-02-24T08:29:47+0000 6.4
2016-02-24T08:45:03+0000 6.7
2016-02-24T09:00:18+0000 6.9
2016-02-24T09:15:34+0000 7.3
2016-02-24T09:30:50+0000 7.3
2016-02-24T09:46:06+0000 7.5
2016-02-24T10:01:21+0000 7.8
2016-02-24T10:16:37+0000 7.8
2016-02-24T10:31:53+0000 8.2
2016-02-24T10:47:09+0000 8.4
2016-02-24T11:02:24+0000 8.6
2016-02-24T11:17:40+0000 9.1
2016-02-24T11:32:56+0000 9.8
2016-02-24T11:48:11+0000 10.2
2016-02-24T12:03:27+0000 10.2
2016-02-24T12:18:43+0000 10.3
2016-02-24T12:33:58+0000 10.6
2016-02-24T12:49:14+0000 10.7
2016-02-24T13:04:29+0000 11.1
2016-02-24T13:19:45+0000 11.5
2016-02-24T13:35:00+0000 11.7
2016-02-24T13:50:16+0000 11.8
2016-02-24T14:05:31+0000 11.9
2016-02-24T14:20:47+0000 11.9
2016-02-24T14:36:02+0000 12.1
2016-02-24T14:51:18+0000 12.2
2016-02-24T15:06:33+0000 12.2
2016-02-24T15:21:49+0000 12.2
2016-02-24T15:37:04+0000 12.3
2016-02-24T15:52:20+0000 12.4
2016-02-24T16:07:35+0000 12.1
2016-02-24T16:22:51+0000 12.0
2016-02-24T16:38:06+0000 11.8
2016-02-24T16:53:22+0000 11.7
2016-02-24T17:08:37+0000 11.5
2016-02-24T17:23:53+0000 11.3
2016-02-24T17:39:08+0000 11.1
2016-02-24T17:54:24+0000 11.0
2016-02-24T18:09:39+0000 10.7
2016-02-24T18:24:55+0000 10.5
2016-02-24T18:40:10+0000 10.2
2016-02-24T18:55:26+0000 9.9
2016-02-24T19:10:42+0000 9.7
2016-02-24T19:25:57+0000 9.6
2016-02-24T19:41:13+0000 9.3
2016-02-24T19:56:28+0000 9.2
2016-02-24T20:11:44+0000 9.1
2016-02-24T20:27:00+0000 8.8
2016-02-24T20:42:15+0000 8.8
2016-02-24T20:57:31+0000 8.7
2016-02-24T21:12:47+0000 8.6
2016-02-24T21:28:02+0000 8.6
2016-02-24T21:43:18+0000 8.5
2016-02-24T21:58:34+0000 8.5
2016-02-24T22:13:50+0000 8.4
2016-02-24T22:29:05+0000 8.3
2016-02-24T22:44:21+0000 8.3
2016-02-24T22:59:37+0000 8.2
2016-02-24T23:14:52+0000 8.2
2016-02-24T23:30:08+0000 8.2
2016-02-24T23:45:24+0000 8.2
