2016-06-24T00:12:10+0000 32.4
2016-06-24T00:27:24+0000 32.2
2016-06-24T00:42:38+0000 32.0
2016-06-24T00:57:51+0000 31.6
2016-06-24T01:13:05+0000 31.3
2016-06-24T01:28:19+0000 31.0
2016-06-24T01:43:33+0000 30.8
2016-06-24T01:58:46+0000 30.4
2016-06-24T02:14:00+0000 30.2
2016-06-24T02:29:14+0000 29.9
2016-06-24T02:44:28+0000 29.7
2016-06-24T02:59:42+0000 29.4
2016-06-24T03:14:56+0000 29.2
2016-06-24T03:30:10+0000 29.0
2016-06-24T03:45:24+0000 28.8
2016-06-24T04:00:38+0000 28.6
2016-06-24T04:15:52+0000 28.4
2016-06-24T04:31:06+0000 28.2
2016-06-24T04:46:20+0000 27.9
2016-06-24T05:01:34+0000 27.8
2016-06-24T05:16:48+0000 27.8
2016-06-24T05:32:03+0000 27.6
2016-06-24T05:47:17+0000 27.5
2016-06-24T06:02:31+0000 27.5
2016-06-24T06:17:45+0000 27.5
2016-06-24T06:32:59+0000 27.5
2016-06-24T06:48:14+0000 27.7
2016-06-24T07:03:28+0000 28.3
2016-06-24T07:18:42+0000 29.0
2016-06-24T07:33:56+0000 29.7
2016-06-24T07:49:10+0000 30.5
2016-06-24T08:04:24+0000 31.3
2016-06-24T08:19:38+0000 32.4
2016-06-24T08:34:52+0000 33.3
2016-06-24T08:50:06+0000 34.2
2016-06-24T09:05:20+0000 35.1
2016-06-24T09:20:33+0000 35.8
2016-06-24T09:35:47+0000 35.5
2016-06-24T09:51:01+0000 36.3
2016-06-24T10:06:14+0000 36.9
2016-06-24T10:21:28+0000 37.6
2016-06-24T10:36:41+0000 38.3
2016-06-24T10:51:55+0000 39.0
2016-06-24T11:07:08+0000 39.7
2016-06-24T11:22:22+0000 40.3
2016-06-24T11:37:35+0000 40.9
2016-06-24T11:52:48+0000 41.3
2016-06-24T12:08:01+0000 41.7
2016-06-24T12:23:14+0000 42.2
2016-06-24T12:38:27+0000 42.4
2016-06-24T12:53:40+0000 42.6
2016-06-24T13:08:53+0000 42.8
2016-06-24T13:24:06+0000 43.0
2016-06-24T13:39:19+0000 43.2
2016-06-24T13:54:32+0000 43.5
2016-06-24T14:09:45+0000 43.7
2016-06-24T14:24:58+0000 43.7
2016-06-24T14:40:11+0000 43.8
2016-06-24T14:55:23+0000 43.8
2016-06-24T15:10:36+0000 43.9
2016-06-24T15:25:49+0000 43.7
2016-06-24T15:41:02+0000 43.5
2016-06-24T15:56:14+0000 43.4
2016-06-24T16:11:27+0000 43.2
2016-06-24T16:26:40+0000 43.1
2016-06-24T16:41:53+0000 42.8
2016-06-24T16:57:06+0000 42.5
2016-06-24T17:12:18+0000 42.1
2016-06-24T17:27:31+0000 41.7
2016-06-24T17:42:44+0000 41.4
2016-06-24T17:57:57+0000 40.9
2016-06-24T18:13:10+0000 40.4
2016-06-24T18:28:23+0000 39.9
2016-06-24T18:43:36+0000 39.6
2016-06-24T18:58:49+0000 39.2
2016-06-24T19:14:03+0000 38.8
2016-06-24T19:29:16+0000 38.4
2016-06-24T19:44:29+0000 38.0
2016-06-24T19:59:42+0000 37.6
2016-06-24T20:14:56+0000 37.2
2016-06-24T20:30:09+0000 36.9
2016-06-24T20:45:23+0000 36.5
2016-06-24T21:00:36+0000 36.0
2016-06-24T21:15:49+0000 35.6
2016-06-24T21:31:03+0000 35.2
2016-06-24T21:46:16+0000 34.7
2016-06-24T22:01:30+0000 34.3
2016-06-24T22:16:44+0000 34.0
2016-06-24T22:31:57+0000 33.7
2016-06-24T22:47:11+0000 33.5
2016-06-24T23:02:24+0000 33.2
2016-06-24T23:17:38+0000 32.9
2016-06-24T23:32:52+0000 32.6
2016-06-24T23:48:05+0000 32.4
