2016-09-24T00:03:14+0000 18.1
2016-09-24T00:18:29+0000 17.9
2016-09-24T00:33:44+0000 17.7
2016-09-24T00:48:59+0000 17.5
2016-09-24T01:04:15+0000 17.3
2016-09-24T01:19:30+0000 17.2
2016-09-24T01:34:45+0000 16.9
2016-09-24T01:50:00+0000 16.8
2016-09-24T02:05:16+0000 16.6
2016-09-24T02:20:31+0000 16.4
2016-09-24T02:35:46+0000 16.3
2016-09-24T02:51:02+0000 16.1
2016-09-24T03:06:17+0000 15.9
2016-09-24T03:21:32+0000 15.7
2016-09-24T03:36:47+0000 15.6
2016-09-24T03:52:03+0000 15.5
2016-09-24T04:07:18+0000 15.3
2016-09-24T04:22:33+0000 15.2
2016-09-24T04:37:49+0000 15.1
2016-09-24T04:53:04+0000 14.9
2016-09-24T05:08:20+0000 14.8
2016-09-24T05:23:35+0000 14.6
2016-09-24T05:38:50+0000 14.5
2016-09-24T05:54:06+0000 14.3
2016-09-24T06:09:21+0000 14.2
2016-09-24T06:24:37+0000 14.1
2016-09-24T06:39:52+0000 14.1
2016-09-24T06:55:07+0000 14.1
2016-09-24T07:10:23+0000 14.3
2016-09-24T07:25:38+0000 14.8
2016-09-24T07:40:54+0000 15.1
2016-09-24T07:56:09+0000 15.6
2016-09-24T08:11:25+0000 16.1
2016-09-24T08:26:40+0000 16.8
2016-09-24T08:41:55+0000 17.4
2016-09-24T08:57:10+0000 18.1
2016-09-24T09:12:26+0000 18.9
2016-09-24T09:27:41+0000 19.7
2016-09-24T09:42:56+0000 20.5
2016-09-24T09:58:11+0000 21.7
2016-09-24T10:13:26+0000 22.5
2016-09-24T10:28:41+0000 23.3
2016-09-24T10:43:56+0000 24.2
2016-09-24T10:59:11+0000 24.4
2016-09-24T11:14:26+0000 25.1
2016-09-24T11:29:41+0000 25.6
2016-09-24T11:44:56+0000 26.1
2016-09-24T12:00:11+0000 26.5
2016-09-24T12:15:26+0000 27.0
2016-09-24T12:30:40+0000 27.6
2016-09-24T12:45:55+0000 27.9
2016-09-24T13:01:10+0000 28.1
2016-09-24T13:16:25+0000 28.4
2016-09-24T13:31:39+0000 28.7
2016-09-24T13:46:54+0000 28.7
2016-09-24T14:02:09+0000 28.9
2016-09-24T14:17:23+0000 29.0
2016-09-24T14:32:38+0000 29.1
2016-09-24T14:47:52+0000 29.0
2016-09-24T15:03:07+0000 29.1
2016-09-24T15:18:22+0000 28.9
2016-09-24T15:33:36+0000 28.7
2016-09-24T15:48:51+0000 28.7
2016-09-24T16:04:05+0000 28.5
2016-09-24T16:19:20+0000 28.3
2016-09-24T16:34:34+0000 28.0
2016-09-24T16:49:49+0000 27.9
2016-09-24T17:05:04+0000 27.7
2016-09-24T17:20:18+0000 27.4
2016-09-24T17:35:33+0000 27.1
2016-09-24T17:50:47+0000 26.9
2016-09-24T18:06:02+0000 26.4
2016-09-24T18:21:17+0000 25.8
2016-09-24T18:36:31+0000 25.4
2016-09-24T18:51:46+0000 25.0
2016-09-24T19:07:01+0000 24.4
2016-09-24T19:22:16+0000 24.1
2016-09-24T19:37:31+0000 23.7
2016-09-24T19:52:45+0000 23.3
2016-09-24T20:08:00+0000 23.0
2016-09-24T20:23:15+0000 22.7
2016-09-24T20:38:30+0000 22.3
2016-09-24T20:53:45+0000 21.9
2016-09-24T21:09:00+0000 21.7
2016-09-24T21:24:15+0000 21.5
2016-09-24T21:39:30+0000 21.2
2016-09-24T21:54:45+0000 20.9
2016-09-24T22:10:00+0000 20.6
2016-09-24T22:25:15+0000 20.4
2016-09-24T22:40:30+0000 20.1
2016-09-24T22:55:45+0000 20.0
2016-09-24T23:11:00+0000 19.7
2016-09-24T23:26:15+0000 19.4
2016-09-24T23:41:30+0000 19.3
2016-09-24T23:56:45+0000 19.0
