2016-04-05T00:03:24+0000 16.1
2016-04-05T00:18:39+0000 16.1
2016-04-05T00:33:54+0000 15.8
2016-04-05T00:49:09+0000 15.7
2016-04-05T01:04:25+0000 15.7
2016-04-05T01:19:40+0000 15.6
2016-04-05T01:34:55+0000 15.4
2016-04-05T01:50:10+0000 15.4
2016-04-05T02:05:25+0000 15.4
2016-04-05T02:20:41+0000 15.2
2016-04-05T02:35:56+0000 15.2
2016-04-05T02:51:11+0000 15.1
2016-04-05T03:06:26+0000 15.0
2016-04-05T03:21:41+0000 15.0
2016-04-05T03:36:57+0000 15.0
2016-04-05T03:52:12+0000 14.8
2016-04-05T04:07:27+0000 14.8
2016-04-05T04:22:42+0000 14.7
2016-04-05T04:37:58+0000 14.7
2016-04-05T04:53:13+0000 14.7
2016-04-05T05:08:28+0000 14.7
2016-04-05T05:23:43+0000 14.6
2016-04-05T05:38:59+0000 14.6
2016-04-05T05:54:14+0000 14.5
2016-04-05T06:09:29+0000 14.4
2016-04-05T06:24:44+0000 14.4
2016-04-05T06:39:59+0000 14.5
2016-04-05T06:55:15+0000 14.6
2016-04-05T07:10:30+0000 14.9
2016-04-05T07:25:45+0000 15.1
2016-04-05T07:41:01+0000 15.3
2016-04-05T07:56:16+0000 15.5
2016-04-05T08:11:31+0000 15.8
2016-04-05T08:26:46+0000 16.4
2016-04-05T08:42:02+0000 16.9
2016-04-05T08:57:17+0000 17.1
2016-04-05T09:12:32+0000 17.2
2016-04-05T09:27:47+0000 17.4
2016-04-05T09:43:02+0000 17.7
2016-04-05T09:58:17+0000 18.0
2016-04-05T10:13:32+0000 18.8
2016-04-05T10:28:47+0000 19.4
2016-04-05T10:44:02+0000 20.0
2016-04-05T10:59:17+0000 20.3
2016-04-05T11:14:32+0000 20.5
2016-04-05T11:29:47+0000 20.5
2016-04-05T11:45:02+0000 20.6
2016-04-05T12:00:17+0000 20.6
2016-04-05T12:15:32+0000 20.9
2016-04-05T12:30:47+0000 21.2
2016-04-05T12:46:02+0000 21.1
2016-04-05T13:01:17+0000 21.0
2016-04-05T13:16:32+0000 20.8
2016-04-05T13:31:47+0000 20.8
2016-04-05T13:47:01+0000 20.3
2016-04-05T14:02:16+0000 19.9
2016-04-05T14:17:31+0000 19.6
2016-04-05T14:32:46+0000 19.2
2016-04-05T14:48:01+0000 19.1
2016-04-05T15:03:16+0000 18.7
2016-04-05T15:18:31+0000 18.4
2016-04-05T15:33:46+0000 18.4
2016-04-05T15:49:01+0000 18.2
2016-04-05T16:04:17+0000 18.0
2016-04-05T16:19:32+0000 17.9
2016-04-05T16:34:47+0000 17.7
2016-04-05T16:50:02+0000 17.4
2016-04-05T17:05:17+0000 17.2
2016-04-05T17:20:32+0000 17.4
2016-04-05T17:35:47+0000 17.0
2016-04-05T17:51:02+0000 17.0
2016-04-05T18:06:17+0000 17.0
2016-04-05T18:21:33+0000 16.7
2016-04-05T18:36:48+0000 16.6
2016-04-05T18:52:03+0000 16.6
2016-04-05T19:07:18+0000 16.4
2016-04-05T19:22:33+0000 16.3
2016-04-05T19:37:48+0000 16.2
2016-04-05T19:53:04+0000 16.0
2016-04-05T20:08:19+0000 16.0
2016-04-05T20:23:34+0000 15.8
2016-04-05T20:38:49+0000 15.7
2016-04-05T20:54:04+0000 15.7
2016-04-05T21:09:19+0000 15.7
2016-04-05T21:24:35+0000 15.5
2016-04-05T21:39:50+0000 15.5
2016-04-05T21:55:05+0000 15.3
2016-04-05T22:10:20+0000 15.3
2016-04-05T22:25:36+0000 15.3
2016-04-05T22:40:51+0000 15.2
2016-04-05T22:56:06+0000 15.1
2016-04-05T23:11:21+0000 15.0
2016-04-05T23:26:36+0000 15.0
2016-04-05T23:41:51+0000 14.9
2016-04-05T23:57:07+0000 14.9
