2016-07-11T00:08:52+0000 31.4
2016-07-11T00:24:06+0000 31.1
2016-07-11T00:39:20+0000 30.9
2016-07-11T00:54:34+0000 30.7
2016-07-11T01:09:48+0000 30.5
2016-07-11T01:25:02+0000 30.2
2016-07-11T01:40:16+0000 30.0
2016-07-11T01:55:30+0000 29.7
2016-07-11T02:10:44+0000 29.6
2016-07-11T02:25:58+0000 29.3
2016-07-11T02:41:12+0000 29.2
2016-07-11T02:56:26+0000 29.0
2016-07-11T03:11:40+0000 28.7
2016-07-11T03:26:54+0000 28.5
2016-07-11T03:42:08+0000 28.3
2016-07-11T03:57:22+0000 28.1
2016-07-11T04:12:36+0000 27.8
2016-07-11T04:27:51+0000 27.6
2016-07-11T04:43:05+0000 27.5
2016-07-11T04:58:19+0000 27.2
2016-07-11T05:13:33+0000 27.1
2016-07-11T05:28:48+0000 27.0
2016-07-11T05:44:02+0000 27.1
2016-07-11T05:59:16+0000 27.0
2016-07-11T06:14:30+0000 27.0
2016-07-11T06:29:45+0000 27.1
2016-07-11T06:44:59+0000 27.4
2016-07-11T07:00:13+0000 27.6
2016-07-11T07:15:27+0000 27.9
2016-07-11T07:30:42+0000 28.3
2016-07-11T07:45:56+0000 28.8
2016-07-11T08:01:10+0000 28.8
2016-07-11T08:16:24+0000 29.1
2016-07-11T08:31:38+0000 29.4
2016-07-11T08:46:52+0000 29.7
2016-07-11T09:02:06+0000 29.7
2016-07-11T09:17:21+0000 29.9
2016-07-11T09:32:35+0000 30.1
2016-07-11T09:47:49+0000 30.1
2016-07-11T10:03:03+0000 30.2
2016-07-11T10:18:17+0000 30.3
2016-07-11T10:33:31+0000 30.6
2016-07-11T10:48:45+0000 30.9
2016-07-11T11:03:59+0000 31.5
2016-07-11T11:19:13+0000 32.8
2016-07-11T11:34:27+0000 33.1
2016-07-11T11:49:41+0000 33.3
2016-07-11T12:04:55+0000 34.1
2016-07-11T12:20:09+0000 34.5
2016-07-11T12:35:23+0000 34.9
2016-07-11T12:50:37+0000 34.8
2016-07-11T13:05:50+0000 34.2
2016-07-11T13:21:04+0000 33.4
2016-07-11T13:36:18+0000 32.4
2016-07-11T13:51:32+0000 31.9
2016-07-11T14:06:46+0000 31.8
2016-07-11T14:22:00+0000 31.8
2016-07-11T14:37:14+0000 31.6
2016-07-11T14:52:27+0000 30.8
2016-07-11T15:07:41+0000 30.4
2016-07-11T15:22:56+0000 30.0
2016-07-11T15:38:10+0000 29.7
2016-07-11T15:53:24+0000 29.6
2016-07-11T16:08:38+0000 29.7
2016-07-11T16:23:52+0000 29.9
2016-07-11T16:39:06+0000 30.2
2016-07-11T16:54:20+0000 30.5
2016-07-11T17:09:34+0000 30.6
2016-07-11T17:24:48+0000 30.4
2016-07-11T17:40:02+0000 30.2
2016-07-11T17:55:16+0000 29.9
2016-07-11T18:10:30+0000 29.8
2016-07-11T18:25:44+0000 29.7
2016-07-11T18:40:58+0000 29.7
2016-07-11T18:56:13+0000 29.6
2016-07-11T19:11:27+0000 29.4
2016-07-11T19:26:41+0000 29.3
2016-07-11T19:41:55+0000 29.0
2016-07-11T19:57:09+0000 28.8
2016-07-11T20:12:23+0000 28.5
2016-07-11T20:27:37+0000 28.3
2016-07-11T20:42:52+0000 28.1
2016-07-11T20:58:06+0000 27.9
2016-07-11T21:13:20+0000 27.6
2016-07-11T21:28:34+0000 27.5
2016-07-11T21:43:49+0000 27.2
2016-07-11T21:59:03+0000 27.0
2016-07-11T22:14:17+0000 26.8
2016-07-11T22:29:32+0000 26.6
2016-07-11T22:44:46+0000 26.6
2016-07-11T23:00:00+0000 26.3
2016-07-11T23:15:14+0000 26.1
2016-07-11T23:30:29+0000 26.0
2016-07-11T23:45:43+0000 25.8
