2016-07-29T00:05:10+0000 26.4
2016-07-29T00:20:24+0000 26.2
2016-07-29T00:35:39+0000 26.1
2016-07-29T00:50:53+0000 25.8
2016-07-29T01:06:08+0000 25.6
2016-07-29T01:21:22+0000 25.4
2016-07-29T01:36:37+0000 25.1
2016-07-29T01:51:51+0000 24.9
2016-07-29T02:07:06+0000 24.7
2016-07-29T02:22:20+0000 24.5
2016-07-29T02:37:35+0000 24.4
2016-07-29T02:52:49+0000 24.2
2016-07-29T03:08:04+0000 24.1
2016-07-29T03:23:19+0000 23.9
2016-07-29T03:38:33+0000 23.7
2016-07-29T03:53:48+0000 23.6
2016-07-29T04:09:02+0000 23.6
2016-07-29T04:24:17+0000 23.4
2016-07-29T04:39:32+0000 23.3
2016-07-29T04:54:46+0000 23.4
2016-07-29T05:10:01+0000 23.2
2016-07-29T05:25:16+0000 23.0
2016-07-29T05:40:31+0000 23.0
2016-07-29T05:55:45+0000 23.0
2016-07-29T06:11:00+0000 23.1
2016-07-29T06:26:14+0000 23.2
2016-07-29T06:41:29+0000 23.5
2016-07-29T06:56:44+0000 23.6
2016-07-29T07:11:59+0000 24.1
2016-07-29T07:27:13+0000 24.6
2016-07-29T07:42:28+0000 25.1
2016-07-29T07:57:42+0000 25.6
2016-07-29T08:12:57+0000 26.1
2016-07-29T08:28:11+0000 26.4
2016-07-29T08:43:26+0000 26.8
2016-07-29T08:58:40+0000 27.4
2016-07-29T09:13:55+0000 27.4
2016-07-29T09:29:09+0000 27.8
2016-07-29T09:44:24+0000 28.0
2016-07-29T09:59:38+0000 28.5
2016-07-29T10:14:52+0000 28.7
2016-07-29T10:30:07+0000 29.0
2016-07-29T10:45:21+0000 29.3
2016-07-29T11:00:35+0000 29.7
2016-07-29T11:15:50+0000 30.2
2016-07-29T11:31:04+0000 30.7
2016-07-29T11:46:18+0000 31.1
2016-07-29T12:01:32+0000 31.3
2016-07-29T12:16:47+0000 31.4
2016-07-29T12:32:01+0000 32.9
2016-07-29T12:47:15+0000 32.8
2016-07-29T13:02:29+0000 32.9
2016-07-29T13:17:43+0000 32.9
2016-07-29T13:32:57+0000 33.3
2016-07-29T13:48:11+0000 33.6
2016-07-29T14:03:25+0000 34.4
2016-07-29T14:18:39+0000 34.8
2016-07-29T14:33:53+0000 34.7
2016-07-29T14:49:07+0000 34.5
2016-07-29T15:04:21+0000 34.2
2016-07-29T15:19:35+0000 34.4
2016-07-29T15:34:49+0000 34.1
2016-07-29T15:50:03+0000 34.2
2016-07-29T16:05:16+0000 34.2
2016-07-29T16:20:30+0000 34.0
2016-07-29T16:35:44+0000 34.1
2016-07-29T16:50:58+0000 33.9
2016-07-29T17:06:12+0000 33.6
2016-07-29T17:21:26+0000 33.3
2016-07-29T17:36:40+0000 33.1
2016-07-29T17:51:54+0000 33.1
2016-07-29T18:07:08+0000 33.0
2016-07-29T18:22:22+0000 32.8
2016-07-29T18:37:36+0000 32.4
2016-07-29T18:52:49+0000 32.1
2016-07-29T19:08:03+0000 31.7
2016-07-29T19:23:18+0000 31.4
2016-07-29T19:38:32+0000 31.1
2016-07-29T19:53:46+0000 30.6
2016-07-29T20:09:00+0000 30.3
2016-07-29T20:24:14+0000 29.9
2016-07-29T20:39:28+0000 29.5
2016-07-29T20:54:42+0000 29.3
2016-07-29T21:09:57+0000 28.9
2016-07-29T21:25:11+0000 28.5
2016-07-29T21:40:25+0000 28.3
2016-07-29T21:55:39+0000 28.2
2016-07-29T22:10:54+0000 27.8
2016-07-29T22:26:08+0000 27.6
2016-07-29T22:41:22+0000 27.3
2016-07-29T22:56:37+0000 27.0
2016-07-29T23:11:51+0000 26.9
2016-07-29T23:27:05+0000 26.6
2016-07-29T23:42:20+0000 26.4
2016-07-29T23:57:34+0000 26.2
