2016-06-12T00:07:19+0000 22.0
2016-06-12T00:22:34+0000 21.9
2016-06-12T00:37:49+0000 21.7
2016-06-12T00:53:03+0000 21.6
2016-06-12T01:08:18+0000 21.4
2016-06-12T01:23:32+0000 21.4
2016-06-12T01:38:47+0000 21.3
2016-06-12T01:54:02+0000 21.2
2016-06-12T02:09:16+0000 21.1
2016-06-12T02:24:31+0000 21.1
2016-06-12T02:39:46+0000 21.0
2016-06-12T02:55:00+0000 20.9
2016-06-12T03:10:15+0000 20.8
2016-06-12T03:25:29+0000 20.7
2016-06-12T03:40:44+0000 20.8
2016-06-12T03:55:59+0000 20.7
2016-06-12T04:11:13+0000 20.6
2016-06-12T04:26:28+0000 20.4
2016-06-12T04:41:43+0000 20.5
2016-06-12T04:56:57+0000 20.3
2016-06-12T05:12:12+0000 20.2
2016-06-12T05:27:27+0000 20.2
2016-06-12T05:42:42+0000 20.3
2016-06-12T05:57:57+0000 20.2
2016-06-12T06:13:11+0000 20.3
2016-06-12T06:28:26+0000 20.3
2016-06-12T06:43:41+0000 20.4
2016-06-12T06:58:56+0000 20.3
2016-06-12T07:14:10+0000 20.4
2016-06-12T07:29:25+0000 20.5
2016-06-12T07:44:40+0000 20.5
2016-06-12T07:59:54+0000 20.7
2016-06-12T08:15:09+0000 20.9
2016-06-12T08:30:24+0000 21.2
2016-06-12T08:45:38+0000 21.5
2016-06-12T09:00:53+0000 22.0
2016-06-12T09:16:08+0000 22.4
2016-06-12T09:31:22+0000 23.3
2016-06-12T09:46:37+0000 23.8
2016-06-12T10:01:51+0000 24.3
2016-06-12T10:17:06+0000 24.2
2016-06-12T10:32:21+0000 24.3
2016-06-12T10:47:35+0000 24.1
2016-06-12T11:02:50+0000 24.5
2016-06-12T11:18:04+0000 24.2
2016-06-12T11:33:19+0000 24.6
2016-06-12T11:48:33+0000 25.2
2016-06-12T12:03:48+0000 25.9
2016-06-12T12:19:02+0000 26.4
2016-06-12T12:34:17+0000 25.2
2016-06-12T12:49:31+0000 24.7
2016-06-12T13:04:46+0000 24.4
2016-06-12T13:20:00+0000 24.6
2016-06-12T13:35:15+0000 24.9
2016-06-12T13:50:30+0000 25.4
2016-06-12T14:05:44+0000 26.6
2016-06-12T14:20:59+0000 26.7
2016-06-12T14:36:13+0000 25.9
2016-06-12T14:51:27+0000 25.4
2016-06-12T15:06:42+0000 24.7
2016-06-12T15:21:57+0000 24.5
2016-06-12T15:37:11+0000 24.7
2016-06-12T15:52:26+0000 25.2
2016-06-12T16:07:40+0000 25.5
2016-06-12T16:22:55+0000 25.5
2016-06-12T16:38:09+0000 25.4
2016-06-12T16:53:24+0000 25.1
2016-06-12T17:08:38+0000 24.9
2016-06-12T17:23:53+0000 24.6
2016-06-12T17:39:07+0000 24.2
2016-06-12T17:54:22+0000 24.3
2016-06-12T18:09:36+0000 24.1
2016-06-12T18:24:51+0000 23.9
2016-06-12T18:40:05+0000 23.7
2016-06-12T18:55:20+0000 23.3
2016-06-12T19:10:35+0000 23.0
2016-06-12T19:25:49+0000 22.7
2016-06-12T19:41:04+0000 22.5
2016-06-12T19:56:19+0000 22.4
2016-06-12T20:11:34+0000 22.1
2016-06-12T20:26:48+0000 21.8
2016-06-12T20:42:03+0000 21.7
2016-06-12T20:57:18+0000 21.5
2016-06-12T21:12:32+0000 21.4
2016-06-12T21:27:47+0000 21.2
2016-06-12T21:43:02+0000 21.0
2016-06-12T21:58:17+0000 20.8
2016-06-12T22:13:32+0000 20.7
2016-06-12T22:28:46+0000 20.6
2016-06-12T22:44:01+0000 20.5
2016-06-12T22:59:16+0000 20.3
2016-06-12T23:14:31+0000 20.2
2016-06-12T23:29:45+0000 20.0
2016-06-12T23:45:00+0000 20.0
