2016-02-28T00:14:43+0000 7.2
2016-02-28T00:29:58+0000 7.1
2016-02-28T00:45:14+0000 6.8
2016-02-28T01:00:30+0000 6.8
2016-02-28T01:15:46+0000 6.7
2016-02-28T01:31:01+0000 6.5
2016-02-28T01:46:17+0000 6.4
2016-02-28T02:01:33+0000 6.4
2016-02-28T02:16:49+0000 6.2
2016-02-28T02:32:04+0000 6.2
2016-02-28T02:47:20+0000 6.1
2016-02-28T03:02:36+0000 6.0
2016-02-28T03:17:52+0000 5.9
2016-02-28T03:33:07+0000 5.9
2016-02-28T03:48:23+0000 5.8
2016-02-28T04:03:39+0000 5.8
2016-02-28T04:18:55+0000 5.7
2016-02-28T04:34:11+0000 5.7
2016-02-28T04:49:27+0000 5.7
2016-02-28T05:04:42+0000 5.5
2016-02-28T05:19:58+0000 5.5
2016-02-28T05:35:14+0000 5.5
2016-02-28T05:50:30+0000 5.4
2016-02-28T06:05:45+0000 5.6
2016-02-28T06:21:01+0000 5.5
2016-02-28T06:36:17+0000 5.4
2016-02-28T06:51:33+0000 5.4
2016-02-28T07:06:49+0000 5.4
2016-02-28T07:22:05+0000 5.5
2016-02-28T07:37:20+0000 5.4
2016-02-28T07:52:36+0000 5.6
2016-02-28T08:07:52+0000 5.6
2016-02-28T08:23:08+0000 5.8
2016-02-28T08:38:23+0000 5.8
2016-02-28T08:53:39+0000 5.9
2016-02-28T09:08:55+0000 6.0
2016-02-28T09:24:11+0000 6.2
2016-02-28T09:39:27+0000 6.4
2016-02-28T09:54:43+0000 6.6
2016-02-28T10:09:59+0000 6.7
2016-02-28T10:25:14+0000 6.8
2016-02-28T10:40:30+0000 7.2
2016-02-28T10:55:46+0000 7.9
2016-02-28T11:11:02+0000 8.3
2016-02-28T11:26:17+0000 8.8
2016-02-28T11:41:33+0000 8.9
2016-02-28T11:56:49+0000 9.2
2016-02-28T12:12:04+0000 9.2
2016-02-28T12:27:20+0000 9.3
2016-02-28T12:42:36+0000 9.5
2016-02-28T12:57:51+0000 9.5
2016-02-28T13:13:07+0000 9.7
2016-02-28T13:28:23+0000 9.9
2016-02-28T13:43:38+0000 9.8
2016-02-28T13:58:54+0000 9.7
2016-02-28T14:14:10+0000 9.7
2016-02-28T14:29:25+0000 9.8
2016-02-28T14:44:41+0000 9.9
2016-02-28T14:59:57+0000 10.1
2016-02-28T15:15:13+0000 10.2
2016-02-28T15:30:28+0000 10.3
2016-02-28T15:45:44+0000 10.4
2016-02-28T16:01:00+0000 10.5
2016-02-28T16:16:15+0000 10.5
2016-02-28T16:31:31+0000 10.5
2016-02-28T16:46:46+0000 10.4
2016-02-28T17:02:02+0000 10.4
2016-02-28T17:17:18+0000 10.2
2016-02-28T17:32:33+0000 10.1
2016-02-28T17:47:49+0000 9.9
2016-02-28T18:03:05+0000 9.7
2016-02-28T18:18:21+0000 9.6
2016-02-28T18:33:36+0000 9.5
2016-02-28T18:48:52+0000 9.3
2016-02-28T19:04:08+0000 9.4
2016-02-28T19:19:23+0000 9.4
2016-02-28T19:34:39+0000 9.2
2016-02-28T19:49:55+0000 9.5
2016-02-28T20:05:10+0000 9.2
2016-02-28T20:20:26+0000 9.1
2016-02-28T20:35:42+0000 9.1
2016-02-28T20:50:57+0000 9.1
2016-02-28T21:06:13+0000 9.1
2016-02-28T21:21:29+0000 9.0
2016-02-28T21:36:44+0000 8.9
2016-02-28T21:52:00+0000 8.9
2016-02-28T22:07:16+0000 8.9
2016-02-28T22:22:31+0000 8.9
2016-02-28T22:37:47+0000 8.8
2016-02-28T22:53:03+0000 8.8
2016-02-28T23:08:18+0000 8.7
2016-02-28T23:23:34+0000 8.7
2016-02-28T23:38:50+0000 8.6
2016-02-28T23:54:05+0000 8.7
