2016-03-19T00:12:27+0000 11.5
2016-03-19T00:27:42+0000 11.4
2016-03-19T00:42:58+0000 11.2
2016-03-19T00:58:13+0000 10.9
2016-03-19T01:13:29+0000 10.7
2016-03-19T01:28:44+0000 10.5
2016-03-19T01:44:00+0000 10.3
2016-03-19T01:59:15+0000 10.1
2016-03-19T02:14:31+0000 9.9
2016-03-19T02:29:46+0000 9.7
2016-03-19T02:45:02+0000 9.5
2016-03-19T03:00:17+0000 9.3
2016-03-19T03:15:33+0000 9.2
2016-03-19T03:30:48+0000 9.1
2016-03-19T03:46:04+0000 9.0
2016-03-19T04:01:20+0000 9.0
2016-03-19T04:16:35+0000 8.9
2016-03-19T04:31:51+0000 8.9
2016-03-19T04:47:06+0000 8.9
2016-03-19T05:02:22+0000 9.0
2016-03-19T05:17:37+0000 9.0
2016-03-19T05:32:53+0000 9.0
2016-03-19T05:48:09+0000 9.0
2016-03-19T06:03:24+0000 9.1
2016-03-19T06:18:40+0000 9.1
2016-03-19T06:33:55+0000 9.1
2016-03-19T06:49:11+0000 9.3
2016-03-19T07:04:27+0000 9.2
2016-03-19T07:19:42+0000 9.3
2016-03-19T07:34:58+0000 9.5
2016-03-19T07:50:13+0000 9.7
2016-03-19T08:05:29+0000 9.7
2016-03-19T08:20:44+0000 9.8
2016-03-19T08:36:00+0000 10.0
2016-03-19T08:51:15+0000 10.1
2016-03-19T09:06:31+0000 10.2
2016-03-19T09:21:46+0000 10.2
2016-03-19T09:37:02+0000 10.5
2016-03-19T09:52:18+0000 10.6
2016-03-19T10:07:33+0000 10.7
2016-03-19T10:22:49+0000 11.0
2016-03-19T10:38:04+0000 11.1
2016-03-19T10:53:20+0000 11.0
2016-03-19T11:08:35+0000 11.2
2016-03-19T11:23:51+0000 11.4
2016-03-19T11:39:06+0000 11.5
2016-03-19T11:54:22+0000 11.6
2016-03-19T12:09:37+0000 11.9
2016-03-19T12:24:53+0000 12.1
2016-03-19T12:40:08+0000 12.2
2016-03-19T12:55:24+0000 12.2
2016-03-19T13:10:39+0000 12.5
2016-03-19T13:25:55+0000 12.6
2016-03-19T13:41:11+0000 12.7
2016-03-19T13:56:26+0000 12.6
2016-03-19T14:11:42+0000 12.7
2016-03-19T14:26:57+0000 12.7
2016-03-19T14:42:13+0000 12.7
2016-03-19T14:57:28+0000 12.7
2016-03-19T15:12:44+0000 12.9
2016-03-19T15:27:59+0000 12.9
2016-03-19T15:43:15+0000 13.0
2016-03-19T15:58:30+0000 13.0
2016-03-19T16:13:46+0000 13.1
2016-03-19T16:29:01+0000 13.1
2016-03-19T16:44:17+0000 13.0
2016-03-19T16:59:32+0000 12.9
2016-03-19T17:14:47+0000 13.0
2016-03-19T17:30:03+0000 12.9
2016-03-19T17:45:18+0000 12.8
2016-03-19T18:00:34+0000 12.7
2016-03-19T18:15:49+0000 12.5
2016-03-19T18:31:05+0000 12.5
2016-03-19T18:46:20+0000 12.4
2016-03-19T19:01:35+0000 12.3
2016-03-19T19:16:51+0000 12.3
2016-03-19T19:32:06+0000 12.0
2016-03-19T19:47:22+0000 12.0
2016-03-19T20:02:38+0000 11.9
2016-03-19T20:17:53+0000 11.8
2016-03-19T20:33:09+0000 11.7
2016-03-19T20:48:24+0000 11.7
2016-03-19T21:03:40+0000 11.4
2016-03-19T21:18:55+0000 11.4
2016-03-19T21:34:11+0000 11.4
2016-03-19T21:49:26+0000 11.3
2016-03-19T22:04:42+0000 11.2
2016-03-19T22:19:57+0000 11.1
2016-03-19T22:35:13+0000 11.1
2016-03-19T22:50:29+0000 11.0
2016-03-19T23:05:44+0000 10.9
2016-03-19T23:21:00+0000 10.8
2016-03-19T23:36:15+0000 10.8
2016-03-19T23:51:31+0000 10.8
