2016-06-09T00:15:13+0000 21.9
2016-06-09T00:30:27+0000 21.7
2016-06-09T00:45:42+0000 21.7
2016-06-09T01:00:57+0000 21.5
2016-06-09T01:16:11+0000 21.5
2016-06-09T01:31:26+0000 21.3
2016-06-09T01:46:40+0000 21.2
2016-06-09T02:01:55+0000 21.3
2016-06-09T02:17:09+0000 21.2
2016-06-09T02:32:24+0000 20.9
2016-06-09T02:47:38+0000 20.9
2016-06-09T03:02:53+0000 20.7
2016-06-09T03:18:08+0000 20.6
2016-06-09T03:33:22+0000 20.6
2016-06-09T03:48:37+0000 20.3
2016-06-09T04:03:51+0000 20.2
2016-06-09T04:19:06+0000 20.2
2016-06-09T04:34:20+0000 20.1
2016-06-09T04:49:35+0000 20.0
2016-06-09T05:04:50+0000 19.9
2016-06-09T05:20:04+0000 20.0
2016-06-09T05:35:19+0000 20.0
2016-06-09T05:50:34+0000 20.0
2016-06-09T06:05:48+0000 20.0
2016-06-09T06:21:03+0000 20.1
2016-06-09T06:36:17+0000 20.1
2016-06-09T06:51:32+0000 20.0
2016-06-09T07:06:47+0000 20.1
2016-06-09T07:22:01+0000 20.3
2016-06-09T07:37:16+0000 20.5
2016-06-09T07:52:30+0000 20.8
2016-06-09T08:07:45+0000 21.1
2016-06-09T08:22:59+0000 21.2
2016-06-09T08:38:14+0000 21.4
2016-06-09T08:53:29+0000 21.7
2016-06-09T09:08:43+0000 22.1
2016-06-09T09:23:58+0000 22.8
2016-06-09T09:39:12+0000 23.2
2016-06-09T09:54:27+0000 24.2
2016-06-09T10:09:41+0000 25.0
2016-06-09T10:24:56+0000 25.5
2016-06-09T10:40:10+0000 25.9
2016-06-09T10:55:25+0000 26.4
2016-06-09T11:10:39+0000 26.9
2016-06-09T11:25:53+0000 28.0
2016-06-09T11:41:07+0000 28.9
2016-06-09T11:56:22+0000 29.7
2016-06-09T12:11:36+0000 30.6
2016-06-09T12:26:50+0000 31.5
2016-06-09T12:42:04+0000 32.4
2016-06-09T12:57:18+0000 32.7
2016-06-09T13:12:32+0000 33.3
2016-06-09T13:27:45+0000 33.7
2016-06-09T13:42:59+0000 34.1
2016-06-09T13:58:13+0000 34.3
2016-06-09T14:13:27+0000 34.5
2016-06-09T14:28:40+0000 34.6
2016-06-09T14:43:54+0000 34.8
2016-06-09T14:59:08+0000 34.9
2016-06-09T15:14:21+0000 35.0
2016-06-09T15:29:35+0000 35.1
2016-06-09T15:44:48+0000 35.1
2016-06-09T16:00:02+0000 34.6
2016-06-09T16:15:15+0000 34.4
2016-06-09T16:30:29+0000 34.3
2016-06-09T16:45:43+0000 34.1
2016-06-09T17:00:56+0000 33.9
2016-06-09T17:16:10+0000 33.7
2016-06-09T17:31:24+0000 33.4
2016-06-09T17:46:37+0000 33.2
2016-06-09T18:01:51+0000 32.8
2016-06-09T18:17:05+0000 32.5
2016-06-09T18:32:18+0000 32.2
2016-06-09T18:47:32+0000 31.8
2016-06-09T19:02:46+0000 31.4
2016-06-09T19:18:00+0000 31.0
2016-06-09T19:33:13+0000 30.4
2016-06-09T19:48:27+0000 29.9
2016-06-09T20:03:41+0000 29.4
2016-06-09T20:18:55+0000 28.8
2016-06-09T20:34:09+0000 28.5
2016-06-09T20:49:23+0000 27.9
2016-06-09T21:04:37+0000 27.4
2016-06-09T21:19:51+0000 26.9
2016-06-09T21:35:05+0000 26.5
2016-06-09T21:50:19+0000 26.1
2016-06-09T22:05:33+0000 25.7
2016-06-09T22:20:48+0000 25.4
2016-06-09T22:36:02+0000 24.9
2016-06-09T22:51:16+0000 24.6
2016-06-09T23:06:30+0000 24.3
2016-06-09T23:21:45+0000 23.9
2016-06-09T23:36:59+0000 23.6
2016-06-09T23:52:13+0000 23.3
