2016-07-13T00:08:46+0000 23.1
2016-07-13T00:24:01+0000 22.9
2016-07-13T00:39:15+0000 22.7
2016-07-13T00:54:30+0000 22.4
2016-07-13T01:09:45+0000 22.2
2016-07-13T01:25:00+0000 22.0
2016-07-13T01:40:14+0000 21.7
2016-07-13T01:55:29+0000 21.6
2016-07-13T02:10:44+0000 21.4
2016-07-13T02:25:59+0000 21.3
2016-07-13T02:41:14+0000 21.0
2016-07-13T02:56:28+0000 20.8
2016-07-13T03:11:43+0000 20.6
2016-07-13T03:26:58+0000 20.7
2016-07-13T03:42:13+0000 20.5
2016-07-13T03:57:28+0000 20.3
2016-07-13T04:12:43+0000 20.2
2016-07-13T04:27:58+0000 20.1
2016-07-13T04:43:13+0000 20.1
2016-07-13T04:58:28+0000 20.1
2016-07-13T05:13:43+0000 20.1
2016-07-13T05:28:58+0000 20.0
2016-07-13T05:44:13+0000 20.1
2016-07-13T05:59:28+0000 20.1
2016-07-13T06:14:43+0000 20.0
2016-07-13T06:29:57+0000 19.9
2016-07-13T06:45:12+0000 20.1
2016-07-13T07:00:27+0000 20.2
2016-07-13T07:15:42+0000 20.3
2016-07-13T07:30:57+0000 20.4
2016-07-13T07:46:12+0000 20.6
2016-07-13T08:01:27+0000 20.9
2016-07-13T08:16:42+0000 21.2
2016-07-13T08:31:57+0000 21.3
2016-07-13T08:47:12+0000 21.6
2016-07-13T09:02:27+0000 22.2
2016-07-13T09:17:42+0000 22.2
2016-07-13T09:32:56+0000 22.1
2016-07-13T09:48:11+0000 22.2
2016-07-13T10:03:26+0000 22.3
2016-07-13T10:18:41+0000 22.3
2016-07-13T10:33:56+0000 22.0
2016-07-13T10:49:11+0000 21.7
2016-07-13T11:04:25+0000 21.5
2016-07-13T11:19:40+0000 21.5
2016-07-13T11:34:55+0000 21.6
2016-07-13T11:50:10+0000 21.7
2016-07-13T12:05:25+0000 21.8
2016-07-13T12:20:40+0000 21.9
2016-07-13T12:35:55+0000 22.5
2016-07-13T12:51:09+0000 23.2
2016-07-13T13:06:24+0000 23.9
2016-07-13T13:21:39+0000 24.5
2016-07-13T13:36:54+0000 25.2
2016-07-13T13:52:08+0000 25.9
2016-07-13T14:07:23+0000 26.4
2016-07-13T14:22:38+0000 26.0
2016-07-13T14:37:52+0000 26.2
2016-07-13T14:53:07+0000 26.3
2016-07-13T15:08:22+0000 26.4
2016-07-13T15:23:36+0000 26.5
2016-07-13T15:38:51+0000 26.5
2016-07-13T15:54:05+0000 26.6
2016-07-13T16:09:20+0000 26.6
2016-07-13T16:24:34+0000 26.5
2016-07-13T16:39:49+0000 26.3
2016-07-13T16:55:03+0000 25.9
2016-07-13T17:10:18+0000 25.3
2016-07-13T17:25:33+0000 24.9
2016-07-13T17:40:47+0000 24.6
2016-07-13T17:56:02+0000 24.3
2016-07-13T18:11:16+0000 24.2
2016-07-13T18:26:31+0000 23.9
2016-07-13T18:41:46+0000 23.7
2016-07-13T18:57:00+0000 23.4
2016-07-13T19:12:15+0000 23.2
2016-07-13T19:27:30+0000 22.9
2016-07-13T19:42:45+0000 22.6
2016-07-13T19:57:59+0000 22.4
2016-07-13T20:13:14+0000 22.1
2016-07-13T20:28:29+0000 21.9
2016-07-13T20:43:44+0000 21.8
2016-07-13T20:58:59+0000 21.6
2016-07-13T21:14:13+0000 21.3
2016-07-13T21:29:28+0000 21.1
2016-07-13T21:44:43+0000 20.9
2016-07-13T21:59:58+0000 20.6
2016-07-13T22:15:13+0000 20.5
2016-07-13T22:30:28+0000 20.2
2016-07-13T22:45:43+0000 20.2
2016-07-13T23:00:57+0000 19.9
2016-07-13T23:16:12+0000 19.8
2016-07-13T23:31:27+0000 19.5
2016-07-13T23:46:42+0000 19.5
