2016-03-08T00:12:04+0000 8.1
2016-03-08T00:27:20+0000 8.3
2016-03-08T00:42:35+0000 8.2
2016-03-08T00:57:51+0000 8.1
2016-03-08T01:13:07+0000 8.1
2016-03-08T01:28:22+0000 8.2
2016-03-08T01:43:38+0000 8.2
2016-03-08T01:58:54+0000 8.0
2016-03-08T02:14:09+0000 8.0
2016-03-08T02:29:25+0000 8.1
2016-03-08T02:44:41+0000 8.1
2016-03-08T02:59:57+0000 8.0
2016-03-08T03:15:12+0000 7.9
2016-03-08T03:30:28+0000 7.9
2016-03-08T03:45:44+0000 7.7
2016-03-08T04:01:00+0000 7.9
2016-03-08T04:16:15+0000 7.8
2016-03-08T04:31:31+0000 7.8
2016-03-08T04:46:47+0000 7.9
2016-03-08T05:02:02+0000 7.7
2016-03-08T05:17:18+0000 7.8
2016-03-08T05:32:34+0000 7.8
2016-03-08T05:47:50+0000 7.6
2016-03-08T06:03:05+0000 7.6
2016-03-08T06:18:21+0000 7.6
2016-03-08T06:33:37+0000 7.6
2016-03-08T06:48:52+0000 7.6
2016-03-08T07:04:08+0000 7.6
2016-03-08T07:19:24+0000 7.5
2016-03-08T07:34:40+0000 7.7
2016-03-08T07:49:56+0000 8.0
2016-03-08T08:05:11+0000 8.0
2016-03-08T08:20:27+0000 7.7
2016-03-08T08:35:43+0000 8.1
2016-03-08T08:50:59+0000 8.1
2016-03-08T09:06:14+0000 8.2
2016-03-08T09:21:30+0000 8.3
2016-03-08T09:36:46+0000 8.5
2016-03-08T09:52:02+0000 8.3
2016-03-08T10:07:18+0000 8.4
2016-03-08T10:22:33+0000 8.6
2016-03-08T10:37:49+0000 8.6
2016-03-08T10:53:05+0000 8.7
2016-03-08T11:08:21+0000 8.8
2016-03-08T11:23:36+0000 8.8
2016-03-08T11:38:52+0000 8.9
2016-03-08T11:54:08+0000 9.2
2016-03-08T12:09:23+0000 9.3
2016-03-08T12:24:39+0000 9.4
2016-03-08T12:39:55+0000 9.5
2016-03-08T12:55:11+0000 9.9
2016-03-08T13:10:26+0000 9.9
2016-03-08T13:25:42+0000 10.1
2016-03-08T13:40:58+0000 10.4
2016-03-08T13:56:13+0000 10.5
2016-03-08T14:11:29+0000 10.6
2016-03-08T14:26:45+0000 11.0
2016-03-08T14:42:00+0000 11.3
2016-03-08T14:57:16+0000 11.3
2016-03-08T15:12:31+0000 11.4
2016-03-08T15:27:47+0000 11.3
2016-03-08T15:43:03+0000 11.3
2016-03-08T15:58:18+0000 11.2
2016-03-08T16:13:34+0000 11.4
2016-03-08T16:28:49+0000 11.3
2016-03-08T16:44:05+0000 11.2
2016-03-08T16:59:21+0000 11.1
2016-03-08T17:14:36+0000 11.1
2016-03-08T17:29:52+0000 10.9
2016-03-08T17:45:08+0000 10.8
2016-03-08T18:00:23+0000 10.8
2016-03-08T18:15:39+0000 10.5
2016-03-08T18:30:55+0000 10.3
2016-03-08T18:46:10+0000 10.1
2016-03-08T19:01:26+0000 9.7
2016-03-08T19:16:42+0000 9.5
2016-03-08T19:31:57+0000 9.1
2016-03-08T19:47:13+0000 8.9
2016-03-08T20:02:29+0000 8.8
2016-03-08T20:17:44+0000 8.5
2016-03-08T20:33:00+0000 8.2
2016-03-08T20:48:16+0000 8.1
2016-03-08T21:03:32+0000 8.0
2016-03-08T21:18:47+0000 7.9
2016-03-08T21:34:03+0000 7.6
2016-03-08T21:49:19+0000 7.5
2016-03-08T22:04:35+0000 7.4
2016-03-08T22:19:51+0000 7.3
2016-03-08T22:35:07+0000 7.3
2016-03-08T22:50:23+0000 7.4
2016-03-08T23:05:38+0000 7.3
2016-03-08T23:20:54+0000 7.4
2016-03-08T23:36:10+0000 7.3
2016-03-08T23:51:26+0000 7.2
