2016-04-21T00:07:55+0000 15.7
2016-04-21T00:23:10+0000 15.5
2016-04-21T00:38:25+0000 15.1
2016-04-21T00:53:40+0000 15.0
2016-04-21T01:08:55+0000 14.8
2016-04-21T01:24:10+0000 14.5
2016-04-21T01:39:25+0000 14.3
2016-04-21T01:54:40+0000 14.0
2016-04-21T02:09:55+0000 13.8
2016-04-21T02:25:10+0000 13.5
2016-04-21T02:40:26+0000 13.4
2016-04-21T02:55:41+0000 13.2
2016-04-21T03:10:56+0000 13.0
2016-04-21T03:26:11+0000 12.8
2016-04-21T03:41:26+0000 12.6
2016-04-21T03:56:41+0000 12.5
2016-04-21T04:11:56+0000 12.3
2016-04-21T04:27:11+0000 12.1
2016-04-21T04:42:27+0000 11.8
2016-04-21T04:57:42+0000 11.7
2016-04-21T05:12:57+0000 11.6
2016-04-21T05:28:12+0000 11.5
2016-04-21T05:43:27+0000 11.3
2016-04-21T05:58:43+0000 11.1
2016-04-21T06:13:58+0000 11.2
2016-04-21T06:29:13+0000 11.0
2016-04-21T06:44:28+0000 11.6
2016-04-21T06:59:44+0000 11.9
2016-04-21T07:14:59+0000 12.5
2016-04-21T07:30:14+0000 13.2
2016-04-21T07:45:29+0000 13.6
2016-04-21T08:00:44+0000 14.6
2016-04-21T08:16:00+0000 15.5
2016-04-21T08:31:15+0000 16.2
2016-04-21T08:46:30+0000 17.1
2016-04-21T09:01:45+0000 17.8
2016-04-21T09:17:00+0000 18.6
2016-04-21T09:32:14+0000 19.6
2016-04-21T09:47:29+0000 20.4
2016-04-21T10:02:44+0000 21.2
2016-04-21T10:17:59+0000 21.7
2016-04-21T10:33:14+0000 22.2
2016-04-21T10:48:28+0000 22.8
2016-04-21T11:03:43+0000 23.1
2016-04-21T11:18:58+0000 23.7
2016-04-21T11:34:12+0000 24.6
2016-04-21T11:49:27+0000 25.3
2016-04-21T12:04:41+0000 26.1
2016-04-21T12:19:56+0000 26.6
2016-04-21T12:35:10+0000 27.2
2016-04-21T12:50:25+0000 27.8
2016-04-21T13:05:39+0000 28.2
2016-04-21T13:20:53+0000 28.7
2016-04-21T13:36:07+0000 29.0
2016-04-21T13:51:22+0000 29.2
2016-04-21T14:06:36+0000 29.3
2016-04-21T14:21:50+0000 29.3
2016-04-21T14:37:04+0000 29.5
2016-04-21T14:52:18+0000 29.3
2016-04-21T15:07:32+0000 29.7
2016-04-21T15:22:46+0000 29.5
2016-04-21T15:38:01+0000 29.4
2016-04-21T15:53:15+0000 29.2
2016-04-21T16:08:29+0000 29.0
2016-04-21T16:23:43+0000 28.8
2016-04-21T16:38:57+0000 28.5
2016-04-21T16:54:12+0000 28.3
2016-04-21T17:09:26+0000 28.1
2016-04-21T17:24:40+0000 27.9
2016-04-21T17:39:54+0000 27.8
2016-04-21T17:55:09+0000 27.6
2016-04-21T18:10:23+0000 27.3
2016-04-21T18:25:37+0000 26.9
2016-04-21T18:40:51+0000 26.2
2016-04-21T18:56:05+0000 25.7
2016-04-21T19:11:20+0000 25.1
2016-04-21T19:26:34+0000 24.6
2016-04-21T19:41:48+0000 24.3
2016-04-21T19:57:03+0000 23.8
2016-04-21T20:12:17+0000 23.4
2016-04-21T20:27:32+0000 22.9
2016-04-21T20:42:46+0000 22.6
2016-04-21T20:58:01+0000 22.2
2016-04-21T21:13:15+0000 21.8
2016-04-21T21:28:30+0000 21.4
2016-04-21T21:43:44+0000 21.1
2016-04-21T21:58:59+0000 20.8
2016-04-21T22:14:14+0000 20.4
2016-04-21T22:29:28+0000 20.2
2016-04-21T22:44:43+0000 20.0
2016-04-21T22:59:58+0000 19.7
2016-04-21T23:15:13+0000 19.5
2016-04-21T23:30:27+0000 19.3
2016-04-21T23:45:42+0000 19.3
