2016-10-08T00:09:01+0000 14.3
2016-10-08T00:24:16+0000 14.2
2016-10-08T00:39:32+0000 14.1
2016-10-08T00:54:48+0000 14.1
2016-10-08T01:10:03+0000 13.9
2016-10-08T01:25:19+0000 13.8
2016-10-08T01:40:34+0000 13.8
2016-10-08T01:55:50+0000 13.6
2016-10-08T02:11:06+0000 13.5
2016-10-08T02:26:21+0000 13.3
2016-10-08T02:41:37+0000 13.1
2016-10-08T02:56:53+0000 13.0
2016-10-08T03:12:08+0000 13.1
2016-10-08T03:27:24+0000 13.0
2016-10-08T03:42:39+0000 12.9
2016-10-08T03:57:55+0000 12.8
2016-10-08T04:13:11+0000 12.7
2016-10-08T04:28:26+0000 12.7
2016-10-08T04:43:42+0000 12.7
2016-10-08T04:58:58+0000 12.6
2016-10-08T05:14:13+0000 12.5
2016-10-08T05:29:29+0000 12.5
2016-10-08T05:44:45+0000 12.5
2016-10-08T06:00:00+0000 12.4
2016-10-08T06:15:16+0000 12.2
2016-10-08T06:30:32+0000 12.1
2016-10-08T06:45:47+0000 12.1
2016-10-08T07:01:03+0000 12.0
2016-10-08T07:16:18+0000 12.0
2016-10-08T07:31:34+0000 12.0
2016-10-08T07:46:50+0000 12.1
2016-10-08T08:02:05+0000 12.3
2016-10-08T08:17:21+0000 12.3
2016-10-08T08:32:37+0000 12.5
2016-10-08T08:47:52+0000 12.8
2016-10-08T09:03:08+0000 12.7
2016-10-08T09:18:24+0000 12.8
2016-10-08T09:33:39+0000 12.8
2016-10-08T09:48:55+0000 13.2
2016-10-08T10:04:11+0000 13.4
2016-10-08T10:19:26+0000 13.5
2016-10-08T10:34:42+0000 13.8
2016-10-08T10:49:58+0000 14.1
2016-10-08T11:05:13+0000 14.5
2016-10-08T11:20:29+0000 14.9
2016-10-08T11:35:44+0000 15.3
2016-10-08T11:51:00+0000 15.8
2016-10-08T12:06:16+0000 16.3
2016-10-08T12:21:31+0000 16.6
2016-10-08T12:36:47+0000 16.9
2016-10-08T12:52:02+0000 17.1
2016-10-08T13:07:17+0000 17.2
2016-10-08T13:22:33+0000 17.4
2016-10-08T13:37:48+0000 17.4
2016-10-08T13:53:04+0000 17.4
2016-10-08T14:08:19+0000 17.4
2016-10-08T14:23:35+0000 17.5
2016-10-08T14:38:50+0000 17.6
2016-10-08T14:54:05+0000 17.6
2016-10-08T15:09:21+0000 17.6
2016-10-08T15:24:36+0000 17.6
2016-10-08T15:39:52+0000 17.1
2016-10-08T15:55:07+0000 16.8
2016-10-08T16:10:22+0000 16.6
2016-10-08T16:25:38+0000 16.4
2016-10-08T16:40:53+0000 16.2
2016-10-08T16:56:09+0000 16.0
2016-10-08T17:11:24+0000 15.7
2016-10-08T17:26:40+0000 15.7
2016-10-08T17:41:55+0000 15.5
2016-10-08T17:57:11+0000 15.3
2016-10-08T18:12:27+0000 15.2
2016-10-08T18:27:42+0000 15.1
2016-10-08T18:42:58+0000 14.8
2016-10-08T18:58:13+0000 14.9
2016-10-08T19:13:29+0000 14.6
2016-10-08T19:28:44+0000 14.5
2016-10-08T19:44:00+0000 14.4
2016-10-08T19:59:16+0000 14.3
2016-10-08T20:14:31+0000 14.1
2016-10-08T20:29:47+0000 13.9
2016-10-08T20:45:02+0000 13.7
2016-10-08T21:00:18+0000 13.6
2016-10-08T21:15:34+0000 13.5
2016-10-08T21:30:49+0000 13.4
2016-10-08T21:46:05+0000 13.3
2016-10-08T22:01:20+0000 13.2
2016-10-08T22:16:36+0000 13.1
2016-10-08T22:31:52+0000 13.0
2016-10-08T22:47:07+0000 13.0
2016-10-08T23:02:23+0000 13.1
2016-10-08T23:17:39+0000 13.1
2016-10-08T23:32:54+0000 13.1
2016-10-08T23:48:10+0000 13.0
