2016-05-13T00:12:46+0000 17.0
2016-05-13T00:28:01+0000 17.0
2016-05-13T00:43:16+0000 16.9
2016-05-13T00:58:31+0000 16.9
2016-05-13T01:13:46+0000 16.7
2016-05-13T01:29:01+0000 16.7
2016-05-13T01:44:16+0000 16.9
2016-05-13T01:59:31+0000 16.8
2016-05-13T02:14:46+0000 16.9
2016-05-13T02:30:00+0000 16.8
2016-05-13T02:45:15+0000 16.7
2016-05-13T03:00:30+0000 16.7
2016-05-13T03:15:45+0000 16.7
2016-05-13T03:31:00+0000 16.7
2016-05-13T03:46:15+0000 16.7
2016-05-13T04:01:30+0000 16.6
2016-05-13T04:16:45+0000 16.7
2016-05-13T04:32:00+0000 16.6
2016-05-13T04:47:15+0000 16.7
2016-05-13T05:02:30+0000 16.6
2016-05-13T05:17:45+0000 16.5
2016-05-13T05:32:59+0000 16.6
2016-05-13T05:48:14+0000 16.6
2016-05-13T06:03:29+0000 16.6
2016-05-13T06:18:44+0000 16.6
2016-05-13T06:33:59+0000 16.6
2016-05-13T06:49:14+0000 16.7
2016-05-13T07:04:29+0000 16.6
2016-05-13T07:19:44+0000 16.7
2016-05-13T07:34:58+0000 16.8
2016-05-13T07:50:13+0000 16.8
2016-05-13T08:05:28+0000 16.9
2016-05-13T08:20:43+0000 16.8
2016-05-13T08:35:58+0000 16.9
2016-05-13T08:51:13+0000 16.9
2016-05-13T09:06:28+0000 17.0
2016-05-13T09:21:43+0000 17.0
2016-05-13T09:36:58+0000 17.2
2016-05-13T09:52:13+0000 17.2
2016-05-13T10:07:27+0000 17.2
2016-05-13T10:22:42+0000 17.4
2016-05-13T10:37:57+0000 17.5
2016-05-13T10:53:12+0000 17.8
2016-05-13T11:08:27+0000 17.9
2016-05-13T11:23:42+0000 18.1
2016-05-13T11:38:57+0000 18.3
2016-05-13T11:54:12+0000 18.4
2016-05-13T12:09:27+0000 18.6
2016-05-13T12:24:41+0000 18.6
2016-05-13T12:39:56+0000 18.7
2016-05-13T12:55:11+0000 18.8
2016-05-13T13:10:26+0000 18.7
2016-05-13T13:25:41+0000 18.8
2016-05-13T13:40:55+0000 19.0
2016-05-13T13:56:10+0000 19.1
2016-05-13T14:11:25+0000 19.3
2016-05-13T14:26:40+0000 19.8
2016-05-13T14:41:55+0000 20.0
2016-05-13T14:57:09+0000 20.3
2016-05-13T15:12:24+0000 20.7
2016-05-13T15:27:39+0000 21.4
2016-05-13T15:42:53+0000 22.0
2016-05-13T15:58:08+0000 22.2
2016-05-13T16:13:23+0000 22.4
2016-05-13T16:28:37+0000 22.6
2016-05-13T16:43:52+0000 22.4
2016-05-13T16:59:07+0000 22.2
2016-05-13T17:14:21+0000 22.1
2016-05-13T17:29:36+0000 21.8
2016-05-13T17:44:51+0000 21.6
2016-05-13T18:00:05+0000 21.2
2016-05-13T18:15:20+0000 20.9
2016-05-13T18:30:35+0000 20.9
2016-05-13T18:45:49+0000 20.6
2016-05-13T19:01:04+0000 20.4
2016-05-13T19:16:19+0000 20.1
2016-05-13T19:31:33+0000 20.0
2016-05-13T19:46:48+0000 19.9
2016-05-13T20:02:03+0000 19.6
2016-05-13T20:17:18+0000 19.4
2016-05-13T20:32:32+0000 19.1
2016-05-13T20:47:47+0000 19.1
2016-05-13T21:03:02+0000 18.9
2016-05-13T21:18:17+0000 18.7
2016-05-13T21:33:31+0000 18.6
2016-05-13T21:48:46+0000 18.5
2016-05-13T22:04:01+0000 18.4
2016-05-13T22:19:16+0000 18.2
2016-05-13T22:34:31+0000 18.1
2016-05-13T22:49:45+0000 18.1
2016-05-13T23:05:00+0000 18.0
2016-05-13T23:20:15+0000 17.9
2016-05-13T23:35:30+0000 17.8
2016-05-13T23:50:45+0000 17.8
