2016-08-25T00:04:58+0000 28.1
2016-08-25T00:20:13+0000 27.7
2016-08-25T00:35:27+0000 27.6
2016-08-25T00:50:41+0000 27.4
2016-08-25T01:05:56+0000 27.2
2016-08-25T01:21:10+0000 26.8
2016-08-25T01:36:24+0000 26.6
2016-08-25T01:51:39+0000 26.3
2016-08-25T02:06:53+0000 26.0
2016-08-25T02:22:08+0000 25.8
2016-08-25T02:37:22+0000 25.5
2016-08-25T02:52:36+0000 25.2
2016-08-25T03:07:51+0000 25.1
2016-08-25T03:23:05+0000 24.7
2016-08-25T03:38:20+0000 24.5
2016-08-25T03:53:34+0000 24.3
2016-08-25T04:08:49+0000 24.2
2016-08-25T04:24:04+0000 23.8
2016-08-25T04:39:18+0000 23.5
2016-08-25T04:54:33+0000 23.3
2016-08-25T05:09:48+0000 23.2
2016-08-25T05:25:02+0000 22.9
2016-08-25T05:40:17+0000 22.6
2016-08-25T05:55:32+0000 22.6
2016-08-25T06:10:47+0000 22.4
2016-08-25T06:26:01+0000 22.4
2016-08-25T06:41:16+0000 22.3
2016-08-25T06:56:31+0000 22.6
2016-08-25T07:11:45+0000 23.0
2016-08-25T07:27:00+0000 23.6
2016-08-25T07:42:15+0000 24.3
2016-08-25T07:57:30+0000 25.0
2016-08-25T08:12:44+0000 25.9
2016-08-25T08:27:59+0000 26.5
2016-08-25T08:43:13+0000 27.3
2016-08-25T08:58:28+0000 28.1
2016-08-25T09:13:42+0000 28.9
2016-08-25T09:28:57+0000 29.9
2016-08-25T09:44:11+0000 30.7
2016-08-25T09:59:25+0000 31.5
2016-08-25T10:14:40+0000 32.3
2016-08-25T10:29:54+0000 33.0
2016-08-25T10:45:08+0000 33.8
2016-08-25T11:00:22+0000 34.7
2016-08-25T11:15:36+0000 35.5
2016-08-25T11:30:50+0000 36.2
2016-08-25T11:46:04+0000 36.8
2016-08-25T12:01:18+0000 37.5
2016-08-25T12:16:32+0000 38.1
2016-08-25T12:31:46+0000 38.5
2016-08-25T12:47:00+0000 39.2
2016-08-25T13:02:13+0000 39.6
2016-08-25T13:17:27+0000 40.2
2016-08-25T13:32:40+0000 40.5
2016-08-25T13:47:54+0000 40.9
2016-08-25T14:03:07+0000 41.2
2016-08-25T14:18:21+0000 41.4
2016-08-25T14:33:34+0000 41.5
2016-08-25T14:48:47+0000 41.4
2016-08-25T15:04:01+0000 41.5
2016-08-25T15:19:14+0000 41.1
2016-08-25T15:34:27+0000 41.0
2016-08-25T15:49:41+0000 40.8
2016-08-25T16:04:54+0000 40.5
2016-08-25T16:20:07+0000 40.2
2016-08-25T16:35:21+0000 40.0
2016-08-25T16:50:34+0000 39.8
2016-08-25T17:05:48+0000 39.4
2016-08-25T17:21:01+0000 39.2
2016-08-25T17:36:14+0000 39.0
2016-08-25T17:51:28+0000 38.8
2016-08-25T18:06:41+0000 38.5
2016-08-25T18:21:55+0000 38.3
2016-08-25T18:37:08+0000 37.8
2016-08-25T18:52:22+0000 37.3
2016-08-25T19:07:35+0000 36.9
2016-08-25T19:22:49+0000 36.2
2016-08-25T19:38:02+0000 35.6
2016-08-25T19:53:16+0000 35.0
2016-08-25T20:08:30+0000 34.6
2016-08-25T20:23:44+0000 34.1
2016-08-25T20:38:57+0000 33.7
2016-08-25T20:54:11+0000 33.3
2016-08-25T21:09:25+0000 32.9
2016-08-25T21:24:39+0000 32.4
2016-08-25T21:39:53+0000 32.1
2016-08-25T21:55:07+0000 31.8
2016-08-25T22:10:21+0000 31.4
2016-08-25T22:25:35+0000 31.0
2016-08-25T22:40:49+0000 30.7
2016-08-25T22:56:03+0000 30.4
2016-08-25T23:11:17+0000 30.1
2016-08-25T23:26:31+0000 29.8
2016-08-25T23:41:46+0000 29.5
2016-08-25T23:57:00+0000 29.2
