2016-09-04T00:03:00+0000 24.9
2016-09-04T00:18:15+0000 24.7
2016-09-04T00:33:30+0000 24.5
2016-09-04T00:48:44+0000 24.4
2016-09-04T01:03:59+0000 24.1
2016-09-04T01:19:14+0000 23.8
2016-09-04T01:34:29+0000 23.6
2016-09-04T01:49:44+0000 23.4
2016-09-04T02:04:58+0000 23.2
2016-09-04T02:20:13+0000 23.0
2016-09-04T02:35:28+0000 22.9
2016-09-04T02:50:43+0000 22.7
2016-09-04T03:05:58+0000 22.5
2016-09-04T03:21:13+0000 22.3
2016-09-04T03:36:27+0000 22.2
2016-09-04T03:51:42+0000 22.0
2016-09-04T04:06:57+0000 21.9
2016-09-04T04:22:12+0000 21.7
2016-09-04T04:37:27+0000 21.5
2016-09-04T04:52:42+0000 21.5
2016-09-04T05:07:57+0000 21.2
2016-09-04T05:23:12+0000 21.1
2016-09-04T05:38:27+0000 21.1
2016-09-04T05:53:42+0000 21.1
2016-09-04T06:08:57+0000 20.9
2016-09-04T06:24:12+0000 20.9
2016-09-04T06:39:27+0000 20.9
2016-09-04T06:54:42+0000 21.0
2016-09-04T07:09:57+0000 20.9
2016-09-04T07:25:12+0000 21.2
2016-09-04T07:40:27+0000 21.3
2016-09-04T07:55:42+0000 21.5
2016-09-04T08:10:57+0000 21.9
2016-09-04T08:26:12+0000 22.2
2016-09-04T08:41:27+0000 22.3
2016-09-04T08:56:42+0000 22.7
2016-09-04T09:11:57+0000 22.8
2016-09-04T09:27:12+0000 23.1
2016-09-04T09:42:27+0000 23.0
2016-09-04T09:57:41+0000 22.9
2016-09-04T10:12:56+0000 22.8
2016-09-04T10:28:11+0000 22.9
2016-09-04T10:43:26+0000 23.2
2016-09-04T10:58:41+0000 23.4
2016-09-04T11:13:56+0000 24.0
2016-09-04T11:29:11+0000 24.5
2016-09-04T11:44:26+0000 25.0
2016-09-04T11:59:41+0000 25.3
2016-09-04T12:14:55+0000 25.6
2016-09-04T12:30:10+0000 25.9
2016-09-04T12:45:25+0000 26.0
2016-09-04T13:00:40+0000 26.3
2016-09-04T13:15:54+0000 26.5
2016-09-04T13:31:09+0000 26.6
2016-09-04T13:46:24+0000 26.6
2016-09-04T14:01:39+0000 26.8
2016-09-04T14:16:53+0000 26.8
2016-09-04T14:32:08+0000 26.7
2016-09-04T14:47:23+0000 26.6
2016-09-04T15:02:37+0000 26.6
2016-09-04T15:17:52+0000 25.9
2016-09-04T15:33:07+0000 25.5
2016-09-04T15:48:22+0000 25.0
2016-09-04T16:03:36+0000 24.5
2016-09-04T16:18:51+0000 24.4
2016-09-04T16:34:06+0000 24.3
2016-09-04T16:49:21+0000 23.8
2016-09-04T17:04:36+0000 23.7
2016-09-04T17:19:51+0000 23.4
2016-09-04T17:35:06+0000 23.2
2016-09-04T17:50:21+0000 22.9
2016-09-04T18:05:36+0000 22.9
2016-09-04T18:20:51+0000 22.8
2016-09-04T18:36:06+0000 22.7
2016-09-04T18:51:21+0000 22.5
2016-09-04T19:06:36+0000 22.5
2016-09-04T19:21:51+0000 22.4
2016-09-04T19:37:06+0000 22.2
2016-09-04T19:52:21+0000 22.2
2016-09-04T20:07:36+0000 22.1
2016-09-04T20:22:51+0000 22.0
2016-09-04T20:38:06+0000 22.1
2016-09-04T20:53:21+0000 21.9
2016-09-04T21:08:36+0000 21.9
2016-09-04T21:23:51+0000 21.8
2016-09-04T21:39:06+0000 21.8
2016-09-04T21:54:21+0000 21.9
2016-09-04T22:09:36+0000 21.8
2016-09-04T22:24:51+0000 21.9
2016-09-04T22:40:06+0000 21.7
2016-09-04T22:55:21+0000 21.7
2016-09-04T23:10:36+0000 21.6
2016-09-04T23:25:51+0000 21.5
2016-09-04T23:41:06+0000 21.4
2016-09-04T23:56:22+0000 21.4
