2015-12-05T00:09:29+0000 17.5
2015-12-05T00:24:44+0000 17.5
2015-12-05T00:39:58+0000 17.4
2015-12-05T00:55:13+0000 17.4
2015-12-05T01:10:28+0000 17.4
2015-12-05T01:25:43+0000 17.4
2015-12-05T01:40:58+0000 17.4
2015-12-05T01:56:13+0000 17.4
2015-12-05T02:11:28+0000 17.2
2015-12-05T02:26:43+0000 17.4
2015-12-05T02:41:58+0000 17.3
2015-12-05T02:57:13+0000 17.2
2015-12-05T03:12:28+0000 17.2
2015-12-05T03:27:43+0000 17.3
2015-12-05T03:42:58+0000 17.3
2015-12-05T03:58:12+0000 17.2
2015-12-05T04:13:27+0000 17.2
2015-12-05T04:28:42+0000 17.2
2015-12-05T04:43:57+0000 17.2
2015-12-05T04:59:12+0000 17.2
2015-12-05T05:14:27+0000 17.2
2015-12-05T05:29:42+0000 17.2
2015-12-05T05:44:57+0000 17.2
2015-12-05T06:00:12+0000 17.1
2015-12-05T06:15:26+0000 17.2
2015-12-05T06:30:41+0000 17.2
2015-12-05T06:45:56+0000 17.2
2015-12-05T07:01:11+0000 17.2
2015-12-05T07:16:26+0000 17.3
2015-12-05T07:31:41+0000 17.3
2015-12-05T07:46:56+0000 17.2
2015-12-05T08:02:11+0000 17.3
2015-12-05T08:17:25+0000 17.2
2015-12-05T08:32:40+0000 17.2
2015-12-05T08:47:55+0000 17.1
2015-12-05T09:03:10+0000 17.2
2015-12-05T09:18:25+0000 17.2
2015-12-05T09:33:40+0000 17.1
2015-12-05T09:48:55+0000 17.2
2015-12-05T10:04:10+0000 17.3
2015-12-05T10:19:25+0000 17.2
2015-12-05T10:34:40+0000 17.2
2015-12-05T10:49:55+0000 17.2
2015-12-05T11:05:10+0000 17.2
2015-12-05T11:20:25+0000 19.1
2015-12-05T11:35:40+0000 18.8
2015-12-05T11:50:55+0000 19.0
2015-12-05T12:06:10+0000 18.8
2015-12-05T12:21:25+0000 18.9
2015-12-05T12:36:40+0000 19.0
2015-12-05T12:51:55+0000 19.1
2015-12-05T13:07:09+0000 19.0
2015-12-05T13:22:24+0000 18.9
2015-12-05T13:37:39+0000 18.9
2015-12-05T13:52:54+0000 19.2
2015-12-05T14:08:09+0000 20.0
2015-12-05T14:23:24+0000 22.4
2015-12-05T14:38:39+0000 23.7
2015-12-05T14:53:54+0000 24.3
2015-12-05T15:09:09+0000 24.9
2015-12-05T15:24:23+0000 25.1
2015-12-05T15:39:38+0000 25.4
2015-12-05T15:54:53+0000 23.9
2015-12-05T16:10:08+0000 21.3
2015-12-05T16:25:23+0000 20.6
2015-12-05T16:40:37+0000 20.1
2015-12-05T16:55:52+0000 19.4
2015-12-05T17:11:07+0000 19.2
2015-12-05T17:26:22+0000 19.0
2015-12-05T17:41:37+0000 18.8
2015-12-05T17:56:52+0000 18.7
2015-12-05T18:12:07+0000 18.5
2015-12-05T18:27:22+0000 18.5
2015-12-05T18:42:37+0000 18.4
2015-12-05T18:57:52+0000 18.2
2015-12-05T19:13:06+0000 18.2
2015-12-05T19:28:21+0000 18.1
2015-12-05T19:43:36+0000 18.0
2015-12-05T19:58:51+0000 17.9
2015-12-05T20:14:06+0000 17.9
2015-12-05T20:29:21+0000 17.8
2015-12-05T20:44:36+0000 17.7
2015-12-05T20:59:51+0000 17.6
2015-12-05T21:15:06+0000 17.6
2015-12-05T21:30:21+0000 17.6
2015-12-05T21:45:36+0000 17.6
2015-12-05T22:00:51+0000 17.4
2015-12-05T22:16:06+0000 17.5
2015-12-05T22:31:21+0000 17.5
2015-12-05T22:46:36+0000 17.4
2015-12-05T23:01:51+0000 17.4
2015-12-05T23:17:06+0000 17.3
2015-12-05T23:32:21+0000 17.3
2015-12-05T23:47:36+0000 17.2
