2016-09-01T00:09:50+0000 26.4
2016-09-01T00:25:04+0000 26.1
2016-09-01T00:40:19+0000 26.0
2016-09-01T00:55:33+0000 25.8
2016-09-01T01:10:48+0000 25.6
2016-09-01T01:26:03+0000 25.4
2016-09-01T01:41:17+0000 25.2
2016-09-01T01:56:32+0000 25.2
2016-09-01T02:11:47+0000 25.1
2016-09-01T02:27:01+0000 24.9
2016-09-01T02:42:16+0000 24.8
2016-09-01T02:57:30+0000 24.6
2016-09-01T03:12:45+0000 24.5
2016-09-01T03:28:00+0000 24.3
2016-09-01T03:43:15+0000 24.1
2016-09-01T03:58:29+0000 23.9
2016-09-01T04:13:44+0000 23.6
2016-09-01T04:28:59+0000 23.5
2016-09-01T04:44:14+0000 23.3
2016-09-01T04:59:28+0000 23.1
2016-09-01T05:14:43+0000 22.9
2016-09-01T05:29:58+0000 22.8
2016-09-01T05:45:13+0000 22.6
2016-09-01T06:00:28+0000 22.5
2016-09-01T06:15:42+0000 22.4
2016-09-01T06:30:57+0000 22.3
2016-09-01T06:46:12+0000 22.4
2016-09-01T07:01:27+0000 22.6
2016-09-01T07:16:42+0000 23.0
2016-09-01T07:31:57+0000 23.4
2016-09-01T07:47:12+0000 23.9
2016-09-01T08:02:26+0000 24.5
2016-09-01T08:17:41+0000 25.2
2016-09-01T08:32:56+0000 25.9
2016-09-01T08:48:10+0000 26.5
2016-09-01T09:03:25+0000 27.2
2016-09-01T09:18:40+0000 28.0
2016-09-01T09:33:54+0000 28.6
2016-09-01T09:49:09+0000 29.4
2016-09-01T10:04:23+0000 30.2
2016-09-01T10:19:38+0000 31.0
2016-09-01T10:34:52+0000 31.7
2016-09-01T10:50:07+0000 32.5
2016-09-01T11:05:21+0000 33.1
2016-09-01T11:20:35+0000 33.8
2016-09-01T11:35:49+0000 34.3
2016-09-01T11:51:04+0000 34.6
2016-09-01T12:06:18+0000 34.5
2016-09-01T12:21:32+0000 34.8
2016-09-01T12:36:46+0000 35.1
2016-09-01T12:52:00+0000 35.0
2016-09-01T13:07:14+0000 35.6
2016-09-01T13:22:28+0000 36.1
2016-09-01T13:37:42+0000 36.4
2016-09-01T13:52:56+0000 36.8
2016-09-01T14:08:10+0000 36.9
2016-09-01T14:23:23+0000 37.4
2016-09-01T14:38:37+0000 37.3
2016-09-01T14:53:51+0000 37.0
2016-09-01T15:09:05+0000 36.8
2016-09-01T15:24:18+0000 36.1
2016-09-01T15:39:32+0000 35.6
2016-09-01T15:54:46+0000 35.2
2016-09-01T16:10:00+0000 34.9
2016-09-01T16:25:14+0000 34.4
2016-09-01T16:40:28+0000 34.4
2016-09-01T16:55:42+0000 34.4
2016-09-01T17:10:55+0000 33.9
2016-09-01T17:26:09+0000 33.8
2016-09-01T17:41:23+0000 33.6
2016-09-01T17:56:37+0000 33.2
2016-09-01T18:11:51+0000 32.8
2016-09-01T18:27:05+0000 32.4
2016-09-01T18:42:19+0000 32.1
2016-09-01T18:57:33+0000 31.7
2016-09-01T19:12:48+0000 31.2
2016-09-01T19:28:02+0000 30.9
2016-09-01T19:43:16+0000 30.4
2016-09-01T19:58:30+0000 30.1
2016-09-01T20:13:45+0000 29.6
2016-09-01T20:28:59+0000 29.3
2016-09-01T20:44:13+0000 28.9
2016-09-01T20:59:27+0000 28.5
2016-09-01T21:14:42+0000 28.1
2016-09-01T21:29:56+0000 27.8
2016-09-01T21:45:11+0000 27.6
2016-09-01T22:00:25+0000 27.2
2016-09-01T22:15:39+0000 26.8
2016-09-01T22:30:54+0000 26.6
2016-09-01T22:46:08+0000 26.3
2016-09-01T23:01:23+0000 26.0
2016-09-01T23:16:38+0000 25.8
2016-09-01T23:31:52+0000 25.5
2016-09-01T23:47:07+0000 25.3
