2016-08-30T00:09:54+0000 25.8
2016-08-30T00:25:08+0000 25.6
2016-08-30T00:40:23+0000 25.3
2016-08-30T00:55:37+0000 25.1
2016-08-30T01:10:52+0000 25.0
2016-08-30T01:26:06+0000 24.9
2016-08-30T01:41:21+0000 24.6
2016-08-30T01:56:36+0000 24.5
2016-08-30T02:11:50+0000 24.1
2016-08-30T02:27:05+0000 24.0
2016-08-30T02:42:19+0000 23.7
2016-08-30T02:57:34+0000 23.5
2016-08-30T03:12:48+0000 23.3
2016-08-30T03:28:03+0000 23.0
2016-08-30T03:43:18+0000 22.9
2016-08-30T03:58:33+0000 22.7
2016-08-30T04:13:47+0000 22.5
2016-08-30T04:29:02+0000 22.4
2016-08-30T04:44:17+0000 22.2
2016-08-30T04:59:31+0000 22.0
2016-08-30T05:14:46+0000 21.8
2016-08-30T05:30:01+0000 21.7
2016-08-30T05:45:16+0000 21.6
2016-08-30T06:00:31+0000 21.4
2016-08-30T06:15:46+0000 21.3
2016-08-30T06:31:00+0000 21.2
2016-08-30T06:46:15+0000 21.4
2016-08-30T07:01:30+0000 21.7
2016-08-30T07:16:45+0000 22.1
2016-08-30T07:32:00+0000 22.6
2016-08-30T07:47:14+0000 23.2
2016-08-30T08:02:29+0000 23.8
2016-08-30T08:17:44+0000 24.5
2016-08-30T08:32:59+0000 25.3
2016-08-30T08:48:13+0000 26.0
2016-08-30T09:03:28+0000 26.8
2016-08-30T09:18:43+0000 27.6
2016-08-30T09:33:57+0000 28.5
2016-08-30T09:49:11+0000 29.3
2016-08-30T10:04:26+0000 30.0
2016-08-30T10:19:40+0000 30.6
2016-08-30T10:34:55+0000 31.1
2016-08-30T10:50:09+0000 31.6
2016-08-30T11:05:23+0000 32.4
2016-08-30T11:20:38+0000 33.1
2016-08-30T11:35:52+0000 33.8
2016-08-30T11:51:06+0000 34.5
2016-08-30T12:06:20+0000 35.0
2016-08-30T12:21:34+0000 35.5
2016-08-30T12:36:48+0000 35.9
2016-08-30T12:52:02+0000 36.4
2016-08-30T13:07:16+0000 36.8
2016-08-30T13:22:29+0000 37.0
2016-08-30T13:37:43+0000 37.2
2016-08-30T13:52:57+0000 37.5
2016-08-30T14:08:10+0000 37.4
2016-08-30T14:23:24+0000 37.6
2016-08-30T14:38:38+0000 37.7
2016-08-30T14:53:51+0000 37.2
2016-08-30T15:09:05+0000 37.0
2016-08-30T15:24:19+0000 36.8
2016-08-30T15:39:32+0000 36.5
2016-08-30T15:54:46+0000 36.3
2016-08-30T16:10:00+0000 36.0
2016-08-30T16:25:14+0000 35.8
2016-08-30T16:40:27+0000 35.6
2016-08-30T16:55:41+0000 35.4
2016-08-30T17:10:55+0000 35.2
2016-08-30T17:26:09+0000 34.9
2016-08-30T17:41:22+0000 34.6
2016-08-30T17:56:36+0000 34.2
2016-08-30T18:11:50+0000 33.9
2016-08-30T18:27:04+0000 33.4
2016-08-30T18:42:18+0000 33.1
2016-08-30T18:57:32+0000 32.6
2016-08-30T19:12:46+0000 32.1
2016-08-30T19:27:59+0000 31.5
2016-08-30T19:43:14+0000 31.1
2016-08-30T19:58:28+0000 30.7
2016-08-30T20:13:42+0000 30.2
2016-08-30T20:28:56+0000 29.8
2016-08-30T20:44:10+0000 29.4
2016-08-30T20:59:24+0000 28.9
2016-08-30T21:14:38+0000 28.7
2016-08-30T21:29:53+0000 28.3
2016-08-30T21:45:07+0000 27.9
2016-08-30T22:00:21+0000 27.6
2016-08-30T22:15:36+0000 27.2
2016-08-30T22:30:50+0000 26.9
2016-08-30T22:46:04+0000 26.6
2016-08-30T23:01:19+0000 26.3
2016-08-30T23:16:33+0000 25.9
2016-08-30T23:31:48+0000 25.8
2016-08-30T23:47:02+0000 25.5
