2016-08-19T00:02:29+0000 23.0
2016-08-19T00:17:44+0000 22.9
2016-08-19T00:32:59+0000 22.7
2016-08-19T00:48:13+0000 22.6
2016-08-19T01:03:28+0000 22.5
2016-08-19T01:18:43+0000 22.3
2016-08-19T01:33:58+0000 22.2
2016-08-19T01:49:12+0000 21.9
2016-08-19T02:04:27+0000 21.7
2016-08-19T02:19:42+0000 21.7
2016-08-19T02:34:57+0000 21.5
2016-08-19T02:50:11+0000 21.4
2016-08-19T03:05:26+0000 21.2
2016-08-19T03:20:41+0000 21.1
2016-08-19T03:35:56+0000 20.9
2016-08-19T03:51:10+0000 20.7
2016-08-19T04:06:25+0000 20.6
2016-08-19T04:21:40+0000 20.5
2016-08-19T04:36:55+0000 20.2
2016-08-19T04:52:10+0000 20.1
2016-08-19T05:07:25+0000 20.0
2016-08-19T05:22:40+0000 19.8
2016-08-19T05:37:55+0000 19.7
2016-08-19T05:53:10+0000 19.6
2016-08-19T06:08:25+0000 19.6
2016-08-19T06:23:40+0000 19.6
2016-08-19T06:38:55+0000 19.6
2016-08-19T06:54:09+0000 20.0
2016-08-19T07:09:24+0000 20.2
2016-08-19T07:24:39+0000 20.6
2016-08-19T07:39:54+0000 21.3
2016-08-19T07:55:09+0000 21.8
2016-08-19T08:10:24+0000 22.4
2016-08-19T08:25:39+0000 23.2
2016-08-19T08:40:53+0000 24.1
2016-08-19T08:56:08+0000 25.0
2016-08-19T09:11:23+0000 26.1
2016-08-19T09:26:37+0000 27.1
2016-08-19T09:41:52+0000 27.9
2016-08-19T09:57:06+0000 29.1
2016-08-19T10:12:21+0000 30.2
2016-08-19T10:27:35+0000 31.0
2016-08-19T10:42:49+0000 31.8
2016-08-19T10:58:03+0000 31.1
2016-08-19T11:13:18+0000 30.4
2016-08-19T11:28:32+0000 30.0
2016-08-19T11:43:46+0000 29.8
2016-08-19T11:59:00+0000 29.7
2016-08-19T12:14:15+0000 29.7
2016-08-19T12:29:29+0000 29.7
2016-08-19T12:44:43+0000 29.9
2016-08-19T12:59:57+0000 30.7
2016-08-19T13:15:12+0000 31.1
2016-08-19T13:30:26+0000 31.4
2016-08-19T13:45:40+0000 31.5
2016-08-19T14:00:54+0000 31.6
2016-08-19T14:16:08+0000 32.1
2016-08-19T14:31:22+0000 32.7
2016-08-19T14:46:36+0000 32.7
2016-08-19T15:01:50+0000 32.4
2016-08-19T15:17:04+0000 32.3
2016-08-19T15:32:19+0000 32.5
2016-08-19T15:47:33+0000 32.6
2016-08-19T16:02:47+0000 32.6
2016-08-19T16:18:01+0000 32.5
2016-08-19T16:33:15+0000 32.5
2016-08-19T16:48:29+0000 32.2
2016-08-19T17:03:43+0000 32.0
2016-08-19T17:18:57+0000 31.7
2016-08-19T17:34:11+0000 31.4
2016-08-19T17:49:25+0000 31.1
2016-08-19T18:04:40+0000 30.8
2016-08-19T18:19:54+0000 30.4
2016-08-19T18:35:08+0000 30.0
2016-08-19T18:50:22+0000 29.6
2016-08-19T19:05:36+0000 29.3
2016-08-19T19:20:51+0000 28.9
2016-08-19T19:36:05+0000 28.5
2016-08-19T19:51:19+0000 28.2
2016-08-19T20:06:33+0000 27.9
2016-08-19T20:21:48+0000 27.6
2016-08-19T20:37:02+0000 27.4
2016-08-19T20:52:17+0000 27.0
2016-08-19T21:07:31+0000 26.8
2016-08-19T21:22:45+0000 26.5
2016-08-19T21:38:00+0000 26.5
2016-08-19T21:53:14+0000 26.2
2016-08-19T22:08:29+0000 26.0
2016-08-19T22:23:43+0000 25.9
2016-08-19T22:38:58+0000 25.6
2016-08-19T22:54:12+0000 25.5
2016-08-19T23:09:27+0000 25.3
2016-08-19T23:24:42+0000 25.3
2016-08-19T23:39:56+0000 25.0
2016-08-19T23:55:11+0000 25.0
