2016-01-05T00:07:51+0000 8.1
2016-01-05T00:23:07+0000 7.9
2016-01-05T00:38:23+0000 7.9
2016-01-05T00:53:39+0000 7.9
2016-01-05T01:08:55+0000 7.9
2016-01-05T01:24:10+0000 8.0
2016-01-05T01:39:26+0000 7.6
2016-01-05T01:54:42+0000 7.6
2016-01-05T02:09:58+0000 7.5
2016-01-05T02:25:14+0000 7.3
2016-01-05T02:40:30+0000 7.2
2016-01-05T02:55:46+0000 7.6
2016-01-05T03:11:02+0000 7.4
2016-01-05T03:26:17+0000 7.5
2016-01-05T03:41:33+0000 7.5
2016-01-05T03:56:49+0000 7.4
2016-01-05T04:12:05+0000 7.6
2016-01-05T04:27:21+0000 7.5
2016-01-05T04:42:37+0000 7.5
2016-01-05T04:57:53+0000 7.5
2016-01-05T05:13:09+0000 7.5
2016-01-05T05:28:25+0000 7.6
2016-01-05T05:43:40+0000 7.5
2016-01-05T05:58:56+0000 7.5
2016-01-05T06:14:12+0000 7.5
2016-01-05T06:29:28+0000 7.6
2016-01-05T06:44:44+0000 7.5
2016-01-05T07:00:00+0000 7.4
2016-01-05T07:15:16+0000 7.4
2016-01-05T07:30:31+0000 7.5
2016-01-05T07:45:47+0000 7.7
2016-01-05T08:01:03+0000 7.7
2016-01-05T08:16:19+0000 7.7
2016-01-05T08:31:35+0000 7.7
2016-01-05T08:46:51+0000 8.0
2016-01-05T09:02:06+0000 8.1
2016-01-05T09:17:22+0000 7.9
2016-01-05T09:32:38+0000 8.0
2016-01-05T09:47:54+0000 8.1
2016-01-05T10:03:10+0000 8.5
2016-01-05T10:18:26+0000 8.6
2016-01-05T10:33:41+0000 8.8
2016-01-05T10:48:57+0000 8.8
2016-01-05T11:04:13+0000 8.8
2016-01-05T11:19:29+0000 9.1
2016-01-05T11:34:45+0000 9.4
2016-01-05T11:50:01+0000 9.9
2016-01-05T12:05:17+0000 10.2
2016-01-05T12:20:32+0000 10.1
2016-01-05T12:35:48+0000 10.0
2016-01-05T12:51:04+0000 10.2
2016-01-05T13:06:20+0000 10.7
2016-01-05T13:21:36+0000 10.8
2016-01-05T13:36:51+0000 10.9
2016-01-05T13:52:07+0000 10.9
2016-01-05T14:07:23+0000 11.0
2016-01-05T14:22:38+0000 11.0
2016-01-05T14:37:54+0000 11.0
2016-01-05T14:53:10+0000 11.1
2016-01-05T15:08:25+0000 11.1
2016-01-05T15:23:41+0000 11.1
2016-01-05T15:38:57+0000 11.0
2016-01-05T15:54:13+0000 10.8
2016-01-05T16:09:29+0000 11.1
2016-01-05T16:24:44+0000 11.3
2016-01-05T16:40:00+0000 11.1
2016-01-05T16:55:16+0000 10.9
2016-01-05T17:10:32+0000 10.7
2016-01-05T17:25:47+0000 10.5
2016-01-05T17:41:03+0000 10.7
2016-01-05T17:56:19+0000 10.7
2016-01-05T18:11:35+0000 10.6
2016-01-05T18:26:50+0000 10.7
2016-01-05T18:42:06+0000 10.7
2016-01-05T18:57:22+0000 10.6
2016-01-05T19:12:38+0000 10.6
2016-01-05T19:27:53+0000 10.6
2016-01-05T19:43:09+0000 10.5
2016-01-05T19:58:25+0000 10.4
2016-01-05T20:13:40+0000 10.5
2016-01-05T20:28:56+0000 10.3
2016-01-05T20:44:12+0000 10.3
2016-01-05T20:59:28+0000 10.2
2016-01-05T21:14:44+0000 10.3
2016-01-05T21:29:59+0000 10.1
2016-01-05T21:45:15+0000 9.7
2016-01-05T22:00:31+0000 9.9
2016-01-05T22:15:47+0000 9.8
2016-01-05T22:31:03+0000 9.6
2016-01-05T22:46:18+0000 9.5
2016-01-05T23:01:34+0000 9.5
2016-01-05T23:16:50+0000 9.5
2016-01-05T23:32:06+0000 9.3
2016-01-05T23:47:22+0000 9.3
