2016-05-08T00:03:33+0000 22.8
2016-05-08T00:18:47+0000 22.4
2016-05-08T00:34:02+0000 22.1
2016-05-08T00:49:16+0000 21.9
2016-05-08T01:04:30+0000 21.6
2016-05-08T01:19:45+0000 21.4
2016-05-08T01:34:59+0000 21.1
2016-05-08T01:50:14+0000 20.8
2016-05-08T02:05:28+0000 20.6
2016-05-08T02:20:42+0000 20.3
2016-05-08T02:35:57+0000 20.1
2016-05-08T02:51:11+0000 20.0
2016-05-08T03:06:26+0000 19.7
2016-05-08T03:21:41+0000 19.5
2016-05-08T03:36:55+0000 19.3
2016-05-08T03:52:10+0000 19.0
2016-05-08T04:07:24+0000 19.0
2016-05-08T04:22:39+0000 18.7
2016-05-08T04:37:53+0000 18.6
2016-05-08T04:53:08+0000 18.4
2016-05-08T05:08:23+0000 18.3
2016-05-08T05:23:38+0000 18.1
2016-05-08T05:38:52+0000 18.0
2016-05-08T05:54:07+0000 18.0
2016-05-08T06:09:22+0000 17.9
2016-05-08T06:24:37+0000 18.1
2016-05-08T06:39:51+0000 18.5
2016-05-08T06:55:06+0000 18.8
2016-05-08T07:10:21+0000 19.3
2016-05-08T07:25:36+0000 20.0
2016-05-08T07:40:50+0000 20.6
2016-05-08T07:56:05+0000 21.4
2016-05-08T08:11:20+0000 22.1
2016-05-08T08:26:34+0000 23.0
2016-05-08T08:41:49+0000 23.7
2016-05-08T08:57:03+0000 24.6
2016-05-08T09:12:18+0000 25.3
2016-05-08T09:27:32+0000 26.2
2016-05-08T09:42:46+0000 26.9
2016-05-08T09:58:01+0000 27.7
2016-05-08T10:13:15+0000 28.4
2016-05-08T10:28:29+0000 29.3
2016-05-08T10:43:43+0000 29.9
2016-05-08T10:58:57+0000 30.7
2016-05-08T11:14:11+0000 31.2
2016-05-08T11:29:25+0000 31.7
2016-05-08T11:44:39+0000 32.3
2016-05-08T11:59:53+0000 32.7
2016-05-08T12:15:07+0000 33.2
2016-05-08T12:30:21+0000 33.7
2016-05-08T12:45:34+0000 33.9
2016-05-08T13:00:48+0000 34.3
2016-05-08T13:16:02+0000 34.5
2016-05-08T13:31:16+0000 34.8
2016-05-08T13:46:29+0000 34.8
2016-05-08T14:01:43+0000 34.8
2016-05-08T14:16:56+0000 34.6
2016-05-08T14:32:10+0000 34.5
2016-05-08T14:47:24+0000 34.5
2016-05-08T15:02:37+0000 34.5
2016-05-08T15:17:51+0000 34.1
2016-05-08T15:33:05+0000 33.9
2016-05-08T15:48:18+0000 33.7
2016-05-08T16:03:32+0000 33.4
2016-05-08T16:18:46+0000 33.1
2016-05-08T16:33:59+0000 32.8
2016-05-08T16:49:13+0000 32.6
2016-05-08T17:04:27+0000 32.4
2016-05-08T17:19:40+0000 32.0
2016-05-08T17:34:54+0000 31.7
2016-05-08T17:50:08+0000 31.4
2016-05-08T18:05:22+0000 31.2
2016-05-08T18:20:36+0000 30.9
2016-05-08T18:35:49+0000 30.7
2016-05-08T18:51:03+0000 30.4
2016-05-08T19:06:17+0000 30.2
2016-05-08T19:21:31+0000 29.4
2016-05-08T19:36:45+0000 29.0
2016-05-08T19:51:59+0000 28.5
2016-05-08T20:07:13+0000 28.0
2016-05-08T20:22:27+0000 27.7
2016-05-08T20:37:41+0000 27.4
2016-05-08T20:52:55+0000 26.8
2016-05-08T21:08:09+0000 26.4
2016-05-08T21:23:24+0000 26.0
2016-05-08T21:38:38+0000 25.7
2016-05-08T21:53:52+0000 25.5
2016-05-08T22:09:06+0000 25.2
2016-05-08T22:24:21+0000 24.9
2016-05-08T22:39:35+0000 24.5
2016-05-08T22:54:49+0000 24.3
2016-05-08T23:10:03+0000 23.9
2016-05-08T23:25:18+0000 23.7
2016-05-08T23:40:32+0000 23.4
2016-05-08T23:55:46+0000 23.2
