2016-03-04T00:02:53+0000 8.2
2016-03-04T00:18:09+0000 8.2
2016-03-04T00:33:25+0000 8.2
2016-03-04T00:48:40+0000 8.2
2016-03-04T01:03:56+0000 8.1
2016-03-04T01:19:12+0000 8.1
2016-03-04T01:34:27+0000 8.1
2016-03-04T01:49:43+0000 8.0
2016-03-04T02:04:59+0000 7.8
2016-03-04T02:20:14+0000 7.6
2016-03-04T02:35:30+0000 7.3
2016-03-04T02:50:45+0000 7.2
2016-03-04T03:06:01+0000 7.0
2016-03-04T03:21:17+0000 6.9
2016-03-04T03:36:32+0000 6.6
2016-03-04T03:51:48+0000 6.7
2016-03-04T04:07:04+0000 6.5
2016-03-04T04:22:19+0000 6.4
2016-03-04T04:37:35+0000 6.2
2016-03-04T04:52:51+0000 6.0
2016-03-04T05:08:07+0000 5.9
2016-03-04T05:23:22+0000 5.8
2016-03-04T05:38:38+0000 5.7
2016-03-04T05:53:54+0000 5.6
2016-03-04T06:09:10+0000 5.6
2016-03-04T06:24:26+0000 5.5
2016-03-04T06:39:41+0000 5.2
2016-03-04T06:54:57+0000 5.2
2016-03-04T07:10:13+0000 5.1
2016-03-04T07:25:29+0000 5.1
2016-03-04T07:40:44+0000 5.3
2016-03-04T07:56:00+0000 5.8
2016-03-04T08:11:16+0000 6.1
2016-03-04T08:26:32+0000 6.8
2016-03-04T08:41:48+0000 7.2
2016-03-04T08:57:03+0000 7.4
2016-03-04T09:12:19+0000 7.6
2016-03-04T09:27:35+0000 7.9
2016-03-04T09:42:51+0000 8.1
2016-03-04T09:58:07+0000 8.1
2016-03-04T10:13:22+0000 8.1
2016-03-04T10:28:38+0000 8.4
2016-03-04T10:43:54+0000 8.4
2016-03-04T10:59:09+0000 8.6
2016-03-04T11:14:25+0000 8.9
2016-03-04T11:29:41+0000 9.1
2016-03-04T11:44:57+0000 9.3
2016-03-04T12:00:12+0000 9.7
2016-03-04T12:15:28+0000 9.7
2016-03-04T12:30:44+0000 10.1
2016-03-04T12:45:59+0000 10.6
2016-03-04T13:01:15+0000 10.7
2016-03-04T13:16:31+0000 10.7
2016-03-04T13:31:47+0000 10.9
2016-03-04T13:47:02+0000 10.8
2016-03-04T14:02:18+0000 10.7
2016-03-04T14:17:34+0000 10.4
2016-03-04T14:32:49+0000 10.3
2016-03-04T14:48:05+0000 9.9
2016-03-04T15:03:21+0000 9.7
2016-03-04T15:18:36+0000 9.5
2016-03-04T15:33:52+0000 9.5
2016-03-04T15:49:08+0000 9.5
2016-03-04T16:04:23+0000 9.5
2016-03-04T16:19:39+0000 9.4
2016-03-04T16:34:55+0000 9.5
2016-03-04T16:50:11+0000 9.3
2016-03-04T17:05:26+0000 9.4
2016-03-04T17:20:42+0000 9.4
2016-03-04T17:35:58+0000 9.1
2016-03-04T17:51:13+0000 9.1
2016-03-04T18:06:29+0000 9.2
2016-03-04T18:21:45+0000 9.0
2016-03-04T18:37:00+0000 9.0
2016-03-04T18:52:16+0000 8.9
2016-03-04T19:07:32+0000 9.0
2016-03-04T19:22:47+0000 8.8
2016-03-04T19:38:03+0000 8.9
2016-03-04T19:53:19+0000 8.9
2016-03-04T20:08:35+0000 9.0
2016-03-04T20:23:50+0000 8.9
2016-03-04T20:39:06+0000 9.0
2016-03-04T20:54:22+0000 8.8
2016-03-04T21:09:37+0000 8.8
2016-03-04T21:24:53+0000 8.8
2016-03-04T21:40:09+0000 8.8
2016-03-04T21:55:25+0000 8.8
2016-03-04T22:10:40+0000 8.8
2016-03-04T22:25:56+0000 8.8
2016-03-04T22:41:12+0000 8.8
2016-03-04T22:56:27+0000 8.8
2016-03-04T23:11:43+0000 8.7
2016-03-04T23:26:59+0000 8.8
2016-03-04T23:42:15+0000 8.8
2016-03-04T23:57:30+0000 8.7
