2016-07-31T00:05:00+0000 28.1
2016-07-31T00:20:14+0000 27.9
2016-07-31T00:35:28+0000 27.6
2016-07-31T00:50:43+0000 27.3
2016-07-31T01:05:57+0000 27.1
2016-07-31T01:21:11+0000 26.9
2016-07-31T01:36:26+0000 26.7
2016-07-31T01:51:40+0000 26.6
2016-07-31T02:06:54+0000 26.4
2016-07-31T02:22:09+0000 26.3
2016-07-31T02:37:23+0000 26.1
2016-07-31T02:52:38+0000 25.9
2016-07-31T03:07:52+0000 25.9
2016-07-31T03:23:07+0000 25.7
2016-07-31T03:38:21+0000 25.4
2016-07-31T03:53:35+0000 25.3
2016-07-31T04:08:50+0000 25.2
2016-07-31T04:24:04+0000 25.2
2016-07-31T04:39:19+0000 24.9
2016-07-31T04:54:33+0000 24.8
2016-07-31T05:09:48+0000 24.8
2016-07-31T05:25:02+0000 24.6
2016-07-31T05:40:17+0000 24.6
2016-07-31T05:55:31+0000 24.5
2016-07-31T06:10:46+0000 24.5
2016-07-31T06:26:00+0000 24.4
2016-07-31T06:41:15+0000 24.6
2016-07-31T06:56:29+0000 24.4
2016-07-31T07:11:44+0000 24.7
2016-07-31T07:26:58+0000 24.9
2016-07-31T07:42:13+0000 25.4
2016-07-31T07:57:27+0000 25.6
2016-07-31T08:12:42+0000 25.6
2016-07-31T08:27:56+0000 25.8
2016-07-31T08:43:11+0000 26.1
2016-07-31T08:58:25+0000 26.4
2016-07-31T09:13:40+0000 26.7
2016-07-31T09:28:54+0000 27.1
2016-07-31T09:44:09+0000 27.6
2016-07-31T09:59:23+0000 28.2
2016-07-31T10:14:37+0000 28.5
2016-07-31T10:29:52+0000 28.9
2016-07-31T10:45:06+0000 29.1
2016-07-31T11:00:20+0000 29.2
2016-07-31T11:15:35+0000 29.2
2016-07-31T11:30:49+0000 29.0
2016-07-31T11:46:03+0000 29.0
2016-07-31T12:01:17+0000 29.4
2016-07-31T12:16:32+0000 29.2
2016-07-31T12:31:46+0000 29.2
2016-07-31T12:47:00+0000 29.3
2016-07-31T13:02:15+0000 29.6
2016-07-31T13:17:29+0000 30.0
2016-07-31T13:32:43+0000 30.4
2016-07-31T13:47:58+0000 30.8
2016-07-31T14:03:12+0000 30.6
2016-07-31T14:18:26+0000 30.7
2016-07-31T14:33:40+0000 31.0
2016-07-31T14:48:55+0000 31.3
2016-07-31T15:04:09+0000 31.7
2016-07-31T15:19:23+0000 31.8
2016-07-31T15:34:37+0000 31.7
2016-07-31T15:49:51+0000 31.7
2016-07-31T16:05:05+0000 31.7
2016-07-31T16:20:20+0000 31.8
2016-07-31T16:35:34+0000 31.7
2016-07-31T16:50:48+0000 31.6
2016-07-31T17:06:02+0000 31.3
2016-07-31T17:21:16+0000 31.0
2016-07-31T17:36:30+0000 30.4
2016-07-31T17:51:44+0000 30.1
2016-07-31T18:06:59+0000 29.9
2016-07-31T18:22:13+0000 29.6
2016-07-31T18:37:27+0000 29.2
2016-07-31T18:52:41+0000 29.0
2016-07-31T19:07:55+0000 28.6
2016-07-31T19:23:10+0000 28.4
2016-07-31T19:38:24+0000 28.1
2016-07-31T19:53:38+0000 27.7
2016-07-31T20:08:52+0000 27.5
2016-07-31T20:24:07+0000 27.1
2016-07-31T20:39:21+0000 26.9
2016-07-31T20:54:36+0000 26.7
2016-07-31T21:09:50+0000 26.5
2016-07-31T21:25:05+0000 26.3
2016-07-31T21:40:19+0000 26.0
2016-07-31T21:55:34+0000 25.9
2016-07-31T22:10:48+0000 25.6
2016-07-31T22:26:03+0000 25.4
2016-07-31T22:41:17+0000 25.2
2016-07-31T22:56:32+0000 25.1
2016-07-31T23:11:46+0000 24.8
2016-07-31T23:27:01+0000 24.7
2016-07-31T23:42:15+0000 24.5
2016-07-31T23:57:30+0000 24.3
