2016-10-09T00:03:26+0000 13.0
2016-10-09T00:18:41+0000 13.0
2016-10-09T00:33:57+0000 13.0
2016-10-09T00:49:13+0000 12.9
2016-10-09T01:04:28+0000 12.8
2016-10-09T01:19:44+0000 12.8
2016-10-09T01:35:00+0000 12.9
2016-10-09T01:50:15+0000 12.8
2016-10-09T02:05:31+0000 12.7
2016-10-09T02:20:47+0000 12.7
2016-10-09T02:36:03+0000 12.6
2016-10-09T02:51:18+0000 12.5
2016-10-09T03:06:34+0000 12.5
2016-10-09T03:21:50+0000 12.5
2016-10-09T03:37:05+0000 12.5
2016-10-09T03:52:21+0000 12.5
2016-10-09T04:07:37+0000 12.5
2016-10-09T04:22:52+0000 12.3
2016-10-09T04:38:08+0000 12.4
2016-10-09T04:53:24+0000 12.3
2016-10-09T05:08:39+0000 12.3
2016-10-09T05:23:55+0000 12.3
2016-10-09T05:39:11+0000 12.1
2016-10-09T05:54:26+0000 12.2
2016-10-09T06:09:42+0000 12.2
2016-10-09T06:24:58+0000 12.1
2016-10-09T06:40:13+0000 12.0
2016-10-09T06:55:29+0000 12.0
2016-10-09T07:10:45+0000 11.9
2016-10-09T07:26:01+0000 11.9
2016-10-09T07:41:16+0000 11.8
2016-10-09T07:56:32+0000 11.9
2016-10-09T08:11:48+0000 12.1
2016-10-09T08:27:03+0000 12.2
2016-10-09T08:42:19+0000 12.3
2016-10-09T08:57:35+0000 12.4
2016-10-09T09:12:50+0000 12.8
2016-10-09T09:28:06+0000 13.0
2016-10-09T09:43:22+0000 13.1
2016-10-09T09:58:37+0000 13.3
2016-10-09T10:13:53+0000 13.4
2016-10-09T10:29:09+0000 13.7
2016-10-09T10:44:24+0000 13.9
2016-10-09T10:59:40+0000 14.2
2016-10-09T11:14:56+0000 14.5
2016-10-09T11:30:11+0000 14.6
2016-10-09T11:45:27+0000 14.6
2016-10-09T12:00:42+0000 14.9
2016-10-09T12:15:58+0000 15.3
2016-10-09T12:31:14+0000 15.8
2016-10-09T12:46:29+0000 16.1
2016-10-09T13:01:45+0000 16.2
2016-10-09T13:17:00+0000 16.3
2016-10-09T13:32:16+0000 16.5
2016-10-09T13:47:31+0000 16.6
2016-10-09T14:02:47+0000 16.8
2016-10-09T14:18:02+0000 17.3
2016-10-09T14:33:18+0000 17.5
2016-10-09T14:48:33+0000 17.9
2016-10-09T15:03:49+0000 17.9
2016-10-09T15:19:04+0000 18.1
2016-10-09T15:34:20+0000 18.1
2016-10-09T15:49:35+0000 17.8
2016-10-09T16:04:50+0000 17.6
2016-10-09T16:20:06+0000 17.4
2016-10-09T16:35:21+0000 17.2
2016-10-09T16:50:37+0000 17.0
2016-10-09T17:05:52+0000 16.8
2016-10-09T17:21:08+0000 16.8
2016-10-09T17:36:23+0000 16.4
2016-10-09T17:51:39+0000 16.1
2016-10-09T18:06:54+0000 15.8
2016-10-09T18:22:10+0000 15.5
2016-10-09T18:37:25+0000 15.3
2016-10-09T18:52:41+0000 15.1
2016-10-09T19:07:56+0000 14.8
2016-10-09T19:23:12+0000 14.6
2016-10-09T19:38:28+0000 14.3
2016-10-09T19:53:43+0000 14.1
2016-10-09T20:08:59+0000 13.8
2016-10-09T20:24:14+0000 13.5
2016-10-09T20:39:30+0000 13.4
2016-10-09T20:54:45+0000 13.2
2016-10-09T21:10:01+0000 13.1
2016-10-09T21:25:17+0000 12.9
2016-10-09T21:40:32+0000 12.9
2016-10-09T21:55:48+0000 12.8
2016-10-09T22:11:03+0000 12.7
2016-10-09T22:26:19+0000 12.6
2016-10-09T22:41:35+0000 12.5
2016-10-09T22:56:50+0000 12.3
2016-10-09T23:12:06+0000 12.3
2016-10-09T23:27:22+0000 12.3
2016-10-09T23:42:37+0000 12.2
2016-10-09T23:57:53+0000 12.1
