2016-04-30T00:10:54+0000 13.5
2016-04-30T00:26:09+0000 13.3
2016-04-30T00:41:24+0000 13.1
2016-04-30T00:56:39+0000 12.9
2016-04-30T01:11:54+0000 12.7
2016-04-30T01:27:09+0000 12.5
2016-04-30T01:42:24+0000 12.4
2016-04-30T01:57:39+0000 12.1
2016-04-30T02:12:55+0000 11.9
2016-04-30T02:28:10+0000 11.8
2016-04-30T02:43:25+0000 11.7
2016-04-30T02:58:40+0000 11.4
2016-04-30T03:13:55+0000 11.3
2016-04-30T03:29:10+0000 11.1
2016-04-30T03:44:25+0000 11.1
2016-04-30T03:59:40+0000 10.9
2016-04-30T04:14:56+0000 10.8
2016-04-30T04:30:11+0000 10.7
2016-04-30T04:45:26+0000 10.6
2016-04-30T05:00:41+0000 10.3
2016-04-30T05:15:56+0000 10.2
2016-04-30T05:31:12+0000 10.3
2016-04-30T05:46:27+0000 10.2
2016-04-30T06:01:42+0000 10.2
2016-04-30T06:16:57+0000 10.1
2016-04-30T06:32:12+0000 10.5
2016-04-30T06:47:27+0000 10.7
2016-04-30T07:02:43+0000 11.2
2016-04-30T07:17:58+0000 12.0
2016-04-30T07:33:13+0000 12.3
2016-04-30T07:48:28+0000 12.3
2016-04-30T08:03:43+0000 12.6
2016-04-30T08:18:58+0000 12.8
2016-04-30T08:34:13+0000 13.2
2016-04-30T08:49:29+0000 13.9
2016-04-30T09:04:44+0000 14.6
2016-04-30T09:19:59+0000 15.1
2016-04-30T09:35:14+0000 15.9
2016-04-30T09:50:29+0000 16.8
2016-04-30T10:05:44+0000 17.3
2016-04-30T10:20:59+0000 18.2
2016-04-30T10:36:14+0000 19.0
2016-04-30T10:51:29+0000 19.9
2016-04-30T11:06:44+0000 20.8
2016-04-30T11:21:59+0000 21.9
2016-04-30T11:37:13+0000 22.6
2016-04-30T11:52:28+0000 23.4
2016-04-30T12:07:43+0000 24.2
2016-04-30T12:22:57+0000 24.8
2016-04-30T12:38:12+0000 25.6
2016-04-30T12:53:27+0000 25.9
2016-04-30T13:08:41+0000 25.9
2016-04-30T13:23:55+0000 26.7
2016-04-30T13:39:10+0000 27.0
2016-04-30T13:54:24+0000 27.1
2016-04-30T14:09:39+0000 27.4
2016-04-30T14:24:53+0000 27.7
2016-04-30T14:40:07+0000 27.7
2016-04-30T14:55:22+0000 27.8
2016-04-30T15:10:36+0000 27.9
2016-04-30T15:25:50+0000 28.0
2016-04-30T15:41:05+0000 27.7
2016-04-30T15:56:19+0000 27.5
2016-04-30T16:11:33+0000 27.2
2016-04-30T16:26:47+0000 27.0
2016-04-30T16:42:02+0000 26.6
2016-04-30T16:57:16+0000 26.3
2016-04-30T17:12:30+0000 25.8
2016-04-30T17:27:45+0000 25.4
2016-04-30T17:42:59+0000 24.9
2016-04-30T17:58:13+0000 24.4
2016-04-30T18:13:28+0000 24.1
2016-04-30T18:28:42+0000 23.4
2016-04-30T18:43:57+0000 22.9
2016-04-30T18:59:11+0000 21.9
2016-04-30T19:14:26+0000 21.6
2016-04-30T19:29:40+0000 21.3
2016-04-30T19:44:55+0000 20.8
2016-04-30T20:00:10+0000 20.4
2016-04-30T20:15:24+0000 20.1
2016-04-30T20:30:39+0000 19.8
2016-04-30T20:45:54+0000 19.3
2016-04-30T21:01:09+0000 19.1
2016-04-30T21:16:23+0000 18.9
2016-04-30T21:31:38+0000 18.6
2016-04-30T21:46:53+0000 18.3
2016-04-30T22:02:08+0000 17.8
2016-04-30T22:17:23+0000 17.6
2016-04-30T22:32:37+0000 17.4
2016-04-30T22:47:52+0000 17.3
2016-04-30T23:03:07+0000 17.1
2016-04-30T23:18:22+0000 17.0
2016-04-30T23:33:37+0000 16.7
2016-04-30T23:48:52+0000 16.5
