2016-03-26T00:02:24+0000 10.7
2016-03-26T00:17:39+0000 10.9
2016-03-26T00:32:55+0000 10.7
2016-03-26T00:48:11+0000 11.0
2016-03-26T01:03:26+0000 10.8
2016-03-26T01:18:42+0000 10.6
2016-03-26T01:33:57+0000 10.6
2016-03-26T01:49:13+0000 10.6
2016-03-26T02:04:28+0000 10.6
2016-03-26T02:19:44+0000 10.6
2016-03-26T02:34:59+0000 10.5
2016-03-26T02:50:15+0000 10.3
2016-03-26T03:05:31+0000 10.4
2016-03-26T03:20:46+0000 10.3
2016-03-26T03:36:02+0000 10.1
2016-03-26T03:51:17+0000 9.8
2016-03-26T04:06:33+0000 9.8
2016-03-26T04:21:49+0000 9.8
2016-03-26T04:37:05+0000 9.8
2016-03-26T04:52:20+0000 9.8
2016-03-26T05:07:36+0000 9.8
2016-03-26T05:22:51+0000 9.9
2016-03-26T05:38:07+0000 9.8
2016-03-26T05:53:23+0000 9.7
2016-03-26T06:08:38+0000 9.6
2016-03-26T06:23:54+0000 9.7
2016-03-26T06:39:10+0000 9.7
2016-03-26T06:54:25+0000 9.7
2016-03-26T07:09:41+0000 9.8
2016-03-26T07:24:56+0000 9.8
2016-03-26T07:40:12+0000 9.9
2016-03-26T07:55:27+0000 10.3
2016-03-26T08:10:43+0000 10.4
2016-03-26T08:25:59+0000 11.0
2016-03-26T08:41:14+0000 11.7
2016-03-26T08:56:30+0000 12.3
2016-03-26T09:11:45+0000 13.0
2016-03-26T09:27:01+0000 13.6
2016-03-26T09:42:16+0000 14.4
2016-03-26T09:57:32+0000 15.2
2016-03-26T10:12:47+0000 16.0
2016-03-26T10:28:03+0000 17.0
2016-03-26T10:43:18+0000 17.4
2016-03-26T10:58:33+0000 17.3
2016-03-26T11:13:49+0000 17.9
2016-03-26T11:29:04+0000 18.7
2016-03-26T11:44:19+0000 19.7
2016-03-26T11:59:34+0000 20.3
2016-03-26T12:14:49+0000 21.2
2016-03-26T12:30:05+0000 22.1
2016-03-26T12:45:20+0000 22.8
2016-03-26T13:00:35+0000 23.4
2016-03-26T13:15:50+0000 23.6
2016-03-26T13:31:05+0000 23.6
2016-03-26T13:46:20+0000 23.5
2016-03-26T14:01:34+0000 23.8
2016-03-26T14:16:49+0000 24.2
2016-03-26T14:32:04+0000 24.3
2016-03-26T14:47:19+0000 24.3
2016-03-26T15:02:34+0000 24.3
2016-03-26T15:17:49+0000 24.2
2016-03-26T15:33:04+0000 24.0
2016-03-26T15:48:18+0000 23.8
2016-03-26T16:03:33+0000 23.7
2016-03-26T16:18:48+0000 23.4
2016-03-26T16:34:03+0000 23.2
2016-03-26T16:49:18+0000 23.2
2016-03-26T17:04:33+0000 23.0
2016-03-26T17:19:48+0000 22.7
2016-03-26T17:35:03+0000 22.5
2016-03-26T17:50:17+0000 22.2
2016-03-26T18:05:32+0000 21.9
2016-03-26T18:20:47+0000 21.5
2016-03-26T18:36:02+0000 20.6
2016-03-26T18:51:17+0000 20.1
2016-03-26T19:06:33+0000 19.6
2016-03-26T19:21:48+0000 19.1
2016-03-26T19:37:03+0000 18.9
2016-03-26T19:52:18+0000 18.5
2016-03-26T20:07:33+0000 18.2
2016-03-26T20:22:48+0000 17.9
2016-03-26T20:38:03+0000 17.5
2016-03-26T20:53:18+0000 17.2
2016-03-26T21:08:33+0000 17.0
2016-03-26T21:23:48+0000 16.7
2016-03-26T21:39:04+0000 16.4
2016-03-26T21:54:19+0000 16.0
2016-03-26T22:09:34+0000 15.9
2016-03-26T22:24:49+0000 15.5
2016-03-26T22:40:04+0000 15.4
2016-03-26T22:55:20+0000 15.0
2016-03-26T23:10:35+0000 14.9
2016-03-26T23:25:50+0000 14.6
2016-03-26T23:41:05+0000 14.5
2016-03-26T23:56:21+0000 14.3
