2016-03-25T00:08:00+0000 12.8
2016-03-25T00:23:15+0000 12.7
2016-03-25T00:38:31+0000 12.7
2016-03-25T00:53:46+0000 12.6
2016-03-25T01:09:02+0000 12.5
2016-03-25T01:24:18+0000 12.5
2016-03-25T01:39:33+0000 12.3
2016-03-25T01:54:48+0000 12.4
2016-03-25T02:10:04+0000 12.2
2016-03-25T02:25:20+0000 12.2
2016-03-25T02:40:35+0000 12.1
2016-03-25T02:55:50+0000 12.0
2016-03-25T03:11:06+0000 11.9
2016-03-25T03:26:21+0000 11.9
2016-03-25T03:41:37+0000 11.9
2016-03-25T03:56:53+0000 11.8
2016-03-25T04:12:08+0000 11.7
2016-03-25T04:27:24+0000 11.7
2016-03-25T04:42:39+0000 11.4
2016-03-25T04:57:55+0000 11.2
2016-03-25T05:13:10+0000 11.3
2016-03-25T05:28:26+0000 11.2
2016-03-25T05:43:41+0000 11.2
2016-03-25T05:58:57+0000 11.1
2016-03-25T06:14:12+0000 11.1
2016-03-25T06:29:28+0000 11.1
2016-03-25T06:44:44+0000 10.9
2016-03-25T06:59:59+0000 11.1
2016-03-25T07:15:15+0000 11.0
2016-03-25T07:30:30+0000 11.1
2016-03-25T07:45:46+0000 11.1
2016-03-25T08:01:01+0000 11.3
2016-03-25T08:16:17+0000 11.3
2016-03-25T08:31:32+0000 11.5
2016-03-25T08:46:48+0000 11.5
2016-03-25T09:02:03+0000 11.4
2016-03-25T09:17:19+0000 11.8
2016-03-25T09:32:34+0000 12.0
2016-03-25T09:47:50+0000 11.7
2016-03-25T10:03:05+0000 11.8
2016-03-25T10:18:21+0000 11.9
2016-03-25T10:33:36+0000 11.9
2016-03-25T10:48:52+0000 12.7
2016-03-25T11:04:07+0000 12.3
2016-03-25T11:19:23+0000 12.1
2016-03-25T11:34:39+0000 12.1
2016-03-25T11:49:54+0000 11.9
2016-03-25T12:05:10+0000 11.9
2016-03-25T12:20:25+0000 12.2
2016-03-25T12:35:41+0000 12.2
2016-03-25T12:50:56+0000 11.8
2016-03-25T13:06:12+0000 11.9
2016-03-25T13:21:28+0000 12.2
2016-03-25T13:36:43+0000 11.5
2016-03-25T13:51:59+0000 11.8
2016-03-25T14:07:14+0000 11.5
2016-03-25T14:22:30+0000 11.8
2016-03-25T14:37:46+0000 11.6
2016-03-25T14:53:01+0000 11.4
2016-03-25T15:08:17+0000 11.2
2016-03-25T15:23:33+0000 11.3
2016-03-25T15:38:48+0000 11.4
2016-03-25T15:54:04+0000 11.4
2016-03-25T16:09:19+0000 11.4
2016-03-25T16:24:35+0000 11.1
2016-03-25T16:39:50+0000 11.5
2016-03-25T16:55:06+0000 11.3
2016-03-25T17:10:21+0000 11.4
2016-03-25T17:25:37+0000 11.3
2016-03-25T17:40:53+0000 11.4
2016-03-25T17:56:08+0000 11.4
2016-03-25T18:11:24+0000 11.2
2016-03-25T18:26:40+0000 11.0
2016-03-25T18:41:55+0000 10.7
2016-03-25T18:57:11+0000 10.5
2016-03-25T19:12:26+0000 10.7
2016-03-25T19:27:42+0000 10.9
2016-03-25T19:42:57+0000 11.1
2016-03-25T19:58:13+0000 10.8
2016-03-25T20:13:29+0000 11.1
2016-03-25T20:28:44+0000 11.0
2016-03-25T20:44:00+0000 10.9
2016-03-25T20:59:15+0000 10.9
2016-03-25T21:14:31+0000 11.0
2016-03-25T21:29:47+0000 11.5
2016-03-25T21:45:03+0000 11.3
2016-03-25T22:00:19+0000 11.2
2016-03-25T22:15:34+0000 11.3
2016-03-25T22:30:50+0000 11.1
2016-03-25T22:46:06+0000 11.0
2016-03-25T23:01:21+0000 11.0
2016-03-25T23:16:37+0000 11.1
2016-03-25T23:31:53+0000 11.1
2016-03-25T23:47:08+0000 10.9
