2016-01-12T00:14:18+0000 8.1
2016-01-12T00:29:34+0000 8.2
2016-01-12T00:44:50+0000 8.2
2016-01-12T01:00:06+0000 8.0
2016-01-12T01:15:22+0000 8.1
2016-01-12T01:30:38+0000 8.2
2016-01-12T01:45:53+0000 8.2
2016-01-12T02:01:09+0000 8.1
2016-01-12T02:16:25+0000 8.1
2016-01-12T02:31:41+0000 8.1
2016-01-12T02:46:57+0000 8.0
2016-01-12T03:02:12+0000 8.1
2016-01-12T03:17:28+0000 8.0
2016-01-12T03:32:44+0000 8.1
2016-01-12T03:48:00+0000 8.1
2016-01-12T04:03:16+0000 8.0
2016-01-12T04:18:32+0000 8.1
2016-01-12T04:33:48+0000 8.0
2016-01-12T04:49:03+0000 8.0
2016-01-12T05:04:19+0000 7.9
2016-01-12T05:19:35+0000 8.0
2016-01-12T05:34:51+0000 7.9
2016-01-12T05:50:07+0000 7.9
2016-01-12T06:05:23+0000 8.0
2016-01-12T06:20:38+0000 7.9
2016-01-12T06:35:54+0000 8.0
2016-01-12T06:51:10+0000 8.1
2016-01-12T07:06:26+0000 7.9
2016-01-12T07:21:42+0000 7.9
2016-01-12T07:36:57+0000 7.9
2016-01-12T07:52:13+0000 7.8
2016-01-12T08:07:29+0000 7.7
2016-01-12T08:22:45+0000 7.6
2016-01-12T08:38:01+0000 7.7
2016-01-12T08:53:17+0000 7.7
2016-01-12T09:08:32+0000 7.8
2016-01-12T09:23:48+0000 7.7
2016-01-12T09:39:04+0000 8.2
2016-01-12T09:54:20+0000 7.6
2016-01-12T10:09:36+0000 7.7
2016-01-12T10:24:52+0000 7.8
2016-01-12T10:40:08+0000 7.9
2016-01-12T10:55:24+0000 8.0
2016-01-12T11:10:39+0000 8.1
2016-01-12T11:25:55+0000 8.1
2016-01-12T11:41:11+0000 8.2
2016-01-12T11:56:27+0000 8.6
2016-01-12T12:11:43+0000 8.3
2016-01-12T12:26:59+0000 8.6
2016-01-12T12:42:15+0000 8.3
2016-01-12T12:57:31+0000 8.5
2016-01-12T13:12:46+0000 8.6
2016-01-12T13:28:02+0000 9.0
2016-01-12T13:43:18+0000 9.1
2016-01-12T13:58:34+0000 8.8
2016-01-12T14:13:50+0000 9.2
2016-01-12T14:29:06+0000 9.6
2016-01-12T14:44:22+0000 9.5
2016-01-12T14:59:37+0000 9.5
2016-01-12T15:14:53+0000 9.6
2016-01-12T15:30:09+0000 9.5
2016-01-12T15:45:25+0000 9.3
2016-01-12T16:00:41+0000 9.3
2016-01-12T16:15:57+0000 9.4
2016-01-12T16:31:12+0000 9.5
2016-01-12T16:46:28+0000 9.3
2016-01-12T17:01:44+0000 9.0
2016-01-12T17:17:00+0000 8.8
2016-01-12T17:32:16+0000 9.0
2016-01-12T17:47:31+0000 8.8
2016-01-12T18:02:47+0000 8.6
2016-01-12T18:18:03+0000 8.7
2016-01-12T18:33:19+0000 8.5
2016-01-12T18:48:35+0000 8.3
2016-01-12T19:03:51+0000 8.2
2016-01-12T19:19:06+0000 8.2
2016-01-12T19:34:22+0000 8.2
2016-01-12T19:49:38+0000 8.0
2016-01-12T20:04:54+0000 8.1
2016-01-12T20:20:10+0000 8.0
2016-01-12T20:35:26+0000 7.9
2016-01-12T20:50:42+0000 7.7
2016-01-12T21:05:58+0000 7.9
2016-01-12T21:21:13+0000 7.6
2016-01-12T21:36:29+0000 7.6
2016-01-12T21:51:45+0000 7.5
2016-01-12T22:07:01+0000 7.6
2016-01-12T22:22:17+0000 7.5
2016-01-12T22:37:33+0000 7.3
2016-01-12T22:52:48+0000 7.4
2016-01-12T23:08:04+0000 7.2
2016-01-12T23:23:20+0000 7.2
2016-01-12T23:38:36+0000 7.3
2016-01-12T23:53:52+0000 7.2
