2016-02-29T00:09:21+0000 8.6
2016-02-29T00:24:37+0000 8.6
2016-02-29T00:39:52+0000 8.7
2016-02-29T00:55:08+0000 8.5
2016-02-29T01:10:24+0000 8.5
2016-02-29T01:25:40+0000 8.6
2016-02-29T01:40:55+0000 8.4
2016-02-29T01:56:11+0000 8.4
2016-02-29T02:11:27+0000 8.4
2016-02-29T02:26:42+0000 8.4
2016-02-29T02:41:58+0000 8.3
2016-02-29T02:57:14+0000 8.4
2016-02-29T03:12:29+0000 8.4
2016-02-29T03:27:45+0000 8.3
2016-02-29T03:43:01+0000 8.1
2016-02-29T03:58:17+0000 8.2
2016-02-29T04:13:32+0000 8.1
2016-02-29T04:28:48+0000 8.2
2016-02-29T04:44:04+0000 8.2
2016-02-29T04:59:19+0000 8.2
2016-02-29T05:14:35+0000 8.3
2016-02-29T05:29:51+0000 8.1
2016-02-29T05:45:06+0000 8.1
2016-02-29T06:00:22+0000 8.0
2016-02-29T06:15:38+0000 8.1
2016-02-29T06:30:53+0000 8.0
2016-02-29T06:46:09+0000 8.1
2016-02-29T07:01:25+0000 8.0
2016-02-29T07:16:40+0000 8.0
2016-02-29T07:31:56+0000 8.1
2016-02-29T07:47:12+0000 8.6
2016-02-29T08:02:27+0000 8.4
2016-02-29T08:17:43+0000 8.4
2016-02-29T08:32:59+0000 8.5
2016-02-29T08:48:15+0000 8.7
2016-02-29T09:03:30+0000 8.5
2016-02-29T09:18:46+0000 8.7
2016-02-29T09:34:02+0000 8.7
2016-02-29T09:49:18+0000 8.8
2016-02-29T10:04:33+0000 8.7
2016-02-29T10:19:49+0000 8.8
2016-02-29T10:35:05+0000 8.8
2016-02-29T10:50:20+0000 8.8
2016-02-29T11:05:36+0000 8.8
2016-02-29T11:20:52+0000 8.8
2016-02-29T11:36:08+0000 8.8
2016-02-29T11:51:23+0000 8.8
2016-02-29T12:06:39+0000 8.9
2016-02-29T12:21:55+0000 8.9
2016-02-29T12:37:11+0000 9.1
2016-02-29T12:52:26+0000 9.1
2016-02-29T13:07:42+0000 9.1
2016-02-29T13:22:58+0000 9.0
2016-02-29T13:38:13+0000 9.2
2016-02-29T13:53:29+0000 9.3
2016-02-29T14:08:45+0000 9.3
2016-02-29T14:24:00+0000 9.4
2016-02-29T14:39:16+0000 9.3
2016-02-29T14:54:32+0000 9.4
2016-02-29T15:09:48+0000 9.3
2016-02-29T15:25:03+0000 9.5
2016-02-29T15:40:19+0000 9.5
2016-02-29T15:55:34+0000 9.6
2016-02-29T16:10:50+0000 9.5
2016-02-29T16:26:06+0000 9.5
2016-02-29T16:41:21+0000 9.5
2016-02-29T16:56:37+0000 9.3
2016-02-29T17:11:53+0000 9.3
2016-02-29T17:27:08+0000 9.4
2016-02-29T17:42:24+0000 9.4
2016-02-29T17:57:39+0000 9.3
2016-02-29T18:12:55+0000 9.2
2016-02-29T18:28:11+0000 9.1
2016-02-29T18:43:26+0000 9.0
2016-02-29T18:58:42+0000 9.0
2016-02-29T19:13:58+0000 8.9
2016-02-29T19:29:14+0000 8.6
2016-02-29T19:44:29+0000 8.6
2016-02-29T19:59:45+0000 8.2
2016-02-29T20:15:01+0000 8.2
2016-02-29T20:30:16+0000 8.0
2016-02-29T20:45:32+0000 8.0
2016-02-29T21:00:48+0000 8.0
2016-02-29T21:16:04+0000 7.9
2016-02-29T21:31:19+0000 7.8
2016-02-29T21:46:35+0000 7.7
2016-02-29T22:01:51+0000 7.7
2016-02-29T22:17:07+0000 7.7
2016-02-29T22:32:22+0000 7.6
2016-02-29T22:47:38+0000 7.5
2016-02-29T23:02:54+0000 7.6
2016-02-29T23:18:10+0000 7.5
2016-02-29T23:33:25+0000 7.4
2016-02-29T23:48:41+0000 7.4
