2016-10-06T00:04:56+0000 11.9
2016-10-06T00:20:12+0000 11.8
2016-10-06T00:35:27+0000 11.6
2016-10-06T00:50:43+0000 11.6
2016-10-06T01:05:59+0000 11.3
2016-10-06T01:21:14+0000 11.2
2016-10-06T01:36:30+0000 11.1
2016-10-06T01:51:46+0000 11.1
2016-10-06T02:07:02+0000 11.0
2016-10-06T02:22:17+0000 11.1
2016-10-06T02:37:33+0000 11.1
2016-10-06T02:52:49+0000 11.2
2016-10-06T03:08:05+0000 11.1
2016-10-06T03:23:20+0000 11.1
2016-10-06T03:38:36+0000 11.1
2016-10-06T03:53:52+0000 11.0
2016-10-06T04:09:07+0000 11.1
2016-10-06T04:24:23+0000 11.1
2016-10-06T04:39:39+0000 11.1
2016-10-06T04:54:55+0000 11.0
2016-10-06T05:10:10+0000 10.9
2016-10-06T05:25:26+0000 11.0
2016-10-06T05:40:42+0000 10.9
2016-10-06T05:55:58+0000 10.9
2016-10-06T06:11:13+0000 10.9
2016-10-06T06:26:29+0000 10.9
2016-10-06T06:41:45+0000 11.0
2016-10-06T06:57:01+0000 11.0
2016-10-06T07:12:17+0000 11.1
2016-10-06T07:27:32+0000 11.1
2016-10-06T07:42:48+0000 11.3
2016-10-06T07:58:04+0000 11.3
2016-10-06T08:13:20+0000 11.5
2016-10-06T08:28:35+0000 11.7
2016-10-06T08:43:51+0000 11.8
2016-10-06T08:59:07+0000 12.0
2016-10-06T09:14:23+0000 12.3
2016-10-06T09:29:38+0000 12.6
2016-10-06T09:44:54+0000 12.8
2016-10-06T10:00:10+0000 13.0
2016-10-06T10:15:25+0000 13.1
2016-10-06T10:30:41+0000 13.1
2016-10-06T10:45:57+0000 13.2
2016-10-06T11:01:12+0000 13.3
2016-10-06T11:16:28+0000 13.6
2016-10-06T11:31:44+0000 13.5
2016-10-06T11:46:59+0000 13.6
2016-10-06T12:02:15+0000 13.8
2016-10-06T12:17:31+0000 13.9
2016-10-06T12:32:46+0000 14.0
2016-10-06T12:48:02+0000 14.2
2016-10-06T13:03:18+0000 14.5
2016-10-06T13:18:33+0000 14.5
2016-10-06T13:33:49+0000 14.7
2016-10-06T13:49:04+0000 14.9
2016-10-06T14:04:20+0000 15.0
2016-10-06T14:19:35+0000 15.2
2016-10-06T14:34:51+0000 15.2
2016-10-06T14:50:06+0000 15.2
2016-10-06T15:05:22+0000 15.3
2016-10-06T15:20:37+0000 15.4
2016-10-06T15:35:53+0000 15.3
2016-10-06T15:51:09+0000 15.2
2016-10-06T16:06:24+0000 15.2
2016-10-06T16:21:40+0000 15.1
2016-10-06T16:36:55+0000 15.0
2016-10-06T16:52:11+0000 15.0
2016-10-06T17:07:26+0000 14.8
2016-10-06T17:22:42+0000 14.7
2016-10-06T17:37:57+0000 14.6
2016-10-06T17:53:13+0000 14.6
2016-10-06T18:08:28+0000 14.5
2016-10-06T18:23:44+0000 14.4
2016-10-06T18:38:59+0000 14.3
2016-10-06T18:54:15+0000 14.2
2016-10-06T19:09:31+0000 14.2
2016-10-06T19:24:46+0000 14.2
2016-10-06T19:40:02+0000 14.1
2016-10-06T19:55:17+0000 14.0
2016-10-06T20:10:33+0000 14.0
2016-10-06T20:25:48+0000 14.0
2016-10-06T20:41:04+0000 13.8
2016-10-06T20:56:19+0000 13.8
2016-10-06T21:11:35+0000 13.8
2016-10-06T21:26:50+0000 13.6
2016-10-06T21:42:06+0000 13.6
2016-10-06T21:57:21+0000 13.6
2016-10-06T22:12:37+0000 13.6
2016-10-06T22:27:53+0000 13.6
2016-10-06T22:43:08+0000 13.4
2016-10-06T22:58:24+0000 13.5
2016-10-06T23:13:40+0000 13.4
2016-10-06T23:28:56+0000 13.4
2016-10-06T23:44:12+0000 13.4
2016-10-06T23:59:27+0000 13.4
