2016-08-26T00:12:14+0000 29.0
2016-08-26T00:27:28+0000 28.6
2016-08-26T00:42:43+0000 28.5
2016-08-26T00:57:57+0000 28.2
2016-08-26T01:13:11+0000 28.0
2016-08-26T01:28:26+0000 27.8
2016-08-26T01:43:40+0000 27.5
2016-08-26T01:58:55+0000 27.2
2016-08-26T02:14:09+0000 27.0
2016-08-26T02:29:23+0000 26.8
2016-08-26T02:44:38+0000 26.6
2016-08-26T02:59:52+0000 26.4
2016-08-26T03:15:07+0000 26.1
2016-08-26T03:30:21+0000 26.0
2016-08-26T03:45:36+0000 25.7
2016-08-26T04:00:50+0000 25.5
2016-08-26T04:16:05+0000 25.4
2016-08-26T04:31:19+0000 25.1
2016-08-26T04:46:34+0000 25.0
2016-08-26T05:01:48+0000 24.8
2016-08-26T05:17:03+0000 24.6
2016-08-26T05:32:17+0000 24.5
2016-08-26T05:47:32+0000 24.3
2016-08-26T06:02:47+0000 24.2
2016-08-26T06:18:01+0000 24.1
2016-08-26T06:33:16+0000 24.1
2016-08-26T06:48:31+0000 24.2
2016-08-26T07:03:46+0000 24.5
2016-08-26T07:19:00+0000 25.0
2016-08-26T07:34:15+0000 25.6
2016-08-26T07:49:29+0000 26.2
2016-08-26T08:04:44+0000 26.9
2016-08-26T08:19:59+0000 27.7
2016-08-26T08:35:13+0000 28.4
2016-08-26T08:50:28+0000 29.1
2016-08-26T09:05:42+0000 30.3
2016-08-26T09:20:57+0000 31.2
2016-08-26T09:36:11+0000 32.1
2016-08-26T09:51:25+0000 32.9
2016-08-26T10:06:39+0000 33.9
2016-08-26T10:21:53+0000 34.7
2016-08-26T10:37:07+0000 35.4
2016-08-26T10:52:21+0000 35.8
2016-08-26T11:07:35+0000 36.5
2016-08-26T11:22:49+0000 37.0
2016-08-26T11:38:03+0000 37.5
2016-08-26T11:53:16+0000 38.5
2016-08-26T12:08:30+0000 39.1
2016-08-26T12:23:43+0000 39.9
2016-08-26T12:38:57+0000 40.4
2016-08-26T12:54:10+0000 41.1
2016-08-26T13:09:24+0000 41.5
2016-08-26T13:24:37+0000 41.9
2016-08-26T13:39:50+0000 42.3
2016-08-26T13:55:03+0000 42.6
2016-08-26T14:10:16+0000 42.7
2016-08-26T14:25:29+0000 43.0
2016-08-26T14:40:42+0000 43.0
2016-08-26T14:55:55+0000 43.1
2016-08-26T15:11:08+0000 42.9
2016-08-26T15:26:21+0000 42.8
2016-08-26T15:41:34+0000 42.5
2016-08-26T15:56:47+0000 42.2
2016-08-26T16:12:00+0000 42.0
2016-08-26T16:27:13+0000 41.7
2016-08-26T16:42:26+0000 41.6
2016-08-26T16:57:39+0000 41.4
2016-08-26T17:12:52+0000 41.2
2016-08-26T17:28:06+0000 41.0
2016-08-26T17:43:19+0000 40.8
2016-08-26T17:58:32+0000 40.6
2016-08-26T18:13:45+0000 40.3
2016-08-26T18:28:58+0000 39.9
2016-08-26T18:44:11+0000 39.5
2016-08-26T18:59:24+0000 39.1
2016-08-26T19:14:38+0000 38.5
2016-08-26T19:29:51+0000 37.9
2016-08-26T19:45:04+0000 37.1
2016-08-26T20:00:17+0000 36.6
2016-08-26T20:15:31+0000 36.0
2016-08-26T20:30:44+0000 35.6
2016-08-26T20:45:58+0000 35.1
2016-08-26T21:01:11+0000 34.6
2016-08-26T21:16:25+0000 34.3
2016-08-26T21:31:39+0000 33.8
2016-08-26T21:46:52+0000 33.4
2016-08-26T22:02:06+0000 33.0
2016-08-26T22:17:20+0000 32.7
2016-08-26T22:32:34+0000 32.3
2016-08-26T22:47:47+0000 32.0
2016-08-26T23:03:01+0000 31.6
2016-08-26T23:18:15+0000 31.3
2016-08-26T23:33:29+0000 31.0
2016-08-26T23:48:43+0000 30.8
