2016-10-11T00:07:41+0000 12.2
2016-10-11T00:22:56+0000 12.0
2016-10-11T00:38:12+0000 11.8
2016-10-11T00:53:28+0000 11.8
2016-10-11T01:08:43+0000 11.5
2016-10-11T01:23:59+0000 11.3
2016-10-11T01:39:15+0000 11.3
2016-10-11T01:54:30+0000 11.1
2016-10-11T02:09:46+0000 11.1
2016-10-11T02:25:02+0000 11.1
2016-10-11T02:40:18+0000 11.1
2016-10-11T02:55:33+0000 11.0
2016-10-11T03:10:49+0000 11.0
2016-10-11T03:26:05+0000 10.8
2016-10-11T03:41:20+0000 10.8
2016-10-11T03:56:36+0000 10.8
2016-10-11T04:11:52+0000 10.8
2016-10-11T04:27:07+0000 10.6
2016-10-11T04:42:23+0000 10.6
2016-10-11T04:57:39+0000 10.5
2016-10-11T05:12:55+0000 10.4
2016-10-11T05:28:10+0000 10.3
2016-10-11T05:43:26+0000 10.2
2016-10-11T05:58:42+0000 10.1
2016-10-11T06:13:58+0000 10.0
2016-10-11T06:29:14+0000 9.9
2016-10-11T06:44:29+0000 9.9
2016-10-11T06:59:45+0000 10.0
2016-10-11T07:15:01+0000 10.0
2016-10-11T07:30:17+0000 10.1
2016-10-11T07:45:33+0000 10.0
2016-10-11T08:00:49+0000 10.2
2016-10-11T08:16:04+0000 11.0
2016-10-11T08:31:20+0000 11.3
2016-10-11T08:46:36+0000 11.5
2016-10-11T09:01:52+0000 11.8
2016-10-11T09:17:08+0000 12.1
2016-10-11T09:32:23+0000 12.5
2016-10-11T09:47:39+0000 13.2
2016-10-11T10:02:55+0000 13.9
2016-10-11T10:18:10+0000 14.6
2016-10-11T10:33:26+0000 15.2
2016-10-11T10:48:42+0000 15.8
2016-10-11T11:03:57+0000 16.3
2016-10-11T11:19:13+0000 16.8
2016-10-11T11:34:28+0000 17.5
2016-10-11T11:49:44+0000 17.9
2016-10-11T12:04:59+0000 18.4
2016-10-11T12:20:15+0000 18.9
2016-10-11T12:35:30+0000 19.1
2016-10-11T12:50:45+0000 19.1
2016-10-11T13:06:01+0000 19.2
2016-10-11T13:21:16+0000 18.9
2016-10-11T13:36:31+0000 18.8
2016-10-11T13:51:47+0000 19.0
2016-10-11T14:07:02+0000 18.8
2016-10-11T14:22:17+0000 18.3
2016-10-11T14:37:33+0000 17.9
2016-10-11T14:52:48+0000 17.9
2016-10-11T15:08:04+0000 17.7
2016-10-11T15:23:19+0000 17.6
2016-10-11T15:38:35+0000 17.6
2016-10-11T15:53:50+0000 17.5
2016-10-11T16:09:06+0000 17.3
2016-10-11T16:24:21+0000 17.1
2016-10-11T16:39:36+0000 16.8
2016-10-11T16:54:52+0000 16.4
2016-10-11T17:10:07+0000 16.1
2016-10-11T17:25:23+0000 15.8
2016-10-11T17:40:38+0000 15.6
2016-10-11T17:55:54+0000 15.3
2016-10-11T18:11:09+0000 15.1
2016-10-11T18:26:25+0000 15.0
2016-10-11T18:41:40+0000 15.0
2016-10-11T18:56:56+0000 14.7
2016-10-11T19:12:11+0000 14.6
2016-10-11T19:27:27+0000 14.5
2016-10-11T19:42:43+0000 14.3
2016-10-11T19:57:58+0000 14.2
2016-10-11T20:13:14+0000 14.1
2016-10-11T20:28:29+0000 13.8
2016-10-11T20:43:45+0000 13.8
2016-10-11T20:59:01+0000 13.5
2016-10-11T21:14:16+0000 13.6
2016-10-11T21:29:32+0000 13.5
2016-10-11T21:44:48+0000 13.3
2016-10-11T22:00:03+0000 13.2
2016-10-11T22:15:19+0000 13.1
2016-10-11T22:30:34+0000 13.0
2016-10-11T22:45:50+0000 13.0
2016-10-11T23:01:06+0000 12.8
2016-10-11T23:16:21+0000 12.8
2016-10-11T23:31:37+0000 12.8
2016-10-11T23:46:52+0000 12.7
