2016-03-23T00:04:27+0000 13.4
2016-03-23T00:19:42+0000 13.3
2016-03-23T00:34:58+0000 13.1
2016-03-23T00:50:13+0000 13.1
2016-03-23T01:05:28+0000 13.1
2016-03-23T01:20:44+0000 12.9
2016-03-23T01:35:59+0000 12.8
2016-03-23T01:51:14+0000 12.8
2016-03-23T02:06:30+0000 12.7
2016-03-23T02:21:45+0000 12.6
2016-03-23T02:37:01+0000 12.6
2016-03-23T02:52:16+0000 12.4
2016-03-23T03:07:32+0000 12.3
2016-03-23T03:22:47+0000 12.4
2016-03-23T03:38:02+0000 12.3
2016-03-23T03:53:18+0000 12.2
2016-03-23T04:08:33+0000 12.2
2016-03-23T04:23:49+0000 12.0
2016-03-23T04:39:04+0000 12.0
2016-03-23T04:54:20+0000 12.1
2016-03-23T05:09:35+0000 11.9
2016-03-23T05:24:50+0000 11.9
2016-03-23T05:40:06+0000 11.9
2016-03-23T05:55:21+0000 11.8
2016-03-23T06:10:37+0000 11.8
2016-03-23T06:25:52+0000 11.6
2016-03-23T06:41:08+0000 11.7
2016-03-23T06:56:23+0000 11.7
2016-03-23T07:11:38+0000 11.7
2016-03-23T07:26:54+0000 11.7
2016-03-23T07:42:09+0000 11.8
2016-03-23T07:57:25+0000 11.9
2016-03-23T08:12:40+0000 11.9
2016-03-23T08:27:55+0000 12.0
2016-03-23T08:43:11+0000 12.1
2016-03-23T08:58:26+0000 12.0
2016-03-23T09:13:42+0000 12.2
2016-03-23T09:28:57+0000 12.5
2016-03-23T09:44:13+0000 13.0
2016-03-23T09:59:28+0000 13.5
2016-03-23T10:14:43+0000 14.2
2016-03-23T10:29:59+0000 14.5
2016-03-23T10:45:14+0000 14.2
2016-03-23T11:00:29+0000 14.1
2016-03-23T11:15:45+0000 14.4
2016-03-23T11:31:00+0000 14.7
2016-03-23T11:46:16+0000 15.1
2016-03-23T12:01:31+0000 15.3
2016-03-23T12:16:46+0000 16.0
2016-03-23T12:32:02+0000 16.2
2016-03-23T12:47:17+0000 16.4
2016-03-23T13:02:32+0000 16.3
2016-03-23T13:17:48+0000 16.1
2016-03-23T13:33:03+0000 15.8
2016-03-23T13:48:18+0000 15.6
2016-03-23T14:03:34+0000 15.7
2016-03-23T14:18:49+0000 15.6
2016-03-23T14:34:04+0000 15.9
2016-03-23T14:49:20+0000 16.1
2016-03-23T15:04:35+0000 16.3
2016-03-23T15:19:50+0000 16.4
2016-03-23T15:35:05+0000 16.4
2016-03-23T15:50:21+0000 16.3
2016-03-23T16:05:36+0000 16.1
2016-03-23T16:20:51+0000 16.2
2016-03-23T16:36:07+0000 16.1
2016-03-23T16:51:22+0000 15.9
2016-03-23T17:06:37+0000 15.7
2016-03-23T17:21:53+0000 15.6
2016-03-23T17:37:08+0000 15.5
2016-03-23T17:52:23+0000 15.3
2016-03-23T18:07:39+0000 15.1
2016-03-23T18:22:54+0000 15.0
2016-03-23T18:38:09+0000 14.7
2016-03-23T18:53:25+0000 14.6
2016-03-23T19:08:40+0000 14.3
2016-03-23T19:23:55+0000 14.1
2016-03-23T19:39:11+0000 14.0
2016-03-23T19:54:26+0000 13.8
2016-03-23T20:09:42+0000 13.7
2016-03-23T20:24:57+0000 13.6
2016-03-23T20:40:13+0000 13.5
2016-03-23T20:55:28+0000 13.3
2016-03-23T21:10:43+0000 13.2
2016-03-23T21:25:59+0000 13.1
2016-03-23T21:41:14+0000 12.9
2016-03-23T21:56:30+0000 12.7
2016-03-23T22:11:45+0000 12.6
2016-03-23T22:27:01+0000 12.5
2016-03-23T22:42:16+0000 12.5
2016-03-23T22:57:32+0000 12.3
2016-03-23T23:12:47+0000 12.1
2016-03-23T23:28:02+0000 12.0
2016-03-23T23:43:18+0000 11.9
2016-03-23T23:58:33+0000 11.8
