2016-08-08T00:07:45+0000 25.5
2016-08-08T00:23:00+0000 25.2
2016-08-08T00:38:15+0000 25.1
2016-08-08T00:53:29+0000 24.7
2016-08-08T01:08:44+0000 24.4
2016-08-08T01:23:58+0000 24.2
2016-08-08T01:39:13+0000 24.0
2016-08-08T01:54:28+0000 23.8
2016-08-08T02:09:42+0000 23.5
2016-08-08T02:24:57+0000 23.3
2016-08-08T02:40:12+0000 23.2
2016-08-08T02:55:26+0000 22.9
2016-08-08T03:10:41+0000 22.7
2016-08-08T03:25:56+0000 22.5
2016-08-08T03:41:11+0000 22.4
2016-08-08T03:56:25+0000 22.2
2016-08-08T04:11:40+0000 22.0
2016-08-08T04:26:55+0000 21.8
2016-08-08T04:42:10+0000 21.7
2016-08-08T04:57:24+0000 21.5
2016-08-08T05:12:39+0000 21.4
2016-08-08T05:27:54+0000 21.3
2016-08-08T05:43:09+0000 21.2
2016-08-08T05:58:23+0000 21.1
2016-08-08T06:13:38+0000 21.1
2016-08-08T06:28:53+0000 21.1
2016-08-08T06:44:08+0000 21.4
2016-08-08T06:59:23+0000 21.6
2016-08-08T07:14:38+0000 21.7
2016-08-08T07:29:53+0000 22.0
2016-08-08T07:45:07+0000 22.7
2016-08-08T08:00:22+0000 23.5
2016-08-08T08:15:37+0000 24.4
2016-08-08T08:30:52+0000 25.2
2016-08-08T08:46:06+0000 26.3
2016-08-08T09:01:21+0000 27.0
2016-08-08T09:16:36+0000 27.6
2016-08-08T09:31:50+0000 28.6
2016-08-08T09:47:04+0000 29.3
2016-08-08T10:02:19+0000 29.9
2016-08-08T10:17:33+0000 30.7
2016-08-08T10:32:47+0000 31.5
2016-08-08T10:48:02+0000 32.3
2016-08-08T11:03:16+0000 32.8
2016-08-08T11:18:30+0000 33.2
2016-08-08T11:33:44+0000 33.6
2016-08-08T11:48:58+0000 34.2
2016-08-08T12:04:12+0000 34.9
2016-08-08T12:19:26+0000 35.1
2016-08-08T12:34:40+0000 35.3
2016-08-08T12:49:54+0000 35.3
2016-08-08T13:05:08+0000 35.5
2016-08-08T13:20:22+0000 35.5
2016-08-08T13:35:35+0000 35.3
2016-08-08T13:50:49+0000 35.5
2016-08-08T14:06:03+0000 35.2
2016-08-08T14:21:17+0000 35.2
2016-08-08T14:36:31+0000 35.8
2016-08-08T14:51:45+0000 35.9
2016-08-08T15:06:58+0000 35.6
2016-08-08T15:22:12+0000 35.4
2016-08-08T15:37:26+0000 34.9
2016-08-08T15:52:40+0000 34.6
2016-08-08T16:07:54+0000 34.3
2016-08-08T16:23:08+0000 34.0
2016-08-08T16:38:22+0000 33.8
2016-08-08T16:53:35+0000 33.4
2016-08-08T17:08:49+0000 32.9
2016-08-08T17:24:04+0000 32.4
2016-08-08T17:39:18+0000 32.1
2016-08-08T17:54:32+0000 31.9
2016-08-08T18:09:46+0000 31.6
2016-08-08T18:25:00+0000 31.3
2016-08-08T18:40:14+0000 31.0
2016-08-08T18:55:28+0000 30.6
2016-08-08T19:10:42+0000 30.4
2016-08-08T19:25:56+0000 30.0
2016-08-08T19:41:10+0000 29.7
2016-08-08T19:56:25+0000 29.2
2016-08-08T20:11:39+0000 28.8
2016-08-08T20:26:53+0000 28.5
2016-08-08T20:42:07+0000 28.1
2016-08-08T20:57:22+0000 27.7
2016-08-08T21:12:36+0000 27.4
2016-08-08T21:27:50+0000 27.0
2016-08-08T21:43:05+0000 26.6
2016-08-08T21:58:19+0000 26.5
2016-08-08T22:13:34+0000 26.2
2016-08-08T22:28:48+0000 26.0
2016-08-08T22:44:03+0000 25.8
2016-08-08T22:59:17+0000 25.7
2016-08-08T23:14:32+0000 25.3
2016-08-08T23:29:46+0000 25.2
2016-08-08T23:45:01+0000 25.1
