2016-07-30T00:12:49+0000 26.0
2016-07-30T00:28:03+0000 25.8
2016-07-30T00:43:18+0000 25.6
2016-07-30T00:58:32+0000 25.5
2016-07-30T01:13:47+0000 25.4
2016-07-30T01:29:01+0000 25.1
2016-07-30T01:44:16+0000 25.0
2016-07-30T01:59:30+0000 24.7
2016-07-30T02:14:45+0000 24.6
2016-07-30T02:30:00+0000 24.4
2016-07-30T02:45:14+0000 24.4
2016-07-30T03:00:29+0000 24.1
2016-07-30T03:15:43+0000 23.9
2016-07-30T03:30:58+0000 23.7
2016-07-30T03:46:13+0000 23.5
2016-07-30T04:01:27+0000 23.4
2016-07-30T04:16:42+0000 23.2
2016-07-30T04:31:57+0000 23.0
2016-07-30T04:47:11+0000 22.9
2016-07-30T05:02:26+0000 22.7
2016-07-30T05:17:41+0000 22.6
2016-07-30T05:32:55+0000 22.6
2016-07-30T05:48:10+0000 22.5
2016-07-30T06:03:25+0000 22.4
2016-07-30T06:18:40+0000 22.5
2016-07-30T06:33:54+0000 22.6
2016-07-30T06:49:09+0000 22.9
2016-07-30T07:04:24+0000 23.4
2016-07-30T07:19:39+0000 24.0
2016-07-30T07:34:53+0000 24.6
2016-07-30T07:50:08+0000 25.2
2016-07-30T08:05:23+0000 26.1
2016-07-30T08:20:37+0000 27.0
2016-07-30T08:35:52+0000 27.4
2016-07-30T08:51:06+0000 27.5
2016-07-30T09:06:20+0000 28.1
2016-07-30T09:21:35+0000 28.7
2016-07-30T09:36:49+0000 29.5
2016-07-30T09:52:04+0000 30.0
2016-07-30T10:07:18+0000 30.3
2016-07-30T10:22:32+0000 30.7
2016-07-30T10:37:46+0000 31.1
2016-07-30T10:53:01+0000 32.2
2016-07-30T11:08:15+0000 32.8
2016-07-30T11:23:29+0000 33.6
2016-07-30T11:38:43+0000 33.5
2016-07-30T11:53:57+0000 33.9
2016-07-30T12:09:11+0000 35.2
2016-07-30T12:24:25+0000 35.8
2016-07-30T12:39:39+0000 36.5
2016-07-30T12:54:53+0000 36.9
2016-07-30T13:10:06+0000 36.5
2016-07-30T13:25:20+0000 37.0
2016-07-30T13:40:34+0000 37.2
2016-07-30T13:55:47+0000 37.4
2016-07-30T14:11:01+0000 37.8
2016-07-30T14:26:15+0000 37.9
2016-07-30T14:41:28+0000 37.8
2016-07-30T14:56:42+0000 38.1
2016-07-30T15:11:55+0000 38.1
2016-07-30T15:27:09+0000 38.1
2016-07-30T15:42:22+0000 37.9
2016-07-30T15:57:36+0000 37.8
2016-07-30T16:12:49+0000 37.7
2016-07-30T16:28:03+0000 37.4
2016-07-30T16:43:17+0000 37.2
2016-07-30T16:58:30+0000 37.0
2016-07-30T17:13:44+0000 36.7
2016-07-30T17:28:57+0000 36.5
2016-07-30T17:44:11+0000 36.3
2016-07-30T17:59:25+0000 36.1
2016-07-30T18:14:38+0000 35.9
2016-07-30T18:29:52+0000 35.7
2016-07-30T18:45:06+0000 35.5
2016-07-30T19:00:20+0000 35.3
2016-07-30T19:15:33+0000 35.0
2016-07-30T19:30:47+0000 34.7
2016-07-30T19:46:01+0000 34.1
2016-07-30T20:01:15+0000 33.5
2016-07-30T20:16:28+0000 33.0
2016-07-30T20:31:42+0000 32.5
2016-07-30T20:46:56+0000 32.0
2016-07-30T21:02:10+0000 31.7
2016-07-30T21:17:24+0000 31.2
2016-07-30T21:32:38+0000 30.8
2016-07-30T21:47:52+0000 30.5
2016-07-30T22:03:06+0000 30.1
2016-07-30T22:18:21+0000 29.7
2016-07-30T22:33:35+0000 29.6
2016-07-30T22:48:49+0000 29.3
2016-07-30T23:04:03+0000 28.9
2016-07-30T23:19:17+0000 28.7
2016-07-30T23:34:31+0000 28.5
2016-07-30T23:49:46+0000 28.3
