2016-04-29T00:02:07+0000 9.9
2016-04-29T00:17:22+0000 9.7
2016-04-29T00:32:38+0000 9.6
2016-04-29T00:47:53+0000 9.5
2016-04-29T01:03:08+0000 9.2
2016-04-29T01:18:23+0000 9.0
2016-04-29T01:33:39+0000 8.9
2016-04-29T01:48:54+0000 8.8
2016-04-29T02:04:09+0000 8.7
2016-04-29T02:19:24+0000 8.5
2016-04-29T02:34:40+0000 8.4
2016-04-29T02:49:55+0000 8.2
2016-04-29T03:05:10+0000 8.1
2016-04-29T03:20:25+0000 8.0
2016-04-29T03:35:41+0000 8.0
2016-04-29T03:50:56+0000 7.9
2016-04-29T04:06:11+0000 7.5
2016-04-29T04:21:27+0000 7.6
2016-04-29T04:36:42+0000 7.5
2016-04-29T04:51:57+0000 7.3
2016-04-29T05:07:13+0000 7.2
2016-04-29T05:22:28+0000 7.1
2016-04-29T05:37:44+0000 7.1
2016-04-29T05:52:59+0000 7.1
2016-04-29T06:08:14+0000 7.2
2016-04-29T06:23:30+0000 7.5
2016-04-29T06:38:45+0000 7.5
2016-04-29T06:54:01+0000 8.2
2016-04-29T07:09:16+0000 8.8
2016-04-29T07:24:32+0000 9.4
2016-04-29T07:39:47+0000 9.9
2016-04-29T07:55:02+0000 10.7
2016-04-29T08:10:18+0000 11.4
2016-04-29T08:25:33+0000 12.3
2016-04-29T08:40:48+0000 13.2
2016-04-29T08:56:03+0000 14.1
2016-04-29T09:11:19+0000 14.5
2016-04-29T09:26:34+0000 15.0
2016-04-29T09:41:49+0000 15.3
2016-04-29T09:57:04+0000 15.3
2016-04-29T10:12:19+0000 15.2
2016-04-29T10:27:34+0000 15.3
2016-04-29T10:42:49+0000 15.5
2016-04-29T10:58:04+0000 16.1
2016-04-29T11:13:19+0000 16.5
2016-04-29T11:28:34+0000 16.8
2016-04-29T11:43:49+0000 17.2
2016-04-29T11:59:04+0000 18.0
2016-04-29T12:14:19+0000 18.5
2016-04-29T12:29:34+0000 19.1
2016-04-29T12:44:49+0000 19.8
2016-04-29T13:00:04+0000 20.2
2016-04-29T13:15:18+0000 20.7
2016-04-29T13:30:33+0000 21.1
2016-04-29T13:45:48+0000 22.0
2016-04-29T14:01:03+0000 22.7
2016-04-29T14:16:18+0000 22.6
2016-04-29T14:31:32+0000 23.0
2016-04-29T14:46:47+0000 23.4
2016-04-29T15:02:02+0000 23.3
2016-04-29T15:17:16+0000 23.3
2016-04-29T15:32:31+0000 23.2
2016-04-29T15:47:45+0000 23.0
2016-04-29T16:03:00+0000 22.8
2016-04-29T16:18:15+0000 22.6
2016-04-29T16:33:29+0000 22.3
2016-04-29T16:48:44+0000 22.2
2016-04-29T17:03:58+0000 22.2
2016-04-29T17:19:13+0000 21.9
2016-04-29T17:34:28+0000 21.6
2016-04-29T17:49:42+0000 21.4
2016-04-29T18:04:57+0000 21.1
2016-04-29T18:20:12+0000 20.9
2016-04-29T18:35:26+0000 20.7
2016-04-29T18:50:41+0000 20.3
2016-04-29T19:05:56+0000 20.0
2016-04-29T19:21:11+0000 19.7
2016-04-29T19:36:25+0000 19.1
2016-04-29T19:51:40+0000 18.6
2016-04-29T20:06:55+0000 18.1
2016-04-29T20:22:10+0000 18.1
2016-04-29T20:37:24+0000 17.9
2016-04-29T20:52:39+0000 17.3
2016-04-29T21:07:54+0000 17.1
2016-04-29T21:23:09+0000 16.8
2016-04-29T21:38:24+0000 16.3
2016-04-29T21:53:39+0000 16.1
2016-04-29T22:08:54+0000 15.8
2016-04-29T22:24:09+0000 15.3
2016-04-29T22:39:24+0000 15.1
2016-04-29T22:54:39+0000 14.9
2016-04-29T23:09:54+0000 14.6
2016-04-29T23:25:09+0000 14.2
2016-04-29T23:40:24+0000 14.0
2016-04-29T23:55:39+0000 13.8
