2016-05-05T00:06:59+0000 16.8
2016-05-05T00:22:13+0000 16.5
2016-05-05T00:37:28+0000 16.3
2016-05-05T00:52:43+0000 15.8
2016-05-05T01:07:58+0000 15.5
2016-05-05T01:23:13+0000 15.3
2016-05-05T01:38:28+0000 15.0
2016-05-05T01:53:42+0000 14.8
2016-05-05T02:08:57+0000 14.5
2016-05-05T02:24:12+0000 14.2
2016-05-05T02:39:27+0000 13.9
2016-05-05T02:54:42+0000 13.7
2016-05-05T03:09:57+0000 13.6
2016-05-05T03:25:12+0000 13.3
2016-05-05T03:40:27+0000 13.1
2016-05-05T03:55:42+0000 13.1
2016-05-05T04:10:57+0000 12.9
2016-05-05T04:26:12+0000 12.6
2016-05-05T04:41:27+0000 12.5
2016-05-05T04:56:42+0000 12.3
2016-05-05T05:11:56+0000 12.2
2016-05-05T05:27:12+0000 12.0
2016-05-05T05:42:27+0000 11.9
2016-05-05T05:57:42+0000 11.9
2016-05-05T06:12:57+0000 12.1
2016-05-05T06:28:12+0000 12.1
2016-05-05T06:43:27+0000 12.4
2016-05-05T06:58:42+0000 13.2
2016-05-05T07:13:57+0000 13.8
2016-05-05T07:29:12+0000 14.3
2016-05-05T07:44:27+0000 15.0
2016-05-05T07:59:42+0000 15.7
2016-05-05T08:14:57+0000 16.5
2016-05-05T08:30:12+0000 17.2
2016-05-05T08:45:26+0000 18.1
2016-05-05T09:00:41+0000 18.9
2016-05-05T09:15:56+0000 19.7
2016-05-05T09:31:11+0000 20.5
2016-05-05T09:46:26+0000 21.5
2016-05-05T10:01:40+0000 22.2
2016-05-05T10:16:55+0000 22.7
2016-05-05T10:32:09+0000 23.4
2016-05-05T10:47:24+0000 23.9
2016-05-05T11:02:38+0000 24.4
2016-05-05T11:17:53+0000 25.0
2016-05-05T11:33:07+0000 25.2
2016-05-05T11:48:22+0000 25.9
2016-05-05T12:03:36+0000 26.3
2016-05-05T12:18:51+0000 26.6
2016-05-05T12:34:05+0000 27.0
2016-05-05T12:49:19+0000 27.4
2016-05-05T13:04:33+0000 27.9
2016-05-05T13:19:47+0000 28.3
2016-05-05T13:35:02+0000 28.4
2016-05-05T13:50:16+0000 28.6
2016-05-05T14:05:30+0000 28.5
2016-05-05T14:20:44+0000 28.4
2016-05-05T14:35:58+0000 28.1
2016-05-05T14:51:12+0000 28.1
2016-05-05T15:06:27+0000 27.8
2016-05-05T15:21:41+0000 27.7
2016-05-05T15:36:55+0000 27.7
2016-05-05T15:52:09+0000 27.6
2016-05-05T16:07:23+0000 27.4
2016-05-05T16:22:37+0000 27.2
2016-05-05T16:37:51+0000 26.9
2016-05-05T16:53:06+0000 26.6
2016-05-05T17:08:20+0000 26.4
2016-05-05T17:23:34+0000 26.2
2016-05-05T17:38:48+0000 25.8
2016-05-05T17:54:02+0000 25.6
2016-05-05T18:09:16+0000 25.3
2016-05-05T18:24:31+0000 25.2
2016-05-05T18:39:45+0000 24.9
2016-05-05T18:54:59+0000 24.5
2016-05-05T19:10:13+0000 24.2
2016-05-05T19:25:28+0000 23.8
2016-05-05T19:40:42+0000 23.4
2016-05-05T19:55:56+0000 23.1
2016-05-05T20:11:11+0000 22.7
2016-05-05T20:26:25+0000 22.2
2016-05-05T20:41:40+0000 21.8
2016-05-05T20:56:54+0000 21.5
2016-05-05T21:12:09+0000 21.2
2016-05-05T21:27:23+0000 20.9
2016-05-05T21:42:37+0000 20.7
2016-05-05T21:57:52+0000 20.3
2016-05-05T22:13:07+0000 20.1
2016-05-05T22:28:21+0000 19.8
2016-05-05T22:43:36+0000 19.4
2016-05-05T22:58:50+0000 19.3
2016-05-05T23:14:05+0000 18.9
2016-05-05T23:29:19+0000 18.7
2016-05-05T23:44:34+0000 18.5
2016-05-05T23:59:49+0000 18.2
