2016-08-03T00:13:08+0000 21.1
2016-08-03T00:28:23+0000 21.1
2016-08-03T00:43:37+0000 20.9
2016-08-03T00:58:52+0000 20.9
2016-08-03T01:14:07+0000 20.7
2016-08-03T01:29:21+0000 20.7
2016-08-03T01:44:36+0000 20.5
2016-08-03T01:59:51+0000 20.5
2016-08-03T02:15:06+0000 20.5
2016-08-03T02:30:20+0000 20.4
2016-08-03T02:45:35+0000 20.4
2016-08-03T03:00:50+0000 20.4
2016-08-03T03:16:05+0000 20.3
2016-08-03T03:31:20+0000 20.2
2016-08-03T03:46:34+0000 20.3
2016-08-03T04:01:49+0000 20.3
2016-08-03T04:17:04+0000 20.1
2016-08-03T04:32:19+0000 20.1
2016-08-03T04:47:34+0000 20.1
2016-08-03T05:02:48+0000 20.1
2016-08-03T05:18:03+0000 20.1
2016-08-03T05:33:18+0000 20.1
2016-08-03T05:48:33+0000 20.2
2016-08-03T06:03:48+0000 20.2
2016-08-03T06:19:02+0000 20.3
2016-08-03T06:34:17+0000 20.5
2016-08-03T06:49:32+0000 20.8
2016-08-03T07:04:47+0000 21.1
2016-08-03T07:20:01+0000 21.5
2016-08-03T07:35:16+0000 21.8
2016-08-03T07:50:31+0000 22.3
2016-08-03T08:05:46+0000 22.9
2016-08-03T08:21:00+0000 23.2
2016-08-03T08:36:15+0000 23.7
2016-08-03T08:51:30+0000 24.1
2016-08-03T09:06:44+0000 24.5
2016-08-03T09:21:59+0000 25.2
2016-08-03T09:37:14+0000 26.2
2016-08-03T09:52:28+0000 27.1
2016-08-03T10:07:43+0000 27.8
2016-08-03T10:22:57+0000 27.7
2016-08-03T10:38:12+0000 28.7
2016-08-03T10:53:26+0000 29.1
2016-08-03T11:08:40+0000 29.0
2016-08-03T11:23:55+0000 30.2
2016-08-03T11:39:09+0000 30.1
2016-08-03T11:54:23+0000 29.8
2016-08-03T12:09:38+0000 29.7
2016-08-03T12:24:52+0000 29.2
2016-08-03T12:40:06+0000 29.1
2016-08-03T12:55:21+0000 29.0
2016-08-03T13:10:35+0000 28.9
2016-08-03T13:25:49+0000 29.2
2016-08-03T13:41:03+0000 29.2
2016-08-03T13:56:17+0000 29.5
2016-08-03T14:11:32+0000 29.6
2016-08-03T14:26:46+0000 29.8
2016-08-03T14:42:00+0000 29.8
2016-08-03T14:57:14+0000 29.8
2016-08-03T15:12:28+0000 30.0
2016-08-03T15:27:43+0000 30.2
2016-08-03T15:42:57+0000 30.1
2016-08-03T15:58:11+0000 30.2
2016-08-03T16:13:25+0000 30.3
2016-08-03T16:28:39+0000 30.4
2016-08-03T16:43:53+0000 30.5
2016-08-03T16:59:07+0000 30.3
2016-08-03T17:14:22+0000 30.3
2016-08-03T17:29:36+0000 30.5
2016-08-03T17:44:50+0000 30.5
2016-08-03T18:00:04+0000 30.5
2016-08-03T18:15:18+0000 30.5
2016-08-03T18:30:32+0000 30.3
2016-08-03T18:45:46+0000 30.2
2016-08-03T19:01:00+0000 29.9
2016-08-03T19:16:15+0000 29.6
2016-08-03T19:31:29+0000 29.2
2016-08-03T19:46:43+0000 28.7
2016-08-03T20:01:57+0000 28.4
2016-08-03T20:17:11+0000 28.0
2016-08-03T20:32:26+0000 27.8
2016-08-03T20:47:40+0000 27.4
2016-08-03T21:02:54+0000 27.2
2016-08-03T21:18:09+0000 26.8
2016-08-03T21:33:23+0000 26.6
2016-08-03T21:48:37+0000 26.3
2016-08-03T22:03:52+0000 26.1
2016-08-03T22:19:06+0000 25.9
2016-08-03T22:34:21+0000 25.6
2016-08-03T22:49:35+0000 25.4
2016-08-03T23:04:49+0000 25.1
2016-08-03T23:20:04+0000 25.0
2016-08-03T23:35:18+0000 24.8
2016-08-03T23:50:33+0000 24.5
