2016-03-16T00:14:11+0000 7.8
2016-03-16T00:29:26+0000 7.7
2016-03-16T00:44:42+0000 7.5
2016-03-16T00:59:58+0000 7.6
2016-03-16T01:15:14+0000 7.6
2016-03-16T01:30:29+0000 7.6
2016-03-16T01:45:45+0000 7.6
2016-03-16T02:01:01+0000 7.6
2016-03-16T02:16:16+0000 7.7
2016-03-16T02:31:32+0000 7.6
2016-03-16T02:46:47+0000 7.6
2016-03-16T03:02:03+0000 7.6
2016-03-16T03:17:19+0000 7.4
2016-03-16T03:32:34+0000 7.4
2016-03-16T03:47:50+0000 7.4
2016-03-16T04:03:06+0000 7.2
2016-03-16T04:18:22+0000 7.2
2016-03-16T04:33:37+0000 7.1
2016-03-16T04:48:53+0000 7.2
2016-03-16T05:04:09+0000 7.1
2016-03-16T05:19:25+0000 7.1
2016-03-16T05:34:40+0000 7.2
2016-03-16T05:49:56+0000 7.2
2016-03-16T06:05:12+0000 7.1
2016-03-16T06:20:27+0000 7.1
2016-03-16T06:35:43+0000 7.1
2016-03-16T06:50:59+0000 7.1
2016-03-16T07:06:14+0000 7.2
2016-03-16T07:21:30+0000 7.2
2016-03-16T07:36:46+0000 7.6
2016-03-16T07:52:02+0000 7.6
2016-03-16T08:07:17+0000 7.9
2016-03-16T08:22:33+0000 7.9
2016-03-16T08:37:49+0000 8.4
2016-03-16T08:53:05+0000 9.2
2016-03-16T09:08:21+0000 9.7
2016-03-16T09:23:36+0000 10.1
2016-03-16T09:38:52+0000 10.2
2016-03-16T09:54:08+0000 10.5
2016-03-16T10:09:23+0000 10.5
2016-03-16T10:24:39+0000 10.6
2016-03-16T10:39:54+0000 10.7
2016-03-16T10:55:10+0000 10.7
2016-03-16T11:10:26+0000 10.6
2016-03-16T11:25:42+0000 10.7
2016-03-16T11:40:57+0000 10.7
2016-03-16T11:56:13+0000 10.7
2016-03-16T12:11:29+0000 10.8
2016-03-16T12:26:44+0000 11.1
2016-03-16T12:42:00+0000 11.1
2016-03-16T12:57:16+0000 11.2
2016-03-16T13:12:31+0000 11.5
2016-03-16T13:27:47+0000 11.8
2016-03-16T13:43:02+0000 12.0
2016-03-16T13:58:18+0000 12.0
2016-03-16T14:13:34+0000 12.3
2016-03-16T14:28:49+0000 12.7
2016-03-16T14:44:04+0000 13.0
2016-03-16T14:59:20+0000 13.0
2016-03-16T15:14:35+0000 13.0
2016-03-16T15:29:51+0000 12.9
2016-03-16T15:45:06+0000 12.7
2016-03-16T16:00:22+0000 12.7
2016-03-16T16:15:37+0000 12.7
2016-03-16T16:30:53+0000 12.7
2016-03-16T16:46:09+0000 12.6
2016-03-16T17:01:24+0000 12.6
2016-03-16T17:16:40+0000 12.6
2016-03-16T17:31:55+0000 12.6
2016-03-16T17:47:11+0000 12.5
2016-03-16T18:02:26+0000 12.3
2016-03-16T18:17:42+0000 12.1
2016-03-16T18:32:58+0000 11.9
2016-03-16T18:48:13+0000 11.7
2016-03-16T19:03:29+0000 11.3
2016-03-16T19:18:45+0000 11.0
2016-03-16T19:34:01+0000 10.8
2016-03-16T19:49:16+0000 10.7
2016-03-16T20:04:32+0000 10.5
2016-03-16T20:19:48+0000 10.5
2016-03-16T20:35:03+0000 10.3
2016-03-16T20:50:19+0000 10.1
2016-03-16T21:05:34+0000 9.9
2016-03-16T21:20:50+0000 9.9
2016-03-16T21:36:06+0000 9.6
2016-03-16T21:51:21+0000 9.6
2016-03-16T22:06:37+0000 9.5
2016-03-16T22:21:52+0000 9.4
2016-03-16T22:37:08+0000 9.2
2016-03-16T22:52:24+0000 9.0
2016-03-16T23:07:39+0000 8.8
2016-03-16T23:22:55+0000 8.8
2016-03-16T23:38:11+0000 8.7
2016-03-16T23:53:26+0000 8.4
