2016-03-24T00:13:49+0000 11.7
2016-03-24T00:29:04+0000 11.4
2016-03-24T00:44:20+0000 11.3
2016-03-24T00:59:35+0000 11.2
2016-03-24T01:14:51+0000 11.0
2016-03-24T01:30:06+0000 10.7
2016-03-24T01:45:22+0000 10.7
2016-03-24T02:00:37+0000 10.5
2016-03-24T02:15:53+0000 10.2
2016-03-24T02:31:08+0000 10.2
2016-03-24T02:46:24+0000 10.2
2016-03-24T03:01:39+0000 10.0
2016-03-24T03:16:55+0000 10.0
2016-03-24T03:32:10+0000 9.9
2016-03-24T03:47:26+0000 9.9
2016-03-24T04:02:42+0000 9.9
2016-03-24T04:17:57+0000 9.9
2016-03-24T04:33:13+0000 9.9
2016-03-24T04:48:28+0000 9.9
2016-03-24T05:03:44+0000 9.8
2016-03-24T05:18:59+0000 9.8
2016-03-24T05:34:15+0000 9.8
2016-03-24T05:49:31+0000 9.9
2016-03-24T06:04:46+0000 9.8
2016-03-24T06:20:02+0000 9.8
2016-03-24T06:35:17+0000 9.9
2016-03-24T06:50:33+0000 9.8
2016-03-24T07:05:49+0000 9.9
2016-03-24T07:21:04+0000 9.9
2016-03-24T07:36:20+0000 9.9
2016-03-24T07:51:35+0000 9.9
2016-03-24T08:06:51+0000 10.0
2016-03-24T08:22:07+0000 10.2
2016-03-24T08:37:22+0000 10.3
2016-03-24T08:52:38+0000 10.5
2016-03-24T09:07:53+0000 10.7
2016-03-24T09:23:09+0000 11.1
2016-03-24T09:38:24+0000 11.6
2016-03-24T09:53:40+0000 11.9
2016-03-24T10:08:55+0000 12.8
2016-03-24T10:24:11+0000 13.6
2016-03-24T10:39:26+0000 14.2
2016-03-24T10:54:42+0000 14.7
2016-03-24T11:09:57+0000 15.5
2016-03-24T11:25:12+0000 15.8
2016-03-24T11:40:28+0000 16.6
2016-03-24T11:55:43+0000 16.5
2016-03-24T12:10:58+0000 16.3
2016-03-24T12:26:14+0000 16.4
2016-03-24T12:41:29+0000 16.3
2016-03-24T12:56:44+0000 16.4
2016-03-24T13:12:00+0000 16.2
2016-03-24T13:27:15+0000 16.1
2016-03-24T13:42:30+0000 16.1
2016-03-24T13:57:46+0000 16.1
2016-03-24T14:13:01+0000 16.3
2016-03-24T14:28:16+0000 16.7
2016-03-24T14:43:31+0000 16.9
2016-03-24T14:58:46+0000 16.9
2016-03-24T15:14:02+0000 16.8
2016-03-24T15:29:17+0000 17.0
2016-03-24T15:44:32+0000 17.0
2016-03-24T15:59:47+0000 17.1
2016-03-24T16:15:03+0000 16.9
2016-03-24T16:30:18+0000 16.8
2016-03-24T16:45:33+0000 16.8
2016-03-24T17:00:48+0000 16.7
2016-03-24T17:16:04+0000 16.5
2016-03-24T17:31:19+0000 16.3
2016-03-24T17:46:34+0000 15.8
2016-03-24T18:01:49+0000 15.5
2016-03-24T18:17:05+0000 15.4
2016-03-24T18:32:20+0000 15.3
2016-03-24T18:47:36+0000 15.5
2016-03-24T19:02:51+0000 15.1
2016-03-24T19:18:06+0000 15.2
2016-03-24T19:33:22+0000 14.9
2016-03-24T19:48:37+0000 14.6
2016-03-24T20:03:53+0000 14.5
2016-03-24T20:19:08+0000 14.5
2016-03-24T20:34:23+0000 14.3
2016-03-24T20:49:39+0000 14.1
2016-03-24T21:04:54+0000 13.9
2016-03-24T21:20:10+0000 13.8
2016-03-24T21:35:25+0000 13.6
2016-03-24T21:50:41+0000 13.6
2016-03-24T22:05:56+0000 13.5
2016-03-24T22:21:12+0000 13.5
2016-03-24T22:36:27+0000 13.4
2016-03-24T22:51:43+0000 13.2
2016-03-24T23:06:58+0000 13.2
2016-03-24T23:22:13+0000 13.1
2016-03-24T23:37:29+0000 13.0
2016-03-24T23:52:44+0000 13.0
