2016-02-04T00:04:07+0000 7.0
2016-02-04T00:19:23+0000 6.8
2016-02-04T00:34:39+0000 6.8
2016-02-04T00:49:55+0000 7.1
2016-02-04T01:05:11+0000 7.1
2016-02-04T01:20:27+0000 7.1
2016-02-04T01:35:42+0000 7.2
2016-02-04T01:50:58+0000 7.0
2016-02-04T02:06:14+0000 6.9
2016-02-04T02:21:30+0000 7.1
2016-02-04T02:36:46+0000 7.1
2016-02-04T02:52:02+0000 7.1
2016-02-04T03:07:17+0000 7.2
2016-02-04T03:22:33+0000 6.7
2016-02-04T03:37:49+0000 6.8
2016-02-04T03:53:05+0000 6.5
2016-02-04T04:08:21+0000 6.7
2016-02-04T04:23:37+0000 6.8
2016-02-04T04:38:53+0000 6.7
2016-02-04T04:54:08+0000 6.8
2016-02-04T05:09:24+0000 6.9
2016-02-04T05:24:41+0000 7.0
2016-02-04T05:39:57+0000 7.0
2016-02-04T05:55:13+0000 6.9
2016-02-04T06:10:29+0000 6.8
2016-02-04T06:25:45+0000 6.7
2016-02-04T06:41:01+0000 6.8
2016-02-04T06:56:17+0000 6.7
2016-02-04T07:11:33+0000 6.7
2016-02-04T07:26:49+0000 6.7
2016-02-04T07:42:05+0000 6.4
2016-02-04T07:57:21+0000 6.8
2016-02-04T08:12:37+0000 6.8
2016-02-04T08:27:53+0000 6.7
2016-02-04T08:43:09+0000 6.8
2016-02-04T08:58:25+0000 6.9
2016-02-04T09:13:40+0000 7.0
2016-02-04T09:28:56+0000 7.4
2016-02-04T09:44:12+0000 7.2
2016-02-04T09:59:28+0000 7.2
2016-02-04T10:14:44+0000 7.1
2016-02-04T10:30:00+0000 7.5
2016-02-04T10:45:16+0000 7.6
2016-02-04T11:00:32+0000 7.5
2016-02-04T11:15:48+0000 7.5
2016-02-04T11:31:04+0000 7.9
2016-02-04T11:46:20+0000 7.9
2016-02-04T12:01:36+0000 7.8
2016-02-04T12:16:51+0000 7.9
2016-02-04T12:32:07+0000 7.8
2016-02-04T12:47:23+0000 7.6
2016-02-04T13:02:39+0000 7.8
2016-02-04T13:17:55+0000 7.6
2016-02-04T13:33:11+0000 7.6
2016-02-04T13:48:27+0000 7.8
2016-02-04T14:03:43+0000 8.0
2016-02-04T14:18:59+0000 7.9
2016-02-04T14:34:15+0000 7.5
2016-02-04T14:49:30+0000 7.5
2016-02-04T15:04:46+0000 7.2
2016-02-04T15:20:02+0000 7.4
2016-02-04T15:35:18+0000 7.3
2016-02-04T15:50:34+0000 7.2
2016-02-04T16:05:50+0000 7.5
2016-02-04T16:21:06+0000 7.4
2016-02-04T16:36:22+0000 7.2
2016-02-04T16:51:37+0000 7.4
2016-02-04T17:06:53+0000 7.3
2016-02-04T17:22:09+0000 7.1
2016-02-04T17:37:25+0000 7.2
2016-02-04T17:52:41+0000 7.2
2016-02-04T18:07:57+0000 7.2
2016-02-04T18:23:13+0000 7.1
2016-02-04T18:38:28+0000 7.3
2016-02-04T18:53:44+0000 7.5
2016-02-04T19:09:00+0000 7.3
2016-02-04T19:24:16+0000 7.3
2016-02-04T19:39:32+0000 7.2
2016-02-04T19:54:48+0000 7.5
2016-02-04T20:10:03+0000 7.6
2016-02-04T20:25:19+0000 7.5
2016-02-04T20:40:35+0000 7.4
2016-02-04T20:55:51+0000 7.5
2016-02-04T21:11:06+0000 7.7
2016-02-04T21:26:22+0000 7.7
2016-02-04T21:41:38+0000 8.0
2016-02-04T21:56:54+0000 7.7
2016-02-04T22:12:09+0000 7.8
2016-02-04T22:27:25+0000 8.1
2016-02-04T22:42:41+0000 8.0
2016-02-04T22:57:57+0000 8.1
2016-02-04T23:13:13+0000 8.0
2016-02-04T23:28:29+0000 8.1
2016-02-04T23:43:45+0000 8.2
2016-02-04T23:59:01+0000 8.2
