2015-12-16T00:04:29+0000 9.5
2015-12-16T00:19:45+0000 9.5
2015-12-16T00:35:01+0000 9.5
2015-12-16T00:50:16+0000 9.4
2015-12-16T01:05:32+0000 9.3
2015-12-16T01:20:48+0000 9.3
2015-12-16T01:36:03+0000 9.3
2015-12-16T01:51:19+0000 9.3
2015-12-16T02:06:35+0000 9.3
2015-12-16T02:21:50+0000 9.4
2015-12-16T02:37:06+0000 9.3
2015-12-16T02:52:21+0000 9.3
2015-12-16T03:07:37+0000 9.3
2015-12-16T03:22:53+0000 9.3
2015-12-16T03:38:08+0000 9.3
2015-12-16T03:53:24+0000 9.4
2015-12-16T04:08:40+0000 9.4
2015-12-16T04:23:55+0000 9.3
2015-12-16T04:39:11+0000 9.5
2015-12-16T04:54:26+0000 9.4
2015-12-16T05:09:42+0000 9.4
2015-12-16T05:24:58+0000 9.5
2015-12-16T05:40:13+0000 9.5
2015-12-16T05:55:29+0000 9.5
2015-12-16T06:10:45+0000 9.5
2015-12-16T06:26:01+0000 9.6
2015-12-16T06:41:16+0000 9.5
2015-12-16T06:56:32+0000 9.6
2015-12-16T07:11:48+0000 9.6
2015-12-16T07:27:03+0000 9.7
2015-12-16T07:42:19+0000 9.8
2015-12-16T07:57:35+0000 9.8
2015-12-16T08:12:50+0000 10.0
2015-12-16T08:28:06+0000 9.9
2015-12-16T08:43:22+0000 9.9
2015-12-16T08:58:37+0000 10.0
2015-12-16T09:13:53+0000 10.1
2015-12-16T09:29:09+0000 10.2
2015-12-16T09:44:24+0000 10.2
2015-12-16T09:59:40+0000 10.2
2015-12-16T10:14:56+0000 10.3
2015-12-16T10:30:11+0000 10.4
2015-12-16T10:45:27+0000 10.7
2015-12-16T11:00:43+0000 10.7
2015-12-16T11:15:58+0000 10.7
2015-12-16T11:31:14+0000 10.8
2015-12-16T11:46:30+0000 10.7
2015-12-16T12:01:45+0000 10.8
2015-12-16T12:17:01+0000 11.0
2015-12-16T12:32:16+0000 11.0
2015-12-16T12:47:32+0000 11.1
2015-12-16T13:02:48+0000 11.4
2015-12-16T13:18:03+0000 11.6
2015-12-16T13:33:19+0000 11.6
2015-12-16T13:48:35+0000 11.7
2015-12-16T14:03:50+0000 11.7
2015-12-16T14:19:06+0000 11.8
2015-12-16T14:34:21+0000 11.8
2015-12-16T14:49:37+0000 11.9
2015-12-16T15:04:53+0000 11.9
2015-12-16T15:20:08+0000 12.0
2015-12-16T15:35:24+0000 12.0
2015-12-16T15:50:39+0000 12.1
2015-12-16T16:05:55+0000 12.2
2015-12-16T16:21:10+0000 12.2
2015-12-16T16:36:26+0000 12.2
2015-12-16T16:51:41+0000 12.2
2015-12-16T17:06:57+0000 12.1
2015-12-16T17:22:12+0000 12.2
2015-12-16T17:37:28+0000 12.2
2015-12-16T17:52:44+0000 12.2
2015-12-16T18:07:59+0000 12.3
2015-12-16T18:23:15+0000 12.3
2015-12-16T18:38:30+0000 12.4
2015-12-16T18:53:46+0000 12.3
2015-12-16T19:09:02+0000 12.4
2015-12-16T19:24:17+0000 12.4
2015-12-16T19:39:33+0000 12.4
2015-12-16T19:54:48+0000 12.5
2015-12-16T20:10:04+0000 12.5
2015-12-16T20:25:20+0000 12.5
2015-12-16T20:40:35+0000 12.5
2015-12-16T20:55:51+0000 12.6
2015-12-16T21:11:06+0000 12.6
2015-12-16T21:26:21+0000 12.5
2015-12-16T21:41:37+0000 12.7
2015-12-16T21:56:52+0000 12.7
2015-12-16T22:12:08+0000 12.7
2015-12-16T22:27:24+0000 12.7
2015-12-16T22:42:39+0000 12.8
2015-12-16T22:57:55+0000 12.7
2015-12-16T23:13:11+0000 12.8
2015-12-16T23:28:26+0000 12.8
2015-12-16T23:43:42+0000 12.8
2015-12-16T23:58:57+0000 12.8
