2016-06-20T00:13:02+0000 19.1
2016-06-20T00:28:17+0000 19.0
2016-06-20T00:43:32+0000 18.8
2016-06-20T00:58:47+0000 18.5
2016-06-20T01:14:02+0000 18.5
2016-06-20T01:29:17+0000 18.4
2016-06-20T01:44:32+0000 18.2
2016-06-20T01:59:47+0000 18.0
2016-06-20T02:15:02+0000 17.8
2016-06-20T02:30:17+0000 17.6
2016-06-20T02:45:31+0000 17.5
2016-06-20T03:00:46+0000 17.4
2016-06-20T03:16:01+0000 17.1
2016-06-20T03:31:17+0000 16.9
2016-06-20T03:46:32+0000 16.9
2016-06-20T04:01:47+0000 16.7
2016-06-20T04:17:02+0000 16.5
2016-06-20T04:32:17+0000 16.3
2016-06-20T04:47:32+0000 16.3
2016-06-20T05:02:47+0000 16.2
2016-06-20T05:18:02+0000 16.1
2016-06-20T05:33:17+0000 16.1
2016-06-20T05:48:32+0000 16.1
2016-06-20T06:03:47+0000 16.1
2016-06-20T06:19:02+0000 16.1
2016-06-20T06:34:17+0000 16.3
2016-06-20T06:49:33+0000 16.7
2016-06-20T07:04:48+0000 17.3
2016-06-20T07:20:03+0000 17.8
2016-06-20T07:35:18+0000 18.7
2016-06-20T07:50:33+0000 19.5
2016-06-20T08:05:48+0000 20.4
2016-06-20T08:21:03+0000 21.5
2016-06-20T08:36:17+0000 22.4
2016-06-20T08:51:32+0000 23.0
2016-06-20T09:06:47+0000 23.5
2016-06-20T09:22:02+0000 24.2
2016-06-20T09:37:16+0000 24.3
2016-06-20T09:52:31+0000 25.2
2016-06-20T10:07:46+0000 26.3
2016-06-20T10:23:00+0000 27.2
2016-06-20T10:38:15+0000 28.3
2016-06-20T10:53:29+0000 29.2
2016-06-20T11:08:44+0000 30.2
2016-06-20T11:23:58+0000 30.8
2016-06-20T11:39:12+0000 31.1
2016-06-20T11:54:27+0000 31.4
2016-06-20T12:09:41+0000 31.6
2016-06-20T12:24:55+0000 31.9
2016-06-20T12:40:09+0000 32.4
2016-06-20T12:55:23+0000 32.8
2016-06-20T13:10:37+0000 33.5
2016-06-20T13:25:51+0000 34.0
2016-06-20T13:41:05+0000 33.8
2016-06-20T13:56:19+0000 34.3
2016-06-20T14:11:33+0000 34.6
2016-06-20T14:26:47+0000 34.7
2016-06-20T14:42:01+0000 34.7
2016-06-20T14:57:15+0000 34.3
2016-06-20T15:12:28+0000 34.5
2016-06-20T15:27:42+0000 34.2
2016-06-20T15:42:56+0000 33.7
2016-06-20T15:58:10+0000 33.4
2016-06-20T16:13:24+0000 33.0
2016-06-20T16:28:38+0000 32.8
2016-06-20T16:43:52+0000 32.5
2016-06-20T16:59:06+0000 32.1
2016-06-20T17:14:20+0000 31.6
2016-06-20T17:29:34+0000 31.2
2016-06-20T17:44:48+0000 30.8
2016-06-20T18:00:02+0000 30.5
2016-06-20T18:15:16+0000 30.1
2016-06-20T18:30:30+0000 29.6
2016-06-20T18:45:44+0000 29.3
2016-06-20T19:00:58+0000 29.0
2016-06-20T19:16:12+0000 28.6
2016-06-20T19:31:26+0000 28.5
2016-06-20T19:46:40+0000 28.1
2016-06-20T20:01:55+0000 27.7
2016-06-20T20:17:09+0000 27.1
2016-06-20T20:32:23+0000 26.5
2016-06-20T20:47:37+0000 25.9
2016-06-20T21:02:52+0000 25.8
2016-06-20T21:18:06+0000 25.4
2016-06-20T21:33:21+0000 25.0
2016-06-20T21:48:35+0000 24.8
2016-06-20T22:03:50+0000 24.5
2016-06-20T22:19:04+0000 24.3
2016-06-20T22:34:19+0000 24.1
2016-06-20T22:49:34+0000 23.7
2016-06-20T23:04:48+0000 23.5
2016-06-20T23:20:03+0000 23.3
2016-06-20T23:35:17+0000 23.0
2016-06-20T23:50:32+0000 22.8
