2016-04-20T00:14:37+0000 14.4
2016-04-20T00:29:52+0000 14.0
2016-04-20T00:45:07+0000 13.7
2016-04-20T01:00:22+0000 13.7
2016-04-20T01:15:38+0000 13.3
2016-04-20T01:30:53+0000 13.1
2016-04-20T01:46:08+0000 12.8
2016-04-20T02:01:23+0000 12.7
2016-04-20T02:16:38+0000 12.5
2016-04-20T02:31:54+0000 12.3
2016-04-20T02:47:09+0000 12.0
2016-04-20T03:02:24+0000 11.8
2016-04-20T03:17:39+0000 11.7
2016-04-20T03:32:54+0000 11.6
2016-04-20T03:48:09+0000 11.3
2016-04-20T04:03:25+0000 11.1
2016-04-20T04:18:40+0000 11.0
2016-04-20T04:33:55+0000 10.9
2016-04-20T04:49:10+0000 10.7
2016-04-20T05:04:25+0000 10.6
2016-04-20T05:19:41+0000 10.4
2016-04-20T05:34:56+0000 10.2
2016-04-20T05:50:11+0000 10.3
2016-04-20T06:05:26+0000 10.1
2016-04-20T06:20:42+0000 10.1
2016-04-20T06:35:57+0000 10.2
2016-04-20T06:51:12+0000 10.8
2016-04-20T07:06:27+0000 10.8
2016-04-20T07:21:43+0000 11.4
2016-04-20T07:36:58+0000 12.2
2016-04-20T07:52:13+0000 12.6
2016-04-20T08:07:28+0000 13.2
2016-04-20T08:22:44+0000 14.1
2016-04-20T08:37:59+0000 15.0
2016-04-20T08:53:14+0000 15.8
2016-04-20T09:08:29+0000 16.5
2016-04-20T09:23:44+0000 17.4
2016-04-20T09:38:59+0000 18.1
2016-04-20T09:54:14+0000 19.0
2016-04-20T10:09:29+0000 19.8
2016-04-20T10:24:44+0000 20.5
2016-04-20T10:39:59+0000 21.2
2016-04-20T10:55:14+0000 21.9
2016-04-20T11:10:29+0000 22.5
2016-04-20T11:25:43+0000 22.7
2016-04-20T11:40:58+0000 23.4
2016-04-20T11:56:13+0000 23.9
2016-04-20T12:11:28+0000 24.6
2016-04-20T12:26:42+0000 25.2
2016-04-20T12:41:57+0000 25.6
2016-04-20T12:57:11+0000 26.0
2016-04-20T13:12:26+0000 26.5
2016-04-20T13:27:40+0000 26.7
2016-04-20T13:42:55+0000 27.2
2016-04-20T13:58:09+0000 27.2
2016-04-20T14:13:24+0000 27.5
2016-04-20T14:28:38+0000 27.5
2016-04-20T14:43:52+0000 27.2
2016-04-20T14:59:07+0000 27.2
2016-04-20T15:14:21+0000 27.2
2016-04-20T15:29:36+0000 26.9
2016-04-20T15:44:50+0000 26.8
2016-04-20T16:00:04+0000 26.8
2016-04-20T16:15:19+0000 26.6
2016-04-20T16:30:33+0000 26.4
2016-04-20T16:45:48+0000 26.0
2016-04-20T17:01:02+0000 25.8
2016-04-20T17:16:17+0000 25.5
2016-04-20T17:31:31+0000 25.3
2016-04-20T17:46:46+0000 24.9
2016-04-20T18:02:00+0000 24.5
2016-04-20T18:17:15+0000 24.1
2016-04-20T18:32:29+0000 23.7
2016-04-20T18:47:44+0000 23.2
2016-04-20T19:02:58+0000 22.8
2016-04-20T19:18:13+0000 22.3
2016-04-20T19:33:28+0000 21.9
2016-04-20T19:48:42+0000 21.4
2016-04-20T20:03:57+0000 21.0
2016-04-20T20:19:12+0000 20.6
2016-04-20T20:34:26+0000 20.3
2016-04-20T20:49:41+0000 19.9
2016-04-20T21:04:56+0000 19.5
2016-04-20T21:20:11+0000 19.1
2016-04-20T21:35:26+0000 18.8
2016-04-20T21:50:40+0000 18.4
2016-04-20T22:05:55+0000 18.1
2016-04-20T22:21:10+0000 17.9
2016-04-20T22:36:25+0000 17.5
2016-04-20T22:51:40+0000 17.2
2016-04-20T23:06:55+0000 16.9
2016-04-20T23:22:10+0000 16.6
2016-04-20T23:37:25+0000 16.2
2016-04-20T23:52:40+0000 15.9
