2016-09-12T00:07:46+0000 26.1
2016-09-12T00:23:01+0000 25.9
2016-09-12T00:38:15+0000 25.6
2016-09-12T00:53:30+0000 25.5
2016-09-12T01:08:44+0000 25.2
2016-09-12T01:23:59+0000 25.0
2016-09-12T01:39:14+0000 24.8
2016-09-12T01:54:28+0000 24.6
2016-09-12T02:09:43+0000 24.4
2016-09-12T02:24:58+0000 24.3
2016-09-12T02:40:12+0000 23.9
2016-09-12T02:55:27+0000 23.7
2016-09-12T03:10:42+0000 23.6
2016-09-12T03:25:56+0000 23.4
2016-09-12T03:41:11+0000 23.2
2016-09-12T03:56:26+0000 23.0
2016-09-12T04:11:41+0000 22.9
2016-09-12T04:26:56+0000 22.8
2016-09-12T04:42:10+0000 22.6
2016-09-12T04:57:25+0000 22.5
2016-09-12T05:12:40+0000 22.2
2016-09-12T05:27:55+0000 22.1
2016-09-12T05:43:10+0000 22.0
2016-09-12T05:58:25+0000 21.8
2016-09-12T06:13:39+0000 21.7
2016-09-12T06:28:54+0000 21.6
2016-09-12T06:44:09+0000 21.5
2016-09-12T06:59:24+0000 21.7
2016-09-12T07:14:39+0000 22.1
2016-09-12T07:29:54+0000 22.5
2016-09-12T07:45:09+0000 23.0
2016-09-12T08:00:24+0000 23.6
2016-09-12T08:15:38+0000 24.3
2016-09-12T08:30:53+0000 24.9
2016-09-12T08:46:08+0000 25.6
2016-09-12T09:01:22+0000 26.3
2016-09-12T09:16:37+0000 27.1
2016-09-12T09:31:52+0000 27.9
2016-09-12T09:47:06+0000 28.7
2016-09-12T10:02:21+0000 29.1
2016-09-12T10:17:35+0000 29.9
2016-09-12T10:32:50+0000 30.6
2016-09-12T10:48:04+0000 31.5
2016-09-12T11:03:18+0000 32.2
2016-09-12T11:18:33+0000 33.0
2016-09-12T11:33:47+0000 33.6
2016-09-12T11:49:01+0000 34.3
2016-09-12T12:04:15+0000 35.0
2016-09-12T12:19:29+0000 35.7
2016-09-12T12:34:43+0000 36.2
2016-09-12T12:49:57+0000 36.7
2016-09-12T13:05:11+0000 37.1
2016-09-12T13:20:25+0000 37.4
2016-09-12T13:35:39+0000 37.7
2016-09-12T13:50:52+0000 37.7
2016-09-12T14:06:06+0000 38.1
2016-09-12T14:21:20+0000 38.3
2016-09-12T14:36:33+0000 38.3
2016-09-12T14:51:47+0000 38.1
2016-09-12T15:07:01+0000 38.0
2016-09-12T15:22:14+0000 37.8
2016-09-12T15:37:28+0000 37.6
2016-09-12T15:52:42+0000 37.1
2016-09-12T16:07:55+0000 36.7
2016-09-12T16:23:09+0000 36.1
2016-09-12T16:38:23+0000 35.9
2016-09-12T16:53:36+0000 35.8
2016-09-12T17:08:50+0000 35.7
2016-09-12T17:24:04+0000 35.5
2016-09-12T17:39:18+0000 35.2
2016-09-12T17:54:32+0000 35.0
2016-09-12T18:09:46+0000 34.6
2016-09-12T18:24:59+0000 34.2
2016-09-12T18:40:13+0000 33.8
2016-09-12T18:55:27+0000 33.3
2016-09-12T19:10:41+0000 32.7
2016-09-12T19:25:55+0000 32.3
2016-09-12T19:41:09+0000 31.8
2016-09-12T19:56:23+0000 31.3
2016-09-12T20:11:38+0000 30.9
2016-09-12T20:26:52+0000 30.6
2016-09-12T20:42:06+0000 30.4
2016-09-12T20:57:20+0000 30.0
2016-09-12T21:12:34+0000 29.7
2016-09-12T21:27:49+0000 29.4
2016-09-12T21:43:03+0000 29.0
2016-09-12T21:58:17+0000 28.7
2016-09-12T22:13:32+0000 28.5
2016-09-12T22:28:46+0000 28.2
2016-09-12T22:44:00+0000 27.9
2016-09-12T22:59:15+0000 27.6
2016-09-12T23:14:29+0000 27.4
2016-09-12T23:29:44+0000 27.1
2016-09-12T23:44:58+0000 26.9
