2016-06-14T00:08:30+0000 20.2
2016-06-14T00:23:45+0000 20.1
2016-06-14T00:39:00+0000 20.1
2016-06-14T00:54:14+0000 20.0
2016-06-14T01:09:29+0000 19.8
2016-06-14T01:24:44+0000 19.7
2016-06-14T01:39:59+0000 19.7
2016-06-14T01:55:13+0000 19.5
2016-06-14T02:10:28+0000 19.4
2016-06-14T02:25:43+0000 19.2
2016-06-14T02:40:58+0000 19.1
2016-06-14T02:56:13+0000 19.1
2016-06-14T03:11:28+0000 18.9
2016-06-14T03:26:43+0000 18.9
2016-06-14T03:41:58+0000 18.6
2016-06-14T03:57:13+0000 18.5
2016-06-14T04:12:28+0000 18.4
2016-06-14T04:27:42+0000 18.2
2016-06-14T04:42:57+0000 18.3
2016-06-14T04:58:12+0000 18.1
2016-06-14T05:13:27+0000 18.1
2016-06-14T05:28:42+0000 18.2
2016-06-14T05:43:56+0000 18.1
2016-06-14T05:59:11+0000 18.2
2016-06-14T06:14:26+0000 18.3
2016-06-14T06:29:41+0000 18.5
2016-06-14T06:44:56+0000 18.7
2016-06-14T07:00:11+0000 19.1
2016-06-14T07:15:25+0000 19.7
2016-06-14T07:30:40+0000 19.9
2016-06-14T07:45:55+0000 20.1
2016-06-14T08:01:10+0000 20.3
2016-06-14T08:16:25+0000 20.6
2016-06-14T08:31:39+0000 20.6
2016-06-14T08:46:54+0000 20.8
2016-06-14T09:02:09+0000 21.5
2016-06-14T09:17:24+0000 22.2
2016-06-14T09:32:38+0000 23.1
2016-06-14T09:47:53+0000 23.4
2016-06-14T10:03:07+0000 23.9
2016-06-14T10:18:22+0000 24.2
2016-06-14T10:33:36+0000 24.4
2016-06-14T10:48:51+0000 24.5
2016-06-14T11:04:05+0000 24.5
2016-06-14T11:19:19+0000 24.2
2016-06-14T11:34:34+0000 24.1
2016-06-14T11:49:48+0000 23.9
2016-06-14T12:05:03+0000 24.3
2016-06-14T12:20:17+0000 24.4
2016-06-14T12:35:32+0000 23.5
2016-06-14T12:50:46+0000 23.1
2016-06-14T13:06:00+0000 22.6
2016-06-14T13:21:15+0000 22.3
2016-06-14T13:36:30+0000 22.4
2016-06-14T13:51:44+0000 22.4
2016-06-14T14:06:59+0000 22.4
2016-06-14T14:22:13+0000 22.4
2016-06-14T14:37:28+0000 22.5
2016-06-14T14:52:42+0000 22.6
2016-06-14T15:07:57+0000 22.8
2016-06-14T15:23:11+0000 23.0
2016-06-14T15:38:26+0000 23.2
2016-06-14T15:53:41+0000 23.2
2016-06-14T16:08:55+0000 23.5
2016-06-14T16:24:09+0000 23.4
2016-06-14T16:39:24+0000 23.2
2016-06-14T16:54:39+0000 22.9
2016-06-14T17:09:53+0000 22.6
2016-06-14T17:25:07+0000 22.2
2016-06-14T17:40:22+0000 21.8
2016-06-14T17:55:36+0000 21.7
2016-06-14T18:10:51+0000 21.5
2016-06-14T18:26:06+0000 21.1
2016-06-14T18:41:20+0000 20.9
2016-06-14T18:56:35+0000 20.7
2016-06-14T19:11:49+0000 20.5
2016-06-14T19:27:04+0000 20.4
2016-06-14T19:42:19+0000 20.2
2016-06-14T19:57:33+0000 20.0
2016-06-14T20:12:48+0000 19.9
2016-06-14T20:28:03+0000 19.7
2016-06-14T20:43:17+0000 19.6
2016-06-14T20:58:32+0000 19.5
2016-06-14T21:13:46+0000 19.3
2016-06-14T21:29:01+0000 19.2
2016-06-14T21:44:16+0000 19.0
2016-06-14T21:59:30+0000 18.9
2016-06-14T22:14:45+0000 18.7
2016-06-14T22:30:00+0000 18.7
2016-06-14T22:45:15+0000 18.7
2016-06-14T23:00:29+0000 18.4
2016-06-14T23:15:44+0000 18.3
2016-06-14T23:30:59+0000 18.1
2016-06-14T23:46:14+0000 18.0
