2016-03-09T00:06:42+0000 6.9
2016-03-09T00:21:57+0000 6.7
2016-03-09T00:37:13+0000 6.5
2016-03-09T00:52:29+0000 6.5
2016-03-09T01:07:45+0000 6.3
2016-03-09T01:23:01+0000 6.2
2016-03-09T01:38:17+0000 5.9
2016-03-09T01:53:32+0000 5.9
2016-03-09T02:08:48+0000 5.8
2016-03-09T02:24:04+0000 5.7
2016-03-09T02:39:20+0000 5.4
2016-03-09T02:54:36+0000 5.3
2016-03-09T03:09:52+0000 5.3
2016-03-09T03:25:07+0000 5.1
2016-03-09T03:40:23+0000 5.1
2016-03-09T03:55:39+0000 4.9
2016-03-09T04:10:55+0000 4.8
2016-03-09T04:26:11+0000 4.7
2016-03-09T04:41:27+0000 4.6
2016-03-09T04:56:43+0000 4.5
2016-03-09T05:11:58+0000 4.5
2016-03-09T05:27:14+0000 4.3
2016-03-09T05:42:30+0000 4.4
2016-03-09T05:57:46+0000 4.3
2016-03-09T06:13:02+0000 4.1
2016-03-09T06:28:18+0000 4.1
2016-03-09T06:43:34+0000 4.0
2016-03-09T06:58:50+0000 4.0
2016-03-09T07:14:05+0000 3.9
2016-03-09T07:29:21+0000 4.0
2016-03-09T07:44:37+0000 4.5
2016-03-09T07:59:53+0000 4.7
2016-03-09T08:15:09+0000 4.8
2016-03-09T08:30:25+0000 5.2
2016-03-09T08:45:41+0000 6.0
2016-03-09T09:00:57+0000 6.7
2016-03-09T09:16:13+0000 7.4
2016-03-09T09:31:28+0000 8.0
2016-03-09T09:46:44+0000 8.8
2016-03-09T10:02:00+0000 9.4
2016-03-09T10:17:16+0000 10.0
2016-03-09T10:32:31+0000 10.5
2016-03-09T10:47:47+0000 10.9
2016-03-09T11:03:03+0000 11.4
2016-03-09T11:18:18+0000 11.7
2016-03-09T11:33:34+0000 11.9
2016-03-09T11:48:50+0000 12.3
2016-03-09T12:04:06+0000 12.8
2016-03-09T12:19:21+0000 13.4
2016-03-09T12:34:37+0000 13.1
2016-03-09T12:49:52+0000 13.4
2016-03-09T13:05:08+0000 13.7
2016-03-09T13:20:23+0000 13.8
2016-03-09T13:35:39+0000 14.0
2016-03-09T13:50:54+0000 14.0
2016-03-09T14:06:10+0000 14.1
2016-03-09T14:21:25+0000 14.0
2016-03-09T14:36:41+0000 13.9
2016-03-09T14:51:56+0000 13.7
2016-03-09T15:07:12+0000 13.6
2016-03-09T15:22:27+0000 13.6
2016-03-09T15:37:43+0000 13.4
2016-03-09T15:52:58+0000 13.0
2016-03-09T16:08:14+0000 12.8
2016-03-09T16:23:29+0000 12.6
2016-03-09T16:38:45+0000 12.5
2016-03-09T16:54:00+0000 12.3
2016-03-09T17:09:16+0000 12.1
2016-03-09T17:24:32+0000 11.8
2016-03-09T17:39:47+0000 11.4
2016-03-09T17:55:03+0000 11.3
2016-03-09T18:10:18+0000 10.9
2016-03-09T18:25:34+0000 10.6
2016-03-09T18:40:49+0000 10.2
2016-03-09T18:56:05+0000 10.0
2016-03-09T19:11:21+0000 9.9
2016-03-09T19:26:36+0000 9.7
2016-03-09T19:41:52+0000 9.5
2016-03-09T19:57:07+0000 9.3
2016-03-09T20:12:23+0000 9.1
2016-03-09T20:27:39+0000 9.0
2016-03-09T20:42:54+0000 8.8
2016-03-09T20:58:10+0000 8.6
2016-03-09T21:13:26+0000 8.5
2016-03-09T21:28:41+0000 8.2
2016-03-09T21:43:57+0000 8.1
2016-03-09T21:59:13+0000 7.9
2016-03-09T22:14:29+0000 7.9
2016-03-09T22:29:45+0000 7.6
2016-03-09T22:45:00+0000 7.6
2016-03-09T23:00:16+0000 7.4
2016-03-09T23:15:32+0000 7.3
2016-03-09T23:30:48+0000 7.2
2016-03-09T23:46:03+0000 6.9
