2016-03-13T00:00:07+0000 9.7
2016-03-13T00:15:23+0000 9.6
2016-03-13T00:30:39+0000 9.5
2016-03-13T00:45:54+0000 9.4
2016-03-13T01:01:10+0000 9.3
2016-03-13T01:16:26+0000 9.3
2016-03-13T01:31:41+0000 9.3
2016-03-13T01:46:57+0000 9.3
2016-03-13T02:02:12+0000 9.2
2016-03-13T02:17:28+0000 9.1
2016-03-13T02:32:44+0000 9.1
2016-03-13T02:48:00+0000 9.1
2016-03-13T03:03:15+0000 9.1
2016-03-13T03:18:31+0000 9.0
2016-03-13T03:33:47+0000 9.1
2016-03-13T03:49:03+0000 9.1
2016-03-13T04:04:19+0000 9.0
2016-03-13T04:19:34+0000 9.0
2016-03-13T04:34:50+0000 9.0
2016-03-13T04:50:06+0000 8.9
2016-03-13T05:05:21+0000 8.9
2016-03-13T05:20:37+0000 8.9
2016-03-13T05:35:53+0000 8.8
2016-03-13T05:51:09+0000 9.0
2016-03-13T06:06:24+0000 8.9
2016-03-13T06:21:40+0000 8.9
2016-03-13T06:36:56+0000 9.0
2016-03-13T06:52:12+0000 9.0
2016-03-13T07:07:27+0000 8.9
2016-03-13T07:22:43+0000 8.9
2016-03-13T07:37:59+0000 9.0
2016-03-13T07:53:15+0000 9.0
2016-03-13T08:08:30+0000 9.1
2016-03-13T08:23:46+0000 9.2
2016-03-13T08:39:02+0000 9.1
2016-03-13T08:54:17+0000 9.5
2016-03-13T09:09:33+0000 9.8
2016-03-13T09:24:48+0000 10.0
2016-03-13T09:40:04+0000 10.2
2016-03-13T09:55:20+0000 10.3
2016-03-13T10:10:35+0000 10.4
2016-03-13T10:25:51+0000 10.7
2016-03-13T10:41:07+0000 11.0
2016-03-13T10:56:22+0000 11.3
2016-03-13T11:11:38+0000 11.5
2016-03-13T11:26:54+0000 11.5
2016-03-13T11:42:09+0000 11.8
2016-03-13T11:57:25+0000 12.0
2016-03-13T12:12:41+0000 12.0
2016-03-13T12:27:56+0000 12.1
2016-03-13T12:43:12+0000 12.6
2016-03-13T12:58:27+0000 12.6
2016-03-13T13:13:43+0000 12.7
2016-03-13T13:28:58+0000 12.6
2016-03-13T13:44:14+0000 12.6
2016-03-13T13:59:29+0000 12.8
2016-03-13T14:14:45+0000 13.1
2016-03-13T14:30:00+0000 13.5
2016-03-13T14:45:16+0000 13.7
2016-03-13T15:00:31+0000 13.9
2016-03-13T15:15:47+0000 13.9
2016-03-13T15:31:02+0000 13.7
2016-03-13T15:46:18+0000 13.6
2016-03-13T16:01:33+0000 13.6
2016-03-13T16:16:49+0000 13.7
2016-03-13T16:32:04+0000 13.6
2016-03-13T16:47:20+0000 13.5
2016-03-13T17:02:35+0000 13.3
2016-03-13T17:17:51+0000 13.0
2016-03-13T17:33:06+0000 12.9
2016-03-13T17:48:22+0000 12.9
2016-03-13T18:03:37+0000 12.7
2016-03-13T18:18:53+0000 12.6
2016-03-13T18:34:08+0000 12.4
2016-03-13T18:49:24+0000 12.1
2016-03-13T19:04:40+0000 11.8
2016-03-13T19:19:55+0000 11.6
2016-03-13T19:35:11+0000 11.6
2016-03-13T19:50:26+0000 11.5
2016-03-13T20:05:42+0000 11.2
2016-03-13T20:20:57+0000 11.0
2016-03-13T20:36:13+0000 10.8
2016-03-13T20:51:28+0000 10.7
2016-03-13T21:06:44+0000 10.6
2016-03-13T21:21:59+0000 10.6
2016-03-13T21:37:15+0000 10.5
2016-03-13T21:52:31+0000 10.2
2016-03-13T22:07:46+0000 10.2
2016-03-13T22:23:02+0000 10.1
2016-03-13T22:38:18+0000 10.0
2016-03-13T22:53:33+0000 9.9
2016-03-13T23:08:49+0000 9.7
2016-03-13T23:24:04+0000 9.7
2016-03-13T23:39:20+0000 9.6
2016-03-13T23:54:36+0000 9.6
