2016-02-09T00:08:19+0000 9.4
2016-02-09T00:23:35+0000 9.3
2016-02-09T00:38:51+0000 9.3
2016-02-09T00:54:06+0000 9.4
2016-02-09T01:09:22+0000 9.5
2016-02-09T01:24:38+0000 9.4
2016-02-09T01:39:54+0000 9.5
2016-02-09T01:55:10+0000 9.6
2016-02-09T02:10:26+0000 9.5
2016-02-09T02:25:41+0000 9.4
2016-02-09T02:40:57+0000 9.5
2016-02-09T02:56:13+0000 9.4
2016-02-09T03:11:29+0000 9.5
2016-02-09T03:26:45+0000 9.3
2016-02-09T03:42:00+0000 9.5
2016-02-09T03:57:16+0000 9.5
2016-02-09T04:12:32+0000 9.5
2016-02-09T04:27:48+0000 9.5
2016-02-09T04:43:04+0000 9.5
2016-02-09T04:58:19+0000 9.5
2016-02-09T05:13:35+0000 9.4
2016-02-09T05:28:51+0000 9.4
2016-02-09T05:44:07+0000 9.2
2016-02-09T05:59:23+0000 9.3
2016-02-09T06:14:39+0000 9.4
2016-02-09T06:29:54+0000 9.1
2016-02-09T06:45:10+0000 9.2
2016-02-09T07:00:26+0000 9.3
2016-02-09T07:15:42+0000 9.3
2016-02-09T07:30:57+0000 9.3
2016-02-09T07:46:13+0000 9.4
2016-02-09T08:01:29+0000 9.4
2016-02-09T08:16:45+0000 9.5
2016-02-09T08:32:00+0000 9.5
2016-02-09T08:47:16+0000 9.5
2016-02-09T09:02:32+0000 9.7
2016-02-09T09:17:48+0000 9.8
2016-02-09T09:33:04+0000 9.9
2016-02-09T09:48:19+0000 9.9
2016-02-09T10:03:35+0000 10.0
2016-02-09T10:18:51+0000 10.0
2016-02-09T10:34:07+0000 10.2
2016-02-09T10:49:23+0000 10.3
2016-02-09T11:04:38+0000 10.5
2016-02-09T11:19:54+0000 10.6
2016-02-09T11:35:10+0000 10.8
2016-02-09T11:50:26+0000 10.8
2016-02-09T12:05:41+0000 11.1
2016-02-09T12:20:57+0000 11.1
2016-02-09T12:36:13+0000 11.1
2016-02-09T12:51:29+0000 11.3
2016-02-09T13:06:44+0000 11.2
2016-02-09T13:22:00+0000 11.1
2016-02-09T13:37:16+0000 11.1
2016-02-09T13:52:32+0000 11.3
2016-02-09T14:07:47+0000 11.3
2016-02-09T14:23:03+0000 11.3
2016-02-09T14:38:19+0000 11.4
2016-02-09T14:53:35+0000 11.7
2016-02-09T15:08:50+0000 11.7
2016-02-09T15:24:06+0000 11.8
2016-02-09T15:39:22+0000 11.8
2016-02-09T15:54:38+0000 12.0
2016-02-09T16:09:53+0000 12.0
2016-02-09T16:25:09+0000 12.2
2016-02-09T16:40:25+0000 12.2
2016-02-09T16:55:41+0000 12.2
2016-02-09T17:10:56+0000 12.0
2016-02-09T17:26:12+0000 11.9
2016-02-09T17:41:28+0000 11.8
2016-02-09T17:56:44+0000 11.3
2016-02-09T18:12:00+0000 11.1
2016-02-09T18:27:16+0000 11.2
2016-02-09T18:42:31+0000 10.8
2016-02-09T18:57:47+0000 11.0
2016-02-09T19:13:03+0000 10.9
2016-02-09T19:28:19+0000 10.7
2016-02-09T19:43:34+0000 10.4
2016-02-09T19:58:50+0000 10.1
2016-02-09T20:14:06+0000 10.0
2016-02-09T20:29:22+0000 9.9
2016-02-09T20:44:38+0000 9.5
2016-02-09T20:59:54+0000 9.9
2016-02-09T21:15:10+0000 9.5
2016-02-09T21:30:25+0000 9.3
2016-02-09T21:45:41+0000 9.5
2016-02-09T22:00:57+0000 9.3
2016-02-09T22:16:13+0000 9.3
2016-02-09T22:31:29+0000 9.2
2016-02-09T22:46:44+0000 9.0
2016-02-09T23:02:00+0000 9.0
2016-02-09T23:17:16+0000 9.0
2016-02-09T23:32:32+0000 8.6
2016-02-09T23:47:48+0000 8.7
