2016-03-20T00:06:46+0000 10.7
2016-03-20T00:22:02+0000 10.6
2016-03-20T00:37:17+0000 10.7
2016-03-20T00:52:33+0000 10.6
2016-03-20T01:07:49+0000 10.6
2016-03-20T01:23:04+0000 10.5
2016-03-20T01:38:20+0000 10.5
2016-03-20T01:53:35+0000 10.5
2016-03-20T02:08:51+0000 10.3
2016-03-20T02:24:07+0000 10.3
2016-03-20T02:39:22+0000 10.2
2016-03-20T02:54:38+0000 10.2
2016-03-20T03:09:53+0000 10.2
2016-03-20T03:25:09+0000 10.2
2016-03-20T03:40:24+0000 10.1
2016-03-20T03:55:40+0000 10.1
2016-03-20T04:10:56+0000 10.1
2016-03-20T04:26:11+0000 10.0
2016-03-20T04:41:27+0000 10.1
2016-03-20T04:56:43+0000 10.0
2016-03-20T05:11:58+0000 9.8
2016-03-20T05:27:14+0000 9.9
2016-03-20T05:42:30+0000 9.9
2016-03-20T05:57:45+0000 9.7
2016-03-20T06:13:01+0000 9.7
2016-03-20T06:28:16+0000 9.6
2016-03-20T06:43:32+0000 9.7
2016-03-20T06:58:48+0000 9.7
2016-03-20T07:14:03+0000 9.6
2016-03-20T07:29:19+0000 9.8
2016-03-20T07:44:34+0000 9.8
2016-03-20T07:59:50+0000 9.9
2016-03-20T08:15:05+0000 10.1
2016-03-20T08:30:21+0000 10.4
2016-03-20T08:45:37+0000 10.7
2016-03-20T09:00:52+0000 10.8
2016-03-20T09:16:08+0000 11.2
2016-03-20T09:31:23+0000 11.6
2016-03-20T09:46:39+0000 11.8
2016-03-20T10:01:54+0000 12.2
2016-03-20T10:17:10+0000 12.5
2016-03-20T10:32:25+0000 12.7
2016-03-20T10:47:41+0000 12.9
2016-03-20T11:02:56+0000 13.5
2016-03-20T11:18:12+0000 14.1
2016-03-20T11:33:27+0000 15.2
2016-03-20T11:48:43+0000 16.0
2016-03-20T12:03:58+0000 16.8
2016-03-20T12:19:13+0000 17.5
2016-03-20T12:34:29+0000 17.7
2016-03-20T12:49:44+0000 18.1
2016-03-20T13:04:59+0000 18.6
2016-03-20T13:20:14+0000 18.8
2016-03-20T13:35:30+0000 18.9
2016-03-20T13:50:45+0000 18.7
2016-03-20T14:06:00+0000 18.7
2016-03-20T14:21:15+0000 18.5
2016-03-20T14:36:30+0000 18.3
2016-03-20T14:51:46+0000 18.5
2016-03-20T15:07:01+0000 18.2
2016-03-20T15:22:16+0000 18.1
2016-03-20T15:37:32+0000 17.9
2016-03-20T15:52:47+0000 17.5
2016-03-20T16:08:02+0000 17.2
2016-03-20T16:23:18+0000 16.8
2016-03-20T16:38:33+0000 16.6
2016-03-20T16:53:48+0000 16.3
2016-03-20T17:09:03+0000 16.1
2016-03-20T17:24:19+0000 15.9
2016-03-20T17:39:34+0000 15.6
2016-03-20T17:54:49+0000 15.3
2016-03-20T18:10:05+0000 15.1
2016-03-20T18:25:20+0000 14.8
2016-03-20T18:40:35+0000 14.7
2016-03-20T18:55:51+0000 14.5
2016-03-20T19:11:06+0000 14.3
2016-03-20T19:26:21+0000 14.4
2016-03-20T19:41:37+0000 14.0
2016-03-20T19:56:52+0000 13.7
2016-03-20T20:12:08+0000 13.7
2016-03-20T20:27:23+0000 13.5
2016-03-20T20:42:39+0000 13.4
2016-03-20T20:57:54+0000 13.2
2016-03-20T21:13:09+0000 13.1
2016-03-20T21:28:25+0000 13.0
2016-03-20T21:43:40+0000 12.8
2016-03-20T21:58:56+0000 12.7
2016-03-20T22:14:11+0000 12.6
2016-03-20T22:29:27+0000 12.6
2016-03-20T22:44:42+0000 12.5
2016-03-20T22:59:58+0000 12.4
2016-03-20T23:15:13+0000 12.3
2016-03-20T23:30:29+0000 12.1
2016-03-20T23:45:44+0000 12.1
