2016-07-16T00:03:33+0000 21.0
2016-07-16T00:18:48+0000 20.8
2016-07-16T00:34:03+0000 20.5
2016-07-16T00:49:18+0000 20.2
2016-07-16T01:04:33+0000 20.0
2016-07-16T01:19:48+0000 19.7
2016-07-16T01:35:03+0000 19.5
2016-07-16T01:50:18+0000 19.2
2016-07-16T02:05:33+0000 19.1
2016-07-16T02:20:48+0000 18.9
2016-07-16T02:36:03+0000 18.7
2016-07-16T02:51:18+0000 18.5
2016-07-16T03:06:33+0000 18.2
2016-07-16T03:21:48+0000 18.0
2016-07-16T03:37:04+0000 17.9
2016-07-16T03:52:19+0000 17.6
2016-07-16T04:07:34+0000 17.5
2016-07-16T04:22:49+0000 17.4
2016-07-16T04:38:04+0000 17.3
2016-07-16T04:53:19+0000 17.1
2016-07-16T05:08:34+0000 16.9
2016-07-16T05:23:49+0000 16.9
2016-07-16T05:39:05+0000 16.9
2016-07-16T05:54:20+0000 16.8
2016-07-16T06:09:35+0000 16.9
2016-07-16T06:24:50+0000 16.9
2016-07-16T06:40:05+0000 17.2
2016-07-16T06:55:20+0000 17.5
2016-07-16T07:10:35+0000 17.9
2016-07-16T07:25:50+0000 18.6
2016-07-16T07:41:06+0000 19.4
2016-07-16T07:56:21+0000 20.1
2016-07-16T08:11:36+0000 21.0
2016-07-16T08:26:51+0000 21.9
2016-07-16T08:42:06+0000 22.9
2016-07-16T08:57:21+0000 23.7
2016-07-16T09:12:35+0000 24.5
2016-07-16T09:27:50+0000 25.5
2016-07-16T09:43:05+0000 26.3
2016-07-16T09:58:20+0000 26.9
2016-07-16T10:13:34+0000 27.7
2016-07-16T10:28:49+0000 28.3
2016-07-16T10:44:04+0000 28.9
2016-07-16T10:59:18+0000 29.6
2016-07-16T11:14:33+0000 30.1
2016-07-16T11:29:47+0000 30.4
2016-07-16T11:45:01+0000 30.9
2016-07-16T12:00:16+0000 31.2
2016-07-16T12:15:30+0000 32.2
2016-07-16T12:30:44+0000 32.7
2016-07-16T12:45:58+0000 33.0
2016-07-16T13:01:12+0000 33.7
2016-07-16T13:16:27+0000 34.5
2016-07-16T13:31:41+0000 34.9
2016-07-16T13:46:54+0000 35.2
2016-07-16T14:02:08+0000 35.7
2016-07-16T14:17:22+0000 36.2
2016-07-16T14:32:36+0000 36.3
2016-07-16T14:47:50+0000 36.6
2016-07-16T15:03:04+0000 36.5
2016-07-16T15:18:17+0000 36.3
2016-07-16T15:33:31+0000 36.2
2016-07-16T15:48:45+0000 35.8
2016-07-16T16:03:59+0000 35.4
2016-07-16T16:19:12+0000 35.0
2016-07-16T16:34:26+0000 34.8
2016-07-16T16:49:40+0000 34.7
2016-07-16T17:04:54+0000 34.4
2016-07-16T17:20:08+0000 33.9
2016-07-16T17:35:22+0000 33.6
2016-07-16T17:50:36+0000 33.1
2016-07-16T18:05:50+0000 32.7
2016-07-16T18:21:04+0000 32.3
2016-07-16T18:36:18+0000 32.0
2016-07-16T18:51:32+0000 31.7
2016-07-16T19:06:46+0000 31.4
2016-07-16T19:22:00+0000 31.0
2016-07-16T19:37:14+0000 30.6
2016-07-16T19:52:28+0000 30.2
2016-07-16T20:07:42+0000 29.9
2016-07-16T20:22:56+0000 29.6
2016-07-16T20:38:11+0000 29.3
2016-07-16T20:53:25+0000 29.0
2016-07-16T21:08:39+0000 28.7
2016-07-16T21:23:53+0000 28.4
2016-07-16T21:39:08+0000 28.1
2016-07-16T21:54:22+0000 27.9
2016-07-16T22:09:37+0000 27.6
2016-07-16T22:24:51+0000 27.4
2016-07-16T22:40:05+0000 27.1
2016-07-16T22:55:20+0000 26.9
2016-07-16T23:10:34+0000 26.7
2016-07-16T23:25:49+0000 26.5
2016-07-16T23:41:03+0000 26.4
2016-07-16T23:56:18+0000 26.2
