2015-12-27T00:09:52+0000 10.1
2015-12-27T00:25:08+0000 9.9
2015-12-27T00:40:24+0000 9.8
2015-12-27T00:55:39+0000 9.7
2015-12-27T01:10:55+0000 9.5
2015-12-27T01:26:10+0000 9.4
2015-12-27T01:41:26+0000 9.3
2015-12-27T01:56:42+0000 9.2
2015-12-27T02:11:57+0000 9.0
2015-12-27T02:27:13+0000 8.9
2015-12-27T02:42:29+0000 8.8
2015-12-27T02:57:44+0000 8.7
2015-12-27T03:13:00+0000 8.6
2015-12-27T03:28:16+0000 8.5
2015-12-27T03:43:31+0000 8.3
2015-12-27T03:58:47+0000 8.1
2015-12-27T04:14:03+0000 8.1
2015-12-27T04:29:18+0000 8.1
2015-12-27T04:44:34+0000 8.0
2015-12-27T04:59:50+0000 7.9
2015-12-27T05:15:05+0000 8.0
2015-12-27T05:30:21+0000 7.8
2015-12-27T05:45:37+0000 7.8
2015-12-27T06:00:53+0000 7.7
2015-12-27T06:16:08+0000 7.6
2015-12-27T06:31:24+0000 7.6
2015-12-27T06:46:40+0000 7.5
2015-12-27T07:01:56+0000 7.5
2015-12-27T07:17:11+0000 7.3
2015-12-27T07:32:27+0000 7.3
2015-12-27T07:47:43+0000 7.2
2015-12-27T08:02:59+0000 7.2
2015-12-27T08:18:15+0000 7.1
2015-12-27T08:33:30+0000 7.1
2015-12-27T08:48:46+0000 7.1
2015-12-27T09:04:02+0000 7.2
2015-12-27T09:19:18+0000 7.4
2015-12-27T09:34:34+0000 7.5
2015-12-27T09:49:49+0000 8.1
2015-12-27T10:05:05+0000 8.8
2015-12-27T10:20:21+0000 9.1
2015-12-27T10:35:37+0000 9.7
2015-12-27T10:50:53+0000 10.2
2015-12-27T11:06:08+0000 10.7
2015-12-27T11:21:24+0000 11.3
2015-12-27T11:36:40+0000 11.1
2015-12-27T11:51:56+0000 11.4
2015-12-27T12:07:11+0000 11.7
2015-12-27T12:22:27+0000 12.1
2015-12-27T12:37:42+0000 12.4
2015-12-27T12:52:58+0000 12.6
2015-12-27T13:08:14+0000 12.9
2015-12-27T13:23:29+0000 12.9
2015-12-27T13:38:45+0000 13.0
2015-12-27T13:54:00+0000 13.0
2015-12-27T14:09:16+0000 12.9
2015-12-27T14:24:31+0000 13.0
2015-12-27T14:39:47+0000 13.1
2015-12-27T14:55:03+0000 13.3
2015-12-27T15:10:18+0000 13.3
2015-12-27T15:25:34+0000 13.3
2015-12-27T15:40:49+0000 13.2
2015-12-27T15:56:05+0000 13.2
2015-12-27T16:11:20+0000 13.1
2015-12-27T16:26:36+0000 12.9
2015-12-27T16:41:51+0000 12.6
2015-12-27T16:57:07+0000 12.5
2015-12-27T17:12:22+0000 12.3
2015-12-27T17:27:38+0000 12.0
2015-12-27T17:42:53+0000 12.1
2015-12-27T17:58:09+0000 11.8
2015-12-27T18:13:24+0000 11.7
2015-12-27T18:28:40+0000 11.4
2015-12-27T18:43:55+0000 11.3
2015-12-27T18:59:11+0000 11.1
2015-12-27T19:14:27+0000 10.9
2015-12-27T19:29:42+0000 10.7
2015-12-27T19:44:58+0000 10.7
2015-12-27T20:00:13+0000 10.6
2015-12-27T20:15:29+0000 10.3
2015-12-27T20:30:45+0000 10.2
2015-12-27T20:46:00+0000 10.0
2015-12-27T21:01:16+0000 9.9
2015-12-27T21:16:31+0000 9.7
2015-12-27T21:31:47+0000 9.6
2015-12-27T21:47:03+0000 9.5
2015-12-27T22:02:18+0000 9.3
2015-12-27T22:17:34+0000 9.2
2015-12-27T22:32:50+0000 9.2
2015-12-27T22:48:05+0000 8.9
2015-12-27T23:03:21+0000 8.8
2015-12-27T23:18:37+0000 8.6
2015-12-27T23:33:52+0000 8.5
2015-12-27T23:49:08+0000 8.3
