2016-05-20T00:11:26+0000 16.4
2016-05-20T00:26:41+0000 16.2
2016-05-20T00:41:56+0000 15.9
2016-05-20T00:57:11+0000 15.8
2016-05-20T01:12:26+0000 15.7
2016-05-20T01:27:41+0000 15.5
2016-05-20T01:42:56+0000 15.3
2016-05-20T01:58:11+0000 15.0
2016-05-20T02:13:26+0000 15.0
2016-05-20T02:28:41+0000 14.7
2016-05-20T02:43:56+0000 14.6
2016-05-20T02:59:11+0000 14.4
2016-05-20T03:14:26+0000 14.2
2016-05-20T03:29:41+0000 14.2
2016-05-20T03:44:56+0000 13.9
2016-05-20T04:00:11+0000 13.8
2016-05-20T04:15:26+0000 13.7
2016-05-20T04:30:41+0000 13.6
2016-05-20T04:45:56+0000 13.5
2016-05-20T05:01:12+0000 13.4
2016-05-20T05:16:27+0000 13.3
2016-05-20T05:31:42+0000 13.2
2016-05-20T05:46:57+0000 13.2
2016-05-20T06:02:12+0000 13.1
2016-05-20T06:17:27+0000 13.2
2016-05-20T06:32:42+0000 13.6
2016-05-20T06:47:57+0000 14.2
2016-05-20T07:03:13+0000 14.7
2016-05-20T07:18:28+0000 15.2
2016-05-20T07:33:43+0000 16.0
2016-05-20T07:48:58+0000 16.7
2016-05-20T08:04:13+0000 17.4
2016-05-20T08:19:28+0000 18.0
2016-05-20T08:34:43+0000 18.5
2016-05-20T08:49:58+0000 19.4
2016-05-20T09:05:13+0000 20.1
2016-05-20T09:20:28+0000 21.0
2016-05-20T09:35:43+0000 21.6
2016-05-20T09:50:57+0000 22.2
2016-05-20T10:06:12+0000 23.2
2016-05-20T10:21:27+0000 23.7
2016-05-20T10:36:42+0000 24.6
2016-05-20T10:51:56+0000 25.4
2016-05-20T11:07:11+0000 26.2
2016-05-20T11:22:25+0000 26.5
2016-05-20T11:37:40+0000 26.6
2016-05-20T11:52:54+0000 27.0
2016-05-20T12:08:09+0000 27.1
2016-05-20T12:23:23+0000 27.5
2016-05-20T12:38:38+0000 27.9
2016-05-20T12:53:52+0000 28.2
2016-05-20T13:09:06+0000 28.4
2016-05-20T13:24:21+0000 28.7
2016-05-20T13:39:35+0000 28.7
2016-05-20T13:54:49+0000 28.8
2016-05-20T14:10:03+0000 29.0
2016-05-20T14:25:18+0000 28.8
2016-05-20T14:40:32+0000 28.9
2016-05-20T14:55:46+0000 28.9
2016-05-20T15:11:00+0000 28.9
2016-05-20T15:26:14+0000 28.9
2016-05-20T15:41:29+0000 29.0
2016-05-20T15:56:43+0000 29.0
2016-05-20T16:11:57+0000 28.7
2016-05-20T16:27:11+0000 28.8
2016-05-20T16:42:26+0000 28.4
2016-05-20T16:57:40+0000 28.0
2016-05-20T17:12:54+0000 27.6
2016-05-20T17:28:08+0000 27.3
2016-05-20T17:43:22+0000 27.1
2016-05-20T17:58:37+0000 27.0
2016-05-20T18:13:51+0000 26.8
2016-05-20T18:29:05+0000 26.4
2016-05-20T18:44:20+0000 26.0
2016-05-20T18:59:34+0000 25.8
2016-05-20T19:14:49+0000 25.5
2016-05-20T19:30:03+0000 25.2
2016-05-20T19:45:17+0000 25.0
2016-05-20T20:00:32+0000 24.8
2016-05-20T20:15:46+0000 24.4
2016-05-20T20:31:01+0000 24.1
2016-05-20T20:46:15+0000 23.8
2016-05-20T21:01:30+0000 23.6
2016-05-20T21:16:44+0000 23.4
2016-05-20T21:31:59+0000 23.2
2016-05-20T21:47:13+0000 22.9
2016-05-20T22:02:28+0000 22.7
2016-05-20T22:17:42+0000 22.6
2016-05-20T22:32:57+0000 22.4
2016-05-20T22:48:11+0000 22.2
2016-05-20T23:03:26+0000 22.0
2016-05-20T23:18:40+0000 21.7
2016-05-20T23:33:55+0000 21.4
2016-05-20T23:49:09+0000 21.3
