2016-09-26T00:05:22+0000 21.7
2016-09-26T00:20:37+0000 21.6
2016-09-26T00:35:52+0000 21.5
2016-09-26T00:51:07+0000 21.4
2016-09-26T01:06:22+0000 21.4
2016-09-26T01:21:37+0000 21.1
2016-09-26T01:36:52+0000 21.1
2016-09-26T01:52:07+0000 21.0
2016-09-26T02:07:22+0000 20.9
2016-09-26T02:22:37+0000 20.8
2016-09-26T02:37:52+0000 20.7
2016-09-26T02:53:07+0000 20.6
2016-09-26T03:08:22+0000 20.6
2016-09-26T03:23:37+0000 20.5
2016-09-26T03:38:52+0000 20.4
2016-09-26T03:54:07+0000 20.3
2016-09-26T04:09:23+0000 20.2
2016-09-26T04:24:38+0000 20.1
2016-09-26T04:39:53+0000 20.0
2016-09-26T04:55:08+0000 20.0
2016-09-26T05:10:23+0000 19.9
2016-09-26T05:25:38+0000 19.9
2016-09-26T05:40:53+0000 19.8
2016-09-26T05:56:08+0000 19.8
2016-09-26T06:11:23+0000 19.7
2016-09-26T06:26:38+0000 19.6
2016-09-26T06:41:53+0000 19.7
2016-09-26T06:57:08+0000 19.5
2016-09-26T07:12:23+0000 19.5
2016-09-26T07:27:38+0000 19.4
2016-09-26T07:42:53+0000 19.3
2016-09-26T07:58:09+0000 19.4
2016-09-26T08:13:24+0000 19.3
2016-09-26T08:28:39+0000 19.3
2016-09-26T08:43:54+0000 19.5
2016-09-26T08:59:09+0000 19.6
2016-09-26T09:14:24+0000 19.8
2016-09-26T09:29:39+0000 20.0
2016-09-26T09:44:54+0000 20.0
2016-09-26T10:00:09+0000 20.2
2016-09-26T10:15:24+0000 20.4
2016-09-26T10:30:39+0000 20.6
2016-09-26T10:45:54+0000 20.8
2016-09-26T11:01:10+0000 21.2
2016-09-26T11:16:25+0000 21.1
2016-09-26T11:31:40+0000 21.3
2016-09-26T11:46:55+0000 21.3
2016-09-26T12:02:10+0000 21.4
2016-09-26T12:17:25+0000 21.8
2016-09-26T12:32:40+0000 22.2
2016-09-26T12:47:55+0000 22.4
2016-09-26T13:03:10+0000 22.5
2016-09-26T13:18:25+0000 22.8
2016-09-26T13:33:40+0000 22.9
2016-09-26T13:48:55+0000 23.1
2016-09-26T14:04:09+0000 23.3
2016-09-26T14:19:24+0000 23.7
2016-09-26T14:34:39+0000 24.3
2016-09-26T14:49:54+0000 24.6
2016-09-26T15:05:09+0000 24.7
2016-09-26T15:20:24+0000 24.9
2016-09-26T15:35:39+0000 25.0
2016-09-26T15:50:54+0000 24.8
2016-09-26T16:06:08+0000 24.6
2016-09-26T16:21:23+0000 24.5
2016-09-26T16:36:38+0000 24.4
2016-09-26T16:51:53+0000 24.2
2016-09-26T17:07:08+0000 24.0
2016-09-26T17:22:23+0000 23.8
2016-09-26T17:37:37+0000 23.5
2016-09-26T17:52:52+0000 23.3
2016-09-26T18:08:07+0000 22.9
2016-09-26T18:23:22+0000 22.6
2016-09-26T18:38:37+0000 22.5
2016-09-26T18:53:52+0000 22.3
2016-09-26T19:09:07+0000 22.2
2016-09-26T19:24:22+0000 21.9
2016-09-26T19:39:37+0000 21.8
2016-09-26T19:54:52+0000 21.6
2016-09-26T20:10:07+0000 21.4
2016-09-26T20:25:22+0000 21.3
2016-09-26T20:40:37+0000 21.1
2016-09-26T20:55:52+0000 20.8
2016-09-26T21:11:07+0000 20.7
2016-09-26T21:26:22+0000 20.5
2016-09-26T21:41:37+0000 20.3
2016-09-26T21:56:52+0000 20.1
2016-09-26T22:12:07+0000 19.9
2016-09-26T22:27:22+0000 19.8
2016-09-26T22:42:37+0000 19.7
2016-09-26T22:57:52+0000 19.6
2016-09-26T23:13:07+0000 19.4
2016-09-26T23:28:23+0000 19.4
2016-09-26T23:43:38+0000 19.1
2016-09-26T23:58:53+0000 19.1
