2016-06-13T00:00:15+0000 19.8
2016-06-13T00:15:30+0000 19.9
2016-06-13T00:30:45+0000 19.8
2016-06-13T00:46:00+0000 19.7
2016-06-13T01:01:14+0000 19.6
2016-06-13T01:16:29+0000 19.6
2016-06-13T01:31:44+0000 19.6
2016-06-13T01:46:59+0000 19.5
2016-06-13T02:02:14+0000 19.5
2016-06-13T02:17:29+0000 19.5
2016-06-13T02:32:44+0000 19.4
2016-06-13T02:47:59+0000 19.3
2016-06-13T03:03:14+0000 19.2
2016-06-13T03:18:28+0000 19.1
2016-06-13T03:33:43+0000 19.2
2016-06-13T03:48:58+0000 19.1
2016-06-13T04:04:13+0000 19.1
2016-06-13T04:19:28+0000 19.0
2016-06-13T04:34:43+0000 19.0
2016-06-13T04:49:58+0000 18.9
2016-06-13T05:05:13+0000 18.9
2016-06-13T05:20:28+0000 18.9
2016-06-13T05:35:42+0000 18.9
2016-06-13T05:50:57+0000 18.8
2016-06-13T06:06:12+0000 18.8
2016-06-13T06:21:27+0000 18.9
2016-06-13T06:36:42+0000 18.8
2016-06-13T06:51:57+0000 18.9
2016-06-13T07:07:12+0000 19.0
2016-06-13T07:22:27+0000 19.4
2016-06-13T07:37:42+0000 19.8
2016-06-13T07:52:57+0000 20.4
2016-06-13T08:08:12+0000 21.0
2016-06-13T08:23:26+0000 21.1
2016-06-13T08:38:41+0000 21.1
2016-06-13T08:53:56+0000 21.2
2016-06-13T09:09:11+0000 21.4
2016-06-13T09:24:25+0000 21.5
2016-06-13T09:39:40+0000 21.9
2016-06-13T09:54:55+0000 22.2
2016-06-13T10:10:10+0000 22.6
2016-06-13T10:25:24+0000 22.7
2016-06-13T10:40:39+0000 22.5
2016-06-13T10:55:54+0000 22.1
2016-06-13T11:11:09+0000 22.0
2016-06-13T11:26:23+0000 21.8
2016-06-13T11:41:38+0000 22.2
2016-06-13T11:56:53+0000 22.7
2016-06-13T12:12:07+0000 23.3
2016-06-13T12:27:22+0000 24.2
2016-06-13T12:42:37+0000 25.3
2016-06-13T12:57:51+0000 25.8
2016-06-13T13:13:06+0000 26.2
2016-06-13T13:28:20+0000 26.1
2016-06-13T13:43:34+0000 26.4
2016-06-13T13:58:49+0000 26.6
2016-06-13T14:14:03+0000 26.5
2016-06-13T14:29:18+0000 26.4
2016-06-13T14:44:32+0000 26.6
2016-06-13T14:59:47+0000 26.8
2016-06-13T15:15:01+0000 27.0
2016-06-13T15:30:15+0000 26.5
2016-06-13T15:45:30+0000 26.0
2016-06-13T16:00:44+0000 25.9
2016-06-13T16:15:59+0000 25.9
2016-06-13T16:31:13+0000 25.9
2016-06-13T16:46:27+0000 26.1
2016-06-13T17:01:42+0000 26.2
2016-06-13T17:16:56+0000 26.1
2016-06-13T17:32:11+0000 25.6
2016-06-13T17:47:25+0000 25.2
2016-06-13T18:02:40+0000 25.0
2016-06-13T18:17:54+0000 24.9
2016-06-13T18:33:09+0000 24.7
2016-06-13T18:48:23+0000 24.5
2016-06-13T19:03:38+0000 24.3
2016-06-13T19:18:52+0000 24.2
2016-06-13T19:34:07+0000 23.9
2016-06-13T19:49:21+0000 23.6
2016-06-13T20:04:36+0000 23.5
2016-06-13T20:19:50+0000 23.3
2016-06-13T20:35:05+0000 23.0
2016-06-13T20:50:19+0000 22.9
2016-06-13T21:05:34+0000 22.7
2016-06-13T21:20:49+0000 22.3
2016-06-13T21:36:03+0000 21.9
2016-06-13T21:51:18+0000 21.8
2016-06-13T22:06:32+0000 21.5
2016-06-13T22:21:47+0000 21.4
2016-06-13T22:37:02+0000 21.1
2016-06-13T22:52:17+0000 20.9
2016-06-13T23:07:31+0000 20.8
2016-06-13T23:22:46+0000 20.6
2016-06-13T23:38:01+0000 20.5
2016-06-13T23:53:15+0000 20.4
