2016-08-02T00:05:00+0000 25.1
2016-08-02T00:20:15+0000 25.0
2016-08-02T00:35:29+0000 24.8
2016-08-02T00:50:44+0000 24.6
2016-08-02T01:05:58+0000 24.5
2016-08-02T01:21:13+0000 24.3
2016-08-02T01:36:28+0000 24.3
2016-08-02T01:51:42+0000 24.2
2016-08-02T02:06:57+0000 24.0
2016-08-02T02:22:11+0000 23.8
2016-08-02T02:37:26+0000 23.7
2016-08-02T02:52:41+0000 23.6
2016-08-02T03:07:55+0000 23.5
2016-08-02T03:23:10+0000 23.4
2016-08-02T03:38:24+0000 23.3
2016-08-02T03:53:39+0000 23.2
2016-08-02T04:08:54+0000 23.0
2016-08-02T04:24:08+0000 22.8
2016-08-02T04:39:23+0000 22.8
2016-08-02T04:54:38+0000 22.6
2016-08-02T05:09:52+0000 22.5
2016-08-02T05:25:07+0000 22.4
2016-08-02T05:40:22+0000 22.3
2016-08-02T05:55:36+0000 22.2
2016-08-02T06:10:51+0000 22.2
2016-08-02T06:26:06+0000 22.1
2016-08-02T06:41:21+0000 22.1
2016-08-02T06:56:35+0000 22.1
2016-08-02T07:11:50+0000 22.1
2016-08-02T07:27:05+0000 22.2
2016-08-02T07:42:19+0000 22.5
2016-08-02T07:57:34+0000 22.6
2016-08-02T08:12:49+0000 22.8
2016-08-02T08:28:04+0000 23.0
2016-08-02T08:43:18+0000 23.2
2016-08-02T08:58:33+0000 23.3
2016-08-02T09:13:48+0000 23.4
2016-08-02T09:29:02+0000 23.5
2016-08-02T09:44:17+0000 23.5
2016-08-02T09:59:31+0000 23.6
2016-08-02T10:14:46+0000 23.8
2016-08-02T10:30:01+0000 23.8
2016-08-02T10:45:15+0000 23.9
2016-08-02T11:00:30+0000 24.3
2016-08-02T11:15:44+0000 24.5
2016-08-02T11:30:59+0000 24.7
2016-08-02T11:46:14+0000 24.8
2016-08-02T12:01:28+0000 25.2
2016-08-02T12:16:43+0000 25.5
2016-08-02T12:31:57+0000 25.5
2016-08-02T12:47:12+0000 25.8
2016-08-02T13:02:26+0000 25.9
2016-08-02T13:17:41+0000 25.9
2016-08-02T13:32:55+0000 26.0
2016-08-02T13:48:10+0000 25.8
2016-08-02T14:03:24+0000 25.4
2016-08-02T14:18:39+0000 25.5
2016-08-02T14:33:53+0000 25.4
2016-08-02T14:49:08+0000 25.4
2016-08-02T15:04:23+0000 25.1
2016-08-02T15:19:37+0000 24.8
2016-08-02T15:34:52+0000 24.9
2016-08-02T15:50:06+0000 24.8
2016-08-02T16:05:21+0000 24.6
2016-08-02T16:20:35+0000 24.2
2016-08-02T16:35:50+0000 24.2
2016-08-02T16:51:04+0000 24.0
2016-08-02T17:06:19+0000 23.8
2016-08-02T17:21:33+0000 23.7
2016-08-02T17:36:48+0000 23.5
2016-08-02T17:52:02+0000 23.3
2016-08-02T18:07:17+0000 23.2
2016-08-02T18:22:31+0000 23.2
2016-08-02T18:37:46+0000 23.2
2016-08-02T18:53:00+0000 23.0
2016-08-02T19:08:15+0000 22.9
2016-08-02T19:23:30+0000 22.9
2016-08-02T19:38:44+0000 22.7
2016-08-02T19:53:59+0000 22.5
2016-08-02T20:09:13+0000 22.5
2016-08-02T20:24:28+0000 22.3
2016-08-02T20:39:43+0000 22.2
2016-08-02T20:54:57+0000 22.2
2016-08-02T21:10:12+0000 22.1
2016-08-02T21:25:26+0000 22.0
2016-08-02T21:40:41+0000 21.8
2016-08-02T21:55:56+0000 21.8
2016-08-02T22:11:10+0000 21.7
2016-08-02T22:26:25+0000 21.6
2016-08-02T22:41:40+0000 21.5
2016-08-02T22:56:54+0000 21.5
2016-08-02T23:12:09+0000 21.4
2016-08-02T23:27:24+0000 21.5
2016-08-02T23:42:38+0000 21.3
2016-08-02T23:57:53+0000 21.2
