2016-05-18T00:10:00+0000 16.3
2016-05-18T00:25:15+0000 16.2
2016-05-18T00:40:30+0000 16.1
2016-05-18T00:55:45+0000 15.9
2016-05-18T01:11:00+0000 15.8
2016-05-18T01:26:15+0000 15.8
2016-05-18T01:41:30+0000 15.6
2016-05-18T01:56:45+0000 15.6
2016-05-18T02:12:00+0000 15.5
2016-05-18T02:27:15+0000 15.4
2016-05-18T02:42:30+0000 15.3
2016-05-18T02:57:45+0000 15.1
2016-05-18T03:13:00+0000 15.2
2016-05-18T03:28:15+0000 15.1
2016-05-18T03:43:31+0000 15.0
2016-05-18T03:58:46+0000 15.0
2016-05-18T04:14:01+0000 14.9
2016-05-18T04:29:16+0000 14.8
2016-05-18T04:44:31+0000 14.7
2016-05-18T04:59:46+0000 14.5
2016-05-18T05:15:01+0000 14.5
2016-05-18T05:30:16+0000 14.4
2016-05-18T05:45:31+0000 14.4
2016-05-18T06:00:46+0000 14.4
2016-05-18T06:16:01+0000 14.5
2016-05-18T06:31:16+0000 14.6
2016-05-18T06:46:32+0000 14.8
2016-05-18T07:01:47+0000 15.2
2016-05-18T07:17:02+0000 15.7
2016-05-18T07:32:17+0000 16.3
2016-05-18T07:47:32+0000 17.0
2016-05-18T08:02:47+0000 17.3
2016-05-18T08:18:02+0000 17.6
2016-05-18T08:33:17+0000 18.1
2016-05-18T08:48:32+0000 18.7
2016-05-18T09:03:47+0000 19.1
2016-05-18T09:19:01+0000 19.9
2016-05-18T09:34:16+0000 20.7
2016-05-18T09:49:31+0000 21.3
2016-05-18T10:04:46+0000 22.1
2016-05-18T10:20:01+0000 22.7
2016-05-18T10:35:15+0000 23.3
2016-05-18T10:50:30+0000 24.3
2016-05-18T11:05:45+0000 25.0
2016-05-18T11:20:59+0000 25.6
2016-05-18T11:36:14+0000 25.8
2016-05-18T11:51:28+0000 25.9
2016-05-18T12:06:43+0000 26.1
2016-05-18T12:21:57+0000 26.0
2016-05-18T12:37:12+0000 26.6
2016-05-18T12:52:26+0000 27.1
2016-05-18T13:07:41+0000 28.2
2016-05-18T13:22:55+0000 28.4
2016-05-18T13:38:09+0000 28.3
2016-05-18T13:53:24+0000 28.2
2016-05-18T14:08:38+0000 28.2
2016-05-18T14:23:52+0000 28.5
2016-05-18T14:39:06+0000 28.9
2016-05-18T14:54:21+0000 29.0
2016-05-18T15:09:35+0000 28.7
2016-05-18T15:24:49+0000 28.6
2016-05-18T15:40:04+0000 28.6
2016-05-18T15:55:18+0000 28.7
2016-05-18T16:10:32+0000 28.7
2016-05-18T16:25:47+0000 28.6
2016-05-18T16:41:01+0000 28.5
2016-05-18T16:56:15+0000 28.5
2016-05-18T17:11:29+0000 28.2
2016-05-18T17:26:43+0000 27.9
2016-05-18T17:41:58+0000 27.4
2016-05-18T17:57:12+0000 27.0
2016-05-18T18:12:26+0000 26.6
2016-05-18T18:27:40+0000 26.3
2016-05-18T18:42:55+0000 26.0
2016-05-18T18:58:09+0000 25.6
2016-05-18T19:13:24+0000 24.4
2016-05-18T19:28:38+0000 23.7
2016-05-18T19:43:52+0000 23.3
2016-05-18T19:59:07+0000 23.0
2016-05-18T20:14:22+0000 22.6
2016-05-18T20:29:36+0000 22.3
2016-05-18T20:44:51+0000 21.9
2016-05-18T21:00:05+0000 21.6
2016-05-18T21:15:20+0000 21.4
2016-05-18T21:30:35+0000 21.1
2016-05-18T21:45:49+0000 20.9
2016-05-18T22:01:04+0000 20.7
2016-05-18T22:16:19+0000 20.3
2016-05-18T22:31:33+0000 20.1
2016-05-18T22:46:48+0000 19.7
2016-05-18T23:02:03+0000 19.5
2016-05-18T23:17:18+0000 19.1
2016-05-18T23:32:32+0000 19.1
2016-05-18T23:47:47+0000 18.9
