2016-04-12T00:04:53+0000 17.9
2016-04-12T00:20:08+0000 17.7
2016-04-12T00:35:23+0000 17.6
2016-04-12T00:50:38+0000 17.5
2016-04-12T01:05:53+0000 17.4
2016-04-12T01:21:08+0000 17.2
2016-04-12T01:36:23+0000 17.0
2016-04-12T01:51:38+0000 16.9
2016-04-12T02:06:53+0000 16.8
2016-04-12T02:22:08+0000 16.6
2016-04-12T02:37:23+0000 16.6
2016-04-12T02:52:38+0000 16.4
2016-04-12T03:07:53+0000 16.4
2016-04-12T03:23:08+0000 16.3
2016-04-12T03:38:23+0000 16.3
2016-04-12T03:53:38+0000 16.0
2016-04-12T04:08:54+0000 16.0
2016-04-12T04:24:09+0000 15.9
2016-04-12T04:39:24+0000 15.8
2016-04-12T04:54:39+0000 15.8
2016-04-12T05:09:54+0000 15.8
2016-04-12T05:25:09+0000 15.6
2016-04-12T05:40:24+0000 15.5
2016-04-12T05:55:39+0000 15.4
2016-04-12T06:10:54+0000 15.3
2016-04-12T06:26:10+0000 15.2
2016-04-12T06:41:25+0000 15.1
2016-04-12T06:56:40+0000 15.3
2016-04-12T07:11:55+0000 15.5
2016-04-12T07:27:10+0000 15.6
2016-04-12T07:42:25+0000 15.8
2016-04-12T07:57:40+0000 16.1
2016-04-12T08:12:56+0000 16.4
2016-04-12T08:28:11+0000 16.6
2016-04-12T08:43:26+0000 16.8
2016-04-12T08:58:41+0000 17.1
2016-04-12T09:13:56+0000 17.7
2016-04-12T09:29:11+0000 18.1
2016-04-12T09:44:26+0000 18.7
2016-04-12T09:59:41+0000 19.7
2016-04-12T10:14:56+0000 20.8
2016-04-12T10:30:11+0000 21.8
2016-04-12T10:45:26+0000 22.8
2016-04-12T11:00:41+0000 23.5
2016-04-12T11:15:55+0000 23.6
2016-04-12T11:31:10+0000 24.7
2016-04-12T11:46:25+0000 24.8
2016-04-12T12:01:40+0000 24.4
2016-04-12T12:16:54+0000 24.3
2016-04-12T12:32:09+0000 24.3
2016-04-12T12:47:24+0000 24.7
2016-04-12T13:02:38+0000 24.4
2016-04-12T13:17:53+0000 23.9
2016-04-12T13:33:08+0000 22.9
2016-04-12T13:48:23+0000 22.8
2016-04-12T14:03:37+0000 23.0
2016-04-12T14:18:52+0000 23.3
2016-04-12T14:34:07+0000 23.5
2016-04-12T14:49:22+0000 23.8
2016-04-12T15:04:36+0000 24.0
2016-04-12T15:19:51+0000 24.3
2016-04-12T15:35:06+0000 24.2
2016-04-12T15:50:21+0000 24.3
2016-04-12T16:05:35+0000 24.4
2016-04-12T16:20:50+0000 24.4
2016-04-12T16:36:05+0000 24.5
2016-04-12T16:51:20+0000 24.4
2016-04-12T17:06:34+0000 24.3
2016-04-12T17:21:49+0000 23.9
2016-04-12T17:37:04+0000 23.7
2016-04-12T17:52:18+0000 23.4
2016-04-12T18:07:33+0000 22.7
2016-04-12T18:22:48+0000 22.1
2016-04-12T18:38:03+0000 21.4
2016-04-12T18:53:18+0000 21.2
2016-04-12T19:08:32+0000 20.8
2016-04-12T19:23:47+0000 20.5
2016-04-12T19:39:02+0000 20.1
2016-04-12T19:54:17+0000 19.8
2016-04-12T20:09:32+0000 19.6
2016-04-12T20:24:47+0000 19.2
2016-04-12T20:40:02+0000 19.1
2016-04-12T20:55:17+0000 18.9
2016-04-12T21:10:32+0000 18.7
2016-04-12T21:25:47+0000 18.7
2016-04-12T21:41:02+0000 18.4
2016-04-12T21:56:17+0000 18.2
2016-04-12T22:11:32+0000 18.0
2016-04-12T22:26:47+0000 17.8
2016-04-12T22:42:02+0000 17.7
2016-04-12T22:57:18+0000 17.6
2016-04-12T23:12:33+0000 17.4
2016-04-12T23:27:48+0000 17.4
2016-04-12T23:43:03+0000 17.3
2016-04-12T23:58:18+0000 17.1
