2016-01-02T00:08:25+0000 8.3
2016-01-02T00:23:41+0000 8.5
2016-01-02T00:38:57+0000 8.3
2016-01-02T00:54:13+0000 8.4
2016-01-02T01:09:29+0000 8.2
2016-01-02T01:24:45+0000 8.2
2016-01-02T01:40:00+0000 8.1
2016-01-02T01:55:16+0000 8.2
2016-01-02T02:10:33+0000 8.0
2016-01-02T02:25:49+0000 8.1
2016-01-02T02:41:04+0000 8.1
2016-01-02T02:56:20+0000 8.1
2016-01-02T03:11:36+0000 8.3
2016-01-02T03:26:52+0000 8.3
2016-01-02T03:42:08+0000 8.3
2016-01-02T03:57:24+0000 8.3
2016-01-02T04:12:40+0000 8.4
2016-01-02T04:27:56+0000 8.5
2016-01-02T04:43:11+0000 8.4
2016-01-02T04:58:27+0000 8.5
2016-01-02T05:13:43+0000 8.4
2016-01-02T05:28:59+0000 8.5
2016-01-02T05:44:15+0000 8.5
2016-01-02T05:59:31+0000 8.7
2016-01-02T06:14:47+0000 8.9
2016-01-02T06:30:03+0000 8.8
2016-01-02T06:45:18+0000 8.8
2016-01-02T07:00:34+0000 8.9
2016-01-02T07:15:50+0000 9.0
2016-01-02T07:31:06+0000 8.9
2016-01-02T07:46:22+0000 8.9
2016-01-02T08:01:37+0000 9.0
2016-01-02T08:16:53+0000 8.8
2016-01-02T08:32:09+0000 8.8
2016-01-02T08:47:25+0000 8.9
2016-01-02T09:02:41+0000 8.8
2016-01-02T09:17:57+0000 9.1
2016-01-02T09:33:13+0000 9.0
2016-01-02T09:48:29+0000 9.0
2016-01-02T10:03:44+0000 9.2
2016-01-02T10:19:00+0000 9.1
2016-01-02T10:34:16+0000 9.1
2016-01-02T10:49:32+0000 9.2
2016-01-02T11:04:48+0000 9.2
2016-01-02T11:20:04+0000 9.3
2016-01-02T11:35:19+0000 9.4
2016-01-02T11:50:35+0000 9.5
2016-01-02T12:05:51+0000 9.5
2016-01-02T12:21:07+0000 9.7
2016-01-02T12:36:23+0000 9.8
2016-01-02T12:51:39+0000 9.8
2016-01-02T13:06:54+0000 9.9
2016-01-02T13:22:10+0000 9.9
2016-01-02T13:37:26+0000 10.0
2016-01-02T13:52:41+0000 10.0
2016-01-02T14:07:57+0000 10.1
2016-01-02T14:23:13+0000 10.2
2016-01-02T14:38:29+0000 10.2
2016-01-02T14:53:45+0000 10.3
2016-01-02T15:09:00+0000 10.2
2016-01-02T15:24:16+0000 10.2
2016-01-02T15:39:32+0000 10.2
2016-01-02T15:54:47+0000 10.2
2016-01-02T16:10:03+0000 10.2
2016-01-02T16:25:19+0000 10.2
2016-01-02T16:40:35+0000 10.1
2016-01-02T16:55:50+0000 10.2
2016-01-02T17:11:06+0000 10.1
2016-01-02T17:26:22+0000 10.1
2016-01-02T17:41:38+0000 10.0
2016-01-02T17:56:54+0000 10.0
2016-01-02T18:12:09+0000 10.2
2016-01-02T18:27:25+0000 10.1
2016-01-02T18:42:41+0000 10.0
2016-01-02T18:57:57+0000 10.0
2016-01-02T19:13:12+0000 10.0
2016-01-02T19:28:28+0000 10.0
2016-01-02T19:43:44+0000 10.1
2016-01-02T19:59:00+0000 10.2
2016-01-02T20:14:15+0000 10.1
2016-01-02T20:29:31+0000 10.1
2016-01-02T20:44:47+0000 10.2
2016-01-02T21:00:03+0000 10.1
2016-01-02T21:15:18+0000 10.2
2016-01-02T21:30:34+0000 10.1
2016-01-02T21:45:50+0000 10.1
2016-01-02T22:01:06+0000 10.1
2016-01-02T22:16:21+0000 10.3
2016-01-02T22:31:37+0000 10.2
2016-01-02T22:46:53+0000 10.2
2016-01-02T23:02:09+0000 10.2
2016-01-02T23:17:24+0000 10.2
2016-01-02T23:32:40+0000 10.3
2016-01-02T23:47:56+0000 10.1
