2015-12-29T00:14:16+0000 6.5
2015-12-29T00:29:32+0000 6.5
2015-12-29T00:44:48+0000 6.3
2015-12-29T01:00:04+0000 6.3
2015-12-29T01:15:20+0000 6.1
2015-12-29T01:30:35+0000 6.0
2015-12-29T01:45:51+0000 6.0
2015-12-29T02:01:07+0000 5.9
2015-12-29T02:16:23+0000 5.8
2015-12-29T02:31:38+0000 5.8
2015-12-29T02:46:54+0000 5.6
2015-12-29T03:02:10+0000 5.6
2015-12-29T03:17:26+0000 5.4
2015-12-29T03:32:41+0000 5.4
2015-12-29T03:47:57+0000 5.4
2015-12-29T04:03:13+0000 5.3
2015-12-29T04:18:29+0000 5.2
2015-12-29T04:33:45+0000 5.1
2015-12-29T04:49:00+0000 5.1
2015-12-29T05:04:16+0000 5.0
2015-12-29T05:19:32+0000 4.9
2015-12-29T05:34:48+0000 4.8
2015-12-29T05:50:04+0000 4.8
2015-12-29T06:05:20+0000 4.8
2015-12-29T06:20:35+0000 4.6
2015-12-29T06:35:51+0000 4.5
2015-12-29T06:51:07+0000 4.5
2015-12-29T07:06:23+0000 4.5
2015-12-29T07:21:39+0000 4.6
2015-12-29T07:36:55+0000 4.5
2015-12-29T07:52:11+0000 4.3
2015-12-29T08:07:27+0000 4.4
2015-12-29T08:22:43+0000 4.5
2015-12-29T08:37:58+0000 4.3
2015-12-29T08:53:14+0000 4.3
2015-12-29T09:08:30+0000 4.6
2015-12-29T09:23:46+0000 4.8
2015-12-29T09:39:02+0000 4.7
2015-12-29T09:54:18+0000 5.1
2015-12-29T10:09:34+0000 5.9
2015-12-29T10:24:50+0000 6.3
2015-12-29T10:40:05+0000 6.7
2015-12-29T10:55:21+0000 7.2
2015-12-29T11:10:37+0000 7.8
2015-12-29T11:25:53+0000 8.3
2015-12-29T11:41:09+0000 8.5
2015-12-29T11:56:24+0000 8.5
2015-12-29T12:11:40+0000 9.0
2015-12-29T12:26:56+0000 9.2
2015-12-29T12:42:11+0000 9.5
2015-12-29T12:57:27+0000 9.7
2015-12-29T13:12:43+0000 10.0
2015-12-29T13:27:59+0000 10.1
2015-12-29T13:43:14+0000 10.3
2015-12-29T13:58:30+0000 10.4
2015-12-29T14:13:46+0000 10.6
2015-12-29T14:29:01+0000 10.5
2015-12-29T14:44:17+0000 10.6
2015-12-29T14:59:33+0000 10.5
2015-12-29T15:14:48+0000 10.3
2015-12-29T15:30:04+0000 10.3
2015-12-29T15:45:20+0000 10.4
2015-12-29T16:00:36+0000 10.3
2015-12-29T16:15:51+0000 10.2
2015-12-29T16:31:07+0000 10.2
2015-12-29T16:46:23+0000 10.2
2015-12-29T17:01:38+0000 10.3
2015-12-29T17:16:54+0000 11.3
2015-12-29T17:32:10+0000 10.8
2015-12-29T17:47:25+0000 10.6
2015-12-29T18:02:41+0000 10.6
2015-12-29T18:17:57+0000 10.5
2015-12-29T18:33:13+0000 10.3
2015-12-29T18:48:28+0000 10.5
2015-12-29T19:03:44+0000 10.3
2015-12-29T19:19:00+0000 10.5
2015-12-29T19:34:15+0000 10.2
2015-12-29T19:49:31+0000 10.3
2015-12-29T20:04:47+0000 10.3
2015-12-29T20:20:02+0000 10.4
2015-12-29T20:35:18+0000 10.3
2015-12-29T20:50:34+0000 10.4
2015-12-29T21:05:49+0000 10.3
2015-12-29T21:21:05+0000 10.3
2015-12-29T21:36:21+0000 10.1
2015-12-29T21:51:37+0000 10.3
2015-12-29T22:06:53+0000 10.2
2015-12-29T22:22:09+0000 10.1
2015-12-29T22:37:25+0000 9.9
2015-12-29T22:52:41+0000 9.9
2015-12-29T23:07:57+0000 9.7
2015-12-29T23:23:13+0000 9.8
2015-12-29T23:38:29+0000 9.5
2015-12-29T23:53:45+0000 9.4
