2015-12-26T00:00:16+0000 13.7
2015-12-26T00:15:31+0000 13.5
2015-12-26T00:30:47+0000 13.5
2015-12-26T00:46:02+0000 13.3
2015-12-26T01:01:18+0000 13.2
2015-12-26T01:16:33+0000 13.1
2015-12-26T01:31:49+0000 12.9
2015-12-26T01:47:04+0000 12.9
2015-12-26T02:02:20+0000 12.8
2015-12-26T02:17:35+0000 12.7
2015-12-26T02:32:51+0000 12.6
2015-12-26T02:48:07+0000 12.5
2015-12-26T03:03:22+0000 12.3
2015-12-26T03:18:38+0000 12.2
2015-12-26T03:33:53+0000 12.0
2015-12-26T03:49:09+0000 12.0
2015-12-26T04:04:24+0000 11.9
2015-12-26T04:19:40+0000 12.0
2015-12-26T04:34:56+0000 11.8
2015-12-26T04:50:11+0000 11.8
2015-12-26T05:05:27+0000 11.6
2015-12-26T05:20:43+0000 11.5
2015-12-26T05:35:58+0000 11.4
2015-12-26T05:51:14+0000 11.3
2015-12-26T06:06:29+0000 11.3
2015-12-26T06:21:45+0000 11.3
2015-12-26T06:37:01+0000 11.2
2015-12-26T06:52:16+0000 11.1
2015-12-26T07:07:32+0000 11.1
2015-12-26T07:22:47+0000 11.1
2015-12-26T07:38:03+0000 11.0
2015-12-26T07:53:19+0000 10.9
2015-12-26T08:08:34+0000 10.8
2015-12-26T08:23:50+0000 10.7
2015-12-26T08:39:06+0000 10.7
2015-12-26T08:54:21+0000 10.7
2015-12-26T09:09:37+0000 10.7
2015-12-26T09:24:53+0000 10.9
2015-12-26T09:40:08+0000 11.2
2015-12-26T09:55:24+0000 11.8
2015-12-26T10:10:39+0000 12.2
2015-12-26T10:25:55+0000 12.3
2015-12-26T10:41:11+0000 12.8
2015-12-26T10:56:26+0000 13.3
2015-12-26T11:11:42+0000 13.8
2015-12-26T11:26:58+0000 14.0
2015-12-26T11:42:13+0000 14.3
2015-12-26T11:57:29+0000 14.7
2015-12-26T12:12:44+0000 15.0
2015-12-26T12:28:00+0000 15.2
2015-12-26T12:43:15+0000 15.5
2015-12-26T12:58:31+0000 15.8
2015-12-26T13:13:46+0000 15.9
2015-12-26T13:29:01+0000 16.1
2015-12-26T13:44:17+0000 16.1
2015-12-26T13:59:32+0000 16.1
2015-12-26T14:14:47+0000 16.1
2015-12-26T14:30:03+0000 16.1
2015-12-26T14:45:18+0000 16.1
2015-12-26T15:00:34+0000 16.1
2015-12-26T15:15:49+0000 15.9
2015-12-26T15:31:04+0000 15.9
2015-12-26T15:46:20+0000 15.8
2015-12-26T16:01:35+0000 15.7
2015-12-26T16:16:51+0000 15.7
2015-12-26T16:32:06+0000 15.2
2015-12-26T16:47:21+0000 15.0
2015-12-26T17:02:37+0000 15.3
2015-12-26T17:17:53+0000 14.8
2015-12-26T17:33:08+0000 14.6
2015-12-26T17:48:24+0000 14.3
2015-12-26T18:03:39+0000 14.2
2015-12-26T18:18:55+0000 13.9
2015-12-26T18:34:10+0000 13.7
2015-12-26T18:49:26+0000 13.6
2015-12-26T19:04:41+0000 13.3
2015-12-26T19:19:56+0000 13.1
2015-12-26T19:35:12+0000 13.0
2015-12-26T19:50:28+0000 12.7
2015-12-26T20:05:43+0000 12.7
2015-12-26T20:20:59+0000 12.5
2015-12-26T20:36:14+0000 12.4
2015-12-26T20:51:29+0000 12.2
2015-12-26T21:06:45+0000 12.0
2015-12-26T21:22:00+0000 11.8
2015-12-26T21:37:16+0000 11.6
2015-12-26T21:52:32+0000 11.4
2015-12-26T22:07:47+0000 11.3
2015-12-26T22:23:03+0000 11.1
2015-12-26T22:38:18+0000 10.9
2015-12-26T22:53:34+0000 10.7
2015-12-26T23:08:50+0000 10.7
2015-12-26T23:24:05+0000 10.6
2015-12-26T23:39:21+0000 10.4
2015-12-26T23:54:37+0000 10.3
