2016-10-02T00:12:58+0000 16.5
2016-10-02T00:28:14+0000 16.5
2016-10-02T00:43:30+0000 16.4
2016-10-02T00:58:45+0000 16.2
2016-10-02T01:14:00+0000 16.1
2016-10-02T01:29:16+0000 16.0
2016-10-02T01:44:31+0000 15.8
2016-10-02T01:59:47+0000 15.7
2016-10-02T02:15:02+0000 15.7
2016-10-02T02:30:18+0000 15.6
2016-10-02T02:45:33+0000 15.5
2016-10-02T03:00:49+0000 15.6
2016-10-02T03:16:05+0000 15.4
2016-10-02T03:31:20+0000 15.5
2016-10-02T03:46:36+0000 15.4
2016-10-02T04:01:51+0000 15.4
2016-10-02T04:17:07+0000 15.3
2016-10-02T04:32:22+0000 15.4
2016-10-02T04:47:38+0000 15.3
2016-10-02T05:02:53+0000 15.3
2016-10-02T05:18:09+0000 15.4
2016-10-02T05:33:24+0000 15.3
2016-10-02T05:48:40+0000 15.3
2016-10-02T06:03:55+0000 15.2
2016-10-02T06:19:11+0000 15.2
2016-10-02T06:34:26+0000 15.3
2016-10-02T06:49:42+0000 15.1
2016-10-02T07:04:57+0000 15.1
2016-10-02T07:20:13+0000 15.2
2016-10-02T07:35:28+0000 15.2
2016-10-02T07:50:44+0000 15.3
2016-10-02T08:05:59+0000 15.3
2016-10-02T08:21:15+0000 15.6
2016-10-02T08:36:30+0000 15.8
2016-10-02T08:51:46+0000 16.3
2016-10-02T09:07:01+0000 16.7
2016-10-02T09:22:17+0000 16.6
2016-10-02T09:37:32+0000 17.0
2016-10-02T09:52:48+0000 17.2
2016-10-02T10:08:03+0000 18.0
2016-10-02T10:23:19+0000 18.7
2016-10-02T10:38:34+0000 18.8
2016-10-02T10:53:50+0000 18.8
2016-10-02T11:09:05+0000 19.0
2016-10-02T11:24:21+0000 19.3
2016-10-02T11:39:36+0000 19.4
2016-10-02T11:54:51+0000 19.4
2016-10-02T12:10:07+0000 19.9
2016-10-02T12:25:22+0000 20.7
2016-10-02T12:40:37+0000 20.6
2016-10-02T12:55:53+0000 20.8
2016-10-02T13:11:08+0000 20.5
2016-10-02T13:26:23+0000 20.4
2016-10-02T13:41:38+0000 20.6
2016-10-02T13:56:54+0000 21.0
2016-10-02T14:12:09+0000 20.9
2016-10-02T14:27:24+0000 20.8
2016-10-02T14:42:39+0000 21.4
2016-10-02T14:57:55+0000 21.3
2016-10-02T15:13:10+0000 21.4
2016-10-02T15:28:25+0000 21.5
2016-10-02T15:43:40+0000 21.2
2016-10-02T15:58:55+0000 21.4
2016-10-02T16:14:10+0000 21.1
2016-10-02T16:29:25+0000 21.0
2016-10-02T16:44:40+0000 20.8
2016-10-02T16:59:55+0000 20.5
2016-10-02T17:15:10+0000 20.3
2016-10-02T17:30:25+0000 19.9
2016-10-02T17:45:41+0000 19.5
2016-10-02T18:00:56+0000 19.2
2016-10-02T18:16:11+0000 18.9
2016-10-02T18:31:26+0000 18.7
2016-10-02T18:46:41+0000 18.5
2016-10-02T19:01:57+0000 18.5
2016-10-02T19:17:12+0000 18.3
2016-10-02T19:32:27+0000 18.1
2016-10-02T19:47:42+0000 17.9
2016-10-02T20:02:58+0000 17.7
2016-10-02T20:18:13+0000 17.6
2016-10-02T20:33:28+0000 17.4
2016-10-02T20:48:43+0000 17.4
2016-10-02T21:03:59+0000 17.3
2016-10-02T21:19:14+0000 17.3
2016-10-02T21:34:29+0000 17.2
2016-10-02T21:49:45+0000 17.0
2016-10-02T22:05:00+0000 17.1
2016-10-02T22:20:15+0000 16.9
2016-10-02T22:35:31+0000 16.7
2016-10-02T22:50:46+0000 16.7
2016-10-02T23:06:01+0000 16.5
2016-10-02T23:21:17+0000 16.4
2016-10-02T23:36:32+0000 16.3
2016-10-02T23:51:47+0000 16.2
