2016-08-10T00:08:18+0000 22.7
2016-08-10T00:23:33+0000 22.5
2016-08-10T00:38:47+0000 22.4
2016-08-10T00:54:02+0000 22.3
2016-08-10T01:09:17+0000 22.2
2016-08-10T01:24:32+0000 21.9
2016-08-10T01:39:47+0000 21.7
2016-08-10T01:55:01+0000 21.5
2016-08-10T02:10:16+0000 21.4
2016-08-10T02:25:31+0000 21.2
2016-08-10T02:40:46+0000 21.2
2016-08-10T02:56:01+0000 21.0
2016-08-10T03:11:15+0000 20.8
2016-08-10T03:26:30+0000 20.7
2016-08-10T03:41:45+0000 20.6
2016-08-10T03:57:00+0000 20.4
2016-08-10T04:12:15+0000 20.3
2016-08-10T04:27:30+0000 20.1
2016-08-10T04:42:45+0000 20.1
2016-08-10T04:57:59+0000 20.0
2016-08-10T05:13:14+0000 19.8
2016-08-10T05:28:29+0000 19.7
2016-08-10T05:43:44+0000 19.6
2016-08-10T05:58:59+0000 19.5
2016-08-10T06:14:14+0000 19.4
2016-08-10T06:29:29+0000 19.4
2016-08-10T06:44:44+0000 19.4
2016-08-10T06:59:59+0000 19.5
2016-08-10T07:15:14+0000 19.5
2016-08-10T07:30:29+0000 19.6
2016-08-10T07:45:44+0000 20.0
2016-08-10T08:00:59+0000 20.7
2016-08-10T08:16:13+0000 21.3
2016-08-10T08:31:28+0000 22.2
2016-08-10T08:46:43+0000 22.8
2016-08-10T09:01:58+0000 23.3
2016-08-10T09:17:13+0000 23.8
2016-08-10T09:32:28+0000 24.4
2016-08-10T09:47:42+0000 24.9
2016-08-10T10:02:57+0000 25.4
2016-08-10T10:18:12+0000 26.1
2016-08-10T10:33:27+0000 26.5
2016-08-10T10:48:41+0000 27.3
2016-08-10T11:03:56+0000 28.3
2016-08-10T11:19:10+0000 28.4
2016-08-10T11:34:25+0000 29.5
2016-08-10T11:49:39+0000 30.2
2016-08-10T12:04:53+0000 30.2
2016-08-10T12:20:08+0000 29.5
2016-08-10T12:35:22+0000 29.1
2016-08-10T12:50:37+0000 29.0
2016-08-10T13:05:51+0000 28.9
2016-08-10T13:21:05+0000 29.1
2016-08-10T13:36:20+0000 29.5
2016-08-10T13:51:34+0000 29.8
2016-08-10T14:06:48+0000 29.6
2016-08-10T14:22:02+0000 29.3
2016-08-10T14:37:17+0000 29.0
2016-08-10T14:52:31+0000 29.0
2016-08-10T15:07:46+0000 29.1
2016-08-10T15:23:00+0000 29.3
2016-08-10T15:38:14+0000 28.7
2016-08-10T15:53:29+0000 27.6
2016-08-10T16:08:43+0000 26.6
2016-08-10T16:23:58+0000 26.1
2016-08-10T16:39:12+0000 25.7
2016-08-10T16:54:27+0000 25.4
2016-08-10T17:09:41+0000 25.3
2016-08-10T17:24:56+0000 25.0
2016-08-10T17:40:11+0000 24.7
2016-08-10T17:55:25+0000 24.5
2016-08-10T18:10:40+0000 24.3
2016-08-10T18:25:55+0000 24.1
2016-08-10T18:41:09+0000 23.8
2016-08-10T18:56:24+0000 23.5
2016-08-10T19:11:39+0000 23.3
2016-08-10T19:26:53+0000 23.0
2016-08-10T19:42:08+0000 22.8
2016-08-10T19:57:23+0000 22.5
2016-08-10T20:12:37+0000 22.2
2016-08-10T20:27:52+0000 21.8
2016-08-10T20:43:07+0000 21.6
2016-08-10T20:58:22+0000 21.3
2016-08-10T21:13:36+0000 21.3
2016-08-10T21:28:51+0000 21.0
2016-08-10T21:44:06+0000 20.7
2016-08-10T21:59:21+0000 20.7
2016-08-10T22:14:36+0000 20.4
2016-08-10T22:29:51+0000 20.2
2016-08-10T22:45:06+0000 20.1
2016-08-10T23:00:21+0000 20.0
2016-08-10T23:15:35+0000 19.6
2016-08-10T23:30:50+0000 19.4
2016-08-10T23:46:05+0000 19.2
