2016-08-22T00:11:56+0000 19.7
2016-08-22T00:27:11+0000 19.5
2016-08-22T00:42:26+0000 19.4
2016-08-22T00:57:41+0000 19.4
2016-08-22T01:12:56+0000 19.2
2016-08-22T01:28:11+0000 18.9
2016-08-22T01:43:26+0000 18.8
2016-08-22T01:58:41+0000 18.7
2016-08-22T02:13:56+0000 18.5
2016-08-22T02:29:11+0000 18.4
2016-08-22T02:44:26+0000 18.3
2016-08-22T02:59:41+0000 18.1
2016-08-22T03:14:56+0000 18.1
2016-08-22T03:30:11+0000 17.9
2016-08-22T03:45:26+0000 17.9
2016-08-22T04:00:41+0000 17.9
2016-08-22T04:15:56+0000 17.8
2016-08-22T04:31:11+0000 17.6
2016-08-22T04:46:25+0000 17.5
2016-08-22T05:01:40+0000 17.5
2016-08-22T05:16:56+0000 17.5
2016-08-22T05:32:11+0000 17.4
2016-08-22T05:47:26+0000 17.2
2016-08-22T06:02:41+0000 17.1
2016-08-22T06:17:56+0000 17.2
2016-08-22T06:33:11+0000 17.2
2016-08-22T06:48:26+0000 17.2
2016-08-22T07:03:41+0000 17.3
2016-08-22T07:18:56+0000 17.8
2016-08-22T07:34:11+0000 18.5
2016-08-22T07:49:26+0000 19.1
2016-08-22T08:04:41+0000 20.0
2016-08-22T08:19:56+0000 20.7
2016-08-22T08:35:10+0000 21.5
2016-08-22T08:50:25+0000 22.4
2016-08-22T09:05:40+0000 22.9
2016-08-22T09:20:55+0000 23.0
2016-08-22T09:36:10+0000 23.2
2016-08-22T09:51:24+0000 24.2
2016-08-22T10:06:39+0000 24.8
2016-08-22T10:21:54+0000 24.9
2016-08-22T10:37:08+0000 25.1
2016-08-22T10:52:23+0000 24.8
2016-08-22T11:07:37+0000 24.6
2016-08-22T11:22:52+0000 24.6
2016-08-22T11:38:07+0000 24.8
2016-08-22T11:53:21+0000 25.3
2016-08-22T12:08:36+0000 25.7
2016-08-22T12:23:50+0000 25.9
2016-08-22T12:39:05+0000 26.5
2016-08-22T12:54:19+0000 27.3
2016-08-22T13:09:34+0000 27.7
2016-08-22T13:24:48+0000 27.7
2016-08-22T13:40:03+0000 27.9
2016-08-22T13:55:17+0000 27.8
2016-08-22T14:10:32+0000 27.7
2016-08-22T14:25:46+0000 27.8
2016-08-22T14:41:01+0000 28.0
2016-08-22T14:56:15+0000 28.0
2016-08-22T15:11:30+0000 28.0
2016-08-22T15:26:44+0000 28.2
2016-08-22T15:41:59+0000 28.3
2016-08-22T15:57:13+0000 28.5
2016-08-22T16:12:27+0000 28.6
2016-08-22T16:27:42+0000 28.6
2016-08-22T16:42:56+0000 28.4
2016-08-22T16:58:10+0000 28.5
2016-08-22T17:13:25+0000 28.3
2016-08-22T17:28:39+0000 28.1
2016-08-22T17:43:54+0000 28.1
2016-08-22T17:59:08+0000 27.8
2016-08-22T18:14:23+0000 27.8
2016-08-22T18:29:37+0000 27.6
2016-08-22T18:44:51+0000 27.3
2016-08-22T19:00:06+0000 27.1
2016-08-22T19:15:20+0000 26.6
2016-08-22T19:30:35+0000 26.3
2016-08-22T19:45:49+0000 25.8
2016-08-22T20:01:04+0000 25.3
2016-08-22T20:16:18+0000 25.0
2016-08-22T20:31:33+0000 24.7
2016-08-22T20:46:47+0000 24.4
2016-08-22T21:02:02+0000 24.0
2016-08-22T21:17:17+0000 23.8
2016-08-22T21:32:31+0000 23.3
2016-08-22T21:47:46+0000 23.2
2016-08-22T22:03:01+0000 23.0
2016-08-22T22:18:15+0000 22.7
2016-08-22T22:33:30+0000 22.5
2016-08-22T22:48:45+0000 22.3
2016-08-22T23:04:00+0000 22.1
2016-08-22T23:19:15+0000 21.8
2016-08-22T23:34:29+0000 21.7
2016-08-22T23:49:44+0000 21.5
