2016-05-25T00:05:59+0000 15.0
2016-05-25T00:21:14+0000 14.9
2016-05-25T00:36:29+0000 15.0
2016-05-25T00:51:44+0000 14.9
2016-05-25T01:06:59+0000 14.9
2016-05-25T01:22:14+0000 14.9
2016-05-25T01:37:29+0000 14.7
2016-05-25T01:52:44+0000 14.8
2016-05-25T02:07:59+0000 14.6
2016-05-25T02:23:14+0000 14.6
2016-05-25T02:38:30+0000 14.7
2016-05-25T02:53:45+0000 14.6
2016-05-25T03:09:00+0000 14.6
2016-05-25T03:24:15+0000 14.6
2016-05-25T03:39:30+0000 14.5
2016-05-25T03:54:45+0000 14.5
2016-05-25T04:10:00+0000 14.5
2016-05-25T04:25:15+0000 14.5
2016-05-25T04:40:30+0000 14.5
2016-05-25T04:55:46+0000 14.5
2016-05-25T05:11:01+0000 14.5
2016-05-25T05:26:16+0000 14.5
2016-05-25T05:41:31+0000 14.6
2016-05-25T05:56:46+0000 14.6
2016-05-25T06:12:01+0000 14.6
2016-05-25T06:27:16+0000 14.8
2016-05-25T06:42:31+0000 15.0
2016-05-25T06:57:46+0000 15.0
2016-05-25T07:13:01+0000 15.3
2016-05-25T07:28:17+0000 15.7
2016-05-25T07:43:32+0000 16.0
2016-05-25T07:58:47+0000 16.3
2016-05-25T08:14:02+0000 16.6
2016-05-25T08:29:17+0000 16.9
2016-05-25T08:44:32+0000 17.2
2016-05-25T08:59:47+0000 17.3
2016-05-25T09:15:02+0000 17.5
2016-05-25T09:30:17+0000 17.9
2016-05-25T09:45:32+0000 18.3
2016-05-25T10:00:47+0000 18.5
2016-05-25T10:16:02+0000 18.7
2016-05-25T10:31:17+0000 18.8
2016-05-25T10:46:32+0000 19.0
2016-05-25T11:01:47+0000 19.5
2016-05-25T11:17:02+0000 19.8
2016-05-25T11:32:16+0000 20.6
2016-05-25T11:47:31+0000 21.4
2016-05-25T12:02:46+0000 22.5
2016-05-25T12:18:01+0000 23.8
2016-05-25T12:33:15+0000 25.1
2016-05-25T12:48:30+0000 26.2
2016-05-25T13:03:45+0000 26.8
2016-05-25T13:18:59+0000 26.9
2016-05-25T13:34:13+0000 27.0
2016-05-25T13:49:28+0000 27.7
2016-05-25T14:04:42+0000 27.4
2016-05-25T14:19:57+0000 27.3
2016-05-25T14:35:11+0000 27.2
2016-05-25T14:50:25+0000 27.6
2016-05-25T15:05:40+0000 27.9
2016-05-25T15:20:54+0000 27.6
2016-05-25T15:36:08+0000 27.2
2016-05-25T15:51:23+0000 26.8
2016-05-25T16:06:37+0000 26.6
2016-05-25T16:21:51+0000 26.6
2016-05-25T16:37:06+0000 26.3
2016-05-25T16:52:20+0000 26.2
2016-05-25T17:07:35+0000 26.0
2016-05-25T17:22:49+0000 25.9
2016-05-25T17:38:04+0000 25.8
2016-05-25T17:53:18+0000 25.6
2016-05-25T18:08:32+0000 25.4
2016-05-25T18:23:47+0000 25.4
2016-05-25T18:39:01+0000 25.1
2016-05-25T18:54:16+0000 24.9
2016-05-25T19:09:30+0000 24.4
2016-05-25T19:24:45+0000 24.0
2016-05-25T19:39:59+0000 23.7
2016-05-25T19:55:14+0000 23.3
2016-05-25T20:10:29+0000 22.9
2016-05-25T20:25:43+0000 22.5
2016-05-25T20:40:58+0000 22.3
2016-05-25T20:56:13+0000 21.9
2016-05-25T21:11:27+0000 21.6
2016-05-25T21:26:42+0000 21.4
2016-05-25T21:41:57+0000 21.0
2016-05-25T21:57:11+0000 20.9
2016-05-25T22:12:26+0000 20.5
2016-05-25T22:27:41+0000 20.3
2016-05-25T22:42:56+0000 20.0
2016-05-25T22:58:10+0000 19.7
2016-05-25T23:13:25+0000 19.4
2016-05-25T23:28:40+0000 19.2
2016-05-25T23:43:55+0000 19.1
2016-05-25T23:59:10+0000 18.8
