2016-03-15T00:04:19+0000 8.9
2016-03-15T00:19:35+0000 8.6
2016-03-15T00:34:50+0000 8.5
2016-03-15T00:50:06+0000 8.3
2016-03-15T01:05:22+0000 8.2
2016-03-15T01:20:37+0000 7.9
2016-03-15T01:35:53+0000 7.8
2016-03-15T01:51:09+0000 7.6
2016-03-15T02:06:24+0000 7.5
2016-03-15T02:21:40+0000 7.4
2016-03-15T02:36:56+0000 7.2
2016-03-15T02:52:12+0000 7.1
2016-03-15T03:07:27+0000 6.9
2016-03-15T03:22:43+0000 6.8
2016-03-15T03:37:59+0000 6.7
2016-03-15T03:53:15+0000 6.6
2016-03-15T04:08:30+0000 6.5
2016-03-15T04:23:46+0000 6.4
2016-03-15T04:39:02+0000 6.3
2016-03-15T04:54:18+0000 6.1
2016-03-15T05:09:33+0000 6.0
2016-03-15T05:24:49+0000 6.0
2016-03-15T05:40:05+0000 5.9
2016-03-15T05:55:21+0000 5.8
2016-03-15T06:10:37+0000 5.7
2016-03-15T06:25:53+0000 5.8
2016-03-15T06:41:09+0000 5.8
2016-03-15T06:56:25+0000 5.9
2016-03-15T07:11:41+0000 5.9
2016-03-15T07:26:57+0000 5.9
2016-03-15T07:42:12+0000 6.1
2016-03-15T07:57:28+0000 6.5
2016-03-15T08:12:44+0000 6.5
2016-03-15T08:28:00+0000 6.7
2016-03-15T08:43:15+0000 7.3
2016-03-15T08:58:31+0000 7.6
2016-03-15T09:13:47+0000 8.0
2016-03-15T09:29:03+0000 8.6
2016-03-15T09:44:19+0000 9.0
2016-03-15T09:59:34+0000 9.5
2016-03-15T10:14:50+0000 9.6
2016-03-15T10:30:06+0000 10.0
2016-03-15T10:45:22+0000 10.3
2016-03-15T11:00:37+0000 10.8
2016-03-15T11:15:53+0000 11.3
2016-03-15T11:31:09+0000 11.7
2016-03-15T11:46:24+0000 12.0
2016-03-15T12:01:40+0000 12.3
2016-03-15T12:16:55+0000 12.5
2016-03-15T12:32:11+0000 12.6
2016-03-15T12:47:26+0000 12.6
2016-03-15T13:02:42+0000 12.4
2016-03-15T13:17:57+0000 11.8
2016-03-15T13:33:13+0000 11.7
2016-03-15T13:48:28+0000 11.5
2016-03-15T14:03:44+0000 11.4
2016-03-15T14:19:00+0000 11.1
2016-03-15T14:34:15+0000 11.1
2016-03-15T14:49:31+0000 11.1
2016-03-15T15:04:47+0000 11.0
2016-03-15T15:20:02+0000 10.9
2016-03-15T15:35:18+0000 10.8
2016-03-15T15:50:33+0000 10.6
2016-03-15T16:05:49+0000 10.6
2016-03-15T16:21:05+0000 10.5
2016-03-15T16:36:20+0000 10.4
2016-03-15T16:51:36+0000 10.2
2016-03-15T17:06:52+0000 10.3
2016-03-15T17:22:07+0000 10.2
2016-03-15T17:37:23+0000 10.1
2016-03-15T17:52:39+0000 10.1
2016-03-15T18:07:54+0000 10.0
2016-03-15T18:23:10+0000 9.8
2016-03-15T18:38:26+0000 9.8
2016-03-15T18:53:41+0000 9.8
2016-03-15T19:08:57+0000 9.8
2016-03-15T19:24:13+0000 9.6
2016-03-15T19:39:28+0000 9.7
2016-03-15T19:54:44+0000 9.5
2016-03-15T20:09:59+0000 9.6
2016-03-15T20:25:15+0000 9.5
2016-03-15T20:40:31+0000 9.4
2016-03-15T20:55:46+0000 9.4
2016-03-15T21:11:02+0000 9.5
2016-03-15T21:26:18+0000 9.3
2016-03-15T21:41:33+0000 9.2
2016-03-15T21:56:49+0000 9.1
2016-03-15T22:12:05+0000 8.9
2016-03-15T22:27:21+0000 8.7
2016-03-15T22:42:36+0000 8.4
2016-03-15T22:57:52+0000 8.3
2016-03-15T23:13:08+0000 8.1
2016-03-15T23:28:24+0000 8.0
2016-03-15T23:43:39+0000 7.9
2016-03-15T23:58:55+0000 7.8
