2016-01-13T00:09:08+0000 7.2
2016-01-13T00:24:24+0000 7.2
2016-01-13T00:39:40+0000 7.2
2016-01-13T00:54:56+0000 7.1
2016-01-13T01:10:11+0000 7.1
2016-01-13T01:25:27+0000 6.9
2016-01-13T01:40:43+0000 7.1
2016-01-13T01:55:59+0000 7.0
2016-01-13T02:11:15+0000 6.9
2016-01-13T02:26:31+0000 7.1
2016-01-13T02:41:47+0000 7.1
2016-01-13T02:57:03+0000 6.9
2016-01-13T03:12:19+0000 6.8
2016-01-13T03:27:35+0000 6.7
2016-01-13T03:42:50+0000 6.8
2016-01-13T03:58:06+0000 6.8
2016-01-13T04:13:22+0000 6.5
2016-01-13T04:28:38+0000 6.7
2016-01-13T04:43:54+0000 6.6
2016-01-13T04:59:10+0000 6.6
2016-01-13T05:14:26+0000 6.7
2016-01-13T05:29:42+0000 6.5
2016-01-13T05:44:57+0000 6.7
2016-01-13T06:00:13+0000 6.7
2016-01-13T06:15:29+0000 6.6
2016-01-13T06:30:45+0000 6.4
2016-01-13T06:46:01+0000 6.5
2016-01-13T07:01:17+0000 6.5
2016-01-13T07:16:33+0000 6.5
2016-01-13T07:31:49+0000 6.4
2016-01-13T07:47:05+0000 6.5
2016-01-13T08:02:21+0000 6.5
2016-01-13T08:17:37+0000 6.5
2016-01-13T08:32:53+0000 6.5
2016-01-13T08:48:08+0000 6.5
2016-01-13T09:03:24+0000 6.6
2016-01-13T09:18:40+0000 6.5
2016-01-13T09:33:57+0000 6.6
2016-01-13T09:49:13+0000 6.6
2016-01-13T10:04:29+0000 6.5
2016-01-13T10:19:45+0000 6.5
2016-01-13T10:35:02+0000 6.5
2016-01-13T10:50:18+0000 6.8
2016-01-13T11:05:34+0000 6.8
2016-01-13T11:20:50+0000 6.9
2016-01-13T11:36:07+0000 6.8
2016-01-13T11:51:22+0000 7.1
2016-01-13T12:06:38+0000 7.1
2016-01-13T12:21:54+0000 7.3
2016-01-13T12:37:10+0000 7.2
2016-01-13T12:52:26+0000 7.1
2016-01-13T13:07:42+0000 7.4
2016-01-13T13:22:58+0000 7.5
2016-01-13T13:38:13+0000 7.7
2016-01-13T13:53:29+0000 8.0
2016-01-13T14:08:45+0000 8.0
2016-01-13T14:24:01+0000 8.1
2016-01-13T14:39:17+0000 8.0
2016-01-13T14:54:33+0000 7.9
2016-01-13T15:09:49+0000 7.9
2016-01-13T15:25:05+0000 8.0
2016-01-13T15:40:21+0000 8.0
2016-01-13T15:55:37+0000 7.9
2016-01-13T16:10:53+0000 8.0
2016-01-13T16:26:08+0000 7.8
2016-01-13T16:41:24+0000 7.9
2016-01-13T16:56:40+0000 7.7
2016-01-13T17:11:56+0000 7.7
2016-01-13T17:27:12+0000 7.6
2016-01-13T17:42:28+0000 7.7
2016-01-13T17:57:44+0000 7.5
2016-01-13T18:13:00+0000 7.5
2016-01-13T18:28:16+0000 7.3
2016-01-13T18:43:32+0000 7.3
2016-01-13T18:58:48+0000 7.1
2016-01-13T19:14:04+0000 7.0
2016-01-13T19:29:20+0000 7.1
2016-01-13T19:44:36+0000 6.8
2016-01-13T19:59:52+0000 6.9
2016-01-13T20:15:07+0000 6.8
2016-01-13T20:30:23+0000 6.8
2016-01-13T20:45:39+0000 6.9
2016-01-13T21:00:55+0000 6.8
2016-01-13T21:16:11+0000 6.8
2016-01-13T21:31:27+0000 6.7
2016-01-13T21:46:43+0000 6.6
2016-01-13T22:01:59+0000 6.4
2016-01-13T22:17:14+0000 6.5
2016-01-13T22:32:30+0000 6.4
2016-01-13T22:47:46+0000 6.3
2016-01-13T23:03:02+0000 6.2
2016-01-13T23:18:18+0000 6.2
2016-01-13T23:33:34+0000 6.0
2016-01-13T23:48:50+0000 5.9
