2016-05-12T00:04:19+0000 22.6
2016-05-12T00:19:33+0000 22.3
2016-05-12T00:34:48+0000 22.2
2016-05-12T00:50:03+0000 22.1
2016-05-12T01:05:17+0000 22.0
2016-05-12T01:20:32+0000 21.8
2016-05-12T01:35:47+0000 21.7
2016-05-12T01:51:01+0000 21.5
2016-05-12T02:06:16+0000 21.5
2016-05-12T02:21:31+0000 21.2
2016-05-12T02:36:45+0000 21.1
2016-05-12T02:52:00+0000 20.9
2016-05-12T03:07:15+0000 20.7
2016-05-12T03:22:30+0000 20.5
2016-05-12T03:37:44+0000 20.5
2016-05-12T03:52:59+0000 20.2
2016-05-12T04:08:14+0000 20.0
2016-05-12T04:23:29+0000 19.9
2016-05-12T04:38:43+0000 19.7
2016-05-12T04:53:58+0000 19.6
2016-05-12T05:09:13+0000 19.5
2016-05-12T05:24:28+0000 19.4
2016-05-12T05:39:43+0000 19.5
2016-05-12T05:54:57+0000 19.4
2016-05-12T06:10:12+0000 19.5
2016-05-12T06:25:27+0000 19.5
2016-05-12T06:40:42+0000 19.6
2016-05-12T06:55:57+0000 19.4
2016-05-12T07:11:12+0000 19.3
2016-05-12T07:26:27+0000 19.4
2016-05-12T07:41:41+0000 19.5
2016-05-12T07:56:56+0000 19.5
2016-05-12T08:12:11+0000 19.4
2016-05-12T08:27:26+0000 19.4
2016-05-12T08:42:41+0000 19.5
2016-05-12T08:57:55+0000 19.5
2016-05-12T09:13:10+0000 19.5
2016-05-12T09:28:25+0000 19.3
2016-05-12T09:43:40+0000 19.4
2016-05-12T09:58:55+0000 19.4
2016-05-12T10:14:10+0000 19.5
2016-05-12T10:29:25+0000 19.4
2016-05-12T10:44:39+0000 19.3
2016-05-12T10:59:54+0000 19.4
2016-05-12T11:15:09+0000 19.4
2016-05-12T11:30:24+0000 19.3
2016-05-12T11:45:39+0000 19.2
2016-05-12T12:00:53+0000 19.1
2016-05-12T12:16:08+0000 19.1
2016-05-12T12:31:23+0000 19.2
2016-05-12T12:46:38+0000 19.2
2016-05-12T13:01:53+0000 19.1
2016-05-12T13:17:08+0000 19.1
2016-05-12T13:32:22+0000 19.1
2016-05-12T13:47:37+0000 19.1
2016-05-12T14:02:52+0000 19.2
2016-05-12T14:18:07+0000 19.1
2016-05-12T14:33:22+0000 19.0
2016-05-12T14:48:37+0000 19.0
2016-05-12T15:03:52+0000 18.9
2016-05-12T15:19:07+0000 19.0
2016-05-12T15:34:22+0000 19.1
2016-05-12T15:49:37+0000 18.9
2016-05-12T16:04:51+0000 18.9
2016-05-12T16:20:06+0000 18.7
2016-05-12T16:35:21+0000 18.8
2016-05-12T16:50:36+0000 18.8
2016-05-12T17:05:51+0000 18.9
2016-05-12T17:21:05+0000 18.9
2016-05-12T17:36:20+0000 18.9
2016-05-12T17:51:35+0000 18.9
2016-05-12T18:06:50+0000 18.7
2016-05-12T18:22:05+0000 18.6
2016-05-12T18:37:19+0000 18.5
2016-05-12T18:52:34+0000 18.5
2016-05-12T19:07:49+0000 18.3
2016-05-12T19:23:04+0000 18.4
2016-05-12T19:38:19+0000 18.3
2016-05-12T19:53:34+0000 18.2
2016-05-12T20:08:48+0000 18.1
2016-05-12T20:24:03+0000 18.1
2016-05-12T20:39:18+0000 18.1
2016-05-12T20:54:33+0000 18.0
2016-05-12T21:09:48+0000 17.9
2016-05-12T21:25:03+0000 17.8
2016-05-12T21:40:18+0000 17.8
2016-05-12T21:55:32+0000 17.7
2016-05-12T22:10:47+0000 17.5
2016-05-12T22:26:02+0000 17.5
2016-05-12T22:41:17+0000 17.5
2016-05-12T22:56:32+0000 17.4
2016-05-12T23:11:47+0000 17.3
2016-05-12T23:27:02+0000 17.2
2016-05-12T23:42:17+0000 17.2
2016-05-12T23:57:31+0000 17.1
