2016-06-27T00:10:11+0000 22.1
2016-06-27T00:25:26+0000 21.9
2016-06-27T00:40:40+0000 21.7
2016-06-27T00:55:55+0000 21.5
2016-06-27T01:11:09+0000 21.2
2016-06-27T01:26:24+0000 21.1
2016-06-27T01:41:39+0000 20.9
2016-06-27T01:56:53+0000 20.7
2016-06-27T02:12:08+0000 20.5
2016-06-27T02:27:23+0000 20.2
2016-06-27T02:42:37+0000 20.1
2016-06-27T02:57:52+0000 19.9
2016-06-27T03:13:07+0000 19.6
2016-06-27T03:28:22+0000 19.5
2016-06-27T03:43:36+0000 19.4
2016-06-27T03:58:51+0000 19.1
2016-06-27T04:14:06+0000 19.0
2016-06-27T04:29:21+0000 18.8
2016-06-27T04:44:36+0000 18.7
2016-06-27T04:59:50+0000 18.5
2016-06-27T05:15:05+0000 18.5
2016-06-27T05:30:20+0000 18.5
2016-06-27T05:45:35+0000 18.5
2016-06-27T06:00:50+0000 18.5
2016-06-27T06:16:05+0000 18.6
2016-06-27T06:31:19+0000 18.9
2016-06-27T06:46:34+0000 19.1
2016-06-27T07:01:49+0000 19.5
2016-06-27T07:17:04+0000 20.1
2016-06-27T07:32:19+0000 20.9
2016-06-27T07:47:34+0000 21.6
2016-06-27T08:02:48+0000 22.4
2016-06-27T08:18:03+0000 23.4
2016-06-27T08:33:18+0000 24.2
2016-06-27T08:48:32+0000 25.1
2016-06-27T09:03:47+0000 25.9
2016-06-27T09:19:01+0000 26.8
2016-06-27T09:34:16+0000 27.6
2016-06-27T09:49:30+0000 28.2
2016-06-27T10:04:45+0000 28.7
2016-06-27T10:19:59+0000 28.9
2016-06-27T10:35:13+0000 29.0
2016-06-27T10:50:27+0000 30.0
2016-06-27T11:05:42+0000 29.8
2016-06-27T11:20:56+0000 30.2
2016-06-27T11:36:10+0000 30.8
2016-06-27T11:51:24+0000 30.8
2016-06-27T12:06:38+0000 30.8
2016-06-27T12:21:52+0000 30.5
2016-06-27T12:37:07+0000 30.8
2016-06-27T12:52:21+0000 30.8
2016-06-27T13:07:35+0000 30.8
2016-06-27T13:22:49+0000 31.0
2016-06-27T13:38:03+0000 30.9
2016-06-27T13:53:17+0000 30.7
2016-06-27T14:08:31+0000 30.8
2016-06-27T14:23:45+0000 30.8
2016-06-27T14:38:59+0000 30.6
2016-06-27T14:54:14+0000 30.9
2016-06-27T15:09:28+0000 31.3
2016-06-27T15:24:42+0000 31.3
2016-06-27T15:39:56+0000 31.1
2016-06-27T15:55:10+0000 31.1
2016-06-27T16:10:24+0000 30.8
2016-06-27T16:25:38+0000 30.5
2016-06-27T16:40:52+0000 30.2
2016-06-27T16:56:06+0000 30.0
2016-06-27T17:11:20+0000 30.0
2016-06-27T17:26:34+0000 30.1
2016-06-27T17:41:48+0000 30.2
2016-06-27T17:57:02+0000 29.9
2016-06-27T18:12:16+0000 29.5
2016-06-27T18:27:30+0000 29.0
2016-06-27T18:42:44+0000 28.8
2016-06-27T18:57:58+0000 28.5
2016-06-27T19:13:12+0000 28.1
2016-06-27T19:28:26+0000 27.8
2016-06-27T19:43:40+0000 27.5
2016-06-27T19:58:55+0000 27.3
2016-06-27T20:14:09+0000 27.0
2016-06-27T20:29:23+0000 26.7
2016-06-27T20:44:37+0000 26.5
2016-06-27T20:59:52+0000 26.2
2016-06-27T21:15:06+0000 26.0
2016-06-27T21:30:20+0000 25.7
2016-06-27T21:45:34+0000 25.6
2016-06-27T22:00:49+0000 25.2
2016-06-27T22:16:03+0000 25.2
2016-06-27T22:31:17+0000 24.9
2016-06-27T22:46:32+0000 24.7
2016-06-27T23:01:46+0000 24.5
2016-06-27T23:17:01+0000 24.4
2016-06-27T23:32:15+0000 24.1
2016-06-27T23:47:30+0000 23.8
