2016-01-26T00:05:16+0000 9.0
2016-01-26T00:20:32+0000 8.9
2016-01-26T00:35:48+0000 8.8
2016-01-26T00:51:04+0000 8.8
2016-01-26T01:06:20+0000 8.6
2016-01-26T01:21:35+0000 8.6
2016-01-26T01:36:51+0000 8.5
2016-01-26T01:52:07+0000 8.4
2016-01-26T02:07:23+0000 8.3
2016-01-26T02:22:39+0000 8.3
2016-01-26T02:37:55+0000 8.2
2016-01-26T02:53:10+0000 8.1
2016-01-26T03:08:26+0000 8.2
2016-01-26T03:23:42+0000 8.1
2016-01-26T03:38:58+0000 8.1
2016-01-26T03:54:14+0000 8.2
2016-01-26T04:09:30+0000 8.1
2016-01-26T04:24:45+0000 8.1
2016-01-26T04:40:01+0000 8.2
2016-01-26T04:55:17+0000 8.1
2016-01-26T05:10:33+0000 8.1
2016-01-26T05:25:49+0000 8.1
2016-01-26T05:41:04+0000 8.1
2016-01-26T05:56:20+0000 8.0
2016-01-26T06:11:36+0000 8.1
2016-01-26T06:26:52+0000 8.2
2016-01-26T06:42:08+0000 8.1
2016-01-26T06:57:23+0000 8.0
2016-01-26T07:12:39+0000 8.1
2016-01-26T07:27:55+0000 8.1
2016-01-26T07:43:11+0000 8.2
2016-01-26T07:58:27+0000 8.0
2016-01-26T08:13:42+0000 7.9
2016-01-26T08:28:58+0000 7.9
2016-01-26T08:44:14+0000 7.9
2016-01-26T08:59:30+0000 7.9
2016-01-26T09:14:46+0000 8.1
2016-01-26T09:30:02+0000 8.4
2016-01-26T09:45:17+0000 8.7
2016-01-26T10:00:33+0000 9.2
2016-01-26T10:15:49+0000 9.5
2016-01-26T10:31:05+0000 10.0
2016-01-26T10:46:21+0000 10.3
2016-01-26T11:01:37+0000 10.9
2016-01-26T11:16:52+0000 11.4
2016-01-26T11:32:08+0000 11.9
2016-01-26T11:47:24+0000 12.4
2016-01-26T12:02:40+0000 12.8
2016-01-26T12:17:55+0000 13.2
2016-01-26T12:33:11+0000 13.6
2016-01-26T12:48:27+0000 14.1
2016-01-26T13:03:42+0000 14.5
2016-01-26T13:18:58+0000 15.0
2016-01-26T13:34:13+0000 15.1
2016-01-26T13:49:29+0000 15.2
2016-01-26T14:04:44+0000 15.3
2016-01-26T14:20:00+0000 15.2
2016-01-26T14:35:15+0000 15.4
2016-01-26T14:50:31+0000 15.4
2016-01-26T15:05:47+0000 15.3
2016-01-26T15:21:02+0000 15.3
2016-01-26T15:36:18+0000 15.3
2016-01-26T15:51:33+0000 15.4
2016-01-26T16:06:49+0000 15.4
2016-01-26T16:22:04+0000 15.4
2016-01-26T16:37:20+0000 15.2
2016-01-26T16:52:35+0000 15.1
2016-01-26T17:07:51+0000 14.9
2016-01-26T17:23:06+0000 14.6
2016-01-26T17:38:22+0000 14.4
2016-01-26T17:53:37+0000 14.2
2016-01-26T18:08:53+0000 14.0
2016-01-26T18:24:09+0000 13.8
2016-01-26T18:39:24+0000 13.6
2016-01-26T18:54:40+0000 13.4
2016-01-26T19:09:56+0000 13.2
2016-01-26T19:25:11+0000 13.1
2016-01-26T19:40:27+0000 12.9
2016-01-26T19:55:43+0000 12.7
2016-01-26T20:10:58+0000 12.5
2016-01-26T20:26:14+0000 12.3
2016-01-26T20:41:29+0000 12.2
2016-01-26T20:56:45+0000 11.9
2016-01-26T21:12:01+0000 11.8
2016-01-26T21:27:16+0000 11.6
2016-01-26T21:42:32+0000 11.5
2016-01-26T21:57:48+0000 11.5
2016-01-26T22:13:03+0000 11.4
2016-01-26T22:28:19+0000 11.5
2016-01-26T22:43:35+0000 11.4
2016-01-26T22:58:51+0000 11.5
2016-01-26T23:14:06+0000 11.5
2016-01-26T23:29:22+0000 11.6
2016-01-26T23:44:38+0000 11.6
2016-01-26T23:59:54+0000 11.8
