2016-06-17T00:02:49+0000 20.0
2016-06-17T00:18:04+0000 19.9
2016-06-17T00:33:19+0000 19.8
2016-06-17T00:48:34+0000 19.5
2016-06-17T01:03:49+0000 19.3
2016-06-17T01:19:04+0000 19.3
2016-06-17T01:34:19+0000 19.1
2016-06-17T01:49:33+0000 19.0
2016-06-17T02:04:48+0000 18.9
2016-06-17T02:20:03+0000 18.7
2016-06-17T02:35:18+0000 18.6
2016-06-17T02:50:33+0000 18.5
2016-06-17T03:05:48+0000 18.4
2016-06-17T03:21:03+0000 18.1
2016-06-17T03:36:18+0000 18.2
2016-06-17T03:51:33+0000 17.9
2016-06-17T04:06:48+0000 17.9
2016-06-17T04:22:03+0000 17.9
2016-06-17T04:37:18+0000 17.7
2016-06-17T04:52:33+0000 17.8
2016-06-17T05:07:48+0000 17.7
2016-06-17T05:23:03+0000 17.7
2016-06-17T05:38:18+0000 17.6
2016-06-17T05:53:33+0000 17.6
2016-06-17T06:08:48+0000 17.6
2016-06-17T06:24:03+0000 17.4
2016-06-17T06:39:18+0000 17.5
2016-06-17T06:54:33+0000 17.5
2016-06-17T07:09:48+0000 17.6
2016-06-17T07:25:03+0000 17.7
2016-06-17T07:40:18+0000 17.7
2016-06-17T07:55:33+0000 17.9
2016-06-17T08:10:48+0000 18.0
2016-06-17T08:26:03+0000 18.1
2016-06-17T08:41:18+0000 18.5
2016-06-17T08:56:33+0000 18.9
2016-06-17T09:11:48+0000 19.3
2016-06-17T09:27:03+0000 19.7
2016-06-17T09:42:18+0000 20.1
2016-06-17T09:57:32+0000 19.8
2016-06-17T10:12:47+0000 19.7
2016-06-17T10:28:02+0000 19.7
2016-06-17T10:43:17+0000 20.2
2016-06-17T10:58:32+0000 20.3
2016-06-17T11:13:46+0000 20.0
2016-06-17T11:29:01+0000 19.6
2016-06-17T11:44:16+0000 19.4
2016-06-17T11:59:31+0000 19.5
2016-06-17T12:14:46+0000 19.7
2016-06-17T12:30:00+0000 20.2
2016-06-17T12:45:15+0000 20.4
2016-06-17T13:00:30+0000 20.8
2016-06-17T13:15:45+0000 21.6
2016-06-17T13:30:59+0000 22.7
2016-06-17T13:46:14+0000 23.0
2016-06-17T14:01:28+0000 22.0
2016-06-17T14:16:43+0000 21.4
2016-06-17T14:31:58+0000 21.1
2016-06-17T14:47:13+0000 20.8
2016-06-17T15:02:27+0000 20.7
2016-06-17T15:17:42+0000 20.4
2016-06-17T15:32:57+0000 20.5
2016-06-17T15:48:12+0000 20.6
2016-06-17T16:03:26+0000 20.1
2016-06-17T16:18:41+0000 20.0
2016-06-17T16:33:56+0000 19.7
2016-06-17T16:49:11+0000 19.7
2016-06-17T17:04:26+0000 19.8
2016-06-17T17:19:41+0000 19.7
2016-06-17T17:34:56+0000 19.8
2016-06-17T17:50:10+0000 20.1
2016-06-17T18:05:25+0000 20.2
2016-06-17T18:20:40+0000 20.5
2016-06-17T18:35:55+0000 20.6
2016-06-17T18:51:10+0000 20.6
2016-06-17T19:06:24+0000 20.4
2016-06-17T19:21:39+0000 20.3
2016-06-17T19:36:54+0000 20.1
2016-06-17T19:52:09+0000 19.8
2016-06-17T20:07:24+0000 19.5
2016-06-17T20:22:39+0000 19.3
2016-06-17T20:37:54+0000 19.1
2016-06-17T20:53:09+0000 18.9
2016-06-17T21:08:23+0000 18.6
2016-06-17T21:23:38+0000 18.5
2016-06-17T21:38:53+0000 18.3
2016-06-17T21:54:08+0000 18.1
2016-06-17T22:09:23+0000 17.9
2016-06-17T22:24:38+0000 17.9
2016-06-17T22:39:53+0000 17.7
2016-06-17T22:55:08+0000 17.7
2016-06-17T23:10:23+0000 17.3
2016-06-17T23:25:38+0000 17.2
2016-06-17T23:40:53+0000 17.1
2016-06-17T23:56:08+0000 16.9
