2016-08-17T00:02:09+0000 26.2
2016-08-17T00:17:24+0000 25.8
2016-08-17T00:32:38+0000 25.5
2016-08-17T00:47:52+0000 25.2
2016-08-17T01:03:07+0000 25.0
2016-08-17T01:18:21+0000 24.8
2016-08-17T01:33:36+0000 24.4
2016-08-17T01:48:50+0000 24.2
2016-08-17T02:04:05+0000 23.9
2016-08-17T02:19:19+0000 23.7
2016-08-17T02:34:34+0000 23.5
2016-08-17T02:49:48+0000 23.3
2016-08-17T03:05:03+0000 23.1
2016-08-17T03:20:17+0000 22.9
2016-08-17T03:35:32+0000 22.7
2016-08-17T03:50:46+0000 22.6
2016-08-17T04:06:01+0000 22.4
2016-08-17T04:21:16+0000 22.2
2016-08-17T04:36:30+0000 22.0
2016-08-17T04:51:45+0000 21.8
2016-08-17T05:07:00+0000 21.7
2016-08-17T05:22:14+0000 21.5
2016-08-17T05:37:29+0000 21.4
2016-08-17T05:52:44+0000 21.2
2016-08-17T06:07:58+0000 21.1
2016-08-17T06:23:13+0000 21.1
2016-08-17T06:38:28+0000 21.1
2016-08-17T06:53:43+0000 21.2
2016-08-17T07:08:57+0000 21.2
2016-08-17T07:24:12+0000 21.4
2016-08-17T07:39:27+0000 21.5
2016-08-17T07:54:41+0000 21.8
2016-08-17T08:09:56+0000 22.1
2016-08-17T08:25:11+0000 22.7
2016-08-17T08:40:25+0000 23.1
2016-08-17T08:55:40+0000 23.3
2016-08-17T09:10:54+0000 23.8
2016-08-17T09:26:09+0000 24.1
2016-08-17T09:41:24+0000 24.5
2016-08-17T09:56:38+0000 24.9
2016-08-17T10:11:53+0000 25.2
2016-08-17T10:27:07+0000 25.6
2016-08-17T10:42:22+0000 25.9
2016-08-17T10:57:36+0000 26.3
2016-08-17T11:12:51+0000 27.6
2016-08-17T11:28:05+0000 28.9
2016-08-17T11:43:20+0000 30.2
2016-08-17T11:58:34+0000 31.2
2016-08-17T12:13:48+0000 32.1
2016-08-17T12:29:02+0000 32.8
2016-08-17T12:44:16+0000 33.5
2016-08-17T12:59:30+0000 34.1
2016-08-17T13:14:44+0000 34.8
2016-08-17T13:29:58+0000 35.1
2016-08-17T13:45:12+0000 35.5
2016-08-17T14:00:25+0000 35.8
2016-08-17T14:15:39+0000 36.0
2016-08-17T14:30:53+0000 36.2
2016-08-17T14:46:06+0000 36.4
2016-08-17T15:01:20+0000 36.5
2016-08-17T15:16:34+0000 36.7
2016-08-17T15:31:47+0000 36.6
2016-08-17T15:47:01+0000 36.7
2016-08-17T16:02:15+0000 36.7
2016-08-17T16:17:28+0000 36.6
2016-08-17T16:32:42+0000 36.4
2016-08-17T16:47:55+0000 36.3
2016-08-17T17:03:09+0000 36.1
2016-08-17T17:18:23+0000 35.6
2016-08-17T17:33:36+0000 35.2
2016-08-17T17:48:50+0000 35.1
2016-08-17T18:04:04+0000 35.0
2016-08-17T18:19:17+0000 34.7
2016-08-17T18:34:31+0000 34.3
2016-08-17T18:49:45+0000 33.6
2016-08-17T19:04:59+0000 33.0
2016-08-17T19:20:13+0000 32.5
2016-08-17T19:35:27+0000 31.9
2016-08-17T19:50:41+0000 31.3
2016-08-17T20:05:55+0000 30.9
2016-08-17T20:21:09+0000 30.5
2016-08-17T20:36:23+0000 30.0
2016-08-17T20:51:37+0000 29.5
2016-08-17T21:06:51+0000 29.1
2016-08-17T21:22:05+0000 28.7
2016-08-17T21:37:20+0000 28.3
2016-08-17T21:52:34+0000 27.9
2016-08-17T22:07:48+0000 27.6
2016-08-17T22:23:02+0000 27.2
2016-08-17T22:38:17+0000 26.9
2016-08-17T22:53:31+0000 26.5
2016-08-17T23:08:45+0000 26.3
2016-08-17T23:24:00+0000 26.0
2016-08-17T23:39:14+0000 25.7
2016-08-17T23:54:29+0000 25.3
