2016-09-14T00:07:46+0000 27.1
2016-09-14T00:23:01+0000 26.8
2016-09-14T00:38:15+0000 26.5
2016-09-14T00:53:30+0000 26.3
2016-09-14T01:08:44+0000 26.0
2016-09-14T01:23:59+0000 25.8
2016-09-14T01:39:14+0000 25.6
2016-09-14T01:54:28+0000 25.3
2016-09-14T02:09:43+0000 25.1
2016-09-14T02:24:58+0000 25.0
2016-09-14T02:40:12+0000 24.7
2016-09-14T02:55:27+0000 24.5
2016-09-14T03:10:42+0000 24.4
2016-09-14T03:25:56+0000 24.2
2016-09-14T03:41:11+0000 23.9
2016-09-14T03:56:26+0000 23.7
2016-09-14T04:11:41+0000 23.5
2016-09-14T04:26:55+0000 23.3
2016-09-14T04:42:10+0000 23.2
2016-09-14T04:57:25+0000 23.0
2016-09-14T05:12:40+0000 22.7
2016-09-14T05:27:55+0000 22.5
2016-09-14T05:43:09+0000 22.4
2016-09-14T05:58:24+0000 22.3
2016-09-14T06:13:39+0000 22.2
2016-09-14T06:28:54+0000 22.0
2016-09-14T06:44:09+0000 21.9
2016-09-14T06:59:24+0000 22.1
2016-09-14T07:14:39+0000 22.3
2016-09-14T07:29:53+0000 22.7
2016-09-14T07:45:08+0000 23.2
2016-09-14T08:00:23+0000 23.8
2016-09-14T08:15:38+0000 24.5
2016-09-14T08:30:53+0000 25.2
2016-09-14T08:46:08+0000 25.9
2016-09-14T09:01:22+0000 26.6
2016-09-14T09:16:37+0000 27.5
2016-09-14T09:31:51+0000 28.4
2016-09-14T09:47:06+0000 29.2
2016-09-14T10:02:20+0000 30.0
2016-09-14T10:17:35+0000 30.8
2016-09-14T10:32:49+0000 31.7
2016-09-14T10:48:04+0000 32.3
2016-09-14T11:03:18+0000 33.2
2016-09-14T11:18:32+0000 34.0
2016-09-14T11:33:47+0000 34.8
2016-09-14T11:49:01+0000 35.5
2016-09-14T12:04:15+0000 35.9
2016-09-14T12:19:29+0000 36.3
2016-09-14T12:34:43+0000 36.5
2016-09-14T12:49:56+0000 36.7
2016-09-14T13:05:10+0000 36.9
2016-09-14T13:20:24+0000 37.1
2016-09-14T13:35:38+0000 37.3
2016-09-14T13:50:52+0000 37.5
2016-09-14T14:06:06+0000 37.7
2016-09-14T14:21:19+0000 37.9
2016-09-14T14:36:33+0000 37.9
2016-09-14T14:51:47+0000 37.8
2016-09-14T15:07:00+0000 37.7
2016-09-14T15:22:14+0000 37.7
2016-09-14T15:37:28+0000 37.6
2016-09-14T15:52:42+0000 37.4
2016-09-14T16:07:55+0000 37.2
2016-09-14T16:23:09+0000 37.0
2016-09-14T16:38:23+0000 36.9
2016-09-14T16:53:37+0000 36.6
2016-09-14T17:08:50+0000 36.4
2016-09-14T17:24:04+0000 36.2
2016-09-14T17:39:18+0000 35.8
2016-09-14T17:54:32+0000 35.4
2016-09-14T18:09:45+0000 35.0
2016-09-14T18:24:59+0000 34.3
2016-09-14T18:40:13+0000 33.9
2016-09-14T18:55:27+0000 33.4
2016-09-14T19:10:41+0000 32.9
2016-09-14T19:25:55+0000 32.3
2016-09-14T19:41:09+0000 31.8
2016-09-14T19:56:23+0000 31.4
2016-09-14T20:11:37+0000 31.0
2016-09-14T20:26:52+0000 30.6
2016-09-14T20:42:06+0000 30.3
2016-09-14T20:57:20+0000 29.9
2016-09-14T21:12:34+0000 29.5
2016-09-14T21:27:49+0000 29.2
2016-09-14T21:43:03+0000 28.7
2016-09-14T21:58:17+0000 28.5
2016-09-14T22:13:32+0000 28.1
2016-09-14T22:28:46+0000 27.9
2016-09-14T22:44:01+0000 27.5
2016-09-14T22:59:15+0000 27.3
2016-09-14T23:14:30+0000 27.0
2016-09-14T23:29:44+0000 26.6
2016-09-14T23:44:59+0000 26.5
