2016-05-28T00:14:09+0000 25.5
2016-05-28T00:29:23+0000 25.2
2016-05-28T00:44:38+0000 25.1
2016-05-28T00:59:52+0000 25.0
2016-05-28T01:15:06+0000 24.7
2016-05-28T01:30:20+0000 24.5
2016-05-28T01:45:35+0000 24.4
2016-05-28T02:00:49+0000 24.2
2016-05-28T02:16:03+0000 24.1
2016-05-28T02:31:18+0000 23.8
2016-05-28T02:46:32+0000 23.7
2016-05-28T03:01:46+0000 23.4
2016-05-28T03:17:01+0000 23.3
2016-05-28T03:32:15+0000 23.2
2016-05-28T03:47:29+0000 23.0
2016-05-28T04:02:44+0000 22.9
2016-05-28T04:17:58+0000 22.8
2016-05-28T04:33:13+0000 22.7
2016-05-28T04:48:27+0000 22.5
2016-05-28T05:03:41+0000 22.4
2016-05-28T05:18:56+0000 22.3
2016-05-28T05:34:10+0000 22.3
2016-05-28T05:49:25+0000 22.2
2016-05-28T06:04:39+0000 22.2
2016-05-28T06:19:54+0000 22.2
2016-05-28T06:35:08+0000 22.5
2016-05-28T06:50:23+0000 22.9
2016-05-28T07:05:37+0000 23.4
2016-05-28T07:20:51+0000 23.6
2016-05-28T07:36:06+0000 24.0
2016-05-28T07:51:20+0000 24.7
2016-05-28T08:06:35+0000 25.0
2016-05-28T08:21:49+0000 25.2
2016-05-28T08:37:03+0000 26.0
2016-05-28T08:52:18+0000 26.6
2016-05-28T09:07:32+0000 26.9
2016-05-28T09:22:46+0000 27.0
2016-05-28T09:38:00+0000 27.3
2016-05-28T09:53:14+0000 27.5
2016-05-28T10:08:28+0000 27.7
2016-05-28T10:23:43+0000 27.9
2016-05-28T10:38:57+0000 28.1
2016-05-28T10:54:11+0000 28.1
2016-05-28T11:09:25+0000 28.2
2016-05-28T11:24:39+0000 29.1
2016-05-28T11:39:53+0000 30.1
2016-05-28T11:55:07+0000 30.8
2016-05-28T12:10:21+0000 31.2
2016-05-28T12:25:35+0000 31.4
2016-05-28T12:40:49+0000 31.5
2016-05-28T12:56:03+0000 31.6
2016-05-28T13:11:17+0000 32.6
2016-05-28T13:26:31+0000 33.7
2016-05-28T13:41:44+0000 33.9
2016-05-28T13:56:58+0000 34.2
2016-05-28T14:12:12+0000 34.4
2016-05-28T14:27:25+0000 33.9
2016-05-28T14:42:39+0000 33.5
2016-05-28T14:57:53+0000 33.2
2016-05-28T15:13:06+0000 32.9
2016-05-28T15:28:20+0000 32.7
2016-05-28T15:43:34+0000 32.4
2016-05-28T15:58:47+0000 32.5
2016-05-28T16:14:01+0000 32.4
2016-05-28T16:29:15+0000 32.3
2016-05-28T16:44:29+0000 32.4
2016-05-28T16:59:42+0000 32.3
2016-05-28T17:14:56+0000 32.3
2016-05-28T17:30:10+0000 32.2
2016-05-28T17:45:24+0000 32.1
2016-05-28T18:00:37+0000 32.0
2016-05-28T18:15:51+0000 31.7
2016-05-28T18:31:05+0000 31.1
2016-05-28T18:46:19+0000 30.7
2016-05-28T19:01:32+0000 30.1
2016-05-28T19:16:46+0000 29.5
2016-05-28T19:32:00+0000 29.0
2016-05-28T19:47:14+0000 28.7
2016-05-28T20:02:28+0000 28.4
2016-05-28T20:17:42+0000 28.0
2016-05-28T20:32:56+0000 27.6
2016-05-28T20:48:10+0000 27.1
2016-05-28T21:03:24+0000 26.8
2016-05-28T21:18:38+0000 26.4
2016-05-28T21:33:52+0000 25.9
2016-05-28T21:49:06+0000 25.7
2016-05-28T22:04:20+0000 25.4
2016-05-28T22:19:35+0000 25.1
2016-05-28T22:34:49+0000 24.9
2016-05-28T22:50:03+0000 24.6
2016-05-28T23:05:18+0000 24.3
2016-05-28T23:20:32+0000 24.2
2016-05-28T23:35:47+0000 23.9
2016-05-28T23:51:01+0000 23.8
