2016-01-01T00:13:42+0000 8.2
2016-01-01T00:28:58+0000 8.3
2016-01-01T00:44:13+0000 8.2
2016-01-01T00:59:29+0000 8.2
2016-01-01T01:14:45+0000 8.3
2016-01-01T01:30:01+0000 8.1
2016-01-01T01:45:17+0000 8.2
2016-01-01T02:00:32+0000 8.2
2016-01-01T02:15:48+0000 8.3
2016-01-01T02:31:04+0000 8.2
2016-01-01T02:46:20+0000 8.4
2016-01-01T03:01:36+0000 8.3
2016-01-01T03:16:52+0000 8.3
2016-01-01T03:32:08+0000 8.4
2016-01-01T03:47:23+0000 8.5
2016-01-01T04:02:39+0000 8.4
2016-01-01T04:17:55+0000 8.4
2016-01-01T04:33:11+0000 8.6
2016-01-01T04:48:27+0000 8.6
2016-01-01T05:03:43+0000 8.4
2016-01-01T05:18:58+0000 8.4
2016-01-01T05:34:14+0000 8.5
2016-01-01T05:49:30+0000 8.5
2016-01-01T06:04:46+0000 8.4
2016-01-01T06:20:02+0000 8.4
2016-01-01T06:35:17+0000 8.4
2016-01-01T06:50:33+0000 8.5
2016-01-01T07:05:49+0000 8.5
2016-01-01T07:21:05+0000 8.4
2016-01-01T07:36:21+0000 8.4
2016-01-01T07:51:37+0000 8.3
2016-01-01T08:06:52+0000 8.2
2016-01-01T08:22:08+0000 8.2
2016-01-01T08:37:24+0000 8.2
2016-01-01T08:52:40+0000 8.3
2016-01-01T09:07:56+0000 8.3
2016-01-01T09:23:12+0000 8.4
2016-01-01T09:38:27+0000 8.4
2016-01-01T09:53:43+0000 8.5
2016-01-01T10:08:59+0000 8.5
2016-01-01T10:24:15+0000 8.8
2016-01-01T10:39:31+0000 8.8
2016-01-01T10:54:46+0000 9.0
2016-01-01T11:10:02+0000 9.2
2016-01-01T11:25:18+0000 9.4
2016-01-01T11:40:34+0000 9.6
2016-01-01T11:55:50+0000 9.8
2016-01-01T12:11:06+0000 10.0
2016-01-01T12:26:21+0000 10.4
2016-01-01T12:41:37+0000 10.7
2016-01-01T12:56:53+0000 10.9
2016-01-01T13:12:09+0000 11.1
2016-01-01T13:27:25+0000 11.3
2016-01-01T13:42:40+0000 11.7
2016-01-01T13:57:56+0000 11.9
2016-01-01T14:13:12+0000 11.5
2016-01-01T14:28:27+0000 11.6
2016-01-01T14:43:43+0000 11.4
2016-01-01T14:58:59+0000 11.3
2016-01-01T15:14:14+0000 11.2
2016-01-01T15:29:30+0000 11.1
2016-01-01T15:44:46+0000 10.8
2016-01-01T16:00:02+0000 10.7
2016-01-01T16:15:17+0000 10.6
2016-01-01T16:30:33+0000 10.5
2016-01-01T16:45:49+0000 10.2
2016-01-01T17:01:04+0000 10.2
2016-01-01T17:16:20+0000 10.0
2016-01-01T17:31:36+0000 9.8
2016-01-01T17:46:51+0000 9.5
2016-01-01T18:02:07+0000 9.7
2016-01-01T18:17:23+0000 9.7
2016-01-01T18:32:38+0000 9.7
2016-01-01T18:47:54+0000 9.7
2016-01-01T19:03:10+0000 9.6
2016-01-01T19:18:25+0000 9.5
2016-01-01T19:33:41+0000 9.6
2016-01-01T19:48:57+0000 9.7
2016-01-01T20:04:13+0000 9.5
2016-01-01T20:19:28+0000 9.3
2016-01-01T20:34:44+0000 9.1
2016-01-01T20:50:00+0000 9.2
2016-01-01T21:05:16+0000 9.1
2016-01-01T21:20:31+0000 9.0
2016-01-01T21:35:47+0000 8.9
2016-01-01T21:51:03+0000 8.9
2016-01-01T22:06:19+0000 8.8
2016-01-01T22:21:35+0000 8.7
2016-01-01T22:36:50+0000 8.7
2016-01-01T22:52:06+0000 8.5
2016-01-01T23:07:22+0000 8.4
2016-01-01T23:22:38+0000 8.6
2016-01-01T23:37:54+0000 8.4
2016-01-01T23:53:09+0000 8.2
