2016-07-22T00:00:24+0000 27.9
2016-07-22T00:15:38+0000 27.6
2016-07-22T00:30:52+0000 27.5
2016-07-22T00:46:07+0000 27.1
2016-07-22T01:01:21+0000 26.9
2016-07-22T01:16:35+0000 26.6
2016-07-22T01:31:49+0000 26.5
2016-07-22T01:47:04+0000 26.3
2016-07-22T02:02:18+0000 26.0
2016-07-22T02:17:32+0000 25.9
2016-07-22T02:32:47+0000 25.6
2016-07-22T02:48:01+0000 25.3
2016-07-22T03:03:16+0000 25.3
2016-07-22T03:18:30+0000 25.2
2016-07-22T03:33:44+0000 25.0
2016-07-22T03:48:59+0000 24.7
2016-07-22T04:04:14+0000 24.5
2016-07-22T04:19:28+0000 24.5
2016-07-22T04:34:43+0000 24.2
2016-07-22T04:49:57+0000 24.1
2016-07-22T05:05:12+0000 23.9
2016-07-22T05:20:26+0000 23.7
2016-07-22T05:35:41+0000 23.8
2016-07-22T05:50:55+0000 23.7
2016-07-22T06:06:10+0000 23.8
2016-07-22T06:21:25+0000 24.0
2016-07-22T06:36:39+0000 24.2
2016-07-22T06:51:54+0000 24.4
2016-07-22T07:07:08+0000 24.6
2016-07-22T07:22:23+0000 25.2
2016-07-22T07:37:37+0000 25.9
2016-07-22T07:52:52+0000 26.8
2016-07-22T08:08:06+0000 27.4
2016-07-22T08:23:21+0000 28.1
2016-07-22T08:38:35+0000 29.1
2016-07-22T08:53:49+0000 30.1
2016-07-22T09:09:04+0000 30.9
2016-07-22T09:24:18+0000 31.9
2016-07-22T09:39:32+0000 32.7
2016-07-22T09:54:46+0000 33.7
2016-07-22T10:10:00+0000 34.4
2016-07-22T10:25:14+0000 35.0
2016-07-22T10:40:28+0000 35.7
2016-07-22T10:55:42+0000 36.3
2016-07-22T11:10:55+0000 36.9
2016-07-22T11:26:09+0000 37.6
2016-07-22T11:41:23+0000 38.2
2016-07-22T11:56:36+0000 38.6
2016-07-22T12:11:50+0000 38.9
2016-07-22T12:27:03+0000 39.4
2016-07-22T12:42:17+0000 39.5
2016-07-22T12:57:30+0000 39.6
2016-07-22T13:12:43+0000 39.6
2016-07-22T13:27:57+0000 39.4
2016-07-22T13:43:10+0000 39.3
2016-07-22T13:58:24+0000 39.1
2016-07-22T14:13:37+0000 38.9
2016-07-22T14:28:50+0000 38.9
2016-07-22T14:44:04+0000 39.2
2016-07-22T14:59:17+0000 39.5
2016-07-22T15:14:30+0000 39.5
2016-07-22T15:29:44+0000 39.2
2016-07-22T15:44:57+0000 38.7
2016-07-22T16:00:10+0000 38.5
2016-07-22T16:15:23+0000 38.2
2016-07-22T16:30:37+0000 37.8
2016-07-22T16:45:50+0000 37.4
2016-07-22T17:01:03+0000 36.9
2016-07-22T17:16:17+0000 36.4
2016-07-22T17:31:30+0000 35.9
2016-07-22T17:46:44+0000 35.2
2016-07-22T18:01:57+0000 34.6
2016-07-22T18:17:11+0000 33.6
2016-07-22T18:32:24+0000 32.9
2016-07-22T18:47:38+0000 32.3
2016-07-22T19:02:52+0000 31.9
2016-07-22T19:18:06+0000 31.4
2016-07-22T19:33:19+0000 31.0
2016-07-22T19:48:33+0000 30.7
2016-07-22T20:03:47+0000 30.3
2016-07-22T20:19:01+0000 30.0
2016-07-22T20:34:15+0000 29.6
2016-07-22T20:49:29+0000 29.3
2016-07-22T21:04:43+0000 29.2
2016-07-22T21:19:57+0000 28.9
2016-07-22T21:35:11+0000 28.7
2016-07-22T21:50:25+0000 28.4
2016-07-22T22:05:39+0000 28.3
2016-07-22T22:20:53+0000 28.0
2016-07-22T22:36:08+0000 27.8
2016-07-22T22:51:22+0000 27.6
2016-07-22T23:06:36+0000 27.5
2016-07-22T23:21:50+0000 27.3
2016-07-22T23:37:04+0000 27.1
2016-07-22T23:52:19+0000 27.0
