2016-04-18T00:12:12+0000 12.7
2016-04-18T00:27:27+0000 12.7
2016-04-18T00:42:42+0000 12.6
2016-04-18T00:57:57+0000 12.6
2016-04-18T01:13:12+0000 12.6
2016-04-18T01:28:28+0000 12.4
2016-04-18T01:43:43+0000 12.3
2016-04-18T01:58:58+0000 12.3
2016-04-18T02:14:13+0000 12.3
2016-04-18T02:29:29+0000 12.3
2016-04-18T02:44:44+0000 12.3
2016-04-18T02:59:59+0000 12.2
2016-04-18T03:15:14+0000 12.2
2016-04-18T03:30:30+0000 12.0
2016-04-18T03:45:45+0000 12.0
2016-04-18T04:01:00+0000 12.1
2016-04-18T04:16:15+0000 12.0
2016-04-18T04:31:31+0000 12.0
2016-04-18T04:46:46+0000 11.9
2016-04-18T05:02:01+0000 11.9
2016-04-18T05:17:16+0000 11.8
2016-04-18T05:32:32+0000 11.9
2016-04-18T05:47:47+0000 11.9
2016-04-18T06:03:02+0000 12.0
2016-04-18T06:18:17+0000 12.0
2016-04-18T06:33:33+0000 12.0
2016-04-18T06:48:48+0000 12.0
2016-04-18T07:04:03+0000 11.9
2016-04-18T07:19:18+0000 12.0
2016-04-18T07:34:34+0000 12.1
2016-04-18T07:49:49+0000 12.2
2016-04-18T08:05:04+0000 12.7
2016-04-18T08:20:19+0000 12.9
2016-04-18T08:35:34+0000 13.1
2016-04-18T08:50:50+0000 13.4
2016-04-18T09:06:05+0000 13.7
2016-04-18T09:21:20+0000 14.0
2016-04-18T09:36:35+0000 14.5
2016-04-18T09:51:50+0000 14.8
2016-04-18T10:07:05+0000 15.2
2016-04-18T10:22:21+0000 15.8
2016-04-18T10:37:36+0000 16.3
2016-04-18T10:52:51+0000 17.5
2016-04-18T11:08:06+0000 18.2
2016-04-18T11:23:21+0000 18.4
2016-04-18T11:38:36+0000 18.7
2016-04-18T11:53:51+0000 19.0
2016-04-18T12:09:06+0000 19.2
2016-04-18T12:24:21+0000 19.0
2016-04-18T12:39:36+0000 19.0
2016-04-18T12:54:51+0000 18.9
2016-04-18T13:10:06+0000 19.0
2016-04-18T13:25:21+0000 18.8
2016-04-18T13:40:36+0000 18.7
2016-04-18T13:55:50+0000 18.9
2016-04-18T14:11:05+0000 19.2
2016-04-18T14:26:20+0000 19.4
2016-04-18T14:41:35+0000 19.7
2016-04-18T14:56:50+0000 19.9
2016-04-18T15:12:05+0000 19.9
2016-04-18T15:27:20+0000 19.9
2016-04-18T15:42:34+0000 19.7
2016-04-18T15:57:49+0000 19.7
2016-04-18T16:13:04+0000 19.6
2016-04-18T16:28:19+0000 19.5
2016-04-18T16:43:34+0000 19.5
2016-04-18T16:58:49+0000 19.3
2016-04-18T17:14:04+0000 19.2
2016-04-18T17:29:19+0000 19.1
2016-04-18T17:44:33+0000 19.0
2016-04-18T17:59:48+0000 18.8
2016-04-18T18:15:03+0000 18.7
2016-04-18T18:30:18+0000 18.4
2016-04-18T18:45:33+0000 17.9
2016-04-18T19:00:48+0000 17.6
2016-04-18T19:16:03+0000 17.2
2016-04-18T19:31:18+0000 17.2
2016-04-18T19:46:33+0000 16.8
2016-04-18T20:01:48+0000 16.7
2016-04-18T20:17:03+0000 16.6
2016-04-18T20:32:18+0000 16.6
2016-04-18T20:47:33+0000 16.5
2016-04-18T21:02:48+0000 16.2
2016-04-18T21:18:03+0000 16.1
2016-04-18T21:33:18+0000 15.9
2016-04-18T21:48:33+0000 15.8
2016-04-18T22:03:49+0000 15.7
2016-04-18T22:19:04+0000 15.5
2016-04-18T22:34:19+0000 15.4
2016-04-18T22:49:34+0000 15.2
2016-04-18T23:04:49+0000 15.1
2016-04-18T23:20:04+0000 14.9
2016-04-18T23:35:19+0000 14.8
2016-04-18T23:50:34+0000 14.7
