2016-04-04T00:09:45+0000 18.8
2016-04-04T00:25:00+0000 18.6
2016-04-04T00:40:14+0000 18.5
2016-04-04T00:55:30+0000 18.4
2016-04-04T01:10:45+0000 18.3
2016-04-04T01:26:00+0000 18.1
2016-04-04T01:41:15+0000 17.9
2016-04-04T01:56:30+0000 18.0
2016-04-04T02:11:45+0000 17.7
2016-04-04T02:27:00+0000 17.7
2016-04-04T02:42:15+0000 17.6
2016-04-04T02:57:30+0000 17.5
2016-04-04T03:12:45+0000 17.4
2016-04-04T03:28:00+0000 17.2
2016-04-04T03:43:15+0000 17.3
2016-04-04T03:58:31+0000 17.2
2016-04-04T04:13:46+0000 17.2
2016-04-04T04:29:01+0000 17.0
2016-04-04T04:44:16+0000 16.9
2016-04-04T04:59:31+0000 16.9
2016-04-04T05:14:46+0000 16.8
2016-04-04T05:30:01+0000 16.7
2016-04-04T05:45:17+0000 16.6
2016-04-04T06:00:32+0000 16.5
2016-04-04T06:15:47+0000 16.3
2016-04-04T06:31:02+0000 16.1
2016-04-04T06:46:18+0000 16.1
2016-04-04T07:01:33+0000 16.3
2016-04-04T07:16:48+0000 16.7
2016-04-04T07:32:03+0000 17.2
2016-04-04T07:47:18+0000 17.3
2016-04-04T08:02:33+0000 17.7
2016-04-04T08:17:48+0000 17.8
2016-04-04T08:33:03+0000 17.7
2016-04-04T08:48:19+0000 17.7
2016-04-04T09:03:34+0000 17.8
2016-04-04T09:18:49+0000 17.3
2016-04-04T09:34:04+0000 17.4
2016-04-04T09:49:19+0000 17.5
2016-04-04T10:04:34+0000 17.5
2016-04-04T10:19:50+0000 17.5
2016-04-04T10:35:05+0000 17.4
2016-04-04T10:50:20+0000 17.4
2016-04-04T11:05:35+0000 17.4
2016-04-04T11:20:50+0000 17.3
2016-04-04T11:36:05+0000 17.5
2016-04-04T11:51:20+0000 17.6
2016-04-04T12:06:35+0000 17.7
2016-04-04T12:21:50+0000 17.9
2016-04-04T12:37:06+0000 18.2
2016-04-04T12:52:21+0000 18.2
2016-04-04T13:07:36+0000 18.3
2016-04-04T13:22:51+0000 18.4
2016-04-04T13:38:06+0000 18.5
2016-04-04T13:53:21+0000 18.8
2016-04-04T14:08:36+0000 18.8
2016-04-04T14:23:51+0000 19.1
2016-04-04T14:39:06+0000 19.5
2016-04-04T14:54:21+0000 19.6
2016-04-04T15:09:36+0000 19.5
2016-04-04T15:24:51+0000 19.4
2016-04-04T15:40:06+0000 19.4
2016-04-04T15:55:21+0000 19.4
2016-04-04T16:10:36+0000 19.5
2016-04-04T16:25:51+0000 19.2
2016-04-04T16:41:06+0000 19.2
2016-04-04T16:56:21+0000 19.3
2016-04-04T17:11:36+0000 19.3
2016-04-04T17:26:51+0000 19.4
2016-04-04T17:42:06+0000 19.3
2016-04-04T17:57:21+0000 19.3
2016-04-04T18:12:36+0000 19.1
2016-04-04T18:27:51+0000 19.0
2016-04-04T18:43:06+0000 18.9
2016-04-04T18:58:21+0000 18.9
2016-04-04T19:13:37+0000 18.7
2016-04-04T19:28:52+0000 18.5
2016-04-04T19:44:07+0000 18.3
2016-04-04T19:59:22+0000 18.1
2016-04-04T20:14:37+0000 17.9
2016-04-04T20:29:52+0000 17.8
2016-04-04T20:45:07+0000 17.6
2016-04-04T21:00:22+0000 17.5
2016-04-04T21:15:37+0000 17.4
2016-04-04T21:30:52+0000 17.2
2016-04-04T21:46:07+0000 17.2
2016-04-04T22:01:22+0000 17.0
2016-04-04T22:16:38+0000 16.9
2016-04-04T22:31:53+0000 16.7
2016-04-04T22:47:08+0000 16.8
2016-04-04T23:02:23+0000 16.5
2016-04-04T23:17:38+0000 16.4
2016-04-04T23:32:54+0000 16.4
2016-04-04T23:48:09+0000 16.2
