2016-08-01T00:12:44+0000 24.0
2016-08-01T00:27:59+0000 23.7
2016-08-01T00:43:13+0000 23.4
2016-08-01T00:58:28+0000 23.4
2016-08-01T01:13:42+0000 23.0
2016-08-01T01:28:57+0000 22.8
2016-08-01T01:44:11+0000 22.5
2016-08-01T01:59:26+0000 22.4
2016-08-01T02:14:40+0000 22.2
2016-08-01T02:29:55+0000 22.0
2016-08-01T02:45:09+0000 21.8
2016-08-01T03:00:24+0000 21.5
2016-08-01T03:15:38+0000 21.4
2016-08-01T03:30:53+0000 21.1
2016-08-01T03:46:08+0000 21.0
2016-08-01T04:01:22+0000 20.9
2016-08-01T04:16:37+0000 20.6
2016-08-01T04:31:52+0000 20.5
2016-08-01T04:47:06+0000 20.3
2016-08-01T05:02:21+0000 20.1
2016-08-01T05:17:36+0000 20.0
2016-08-01T05:32:51+0000 19.9
2016-08-01T05:48:05+0000 19.8
2016-08-01T06:03:20+0000 19.7
2016-08-01T06:18:35+0000 19.6
2016-08-01T06:33:49+0000 19.8
2016-08-01T06:49:04+0000 20.1
2016-08-01T07:04:19+0000 20.6
2016-08-01T07:19:34+0000 21.0
2016-08-01T07:34:48+0000 21.6
2016-08-01T07:50:03+0000 22.2
2016-08-01T08:05:18+0000 23.1
2016-08-01T08:20:33+0000 23.9
2016-08-01T08:35:47+0000 24.8
2016-08-01T08:51:02+0000 25.6
2016-08-01T09:06:16+0000 26.5
2016-08-01T09:21:31+0000 27.4
2016-08-01T09:36:45+0000 28.4
2016-08-01T09:51:59+0000 29.5
2016-08-01T10:07:14+0000 30.3
2016-08-01T10:22:28+0000 31.4
2016-08-01T10:37:42+0000 31.9
2016-08-01T10:52:56+0000 32.9
2016-08-01T11:08:11+0000 33.6
2016-08-01T11:23:25+0000 34.1
2016-08-01T11:38:38+0000 34.5
2016-08-01T11:53:52+0000 34.9
2016-08-01T12:09:06+0000 35.3
2016-08-01T12:24:20+0000 35.7
2016-08-01T12:39:34+0000 35.6
2016-08-01T12:54:47+0000 35.6
2016-08-01T13:10:01+0000 35.9
2016-08-01T13:25:15+0000 36.1
2016-08-01T13:40:28+0000 36.4
2016-08-01T13:55:42+0000 36.5
2016-08-01T14:10:56+0000 36.4
2016-08-01T14:26:09+0000 36.2
2016-08-01T14:41:23+0000 36.2
2016-08-01T14:56:36+0000 36.1
2016-08-01T15:11:50+0000 36.3
2016-08-01T15:27:04+0000 36.3
2016-08-01T15:42:17+0000 36.1
2016-08-01T15:57:31+0000 36.2
2016-08-01T16:12:44+0000 35.9
2016-08-01T16:27:58+0000 35.7
2016-08-01T16:43:12+0000 35.4
2016-08-01T16:58:25+0000 35.2
2016-08-01T17:13:39+0000 35.0
2016-08-01T17:28:53+0000 34.7
2016-08-01T17:44:06+0000 34.3
2016-08-01T17:59:20+0000 33.9
2016-08-01T18:14:34+0000 33.6
2016-08-01T18:29:48+0000 33.3
2016-08-01T18:45:02+0000 32.9
2016-08-01T19:00:16+0000 32.5
2016-08-01T19:15:30+0000 32.0
2016-08-01T19:30:44+0000 31.5
2016-08-01T19:45:57+0000 31.0
2016-08-01T20:01:11+0000 30.3
2016-08-01T20:16:25+0000 29.9
2016-08-01T20:31:40+0000 29.5
2016-08-01T20:46:54+0000 29.0
2016-08-01T21:02:08+0000 28.6
2016-08-01T21:17:22+0000 28.2
2016-08-01T21:32:37+0000 27.9
2016-08-01T21:47:51+0000 27.6
2016-08-01T22:03:05+0000 27.1
2016-08-01T22:18:19+0000 26.8
2016-08-01T22:33:34+0000 26.6
2016-08-01T22:48:48+0000 26.3
2016-08-01T23:04:03+0000 26.1
2016-08-01T23:19:17+0000 25.9
2016-08-01T23:34:31+0000 25.6
2016-08-01T23:49:46+0000 25.4
