2016-03-17T00:08:42+0000 8.2
2016-03-17T00:23:58+0000 8.1
2016-03-17T00:39:14+0000 8.1
2016-03-17T00:54:29+0000 8.0
2016-03-17T01:09:45+0000 7.8
2016-03-17T01:25:01+0000 7.6
2016-03-17T01:40:16+0000 7.5
2016-03-17T01:55:32+0000 7.3
2016-03-17T02:10:48+0000 7.1
2016-03-17T02:26:04+0000 7.0
2016-03-17T02:41:19+0000 6.8
2016-03-17T02:56:35+0000 6.7
2016-03-17T03:11:50+0000 6.5
2016-03-17T03:27:06+0000 6.4
2016-03-17T03:42:22+0000 6.3
2016-03-17T03:57:38+0000 6.1
2016-03-17T04:12:53+0000 6.1
2016-03-17T04:28:09+0000 6.0
2016-03-17T04:43:25+0000 5.8
2016-03-17T04:58:41+0000 5.9
2016-03-17T05:13:56+0000 5.8
2016-03-17T05:29:12+0000 5.6
2016-03-17T05:44:28+0000 5.6
2016-03-17T05:59:44+0000 5.5
2016-03-17T06:14:59+0000 5.4
2016-03-17T06:30:15+0000 5.2
2016-03-17T06:45:31+0000 5.2
2016-03-17T07:00:47+0000 5.2
2016-03-17T07:16:02+0000 5.5
2016-03-17T07:31:18+0000 5.9
2016-03-17T07:46:34+0000 6.5
2016-03-17T08:01:50+0000 7.0
2016-03-17T08:17:05+0000 7.6
2016-03-17T08:32:21+0000 8.2
2016-03-17T08:47:37+0000 8.6
2016-03-17T09:02:53+0000 9.2
2016-03-17T09:18:08+0000 9.7
2016-03-17T09:33:24+0000 10.3
2016-03-17T09:48:40+0000 10.9
2016-03-17T10:03:55+0000 11.6
2016-03-17T10:19:11+0000 12.3
2016-03-17T10:34:26+0000 12.6
2016-03-17T10:49:42+0000 13.2
2016-03-17T11:04:58+0000 13.8
2016-03-17T11:20:13+0000 14.4
2016-03-17T11:35:29+0000 15.0
2016-03-17T11:50:44+0000 15.4
2016-03-17T12:05:59+0000 15.9
2016-03-17T12:21:15+0000 16.4
2016-03-17T12:36:30+0000 16.9
2016-03-17T12:51:45+0000 17.4
2016-03-17T13:07:01+0000 17.8
2016-03-17T13:22:16+0000 18.2
2016-03-17T13:37:31+0000 18.7
2016-03-17T13:52:47+0000 18.9
2016-03-17T14:08:02+0000 19.1
2016-03-17T14:23:17+0000 19.4
2016-03-17T14:38:32+0000 19.4
2016-03-17T14:53:48+0000 19.5
2016-03-17T15:09:03+0000 19.1
2016-03-17T15:24:18+0000 19.0
2016-03-17T15:39:33+0000 19.0
2016-03-17T15:54:49+0000 19.0
2016-03-17T16:10:04+0000 18.8
2016-03-17T16:25:19+0000 18.8
2016-03-17T16:40:34+0000 18.6
2016-03-17T16:55:50+0000 18.4
2016-03-17T17:11:05+0000 18.5
2016-03-17T17:26:20+0000 18.4
2016-03-17T17:41:36+0000 18.1
2016-03-17T17:56:51+0000 17.9
2016-03-17T18:12:06+0000 17.7
2016-03-17T18:27:21+0000 17.3
2016-03-17T18:42:37+0000 16.7
2016-03-17T18:57:52+0000 16.1
2016-03-17T19:13:07+0000 15.7
2016-03-17T19:28:23+0000 15.3
2016-03-17T19:43:38+0000 15.0
2016-03-17T19:58:54+0000 14.7
2016-03-17T20:14:09+0000 14.4
2016-03-17T20:29:24+0000 14.1
2016-03-17T20:44:40+0000 13.7
2016-03-17T20:59:55+0000 13.5
2016-03-17T21:15:11+0000 13.1
2016-03-17T21:30:26+0000 12.9
2016-03-17T21:45:42+0000 12.6
2016-03-17T22:00:57+0000 12.4
2016-03-17T22:16:12+0000 12.2
2016-03-17T22:31:28+0000 11.8
2016-03-17T22:46:43+0000 11.7
2016-03-17T23:01:59+0000 11.4
2016-03-17T23:17:15+0000 11.1
2016-03-17T23:32:30+0000 10.9
2016-03-17T23:47:46+0000 10.8
