2016-01-03T00:03:12+0000 10.1
2016-01-03T00:18:27+0000 9.9
2016-01-03T00:33:43+0000 10.0
2016-01-03T00:48:59+0000 9.8
2016-01-03T01:04:15+0000 10.1
2016-01-03T01:19:31+0000 9.9
2016-01-03T01:34:46+0000 9.9
2016-01-03T01:50:02+0000 9.9
2016-01-03T02:05:18+0000 9.8
2016-01-03T02:20:34+0000 9.7
2016-01-03T02:35:50+0000 9.8
2016-01-03T02:51:05+0000 9.7
2016-01-03T03:06:21+0000 9.7
2016-01-03T03:21:37+0000 9.7
2016-01-03T03:36:53+0000 9.8
2016-01-03T03:52:08+0000 9.7
2016-01-03T04:07:24+0000 9.7
2016-01-03T04:22:40+0000 9.6
2016-01-03T04:37:56+0000 9.7
2016-01-03T04:53:11+0000 9.7
2016-01-03T05:08:27+0000 9.7
2016-01-03T05:23:43+0000 9.7
2016-01-03T05:38:59+0000 9.7
2016-01-03T05:54:14+0000 9.6
2016-01-03T06:09:30+0000 9.6
2016-01-03T06:24:46+0000 9.6
2016-01-03T06:40:02+0000 9.6
2016-01-03T06:55:18+0000 9.7
2016-01-03T07:10:33+0000 9.7
2016-01-03T07:25:49+0000 9.6
2016-01-03T07:41:05+0000 9.7
2016-01-03T07:56:21+0000 9.7
2016-01-03T08:11:36+0000 9.7
2016-01-03T08:26:52+0000 9.6
2016-01-03T08:42:08+0000 9.5
2016-01-03T08:57:24+0000 9.5
2016-01-03T09:12:40+0000 9.4
2016-01-03T09:27:55+0000 9.5
2016-01-03T09:43:11+0000 9.5
2016-01-03T09:58:27+0000 9.7
2016-01-03T10:13:43+0000 9.7
2016-01-03T10:28:59+0000 9.8
2016-01-03T10:44:14+0000 10.2
2016-01-03T10:59:30+0000 10.6
2016-01-03T11:14:46+0000 10.9
2016-01-03T11:30:01+0000 11.0
2016-01-03T11:45:17+0000 11.3
2016-01-03T12:00:33+0000 11.5
2016-01-03T12:15:49+0000 11.6
2016-01-03T12:31:05+0000 11.6
2016-01-03T12:46:20+0000 11.8
2016-01-03T13:01:36+0000 11.8
2016-01-03T13:16:52+0000 11.8
2016-01-03T13:32:08+0000 12.2
2016-01-03T13:47:23+0000 11.9
2016-01-03T14:02:39+0000 11.9
2016-01-03T14:17:55+0000 11.9
2016-01-03T14:33:10+0000 12.0
2016-01-03T14:48:26+0000 11.9
2016-01-03T15:03:41+0000 11.9
2016-01-03T15:18:57+0000 12.0
2016-01-03T15:34:13+0000 11.9
2016-01-03T15:49:28+0000 11.9
2016-01-03T16:04:44+0000 11.7
2016-01-03T16:19:59+0000 11.6
2016-01-03T16:35:15+0000 11.6
2016-01-03T16:50:31+0000 11.3
2016-01-03T17:05:46+0000 11.1
2016-01-03T17:21:02+0000 11.0
2016-01-03T17:36:18+0000 10.8
2016-01-03T17:51:33+0000 10.7
2016-01-03T18:06:49+0000 10.6
2016-01-03T18:22:05+0000 10.5
2016-01-03T18:37:21+0000 10.3
2016-01-03T18:52:36+0000 10.3
2016-01-03T19:07:52+0000 10.1
2016-01-03T19:23:08+0000 10.1
2016-01-03T19:38:23+0000 9.8
2016-01-03T19:53:39+0000 9.7
2016-01-03T20:08:55+0000 9.6
2016-01-03T20:24:11+0000 9.6
2016-01-03T20:39:26+0000 9.7
2016-01-03T20:54:42+0000 9.6
2016-01-03T21:09:58+0000 9.4
2016-01-03T21:25:14+0000 9.3
2016-01-03T21:40:29+0000 9.5
2016-01-03T21:55:45+0000 9.6
2016-01-03T22:11:01+0000 9.5
2016-01-03T22:26:17+0000 9.4
2016-01-03T22:41:32+0000 9.2
2016-01-03T22:56:48+0000 9.7
2016-01-03T23:12:04+0000 9.2
2016-01-03T23:27:20+0000 9.3
2016-01-03T23:42:36+0000 9.3
2016-01-03T23:57:51+0000 9.4
