2016-01-24T00:00:30+0000 6.8
2016-01-24T00:15:46+0000 6.6
2016-01-24T00:31:02+0000 6.7
2016-01-24T00:46:17+0000 6.5
2016-01-24T01:01:33+0000 6.6
2016-01-24T01:16:49+0000 6.5
2016-01-24T01:32:05+0000 6.2
2016-01-24T01:47:21+0000 6.1
2016-01-24T02:02:37+0000 6.1
2016-01-24T02:17:53+0000 5.9
2016-01-24T02:33:09+0000 5.9
2016-01-24T02:48:25+0000 5.9
2016-01-24T03:03:41+0000 5.9
2016-01-24T03:18:57+0000 5.8
2016-01-24T03:34:13+0000 5.7
2016-01-24T03:49:29+0000 5.5
2016-01-24T04:04:45+0000 5.5
2016-01-24T04:20:00+0000 5.6
2016-01-24T04:35:16+0000 5.3
2016-01-24T04:50:32+0000 5.4
2016-01-24T05:05:48+0000 5.3
2016-01-24T05:21:04+0000 5.2
2016-01-24T05:36:20+0000 5.2
2016-01-24T05:51:36+0000 5.2
2016-01-24T06:06:52+0000 5.1
2016-01-24T06:22:08+0000 5.2
2016-01-24T06:37:24+0000 5.3
2016-01-24T06:52:40+0000 5.1
2016-01-24T07:07:56+0000 5.1
2016-01-24T07:23:12+0000 5.1
2016-01-24T07:38:28+0000 5.2
2016-01-24T07:53:44+0000 5.2
2016-01-24T08:09:00+0000 5.3
2016-01-24T08:24:16+0000 5.2
2016-01-24T08:39:32+0000 5.3
2016-01-24T08:54:48+0000 5.8
2016-01-24T09:10:04+0000 5.8
2016-01-24T09:25:20+0000 5.8
2016-01-24T09:40:36+0000 6.0
2016-01-24T09:55:52+0000 5.9
2016-01-24T10:11:08+0000 6.0
2016-01-24T10:26:24+0000 6.5
2016-01-24T10:41:40+0000 6.5
2016-01-24T10:56:56+0000 6.7
2016-01-24T11:12:12+0000 7.1
2016-01-24T11:27:28+0000 7.3
2016-01-24T11:42:43+0000 7.5
2016-01-24T11:57:59+0000 7.9
2016-01-24T12:13:15+0000 8.0
2016-01-24T12:28:31+0000 8.2
2016-01-24T12:43:47+0000 8.8
2016-01-24T12:59:03+0000 9.0
2016-01-24T13:14:19+0000 9.2
2016-01-24T13:29:35+0000 9.4
2016-01-24T13:44:51+0000 9.3
2016-01-24T14:00:07+0000 9.6
2016-01-24T14:15:23+0000 9.7
2016-01-24T14:30:39+0000 9.7
2016-01-24T14:45:55+0000 9.9
2016-01-24T15:01:11+0000 10.0
2016-01-24T15:16:27+0000 10.2
2016-01-24T15:31:43+0000 10.5
2016-01-24T15:46:59+0000 10.7
2016-01-24T16:02:14+0000 10.7
2016-01-24T16:17:30+0000 10.6
2016-01-24T16:32:46+0000 10.5
2016-01-24T16:48:02+0000 10.2
2016-01-24T17:03:18+0000 10.2
2016-01-24T17:18:33+0000 10.1
2016-01-24T17:33:49+0000 10.1
2016-01-24T17:49:05+0000 10.0
2016-01-24T18:04:21+0000 9.9
2016-01-24T18:19:37+0000 9.9
2016-01-24T18:34:52+0000 9.9
2016-01-24T18:50:08+0000 9.9
2016-01-24T19:05:24+0000 10.1
2016-01-24T19:20:40+0000 10.1
2016-01-24T19:35:55+0000 10.2
2016-01-24T19:51:11+0000 10.0
2016-01-24T20:06:27+0000 10.2
2016-01-24T20:21:43+0000 10.1
2016-01-24T20:36:59+0000 10.1
2016-01-24T20:52:14+0000 10.1
2016-01-24T21:07:30+0000 10.0
2016-01-24T21:22:46+0000 10.0
2016-01-24T21:38:02+0000 10.1
2016-01-24T21:53:18+0000 9.9
2016-01-24T22:08:33+0000 9.8
2016-01-24T22:23:49+0000 9.9
2016-01-24T22:39:05+0000 10.0
2016-01-24T22:54:21+0000 10.0
2016-01-24T23:09:37+0000 10.0
2016-01-24T23:24:52+0000 10.1
2016-01-24T23:40:08+0000 10.0
2016-01-24T23:55:24+0000 10.1
