2016-09-25T00:12:01+0000 18.8
2016-09-25T00:27:16+0000 18.7
2016-09-25T00:42:31+0000 18.5
2016-09-25T00:57:46+0000 18.2
2016-09-25T01:13:01+0000 18.1
2016-09-25T01:28:16+0000 17.9
2016-09-25T01:43:32+0000 17.7
2016-09-25T01:58:47+0000 17.6
2016-09-25T02:14:02+0000 17.5
2016-09-25T02:29:17+0000 17.3
2016-09-25T02:44:33+0000 17.1
2016-09-25T02:59:48+0000 16.9
2016-09-25T03:15:03+0000 16.8
2016-09-25T03:30:18+0000 16.6
2016-09-25T03:45:34+0000 16.5
2016-09-25T04:00:49+0000 16.4
2016-09-25T04:16:04+0000 16.1
2016-09-25T04:31:20+0000 16.1
2016-09-25T04:46:35+0000 15.9
2016-09-25T05:01:50+0000 15.8
2016-09-25T05:17:06+0000 15.6
2016-09-25T05:32:21+0000 15.5
2016-09-25T05:47:36+0000 15.3
2016-09-25T06:02:52+0000 15.2
2016-09-25T06:18:07+0000 15.1
2016-09-25T06:33:22+0000 15.0
2016-09-25T06:48:37+0000 15.0
2016-09-25T07:03:53+0000 14.9
2016-09-25T07:19:08+0000 15.3
2016-09-25T07:34:24+0000 15.8
2016-09-25T07:49:39+0000 16.3
2016-09-25T08:04:54+0000 16.8
2016-09-25T08:20:10+0000 17.2
2016-09-25T08:35:25+0000 17.9
2016-09-25T08:50:40+0000 18.7
2016-09-25T09:05:55+0000 19.3
2016-09-25T09:21:11+0000 20.2
2016-09-25T09:36:26+0000 20.9
2016-09-25T09:51:41+0000 22.0
2016-09-25T10:06:56+0000 22.8
2016-09-25T10:22:11+0000 23.4
2016-09-25T10:37:26+0000 24.4
2016-09-25T10:52:41+0000 25.1
2016-09-25T11:07:56+0000 26.0
2016-09-25T11:23:11+0000 26.7
2016-09-25T11:38:26+0000 27.6
2016-09-25T11:53:40+0000 28.1
2016-09-25T12:08:55+0000 28.7
2016-09-25T12:24:10+0000 29.3
2016-09-25T12:39:24+0000 29.7
2016-09-25T12:54:39+0000 30.1
2016-09-25T13:09:53+0000 30.5
2016-09-25T13:25:08+0000 30.8
2016-09-25T13:40:22+0000 30.9
2016-09-25T13:55:37+0000 31.1
2016-09-25T14:10:51+0000 31.2
2016-09-25T14:26:06+0000 31.3
2016-09-25T14:41:20+0000 31.2
2016-09-25T14:56:34+0000 31.1
2016-09-25T15:11:49+0000 31.0
2016-09-25T15:27:03+0000 30.9
2016-09-25T15:42:17+0000 31.0
2016-09-25T15:57:32+0000 30.8
2016-09-25T16:12:46+0000 30.6
2016-09-25T16:28:01+0000 30.4
2016-09-25T16:43:15+0000 30.1
2016-09-25T16:58:29+0000 30.0
2016-09-25T17:13:44+0000 29.7
2016-09-25T17:28:58+0000 29.4
2016-09-25T17:44:13+0000 28.9
2016-09-25T17:59:27+0000 28.6
2016-09-25T18:14:42+0000 28.0
2016-09-25T18:29:56+0000 27.6
2016-09-25T18:45:11+0000 27.0
2016-09-25T19:00:25+0000 26.5
2016-09-25T19:15:40+0000 26.1
2016-09-25T19:30:55+0000 25.7
2016-09-25T19:46:10+0000 25.2
2016-09-25T20:01:24+0000 25.0
2016-09-25T20:16:39+0000 24.6
2016-09-25T20:31:54+0000 24.4
2016-09-25T20:47:08+0000 24.0
2016-09-25T21:02:23+0000 23.7
2016-09-25T21:17:38+0000 23.4
2016-09-25T21:32:53+0000 23.3
2016-09-25T21:48:08+0000 23.0
2016-09-25T22:03:23+0000 22.8
2016-09-25T22:18:38+0000 22.7
2016-09-25T22:33:53+0000 22.6
2016-09-25T22:49:08+0000 22.5
2016-09-25T23:04:22+0000 22.3
2016-09-25T23:19:37+0000 22.2
2016-09-25T23:34:52+0000 22.0
2016-09-25T23:50:07+0000 21.9
