2016-03-06T00:07:27+0000 7.9
2016-03-06T00:22:43+0000 7.9
2016-03-06T00:37:59+0000 7.7
2016-03-06T00:53:15+0000 7.8
2016-03-06T01:08:30+0000 7.7
2016-03-06T01:23:46+0000 7.7
2016-03-06T01:39:02+0000 7.7
2016-03-06T01:54:18+0000 7.6
2016-03-06T02:09:33+0000 7.5
2016-03-06T02:24:49+0000 7.9
2016-03-06T02:40:05+0000 7.7
2016-03-06T02:55:21+0000 7.7
2016-03-06T03:10:36+0000 7.7
2016-03-06T03:25:52+0000 7.6
2016-03-06T03:41:08+0000 7.5
2016-03-06T03:56:24+0000 7.4
2016-03-06T04:11:40+0000 7.6
2016-03-06T04:26:56+0000 7.5
2016-03-06T04:42:11+0000 7.2
2016-03-06T04:57:27+0000 7.1
2016-03-06T05:12:43+0000 7.1
2016-03-06T05:27:59+0000 6.8
2016-03-06T05:43:15+0000 7.0
2016-03-06T05:58:30+0000 6.8
2016-03-06T06:13:46+0000 6.6
2016-03-06T06:29:02+0000 6.7
2016-03-06T06:44:18+0000 6.5
2016-03-06T06:59:34+0000 6.5
2016-03-06T07:14:49+0000 6.6
2016-03-06T07:30:05+0000 6.4
2016-03-06T07:45:21+0000 6.5
2016-03-06T08:00:37+0000 6.6
2016-03-06T08:15:53+0000 7.1
2016-03-06T08:31:09+0000 6.9
2016-03-06T08:46:25+0000 7.0
2016-03-06T09:01:40+0000 7.1
2016-03-06T09:16:56+0000 7.0
2016-03-06T09:32:12+0000 7.4
2016-03-06T09:47:28+0000 7.6
2016-03-06T10:02:44+0000 7.5
2016-03-06T10:18:00+0000 7.6
2016-03-06T10:33:15+0000 7.6
2016-03-06T10:48:31+0000 8.3
2016-03-06T11:03:47+0000 8.3
2016-03-06T11:19:02+0000 8.2
2016-03-06T11:34:18+0000 8.4
2016-03-06T11:49:34+0000 8.7
2016-03-06T12:04:50+0000 9.0
2016-03-06T12:20:05+0000 9.3
2016-03-06T12:35:21+0000 9.4
2016-03-06T12:50:37+0000 9.5
2016-03-06T13:05:53+0000 9.4
2016-03-06T13:21:08+0000 9.4
2016-03-06T13:36:24+0000 9.3
2016-03-06T13:51:40+0000 9.8
2016-03-06T14:06:56+0000 9.5
2016-03-06T14:22:11+0000 9.3
2016-03-06T14:37:27+0000 9.0
2016-03-06T14:52:43+0000 9.5
2016-03-06T15:07:58+0000 9.1
2016-03-06T15:23:14+0000 9.1
2016-03-06T15:38:30+0000 9.0
2016-03-06T15:53:46+0000 9.2
2016-03-06T16:09:02+0000 9.0
2016-03-06T16:24:17+0000 9.5
2016-03-06T16:39:33+0000 9.2
2016-03-06T16:54:49+0000 9.4
2016-03-06T17:10:05+0000 9.2
2016-03-06T17:25:20+0000 9.0
2016-03-06T17:40:36+0000 8.8
2016-03-06T17:55:52+0000 8.8
2016-03-06T18:11:08+0000 8.6
2016-03-06T18:26:23+0000 8.4
2016-03-06T18:41:39+0000 8.3
2016-03-06T18:56:55+0000 8.5
2016-03-06T19:12:11+0000 8.3
2016-03-06T19:27:26+0000 8.5
2016-03-06T19:42:42+0000 8.3
2016-03-06T19:57:58+0000 8.2
2016-03-06T20:13:14+0000 8.0
2016-03-06T20:28:30+0000 8.1
2016-03-06T20:43:45+0000 7.9
2016-03-06T20:59:01+0000 7.9
2016-03-06T21:14:17+0000 8.0
2016-03-06T21:29:33+0000 7.8
2016-03-06T21:44:49+0000 7.9
2016-03-06T22:00:05+0000 7.7
2016-03-06T22:15:20+0000 7.7
2016-03-06T22:30:36+0000 7.7
2016-03-06T22:45:52+0000 7.6
2016-03-06T23:01:08+0000 7.5
2016-03-06T23:16:24+0000 7.6
2016-03-06T23:31:39+0000 7.5
2016-03-06T23:46:55+0000 7.5
