2016-02-18T00:07:14+0000 8.0
2016-02-18T00:22:30+0000 7.8
2016-02-18T00:37:46+0000 7.9
2016-02-18T00:53:02+0000 7.7
2016-02-18T01:08:18+0000 7.7
2016-02-18T01:23:34+0000 7.6
2016-02-18T01:38:50+0000 7.7
2016-02-18T01:54:05+0000 7.7
2016-02-18T02:09:21+0000 7.6
2016-02-18T02:24:37+0000 7.6
2016-02-18T02:39:53+0000 7.5
2016-02-18T02:55:09+0000 7.6
2016-02-18T03:10:25+0000 7.5
2016-02-18T03:25:41+0000 7.4
2016-02-18T03:40:57+0000 7.4
2016-02-18T03:56:13+0000 7.4
2016-02-18T04:11:28+0000 7.3
2016-02-18T04:26:44+0000 7.4
2016-02-18T04:42:00+0000 7.4
2016-02-18T04:57:16+0000 7.4
2016-02-18T05:12:32+0000 7.3
2016-02-18T05:27:48+0000 7.2
2016-02-18T05:43:04+0000 7.2
2016-02-18T05:58:20+0000 7.1
2016-02-18T06:13:36+0000 7.0
2016-02-18T06:28:52+0000 7.0
2016-02-18T06:44:08+0000 6.9
2016-02-18T06:59:24+0000 6.8
2016-02-18T07:14:40+0000 6.9
2016-02-18T07:29:55+0000 7.1
2016-02-18T07:45:11+0000 6.9
2016-02-18T08:00:27+0000 7.0
2016-02-18T08:15:43+0000 6.9
2016-02-18T08:30:59+0000 7.8
2016-02-18T08:46:15+0000 7.9
2016-02-18T09:01:31+0000 8.2
2016-02-18T09:16:47+0000 8.4
2016-02-18T09:32:03+0000 8.5
2016-02-18T09:47:19+0000 8.3
2016-02-18T10:02:35+0000 8.7
2016-02-18T10:17:51+0000 8.8
2016-02-18T10:33:07+0000 9.2
2016-02-18T10:48:23+0000 9.6
2016-02-18T11:03:39+0000 10.0
2016-02-18T11:18:55+0000 10.3
2016-02-18T11:34:10+0000 10.5
2016-02-18T11:49:26+0000 10.7
2016-02-18T12:04:42+0000 10.9
2016-02-18T12:19:58+0000 11.2
2016-02-18T12:35:14+0000 11.3
2016-02-18T12:50:29+0000 11.3
2016-02-18T13:05:45+0000 11.3
2016-02-18T13:21:01+0000 11.3
2016-02-18T13:36:16+0000 11.4
2016-02-18T13:51:32+0000 11.6
2016-02-18T14:06:48+0000 11.8
2016-02-18T14:22:04+0000 11.9
2016-02-18T14:37:19+0000 11.9
2016-02-18T14:52:35+0000 11.8
2016-02-18T15:07:51+0000 12.2
2016-02-18T15:23:06+0000 12.2
2016-02-18T15:38:22+0000 12.2
2016-02-18T15:53:38+0000 12.2
2016-02-18T16:08:53+0000 12.0
2016-02-18T16:24:09+0000 11.9
2016-02-18T16:39:25+0000 11.7
2016-02-18T16:54:40+0000 11.6
2016-02-18T17:09:56+0000 11.3
2016-02-18T17:25:12+0000 11.2
2016-02-18T17:40:27+0000 10.9
2016-02-18T17:55:43+0000 10.7
2016-02-18T18:10:59+0000 10.6
2016-02-18T18:26:15+0000 10.2
2016-02-18T18:41:30+0000 10.0
2016-02-18T18:56:46+0000 9.9
2016-02-18T19:12:02+0000 9.5
2016-02-18T19:27:18+0000 9.3
2016-02-18T19:42:34+0000 9.1
2016-02-18T19:57:49+0000 8.9
2016-02-18T20:13:05+0000 8.8
2016-02-18T20:28:21+0000 8.6
2016-02-18T20:43:37+0000 8.3
2016-02-18T20:58:53+0000 8.2
2016-02-18T21:14:09+0000 8.0
2016-02-18T21:29:25+0000 7.9
2016-02-18T21:44:41+0000 7.7
2016-02-18T21:59:57+0000 7.5
2016-02-18T22:15:12+0000 7.5
2016-02-18T22:30:28+0000 7.4
2016-02-18T22:45:44+0000 7.4
2016-02-18T23:01:00+0000 7.4
2016-02-18T23:16:16+0000 7.5
2016-02-18T23:31:32+0000 7.4
2016-02-18T23:46:48+0000 7.5
