2016-02-07T00:03:40+0000 8.9
2016-02-07T00:18:56+0000 8.8
2016-02-07T00:34:11+0000 8.8
2016-02-07T00:49:27+0000 8.6
2016-02-07T01:04:43+0000 8.4
2016-02-07T01:19:59+0000 8.3
2016-02-07T01:35:14+0000 8.4
2016-02-07T01:50:30+0000 8.1
2016-02-07T02:05:46+0000 8.1
2016-02-07T02:21:02+0000 8.0
2016-02-07T02:36:18+0000 7.8
2016-02-07T02:51:34+0000 7.7
2016-02-07T03:06:49+0000 7.7
2016-02-07T03:22:05+0000 7.7
2016-02-07T03:37:21+0000 7.7
2016-02-07T03:52:37+0000 7.6
2016-02-07T04:07:53+0000 7.6
2016-02-07T04:23:08+0000 7.6
2016-02-07T04:38:24+0000 7.6
2016-02-07T04:53:40+0000 7.8
2016-02-07T05:08:56+0000 7.8
2016-02-07T05:24:12+0000 7.8
2016-02-07T05:39:27+0000 7.8
2016-02-07T05:54:43+0000 8.0
2016-02-07T06:09:59+0000 7.9
2016-02-07T06:25:15+0000 8.1
2016-02-07T06:40:31+0000 8.0
2016-02-07T06:55:46+0000 8.0
2016-02-07T07:11:02+0000 8.0
2016-02-07T07:26:18+0000 8.1
2016-02-07T07:41:34+0000 8.1
2016-02-07T07:56:50+0000 8.0
2016-02-07T08:12:05+0000 7.9
2016-02-07T08:27:21+0000 8.1
2016-02-07T08:42:37+0000 8.2
2016-02-07T08:57:53+0000 8.1
2016-02-07T09:13:09+0000 8.2
2016-02-07T09:28:25+0000 8.3
2016-02-07T09:43:41+0000 8.5
2016-02-07T09:58:56+0000 8.6
2016-02-07T10:14:12+0000 8.6
2016-02-07T10:29:28+0000 8.8
2016-02-07T10:44:44+0000 9.0
2016-02-07T10:59:59+0000 9.1
2016-02-07T11:15:15+0000 9.2
2016-02-07T11:30:31+0000 9.5
2016-02-07T11:45:47+0000 9.5
2016-02-07T12:01:03+0000 9.5
2016-02-07T12:16:18+0000 9.9
2016-02-07T12:31:34+0000 10.1
2016-02-07T12:46:50+0000 10.2
2016-02-07T13:02:06+0000 10.2
2016-02-07T13:17:21+0000 10.3
2016-02-07T13:32:37+0000 10.2
2016-02-07T13:47:53+0000 10.3
2016-02-07T14:03:09+0000 10.2
2016-02-07T14:18:24+0000 10.3
2016-02-07T14:33:40+0000 10.4
2016-02-07T14:48:56+0000 10.5
2016-02-07T15:04:12+0000 10.6
2016-02-07T15:19:28+0000 11.0
2016-02-07T15:34:43+0000 11.1
2016-02-07T15:49:59+0000 11.4
2016-02-07T16:05:15+0000 11.5
2016-02-07T16:20:30+0000 11.6
2016-02-07T16:35:46+0000 11.4
2016-02-07T16:51:02+0000 11.3
2016-02-07T17:06:17+0000 11.3
2016-02-07T17:21:33+0000 11.1
2016-02-07T17:36:48+0000 11.0
2016-02-07T17:52:04+0000 11.0
2016-02-07T18:07:20+0000 10.9
2016-02-07T18:22:36+0000 10.7
2016-02-07T18:37:51+0000 10.7
2016-02-07T18:53:07+0000 10.6
2016-02-07T19:08:23+0000 10.3
2016-02-07T19:23:38+0000 10.3
2016-02-07T19:38:54+0000 10.2
2016-02-07T19:54:10+0000 10.3
2016-02-07T20:09:26+0000 10.3
2016-02-07T20:24:42+0000 10.1
2016-02-07T20:39:57+0000 10.1
2016-02-07T20:55:13+0000 10.0
2016-02-07T21:10:29+0000 9.9
2016-02-07T21:25:45+0000 9.9
2016-02-07T21:41:00+0000 9.7
2016-02-07T21:56:16+0000 9.6
2016-02-07T22:11:32+0000 9.8
2016-02-07T22:26:47+0000 9.7
2016-02-07T22:42:03+0000 9.7
2016-02-07T22:57:19+0000 9.6
2016-02-07T23:12:35+0000 9.5
2016-02-07T23:27:51+0000 9.5
2016-02-07T23:43:06+0000 9.6
2016-02-07T23:58:22+0000 9.5
