2016-09-21T00:07:14+0000 17.9
2016-09-21T00:22:29+0000 17.9
2016-09-21T00:37:45+0000 17.6
2016-09-21T00:53:00+0000 17.5
2016-09-21T01:08:15+0000 17.4
2016-09-21T01:23:30+0000 17.4
2016-09-21T01:38:45+0000 17.2
2016-09-21T01:54:00+0000 17.0
2016-09-21T02:09:16+0000 17.0
2016-09-21T02:24:31+0000 16.8
2016-09-21T02:39:46+0000 16.7
2016-09-21T02:55:01+0000 16.6
2016-09-21T03:10:17+0000 16.6
2016-09-21T03:25:32+0000 16.5
2016-09-21T03:40:47+0000 16.4
2016-09-21T03:56:02+0000 16.3
2016-09-21T04:11:18+0000 16.1
2016-09-21T04:26:33+0000 16.1
2016-09-21T04:41:48+0000 15.9
2016-09-21T04:57:04+0000 16.0
2016-09-21T05:12:19+0000 15.8
2016-09-21T05:27:34+0000 15.7
2016-09-21T05:42:50+0000 15.6
2016-09-21T05:58:05+0000 15.5
2016-09-21T06:13:20+0000 15.3
2016-09-21T06:28:36+0000 15.3
2016-09-21T06:43:51+0000 15.2
2016-09-21T06:59:06+0000 15.3
2016-09-21T07:14:22+0000 15.1
2016-09-21T07:29:37+0000 15.3
2016-09-21T07:44:52+0000 15.7
2016-09-21T08:00:08+0000 16.4
2016-09-21T08:15:23+0000 17.0
2016-09-21T08:30:38+0000 17.4
2016-09-21T08:45:54+0000 17.9
2016-09-21T09:01:09+0000 18.5
2016-09-21T09:16:24+0000 19.1
2016-09-21T09:31:39+0000 19.9
2016-09-21T09:46:55+0000 20.6
2016-09-21T10:02:10+0000 21.1
2016-09-21T10:17:25+0000 21.2
2016-09-21T10:32:40+0000 21.5
2016-09-21T10:47:55+0000 22.0
2016-09-21T11:03:10+0000 22.9
2016-09-21T11:18:25+0000 23.7
2016-09-21T11:33:40+0000 24.3
2016-09-21T11:48:55+0000 24.5
2016-09-21T12:04:10+0000 24.9
2016-09-21T12:19:25+0000 25.5
2016-09-21T12:34:40+0000 25.6
2016-09-21T12:49:55+0000 26.0
2016-09-21T13:05:10+0000 26.3
2016-09-21T13:20:25+0000 26.4
2016-09-21T13:35:39+0000 26.4
2016-09-21T13:50:54+0000 26.5
2016-09-21T14:06:09+0000 26.6
2016-09-21T14:21:24+0000 26.6
2016-09-21T14:36:38+0000 26.6
2016-09-21T14:51:53+0000 26.8
2016-09-21T15:07:08+0000 26.9
2016-09-21T15:22:23+0000 26.6
2016-09-21T15:37:37+0000 26.6
2016-09-21T15:52:52+0000 26.4
2016-09-21T16:08:07+0000 26.2
2016-09-21T16:23:22+0000 26.0
2016-09-21T16:38:36+0000 25.9
2016-09-21T16:53:51+0000 25.8
2016-09-21T17:09:06+0000 25.6
2016-09-21T17:24:21+0000 25.3
2016-09-21T17:39:36+0000 25.0
2016-09-21T17:54:50+0000 24.5
2016-09-21T18:10:05+0000 24.0
2016-09-21T18:25:20+0000 23.5
2016-09-21T18:40:35+0000 23.0
2016-09-21T18:55:50+0000 22.7
2016-09-21T19:11:05+0000 22.3
2016-09-21T19:26:20+0000 21.9
2016-09-21T19:41:35+0000 21.6
2016-09-21T19:56:50+0000 21.1
2016-09-21T20:12:05+0000 20.8
2016-09-21T20:27:20+0000 20.5
2016-09-21T20:42:35+0000 20.2
2016-09-21T20:57:50+0000 19.9
2016-09-21T21:13:05+0000 19.6
2016-09-21T21:28:20+0000 19.4
2016-09-21T21:43:35+0000 19.1
2016-09-21T21:58:50+0000 18.8
2016-09-21T22:14:06+0000 18.6
2016-09-21T22:29:21+0000 18.4
2016-09-21T22:44:36+0000 18.1
2016-09-21T22:59:51+0000 17.9
2016-09-21T23:15:06+0000 17.7
2016-09-21T23:30:22+0000 17.5
2016-09-21T23:45:37+0000 17.2
