2016-05-24T00:12:24+0000 16.9
2016-05-24T00:27:39+0000 16.7
2016-05-24T00:42:54+0000 16.4
2016-05-24T00:58:09+0000 16.4
2016-05-24T01:13:24+0000 16.4
2016-05-24T01:28:39+0000 16.4
2016-05-24T01:43:54+0000 16.3
2016-05-24T01:59:09+0000 16.3
2016-05-24T02:14:25+0000 16.2
2016-05-24T02:29:40+0000 16.1
2016-05-24T02:44:55+0000 16.1
2016-05-24T03:00:10+0000 15.9
2016-05-24T03:15:25+0000 15.9
2016-05-24T03:30:40+0000 15.9
2016-05-24T03:45:55+0000 15.9
2016-05-24T04:01:10+0000 15.8
2016-05-24T04:16:25+0000 15.8
2016-05-24T04:31:40+0000 15.6
2016-05-24T04:46:55+0000 15.6
2016-05-24T05:02:10+0000 15.7
2016-05-24T05:17:25+0000 15.6
2016-05-24T05:32:40+0000 15.5
2016-05-24T05:47:55+0000 15.4
2016-05-24T06:03:10+0000 15.5
2016-05-24T06:18:25+0000 15.3
2016-05-24T06:33:40+0000 15.3
2016-05-24T06:48:55+0000 15.3
2016-05-24T07:04:10+0000 15.3
2016-05-24T07:19:25+0000 15.6
2016-05-24T07:34:40+0000 15.4
2016-05-24T07:49:55+0000 15.4
2016-05-24T08:05:10+0000 15.3
2016-05-24T08:20:25+0000 15.3
2016-05-24T08:35:40+0000 15.3
2016-05-24T08:50:55+0000 15.3
2016-05-24T09:06:10+0000 15.5
2016-05-24T09:21:25+0000 15.7
2016-05-24T09:36:40+0000 15.7
2016-05-24T09:51:55+0000 15.7
2016-05-24T10:07:10+0000 15.7
2016-05-24T10:22:25+0000 15.5
2016-05-24T10:37:40+0000 15.6
2016-05-24T10:52:55+0000 15.8
2016-05-24T11:08:10+0000 15.9
2016-05-24T11:23:25+0000 16.0
2016-05-24T11:38:40+0000 15.9
2016-05-24T11:53:56+0000 15.7
2016-05-24T12:09:11+0000 16.0
2016-05-24T12:24:26+0000 15.9
2016-05-24T12:39:41+0000 16.0
2016-05-24T12:54:56+0000 15.9
2016-05-24T13:10:11+0000 15.9
2016-05-24T13:25:26+0000 15.9
2016-05-24T13:40:41+0000 15.9
2016-05-24T13:55:56+0000 16.0
2016-05-24T14:11:11+0000 16.2
2016-05-24T14:26:26+0000 16.1
2016-05-24T14:41:42+0000 16.1
2016-05-24T14:56:57+0000 16.1
2016-05-24T15:12:12+0000 16.3
2016-05-24T15:27:27+0000 16.4
2016-05-24T15:42:42+0000 16.3
2016-05-24T15:57:57+0000 16.2
2016-05-24T16:13:12+0000 16.1
2016-05-24T16:28:27+0000 16.3
2016-05-24T16:43:42+0000 16.3
2016-05-24T16:58:57+0000 16.3
2016-05-24T17:14:12+0000 16.3
2016-05-24T17:29:27+0000 16.4
2016-05-24T17:44:42+0000 16.4
2016-05-24T17:59:57+0000 16.3
2016-05-24T18:15:12+0000 16.2
2016-05-24T18:30:27+0000 16.3
2016-05-24T18:45:42+0000 16.0
2016-05-24T19:00:57+0000 15.8
2016-05-24T19:16:12+0000 15.9
2016-05-24T19:31:27+0000 15.8
2016-05-24T19:46:42+0000 15.7
2016-05-24T20:01:58+0000 15.6
2016-05-24T20:17:13+0000 15.7
2016-05-24T20:32:28+0000 15.5
2016-05-24T20:47:43+0000 15.5
2016-05-24T21:02:58+0000 15.5
2016-05-24T21:18:13+0000 15.5
2016-05-24T21:33:28+0000 15.3
2016-05-24T21:48:43+0000 15.3
2016-05-24T22:03:58+0000 15.3
2016-05-24T22:19:13+0000 15.3
2016-05-24T22:34:28+0000 15.3
2016-05-24T22:49:43+0000 15.2
2016-05-24T23:04:58+0000 15.1
2016-05-24T23:20:13+0000 15.1
2016-05-24T23:35:28+0000 15.1
2016-05-24T23:50:43+0000 15.0
