2016-05-17T00:01:23+0000 12.3
2016-05-17T00:16:38+0000 12.2
2016-05-17T00:31:53+0000 12.2
2016-05-17T00:47:09+0000 12.1
2016-05-17T01:02:24+0000 12.1
2016-05-17T01:17:39+0000 12.0
2016-05-17T01:32:54+0000 11.9
2016-05-17T01:48:09+0000 11.9
2016-05-17T02:03:24+0000 11.9
2016-05-17T02:18:40+0000 11.9
2016-05-17T02:33:55+0000 11.9
2016-05-17T02:49:10+0000 11.9
2016-05-17T03:04:25+0000 11.8
2016-05-17T03:19:40+0000 11.9
2016-05-17T03:34:56+0000 11.8
2016-05-17T03:50:11+0000 11.8
2016-05-17T04:05:26+0000 11.8
2016-05-17T04:20:41+0000 11.7
2016-05-17T04:35:56+0000 11.7
2016-05-17T04:51:11+0000 11.8
2016-05-17T05:06:27+0000 11.7
2016-05-17T05:21:42+0000 11.8
2016-05-17T05:36:57+0000 11.8
2016-05-17T05:52:12+0000 11.9
2016-05-17T06:07:27+0000 11.9
2016-05-17T06:22:42+0000 12.1
2016-05-17T06:37:58+0000 12.3
2016-05-17T06:53:13+0000 12.6
2016-05-17T07:08:28+0000 13.1
2016-05-17T07:23:43+0000 13.5
2016-05-17T07:38:58+0000 14.1
2016-05-17T07:54:14+0000 14.7
2016-05-17T08:09:29+0000 15.1
2016-05-17T08:24:44+0000 15.7
2016-05-17T08:39:59+0000 16.0
2016-05-17T08:55:14+0000 16.6
2016-05-17T09:10:29+0000 17.4
2016-05-17T09:25:44+0000 18.2
2016-05-17T09:40:59+0000 19.2
2016-05-17T09:56:14+0000 19.7
2016-05-17T10:11:29+0000 19.7
2016-05-17T10:26:44+0000 19.7
2016-05-17T10:41:58+0000 19.8
2016-05-17T10:57:13+0000 19.6
2016-05-17T11:12:28+0000 19.7
2016-05-17T11:27:43+0000 20.0
2016-05-17T11:42:58+0000 20.3
2016-05-17T11:58:13+0000 20.7
2016-05-17T12:13:28+0000 20.7
2016-05-17T12:28:42+0000 21.1
2016-05-17T12:43:57+0000 21.2
2016-05-17T12:59:12+0000 21.6
2016-05-17T13:14:27+0000 21.8
2016-05-17T13:29:41+0000 22.3
2016-05-17T13:44:56+0000 22.8
2016-05-17T14:00:11+0000 23.0
2016-05-17T14:15:25+0000 23.2
2016-05-17T14:30:40+0000 23.3
2016-05-17T14:45:55+0000 23.6
2016-05-17T15:01:09+0000 23.6
2016-05-17T15:16:24+0000 23.5
2016-05-17T15:31:39+0000 23.7
2016-05-17T15:46:53+0000 23.9
2016-05-17T16:02:08+0000 23.8
2016-05-17T16:17:22+0000 23.8
2016-05-17T16:32:37+0000 23.7
2016-05-17T16:47:51+0000 23.6
2016-05-17T17:03:06+0000 23.6
2016-05-17T17:18:21+0000 23.4
2016-05-17T17:33:35+0000 23.2
2016-05-17T17:48:50+0000 23.1
2016-05-17T18:04:04+0000 22.9
2016-05-17T18:19:19+0000 22.7
2016-05-17T18:34:34+0000 22.5
2016-05-17T18:49:48+0000 22.2
2016-05-17T19:05:03+0000 22.0
2016-05-17T19:20:18+0000 21.7
2016-05-17T19:35:32+0000 21.2
2016-05-17T19:50:47+0000 20.7
2016-05-17T20:06:02+0000 20.4
2016-05-17T20:21:17+0000 19.9
2016-05-17T20:36:31+0000 19.4
2016-05-17T20:51:46+0000 19.1
2016-05-17T21:07:01+0000 18.9
2016-05-17T21:22:16+0000 18.5
2016-05-17T21:37:31+0000 18.4
2016-05-17T21:52:46+0000 18.0
2016-05-17T22:08:00+0000 17.8
2016-05-17T22:23:15+0000 17.5
2016-05-17T22:38:30+0000 17.4
2016-05-17T22:53:45+0000 17.1
2016-05-17T23:09:00+0000 16.9
2016-05-17T23:24:15+0000 16.8
2016-05-17T23:39:30+0000 16.6
2016-05-17T23:54:45+0000 16.6
