2016-03-05T00:12:46+0000 8.7
2016-03-05T00:28:02+0000 8.6
2016-03-05T00:43:18+0000 8.6
2016-03-05T00:58:33+0000 8.5
2016-03-05T01:13:49+0000 8.4
2016-03-05T01:29:05+0000 8.5
2016-03-05T01:44:21+0000 8.4
2016-03-05T01:59:37+0000 8.3
2016-03-05T02:14:52+0000 8.5
2016-03-05T02:30:08+0000 8.4
2016-03-05T02:45:24+0000 8.4
2016-03-05T03:00:40+0000 8.4
2016-03-05T03:15:55+0000 8.6
2016-03-05T03:31:11+0000 8.6
2016-03-05T03:46:27+0000 8.8
2016-03-05T04:01:43+0000 8.4
2016-03-05T04:16:59+0000 8.6
2016-03-05T04:32:14+0000 8.7
2016-03-05T04:47:30+0000 8.4
2016-03-05T05:02:46+0000 8.6
2016-03-05T05:18:02+0000 8.6
2016-03-05T05:33:17+0000 8.6
2016-03-05T05:48:33+0000 8.4
2016-03-05T06:03:49+0000 8.3
2016-03-05T06:19:04+0000 8.4
2016-03-05T06:34:20+0000 8.2
2016-03-05T06:49:36+0000 8.4
2016-03-05T07:04:52+0000 8.3
2016-03-05T07:20:08+0000 8.4
2016-03-05T07:35:23+0000 8.3
2016-03-05T07:50:39+0000 8.6
2016-03-05T08:05:55+0000 8.4
2016-03-05T08:21:11+0000 8.7
2016-03-05T08:36:27+0000 8.8
2016-03-05T08:51:42+0000 9.0
2016-03-05T09:06:58+0000 9.0
2016-03-05T09:22:14+0000 9.1
2016-03-05T09:37:30+0000 9.2
2016-03-05T09:52:46+0000 9.1
2016-03-05T10:08:01+0000 9.6
2016-03-05T10:23:17+0000 9.7
2016-03-05T10:38:33+0000 9.8
2016-03-05T10:53:49+0000 9.9
2016-03-05T11:09:04+0000 9.9
2016-03-05T11:24:20+0000 10.1
2016-03-05T11:39:36+0000 10.4
2016-03-05T11:54:52+0000 10.1
2016-03-05T12:10:07+0000 10.3
2016-03-05T12:25:23+0000 9.5
2016-03-05T12:40:39+0000 9.6
2016-03-05T12:55:55+0000 9.3
2016-03-05T13:11:10+0000 9.4
2016-03-05T13:26:26+0000 9.2
2016-03-05T13:41:42+0000 9.8
2016-03-05T13:56:58+0000 10.2
2016-03-05T14:12:14+0000 10.3
2016-03-05T14:27:29+0000 10.7
2016-03-05T14:42:45+0000 10.5
2016-03-05T14:58:01+0000 10.6
2016-03-05T15:13:16+0000 10.4
2016-03-05T15:28:32+0000 10.5
2016-03-05T15:43:48+0000 10.5
2016-03-05T15:59:04+0000 10.5
2016-03-05T16:14:19+0000 10.7
2016-03-05T16:29:35+0000 10.6
2016-03-05T16:44:51+0000 10.5
2016-03-05T17:00:06+0000 10.5
2016-03-05T17:15:22+0000 10.5
2016-03-05T17:30:38+0000 10.3
2016-03-05T17:45:54+0000 10.5
2016-03-05T18:01:09+0000 10.3
2016-03-05T18:16:25+0000 10.3
2016-03-05T18:31:41+0000 10.1
2016-03-05T18:46:56+0000 9.9
2016-03-05T19:02:12+0000 9.6
2016-03-05T19:17:28+0000 9.8
2016-03-05T19:32:44+0000 9.5
2016-03-05T19:47:59+0000 9.5
2016-03-05T20:03:15+0000 9.3
2016-03-05T20:18:31+0000 9.2
2016-03-05T20:33:46+0000 9.0
2016-03-05T20:49:02+0000 9.1
2016-03-05T21:04:18+0000 8.7
2016-03-05T21:19:33+0000 8.8
2016-03-05T21:34:49+0000 8.7
2016-03-05T21:50:05+0000 8.6
2016-03-05T22:05:21+0000 8.5
2016-03-05T22:20:36+0000 8.2
2016-03-05T22:35:52+0000 8.1
2016-03-05T22:51:08+0000 8.0
2016-03-05T23:06:24+0000 8.0
2016-03-05T23:21:40+0000 8.0
2016-03-05T23:36:56+0000 7.9
2016-03-05T23:52:11+0000 7.9
