2016-05-07T00:07:22+0000 22.1
2016-05-07T00:22:37+0000 21.9
2016-05-07T00:37:51+0000 21.5
2016-05-07T00:53:06+0000 21.2
2016-05-07T01:08:20+0000 20.8
2016-05-07T01:23:34+0000 20.6
2016-05-07T01:38:49+0000 20.4
2016-05-07T01:54:04+0000 19.9
2016-05-07T02:09:18+0000 19.7
2016-05-07T02:24:33+0000 19.5
2016-05-07T02:39:47+0000 19.1
2016-05-07T02:55:02+0000 18.9
2016-05-07T03:10:16+0000 18.6
2016-05-07T03:25:31+0000 18.5
2016-05-07T03:40:46+0000 18.2
2016-05-07T03:56:00+0000 17.9
2016-05-07T04:11:15+0000 17.7
2016-05-07T04:26:29+0000 17.5
2016-05-07T04:41:44+0000 17.3
2016-05-07T04:56:59+0000 17.1
2016-05-07T05:12:13+0000 16.9
2016-05-07T05:27:28+0000 16.8
2016-05-07T05:42:43+0000 16.7
2016-05-07T05:57:58+0000 16.7
2016-05-07T06:13:12+0000 16.7
2016-05-07T06:28:27+0000 16.9
2016-05-07T06:43:42+0000 17.1
2016-05-07T06:58:56+0000 17.4
2016-05-07T07:14:11+0000 18.0
2016-05-07T07:29:26+0000 18.7
2016-05-07T07:44:40+0000 19.5
2016-05-07T07:59:55+0000 19.7
2016-05-07T08:15:10+0000 20.6
2016-05-07T08:30:24+0000 21.5
2016-05-07T08:45:39+0000 22.5
2016-05-07T09:00:54+0000 23.3
2016-05-07T09:16:08+0000 24.3
2016-05-07T09:31:22+0000 25.2
2016-05-07T09:46:37+0000 26.2
2016-05-07T10:01:51+0000 27.1
2016-05-07T10:17:05+0000 28.1
2016-05-07T10:32:20+0000 28.8
2016-05-07T10:47:34+0000 29.8
2016-05-07T11:02:48+0000 30.6
2016-05-07T11:18:02+0000 31.4
2016-05-07T11:33:16+0000 32.3
2016-05-07T11:48:30+0000 32.9
2016-05-07T12:03:44+0000 33.7
2016-05-07T12:18:57+0000 34.1
2016-05-07T12:34:11+0000 34.7
2016-05-07T12:49:25+0000 35.2
2016-05-07T13:04:38+0000 35.6
2016-05-07T13:19:52+0000 35.9
2016-05-07T13:35:06+0000 36.2
2016-05-07T13:50:19+0000 36.4
2016-05-07T14:05:32+0000 36.4
2016-05-07T14:20:46+0000 36.2
2016-05-07T14:35:59+0000 36.2
2016-05-07T14:51:13+0000 35.8
2016-05-07T15:06:26+0000 35.6
2016-05-07T15:21:39+0000 35.6
2016-05-07T15:36:53+0000 35.4
2016-05-07T15:52:06+0000 35.1
2016-05-07T15:56:23+0000 35.1
2016-05-07T16:11:24+0000 34.9
2016-05-07T16:26:37+0000 34.6
2016-05-07T16:41:51+0000 34.1
2016-05-07T16:57:04+0000 33.7
2016-05-07T17:12:18+0000 33.3
2016-05-07T17:27:32+0000 33.0
2016-05-07T17:42:45+0000 32.6
2016-05-07T17:57:59+0000 32.3
2016-05-07T18:13:12+0000 32.0
2016-05-07T18:28:26+0000 31.5
2016-05-07T18:43:40+0000 31.3
2016-05-07T18:58:53+0000 31.0
2016-05-07T19:14:07+0000 30.4
2016-05-07T19:29:21+0000 30.0
2016-05-07T19:44:34+0000 29.5
2016-05-07T19:59:48+0000 28.9
2016-05-07T20:15:02+0000 28.5
2016-05-07T20:30:16+0000 28.1
2016-05-07T20:45:30+0000 27.8
2016-05-07T21:00:44+0000 27.3
2016-05-07T21:15:58+0000 26.7
2016-05-07T21:31:12+0000 26.4
2016-05-07T21:46:26+0000 25.9
2016-05-07T22:01:40+0000 25.5
2016-05-07T22:16:54+0000 25.2
2016-05-07T22:32:08+0000 24.8
2016-05-07T22:47:22+0000 24.4
2016-05-07T23:02:36+0000 24.2
2016-05-07T23:17:50+0000 23.7
2016-05-07T23:33:05+0000 23.4
2016-05-07T23:48:19+0000 23.1
