2016-06-25T00:03:19+0000 32.2
2016-06-25T00:18:33+0000 31.4
2016-06-25T00:25:39+0000 31.1
2016-06-25T00:40:40+0000 30.9
2016-06-25T00:55:53+0000 30.6
2016-06-25T01:11:07+0000 30.4
2016-06-25T01:26:21+0000 30.0
2016-06-25T01:41:35+0000 29.7
2016-06-25T01:56:49+0000 29.4
2016-06-25T02:12:03+0000 29.2
2016-06-25T02:27:17+0000 28.9
2016-06-25T02:42:31+0000 28.8
2016-06-25T02:57:45+0000 28.6
2016-06-25T03:12:59+0000 28.3
2016-06-25T03:28:13+0000 28.1
2016-06-25T03:43:27+0000 28.0
2016-06-25T03:58:41+0000 27.7
2016-06-25T04:13:56+0000 27.6
2016-06-25T04:29:10+0000 27.4
2016-06-25T04:44:24+0000 27.2
2016-06-25T04:59:38+0000 27.0
2016-06-25T05:14:52+0000 26.9
2016-06-25T05:30:07+0000 26.7
2016-06-25T05:45:21+0000 26.6
2016-06-25T06:00:35+0000 26.6
2016-06-25T06:15:49+0000 26.5
2016-06-25T06:31:03+0000 26.5
2016-06-25T06:46:18+0000 26.6
2016-06-25T07:01:32+0000 26.5
2016-06-25T07:16:46+0000 26.6
2016-06-25T07:32:00+0000 26.6
2016-06-25T07:47:15+0000 26.6
2016-06-25T08:02:29+0000 27.0
2016-06-25T08:17:43+0000 27.4
2016-06-25T08:32:58+0000 27.4
2016-06-25T08:48:12+0000 27.6
2016-06-25T09:03:26+0000 27.6
2016-06-25T09:18:40+0000 27.9
2016-06-25T09:33:54+0000 28.0
2016-06-25T09:49:08+0000 28.5
2016-06-25T10:04:23+0000 29.4
2016-06-25T10:19:37+0000 30.7
2016-06-25T10:34:51+0000 31.3
2016-06-25T10:50:05+0000 31.5
2016-06-25T11:05:19+0000 31.8
2016-06-25T11:20:33+0000 32.0
2016-06-25T11:35:47+0000 31.9
2016-06-25T11:51:01+0000 31.9
2016-06-25T12:06:15+0000 31.7
2016-06-25T12:21:28+0000 32.0
2016-06-25T12:36:42+0000 32.7
2016-06-25T12:51:56+0000 33.6
2016-06-25T13:07:10+0000 34.1
2016-06-25T13:22:23+0000 34.9
2016-06-25T13:37:37+0000 35.4
2016-06-25T13:52:51+0000 35.9
2016-06-25T14:08:04+0000 35.5
2016-06-25T14:23:18+0000 33.8
2016-06-25T14:38:31+0000 31.7
2016-06-25T14:53:45+0000 31.2
2016-06-25T15:08:59+0000 30.7
2016-06-25T15:24:13+0000 30.1
2016-06-25T15:39:27+0000 29.7
2016-06-25T15:54:41+0000 29.3
2016-06-25T16:09:55+0000 29.1
2016-06-25T16:25:09+0000 29.0
2016-06-25T16:40:23+0000 29.1
2016-06-25T16:55:37+0000 29.0
2016-06-25T17:10:52+0000 28.8
2016-06-25T17:26:06+0000 28.7
2016-06-25T17:41:20+0000 28.3
2016-06-25T17:56:34+0000 28.2
2016-06-25T18:11:48+0000 28.0
2016-06-25T18:27:02+0000 28.0
2016-06-25T18:42:16+0000 28.0
2016-06-25T18:57:30+0000 27.7
2016-06-25T19:12:45+0000 27.7
2016-06-25T19:27:59+0000 27.5
2016-06-25T19:43:13+0000 27.2
2016-06-25T19:58:27+0000 27.1
2016-06-25T20:13:42+0000 26.8
2016-06-25T20:28:56+0000 26.6
2016-06-25T20:44:10+0000 26.4
2016-06-25T20:59:24+0000 26.2
2016-06-25T21:14:39+0000 26.1
2016-06-25T21:29:53+0000 25.8
2016-06-25T21:45:07+0000 25.8
2016-06-25T22:00:22+0000 25.6
2016-06-25T22:15:36+0000 25.4
2016-06-25T22:30:50+0000 25.2
2016-06-25T22:46:05+0000 24.8
2016-06-25T23:01:19+0000 24.6
2016-06-25T23:16:34+0000 24.4
2016-06-25T23:31:48+0000 24.1
2016-06-25T23:47:03+0000 23.8
