2015-12-15T00:09:58+0000 8.8
2015-12-15T00:25:14+0000 8.6
2015-12-15T00:40:30+0000 8.5
2015-12-15T00:55:45+0000 8.3
2015-12-15T01:11:01+0000 8.2
2015-12-15T01:26:17+0000 8.2
2015-12-15T01:41:32+0000 8.1
2015-12-15T01:56:48+0000 7.9
2015-12-15T02:12:04+0000 7.9
2015-12-15T02:27:19+0000 7.8
2015-12-15T02:42:35+0000 7.7
2015-12-15T02:57:51+0000 7.6
2015-12-15T03:13:07+0000 7.5
2015-12-15T03:28:22+0000 7.4
2015-12-15T03:43:38+0000 7.5
2015-12-15T03:58:54+0000 7.3
2015-12-15T04:14:09+0000 7.3
2015-12-15T04:29:25+0000 7.3
2015-12-15T04:44:41+0000 7.2
2015-12-15T04:59:57+0000 7.2
2015-12-15T05:15:12+0000 7.2
2015-12-15T05:30:28+0000 7.2
2015-12-15T05:45:44+0000 7.4
2015-12-15T06:01:00+0000 7.5
2015-12-15T06:16:15+0000 7.6
2015-12-15T06:31:31+0000 7.5
2015-12-15T06:46:47+0000 7.6
2015-12-15T07:02:03+0000 7.6
2015-12-15T07:17:18+0000 7.7
2015-12-15T07:32:34+0000 7.7
2015-12-15T07:47:50+0000 7.8
2015-12-15T08:03:06+0000 7.9
2015-12-15T08:18:21+0000 7.8
2015-12-15T08:33:37+0000 8.0
2015-12-15T08:48:53+0000 8.1
2015-12-15T09:04:08+0000 8.2
2015-12-15T09:19:24+0000 8.2
2015-12-15T09:34:40+0000 8.3
2015-12-15T09:49:55+0000 8.5
2015-12-15T10:05:11+0000 8.6
2015-12-15T10:20:27+0000 8.7
2015-12-15T10:35:43+0000 9.0
2015-12-15T10:50:59+0000 9.3
2015-12-15T11:06:14+0000 9.6
2015-12-15T11:21:30+0000 9.8
2015-12-15T11:36:46+0000 10.1
2015-12-15T11:52:02+0000 10.6
2015-12-15T12:07:17+0000 11.0
2015-12-15T12:22:33+0000 11.3
2015-12-15T12:37:49+0000 11.7
2015-12-15T12:53:04+0000 12.0
2015-12-15T13:08:20+0000 12.2
2015-12-15T13:23:36+0000 12.2
2015-12-15T13:38:51+0000 12.5
2015-12-15T13:54:07+0000 12.6
2015-12-15T14:09:23+0000 12.7
2015-12-15T14:24:38+0000 12.7
2015-12-15T14:39:54+0000 12.7
2015-12-15T14:55:09+0000 12.9
2015-12-15T15:10:25+0000 13.1
2015-12-15T15:25:40+0000 13.5
2015-12-15T15:40:55+0000 13.2
2015-12-15T15:56:11+0000 13.1
2015-12-15T16:11:26+0000 12.9
2015-12-15T16:26:42+0000 12.9
2015-12-15T16:41:57+0000 13.2
2015-12-15T16:57:13+0000 12.8
2015-12-15T17:12:29+0000 12.9
2015-12-15T17:27:44+0000 12.6
2015-12-15T17:43:00+0000 12.4
2015-12-15T17:58:15+0000 12.2
2015-12-15T18:13:31+0000 12.0
2015-12-15T18:28:46+0000 11.8
2015-12-15T18:44:02+0000 11.7
2015-12-15T18:59:17+0000 11.7
2015-12-15T19:14:33+0000 11.4
2015-12-15T19:29:48+0000 11.5
2015-12-15T19:45:04+0000 11.3
2015-12-15T20:00:20+0000 11.1
2015-12-15T20:15:35+0000 10.9
2015-12-15T20:30:51+0000 10.8
2015-12-15T20:46:06+0000 10.5
2015-12-15T21:01:22+0000 10.5
2015-12-15T21:16:37+0000 10.3
2015-12-15T21:31:53+0000 10.3
2015-12-15T21:47:08+0000 10.2
2015-12-15T22:02:24+0000 10.1
2015-12-15T22:17:40+0000 10.0
2015-12-15T22:32:55+0000 9.9
2015-12-15T22:48:11+0000 9.9
2015-12-15T23:03:27+0000 9.7
2015-12-15T23:18:42+0000 9.7
2015-12-15T23:33:58+0000 9.5
2015-12-15T23:49:14+0000 9.6
