2016-04-03T00:00:47+0000 15.1
2016-04-03T00:16:02+0000 15.0
2016-04-03T00:31:18+0000 15.0
2016-04-03T00:46:33+0000 14.9
2016-04-03T01:01:48+0000 14.9
2016-04-03T01:17:04+0000 14.7
2016-04-03T01:32:19+0000 14.7
2016-04-03T01:47:35+0000 14.7
2016-04-03T02:02:50+0000 14.5
2016-04-03T02:18:05+0000 14.5
2016-04-03T02:33:21+0000 14.4
2016-04-03T02:48:36+0000 14.4
2016-04-03T03:03:51+0000 14.2
2016-04-03T03:19:07+0000 14.1
2016-04-03T03:34:22+0000 14.1
2016-04-03T03:49:38+0000 14.0
2016-04-03T04:04:53+0000 14.0
2016-04-03T04:20:09+0000 13.9
2016-04-03T04:35:24+0000 13.9
2016-04-03T04:50:40+0000 13.8
2016-04-03T05:05:55+0000 13.7
2016-04-03T05:21:10+0000 13.6
2016-04-03T05:36:26+0000 13.6
2016-04-03T05:51:41+0000 13.6
2016-04-03T06:06:57+0000 13.5
2016-04-03T06:22:12+0000 13.5
2016-04-03T06:37:28+0000 13.4
2016-04-03T06:52:44+0000 13.4
2016-04-03T07:07:59+0000 13.5
2016-04-03T07:23:15+0000 13.7
2016-04-03T07:38:30+0000 13.9
2016-04-03T07:53:45+0000 14.2
2016-04-03T08:09:01+0000 14.9
2016-04-03T08:24:16+0000 14.9
2016-04-03T08:39:31+0000 15.1
2016-04-03T08:54:47+0000 15.6
2016-04-03T09:10:02+0000 16.3
2016-04-03T09:25:18+0000 17.1
2016-04-03T09:40:33+0000 17.7
2016-04-03T09:55:48+0000 18.5
2016-04-03T10:11:03+0000 19.1
2016-04-03T10:26:18+0000 19.9
2016-04-03T10:41:34+0000 20.6
2016-04-03T10:56:49+0000 21.3
2016-04-03T11:12:04+0000 22.0
2016-04-03T11:27:19+0000 22.6
2016-04-03T11:42:34+0000 23.3
2016-04-03T11:57:49+0000 23.7
2016-04-03T12:13:04+0000 24.5
2016-04-03T12:28:19+0000 25.0
2016-04-03T12:43:34+0000 25.3
2016-04-03T12:58:49+0000 25.3
2016-04-03T13:14:03+0000 25.4
2016-04-03T13:29:18+0000 25.4
2016-04-03T13:44:33+0000 25.7
2016-04-03T13:59:48+0000 25.7
2016-04-03T14:15:02+0000 25.6
2016-04-03T14:30:17+0000 25.7
2016-04-03T14:45:32+0000 25.6
2016-04-03T15:00:47+0000 25.5
2016-04-03T15:16:01+0000 25.4
2016-04-03T15:31:16+0000 25.3
2016-04-03T15:46:31+0000 25.0
2016-04-03T16:01:45+0000 25.0
2016-04-03T16:17:00+0000 24.8
2016-04-03T16:32:15+0000 24.7
2016-04-03T16:47:30+0000 24.6
2016-04-03T17:02:45+0000 24.3
2016-04-03T17:18:00+0000 24.1
2016-04-03T17:33:14+0000 23.8
2016-04-03T17:48:29+0000 23.6
2016-04-03T18:03:44+0000 23.4
2016-04-03T18:18:59+0000 23.1
2016-04-03T18:34:14+0000 22.8
2016-04-03T18:49:29+0000 22.4
2016-04-03T19:04:44+0000 22.2
2016-04-03T19:19:59+0000 21.9
2016-04-03T19:35:14+0000 21.7
2016-04-03T19:50:29+0000 21.5
2016-04-03T20:05:44+0000 21.2
2016-04-03T20:20:59+0000 21.1
2016-04-03T20:36:14+0000 20.8
2016-04-03T20:51:29+0000 20.6
2016-04-03T21:06:44+0000 20.5
2016-04-03T21:21:59+0000 20.3
2016-04-03T21:37:14+0000 20.0
2016-04-03T21:52:29+0000 20.0
2016-04-03T22:07:44+0000 19.9
2016-04-03T22:22:59+0000 19.7
2016-04-03T22:38:14+0000 19.4
2016-04-03T22:53:29+0000 19.2
2016-04-03T23:08:44+0000 19.1
2016-04-03T23:23:59+0000 19.0
2016-04-03T23:39:15+0000 19.0
2016-04-03T23:54:30+0000 18.8
