2016-04-19T00:05:49+0000 14.5
2016-04-19T00:21:04+0000 14.3
2016-04-19T00:36:19+0000 14.1
2016-04-19T00:51:35+0000 13.9
2016-04-19T01:06:50+0000 13.6
2016-04-19T01:22:05+0000 13.4
2016-04-19T01:37:20+0000 13.2
2016-04-19T01:52:36+0000 13.0
2016-04-19T02:07:51+0000 12.7
2016-04-19T02:23:06+0000 12.5
2016-04-19T02:38:21+0000 12.3
2016-04-19T02:53:37+0000 12.2
2016-04-19T03:08:52+0000 11.7
2016-04-19T03:24:07+0000 11.8
2016-04-19T03:39:22+0000 11.6
2016-04-19T03:54:37+0000 11.4
2016-04-19T04:09:53+0000 11.1
2016-04-19T04:25:08+0000 11.1
2016-04-19T04:40:23+0000 10.8
2016-04-19T04:55:39+0000 10.7
2016-04-19T05:10:54+0000 10.6
2016-04-19T05:26:09+0000 10.6
2016-04-19T05:41:25+0000 10.3
2016-04-19T05:56:40+0000 10.3
2016-04-19T06:11:55+0000 10.2
2016-04-19T06:27:11+0000 10.1
2016-04-19T06:42:26+0000 10.6
2016-04-19T06:57:41+0000 10.8
2016-04-19T07:12:57+0000 11.2
2016-04-19T07:28:12+0000 12.0
2016-04-19T07:43:27+0000 12.5
2016-04-19T07:58:43+0000 13.0
2016-04-19T08:13:58+0000 13.7
2016-04-19T08:29:13+0000 14.5
2016-04-19T08:44:29+0000 15.0
2016-04-19T08:59:44+0000 15.6
2016-04-19T09:14:59+0000 16.2
2016-04-19T09:30:14+0000 16.7
2016-04-19T09:45:29+0000 17.5
2016-04-19T10:00:44+0000 17.9
2016-04-19T10:15:59+0000 18.6
2016-04-19T10:31:14+0000 19.3
2016-04-19T10:46:29+0000 19.9
2016-04-19T11:01:44+0000 20.2
2016-04-19T11:16:59+0000 20.4
2016-04-19T11:32:14+0000 20.5
2016-04-19T11:47:29+0000 20.9
2016-04-19T12:02:44+0000 21.6
2016-04-19T12:17:59+0000 22.4
2016-04-19T12:33:13+0000 22.3
2016-04-19T12:48:28+0000 22.6
2016-04-19T13:03:43+0000 22.4
2016-04-19T13:18:58+0000 22.5
2016-04-19T13:34:13+0000 22.5
2016-04-19T13:49:27+0000 22.2
2016-04-19T14:04:42+0000 22.0
2016-04-19T14:19:57+0000 21.9
2016-04-19T14:35:12+0000 22.0
2016-04-19T14:50:26+0000 21.9
2016-04-19T15:05:41+0000 22.2
2016-04-19T15:20:56+0000 22.0
2016-04-19T15:36:11+0000 21.9
2016-04-19T15:51:25+0000 22.3
2016-04-19T16:06:40+0000 22.4
2016-04-19T16:21:55+0000 22.5
2016-04-19T16:37:10+0000 22.4
2016-04-19T16:52:24+0000 22.1
2016-04-19T17:07:39+0000 22.1
2016-04-19T17:22:54+0000 21.9
2016-04-19T17:38:09+0000 21.9
2016-04-19T17:53:24+0000 21.8
2016-04-19T18:08:38+0000 21.6
2016-04-19T18:23:53+0000 21.2
2016-04-19T18:39:08+0000 20.6
2016-04-19T18:54:23+0000 20.2
2016-04-19T19:09:37+0000 19.8
2016-04-19T19:24:52+0000 19.6
2016-04-19T19:40:07+0000 19.1
2016-04-19T19:55:22+0000 18.7
2016-04-19T20:10:37+0000 18.6
2016-04-19T20:25:52+0000 18.4
2016-04-19T20:41:07+0000 18.2
2016-04-19T20:56:22+0000 17.9
2016-04-19T21:11:37+0000 17.5
2016-04-19T21:26:52+0000 17.3
2016-04-19T21:42:07+0000 17.0
2016-04-19T21:57:22+0000 16.9
2016-04-19T22:12:37+0000 16.5
2016-04-19T22:27:52+0000 16.4
2016-04-19T22:43:07+0000 15.8
2016-04-19T22:58:22+0000 15.6
2016-04-19T23:13:37+0000 15.3
2016-04-19T23:28:52+0000 15.0
2016-04-19T23:44:07+0000 14.8
2016-04-19T23:59:22+0000 14.6
