2016-09-05T00:11:37+0000 21.2
2016-09-05T00:26:52+0000 21.1
2016-09-05T00:42:07+0000 21.1
2016-09-05T00:57:22+0000 20.9
2016-09-05T01:12:37+0000 20.9
2016-09-05T01:27:52+0000 20.7
2016-09-05T01:43:07+0000 20.6
2016-09-05T01:58:22+0000 20.5
2016-09-05T02:13:37+0000 20.5
2016-09-05T02:28:53+0000 20.3
2016-09-05T02:44:08+0000 20.1
2016-09-05T02:59:23+0000 20.1
2016-09-05T03:14:38+0000 20.1
2016-09-05T03:29:53+0000 20.0
2016-09-05T03:45:08+0000 19.9
2016-09-05T04:00:23+0000 19.9
2016-09-05T04:15:38+0000 19.7
2016-09-05T04:30:53+0000 19.7
2016-09-05T04:46:08+0000 19.7
2016-09-05T05:01:24+0000 19.7
2016-09-05T05:16:39+0000 19.6
2016-09-05T05:31:54+0000 19.4
2016-09-05T05:47:09+0000 19.6
2016-09-05T06:02:24+0000 19.5
2016-09-05T06:17:40+0000 19.6
2016-09-05T06:32:55+0000 19.6
2016-09-05T06:48:10+0000 19.5
2016-09-05T07:03:25+0000 19.7
2016-09-05T07:18:40+0000 19.7
2016-09-05T07:33:56+0000 19.7
2016-09-05T07:49:11+0000 20.0
2016-09-05T08:04:26+0000 20.2
2016-09-05T08:19:41+0000 20.4
2016-09-05T08:34:56+0000 20.6
2016-09-05T08:50:11+0000 21.1
2016-09-05T09:05:26+0000 21.7
2016-09-05T09:20:41+0000 22.1
2016-09-05T09:35:56+0000 22.2
2016-09-05T09:51:11+0000 22.5
2016-09-05T10:06:27+0000 22.7
2016-09-05T10:21:42+0000 22.7
2016-09-05T10:36:57+0000 22.8
2016-09-05T10:52:12+0000 23.1
2016-09-05T11:07:27+0000 23.6
2016-09-05T11:22:42+0000 24.3
2016-09-05T11:37:56+0000 24.8
2016-09-05T11:53:11+0000 25.1
2016-09-05T12:08:26+0000 25.2
2016-09-05T12:23:41+0000 25.5
2016-09-05T12:38:56+0000 25.2
2016-09-05T12:54:11+0000 25.2
2016-09-05T13:09:26+0000 25.0
2016-09-05T13:24:41+0000 25.3
2016-09-05T13:39:55+0000 25.5
2016-09-05T13:55:10+0000 25.2
2016-09-05T14:10:25+0000 25.1
2016-09-05T14:25:40+0000 25.1
2016-09-05T14:40:55+0000 25.0
2016-09-05T14:56:10+0000 24.8
2016-09-05T15:11:25+0000 24.8
2016-09-05T15:26:39+0000 24.8
2016-09-05T15:41:54+0000 24.6
2016-09-05T15:57:09+0000 24.6
2016-09-05T16:12:24+0000 24.5
2016-09-05T16:27:39+0000 24.4
2016-09-05T16:42:54+0000 24.4
2016-09-05T16:58:09+0000 24.4
2016-09-05T17:13:24+0000 24.3
2016-09-05T17:28:39+0000 24.3
2016-09-05T17:43:54+0000 24.1
2016-09-05T17:59:09+0000 23.9
2016-09-05T18:14:23+0000 23.8
2016-09-05T18:29:38+0000 23.6
2016-09-05T18:44:53+0000 23.4
2016-09-05T19:00:08+0000 23.2
2016-09-05T19:15:23+0000 22.9
2016-09-05T19:30:38+0000 22.6
2016-09-05T19:45:53+0000 22.5
2016-09-05T20:01:08+0000 22.2
2016-09-05T20:16:23+0000 22.0
2016-09-05T20:31:38+0000 21.9
2016-09-05T20:46:53+0000 21.7
2016-09-05T21:02:08+0000 21.6
2016-09-05T21:17:23+0000 21.4
2016-09-05T21:32:39+0000 21.3
2016-09-05T21:47:54+0000 21.1
2016-09-05T22:03:09+0000 21.0
2016-09-05T22:18:24+0000 20.8
2016-09-05T22:33:39+0000 20.7
2016-09-05T22:48:54+0000 20.5
2016-09-05T23:04:09+0000 20.3
2016-09-05T23:19:24+0000 20.2
2016-09-05T23:34:39+0000 20.1
2016-09-05T23:49:54+0000 20.0
