2016-09-30T00:10:01+0000 21.5
2016-09-30T00:25:17+0000 21.3
2016-09-30T00:40:32+0000 21.2
2016-09-30T00:55:47+0000 20.9
2016-09-30T01:11:02+0000 20.8
2016-09-30T01:26:17+0000 20.5
2016-09-30T01:41:32+0000 20.4
2016-09-30T01:56:47+0000 20.2
2016-09-30T02:12:03+0000 20.0
2016-09-30T02:27:18+0000 19.8
2016-09-30T02:42:33+0000 19.6
2016-09-30T02:57:48+0000 19.5
2016-09-30T03:13:04+0000 19.2
2016-09-30T03:28:19+0000 19.1
2016-09-30T03:43:34+0000 19.0
2016-09-30T03:58:50+0000 18.7
2016-09-30T04:14:05+0000 18.5
2016-09-30T04:29:20+0000 18.4
2016-09-30T04:44:36+0000 18.4
2016-09-30T04:59:51+0000 18.1
2016-09-30T05:15:06+0000 18.0
2016-09-30T05:30:22+0000 17.8
2016-09-30T05:45:37+0000 17.8
2016-09-30T06:00:52+0000 17.7
2016-09-30T06:16:08+0000 17.6
2016-09-30T06:31:23+0000 17.5
2016-09-30T06:46:38+0000 17.4
2016-09-30T07:01:54+0000 17.5
2016-09-30T07:17:09+0000 17.5
2016-09-30T07:32:24+0000 17.7
2016-09-30T07:47:40+0000 18.1
2016-09-30T08:02:55+0000 18.7
2016-09-30T08:18:10+0000 19.2
2016-09-30T08:33:26+0000 20.0
2016-09-30T08:48:41+0000 20.7
2016-09-30T09:03:56+0000 21.3
2016-09-30T09:19:11+0000 21.6
2016-09-30T09:34:26+0000 21.6
2016-09-30T09:49:42+0000 21.8
2016-09-30T10:04:57+0000 21.8
2016-09-30T10:20:12+0000 22.0
2016-09-30T10:35:27+0000 22.0
2016-09-30T10:50:42+0000 22.1
2016-09-30T11:05:57+0000 22.2
2016-09-30T11:21:12+0000 22.5
2016-09-30T11:36:28+0000 23.0
2016-09-30T11:51:43+0000 23.3
2016-09-30T12:06:58+0000 23.2
2016-09-30T12:22:13+0000 23.5
2016-09-30T12:37:28+0000 24.3
2016-09-30T12:52:43+0000 24.7
2016-09-30T13:07:58+0000 24.6
2016-09-30T13:23:13+0000 24.8
2016-09-30T13:38:28+0000 25.1
2016-09-30T13:53:43+0000 25.0
2016-09-30T14:08:58+0000 25.2
2016-09-30T14:24:13+0000 25.1
2016-09-30T14:39:28+0000 25.2
2016-09-30T14:54:43+0000 25.2
2016-09-30T15:09:58+0000 24.9
2016-09-30T15:25:13+0000 24.8
2016-09-30T15:40:28+0000 24.8
2016-09-30T15:55:43+0000 25.0
2016-09-30T16:10:58+0000 25.0
2016-09-30T16:26:13+0000 25.0
2016-09-30T16:41:28+0000 24.8
2016-09-30T16:56:43+0000 24.5
2016-09-30T17:11:57+0000 24.2
2016-09-30T17:27:12+0000 23.9
2016-09-30T17:42:27+0000 23.6
2016-09-30T17:57:42+0000 23.3
2016-09-30T18:12:57+0000 23.1
2016-09-30T18:28:13+0000 22.7
2016-09-30T18:43:28+0000 22.5
2016-09-30T18:58:43+0000 22.2
2016-09-30T19:13:58+0000 22.1
2016-09-30T19:29:13+0000 21.9
2016-09-30T19:44:28+0000 21.6
2016-09-30T19:59:43+0000 21.4
2016-09-30T20:14:58+0000 21.2
2016-09-30T20:30:13+0000 20.9
2016-09-30T20:45:28+0000 20.8
2016-09-30T21:00:43+0000 20.6
2016-09-30T21:15:58+0000 20.5
2016-09-30T21:31:14+0000 20.3
2016-09-30T21:46:29+0000 20.1
2016-09-30T22:01:44+0000 20.0
2016-09-30T22:16:59+0000 19.9
2016-09-30T22:32:14+0000 19.8
2016-09-30T22:47:30+0000 19.6
2016-09-30T23:02:45+0000 19.4
2016-09-30T23:18:00+0000 19.4
2016-09-30T23:33:15+0000 19.4
2016-09-30T23:48:31+0000 19.3
