2016-07-08T00:03:15+0000 26.3
2016-07-08T00:18:30+0000 25.9
2016-07-08T00:33:44+0000 25.7
2016-07-08T00:48:58+0000 25.4
2016-07-08T01:04:13+0000 25.1
2016-07-08T01:19:27+0000 24.8
2016-07-08T01:34:42+0000 24.5
2016-07-08T01:49:56+0000 24.3
2016-07-08T02:05:11+0000 24.1
2016-07-08T02:20:25+0000 23.8
2016-07-08T02:35:40+0000 23.5
2016-07-08T02:50:54+0000 23.3
2016-07-08T03:06:09+0000 23.2
2016-07-08T03:21:23+0000 22.9
2016-07-08T03:36:38+0000 22.6
2016-07-08T03:51:53+0000 22.3
2016-07-08T04:07:07+0000 22.2
2016-07-08T04:22:22+0000 22.0
2016-07-08T04:37:37+0000 21.8
2016-07-08T04:52:51+0000 21.7
2016-07-08T05:08:06+0000 21.5
2016-07-08T05:23:21+0000 21.5
2016-07-08T05:38:35+0000 21.5
2016-07-08T05:53:50+0000 21.3
2016-07-08T06:09:05+0000 21.4
2016-07-08T06:24:20+0000 21.5
2016-07-08T06:39:34+0000 21.6
2016-07-08T06:54:49+0000 21.8
2016-07-08T07:10:04+0000 22.4
2016-07-08T07:25:18+0000 23.2
2016-07-08T07:40:33+0000 23.7
2016-07-08T07:55:48+0000 24.3
2016-07-08T08:11:02+0000 25.1
2016-07-08T08:26:17+0000 25.9
2016-07-08T08:41:31+0000 27.1
2016-07-08T08:56:46+0000 28.1
2016-07-08T09:12:00+0000 29.2
2016-07-08T09:27:15+0000 30.0
2016-07-08T09:42:29+0000 30.7
2016-07-08T09:57:43+0000 31.5
2016-07-08T10:12:57+0000 32.4
2016-07-08T10:28:11+0000 33.3
2016-07-08T10:43:26+0000 33.9
2016-07-08T10:58:40+0000 34.6
2016-07-08T11:13:54+0000 35.1
2016-07-08T11:29:08+0000 35.9
2016-07-08T11:44:21+0000 36.1
2016-07-08T11:59:35+0000 36.3
2016-07-08T12:14:49+0000 36.5
2016-07-08T12:30:03+0000 36.0
2016-07-08T12:45:16+0000 36.4
2016-07-08T13:00:30+0000 36.2
2016-07-08T13:15:44+0000 36.2
2016-07-08T13:30:57+0000 36.0
2016-07-08T13:46:11+0000 36.0
2016-07-08T14:01:25+0000 36.2
2016-07-08T14:16:38+0000 36.9
2016-07-08T14:31:52+0000 36.9
2016-07-08T14:47:05+0000 37.1
2016-07-08T15:02:19+0000 37.2
2016-07-08T15:17:33+0000 37.2
2016-07-08T15:32:46+0000 37.5
2016-07-08T15:48:00+0000 37.8
2016-07-08T16:03:13+0000 37.4
2016-07-08T16:18:27+0000 37.2
2016-07-08T16:33:41+0000 37.1
2016-07-08T16:48:54+0000 36.6
2016-07-08T17:04:08+0000 36.3
2016-07-08T17:19:21+0000 35.9
2016-07-08T17:34:35+0000 35.6
2016-07-08T17:49:48+0000 35.3
2016-07-08T18:05:02+0000 34.8
2016-07-08T18:20:16+0000 34.5
2016-07-08T18:35:29+0000 34.4
2016-07-08T18:50:43+0000 34.0
2016-07-08T19:05:57+0000 33.7
2016-07-08T19:21:10+0000 33.4
2016-07-08T19:36:24+0000 33.1
2016-07-08T19:51:38+0000 32.8
2016-07-08T20:06:52+0000 32.5
2016-07-08T20:22:05+0000 32.1
2016-07-08T20:37:19+0000 31.8
2016-07-08T20:52:33+0000 31.4
2016-07-08T21:07:47+0000 30.9
2016-07-08T21:23:01+0000 30.8
2016-07-08T21:38:15+0000 30.5
2016-07-08T21:53:29+0000 30.2
2016-07-08T22:08:43+0000 30.0
2016-07-08T22:23:57+0000 29.7
2016-07-08T22:39:11+0000 29.5
2016-07-08T22:54:25+0000 29.2
2016-07-08T23:09:39+0000 29.1
2016-07-08T23:24:53+0000 28.9
2016-07-08T23:40:07+0000 28.7
2016-07-08T23:55:21+0000 28.4
