2016-02-27T00:04:56+0000 6.6
2016-02-27T00:20:12+0000 6.4
2016-02-27T00:35:27+0000 6.4
2016-02-27T00:50:43+0000 6.5
2016-02-27T01:05:59+0000 6.2
2016-02-27T01:21:14+0000 6.2
2016-02-27T01:36:30+0000 6.1
2016-02-27T01:51:46+0000 5.9
2016-02-27T02:07:02+0000 5.8
2016-02-27T02:22:17+0000 5.7
2016-02-27T02:37:33+0000 5.5
2016-02-27T02:52:49+0000 5.4
2016-02-27T03:08:05+0000 5.2
2016-02-27T03:23:20+0000 5.2
2016-02-27T03:38:36+0000 5.2
2016-02-27T03:53:52+0000 4.9
2016-02-27T04:09:08+0000 4.8
2016-02-27T04:24:24+0000 4.7
2016-02-27T04:39:39+0000 4.8
2016-02-27T04:54:55+0000 4.6
2016-02-27T05:10:11+0000 4.6
2016-02-27T05:25:27+0000 4.5
2016-02-27T05:40:43+0000 4.4
2016-02-27T05:55:59+0000 4.4
2016-02-27T06:11:14+0000 4.4
2016-02-27T06:26:30+0000 4.2
2016-02-27T06:41:46+0000 4.1
2016-02-27T06:57:02+0000 4.2
2016-02-27T07:12:18+0000 4.0
2016-02-27T07:27:34+0000 4.2
2016-02-27T07:42:49+0000 4.3
2016-02-27T07:58:05+0000 4.5
2016-02-27T08:13:21+0000 5.0
2016-02-27T08:28:37+0000 5.5
2016-02-27T08:43:53+0000 5.9
2016-02-27T08:59:09+0000 6.3
2016-02-27T09:14:25+0000 6.7
2016-02-27T09:29:40+0000 7.2
2016-02-27T09:44:56+0000 7.4
2016-02-27T10:00:12+0000 8.0
2016-02-27T10:15:28+0000 8.6
2016-02-27T10:30:43+0000 9.2
2016-02-27T10:45:59+0000 9.7
2016-02-27T11:01:15+0000 10.2
2016-02-27T11:16:30+0000 10.8
2016-02-27T11:31:46+0000 11.3
2016-02-27T11:47:01+0000 11.6
2016-02-27T12:02:17+0000 12.1
2016-02-27T12:17:33+0000 12.5
2016-02-27T12:32:48+0000 12.8
2016-02-27T12:48:04+0000 13.1
2016-02-27T13:03:19+0000 13.5
2016-02-27T13:18:35+0000 13.7
2016-02-27T13:33:50+0000 13.9
2016-02-27T13:49:06+0000 14.4
2016-02-27T14:04:21+0000 14.4
2016-02-27T14:19:36+0000 14.6
2016-02-27T14:34:52+0000 14.9
2016-02-27T14:50:07+0000 14.7
2016-02-27T15:05:23+0000 14.6
2016-02-27T15:20:38+0000 14.6
2016-02-27T15:35:54+0000 14.5
2016-02-27T15:51:09+0000 14.5
2016-02-27T16:06:24+0000 14.5
2016-02-27T16:21:40+0000 14.4
2016-02-27T16:36:55+0000 14.2
2016-02-27T16:52:11+0000 14.0
2016-02-27T17:07:26+0000 13.6
2016-02-27T17:22:41+0000 13.3
2016-02-27T17:37:57+0000 13.0
2016-02-27T17:53:12+0000 12.7
2016-02-27T18:08:28+0000 12.4
2016-02-27T18:23:43+0000 12.1
2016-02-27T18:38:59+0000 11.8
2016-02-27T18:54:14+0000 11.4
2016-02-27T19:09:30+0000 11.1
2016-02-27T19:24:45+0000 10.8
2016-02-27T19:40:01+0000 10.6
2016-02-27T19:55:17+0000 10.4
2016-02-27T20:10:32+0000 10.2
2016-02-27T20:25:48+0000 9.9
2016-02-27T20:41:03+0000 9.7
2016-02-27T20:56:19+0000 9.5
2016-02-27T21:11:35+0000 9.2
2016-02-27T21:26:50+0000 9.0
2016-02-27T21:42:06+0000 8.9
2016-02-27T21:57:22+0000 8.6
2016-02-27T22:12:37+0000 8.6
2016-02-27T22:27:53+0000 8.2
2016-02-27T22:43:08+0000 8.1
2016-02-27T22:58:24+0000 8.0
2016-02-27T23:13:40+0000 7.7
2016-02-27T23:28:55+0000 7.6
2016-02-27T23:44:11+0000 7.5
2016-02-27T23:59:27+0000 7.3
