2016-02-20T00:12:16+0000 5.0
2016-02-20T00:27:32+0000 5.0
2016-02-20T00:42:48+0000 4.8
2016-02-20T00:58:04+0000 4.7
2016-02-20T01:13:20+0000 4.7
2016-02-20T01:28:36+0000 4.5
2016-02-20T01:43:52+0000 4.4
2016-02-20T01:59:08+0000 4.4
2016-02-20T02:14:23+0000 4.3
2016-02-20T02:29:39+0000 4.3
2016-02-20T02:44:55+0000 4.2
2016-02-20T03:00:11+0000 4.2
2016-02-20T03:15:27+0000 4.1
2016-02-20T03:30:43+0000 4.1
2016-02-20T03:45:59+0000 4.2
2016-02-20T04:01:15+0000 4.2
2016-02-20T04:16:31+0000 4.2
2016-02-20T04:31:47+0000 4.2
2016-02-20T04:47:03+0000 4.2
2016-02-20T05:02:19+0000 4.4
2016-02-20T05:17:35+0000 4.4
2016-02-20T05:32:51+0000 4.4
2016-02-20T05:48:07+0000 4.4
2016-02-20T06:03:23+0000 4.5
2016-02-20T06:18:39+0000 4.5
2016-02-20T06:33:55+0000 4.7
2016-02-20T06:49:11+0000 4.8
2016-02-20T07:04:27+0000 4.8
2016-02-20T07:19:43+0000 5.1
2016-02-20T07:34:59+0000 5.0
2016-02-20T07:50:15+0000 5.3
2016-02-20T08:05:31+0000 5.6
2016-02-20T08:20:47+0000 5.7
2016-02-20T08:36:02+0000 5.7
2016-02-20T08:51:18+0000 5.8
2016-02-20T09:06:34+0000 5.9
2016-02-20T09:21:51+0000 6.1
2016-02-20T09:37:07+0000 5.9
2016-02-20T09:52:22+0000 6.2
2016-02-20T10:07:38+0000 5.9
2016-02-20T10:22:54+0000 6.5
2016-02-20T10:38:10+0000 6.6
2016-02-20T10:53:26+0000 6.4
2016-02-20T11:08:42+0000 6.9
2016-02-20T11:23:58+0000 6.6
2016-02-20T11:39:14+0000 7.1
2016-02-20T11:54:30+0000 7.1
2016-02-20T12:09:45+0000 7.2
2016-02-20T12:25:01+0000 6.9
2016-02-20T12:40:17+0000 6.8
2016-02-20T12:55:33+0000 7.1
2016-02-20T13:10:49+0000 7.2
2016-02-20T13:26:05+0000 7.3
2016-02-20T13:41:21+0000 7.2
2016-02-20T13:56:37+0000 7.3
2016-02-20T14:11:53+0000 8.0
2016-02-20T14:27:09+0000 7.9
2016-02-20T14:42:24+0000 7.7
2016-02-20T14:57:40+0000 7.6
2016-02-20T15:12:56+0000 8.0
2016-02-20T15:28:12+0000 7.6
2016-02-20T15:43:28+0000 7.7
2016-02-20T15:58:44+0000 7.9
2016-02-20T16:14:00+0000 8.0
2016-02-20T16:29:16+0000 7.9
2016-02-20T16:44:32+0000 8.1
2016-02-20T16:59:48+0000 8.6
2016-02-20T17:15:04+0000 8.2
2016-02-20T17:30:19+0000 8.1
2016-02-20T17:45:35+0000 8.3
2016-02-20T18:00:51+0000 8.6
2016-02-20T18:16:07+0000 8.5
2016-02-20T18:31:23+0000 8.5
2016-02-20T18:46:39+0000 8.8
2016-02-20T19:01:55+0000 8.7
2016-02-20T19:17:11+0000 8.8
2016-02-20T19:32:27+0000 8.8
2016-02-20T19:47:43+0000 8.9
2016-02-20T20:02:58+0000 8.8
2016-02-20T20:18:14+0000 8.9
2016-02-20T20:33:30+0000 8.7
2016-02-20T20:48:46+0000 8.9
2016-02-20T21:04:02+0000 9.0
2016-02-20T21:19:18+0000 9.1
2016-02-20T21:34:34+0000 9.1
2016-02-20T21:49:50+0000 9.0
2016-02-20T22:05:06+0000 9.1
2016-02-20T22:20:21+0000 9.2
2016-02-20T22:35:37+0000 9.3
2016-02-20T22:50:53+0000 9.5
2016-02-20T23:06:09+0000 9.5
2016-02-20T23:21:25+0000 9.6
2016-02-20T23:36:41+0000 9.6
2016-02-20T23:51:57+0000 9.8
