2015-11-25T00:11:13+0000 18.0
2015-11-25T00:26:14+0000 18.0
2015-11-25T00:41:14+0000 18.0
2015-11-25T00:56:14+0000 18.0
2015-11-25T01:11:14+0000 18.0
2015-11-25T01:26:14+0000 18.0
2015-11-25T01:41:14+0000 18.0
2015-11-25T01:56:15+0000 17.5
2015-11-25T02:11:15+0000 17.5
2015-11-25T02:26:15+0000 17.5
2015-11-25T02:41:15+0000 18.0
2015-11-25T02:56:15+0000 18.0
2015-11-25T03:11:16+0000 18.0
2015-11-25T03:26:16+0000 18.0
2015-11-25T03:41:16+0000 18.0
2015-11-25T03:56:16+0000 17.5
2015-11-25T04:11:16+0000 18.0
2015-11-25T04:26:16+0000 18.0
2015-11-25T04:41:17+0000 18.0
2015-11-25T04:56:17+0000 18.0
2015-11-25T05:11:17+0000 18.0
2015-11-25T05:26:17+0000 18.0
2015-11-25T05:41:17+0000 17.5
2015-11-25T05:56:18+0000 18.0
2015-11-25T06:11:18+0000 18.0
2015-11-25T06:26:18+0000 18.0
2015-11-25T06:41:18+0000 18.0
2015-11-25T06:56:18+0000 18.0
2015-11-25T07:11:18+0000 18.0
2015-11-25T07:26:19+0000 18.0
2015-11-25T07:41:19+0000 17.5
2015-11-25T07:56:19+0000 18.0
2015-11-25T08:11:19+0000 18.0
2015-11-25T08:26:19+0000 18.0
2015-11-25T08:41:19+0000 18.0
2015-11-25T08:56:20+0000 17.5
2015-11-25T09:11:20+0000 18.0
2015-11-25T09:26:20+0000 18.0
2015-11-25T09:41:20+0000 18.0
2015-11-25T09:56:20+0000 18.0
2015-11-25T10:11:21+0000 18.0
2015-11-25T10:26:21+0000 17.5
2015-11-25T10:41:21+0000 18.0
2015-11-25T10:56:21+0000 18.0
2015-11-25T11:11:21+0000 18.0
2015-11-25T11:26:21+0000 17.5
2015-11-25T11:41:22+0000 17.5
2015-11-25T11:56:22+0000 18.0
2015-11-25T12:11:22+0000 17.5
2015-11-25T12:26:22+0000 18.0
2015-11-25T12:41:22+0000 18.0
2015-11-25T12:56:23+0000 17.5
2015-11-25T13:11:23+0000 18.0
2015-11-25T13:26:23+0000 18.0
2015-11-25T13:41:23+0000 18.0
2015-11-25T13:56:23+0000 17.5
2015-11-25T14:11:23+0000 18.0
2015-11-25T14:26:24+0000 18.0
2015-11-25T14:41:24+0000 18.0
2015-11-25T14:56:24+0000 17.5
2015-11-25T15:11:24+0000 18.0
2015-11-25T15:26:24+0000 18.0
2015-11-25T15:41:25+0000 18.0
2015-11-25T15:56:25+0000 18.0
2015-11-25T16:11:25+0000 18.0
2015-11-25T16:26:25+0000 18.0
2015-11-25T16:41:25+0000 17.5
2015-11-25T16:56:25+0000 18.0
2015-11-25T17:11:26+0000 18.0
2015-11-25T17:26:26+0000 18.0
2015-11-25T17:41:26+0000 18.0
2015-11-25T17:56:26+0000 17.5
2015-11-25T18:11:26+0000 18.0
2015-11-25T18:26:27+0000 18.5
2015-11-25T18:54:36+0000 0.0
2015-11-25T19:09:36+0000 0.0
2015-11-25T19:24:37+0000 0.0
2015-11-25T19:39:37+0000 0.0
2015-11-25T19:54:37+0000 0.0
2015-11-25T20:09:37+0000 0.0
2015-11-25T20:24:37+0000 0.0
2015-11-25T20:39:38+0000 0.0
2015-11-25T20:54:38+0000 0.0
2015-11-25T21:09:38+0000 0.0
2015-11-25T21:24:38+0000 0.0
2015-11-25T21:39:38+0000 0.0
2015-11-25T21:54:39+0000 0.0
2015-11-25T22:09:39+0000 0.0
2015-11-25T22:24:39+0000 0.0
2015-11-25T22:39:39+0000 0.0
2015-11-25T22:54:39+0000 0.0
2015-11-25T23:09:39+0000 0.0
2015-11-25T23:24:40+0000 0.0
2015-11-25T23:39:40+0000 0.0
2015-11-25T23:54:40+0000 0.0
