2016-07-03T00:10:29+0000 19.4
2016-07-03T00:25:44+0000 19.3
2016-07-03T00:40:59+0000 19.1
2016-07-03T00:56:14+0000 18.8
2016-07-03T01:11:29+0000 18.7
2016-07-03T01:26:44+0000 18.5
2016-07-03T01:41:59+0000 18.3
2016-07-03T01:57:13+0000 18.2
2016-07-03T02:12:28+0000 18.1
2016-07-03T02:27:43+0000 17.9
2016-07-03T02:42:58+0000 17.9
2016-07-03T02:58:13+0000 17.6
2016-07-03T03:13:28+0000 17.5
2016-07-03T03:28:43+0000 17.4
2016-07-03T03:43:58+0000 17.2
2016-07-03T03:59:13+0000 17.1
2016-07-03T04:14:28+0000 17.0
2016-07-03T04:29:43+0000 17.0
2016-07-03T04:44:58+0000 16.9
2016-07-03T05:00:13+0000 16.9
2016-07-03T05:15:28+0000 16.8
2016-07-03T05:30:43+0000 16.9
2016-07-03T05:45:58+0000 16.9
2016-07-03T06:01:13+0000 17.1
2016-07-03T06:16:28+0000 17.0
2016-07-03T06:31:43+0000 17.2
2016-07-03T06:46:58+0000 17.3
2016-07-03T07:02:13+0000 17.8
2016-07-03T07:17:28+0000 18.4
2016-07-03T07:32:43+0000 19.1
2016-07-03T07:47:58+0000 20.1
2016-07-03T08:03:13+0000 20.6
2016-07-03T08:18:28+0000 21.3
2016-07-03T08:33:42+0000 21.5
2016-07-03T08:48:57+0000 22.0
2016-07-03T09:04:12+0000 22.1
2016-07-03T09:19:27+0000 22.4
2016-07-03T09:34:42+0000 22.7
2016-07-03T09:49:57+0000 23.0
2016-07-03T10:05:11+0000 23.1
2016-07-03T10:20:26+0000 23.2
2016-07-03T10:35:41+0000 23.9
2016-07-03T10:50:56+0000 25.1
2016-07-03T11:06:10+0000 26.1
2016-07-03T11:21:25+0000 26.6
2016-07-03T11:36:39+0000 26.5
2016-07-03T11:51:54+0000 26.9
2016-07-03T12:07:08+0000 28.0
2016-07-03T12:22:23+0000 27.7
2016-07-03T12:37:37+0000 27.0
2016-07-03T12:52:52+0000 26.5
2016-07-03T13:08:06+0000 26.0
2016-07-03T13:23:21+0000 25.9
2016-07-03T13:38:35+0000 26.1
2016-07-03T13:53:50+0000 26.4
2016-07-03T14:09:04+0000 26.5
2016-07-03T14:24:19+0000 26.2
2016-07-03T14:39:33+0000 26.3
2016-07-03T14:54:48+0000 26.1
2016-07-03T15:10:02+0000 25.6
2016-07-03T15:25:17+0000 25.2
2016-07-03T15:40:31+0000 25.1
2016-07-03T15:55:46+0000 24.9
2016-07-03T16:11:01+0000 24.7
2016-07-03T16:26:15+0000 24.6
2016-07-03T16:41:30+0000 24.4
2016-07-03T16:56:44+0000 24.3
2016-07-03T17:11:59+0000 24.2
2016-07-03T17:27:14+0000 24.1
2016-07-03T17:42:28+0000 24.0
2016-07-03T17:57:43+0000 23.9
2016-07-03T18:12:58+0000 23.7
2016-07-03T18:28:12+0000 23.6
2016-07-03T18:43:27+0000 23.4
2016-07-03T18:58:41+0000 23.4
2016-07-03T19:13:56+0000 23.2
2016-07-03T19:29:11+0000 23.0
2016-07-03T19:44:26+0000 22.9
2016-07-03T19:59:40+0000 22.7
2016-07-03T20:14:55+0000 22.6
2016-07-03T20:30:10+0000 22.5
2016-07-03T20:45:25+0000 22.3
2016-07-03T21:00:39+0000 22.1
2016-07-03T21:15:54+0000 21.8
2016-07-03T21:31:09+0000 21.7
2016-07-03T21:46:24+0000 21.6
2016-07-03T22:01:38+0000 21.5
2016-07-03T22:16:53+0000 21.3
2016-07-03T22:32:08+0000 21.2
2016-07-03T22:47:23+0000 21.1
2016-07-03T23:02:37+0000 21.0
2016-07-03T23:17:52+0000 20.8
2016-07-03T23:33:07+0000 20.7
2016-07-03T23:48:22+0000 20.7
