2016-01-15T00:14:14+0000 6.5
2016-01-15T00:29:29+0000 6.5
2016-01-15T00:44:45+0000 6.4
2016-01-15T01:00:01+0000 6.3
2016-01-15T01:15:17+0000 6.2
2016-01-15T01:30:33+0000 6.2
2016-01-15T01:45:49+0000 6.2
2016-01-15T02:01:05+0000 6.0
2016-01-15T02:16:22+0000 6.0
2016-01-15T02:31:38+0000 6.0
2016-01-15T02:46:53+0000 5.7
2016-01-15T03:02:09+0000 5.7
2016-01-15T03:17:25+0000 5.6
2016-01-15T03:32:41+0000 5.4
2016-01-15T03:47:57+0000 5.3
2016-01-15T04:03:13+0000 5.5
2016-01-15T04:18:29+0000 5.0
2016-01-15T04:33:45+0000 5.1
2016-01-15T04:49:01+0000 5.2
2016-01-15T05:04:17+0000 5.0
2016-01-15T05:19:33+0000 5.1
2016-01-15T05:34:49+0000 5.1
2016-01-15T05:50:04+0000 5.0
2016-01-15T06:05:20+0000 5.2
2016-01-15T06:20:36+0000 5.0
2016-01-15T06:35:52+0000 4.8
2016-01-15T06:51:08+0000 5.0
2016-01-15T07:06:24+0000 5.0
2016-01-15T07:21:40+0000 4.9
2016-01-15T07:36:56+0000 4.7
2016-01-15T07:52:12+0000 4.6
2016-01-15T08:07:28+0000 4.8
2016-01-15T08:22:44+0000 4.5
2016-01-15T08:38:00+0000 4.6
2016-01-15T08:53:16+0000 4.4
2016-01-15T09:08:32+0000 4.5
2016-01-15T09:23:48+0000 4.8
2016-01-15T09:39:04+0000 4.5
2016-01-15T09:54:20+0000 4.6
2016-01-15T10:09:36+0000 4.5
2016-01-15T10:24:52+0000 4.7
2016-01-15T10:40:08+0000 4.5
2016-01-15T10:55:24+0000 4.7
2016-01-15T11:10:40+0000 4.5
2016-01-15T11:25:56+0000 4.5
2016-01-15T11:41:12+0000 4.3
2016-01-15T11:56:28+0000 4.3
2016-01-15T12:11:44+0000 4.4
2016-01-15T12:27:00+0000 4.3
2016-01-15T12:42:16+0000 4.4
2016-01-15T12:57:31+0000 4.5
2016-01-15T13:12:47+0000 4.3
2016-01-15T13:28:03+0000 4.3
2016-01-15T13:43:19+0000 4.3
2016-01-15T13:58:35+0000 4.3
2016-01-15T14:13:51+0000 4.1
2016-01-15T14:29:07+0000 3.9
2016-01-15T14:44:23+0000 4.2
2016-01-15T14:59:39+0000 4.2
2016-01-15T15:14:55+0000 4.1
2016-01-15T15:30:11+0000 4.0
2016-01-15T15:45:27+0000 4.2
2016-01-15T16:00:43+0000 3.9
2016-01-15T16:15:59+0000 4.1
2016-01-15T16:31:15+0000 4.1
2016-01-15T16:46:31+0000 4.0
2016-01-15T17:01:47+0000 4.0
2016-01-15T17:17:03+0000 4.0
2016-01-15T17:32:19+0000 4.3
2016-01-15T17:47:35+0000 4.2
2016-01-15T18:02:51+0000 4.3
2016-01-15T18:18:07+0000 4.3
2016-01-15T18:33:23+0000 4.4
2016-01-15T18:48:39+0000 4.5
2016-01-15T19:03:55+0000 4.5
2016-01-15T19:19:11+0000 4.4
2016-01-15T19:34:27+0000 4.4
2016-01-15T19:49:43+0000 4.5
2016-01-15T20:04:59+0000 4.5
2016-01-15T20:20:15+0000 4.6
2016-01-15T20:35:31+0000 4.5
2016-01-15T20:50:47+0000 4.4
2016-01-15T21:06:03+0000 4.5
2016-01-15T21:21:19+0000 4.4
2016-01-15T21:36:35+0000 4.5
2016-01-15T21:51:51+0000 4.6
2016-01-15T22:07:08+0000 4.8
2016-01-15T22:22:24+0000 5.1
2016-01-15T22:37:40+0000 4.8
2016-01-15T22:52:56+0000 4.8
2016-01-15T23:08:12+0000 5.0
2016-01-15T23:23:28+0000 5.1
2016-01-15T23:38:43+0000 4.9
2016-01-15T23:53:59+0000 5.1
