2015-12-19T00:02:49+0000 13.3
2015-12-19T00:18:05+0000 13.4
2015-12-19T00:33:20+0000 13.3
2015-12-19T00:48:36+0000 13.3
2015-12-19T01:03:51+0000 13.3
2015-12-19T01:19:07+0000 13.3
2015-12-19T01:34:22+0000 13.2
2015-12-19T01:49:38+0000 13.3
2015-12-19T02:04:53+0000 13.3
2015-12-19T02:20:09+0000 13.2
2015-12-19T02:35:24+0000 13.2
2015-12-19T02:50:40+0000 13.2
2015-12-19T03:05:55+0000 13.2
2015-12-19T03:21:10+0000 13.1
2015-12-19T03:36:26+0000 13.2
2015-12-19T03:51:41+0000 13.2
2015-12-19T04:06:57+0000 13.2
2015-12-19T04:22:12+0000 13.1
2015-12-19T04:37:28+0000 13.1
2015-12-19T04:52:43+0000 13.0
2015-12-19T05:07:59+0000 13.0
2015-12-19T05:23:14+0000 12.9
2015-12-19T05:38:30+0000 12.9
2015-12-19T05:53:45+0000 12.9
2015-12-19T06:09:01+0000 13.0
2015-12-19T06:24:16+0000 12.9
2015-12-19T06:39:32+0000 12.9
2015-12-19T06:54:47+0000 12.9
2015-12-19T07:10:03+0000 12.8
2015-12-19T07:25:18+0000 12.9
2015-12-19T07:40:34+0000 12.8
2015-12-19T07:55:49+0000 12.8
2015-12-19T08:11:05+0000 12.5
2015-12-19T08:26:20+0000 12.5
2015-12-19T08:41:36+0000 12.5
2015-12-19T08:56:51+0000 12.5
2015-12-19T09:12:07+0000 12.5
2015-12-19T09:27:23+0000 12.7
2015-12-19T09:42:38+0000 12.8
2015-12-19T09:57:54+0000 12.9
2015-12-19T10:13:09+0000 13.1
2015-12-19T10:28:25+0000 13.1
2015-12-19T10:43:40+0000 13.4
2015-12-19T10:58:56+0000 13.7
2015-12-19T11:14:11+0000 14.0
2015-12-19T11:29:27+0000 14.2
2015-12-19T11:44:42+0000 14.5
2015-12-19T11:59:58+0000 14.8
2015-12-19T12:15:13+0000 15.1
2015-12-19T12:30:29+0000 15.4
2015-12-19T12:45:44+0000 15.7
2015-12-19T13:01:00+0000 15.8
2015-12-19T13:16:15+0000 15.9
2015-12-19T13:31:30+0000 16.1
2015-12-19T13:46:46+0000 16.2
2015-12-19T14:02:01+0000 16.2
2015-12-19T14:17:16+0000 16.4
2015-12-19T14:32:32+0000 16.4
2015-12-19T14:47:47+0000 16.4
2015-12-19T15:03:03+0000 16.4
2015-12-19T15:18:18+0000 16.3
2015-12-19T15:33:33+0000 16.4
2015-12-19T15:48:49+0000 16.3
2015-12-19T16:04:04+0000 16.1
2015-12-19T16:19:19+0000 16.0
2015-12-19T16:34:35+0000 15.8
2015-12-19T16:49:50+0000 15.4
2015-12-19T17:05:06+0000 15.2
2015-12-19T17:20:21+0000 15.0
2015-12-19T17:35:36+0000 14.9
2015-12-19T17:50:52+0000 14.6
2015-12-19T18:06:07+0000 14.5
2015-12-19T18:21:23+0000 14.2
2015-12-19T18:36:38+0000 14.1
2015-12-19T18:51:53+0000 13.9
2015-12-19T19:07:09+0000 13.8
2015-12-19T19:22:24+0000 13.5
2015-12-19T19:37:40+0000 13.4
2015-12-19T19:52:55+0000 13.3
2015-12-19T20:08:11+0000 13.1
2015-12-19T20:23:26+0000 13.0
2015-12-19T20:38:42+0000 12.8
2015-12-19T20:53:57+0000 12.7
2015-12-19T21:09:13+0000 12.5
2015-12-19T21:24:28+0000 12.3
2015-12-19T21:39:44+0000 12.3
2015-12-19T21:54:59+0000 12.2
2015-12-19T22:10:15+0000 12.0
2015-12-19T22:25:30+0000 11.8
2015-12-19T22:40:46+0000 11.7
2015-12-19T22:56:02+0000 11.6
2015-12-19T23:11:17+0000 11.4
2015-12-19T23:26:33+0000 11.3
2015-12-19T23:41:48+0000 11.1
2015-12-19T23:57:04+0000 10.9
