2016-06-18T00:11:23+0000 16.8
2016-06-18T00:26:38+0000 16.6
2016-06-18T00:41:53+0000 16.6
2016-06-18T00:57:08+0000 16.4
2016-06-18T01:12:23+0000 16.2
2016-06-18T01:27:38+0000 16.1
2016-06-18T01:42:54+0000 15.9
2016-06-18T01:58:09+0000 15.8
2016-06-18T02:13:24+0000 15.7
2016-06-18T02:28:39+0000 15.7
2016-06-18T02:43:54+0000 15.5
2016-06-18T02:59:09+0000 15.4
2016-06-18T03:14:24+0000 15.3
2016-06-18T03:29:39+0000 15.2
2016-06-18T03:44:54+0000 15.0
2016-06-18T04:00:09+0000 15.0
2016-06-18T04:15:24+0000 14.9
2016-06-18T04:30:40+0000 14.8
2016-06-18T04:45:55+0000 14.6
2016-06-18T05:01:10+0000 14.6
2016-06-18T05:16:25+0000 14.5
2016-06-18T05:31:40+0000 14.4
2016-06-18T05:46:55+0000 14.5
2016-06-18T06:02:10+0000 14.5
2016-06-18T06:17:25+0000 14.7
2016-06-18T06:32:41+0000 15.1
2016-06-18T06:47:56+0000 15.4
2016-06-18T07:03:11+0000 16.1
2016-06-18T07:18:26+0000 16.8
2016-06-18T07:33:41+0000 17.6
2016-06-18T07:48:56+0000 18.3
2016-06-18T08:04:11+0000 19.1
2016-06-18T08:19:26+0000 19.7
2016-06-18T08:34:41+0000 20.5
2016-06-18T08:49:56+0000 21.2
2016-06-18T09:05:11+0000 21.4
2016-06-18T09:20:26+0000 21.5
2016-06-18T09:35:41+0000 21.9
2016-06-18T09:50:55+0000 22.2
2016-06-18T10:06:10+0000 22.4
2016-06-18T10:21:25+0000 22.4
2016-06-18T10:36:40+0000 22.6
2016-06-18T10:51:55+0000 22.8
2016-06-18T11:07:09+0000 23.3
2016-06-18T11:22:24+0000 24.3
2016-06-18T11:37:39+0000 24.0
2016-06-18T11:52:54+0000 24.7
2016-06-18T12:08:08+0000 24.1
2016-06-18T12:23:23+0000 23.8
2016-06-18T12:38:38+0000 24.0
2016-06-18T12:53:52+0000 24.4
2016-06-18T13:09:07+0000 24.2
2016-06-18T13:24:22+0000 24.0
2016-06-18T13:39:36+0000 23.9
2016-06-18T13:54:51+0000 24.8
2016-06-18T14:10:06+0000 25.9
2016-06-18T14:25:20+0000 26.5
2016-06-18T14:40:35+0000 26.6
2016-06-18T14:55:49+0000 26.2
2016-06-18T15:11:04+0000 26.2
2016-06-18T15:26:18+0000 26.2
2016-06-18T15:41:33+0000 26.7
2016-06-18T15:56:47+0000 26.7
2016-06-18T16:12:02+0000 26.0
2016-06-18T16:27:17+0000 25.9
2016-06-18T16:42:31+0000 25.9
2016-06-18T16:57:46+0000 25.6
2016-06-18T17:13:00+0000 25.2
2016-06-18T17:28:15+0000 25.1
2016-06-18T17:43:29+0000 25.4
2016-06-18T17:58:44+0000 25.6
2016-06-18T18:13:58+0000 25.5
2016-06-18T18:29:13+0000 25.3
2016-06-18T18:44:28+0000 25.0
2016-06-18T18:59:42+0000 24.5
2016-06-18T19:14:57+0000 24.2
2016-06-18T19:30:11+0000 23.8
2016-06-18T19:45:26+0000 23.5
2016-06-18T20:00:41+0000 23.0
2016-06-18T20:15:55+0000 22.6
2016-06-18T20:31:10+0000 22.3
2016-06-18T20:46:25+0000 22.1
2016-06-18T21:01:40+0000 21.9
2016-06-18T21:16:54+0000 21.6
2016-06-18T21:32:09+0000 21.2
2016-06-18T21:47:24+0000 21.1
2016-06-18T22:02:39+0000 20.9
2016-06-18T22:17:53+0000 20.6
2016-06-18T22:33:08+0000 20.5
2016-06-18T22:48:23+0000 20.3
2016-06-18T23:03:38+0000 20.0
2016-06-18T23:18:53+0000 20.1
2016-06-18T23:34:08+0000 19.9
2016-06-18T23:49:23+0000 19.7
